CAZy Family	PPR Subfamily	Gene ID	Frequency	Hits	Signature Peptides
CE0	15	EC987|EC987_015697-T1	5.0	6	VFGDSL,GDSLSD,LIVFGD,FGDSLS,DSLSDT,IVFGDS
CE0	15	EC987|EC987_008521-T1	4.7	6	DSLSDT,GDSLSD,GRFSNG,DTLHPT,TLHPTT,FGDSLS
CE4	1	EC987|EC987_018008-T1	8.36	13	NYEEGG,FVLNYE,IAVQFV,LNYEEG,YEEGGE,GRPGRF,QFVLNY,VQFVLN,EYGSRA,YGSRAG,AVQFVL,GWYTGR,VLNYEE
CE4	1	EC987|EC987_018884-T1	7.12	11	EYGSRA,FVLNYE,AVQFVL,YGSRAG,VQFVLN,NYEEGG,YEEGGE,IAVQFV,QFVLNY,VLNYEE,LNYEEG
CE9	48	EC987|EC987_006660-T1	5.03	11	GAEILG,VTHLFN,HLEGPF,GVHVHP,LGAHLE,GAHLEG,THLFNA,AHLEGP,DGVHVH,ILGAHL,HLFNAM
GH13	23	EC987|EC987_007767-T1	6.1	8	YALILL,GFRLDA,NHDTQP,FDYLMG,GNFDYL,NFDYLM,ALILLR,AYALIL
GH13	25	EC987|EC987_002883-T1	16.1	33	GEFDQK,EFDQKG,GNYDYL,NHDSQP,DVPLHY,DAIKHI,TFVDNH,YFDHPN,FVDNHD,DNHDSQ,TVRTKY,DLGEFD,QKGTVR,YALILL,GFRLDA,AYALIL,NYDYLM,RLDAIK,VDNHDS,LDAIKH,FRLDAI,ALILLR,PCVFYG,TKYGTK,LGEFDQ,AVWIPP,RTKYGT,CVFYGD,GTVRTK,GYGVYD,VRTKYG,FDVPLH,KGTVRT
GH13	25	EC987|EC987_012047-T1	16.1	33	AYALIL,TFVDNH,ALILLR,TVRTKY,GEFDQK,DLGEFD,GYGVYD,QKGTVR,DVPLHY,GTVRTK,RLDAIK,TKYGTK,YFDHPN,GNYDYL,LDAIKH,EFDQKG,NYDYLM,FRLDAI,AVWIPP,NHDSQP,GFRLDA,RTKYGT,LGEFDQ,FVDNHD,VDNHDS,CVFYGD,VRTKYG,DAIKHI,DNHDSQ,YALILL,PCVFYG,KGTVRT,FDVPLH
GH13	94	EC987|EC987_014566-T1	23.8	37	EFGHPE,GFDYRL,MAIMEH,GVTSML,DQALVG,GNEFGH,FDGVTS,GIGFDY,FPREGN,TLTNRR,YASFGY,ALVGDK,GFRFDG,DGFRFD,LVGDKT,HDQALV,GGIGFD,DVSGMP,VTSMLY,NEFGHP,IGFDYR,ESHDQA,SHDQAL,RFDGVT,EWAPNA,FRFDGV,VVHSHA,YYASFG,SRLFNY,QALVGD,AEDVSG,DGVTSM,EDVSGM,DVVHSH,DFPREG,FGHPEW,FLLSNL
GH13	94	EC987|EC987_016444-T1	22.2	33	FDGVTS,GFRFDG,YASFGY,GVTSML,EWAPNA,DVVHSH,YYASFG,HDQALV,ALVGDK,LVGDKT,RFDGVT,NEFGHP,DVSGMP,VVHSHA,FPREGN,EDVSGM,QALVGD,FLLSNL,DFPREG,DGVTSM,DGFRFD,TLTNRR,SRLFNY,FRFDGV,AEDVSG,ESHDQA,FGHPEW,DQALVG,VTSMLY,EFGHPE,SHDQAL,GFDYRL,GNEFGH
GH132	2	EC987|EC987_002716-T1	12.7	15	GLPCSI,LPCSID,CSIDPS,QTVLPG,FCQTVL,LPGNEA,GNEAML,CQTVLP,VLPGNE,TVLPGN,PCSIDP,PGNEAM,EAMLIP,NEAMLI,AMLIPT
GH133	2	EC987|EC987_004232-T1	29.0	35	AAGLPH,VAPELF,MDKMGE,LIPNLL,GFRIDN,DKMGES,REAMQA,GLPHFS,DNCHST,NYHQGP,NCGTWM,CGTWMD,HQGPEW,DYQLRP,LIREAM,SLIREA,AGLPHF,IDNCHS,HGLIPN,RCWGRD,CTHDNE,DCTHDN,YHQGPE,SNSPYS,WMDKMG,TWMDKM,GLIPNL,LANNGW,QLRPNF,DCVKLR,RIDNCH,IREAMQ,NCHSTP,GTWMDK,YQLRPN
GH133	2	EC987|EC987_011451-T1	29.0	35	HGLIPN,DYQLRP,GTWMDK,NCHSTP,SLIREA,REAMQA,LANNGW,NCGTWM,RIDNCH,CTHDNE,GLIPNL,GFRIDN,NYHQGP,LIPNLL,DCVKLR,MDKMGE,WMDKMG,RCWGRD,GLPHFS,DNCHST,IREAMQ,AAGLPH,TWMDKM,DCTHDN,IDNCHS,DKMGES,CGTWMD,SNSPYS,AGLPHF,VAPELF,QLRPNF,HQGPEW,YQLRPN,LIREAM,YHQGPE
GH15	27	EC987|EC987_015305-T1	13.4	22	TFWLVE,FSMCTF,CTFWLV,EGAFSM,NWDYRF,AAPTFS,AFSMCT,DIYGEL,IGNMRT,PEKGGL,EKGGLT,GAFSMC,RNWDYR,FWLVEA,AFNLDR,AAFNLD,SMCTFW,SAAFNL,FNLDRV,ISAAFN,DMSIWE,MCTFWL
GH15	27	EC987|EC987_015653-T1	13.4	22	TFWLVE,FSMCTF,CTFWLV,EGAFSM,NWDYRF,AAPTFS,AFSMCT,DIYGEL,IGNMRT,PEKGGL,EKGGLT,GAFSMC,RNWDYR,FWLVEA,AFNLDR,AAFNLD,SMCTFW,SAAFNL,FNLDRV,ISAAFN,DMSIWE,MCTFWL
GH18	32	EC987|EC987_012024-T1	6.22	7	VLFSHP,RSVFII,DFTPVC,TVRSVF,PVCTTE,TPVCTT,SVFIID
GH18	32	EC987|EC987_012033-T1	6.22	7	VLFSHP,RSVFII,DFTPVC,TVRSVF,PVCTTE,TPVCTT,SVFIID
GH18	44	EC987|EC987_007692-T1	4.23	9	QFYNNP,VQFYNN,YWGQNS,AAPQCP,CPYPDA,QCPYPD,PYPDAS,APQCPY,PQCPYP
GH18	44	EC987|EC987_011369-T1	4.22	9	APQCPY,AAPQCP,QCPYPD,VQFYNN,YWGQNS,QFYNNP,PYPDAS,CPYPDA,PQCPYP
GH18	44	EC987|EC987_007909-T1	3.0	8	LLSLGG,YWGQNS,FIQFYN,IQFYNN,VLDGID,AAGSGY,LSLGGA,AVLDGI
GH18	44	EC987|EC987_013752-T1	3.0	8	LLSLGG,LSLGGA,AVLDGI,AAGSGY,VLDGID,FIQFYN,YWGQNS,IQFYNN
GH18	49	EC987|EC987_008042-T1	4.18	6	DLDWEY,IDLDWE,DGIDLD,GLDGID,GIDLDW,LDGIDL
GH18	49	EC987|EC987_012943-T1	4.18	6	GLDGID,LDGIDL,IDLDWE,DGIDLD,GIDLDW,DLDWEY
GH18	51	EC987|EC987_004663-T1	7.2	9	DIDWEY,HINYAF,IDIDWE,IDWEYP,DGIDID,DWEYPG,THINYA,GIDIDW,INYAFG
GH18	51	EC987|EC987_015832-T1	7.2	9	DGIDID,GIDIDW,INYAFG,IDIDWE,IDWEYP,THINYA,DWEYPG,DIDWEY,HINYAF
GH18	51	EC987|EC987_014853-T1	6.2	8	DLDGID,LDGIDI,DFVNIM,IDIDWE,GIDIDW,DGIDID,IDWEYP,DIDWEY
GH18	51	EC987|EC987_012346-T1	5.75	7	DLDGID,GIDIDW,IDWEYP,LDGIDI,DGIDID,IDIDWE,DIDWEY
GH18	51	EC987|EC987_012348-T1	5.75	7	DLDGID,GIDIDW,IDWEYP,LDGIDI,DGIDID,IDIDWE,DIDWEY
GH18	51	EC987|EC987_015238-T1	5.75	7	DLDGID,IDIDWE,DIDWEY,DGIDID,GIDIDW,IDWEYP,LDGIDI
GH18	51	EC987|EC987_016101-T1	5.74	7	DGIDID,GIDIDW,IDIDWE,IDWEYP,LTHINY,DIDWEY,LDGIDI
GH18	72	EC987|EC987_004662-T1	7.9	8	DIDWEY,IDIDWE,GFDGID,WGFDGI,IDWEYP,FDGIDI,DGIDID,GIDIDW
GH18	97	EC987|EC987_016577-T1	7.72	8	FDGIDL,GIDLDW,DGIDLD,LDWEFP,GFDGID,DLDWEF,SIGGWS,IDLDWE
GH18	102	EC987|EC987_008242-T1	10.5	21	IAAPAS,EYPGAP,DIDWEY,SYWYLK,GAPDIP,YPGAPD,IDWEYP,ASYWYL,WEYPGA,LHGQWD,APASYW,DWEYPG,PASYWY,YDLHGQ,MTYDLH,PGAPDI,TYDLHG,AAPASY,SIAAPA,PDIPGI,DLHGQW
GH18	102	EC987|EC987_001067-T1	4.85	9	SYGRSF,AAPASY,HGQWDY,SIAAPA,LHGQWD,DLHGQW,DYIVYM,YDLHGQ,IAAPAS
GH18	102	EC987|EC987_001050-T1	2.97	7	AAPASY,SYWYLK,APASYW,ASYWYL,PASYWY,SIAAPA,IAAPAS
GH18	102	EC987|EC987_008839-T1	2.7	7	DWEYPG,LDGVDF,DFDWEY,FDWEYP,GVDFDW,DGVDFD,VDFDWE
GH18	102	EC987|EC987_008948-T1	2.7	7	DWEYPG,LDGVDF,DFDWEY,FDWEYP,GVDFDW,DGVDFD,VDFDWE
GH18	102	EC987|EC987_008949-T1	2.7	7	DWEYPG,LDGVDF,DFDWEY,FDWEYP,GVDFDW,DGVDFD,VDFDWE
GH18	127	EC987|EC987_008195-T1	5.6	7	DIDWEY,LDIDWE,DWEYPG,GLDIDW,LDGLDI,DGLDID,IDWEYP
GH20	14	EC987|EC987_004248-T1	5.96	14	LYTEDT,IQTLGH,YTEDTY,MIWSDM,QTLGHL,FGYMRG,MLYTED,VYWDYY,YWDYYH,LVYWDY,PMIWSD,PCIQTL,CIQTLG,VPCIQT
GH20	18	EC987|EC987_009672-T1	4.23	9	NVFHWH,WGALRG,ALRGLE,LLDTSR,DTSRHY,VWGALR,LDTSRH,GALRGL,LRGLET
GH20	18	EC987|EC987_014052-T1	3.83	8	NVFHWH,VWGALR,GALRGL,ALRGLE,DTSRHY,WGALRG,LDTSRH,LRGLET
GH25	6	EC987|EC987_001860-T1	4.76	9	TLPGAL,LPGALD,GAYHFA,IRGAYH,PLWIAR,NPLWIA,QANYFV,DGRTLP,RGAYHF
GH25	6	EC987|EC987_003508-T1	4.1	7	PLWIAR,IRGAYH,GAYHFA,TLPGAL,NPLWIA,LPGALD,RGAYHF
GH25	15	EC987|EC987_003511-T1	7.43	9	IRGAYH,YHFARP,FASNGG,IKATEG,GAYHFA,QGSINW,AYHFAR,KATEGT,RGAYHF
GH25	15	EC987|EC987_003510-T1	6.94	8	IRGAYH,YHFARP,FASNGG,IKATEG,GAYHFA,AYHFAR,KATEGT,RGAYHF
GH25	15	EC987|EC987_001861-T1	6.02	8	VIYTTT,IKATEG,CYGLST,KATEGT,IYTTTS,GAYHFA,IRGAYH,RGAYHF
GH3	2	EC987|EC987_001281-T1	6.73	8	NPSGKL,PSGKLP,GLSYTT,LSYTTF,FGYGLS,GYGLSY,EKIGQL,YGLSYT
GH3	9	EC987|EC987_001280-T1	5.08	8	NPSGKL,VNPSGK,PSGKLP,KVNPSG,HGLSYT,GHGLSY,FGHGLS,GKVNPS
GH3	9	EC987|EC987_016264-T1	5.08	8	PSGKLP,HGLSYT,VNPSGK,GHGLSY,KVNPSG,NPSGKL,GKVNPS,FGHGLS
GH3	9	EC987|EC987_012247-T1	5.07	8	KVNPSG,NPSGKL,FGHGLS,GHGLSY,VNPSGK,GKVNPS,HGLSYT,PSGKLP
GH31	7	EC987|EC987_013549-T1	16.3	28	VFNGPE,MNEPSV,FRAHAH,HAHIDT,SVFNGP,YHQCRW,TKRREP,AHIDTK,QCRWNY,EPSVFN,AHAHID,RWYQAG,DVGGFF,IDTKRR,NDMNEP,KKYFTW,PFFRAH,GADVGG,WNDMNE,RAHAHI,HQCRWN,ADVGGF,DTKRRE,HIDTKR,PSVFNG,NEPSVF,FFRAHA,DMNEPS
GH31	54	EC987|EC987_008934-T1	17.1	27	DGYGCG,GDIDGI,NSDARG,MLVNDG,VNDGYG,DVAWVG,RKLDVA,DIDGIF,DGIFGG,KLDVAW,GVRVRK,PIYGLE,INRKYL,NDGYGC,DKQPWR,GIFGGS,VRKLDV,GWMLVN,GYGCGY,PPIYGL,LVNDGY,FLVAPV,LDVAWV,WMLVND,RVRKLD,VRVRKL,IDGIFG
GH31	54	EC987|EC987_013611-T1	15.2	24	NDGYGC,DVAWVG,DKQPWR,KLDVAW,RNTFAP,LVNDGY,WMLVND,DGYGCG,INRKYL,MLVNDG,MTMSGW,RKLDVA,VRVRKL,NSDARG,GYGCGY,NTFAPG,GVRVRK,VNDGYG,DGIFGG,GWMLVN,LDVAWV,GIFGGS,RVRKLD,VRKLDV
GH31	54	EC987|EC987_008935-T1	9.13	14	NDGYGC,GYGCGY,DGYGCG,INRKYL,MLVNDG,LVNDGY,FLVAPV,WMLVND,VRKLDV,RVRKLD,VRVRKL,VNDGYG,GVRVRK,GWMLVN
GH31	54	EC987|EC987_004169-T1	8.12	13	WMLVND,LVNDGY,VNDGYG,DKQPWR,GVRVRK,MLVNDG,RVRKLD,FLVAPV,INRKYL,VRVRKL,NDGYGC,GWMLVN,MTMSGW
GH31	54	EC987|EC987_013612-T1	4.84	8	NTFAPG,GVRVRK,DKQPWR,INRKYL,FLVAPV,RNTFAP,VRVRKL,RVRKLD
GH35	18	EC987|EC987_014682-T1	3.94	6	GEFHYW,GGFPLW,EFHYWR,GGTNWG,YGGTNW,SGEFHY
GH37	2	EC987|EC987_007252-T1	26.8	31	MLSNLL,ESGHDT,GWAPHQ,SQPPFL,YGWDSY,GHDTTY,LNANRS,RQWDYP,RESGHD,GTYMLS,NANRSY,VRESGH,RSQPPF,LSNLLQ,PGGRFN,KILNAN,ILNANR,QPPFLT,TYMLSN,GGRFNE,NRSYYL,RGTYML,NLLQEL,LAYRWL,ANRSYY,VPGGRF,YMLSNL,SGHDTT,RLAYRW,SNLLQE,HDTTYR
GH37	2	EC987|EC987_007680-T1	26.8	31	NLLQEL,VPGGRF,MLSNLL,RGTYML,NRSYYL,GTYMLS,LAYRWL,HDTTYR,SGHDTT,TYMLSN,SNLLQE,VRESGH,KILNAN,LNANRS,SQPPFL,RLAYRW,QPPFLT,GWAPHQ,ANRSYY,YGWDSY,NANRSY,RQWDYP,ESGHDT,GGRFNE,GHDTTY,RESGHD,YMLSNL,LSNLLQ,PGGRFN,ILNANR,RSQPPF
GH37	4	EC987|EC987_014250-T1	3.86	9	IPVDLN,PRPESY,GFGWTN,QTGFGW,PVDLNA,GGEYEV,GWTNGV,FGWTNG,GGGGEY
GH38	5	EC987|EC987_003021-T1	10.6	25	IDTAWL,DTAWLW,CHIDTA,GFGDGG,PDTFGY,FWLPDT,HDVLPG,QFHDVL,LSWNNI,HIDTAW,TQKLSW,TAWLWP,SWNNIN,WLPDTF,HRGTYT,FHDVLP,GDGGGG,QKLSWN,RLSLLR,AKFEVC,DGGGGP,FLKVEF,KLSWNN,FGDGGG,LPDTFG
GH38	5	EC987|EC987_016957-T1	10.6	25	HIDTAW,KLSWNN,LPDTFG,TAWLWP,QKLSWN,AKFEVC,IDTAWL,TQKLSW,LSWNNI,HDVLPG,WLPDTF,FLKVEF,HRGTYT,QFHDVL,FWLPDT,SWNNIN,GFGDGG,PDTFGY,CHIDTA,FGDGGG,DGGGGP,FHDVLP,GDGGGG,RLSLLR,DTAWLW
GH38	5	EC987|EC987_018936-T1	3.3	6	HRGTYT,HDVLPG,FHDVLP,DGGGGP,QFHDVL,GDGGGG
GH47	2	EC987|EC987_002590-T1	7.47	17	YEYLIK,TIRYLG,VFNTEA,LAETLK,AETLKY,TEAHPF,FTRLSQ,TLVDSL,NTEAHP,TTIRYL,ETTIRY,RYLGGL,ATLVDS,EFTRLS,FETTIR,FNTEAH,IRYLGG
GH47	2	EC987|EC987_003840-T1	6.62	15	LNTEAH,IRYLGG,FETTIR,LEFTRL,RYLGGL,FTRLSQ,TLVDSL,NTEAHP,EFTRLS,TIRYLG,AETLKY,VLNTEA,ETTIRY,TTIRYL,YEYLIK
GH47	2	EC987|EC987_010627-T1	5.13	13	VFNTEA,YEYLIK,IRYLGG,FETNIR,NTEAHP,TEAHPL,FTRLSQ,AETLKY,EFTRLS,RYLGGL,LAETLK,FNTEAH,LEFTRL
GH47	5	EC987|EC987_003839-T1	7.0	7	FGAMGD,MGDSFY,DSFYEY,SFYEYL,GDSFYE,AMGDSF,GAMGDS
GH47	6	EC987|EC987_014632-T1	4.93	11	NLLRPE,SYYEYL,HNLLRP,YYEYLL,GLVPIF,LLRPET,EYLLKQ,DSYYEY,YEYLLK,DKAIDL,IRVLGG
GH47	13	EC987|EC987_015164-T1	5.6	9	TLVDSL,RLLPAF,LGGLLS,GIPFAR,TGIPFA,LVDSLD,VDSLDT,LTLVDS,PTGIPF
GH47	13	EC987|EC987_018398-T1	3.8	6	YPLRPE,PTGIPF,GIPFAR,RLLPAF,TGIPFA,TLSRLT
GH5	5	EC987|EC987_005129-T1	10.3	15	IPIGYW,LGGWLV,QNGFDN,GVNLGG,GFDNSG,PGSQNG,GWLVLE,GSQNGF,PIGYWA,VNLGGW,SQNGFD,GGWLVL,NGFDNS,RIPIGY,IGYWAF
GH5	5	EC987|EC987_006129-T1	10.3	15	NGFDNS,QNGFDN,IPIGYW,IGYWAF,GVNLGG,GGWLVL,VNLGGW,PIGYWA,RIPIGY,GWLVLE,LGGWLV,GFDNSG,PGSQNG,SQNGFD,GSQNGF
GH5	5	EC987|EC987_016329-T1	7.98	12	SQNGFD,QNGFDN,NGFDNS,GWLVLE,ITPSLF,LGGWLV,PGSQNG,GSQNGF,GVNLGG,GFDNSG,VNLGGW,GGWLVL
GH5	5	EC987|EC987_008694-T1	7.97	12	VNLGGW,LGGWLV,GVNLGG,GSQNGF,QNGFDN,SQNGFD,ITPSLF,NGFDNS,GWLVLE,GFDNSG,PGSQNG,GGWLVL
GH5	20	EC987|EC987_006001-T1	10.3	22	FITPSL,KYGLRV,RKYGLR,APGSQN,GWNHSG,NLGGWL,GVNLGG,WARKYG,PGSQNG,NGWNHS,QNGWNH,SQNGWN,VNLGGW,WNHSGR,PFITPS,RGVNLG,GSQNGW,GAPGSQ,ARKYGL,HGAPGS,EPFITP,ITPSLF
GH5	20	EC987|EC987_016496-T1	10.3	22	RKYGLR,RGVNLG,PFITPS,GVNLGG,APGSQN,NLGGWL,WARKYG,WNHSGR,PGSQNG,VNLGGW,GSQNGW,ARKYGL,SQNGWN,KYGLRV,GWNHSG,QNGWNH,ITPSLF,GAPGSQ,NGWNHS,EPFITP,FITPSL,HGAPGS
GH5	20	EC987|EC987_001560-T1	6.68	13	GVNLGG,GSQNGW,NLGGWL,KYGLRV,VNLGGW,APGSQN,GWNHSG,PGSQNG,QNGWNH,RGVNLG,NGWNHS,SQNGWN,RKYGLR
GH5	20	EC987|EC987_001979-T1	6.68	13	VNLGGW,APGSQN,SQNGWN,GVNLGG,NGWNHS,NLGGWL,RGVNLG,GSQNGW,GWNHSG,RKYGLR,QNGWNH,PGSQNG,KYGLRV
GH5	20	EC987|EC987_001561-T1	5.82	11	GVNLGG,GSQNGW,NLGGWL,VNLGGW,APGSQN,GWNHSG,PGSQNG,QNGWNH,RGVNLG,NGWNHS,SQNGWN
GH5	20	EC987|EC987_001980-T1	5.82	11	VNLGGW,APGSQN,SQNGWN,GVNLGG,NGWNHS,NLGGWL,RGVNLG,GSQNGW,GWNHSG,QNGWNH,PGSQNG
GH5	27	EC987|EC987_007975-T1	9.68	12	DPHQDV,TMFSLF,DVWSRF,EDLSIY,HQDVWS,PHQDVW,GETGIP,SRFTGG,QDVWSR,WSRFTG,IDPHQD,VWSRFT
GH5	27	EC987|EC987_013033-T1	9.68	12	GETGIP,HQDVWS,DPHQDV,VWSRFT,QDVWSR,WSRFTG,DVWSRF,SRFTGG,IDPHQD,PHQDVW,EDLSIY,TMFSLF
GH5	84	EC987|EC987_006607-T1	3.43	7	GAPAWT,EHAGPG,TLFFAG,TMFTLF,GPGIYD,MFTLFF,FTLFFA
GH5	84	EC987|EC987_004740-T1	3.42	7	GPGIYD,EHAGPG,TMFTLF,GAPAWT,TLFFAG,FTLFFA,MFTLFF
GH63	2	EC987|EC987_015766-T1	16.7	23	ILGDEA,GFLWDE,PREQIL,ANPPTL,FPRGFL,LWDEGF,GLRSLS,REQILG,FLWDEG,FFPRGF,WIPREQ,TAVPSR,GWIPRE,LRSLSK,RGFLWD,WDEGFH,DEGFHQ,EGFHQL,PRGFLW,QILGDE,LGDEAR,IPREQI,EQILGD
GH63	2	EC987|EC987_017100-T1	4.85	6	RGFLWD,TAVPSR,GFLWDE,PRGFLW,FPRGFL,FFPRGF
GH72	1	EC987|EC987_018709-T1	3.67	9	IPVFFS,VFSGGL,SGGLVY,FSEYGC,FSGGLV,GGLVYE,SEYGCN,FFSEYG,PVFFSE
GH72	1	EC987|EC987_008500-T1	3.38	8	FFSEYG,FSEYGC,VFSGGL,SEYGCN,IPVFFS,PVFFSE,YQPGGS,NNYGLV
GH72	1	EC987|EC987_013839-T1	3.23	7	PVFFSE,YQPGGS,FFSEYG,VFSGGL,FSEYGC,SEYGCN,FAGNEV
GH72	1	EC987|EC987_009465-T1	3.08	7	YQPGGS,SEYGCN,PVFFSE,FSEYGC,VFSGGL,FFSEYG,NNYGLV
GH72	2	EC987|EC987_013312-T1	4.52	8	KGVAYQ,AGIYVI,NIYSWC,YNIYSW,NTIRVY,GYNIYS,FAGNEV,DAGIYV
GH72	2	EC987|EC987_004404-T1	3.4	6	NIYSWC,AGIYVI,DAGIYV,NTIRVY,YNIYSW,GYNIYS
GH72	2	EC987|EC987_013311-T1	3.4	6	AGIYVI,NIYSWC,YNIYSW,NTIRVY,GYNIYS,DAGIYV
GH72	2	EC987|EC987_008965-T1	3.23	6	NTIRVY,AGIYVI,NIYSWC,DAGIYV,KGVAYQ,FAGNEV
GH81	4	EC987|EC987_016183-T1	6.18	7	FHYGYF,NDHHFH,SEAVNA,HFHYGY,HHFHYG,HSWASG,DHHFHY
GH81	4	EC987|EC987_018989-T1	6.18	7	HHFHYG,HFHYGY,FHYGYF,HSWASG,SEAVNA,DHHFHY,NDHHFH
AA3	6	EC987|EC987_006017-T1	3.46	8	RVRGVK,GSGPGG,VGSGPG,IVVGSG,FRVRGV,YIVVGS,TLLIEA,LLIEAG
AA3	8	EC987|EC987_002272-T1	2.81	7	QLLMLS,TPQLLM,PQLLML,MLSGIG,LMLSGI,NTPQLL,LLMLSG
AA3	8	EC987|EC987_002275-T1	2.81	7	QLLMLS,PQLLML,MLSGIG,IVVGAG,LMLSGI,LLMLSG,SPQLLM
AA6	2	EC987|EC987_012856-T1	4.62	8	GSPYGA,DGSRQP,GGQETT,FGFPTR,GGSPYG,FPTRFG,GFPTRF,LFGFPT
AA6	2	EC987|EC987_016518-T1	4.61	8	FPTRFG,GSPYGA,GFPTRF,GGSPYG,FGFPTR,DGSRQP,GGQETT,LFGFPT
AA6	2	EC987|EC987_010227-T1	4.24	7	LFGFPT,FGFPTR,FPTRFG,GSPYGA,GGSPYG,GGQETT,GFPTRF
AA6	3	EC987|EC987_012857-T1	6.62	13	GGLWAS,DGSRQP,WASGAL,SQHGGQ,TASQHG,GGQETT,HGGQET,FGFPTR,QHGGQE,ASQHGG,STASQH,GLWASG,LWASGA
AA6	3	EC987|EC987_010226-T1	4.62	9	HGGQET,STASQH,FGFPTR,DGSRQP,SQHGGQ,TASQHG,ASQHGG,GGQETT,QHGGQE
AA7	2	EC987|EC987_010099-T1	3.73	9	CPGVGI,KSGGHS,DLFWAL,SGGHSY,WALRGA,LRGAGS,ALRGAG,FWALRG,LFWALR
AA9	10	EC987|EC987_010009-T1	3.39	7	PVTTTT,TTTTTR,TTTTTT,TTTTTV,RTTTTT,PTTTTT,TTTTTQ
AA9	10	EC987|EC987_009714-T1	3.07	7	TTTTTR,PTTTTT,TTTTTQ,TTTTRA,TTTTTT,TTTRAP,PVTTTT
AA9	10	EC987|EC987_012965-T1	3.07	6	RTTTTT,TTTTTQ,TTTTTT,TTTTTR,PTTTTT,TTTTTV
AA9	10	EC987|EC987_001162-T1	2.69	6	PVTTTT,TTTRAP,QTTTTT,TTTTRA,TTTTTT,TTTTTR
PL0	8	EC987|EC987_016736-T1	4.93	8	AGPPGP,GERGPA,QGPPGP,EAGPPG,ERGPAG,PQGPPG,GPQGPP,GEAGPP
GT1	94	EC987|EC987_010803-T1	12.3	13	YIGFGS,GGAGTT,SAVVHH,HHGGAG,VVHHGG,PVYIGF,VHHGGA,GAGTTA,HGGAGT,VYIGFG,AVVHHG,LRAGVP,PPVYIG
GT15	1	EC987|EC987_001433-T1	13.9	28	SGFFFR,ERWGDA,YPYVFL,DAPVHS,PYVFLN,NKKYGF,FYERWG,CHFWSN,RWGDAP,SNFEIG,HFWSNF,YERWGD,LEDRFN,APVHSI,GFFYER,GDAPVH,WGDAPV,YRHMCR,FWSNFE,YWRVEP,KKYGFT,TIPTLW,WSNFEI,SYRHMC,RHMCRF,WRVEPD,GGFFYE,FFYERW
GT15	1	EC987|EC987_001432-T1	13.6	27	SGFFFR,ERWGDA,YPYVFL,DAPVHS,PYVFLN,YVFLND,FYERWG,CHFWSN,RWGDAP,SNFEIG,HFWSNF,YERWGD,LEDRFN,APVHSI,GFFYER,GDAPVH,WGDAPV,YRHMCR,FWSNFE,YWRVEP,TIPTLW,WSNFEI,SYRHMC,RHMCRF,WRVEPD,GGFFYE,FFYERW
GT15	1	EC987|EC987_004411-T1	13.6	27	NKKYGF,WGDAPV,RWGDAP,FFYERW,SNFEIG,FWSNFE,APVHSI,FYERWG,GGFFYE,WRVEPD,KKYGFT,GFFYER,YRHMCR,PYVFLN,SGFFFR,LEDRFN,DAPVHS,SYRHMC,YPYVFL,CHFWSN,HFWSNF,YWRVEP,WSNFEI,ERWGDA,TIPTLW,YERWGD,GDAPVH
GT15	1	EC987|EC987_004414-T1	13.6	27	WGDAPV,RWGDAP,FFYERW,SNFEIG,FWSNFE,APVHSI,FYERWG,GGFFYE,WRVEPD,RHMCRF,GFFYER,YRHMCR,PYVFLN,SGFFFR,LEDRFN,DAPVHS,YVFLND,SYRHMC,YPYVFL,CHFWSN,HFWSNF,YWRVEP,WSNFEI,ERWGDA,TIPTLW,YERWGD,GDAPVH
GT15	1	EC987|EC987_017464-T1	13.3	25	GDAPVH,APVHSI,YPYVFL,RHMCRF,WGDAPV,YERWGD,LEDRFN,SGFFFR,FYERWG,PYVFLN,DAPVHS,GGFFYE,WSNFEI,HFWSNF,CHFWSN,SNFEIA,FFYERW,YWRVEP,RWGDAP,FWSNFE,GFFYER,YVFLND,ERWGDA,YRHMCR,TIPTLW
GT15	1	EC987|EC987_017503-T1	13.3	25	GDAPVH,APVHSI,YPYVFL,RHMCRF,WGDAPV,YERWGD,LEDRFN,SGFFFR,FYERWG,PYVFLN,DAPVHS,GGFFYE,WSNFEI,HFWSNF,CHFWSN,SNFEIA,FFYERW,YWRVEP,RWGDAP,FWSNFE,GFFYER,YVFLND,ERWGDA,YRHMCR,TIPTLW
GT15	1	EC987|EC987_004412-T1	12.9	25	WGDAPV,RWGDAP,FFYERW,SNFEIG,FWSNFE,APVHSI,FYERWG,GGFFYE,WRVEPD,RHMCRF,GFFYER,YRHMCR,PYVFLN,SGFFFR,LEDRFN,DAPVHS,SYRHMC,YPYVFL,CHFWSN,HFWSNF,YWRVEP,WSNFEI,ERWGDA,YERWGD,GDAPVH
GT15	1	EC987|EC987_001430-T1	12.2	24	SGFFFR,ERWGDA,YPYVFL,PYVFLN,YVFLND,FYERWG,CHFWSN,RWGDAP,HFWSNF,YERWGD,GFFYER,GDAPVH,WGDAPV,SNFEIA,YRHMCR,FWSNFE,YWRVEP,TIPTLW,WSNFEI,SYRHMC,RHMCRF,WRVEPD,GGFFYE,FFYERW
GT15	1	EC987|EC987_004415-T1	12.0	23	NKKYGF,WGDAPV,RWGDAP,FFYERW,SNFEIG,FWSNFE,FYERWG,GGFFYE,RHMCRF,WRVEPD,KKYGFT,GFFYER,YRHMCR,SGFFFR,LEDRFN,DAPVHS,CHFWSN,HFWSNF,YWRVEP,WSNFEI,ERWGDA,YERWGD,GDAPVH
GT15	1	EC987|EC987_010208-T1	11.8	18	DAPVHS,YNLCHF,ERWGDA,FWSNFE,APVHSI,FYERWG,GDAPVH,LCHFWS,RWGDAP,GGFFYE,NLCHFW,CHFWSN,YERWGD,PVHSIA,FFYERW,WGDAPV,HFWSNF,GFFYER
GT15	1	EC987|EC987_001434-T1	11.6	26	SGFFFR,ERWGDA,YPYVFL,CHFWTN,DAPVHS,PYVFLN,PKEHWS,NKKYGF,FYERWG,FWTNFE,RWGDAP,YERWGD,LEDRFN,HFWTNF,WTNFEI,APVHSI,GFFYER,GDAPVH,WGDAPV,YRHMCR,YWRVEP,KKYGFT,SYRHMC,WRVEPD,GGFFYE,FFYERW
GT15	1	EC987|EC987_004410-T1	11.6	26	NKKYGF,WGDAPV,RWGDAP,FFYERW,CHFWTN,PKEHWS,APVHSI,FYERWG,GGFFYE,WRVEPD,KKYGFT,GFFYER,YRHMCR,PYVFLN,HFWTNF,FWTNFE,SGFFFR,LEDRFN,DAPVHS,SYRHMC,YPYVFL,WTNFEI,YWRVEP,ERWGDA,YERWGD,GDAPVH
GT15	1	EC987|EC987_004413-T1	11.6	25	NKKYGF,WGDAPV,RWGDAP,FFYERW,CHFWTN,APVHSI,FYERWG,GGFFYE,WRVEPD,RHMCRF,KKYGFT,GFFYER,YRHMCR,HFWTNF,FWTNFE,SGFFFR,LEDRFN,DAPVHS,SYRHMC,WTNFEI,YWRVEP,ERWGDA,TIPTLW,YERWGD,GDAPVH
GT15	1	EC987|EC987_001431-T1	11.2	24	SGFFFR,ERWGDA,CHFWTN,DAPVHS,NKKYGF,FYERWG,FWTNFE,RWGDAP,YERWGD,LEDRFN,HFWTNF,WTNFEI,APVHSI,GFFYER,GDAPVH,WGDAPV,YRHMCR,YWRVEP,KKYGFT,SYRHMC,RHMCRF,WRVEPD,GGFFYE,FFYERW
GT15	1	EC987|EC987_010193-T1	10.2	22	YWRVEP,HFWTNF,YERWGD,WTNFEI,YPYVFL,SGFFFR,ERWGDA,APVHSI,GDAPVH,SYRHMC,YRHMCR,FYERWG,VFLNDE,WGDAPV,DAPVHS,CHFWTN,YVFLND,RHMCRF,RWGDAP,TIPTLW,FWTNFE,PYVFLN
GT15	1	EC987|EC987_012202-T1	10.2	22	DAPVHS,APVHSI,RHMCRF,SYRHMC,FYERWG,YPYVFL,FWTNFE,YWRVEP,VFLNDE,YVFLND,PYVFLN,RWGDAP,CHFWTN,GDAPVH,WTNFEI,YERWGD,HFWTNF,ERWGDA,TIPTLW,YRHMCR,WGDAPV,SGFFFR
GT15	1	EC987|EC987_005996-T1	8.85	16	SNFEIA,YERWGD,GFFYER,LEDRFN,RWGDAP,GGFFYE,SYRHMC,PKEHWS,WSNFEI,FFYERW,FYERWG,FWSNFE,CHFWSN,HFWSNF,YRHMCR,ERWGDA
GT15	1	EC987|EC987_008987-T1	8.65	15	RWGDAP,FYERWG,GGFFYE,WSNFEI,ERWGDA,HFWSNF,GFFYER,CHFWSN,SYRHMC,FFYERW,YRHMCR,SNFEIA,YERWGD,FWSNFE,PKEHWS
GT15	1	EC987|EC987_001435-T1	6.92	16	YRHMCR,YERWGD,LEDRFN,ERWGDA,YVFLND,YWRVEP,YPYVFL,WTNFEI,FYERWG,GFFYER,SYRHMC,PYVFLN,WRVEPD,GGFFYE,RWGDAP,FFYERW
GT15	1	EC987|EC987_004409-T1	6.91	16	WTNFEI,GFFYER,LEDRFN,YRHMCR,RWGDAP,FFYERW,YWRVEP,YVFLND,SYRHMC,ERWGDA,YERWGD,PYVFLN,FYERWG,YPYVFL,GGFFYE,WRVEPD
GT15	1	EC987|EC987_005995-T1	6.06	12	WRVEPD,RHMCRF,YERWGD,RWGDAP,YWRVEP,GGFFYE,SYRHMC,YRHMCR,FFYERW,FYERWG,GFFYER,ERWGDA
GT15	1	EC987|EC987_005994-T1	5.68	12	FYYERW,GGFYYE,GFYYER,RHMCRF,YYERWG,YERWGD,RWGDAP,YWRVEP,CRFYSG,MCRFYS,YRHMCR,ERWGDA
GT15	1	EC987|EC987_008986-T1	5.68	12	RWGDAP,GGFYYE,CRFYSG,MCRFYS,ERWGDA,YWRVEP,YRHMCR,YERWGD,GFYYER,YYERWG,FYYERW,RHMCRF
GT2	29	EC987|EC987_006678-T1	9.39	20	LWKAFD,KKLNSH,FNAFGP,PNVCIL,RWFFNA,LNSHRW,KLNSHR,AMGVYQ,WFFNAF,SHRWFF,FFNAFG,AAMGVY,LAAMGV,HLWKAF,HRWFFN,YEYTTQ,YHLWKA,NSHRWF,VLAAMG,IFCLKE
GT2	122	EC987|EC987_005707-T1	11.1	22	LPTYNE,GLGTAY,VFQMEM,HPKFIP,PTYNER,KLGLGT,LGLGTA,SFRLYK,LTGSFR,DLTGSF,TGSFRL,VTGTRY,GYVFQM,YVFQME,SHHPKF,SKGYVF,TDLTGS,GKLGLG,HHPKFI,GSFRLY,ITFVDR,KGYVFQ
GT2	122	EC987|EC987_012733-T1	11.1	22	KLGLGT,LGLGTA,TDLTGS,GKLGLG,GYVFQM,LPTYNE,VTGTRY,DLTGSF,VFQMEM,LTGSFR,KGYVFQ,HHPKFI,TGSFRL,SHHPKF,GSFRLY,SKGYVF,YVFQME,SFRLYK,PTYNER,GLGTAY,HPKFIP,ITFVDR
GT2	161	EC987|EC987_000382-T1	36.2	56	CGTFCF,FDDFSW,DADTKV,KNLLLL,NSTVHN,VDADTK,NRGKRD,LHKKNL,TFCFSM,YYISHH,LLSQRR,KRHNMA,CFSMQF,RRRWIN,RRWINS,VTCLPG,LLLGED,CGETKI,RHNMAK,LLLLGE,TKIANK,TFPKRK,QRRRWI,EYYISH,DDFSWG,LSQRRR,KPGNRG,WINSTV,GTFCFS,NLLLLG,IQVFEY,LGEDRY,GLCGET,LCGTFC,LCGETK,RWINST,DLCGTF,LLGEDR,ETKIAN,FCFSMQ,MVDADT,CLPGCF,INSTVH,FSMQFV,PGNRGK,GEDRYL,TLHKKN,LMVDAD,HKKNLL,TCLPGC,KKNLLL,GNRGKR,GETKIA,MGLCGE,SQRRRW,STVHNL
GT2	161	EC987|EC987_005515-T1	36.2	56	CFSMQF,RRRWIN,TFCFSM,RHNMAK,SQRRRW,LLSQRR,MVDADT,LHKKNL,STVHNL,VDADTK,GEDRYL,HKKNLL,LLLLGE,NSTVHN,LCGETK,GETKIA,LMVDAD,LGEDRY,GLCGET,KKNLLL,CGTFCF,LCGTFC,NRGKRD,FDDFSW,GTFCFS,LLGEDR,EYYISH,INSTVH,NLLLLG,LLLGED,VTCLPG,KPGNRG,TFPKRK,CGETKI,TLHKKN,CLPGCF,DLCGTF,WINSTV,MGLCGE,RWINST,TKIANK,KRHNMA,PGNRGK,GNRGKR,QRRRWI,FCFSMQ,RRWINS,ETKIAN,DADTKV,LSQRRR,IQVFEY,TCLPGC,YYISHH,KNLLLL,FSMQFV,DDFSWG
GT2	161	EC987|EC987_001562-T1	33.8	50	MGLCGE,PGNRGK,WINSTV,ETKIAN,INSTVH,DDFSWG,LLGEDR,EYYISH,CLPGCF,RGKRDS,NLLLLG,CGETKI,GLCGET,TFCFSM,VLLSQR,FSMQFV,GETKIA,GKRDSQ,QRRRWI,KPGNRG,WNFVLP,NRGKRD,LCGETK,VDADTK,GNRGKR,RRWINS,TKIANK,DADTKV,NSTVHN,LLLGED,LMVDAD,LLLLGE,SQRRRW,VTCLPG,LCGTFC,STVHNL,TCLPGC,FDDFSW,GTFCFS,YYISHH,IQVFEY,CGTFCF,RWINST,FCFSMQ,LSQRRR,LLSQRR,MVDADT,RRRWIN,KNLLLL,CFSMQF
GT2	161	EC987|EC987_001981-T1	33.8	50	VDADTK,TKIANK,FSMQFV,SQRRRW,PGNRGK,VLLSQR,LMVDAD,NLLLLG,WNFVLP,INSTVH,WINSTV,NRGKRD,RGKRDS,GETKIA,MGLCGE,LLLGED,LCGETK,RRRWIN,NSTVHN,KPGNRG,CGTFCF,KNLLLL,YYISHH,DADTKV,GNRGKR,RRWINS,CGETKI,CLPGCF,RWINST,LLGEDR,QRRRWI,DDFSWG,TFCFSM,TCLPGC,ETKIAN,GLCGET,MVDADT,IQVFEY,LSQRRR,EYYISH,GTFCFS,FDDFSW,STVHNL,FCFSMQ,LCGTFC,VTCLPG,LLSQRR,GKRDSQ,LLLLGE,CFSMQF
GT2	161	EC987|EC987_011002-T1	26.6	37	TCLPGC,DDFSWG,LSQRRR,VLLSQR,PGNRGK,LGEDRY,LLSQRR,MAWREK,HKKNLL,GLCGET,KRDSQI,NRGKRD,RWINST,YYISHH,EYYISH,SQRRRW,AKAFES,GKRDSQ,CLPGCF,SVTCLP,FDDFSW,GNRGKR,MGLCGE,TLHKKN,PGCFSM,LMVDAD,FGSVTC,RRRWIN,QRRRWI,LPGCFS,GEDRYL,GSVTCL,RRWINS,RGKRDS,LHKKNL,VTCLPG,MVDADT
GT2	161	EC987|EC987_006578-T1	26.1	36	MGLCGE,SVTCLP,VTCLPG,PGCFSM,DDFSWG,MVDADT,FDDFSW,LMVDAD,QRRRWI,NRGKRD,RRRWIN,GLCGET,RWINST,RRWINS,MAWREK,LPGCFS,TLHKKN,YYISHH,LSQRRR,GNRGKR,LGEDRY,FGSVTC,KRDSQI,GEDRYL,LHKKNL,HKKNLL,RGKRDS,GSVTCL,LLSQRR,TCLPGC,EYYISH,GKRDSQ,VLLSQR,SQRRRW,PGNRGK,CLPGCF
GT2	161	EC987|EC987_001334-T1	25.9	36	MGLCGE,PGNRGK,LGEDRY,LHKKNL,AKAFES,DDFSWG,EYYISH,CLPGCF,RGKRDS,GEDRYL,GLCGET,GKRDSQ,QRRRWI,NRGKRD,RRWINS,HKKNLL,LMVDAD,LPGCFS,SVTCLP,SQRRRW,VTCLPG,PGCFSM,FGSVTC,TCLPGC,GSVTCL,FDDFSW,YYISHH,RWINST,LSQRRR,LLSQRR,MVDADT,TLHKKN,KRDSQI,RRRWIN,MAWREK,GNRGKR
GT2	161	EC987|EC987_002420-T1	20.5	26	SQRRRW,PGNRGK,GEDRYL,VLLSQR,LMVDAD,NRGKRD,RGKRDS,RRRWIN,KPGNRG,YYISHH,GNRGKR,RRWINS,CLPGCF,RWINST,KRDSQI,DDFSWG,TCLPGC,GLCGET,MVDADT,LSQRRR,EYYISH,LGEDRY,VTCLPG,LLSQRR,GKRDSQ,QRRRWI
GT2	161	EC987|EC987_001133-T1	16.8	21	PGNRGK,LGEDRY,DDFSWG,CLPGCF,RGKRDS,GEDRYL,GKRDSQ,QRRRWI,NRGKRD,RRWINS,SQRRRW,SVTCLP,VTCLPG,FGSVTC,TCLPGC,GSVTCL,FDDFSW,RWINST,RRRWIN,MAWREK,GNRGKR
GT2	161	EC987|EC987_009160-T1	11.4	14	DDFSWG,INSTVH,QRRRWI,LLSQRR,STVHNL,RRWINS,RRRWIN,SQRRRW,WINSTV,NSTVHN,LSQRRR,VLLSQR,RWINST,FDDFSW
GT2	161	EC987|EC987_001527-T1	10.6	13	TCLPGC,GSVTCL,LGEDRY,QRRRWI,RWINST,SQRRRW,SVTCLP,RRRWIN,VTCLPG,CLPGCF,GEDRYL,RRWINS,FGSVTC
GT20	2	EC987|EC987_002387-T1	29.9	52	YRILPV,LDYIKG,WPLFHY,VHDYHL,GFHTYD,YIKGVP,RHFLSS,NLVSYE,SILWPL,VAVPSR,SSEIYR,PFPSSE,SSGGLV,PLFHYH,DGMNLV,PSSEIY,NSILWP,EIYRIL,DVEEYQ,IYRILP,HDYHLM,VDRLDY,FHTYDY,DYHLML,TRDGMN,DRLDYI,LFHYHP,QVAVPS,WVHDYH,RILPVR,RDGMNL,GVDRLD,TPFPSS,FLHTPF,LHTPFP,MSSGGL,LWPLFH,DYIKGV,KVVLVQ,MNLVSY,GMNLVS,GAAQSL,SEIYRI,FPSSEI,FPIGID,HTPFPS,VGVDRL,GKVVLV,VGRING,RLDYIK,ILWPLF,STRDGM
GT20	2	EC987|EC987_006405-T1	16.4	31	RHFLSS,GAAQSL,RDGMNL,IYRILP,RLDYIK,NLVSYE,MNLVSY,SEIYRI,DGMNLV,GVDRLD,VGRING,YIKGVP,FPIGID,RILPVR,STRDGM,DYIKGV,VGVDRL,VDRLDY,EIYRIL,QVAVPS,YRILPV,GMNLVS,VAVPSR,LDYIKG,FHTYDY,TRDGMN,GFHTYD,GKVVLV,DVEEYQ,DRLDYI,KVVLVQ
GT20	4	EC987|EC987_013715-T1	14.8	18	DEDMFR,LSAEHG,LGLSAE,LTWHYR,WIISGR,FDYDGT,KGEIVK,NKGEIV,AEHGCF,NIEVRP,TDEDMF,YDGTLT,IISGRD,DYDGTL,LFDYDG,ISGRDQ,GLSAEH,SAEHGC
GT20	4	EC987|EC987_018112-T1	14.8	18	NKGEIV,WIISGR,DYDGTL,DEDMFR,FDYDGT,YDGTLT,NIEVRP,IISGRD,LGLSAE,AEHGCF,LSAEHG,GLSAEH,KGEIVK,SAEHGC,LFDYDG,TDEDMF,LTWHYR,ISGRDQ
GT20	6	EC987|EC987_017167-T1	5.02	6	YHLMLV,IHDYHL,WIHDYH,HDYHLM,DYHLML,HLMLVP
GT22	2	EC987|EC987_010085-T1	13.0	15	QTWEYS,FDGLLP,DETFNY,EERFLY,TFNYWE,PHKEER,KEERFL,HKEERF,QPHKEE,CDETFN,ETFNYW,FNYWEP,DGLLPG,DCDETF,TWEYSP
GT22	2	EC987|EC987_015721-T1	8.48	10	DETFNY,FDGLLP,DGLLPG,QTWEYS,TWEYSP,ETFNYW,CDETFN,DCDETF,TFNYWE,FNYWEP
GT22	8	EC987|EC987_014174-T1	3.93	7	VEESFN,DHLEFP,LEFPGV,YDHLEF,HLEFPG,TKVEES,KVEESF
GT24	1	EC987|EC987_012553-T1	24.2	33	GYKILF,NLDQDL,KTIDLC,TKEPKL,YKILFL,HISALY,KILFLD,IFVDAD,VIFVDA,FVDADQ,YHISAL,AKTIDL,LDQDLP,FLDVLF,LDVLFP,DVLFPL,IDLCNN,WLWCET,ALYVVD,WCETWC,ILFLDV,PYHISA,KVIFVD,TIDLCN,LWCETW,SALYVV,DQDLPN,IWGYKI,DLCNNP,LYVVDL,ISALYV,WGYKIL,LFLDVL
GT3	1	EC987|EC987_008150-T1	35.7	55	CHLGVF,PWGYTP,IYHRYC,GVFPSY,NRTERL,AECTVM,FPSYYE,VFPSYY,HLGVFP,HLLKRK,RTERLS,TTHATL,WGYTPA,LGRYLC,VFTTVS,AGRYEF,LGVFPS,RGCHLG,EFVRGC,ATLLGR,THATLL,GRYLCA,VRGCHL,HEFQNL,TPAECT,FVRGCH,SYYEPW,QRNRTE,EHLLKR,RNRTER,TLLGRY,HATLLG,ECTVMG,PAECTV,FTTHAT,RGHFYG,YTPAEC,ERAAAH,YYEPWG,IFTTHA,LLGRYL,YEPWGY,GHFYGH,LLKRKP,FHPEFL,FQNLHA,PSYYEP,PNGLNV,LKRKPD,RYLCAG,GYTPAE,GCHLGV,EFQNLH,IFHPEF,EPWGYT
GT3	1	EC987|EC987_018844-T1	10.3	14	ERAAAH,FQNLHA,HLLKRK,LLKRKP,HEFQNL,EFQNLH,RGHFYG,VFTTVS,IYHRYC,AGRYEF,LKRKPD,EHLLKR,GHFYGH,PNGLNV
GT33	2	EC987|EC987_002145-T1	11.8	24	PMKVVD,IITGKG,GLDLPM,GDIGRS,LDLPMK,SSSGLD,DIGRSP,GRSPRM,SPRMQY,VLGDIG,MKVVDM,IGRSPR,LPMKVV,SSGLDL,SSTSWT,PRMQYH,ITGKGP,DLPMKV,RMQYHA,EDFSIL,DEDFSI,RSPRMQ,SGLDLP,LGDIGR
GT39	2	EC987|EC987_004459-T1	7.9	16	HFGGFA,DVHPPL,VHFGGF,VFDEVH,VHPPLA,QQQITL,EVHFGG,FDEVHF,HPPLAK,QQITLY,WVGLFT,FDVHPP,VVFDEV,SVVFDE,DEVHFG,KWVGLF
GT39	2	EC987|EC987_011413-T1	7.89	16	DVHPPL,FDEVHF,VHPPLA,DEVHFG,WVGLFT,HPPLAK,HFGGFA,KWVGLF,VFDEVH,EVHFGG,VHFGGF,QQITLY,FDVHPP,QQQITL,VVFDEV,SVVFDE
GT39	2	EC987|EC987_017513-T1	6.87	13	DVHPPL,HFGKFA,GKFASY,VFDEVH,VVFDEV,FDVHPP,FDEVHF,VHPPLA,KFASYY,DEVHFG,VHFGKF,EVHFGK,FGKFAS
GT39	2	EC987|EC987_017274-T1	6.25	13	FDVHPP,KFASYY,FGKFAS,EVHFGK,FDEVHF,DVHPPL,HPPLAK,VHFGKF,HFGKFA,VHPPLA,DEVHFG,RLILLD,GKFASY
GT39	3	EC987|EC987_007037-T1	17.8	20	GKFGSY,KFGSYY,EAHFGK,PLGKML,FGKFGS,VVWDEA,DEAHFG,YHDVHP,WDEAHF,VHPPLG,LGKMLV,HPPLGK,HDVHPP,PPLGKM,DVHPPL,FYHDVH,AHFGKF,VWDEAH,GKMLVG,HFGKFG
GT39	3	EC987|EC987_016514-T1	17.8	20	FYHDVH,PLGKML,DVHPPL,EAHFGK,PPLGKM,GKFGSY,FGKFGS,VVWDEA,VHPPLG,HDVHPP,DEAHFG,HPPLGK,WDEAHF,LGKMLV,HFGKFG,VWDEAH,KFGSYY,GKMLVG,YHDVHP,AHFGKF
GT39	3	EC987|EC987_002449-T1	11.6	14	HDVHPP,GKMLVG,VHPPLG,PLGKML,PPLGKM,YHDVHP,FGKFGS,PALYFA,LAGYNG,DVHPPL,HFGKFG,HPPLGK,FYHDVH,LGKMLV
GT39	3	EC987|EC987_004635-T1	10.3	12	LGKMLV,DVHPPL,FYHDVH,HFGKFG,YHDVHP,HPPLGK,PLGKML,VHPPLG,PPLGKM,GKMLVG,HDVHPP,FGKFGS
GT4	15	EC987|EC987_004911-T1	4.35	11	QVNGVV,FTTSYH,FVFPSR,VVGDGP,PQVNGV,SYHTRF,PFTTSY,TTSYHT,HTRFPE,TSYHTR,YHTRFP
GT4	15	EC987|EC987_002134-T1	4.03	10	FVFPSR,PFTTSY,QVNGVV,TTSYHT,FTTSYH,SYHTRF,YHTRFP,TSYHTR,HTRFPE,PQVNGV
GT4	109	EC987|EC987_010617-T1	5.89	11	VHYPTI,FFHPYC,LGQSLG,HYPTIS,AQFRPE,AGGGGE,YVHYPT,VYPPCD,GQSLGS,QFRPEK,GFFHPY
GT4	109	EC987|EC987_015298-T1	5.36	11	LGQSLG,VYPPCD,LLGQSL,FFHPYC,AGGGGE,TLLGQS,YVHYPT,VHYPTI,HYPTIS,GQSLGS,GFFHPY
GT4	145	EC987|EC987_002815-T1	15.3	21	GGAERL,GGYDER,GGPLET,GYDERV,DLGIGG,GDFLPT,SINRFE,ENVEYL,IHPDLG,HPDLGI,FYCHFP,PVLAVN,LGIGGA,IGGAER,YCHFPD,HFGIVP,FIHPDL,EHFGIV,LSINRF,PDLGIG,GIGGAE
GT4	145	EC987|EC987_013098-T1	7.64	9	IHPDLG,DLGIGG,GGAERL,LGIGGA,GIGGAE,FIHPDL,PDLGIG,IGGAER,HPDLGI
GT4	145	EC987|EC987_014523-T1	4.3	7	GGPLET,PVLAVN,GYDERV,HFGIVP,ENVEYL,EHFGIV,GGYDER
GT4	169	EC987|EC987_009282-T1	8.67	10	FTDHSL,IPNAVV,GGIPEV,SVIPNA,SLTEAF,GIPEVL,VIPNAV,IPEVLP,VVIITH,VGGIPE
GT41	17	EC987|EC987_011723-T1	22.8	26	MQSVFG,VLPFHT,LGSLLK,NAHTTA,LMQSVF,TNLGSL,GYVSSD,NLGSLL,DFNNHP,NFNQLY,HLMQSV,PTVLPF,NLNGYT,YVSSDF,TVLPFH,ECNAHT,FNNHPL,LPFHTF,CNAHTT,PFHTFT,SDFNNH,LYYLSL,FNQLYK,NQLYKI,GSLLKD,SSDFNN
GT41	17	EC987|EC987_012905-T1	10.7	12	NLNGYT,FNQLYK,NFNQLY,LGSLLK,NQLYKI,CNAHTT,NAHTTA,NLGSLL,TNLGSL,ECNAHT,LYYLSL,GSLLKD
GT48	1	EC987|EC987_010994-T1	33.0	43	HYGHPD,FFAQSL,DANQDN,KLHYGH,LHYGHP,REYIFS,LRTRIW,AAGKEQ,QTLYRT,QCGKGR,HLNEDI,YGHPDF,ISMYRE,LHLNED,NEDIYA,EYIFSE,GGKLHY,KGRDLG,QDNYLE,EQTFGT,CGKGRD,KEQTFG,GRDLGF,LNEDIY,YIFSEN,GKGRDL,YREHLL,SILTPW,RLPKRI,FFLDTY,GKLHYG,GLHLNE,PILGDG,EDIYAG,MYREHL,LFFLDT,GKEQTF,NQDNYL,SMYREH,ILGDGK,DNYLEE,AGKEQT,ANQDNY
GT48	1	EC987|EC987_018496-T1	27.9	37	CGKGRD,AAGKEQ,GRDLGF,GKGRDL,LNEDIY,HYGHPD,HLNEDI,GNPILG,GKSDNQ,NPILGD,QDNYLE,ILGDGK,ANQDNY,GLHLNE,NEDIYA,YGHPDF,QTFGTL,EYIFSE,DGKSDN,GDGKSD,EDIYAG,YIFSEN,LHLNED,DNYLEE,EQTFGT,LGDGKS,DANQDN,NQDNYL,KEQTFG,LHYGHP,QCGKGR,AGKEQT,KSDNQN,REYIFS,PILGDG,GKEQTF,KGRDLG
GT48	1	EC987|EC987_014786-T1	7.31	9	LDTYLW,QTLYRT,FFLDTY,TYLWYI,LPKRIY,LRTRIW,DTYLWY,RLPKRI,FLDTYL
GT50	3	EC987|EC987_010107-T1	5.5	6	TSQYFI,YTPLLA,TPLLAY,PLLAYL,SQYFIW,RYTPLL
GT57	1	EC987|EC987_004438-T1	24.8	32	LDYPPL,EDKVAN,FKQMAL,QVHEKT,AQRHWM,DYPPLT,PLLKKD,EAQRHW,LLKKDG,QMALYY,WGLDYP,HEKTIL,LIDHGH,PLLPIT,KQMALY,FQVHEK,RHWMEI,GLDYPP,DHGHFQ,YWGLDY,QRHWME,YPPLTA,HGHFQY,HWMEIT,FEAQRH,DFEAQR,GHFQYN,GDFEAQ,SFQVHE,LKKDGL,VHEKTI,IDHGHF
GT57	1	EC987|EC987_011165-T1	24.8	32	LDYPPL,WGLDYP,FKQMAL,LKKDGL,LLKKDG,YWGLDY,DFEAQR,FEAQRH,VHEKTI,YPPLTA,QMALYY,PLLKKD,DHGHFQ,QVHEKT,PLLPIT,GLDYPP,FQVHEK,GHFQYN,DYPPLT,HGHFQY,AQRHWM,EAQRHW,KQMALY,EDKVAN,SFQVHE,QRHWME,RHWMEI,IDHGHF,HWMEIT,LIDHGH,GDFEAQ,HEKTIL
GT57	2	EC987|EC987_010780-T1	21.2	25	PNFWAL,VHRNWL,YPPFFA,LFGWHV,WLAITN,WHVHEK,WTLDYP,NWLAIT,YWAPNF,HFQYNG,TLDYPP,LDYPPF,DYPPFF,RNWLAI,APNFWA,NFWALY,FQYNGF,GWHVHE,WAPNFW,AYWAPN,FGWHVH,HAYWAP,HRNWLA,HVHEKA,SRLFPF
GT57	2	EC987|EC987_012565-T1	21.2	25	WHVHEK,YPPFFA,NWLAIT,HFQYNG,FQYNGF,APNFWA,YWAPNF,FGWHVH,LFGWHV,WLAITN,RNWLAI,WAPNFW,DYPPFF,VHRNWL,AYWAPN,WTLDYP,TLDYPP,PNFWAL,HVHEKA,NFWALY,LDYPPF,HRNWLA,HAYWAP,GWHVHE,SRLFPF
GT58	2	EC987|EC987_011910-T1	5.39	11	PYTEID,RLFNDP,DTGPLV,LRLFND,PLVYPA,LVYPAG,GDTGPL,GPLVYP,TGPLVY,VYPAGF,YTEIDW
GT66	1	EC987|EC987_007578-T1	40.9	55	IHEFDP,YFYMVS,EFDPWF,TWNNTH,NNTHIA,WWDYGY,VDNNTW,AGVMVR,GYISRS,DVDYVL,VAGSYD,IIASVS,INKFLW,SVAGSY,DINKFL,FDPWFN,AGSYDN,HEFDPW,FYSLWD,DFREAY,DDINKF,NNTWNN,AWGGYV,YISRSV,WNNTHI,ASVSEH,PIIASV,YSLWDT,REAYYW,IPIIAS,HIPIIA,VSEHQP,ISRSVA,GVMVRL,AYYWLR,NKFLWM,NTWNNT,DDFREA,FAGVMV,IASVSE,PGYISR,DNNTWN,WYPLGR,YFAGVM,WDYGYQ,RSVAGS,WTGRFY,GRFYSL,SVSEHQ,TGRFYS,SRSVAG,RFYSLW,EAYYWL,GSYDNE,PWTGRF
GT66	1	EC987|EC987_008035-T1	40.9	55	IHEFDP,YFYMVS,EFDPWF,TWNNTH,NNTHIA,WWDYGY,VDNNTW,AGVMVR,GYISRS,DVDYVL,VAGSYD,IIASVS,INKFLW,SVAGSY,DINKFL,FDPWFN,AGSYDN,HEFDPW,FYSLWD,DFREAY,DDINKF,NNTWNN,AWGGYV,YISRSV,WNNTHI,ASVSEH,PIIASV,YSLWDT,REAYYW,IPIIAS,HIPIIA,VSEHQP,ISRSVA,GVMVRL,AYYWLR,NKFLWM,NTWNNT,DDFREA,FAGVMV,IASVSE,PGYISR,DNNTWN,WYPLGR,YFAGVM,WDYGYQ,RSVAGS,WTGRFY,GRFYSL,SVSEHQ,TGRFYS,SRSVAG,RFYSLW,EAYYWL,GSYDNE,PWTGRF
GT8	39	EC987|EC987_016828-T1	12.5	17	RPELGV,GGDQGL,ADTLVL,GDQGLL,FDGGDQ,GSFDGG,WPDCFN,FNSGVF,SFDGGD,GWPDCF,DCFNSG,DGGDQG,PDCFNS,DQGLLN,CFNSGV,PELGVT,DADTLV
GT8	39	EC987|EC987_016381-T1	11.8	15	GSFDGG,SFDGGD,PDCFNS,GGDQGL,GWPDCF,ADTLVL,DADTLV,FNSGVF,FDGGDQ,WPDCFN,CFNSGV,GDQGLL,DQGLLN,DGGDQG,DCFNSG
CBM1	13	EC987|EC987_007692-T1	5.68	10	VQFYNN,DNWAKT,APQCPY,PQCPYP,YWGQNS,SSFGGV,QCPYPD,AAPQCP,SFGGVM,WDNWAK
CBM1	13	EC987|EC987_011369-T1	5.68	10	DNWAKT,PQCPYP,QCPYPD,VQFYNN,SSFGGV,SFGGVM,WDNWAK,AAPQCP,YWGQNS,APQCPY
CBM10	1	EC987|EC987_011431-T1	5.96	17	SVSSSS,ASSSSS,SSSSSN,SSSSSS,SNSSSS,SSSNSS,SSNSSS,SSVSSS,SSSVSS,PSSSSS,SSSSSA,NSSSSS,SSSSVS,SSSSNS,SSSSSG,SSSSSV,SSSSSI
CBM10	1	EC987|EC987_012398-T1	4.04	10	SSVSSS,SVSSSS,SSSSSS,SSSVSS,VSSSSS,SSSSSG,SSSSVS,SSSSSI,PSSSSS,GSSSSS
CBM10	1	EC987|EC987_003997-T1	3.35	8	PSSSSS,VSSSSS,SSSSGG,SSSSSA,SSSSSS,SSSSSI,SSSSSV,SSSSSG
CBM10	1	EC987|EC987_011934-T1	2.7	6	SSSSSN,SSSSSV,SSSSSA,SSSSSS,PSSSSS,GSSSSS
CBM10	1	EC987|EC987_016233-T1	2.7	6	SSSSSA,SSSSSN,SSSSSS,SSSSSV,PSSSSS,GSSSSS
CBM12	6	EC987|EC987_004663-T1	7.66	9	GIDIDW,DIDWEY,IDIDWE,HINYAF,DGIDID,THINYA,IDWEYP,FDGIDI,INYAFG
CBM12	6	EC987|EC987_015832-T1	7.66	9	IDIDWE,THINYA,INYAFG,IDWEYP,HINYAF,FDGIDI,DGIDID,DIDWEY,GIDIDW
CBM12	6	EC987|EC987_014853-T1	6.55	8	DIDWEY,ISLGGW,IDWEYP,GIDIDW,SLGGWT,DGIDID,IDIDWE,LISLGG
CBM12	6	EC987|EC987_015238-T1	6.55	8	IDWEYP,DGIDID,ISLGGW,SLGGWT,LISLGG,GIDIDW,IDIDWE,DIDWEY
CBM12	6	EC987|EC987_012346-T1	6.54	8	DIDWEY,GIDIDW,DGIDID,IDIDWE,ISLGGW,SLGGWT,LISLGG,IDWEYP
CBM12	6	EC987|EC987_012348-T1	6.54	8	DIDWEY,GIDIDW,DGIDID,IDIDWE,ISLGGW,SLGGWT,LISLGG,IDWEYP
CBM12	6	EC987|EC987_004662-T1	5.3	6	GIDIDW,DIDWEY,IDIDWE,DGIDID,IDWEYP,FDGIDI
CBM12	6	EC987|EC987_016101-T1	5.07	6	IDIDWE,LTHINY,IDWEYP,DGIDID,DIDWEY,GIDIDW
CBM14	14	EC987|EC987_013774-T1	4.6	11	EPTTTT,ITTTTT,TATTTT,TTTTTA,PTTTTA,ATTTTT,TPTTTT,TTTTAT,TTTTTP,PTTTTT,TTTTTT
CBM14	14	EC987|EC987_015916-T1	4.26	8	PTTTTT,TTSAPT,TTTTTP,TTTTPA,ETTTTT,TTTTTE,TTTTTT,TTTTPV
CBM14	14	EC987|EC987_018642-T1	4.04	7	ETTTTT,TTTTPV,TTTTTT,TTTTTE,PTTTTT,TTTTTP,TTTTPA
CBM14	14	EC987|EC987_003012-T1	3.77	7	TTTTPV,TTTTTP,PTTTTT,TTTTTT,TTTTPA,TTTTPI,PTTTTP
CBM14	14	EC987|EC987_003028-T1	3.17	6	TTTTTE,TTTTPV,TTTTTP,TTTTTT,TTTTPA,ATTTTT
CBM14	14	EC987|EC987_003219-T1	2.69	7	PTTTTT,TPAPTT,PAPTTT,APTTTT,TTTTTV,TTTTVA,SSSSSS
CBM18	5	EC987|EC987_008242-T1	11.2	20	EYPGAP,YDLHGQ,SYWYLK,PGAPDI,ASYWYL,IDWEYP,YPGAPD,GAPDIP,LHGQWD,MTYDLH,APASYW,TYDLHG,AAPASY,PASYWY,DLHGQW,DIDWEY,PDIPGI,WEYPGA,IAAPAS,DWEYPG
CBM18	5	EC987|EC987_001067-T1	4.63	8	IAAPAS,DYIVYM,YDLHGQ,LHGQWD,AAPASY,HGQWDY,DLHGQW,SYGRSF
CBM18	5	EC987|EC987_008195-T1	4.28	9	DWEYPG,IDWEYP,SYWYLK,APASYW,IAAPAS,AAPASY,ASYWYL,DIDWEY,PASYWY
CBM18	5	EC987|EC987_001050-T1	2.75	6	IAAPAS,AAPASY,APASYW,ASYWYL,PASYWY,SYWYLK
CBM18	11	EC987|EC987_011431-T1	4.52	13	STASSS,TSSAST,ASSSSS,SSSSSS,TASSSS,SASSSS,SSASSS,SSSAPS,STTSSA,TSSSSA,SSTASS,TSSSAS,SSSSTA
CBM19	1	EC987|EC987_007692-T1	6.15	7	AAPQCP,CPYPDA,APQCPY,PQCPYP,YWGQNS,QCPYPD,PYPDAS
CBM19	1	EC987|EC987_011369-T1	6.15	7	CPYPDA,PQCPYP,PYPDAS,QCPYPD,AAPQCP,YWGQNS,APQCPY
CBM19	1	EC987|EC987_007909-T1	5.32	6	AAGSGY,FIQFYN,LSLGGA,IQFYNN,LLSLGG,YWGQNS
CBM19	1	EC987|EC987_013752-T1	5.31	6	YWGQNS,IQFYNN,FIQFYN,LLSLGG,LSLGGA,AAGSGY
CBM19	1	EC987|EC987_003537-T1	5.13	6	KKVLLS,VLLSLG,YWGQNS,KVLLSL,LLSLGG,GKKVLL
CBM19	1	EC987|EC987_005958-T1	5.13	6	GKKVLL,KKVLLS,KVLLSL,YWGQNS,LLSLGG,VLLSLG
CBM2	20	EC987|EC987_008269-T1	2.61	6	APPTTP,PTTPPP,TAPPTT,PPTTPP,TTAPPT,PTTAPP
CBM2	31	EC987|EC987_003997-T1	2.67	7	PSSSSS,VSSSSS,SSSSSA,SSSSSS,SSSSVP,SSSSSV,PVSSSS
CBM2	59	EC987|EC987_016577-T1	6.33	10	GIPFYG,DGIDLD,GIDLDW,FDGIDL,NYAFAN,IDLDWE,YAFANI,LNYAFA,IPFYGR,LGIPFY
CBM2	60	EC987|EC987_011431-T1	6.1	9	SSSSSN,SSSSSS,SNSSSS,SSSNSS,SSNSSS,SSSSGS,NSSSSS,SSSSNS,SSSSSG
CBM2	60	EC987|EC987_011661-T1	4.6	7	SSSSGS,SSSSNS,SSSSSN,SSSNSS,SNSSSS,SSSSSS,SSNSSS
CBM2	60	EC987|EC987_013948-T1	4.0	6	SNSSSS,SSNSSS,SSSSSN,SSSNSS,SSSSNS,SSSSSS
CBM20	17	EC987|EC987_007767-T1	9.62	12	LGEFNQ,VGYGVY,GFRLDA,VDNHDT,TKYGTK,YPCVFY,EFNQKG,GYGVYD,DLGEFN,GEFNQK,RTKYGT,DVGYGV
CBM20	17	EC987|EC987_002883-T1	6.75	9	GYGVYD,VGYGVY,YPCVFY,GFRLDA,DVGYGV,RTKYGT,GYPCVF,TKYGTK,NYDYLM
CBM20	17	EC987|EC987_012047-T1	6.75	9	NYDYLM,GFRLDA,TKYGTK,RTKYGT,VGYGVY,GYGVYD,GYPCVF,YPCVFY,DVGYGV
CBM20	39	EC987|EC987_002387-T1	3.4	7	FPSSEI,PSSEIY,WVHDYH,HDYHLM,PFPSSE,VHDYHL,LWPLFH
CBM20	39	EC987|EC987_017167-T1	2.8	6	SSEIFR,IGFFLH,FPSSEI,KIGFFL,PFPSSE,HDYHLM
CBM32	11	EC987|EC987_013611-T1	7.46	9	WTGDQS,FDAYYF,VRAGAI,NDGYGC,RFDAYY,DGYGCG,GDADCY,KLDVAW,GYGCGY
CBM32	11	EC987|EC987_008934-T1	6.04	7	KLDVAW,NDGYGC,FDAYYF,DGYGCG,GDADCY,GYGCGY,RFDAYY
CBM32	11	EC987|EC987_008935-T1	5.33	6	NDGYGC,FDAYYF,DGYGCG,GDADCY,GYGCGY,RFDAYY
CBM39	5	EC987|EC987_015409-T1	13.6	18	IFEDNF,WIWPAI,WEFEYY,WPASGE,GGGNWE,IWPAIW,PASGEI,WPAIWL,GNWEFE,GDWIWP,DWIWPA,NWEFEY,SGGGNW,GGNWEF,ASGEID,TLDLWG,NPIQSA,VESRGN
CBM39	5	EC987|EC987_016395-T1	13.6	18	WPAIWL,VESRGN,IWPAIW,GGGNWE,DWIWPA,NWEFEY,GDWIWP,WPASGE,GNWEFE,WEFEYY,WIWPAI,ASGEID,NPIQSA,TLDLWG,SGGGNW,GGNWEF,PASGEI,IFEDNF
CBM39	5	EC987|EC987_016394-T1	11.0	16	WPAIWL,EFEYYT,VESRGN,IWPAIW,GGGNWE,DWIWPA,FEYYTN,NWEFEY,YYTNNR,GDWIWP,GNWEFE,WEFEYY,WIWPAI,EYYTNN,NPIQSA,GGNWEF
CBM39	5	EC987|EC987_016652-T1	9.36	13	WEFEYY,GGGNWE,DWIWPA,NWEFEY,GDWIWP,TLDLWG,GNWEFE,WIWPAI,IWPAIW,NPIQSA,GGNWEF,SGEIDI,WPAIWL
CBM43	12	EC987|EC987_013312-T1	2.87	7	YNIYSW,GYNIYS,KGVAYQ,DAGIYV,NIYSWC,FAGNEV,AGIYVI
CBM48	20	EC987|EC987_014566-T1	27.8	39	ASFGYQ,YEAHVG,GEGYLN,GVTSML,YASFGY,ESHDQA,FDGVTS,DGFRFD,TLTNRR,QALVGD,LMAIME,EFGHPE,AEDVSG,DFPREG,GFRFDG,RFDGVT,SFGYQV,DGVTSM,DQALVG,YYASFG,LVGDKT,SHDQAL,ALVGDK,VTSMLY,HDQALV,IQLMAI,FPREGN,MAIMEH,FGHPEW,FRFDGV,EWAPNA,GNEFGH,VVHSHA,NEFGHP,SRLFNY,DVVHSH,EGYLNF,QLMAIM,GFDYRL
CBM48	20	EC987|EC987_016444-T1	25.6	35	FGHPEW,GNEFGH,FDGVTS,GVTSML,NEFGHP,DFPREG,ALVGDK,SFGYQV,FRFDGV,YASFGY,FPREGN,ESHDQA,HDQALV,AEDVSG,TLTNRR,GFRFDG,EWAPNA,SHDQAL,DGVTSM,DGFRFD,EFGHPE,EGYLNF,QALVGD,YYASFG,GEGYLN,RFDGVT,SRLFNY,LVGDKT,DVVHSH,VTSMLY,GFDYRL,ASFGYQ,YEAHVG,VVHSHA,DQALVG
CBM5	14	EC987|EC987_004662-T1	4.6	7	GIDIDW,DIDWEY,IDIDWE,DWEYPG,DGIDID,IDWEYP,FDGIDI
CBM5	14	EC987|EC987_004663-T1	4.6	7	GIDIDW,DIDWEY,IDIDWE,DWEYPG,DGIDID,IDWEYP,FDGIDI
CBM5	14	EC987|EC987_015832-T1	4.6	7	IDIDWE,DWEYPG,IDWEYP,FDGIDI,DGIDID,DIDWEY,GIDIDW
CBM5	14	EC987|EC987_012346-T1	4.59	7	DIDWEY,GIDIDW,DGIDID,IDIDWE,ISLGGW,SLGGWT,IDWEYP
CBM5	14	EC987|EC987_012348-T1	4.59	7	DIDWEY,GIDIDW,DGIDID,IDIDWE,ISLGGW,SLGGWT,IDWEYP
CBM5	14	EC987|EC987_014853-T1	4.59	7	DIDWEY,IDWEYP,GIDIDW,SLGGWT,DGIDID,IDIDWE,ISLGGW
CBM5	14	EC987|EC987_015238-T1	4.59	7	IDWEYP,DGIDID,ISLGGW,SLGGWT,GIDIDW,IDIDWE,DIDWEY
CBM5	29	EC987|EC987_014314-T1	10.5	11	IDSCQG,VLTAAH,CQGDSG,LTAAHC,GGIDSC,SCQGDS,QGDSGG,TAAHCV,DSCQGD,GDSGGP,GIDSCQ
CBM5	29	EC987|EC987_004989-T1	7.76	8	LTAAHC,QGDSGG,SCQGDS,DSCQGD,TAAHCV,VLTAAH,CQGDSG,GDSGGP
CBM5	29	EC987|EC987_005069-T1	7.64	8	QGDSGG,WGIGCA,SCQGDS,SWGIGC,DSCQGD,VSWGIG,CQGDSG,GDSGGP
CBM5	49	EC987|EC987_017211-T1	7.75	9	GTHVAG,GHGTHV,HGTHVA,VAGTIA,THVAGT,DGNGHG,HVAGTI,GNGHGT,NGHGTH
CBM5	49	EC987|EC987_017784-T1	7.75	9	GTHVAG,HVAGTI,GNGHGT,DGNGHG,GHGTHV,THVAGT,NGHGTH,VAGTIA,HGTHVA
CBM5	49	EC987|EC987_006590-T1	6.8	9	NGHGTH,GTSMAT,DGNGHG,ISGTSM,TSMATP,SMATPH,GNGHGT,SGTSMA,SMSLGG
CBM5	49	EC987|EC987_009658-T1	6.8	9	GNGHGT,SMATPH,TSMATP,SGTSMA,DGNGHG,ISGTSM,SMSLGG,GTSMAT,NGHGTH
CBM5	49	EC987|EC987_007933-T1	6.14	8	TSMATP,SISGTS,SMATPH,NGHGTH,ISGTSM,SGTSMA,MATPHV,GTSMAT
CBM5	49	EC987|EC987_009655-T1	6.14	8	SMATPH,MATPHV,TSMATP,SGTSMA,ISGTSM,SMSLGG,GTSMAT,NGHGTH
CBM5	49	EC987|EC987_001150-T1	5.44	7	SMATPH,ISGTSM,TSMATP,MATPHV,NGHGTH,GTSMAT,SGTSMA
CBM5	49	EC987|EC987_001154-T1	5.44	7	SMATPH,ISGTSM,TSMATP,MATPHV,NGHGTH,GTSMAT,SGTSMA
CBM5	49	EC987|EC987_001155-T1	5.44	7	SMATPH,ISGTSM,TSMATP,MATPHV,NGHGTH,GTSMAT,SGTSMA
CBM5	49	EC987|EC987_010428-T1	5.43	6	HGTHVA,GTSMAT,GHGTHV,TSMATP,SGTSMA,GTHVAG
CBM5	49	EC987|EC987_006583-T1	4.74	6	NGHGTH,GTSMAT,SMATPH,TSMATP,MATPHV,SGTSMA
CBM5	49	EC987|EC987_006362-T1	4.7	6	SMATPH,ISGTSM,SGTSMA,GTSMAT,SMSLGG,TSMATP
CBM5	49	EC987|EC987_006589-T1	4.46	6	NGHGTH,DGNGHG,ISGTSM,GNGHGT,SGTSMA,SMSLGG
CBM5	61	EC987|EC987_011831-T1	6.66	9	NSSSSS,SSSSGS,SSSSNS,SSSSSN,SSSNSS,SNSSSS,SSSSSS,SSNSSS,GSSSSS
CBM5	84	EC987|EC987_013825-T1	6.0	6	GDSGGP,ACNGDS,LTAAHC,CNGDSG,NGDSGG,VLTAAH
CBM51	2	EC987|EC987_013611-T1	8.16	9	WTGDQS,FDAYYF,VRAGAI,NDGYGC,RFDAYY,DGYGCG,GDADCY,KLDVAW,GYGCGY
CBM51	2	EC987|EC987_008934-T1	7.64	8	KLDVAW,NDGYGC,FDAYYF,DGYGCG,LVAPVY,GDADCY,GYGCGY,RFDAYY
CBM51	2	EC987|EC987_008935-T1	6.64	7	NDGYGC,FDAYYF,DGYGCG,LVAPVY,GDADCY,GYGCGY,RFDAYY
CBM55	1	EC987|EC987_016101-T1	8.0	8	IDIDWE,DWEYPA,IDWEYP,NLDGID,LDGIDI,YNLDGI,DIDWEY,GIDIDW
CBM55	1	EC987|EC987_012346-T1	6.0	6	DIDWEY,GIDIDW,IDIDWE,LDGIDI,DWEYPA,IDWEYP
CBM55	1	EC987|EC987_012348-T1	6.0	6	DIDWEY,GIDIDW,IDIDWE,LDGIDI,DWEYPA,IDWEYP
CBM55	1	EC987|EC987_014853-T1	6.0	6	DIDWEY,IDWEYP,DWEYPA,GIDIDW,IDIDWE,LDGIDI
CBM55	1	EC987|EC987_015238-T1	6.0	6	IDWEYP,LDGIDI,GIDIDW,IDIDWE,DWEYPA,DIDWEY
CBM57	16	EC987|EC987_010906-T1	15.4	16	YGQTGT,VDLAGS,LQDSLG,QDSLGG,QTGTGK,TGTGKT,LLQDSL,HSSRSH,SSRSHC,NEHSSR,GQTGTG,LVDLAG,FAYGQT,DLAGSE,AYGQTG,EHSSRS
CBM57	16	EC987|EC987_011751-T1	15.4	16	TGTGKT,YGQTGT,AYGQTG,LVDLAG,QDSLGG,VDLAGS,EHSSRS,HSSRSH,NEHSSR,FAYGQT,QTGTGK,DLAGSE,LLQDSL,SSRSHC,GQTGTG,LQDSLG
CBM57	16	EC987|EC987_006977-T1	13.8	15	SKTLMF,GNIRVF,DLAGSE,GKTFTM,FAYGQT,NIRVFC,RNSKLT,AYGQTG,KTFTME,IRVFCR,IFAYGQ,LAGSER,TFTMEG,KTLMFV,VCIFAY
CBM57	16	EC987|EC987_017009-T1	13.8	15	AYGQTG,LAGSER,IRVFCR,KTLMFV,TFTMEG,VCIFAY,IFAYGQ,SKTLMF,FAYGQT,NIRVFC,DLAGSE,GKTFTM,KTFTME,GNIRVF,RNSKLT
CBM57	16	EC987|EC987_007776-T1	10.8	11	TGTGKT,QDSLGG,LVDLAG,GQTGTG,AYGQTG,QTGTGK,YGQTGT,FAYGQT,LQDSLG,VDLAGS,DLAGSE
CBM57	16	EC987|EC987_016083-T1	10.8	11	TGTGKT,YGQTGT,LVDLAG,LQDSLG,AYGQTG,QTGTGK,GQTGTG,VDLAGS,QDSLGG,FAYGQT,DLAGSE
CBM57	16	EC987|EC987_007057-T1	7.64	8	DLAGSE,GKTFTM,SLSALG,FAYGQT,VDLAGS,AYGQTG,IFAYGQ,LVDLAG
CBM57	16	EC987|EC987_009987-T1	7.0	7	RNSKLT,LLQDSL,QDSLGG,DLAGSE,LAGSER,LQDSLG,VDLAGS
CBM73	8	EC987|EC987_014314-T1	10.8	11	IDSCQG,VLTAAH,CQGDSG,LTAAHC,GGIDSC,SCQGDS,QGDSGG,TAAHCV,DSCQGD,GDSGGP,GIDSCQ
CBM73	8	EC987|EC987_004989-T1	7.92	8	LTAAHC,QGDSGG,SCQGDS,DSCQGD,TAAHCV,VLTAAH,CQGDSG,GDSGGP
CBM73	8	EC987|EC987_005069-T1	7.92	8	QGDSGG,WGIGCA,SCQGDS,SWGIGC,DSCQGD,VSWGIG,CQGDSG,GDSGGP
