CAZy Family	PPR Subfamily	Gene ID	Frequency	Hits	Signature Peptides
CE4	143	DFQ33|DFQ33_006383-T1	4.77	10	VALTFD,ALTFDD,QIASHT,TFDDGP,GHQIAS,HQIASH,LTFDDG,ASHTWS,SHTWSH,IASHTW
CE4	143	DFQ33|DFQ33_004469-T1	3.74	8	QIASHT,ALTFDD,LTFDDG,SHTWSH,GHQIAS,IASHTW,ASHTWS,HQIASH
CE4	143	DFQ33|DFQ33_004470-T1	2.61	6	QIASHT,ALTFDD,LTFDDG,GHQIAS,IASHTW,HQIASH
CE9	48	DFQ33|DFQ33_005070-T1	4.02	8	AHLEGP,GAEILG,HLEGPF,LEGPFI,EGPFIS,GAHLEG,LGAHLE,ILGAHL
GH13	25	DFQ33|DFQ33_005964-T1	12.4	22	NYDYLM,KGTVRT,RTKYGT,FVDNHD,TKYGTK,TVRTKY,GTVRTK,DNHDSQ,QKGTVR,EFDQKG,FDVPLH,AVTFVD,GEFDQK,DLGEFD,TFVDNH,VTFVDN,VDNHDS,GFRLDA,LGEFDQ,VRTKYG,GNYDYL,NHDSQP
GH13	25	DFQ33|DFQ33_005956-T1	4.25	6	FVDNHD,YDLGEF,AVTFVD,GNYDYL,TFVDNH,VTFVDN
GH13	94	DFQ33|DFQ33_003156-T1	24.8	39	VTSMLY,EFGHPE,DQALVG,LVGDKT,DGFRFD,ALHKMI,YYASFG,SRLFNY,VGDKTI,AEDVSG,ALVGDK,FLLSNL,FRFDGV,NEFGHP,LRFLLS,EWAPNA,VHSHAS,FDGVTS,EDVSGM,GFRFDG,RFDGVT,TLTNRR,GFDYRL,HDQALV,GVTSML,GNEFGH,MAIMEH,QALVGD,RFLLSN,DVSGMP,SHDQAL,DFPREG,LHKMIR,FPREGN,ESHDQA,YASFGY,FGHPEW,DGVTSM,HKMIRL
GH132	2	DFQ33|DFQ33_005310-T1	7.18	9	AMLIPT,EAMLIP,NEAMLI,GWAMSP,WCPYAC,AMSPDQ,GNEAML,PGNEAM,WAMSPD
GH132	2	DFQ33|DFQ33_001301-T1	5.43	7	PGNEAM,GNEAML,NGGWAM,GWAMSP,AMSPDQ,NEAMLI,WAMSPD
GH132	2	DFQ33|DFQ33_007990-T1	5.38	7	GWAMSP,GGLYCD,WCPYAC,NGGLYC,WAMSPD,PGNEAM,AMSPDQ
GH133	2	DFQ33|DFQ33_008043-T1	26.9	32	GTWMDK,VAPELF,PTQAWS,AAGLPH,SLIREA,DKMGES,RCWGRD,REAMQA,LFMDCT,AGLPHF,RIDNCH,YHQGPE,NCGTWM,CGTWMD,DNCHST,IREAMQ,NYHQGP,NCHSTP,DCTHDN,TPRDGA,MDCTHD,SNSPYS,IDNCHS,HQGPEW,TWMDKM,GFRIDN,FMDCTH,LIREAM,WMDKMG,MDKMGE,NRRGIY,CTHDNE
GH15	27	DFQ33|DFQ33_001282-T1	9.16	15	AFNLDR,DIYGEL,RNWDYR,FNLDRV,NWDYRF,MCTFWL,DMSIWE,KQQYLP,ISAAFN,AAFNLD,SAAFNL,FSMCTF,LISAAF,SMCTFW,ALISAA
GH18	16	DFQ33|DFQ33_003030-T1	8.75	12	DGVDLD,INYAFA,YLLTIA,GVDLDW,SVGGWT,IMTYDF,ISVGGW,VDLDWE,HINYAF,NIMTYD,YAFADI,NYAFAD
GH18	27	DFQ33|DFQ33_001173-T1	5.16	6	THINYA,LLLKDL,LLKDLR,HINYAF,INYAFA,ISIGGW
GH18	32	DFQ33|DFQ33_001075-T1	5.34	6	PVCTTE,TVRSVF,SVFIID,RSVFII,DFTPVC,TPVCTT
GH18	44	DFQ33|DFQ33_004496-T1	4.42	13	AVLDGI,YWGQNS,QCPFPD,PQCPFP,IQFYNN,FYNNYC,QFYNNY,GDAVLD,APQCPF,VLDGID,FIQFYN,DAVLDG,LWDASQ
GH18	44	DFQ33|DFQ33_001597-T1	4.26	11	APQCPF,DAVLDG,QFYNNY,AAPQCP,QCPFPD,PQCPFP,FIQFYN,IQFYNN,YWGQNS,GDAVLD,FYNNYC
GH18	44	DFQ33|DFQ33_001011-T1	3.46	9	GKKVLL,GGVMLW,AAPQCP,PQCPFP,QCPFPD,YWGQNS,VQFYNN,APQCPF,KKVLLS
GH18	51	DFQ33|DFQ33_002963-T1	9.0	12	IDIDWE,IDWEYP,LDGIDI,DWEYPG,HINYAF,THINYA,DGIDID,INYAFG,GIDIDW,DLDGID,LTHINY,DIDWEY
GH18	51	DFQ33|DFQ33_002969-T1	9.0	12	IDIDWE,IDWEYP,LDGIDI,DWEYPG,HINYAF,THINYA,DGIDID,INYAFG,GIDIDW,DLDGID,LTHINY,DIDWEY
GH18	51	DFQ33|DFQ33_001157-T1	7.45	9	IDIDWE,THINYA,DGIDID,DIDWEY,IDWEYP,LDGIDI,HINYAF,GIDIDW,DWEYPG
GH18	51	DFQ33|DFQ33_002966-T1	7.25	11	IDIDWE,KVLLSV,LSVGGW,IDWEYP,LLSVGG,DWEYPG,DGIDID,GIDIDW,VLLSVG,LTHINY,DIDWEY
GH18	51	DFQ33|DFQ33_005505-T1	6.25	8	LTHINY,DIDWEY,DGIDID,IDIDWE,GIDIDW,LDGIDI,IDWEYP,DWEYPG
GH18	51	DFQ33|DFQ33_000252-T1	5.75	7	DGIDID,LDGIDI,GIDIDW,DIDWEY,IDIDWE,DWEYPG,IDWEYP
GH18	67	DFQ33|DFQ33_004892-T1	2.78	6	GIDLDW,DWEYPG,DLDWEY,LDWEYP,IDLDWE,LLTAAV
GH18	92	DFQ33|DFQ33_001517-T1	4.43	13	PQCVFP,QFYNNY,AAPQCV,QCVFPD,RPFGSA,CVFPDA,YNNYCG,APQCVF,VYWGQN,YWGQNS,AAAPQC,LGVPGS,FYNNYC
GH18	115	DFQ33|DFQ33_001144-T1	6.34	7	DWINLM,VDLDWE,LDWEYP,DGVDLD,DLDWEY,ISIGGW,GVDLDW
GH18	115	DFQ33|DFQ33_003645-T1	5.67	6	GVDLDW,VDLDWE,DLDWEY,LDWEYP,ISIGGW,DGVDLD
GH20	14	DFQ33|DFQ33_002418-T1	7.34	15	FGWEVL,QTLGHL,PMIWSD,PFGWEV,KPFGWE,LYTEDT,CIQTLG,YTEDTY,HIGMDE,IHIGMD,LVYWDY,VYWDYY,IGMDEA,IQTLGH,YWDYYH
GH20	33	DFQ33|DFQ33_005162-T1	3.15	7	IKRTID,YLDCGR,LDCGRG,DIKRTI,EVLWSG,KRTIDA,WYLDCG
GH25	66	DFQ33|DFQ33_003058-T1	6.34	9	NGGGWS,IRGAYH,RGAYHF,LPGALD,GGWSGD,GAYHFA,TLPGAL,GGGWSG,GWSGDG
GH3	9	DFQ33|DFQ33_007069-T1	4.02	6	PSGKLP,FGHGLS,NPSGKL,GHGLSY,VNPSGK,HGLSYT
GH3	64	DFQ33|DFQ33_001348-T1	4.18	9	TFGEDP,GLSYTT,GHGLSY,FGHGLS,FGEDPY,ETFGED,HGLSYT,YETFGE,LSYTTF
GH31	7	DFQ33|DFQ33_005708-T1	17.9	32	HAHIDT,PSVFNG,DVGGFF,GLLVKP,PFFRAH,SVFNGP,DTKRRE,VFNGPE,GSIPFM,YGSIPF,YHQCRW,GADVGG,WNDMNE,HIDTKR,EPSVFN,AHAHID,RAFFAG,FFRAHA,RAHAHI,DMNEPS,MNEPSV,IDTKRR,FRAHAH,HQCRWN,THWISE,AHIDTK,KKYFTW,QCRWNY,NEPSVF,TKRREP,NDMNEP,ADVGGF
GH31	54	DFQ33|DFQ33_004764-T1	19.1	29	FLVAPV,LVNDGY,VRKLDV,NDGYGC,GVRVRK,VRVRKL,APLDTL,WMLVND,DGIYLP,GWMLVN,INRKYL,RKLDVA,LDVAWV,DTLPLF,PPIYGL,DGYGCG,MTMSGW,DVAWVG,RVRKLD,MLVNDG,PLDTLP,LDTLPL,TLPLFV,KLDVAW,PIYGLE,DKQPWR,VNDGYG,GYGCGY,RDGIYL
GH31	54	DFQ33|DFQ33_005293-T1	12.1	19	VRVRKL,VRKLDV,PPIYGL,MLVNDG,VNDGYG,INRKYL,DKQPWR,DGYGCG,NDGYGC,PIYGLE,RVRKLD,GDIDGI,WMLVND,LVNDGY,GVRVRK,GYGCGY,FLVAPV,DIDGIF,GWMLVN
GH37	2	DFQ33|DFQ33_001373-T1	28.5	33	RGTYML,MLSNLL,YMLSNL,GTYMLS,RLAYRW,NLLQEL,RSQPPF,LSNLLQ,VPGGRF,NANRSY,ATIDLN,TYMLSN,GHDTTY,LAYRWL,SQPPFL,QPPFLT,GGRFNE,LLYKYE,HDTTYR,SNLLQE,NRSYYL,LNANRS,VRESGH,ANRSYY,RQWDYP,PGGRFN,KILNAN,SGHDTT,ILNANR,GWAPHQ,YGWDSY,RESGHD,ESGHDT
GH37	4	DFQ33|DFQ33_006599-T1	8.5	21	GFGWTN,QTGFGW,VPGGRF,RPESYR,NRSQPP,PESYRE,GWTNGV,AESGWD,PRPESY,SQPPLL,GGGGEY,LNRSQP,IPVDLN,GGRFRE,FGWTNG,PGGRFR,ESYRED,KTFVDM,GAESGW,EFYYWD,RSQPPL
GH38	5	DFQ33|DFQ33_003655-T1	12.3	29	CHIDTA,TAWLWP,DVLPGS,QKLSWN,QFHDVL,AKFEVC,HRGTYT,FLKVEF,RLSLLR,HDVLPG,FWLPDT,GELYLE,DTFGYS,FHDVLP,DGGGGP,LSWNNI,RGTYTS,LPDTFG,IDTAWL,LNQFHD,PDTFGY,TQKLSW,WLPDTF,GDGGGG,MRLSLL,KLSWNN,DTAWLW,YETQFG,HIDTAW
GH38	5	DFQ33|DFQ33_003518-T1	12.2	29	IDTAWL,AKFEVC,LSWNNI,LNQFHD,DGGGGP,HIDTAW,QFHDVL,WLPDTF,FLKVEF,ETQFGI,CHIDTA,QKLSWN,DTFGYS,TQKLSW,TAWLWP,SWNNIN,DVLPGS,FHDVLP,GELYLE,HRGTYT,DTAWLW,KLSWNN,LPDTFG,PDTFGY,YETQFG,RGTYTS,HDVLPG,GDGGGG,FWLPDT
GH47	1	DFQ33|DFQ33_005423-T1	5.13	12	VFNTEA,DHLVCF,AETLKY,YEYLLK,FNTEAH,LGGLLS,MDHLVC,GSRGDS,PKMDHL,NTEAHP,LAETLK,KMDHLV
GH47	1	DFQ33|DFQ33_000288-T1	4.2	8	LAETLK,LKYLYL,ETLKYL,AETLKY,SFYEYL,TLKYLY,DSFYEY,GDSFYE
GH47	2	DFQ33|DFQ33_000081-T1	6.02	14	NTEAHP,DSLDTL,EFTRLS,TIRYLG,LVDSLD,TEAHPF,SLDTLW,VDSLDT,LEFTRL,IRYLGG,RYLGGL,TLVDSL,FNTEAH,VFNTEA
GH47	2	DFQ33|DFQ33_000276-T1	4.29	12	TLKYFY,LAETLK,DSLDTL,KYFYLI,LKYFYL,LVDSLD,AETLKY,VDSLDT,ETLKYF,TEAHPL,TLVDSL,YFYLIF
GH47	2	DFQ33|DFQ33_003427-T1	4.06	10	TEAHPL,YFYLIF,EFTRLS,KYFYLI,RYLGGL,IRYLGG,LEFTRL,FNTEAH,VFNTEA,NTEAHP
GH47	2	DFQ33|DFQ33_006918-T1	2.88	7	VFNTEA,FNTEAH,NTEAHP,TLVDSL,TEAHPF,LEFTRL,EFTRLS
GH47	13	DFQ33|DFQ33_003879-T1	8.39	13	GGLLSG,LKYLYL,TLSRLT,LGGLLS,ETLKYL,SETLKY,RLLPAF,FTTEGH,TLKYLY,LTLVDS,GLLSGH,RVQVFE,YPLRPE
GH5	5	DFQ33|DFQ33_001162-T1	12.2	19	IPIGYW,PIGYWA,SQNGFD,TDCTKW,GVNLGG,DCTKWL,IGYWAF,GSQNGF,PGSQNG,VNLGGW,GARYDG,GGWLVL,LGGWLV,RIPIGY,QNGFDN,CTKWLN,GFDNSG,NGFDNS,GWLVLE
GH5	20	DFQ33|DFQ33_000232-T1	7.84	16	NGWNHS,GVNLGG,WNHSGR,GSQNGW,SQNGWN,RKYGLR,APGSQN,GWNHSG,GAPGSQ,PGSQNG,VNLGGW,QNGWNH,KYGLRV,NLGGWL,HGAPGS,RGVNLG
GH5	20	DFQ33|DFQ33_006261-T1	6.93	14	PGSQNG,SQNGWN,NHSGRQ,HSGRQG,WNHSGR,GSQNGW,QNGWNH,APGSQN,VNLGGW,NGWNHS,GWNHSG,GVNLGG,NLGGWL,RGVNLG
GH5	20	DFQ33|DFQ33_000233-T1	6.33	12	NGWNHS,GVNLGG,WNHSGR,GSQNGW,SQNGWN,APGSQN,GWNHSG,PGSQNG,VNLGGW,QNGWNH,NLGGWL,RGVNLG
GH5	20	DFQ33|DFQ33_006262-T1	6.33	12	PGSQNG,SQNGWN,WNHSGR,GSQNGW,QNGWNH,APGSQN,VNLGGW,NGWNHS,GWNHSG,GVNLGG,NLGGWL,RGVNLG
GH5	20	DFQ33|DFQ33_000224-T1	5.97	11	NGWNHS,GVNLGG,WNHSGR,GSQNGW,SQNGWN,GWNHSG,PGSQNG,VNLGGW,QNGWNH,NLGGWL,RGVNLG
GH5	27	DFQ33|DFQ33_007380-T1	4.72	6	DLSIYS,DTLNEP,WGFNFL,TLNEPS,EDLSIY,IDPHQD
GH63	2	DFQ33|DFQ33_006357-T1	13.8	19	ANPPTL,EGFHQL,PPTLFL,QILGDE,TAVPSR,RGFLWD,FLWDEG,FFPRGF,LGDEAR,NPPTLF,GFLWDE,ILGDEA,DEGFHQ,REQILG,PRGFLW,EQILGD,LWDEGF,FPRGFL,WDEGFH
GH72	2	DFQ33|DFQ33_003676-T1	7.19	12	KGSKFF,KGVAYQ,FAGNEV,FFAGNE,NDYGLV,IKGSKF,LGFFAG,NTIRVY,IYSWCG,SGGIVY,NIYSWC,GFFAGN
GH72	2	DFQ33|DFQ33_005638-T1	7.19	12	IKGSKF,IYSWCG,FFAGNE,KGSKFF,FAGNEV,GFFAGN,NTIRVY,NDYGLV,LGFFAG,SGGIVY,KGVAYQ,NIYSWC
GH72	2	DFQ33|DFQ33_003678-T1	6.77	12	KGSKFF,LPPTPN,KGVAYQ,WCGDSS,FAGNEV,FFAGNE,SGGIVY,VWSGGI,IGFFAG,GFFAGN,WSGGIV,IKGSKF
GH72	3	DFQ33|DFQ33_005510-T1	2.71	7	LGINTI,GINTIR,GLMYEY,GGLMYE,NTIRVY,YGIVKI,SGGLMY
AA1	16	DFQ33|DFQ33_002870-T1	3.6	7	QRYSVL,KTYRLR,NPGAWF,IIEADG,DNPGAW,ADNPGA,GQRYSV
AA3	8	DFQ33|DFQ33_005091-T1	4.47	12	MLSGIG,PQLLML,IVVGAG,QLLMLS,GAGSAG,TPQLLM,LLMLSG,VVGAGS,LLLEAG,LMLSGI,NTPQLL,VGAGSA
AA3	8	DFQ33|DFQ33_007954-T1	3.05	8	NTPQLL,LMLSGI,QLLMLS,PQLLML,IVVGGG,TPQLLM,MLSGIG,LLMLSG
AA3	8	DFQ33|DFQ33_000969-T1	2.83	7	LMLSGI,PQLLML,QLLMLS,TPQLLM,MLSGIG,LLMLSG,IVVGGG
AA3	8	DFQ33|DFQ33_007331-T1	2.83	7	LMLSGI,QLLMLS,TPQLLM,MLSGIG,IVVGGG,PQLLML,LLMLSG
AA6	1	DFQ33|DFQ33_003391-T1	3.47	7	GGSPWG,GGQEST,GIPTRF,FGIPTR,IPTRFG,GSPWGA,LFGIPT
AA6	2	DFQ33|DFQ33_007748-T1	4.22	8	GGSPYG,GGQETT,PTRFGM,GSPYGA,QVPETL,TRFGMM,PETLPE,VPETLP
AA6	2	DFQ33|DFQ33_007749-T1	4.22	8	GGSPYG,GGQETT,PTRFGM,GSPYGA,QVPETL,TRFGMM,PETLPE,VPETLP
AA6	2	DFQ33|DFQ33_000796-T1	3.88	7	GSPYGA,QVPETL,GGSPYG,TRFGMM,VPETLP,GGQETT,PTRFGM
AA6	4	DFQ33|DFQ33_007752-T1	2.86	8	LFGVPT,GALQGK,GGQETT,VPTRFG,GVPTRF,FLFGVP,HAPAKP,FGVPTR
GT1	7	DFQ33|DFQ33_006569-T1	8.79	18	IKPFFG,VPHDWL,HHGGAG,PHDWLF,GGAGTT,WTRTRA,PFFGDQ,KPFFGD,YIGFGS,PWTRTR,TMPWTR,FTMPWT,HDWLFP,HGGAGT,IGFGSI,RGDVQP,MPWTRT,GAGTTA
GT15	1	DFQ33|DFQ33_003429-T1	12.5	26	YNLCHF,YVFLND,WTNFEI,APVHSI,GFFYER,ERWGDA,LEDRFN,YERWGD,GDAPVH,NLCHFW,CHFWTN,RWGDAP,FYERWG,YRHMCR,SYRHMC,PYVFLN,GGFFYE,HFWTNF,FFYERW,WGDAPV,DAPVHS,YWRVEP,FWTNFE,TIPTLW,YPYVFL,RHMCRF
GT15	1	DFQ33|DFQ33_006648-T1	8.89	16	KKYGFT,APVHSI,PYVFLN,FWSNFE,RWGDAP,WSNFEI,DAPVHS,YWRVEP,NKKYGF,HFWSNF,ERWGDA,SNFEIG,YPYVFL,GDAPVH,LEDRFN,WGDAPV
GT15	1	DFQ33|DFQ33_006650-T1	8.89	16	KKYGFT,APVHSI,PYVFLN,FWSNFE,RWGDAP,WSNFEI,DAPVHS,YWRVEP,NKKYGF,HFWSNF,ERWGDA,SNFEIG,YPYVFL,GDAPVH,LEDRFN,WGDAPV
GT15	1	DFQ33|DFQ33_006653-T1	8.89	16	KKYGFT,APVHSI,PYVFLN,FWSNFE,RWGDAP,WSNFEI,DAPVHS,YWRVEP,NKKYGF,HFWSNF,ERWGDA,SNFEIG,YPYVFL,GDAPVH,LEDRFN,WGDAPV
GT15	1	DFQ33|DFQ33_007829-T1	5.89	9	NLCHFW,CHFWTN,RWGDAP,YNLCHF,ERWGDA,FYERWG,HFWTNF,WGDAPV,YERWGD
GT2	9	DFQ33|DFQ33_003540-T1	24.7	41	SQRRRW,PGAFSA,EDRILC,TMYNED,KMSNIL,RWLNGS,GAFSAY,LDKPLE,SVLPGA,LAEDRI,NILDKP,MSNILD,GGACGE,FEYKMS,ISQRRR,QNFEYK,DIVISL,AFSAYR,ISVLPG,DRILCF,EYKMSN,WLNGSF,YKMSNI,GACGEI,LPGAFS,RRWLNG,AEDRIL,VSWGTK,DKPLES,RRRWLN,HDVSWG,YLAEDR,DVSWGT,VLPGAF,RILCFE,NMYLAE,MYLAED,SWGTKG,SNILDK,ILDKPL,QRRRWL
GT2	122	DFQ33|DFQ33_003209-T1	13.9	29	LGLGTA,PTYNER,YVFQME,VSDLTG,DIVTGT,SFRLYK,GVSDLT,VFQMEM,CDIVTG,SHHPKF,HHPKFI,DLTGSF,PGVSDL,HPKFIP,VTGTRY,KGYVFQ,KLGLGT,GKLGLG,ITFVDR,TGSFRL,GSFRLY,IVTGTR,GYVFQM,NCDIVT,SKGYVF,LTGSFR,LPTYNE,GLGTAY,SDLTGS
GT2	161	DFQ33|DFQ33_005809-T1	37.3	58	TLHKKN,SQRRRW,RHNMAK,LCGTFC,FSMQFV,ETKIAN,RWINST,EYYISH,LSQRRR,VDADTK,NRGKRD,GLCGET,CGTFCF,LHKKNL,GNRGKR,GEDRYL,DLCGTF,NLLLLG,WINSTV,MGLCGE,CLPGCF,VLLSQR,VTCLPG,INSTVH,KKNLLL,TFPKRK,STVHNL,KNLLLL,FDDFSW,CFSMQF,MVDADT,LLSQRR,FCFSMQ,LGEDRY,DDFSWG,DADTKV,LLGEDR,QRRRWI,LLLGED,PGNRGK,WNFVLP,LMVDAD,GTFCFS,KPGNRG,TFCFSM,NSTVHN,YYISHH,LLLLGE,GETKIA,TKIANK,LCGETK,RRWINS,HKKNLL,RRRWIN,IQVFEY,CGETKI,KRHNMA,TCLPGC
GT2	161	DFQ33|DFQ33_004461-T1	35.9	54	LCGTFC,CFSMQF,WINSTV,NLLLLG,MVDADT,STVHNL,NSTVHN,IQVFEY,LLGEDR,KPGNRG,GKRDSQ,INSTVH,FCFSMQ,RRRWIN,SQRRRW,DDFSWG,LLSQRR,PGNRGK,GLCGET,RHNMAK,LGEDRY,TCLPGC,ETKIAN,DLCGTF,PGCFSM,LPGCFS,GETKIA,LLLGED,YYISHH,TFCFSM,GNRGKR,RGKRDS,KRHNMA,LMVDAD,GTFCFS,VLLSQR,LSQRRR,KNLLLL,CGTFCF,QRRRWI,RRWINS,RWINST,CGETKI,NRGKRD,GEDRYL,MGLCGE,EYYISH,TFPKRK,VTCLPG,TKIANK,LLLLGE,CLPGCF,LCGETK,FDDFSW
GT2	161	DFQ33|DFQ33_000807-T1	29.8	45	GNRGKR,CFSMQF,FDDFSW,IQVFEY,RRWINS,GTFCFS,CGETKI,TFCFSM,RGKRDS,MGLCGE,GETKIA,DADTKV,LCGETK,YYISHH,IMGLCG,KNLLLL,RWINST,CGTFCF,LSQRRR,EYYISH,CLPGCF,ETKIAN,LLGEDR,NRGKRD,FSMQFV,LLLLGE,RRRWIN,LCGTFC,TCLPGC,LLSQRR,FCFSMQ,MVDADT,GLCGET,GKRDSQ,TKIANK,SQRRRW,DDFSWG,VTCLPG,VDADTK,LMVDAD,QRRRWI,WNFVLP,LLLGED,NLLLLG,VLLSQR
GT2	161	DFQ33|DFQ33_001647-T1	29.1	40	GSVTCL,INSTVH,WINSTV,LGEDRY,NRGKRD,FDDFSW,MGLCGE,RRWINS,VTCLPG,HKKNLL,LMVDAD,MAWREK,PGNRGK,STVHNL,CLPGCF,SVTCLP,LHKKNL,VLLSQR,EYYISH,QRRRWI,AKAFES,RRRWIN,NSTVHN,TLHKKN,GKRDSQ,LSQRRR,LLSQRR,RGKRDS,KPGNRG,MVDADT,YYISHH,GEDRYL,RWINST,IMGLCG,FGSVTC,GNRGKR,SQRRRW,DDFSWG,TCLPGC,GLCGET
GT2	161	DFQ33|DFQ33_005181-T1	29.0	41	MVDADT,RRRWIN,INSTVH,RGKRDS,WNFVLP,KKNLLL,GEDRYL,LMVDAD,LSQRRR,MGLCGE,QRRRWI,LCGETK,VTCLPG,LLLGED,STVHNL,LHKKNL,SQRRRW,NSTVHN,CGETKI,LLSQRR,HKKNLL,KNLLLL,DDFSWG,NRGKRD,LGEDRY,CLPGCF,GLCGET,RRWINS,NLLLLG,EYYISH,WINSTV,YYISHH,RWINST,LLLLGE,LLGEDR,TLHKKN,TCLPGC,GKRDSQ,GNRGKR,VLLSQR,FDDFSW
GT2	161	DFQ33|DFQ33_001668-T1	26.9	36	GSVTCL,INSTVH,WINSTV,LGEDRY,NRGKRD,PGCFSM,FDDFSW,RRWINS,VTCLPG,MAWREK,LMVDAD,PGNRGK,STVHNL,CLPGCF,SVTCLP,LHKKNL,VLLSQR,QRRRWI,AKAFES,RRRWIN,NSTVHN,TLHKKN,GKRDSQ,LSQRRR,LLSQRR,RGKRDS,KPGNRG,MVDADT,GEDRYL,RWINST,FGSVTC,GNRGKR,SQRRRW,DDFSWG,LPGCFS,TCLPGC
GT2	161	DFQ33|DFQ33_003847-T1	24.6	32	INSTVH,WINSTV,FDDFSW,CLPGCF,SQRRRW,KPGNRG,GKRDSQ,PGCFSM,LPGCFS,LMVDAD,NRGKRD,MVDADT,VTCLPG,LGEDRY,RGKRDS,FGSVTC,VLLSQR,GNRGKR,RWINST,RRWINS,LLSQRR,NSTVHN,DDFSWG,TCLPGC,GSVTCL,RRRWIN,QRRRWI,LSQRRR,PGNRGK,STVHNL,SVTCLP,GEDRYL
GT2	161	DFQ33|DFQ33_000422-T1	23.4	33	MGLCGE,MAWREK,GEDRYL,EYYISH,VTCLPG,LCGETK,PGNRGK,GSVTCL,DDFSWG,RWINST,RRWINS,MVDADT,TCLPGC,LMVDAD,IMGLCG,NRGKRD,PGCFSM,CLPGCF,LPGCFS,YYISHH,SVTCLP,QRRRWI,KRDSQI,SQRRRW,FDDFSW,RGKRDS,FGSVTC,GLCGET,RRRWIN,GNRGKR,LGEDRY,GKRDSQ,AKAFES
GT2	161	DFQ33|DFQ33_006008-T1	22.7	30	TLHKKN,SQRRRW,MAWREK,EYYISH,RWINST,GLCGET,LSQRRR,NRGKRD,LHKKNL,GNRGKR,GEDRYL,VLLSQR,CLPGCF,VTCLPG,FDDFSW,MVDADT,LLSQRR,LGEDRY,DDFSWG,QRRRWI,PGNRGK,LMVDAD,AKAFES,RGKRDS,KRDSQI,GKRDSQ,RRWINS,HKKNLL,RRRWIN,TCLPGC
GT20	2	DFQ33|DFQ33_004032-T1	32.6	56	NLVSYE,FHYHPG,ILWPLF,HTPFPS,FHTYDY,FPIGID,LDYIKG,GFHTYD,FPSSEI,VGVDRL,RDGMNL,RILPVR,GVDRLD,SSEIYR,YRILPV,GAAQSL,LHTPFP,YIKGVP,PFPSSE,MSSGGL,YDYARH,RHFLSS,PLFHYH,HTYDYA,DRLDYI,EIYRIL,WPLFHY,ARHFLS,AQSLNG,TRDGMN,STRDGM,FLHTPF,AAQSLN,IYRILP,RLDYIK,DGMNLV,SEIYRI,VAVPSR,PSSEIY,DYARHF,HYHPGE,LWPLFH,MNLVSY,HDYHLM,SILWPL,LFHYHP,GMNLVS,VDRLDY,TYDYAR,QVAVPS,NSILWP,SSGGLV,DYIKGV,YARHFL,TPFPSS,VGRING
GT20	4	DFQ33|DFQ33_003446-T1	23.5	29	LSAEHG,IISGRD,DEDMFR,ITSVRD,FDYDGT,AEHGCF,NIEVRP,DGMNTT,WIISGR,RDGMNT,DYDGTL,SAEHGC,GLSAEH,LTWHYR,LILSEF,VRDGMN,LFDYDG,TDEDMF,GEIVKR,PLILSE,IWIHDY,SVRDGM,NKGEIV,KGEIVK,LGLSAE,LITSVR,ISGRDQ,YDGTLT,TSVRDG
GT22	2	DFQ33|DFQ33_000213-T1	11.0	13	WEYSPE,RFLYPI,FLYPIY,KEERFL,NYWEPL,QPHKEE,EYSPEY,TWEYSP,PHKEER,QTWEYS,EERFLY,HKEERF,ERFLYP
GT24	1	DFQ33|DFQ33_000093-T1	29.4	42	PYHISA,LWCETW,LYVVDL,WGYKIL,TKEPKL,LDVLFP,GHLYER,LYERFL,ASGHLY,HLYERF,HISALY,KTIDLC,NLGYFQ,EWLWCE,IFVDAD,SGHLYE,FLDVLF,VASGHL,LDQDLP,AKTIDL,ALYVVD,WLWCET,MANLGY,ISALYV,NLDQDL,FVDADQ,ILFLDV,GYKILF,WCETWC,YKILFL,DQDLPN,KVIFVD,DLCNNP,TIDLCN,DVLFPL,VKFWFI,SALYVV,IDLCNN,KILFLD,LFLDVL,VIFVDA,YHISAL
GT3	1	DFQ33|DFQ33_003262-T1	35.2	54	PNGLNV,HEFQNL,EFVRGC,FTTHAT,FVRGCH,LLKRKP,EPWGYT,FHPEFL,GVFPSY,PSYYEP,HATLLG,ECTVMG,TIFTTH,AECTVM,GCHLGV,WGYTPA,CHLGVF,FQNLHA,VFPSYY,LGVFPS,EFQNLH,VRGCHL,LGRYLC,SYYEPW,QRNRTE,EHLLKR,ERAAAH,TPAECT,RTERLS,GYTPAE,YEPWGY,LLGRYL,PWGYTP,VFTTVS,RNRTER,GRYLCA,PAECTV,TLLGRY,HLGVFP,RYLCAG,ATLLGR,YYEPWG,RGCHLG,RGHFYG,IFTTHA,GHFYGH,HLLKRK,YTPAEC,NRTERL,TTHATL,THATLL,IYHRYC,LKRKPD,FPSYYE
GT32	5	DFQ33|DFQ33_006018-T1	4.41	6	FSGSWK,IMNWTG,DIMNWT,NWTGPG,WTGPGI,MNWTGP
GT35	1	DFQ33|DFQ33_001771-T1	15.6	26	ALGNGG,NGGLGR,HEYKRQ,VLYPND,LNDTHP,LGRLAA,GLGRLA,IHEYKR,GVAALH,RIHEYK,TSNMKF,ASGTSN,SGTSNM,GTSNMK,GGLGRL,EASGTS,KAAPGY,KRIHEY,IQLNDT,KLKVVF,GNGGLG,LGNGGL,QLNDTH,DKLKVV,NGVAAL,GRLAAC
GT39	2	DFQ33|DFQ33_001113-T1	10.5	20	EVHFGK,HHYLPA,LHHYLP,VHPPLA,VVFDEV,FGKFAS,HPPLAK,GKFASY,HFGKFA,HDVASP,DVHPPL,FASYYL,FLHHYL,VHFGKF,VFDEVH,RLILLD,DEVHFG,FDEVHF,FDVHPP,KFASYY
GT39	2	DFQ33|DFQ33_001938-T1	10.1	18	VHFGGF,HHYLPA,LHHYLP,GGYLHS,FLHHYL,VVFDEV,DEVHFG,DVHPPL,GYLHSH,FDVHPP,SVVFDE,VFDEVH,VHPPLA,KWVGLF,HFGGFA,FDEVHF,EVHFGG,HPPLAK
GT39	2	DFQ33|DFQ33_000247-T1	3.13	6	EVHFGK,VHPPLA,DEVHFG,HPPLAK,VHFGKF,DVHPPL
GT39	3	DFQ33|DFQ33_002888-T1	16.4	19	LGKMLV,HFGKFG,YHDVHP,DVHPPL,PLGKML,HDVHPP,PPLGKM,PALYFA,DEAHFG,GKMLVG,KMLVGL,VHPPLG,VVWDEA,FYHDVH,VWDEAH,WDEAHF,HPPLGK,EAHFGK,AHFGKF
GT39	3	DFQ33|DFQ33_005595-T1	14.9	17	FGKFGS,FILLDS,LLDSML,FYHDVH,HDVHPP,VHPPLG,PPLGKM,DVHPPL,GKMLVG,LDSMLL,LGKMLV,HFGKFG,CFKIHF,HPPLGK,ILLDSM,PLGKML,YHDVHP
GT4	109	DFQ33|DFQ33_005385-T1	6.23	11	PTISTD,TMGYAF,YPTIST,VHYPTI,MGYAFT,DTMGYA,QFRPEK,AQFRPE,HYPTIS,TISTDM,YVHYPT
GT4	145	DFQ33|DFQ33_007174-T1	11.1	14	EHFGIV,HPDLGI,VNSNFT,LGIGGA,DLGIGG,HFGIVP,PDLGIG,IGGAER,LAIKAF,GIGGAE,SINRFE,GGAERL,FIHPDL,IHPDLG
GT4	194	DFQ33|DFQ33_001691-T1	10.1	16	VHGHQA,ENTVLR,IVHGHQ,LVYRKG,LTEAFC,EAFCIA,ICVSHT,SLTEAF,GDGPKR,FTDHSL,EAASCG,TEAFCI,IGGDGP,RLVYRK,GGDGPK,AASCGL
GT41	17	DFQ33|DFQ33_001125-T1	30.5	35	FAGTLG,AHTTAA,HPLAHL,YKMCSR,NAHTTA,NHPLAH,LYYLSL,MQSVFG,PTVLPF,NFNQLY,FNQLYK,GSLLKD,PLAHLM,VLPFHT,LPFHTF,WLLRFP,MGFAGT,CNAHTT,ECNAHT,NLNGYT,TNLGSL,NLGSLL,EAVCGL,HLMQSV,PFHTFT,TVLPFH,LAHLMQ,LWLLRF,GYVSSD,GFAGTL,AHLMQS,LGSLLK,YVSSDF,LMQSVF,HTTAAD
GT48	1	DFQ33|DFQ33_004220-T1	31.2	41	HYGHPD,YIFSEN,GRDLGF,DGKSDN,GLHLNE,EYIFSE,GDGKSD,ILGDGK,LPKRIY,NPILGD,YGHPDF,PILGDG,KGRDLG,LNEDIY,DNYLEE,GKSDNQ,KSDNQN,QTLYRT,KEQTFG,LHYGHP,REYIFS,RLPKRI,QTFGTL,CGKGRD,QCGKGR,DANQDN,ANQDNY,GKEQTF,LGDGKS,NQDNYL,QDNYLE,GKGRDL,NEDIYA,LHLNED,EDIYAG,AGKEQT,LRTRIW,GNPILG,AAGKEQ,EQTFGT,HLNEDI
GT48	1	DFQ33|DFQ33_005962-T1	29.0	38	GKEQTF,KEQTFG,CGKGRD,FFAQSL,LRTRIW,REYIFS,QDNYLE,GLHLNE,RLPKRI,NEDIYA,QCGKGR,QTLYRT,LHYGHP,EQTFGT,GKGRDL,ILGDGK,GKLHYG,FFLDTY,HYGHPD,GRDLGF,LHLNED,AGKEQT,LFFLDT,DANQDN,PILGDG,AAGKEQ,ANQDNY,LNEDIY,DNYLEE,KLHYGH,EDIYAG,YGHPDF,KGRDLG,GGKLHY,YIFSEN,NQDNYL,HLNEDI,EYIFSE
GT48	1	DFQ33|DFQ33_001182-T1	28.1	37	LGDGKS,GLHLNE,CGKGRD,EYIFSE,KGRDLG,ILGDGK,ANQDNY,KSDNQN,GDGKSD,NQDNYL,PILGDG,LHLNED,YIFSEN,HLNEDI,LRTRIW,YGHPDF,REYIFS,GNPILG,GKSDNQ,DANQDN,EDIYAG,FFLDTY,QTLYRT,LNEDIY,NPILGD,DGKSDN,DNYLEE,FLDTYL,QCGKGR,NEDIYA,HYGHPD,DTYLWY,GKGRDL,GRDLGF,QDNYLE,LDTYLW,LHYGHP
GT50	1	DFQ33|DFQ33_004895-T1	14.1	18	TRGNAE,TYRYTP,KVCTSQ,VCTSQY,HRHNFS,HFKIYP,RGNAES,KIYPII,ISTRGN,CTSQYF,FKIYPI,IYPIIY,YRYTPL,STRGNA,DHRHNF,NKVCTS,YTDIDY,RYTPLL
GT57	1	DFQ33|DFQ33_004525-T1	21.5	28	GDFEAQ,QYWGLD,FEAQRH,KVANFW,EDKVAN,EAQRHW,FSFQVH,SFFLFS,LFSFQV,WGLDYP,FKQMAL,FLFSFQ,QMALYY,GLDYPP,DFEAQR,YDLQYW,DKVANF,FFLFSF,FQVHEK,YWGLDY,DLQYWG,LQYWGL,SFQVHE,GHFQYN,VANFWC,KQMALY,HGHFQY,FEDKVA
GT57	2	DFQ33|DFQ33_004303-T1	16.3	20	HIHFQY,LFGWHV,WHVHEK,VHEKAI,HVHEKA,KHIFLY,LSRLFP,DHIHFQ,FKHIFL,FVFLLR,HFQYNG,GWHVHE,FGWHVH,HEKAIM,HAYWAP,FQYNGF,AYWAPN,YFVFLL,SRLFPF,IHFQYN
GT58	2	DFQ33|DFQ33_002658-T1	4.6	10	GPLVYP,GFLDGE,KGDTGP,DTGPLV,LKGDTG,TGPLVY,AYMQEV,PLVYPG,YTEIDW,GDTGPL
GT66	1	DFQ33|DFQ33_006655-T1	34.5	46	VDNNTW,DVDYVL,RSVAGS,PIIASV,WYPLGR,SVAGSY,WWDYGY,VSEHQP,SVSEHQ,INKFLW,IPIIAS,AGSYDN,YFYMVS,GSYDNE,WDYGYQ,ISRSVA,SRSVAG,IIASVS,EFDPWF,GVMVRL,YSLWDT,VAGSYD,NTWNNT,ASVSEH,TWNNTH,AGVMVR,IHEFDP,NNTWNN,DINKFL,YFAGVM,FDPWFN,DDINKF,EAYYWL,DDFREA,HEFDPW,DFREAY,DYGYQI,REAYYW,FAGVMV,AYYWLR,WNNTHI,DNNTWN,IASVSE,NNTHIA,NKFLWM,AWGGYV
GT8	39	DFQ33|DFQ33_006754-T1	12.5	16	WPDCFN,LPFIYN,ADTLVL,DGGDQG,FNSGVF,GSFDGG,CFNSGV,PDCFNS,DCFNSG,SFDGGD,GGDQGL,FDGGDQ,DQGLLN,GWPDCF,GDQGLL,DADTLV
CBM1	13	DFQ33|DFQ33_001517-T1	3.96	10	QCVFPD,VYWGQN,AAPQCV,FYNNYC,CVFPDA,LGVPGS,YNNYCG,YWGQNS,QFYNNY,PQCVFP
CBM1	13	DFQ33|DFQ33_001597-T1	3.46	8	PFGDAV,WDNWAK,FYNNYC,RPFGDA,YNNYCG,YWGQNS,QFYNNY,AAPQCP
CBM12	6	DFQ33|DFQ33_002963-T1	9.6	12	LISLGG,HINYAF,IDWEYP,IDIDWE,LTHINY,INYAFG,THINYA,DGIDID,ISLGGW,SLGGWT,GIDIDW,DIDWEY
CBM12	6	DFQ33|DFQ33_002969-T1	9.6	12	LISLGG,HINYAF,IDWEYP,IDIDWE,LTHINY,INYAFG,THINYA,DGIDID,ISLGGW,SLGGWT,GIDIDW,DIDWEY
CBM12	6	DFQ33|DFQ33_002966-T1	5.99	7	IDWEYP,IDIDWE,LTHINY,DGIDID,FDGIDI,DIDWEY,GIDIDW
CBM12	6	DFQ33|DFQ33_001157-T1	5.96	7	GIDIDW,IDIDWE,HINYAF,DIDWEY,THINYA,DGIDID,IDWEYP
CBM12	6	DFQ33|DFQ33_000252-T1	5.1	6	IDWEYP,DIDWEY,DGIDID,IDIDWE,GIDIDW,SLGGWT
CBM12	6	DFQ33|DFQ33_005505-T1	5.07	6	IDIDWE,GIDIDW,IDWEYP,LTHINY,DIDWEY,DGIDID
CBM12	11	DFQ33|DFQ33_003030-T1	8.25	10	YAFADI,IMTYDF,NYAFAD,ISVGGW,GVDLDW,YLLTIA,VDLDWE,DGVDLD,NIMTYD,INYAFA
CBM18	7	DFQ33|DFQ33_006383-T1	4.89	11	SHTWSH,QIASHT,TFDDGP,EGHQIA,IASHTW,HQIASH,ALTFDD,GHQIAS,LTFDDG,VALTFD,ASHTWS
CBM18	7	DFQ33|DFQ33_004469-T1	3.96	9	QIASHT,SHTWSH,ASHTWS,GHQIAS,LTFDDG,HQIASH,ALTFDD,IASHTW,EGHQIA
CBM18	7	DFQ33|DFQ33_004470-T1	2.76	7	QIASHT,GHQIAS,LTFDDG,HQIASH,ALTFDD,IASHTW,EGHQIA
CBM19	1	DFQ33|DFQ33_001517-T1	7.2	8	LLSLGG,VYWGQN,LSLGGA,FYNNYC,IQFYNN,FIQFYN,YWGQNS,QFYNNY
CBM19	1	DFQ33|DFQ33_004496-T1	5.6	6	FYNNYC,LWDASQ,YWGQNS,QFYNNY,IQFYNN,FIQFYN
CBM19	1	DFQ33|DFQ33_001597-T1	5.57	6	FYNNYC,IQFYNN,FIQFYN,YWGQNS,QFYNNY,AAPQCP
CBM19	1	DFQ33|DFQ33_004960-T1	5.24	6	IQFYNN,AAGSGY,YWGQNS,SAAPQC,LSLGGA,AGSGYI
CBM2	6	DFQ33|DFQ33_003030-T1	8.76	9	IMTYDF,ISVGGW,GVDLDW,SVGGWT,YLLTIA,VDLDWE,DGVDLD,NFTLLL,NIMTYD
CBM2	6	DFQ33|DFQ33_001144-T1	6.83	7	DLDWEY,DGVDLD,DWEYPG,VDLDWE,GVPFYG,GVDLDW,LDWEYP
CBM2	6	DFQ33|DFQ33_003645-T1	6.82	7	DGVDLD,LDWEYP,DLDWEY,VDLDWE,DWEYPG,GVDLDW,GVPFYG
CBM20	17	DFQ33|DFQ33_005956-T1	6.82	8	DLGEFN,VDNHDT,EFNQKG,ALWLPP,LGEFNQ,YDLGEF,GEFNQK,FNQKGT
CBM20	39	DFQ33|DFQ33_004032-T1	4.39	8	HDYHLM,FPSSEI,LWPLFH,ARHFLS,PSSEIY,DYARHF,YARHFL,PFPSSE
CBM20	39	DFQ33|DFQ33_003446-T1	3.4	7	IGFFLH,DYDGTL,SSEIFR,HDYHLM,LSEFTG,PFPSSE,FPSSEI
CBM32	11	DFQ33|DFQ33_004764-T1	6.04	7	NDGYGC,DGYGCG,FDAYYF,GYGCGY,RFDAYY,WTGDQS,KLDVAW
CBM39	5	DFQ33|DFQ33_007482-T1	11.0	13	GGGNWE,ASGEID,FEDNFD,WIWPAI,NPIQSA,IFEDNF,WPASGE,GDWIWP,SGEIDI,PASGEI,GGNWEF,DWIWPA,IWPAIW
CBM39	5	DFQ33|DFQ33_005816-T1	7.51	9	ASGEID,PASGEI,GGNWEF,GGGNWE,WPASGE,FNFKYG,NFKYGK,SGEIDI,WPAIWL
CBM4	2	DFQ33|DFQ33_007482-T1	2.96	6	GEIDIM,ASGEID,NVAVGG,WPAIWM,SGEIDI,EIDIME
CBM43	1	DFQ33|DFQ33_003678-T1	7.89	11	DFYGIN,VWSGGI,GNEVTN,KIPVGY,AGNEVT,WSGGIV,ADFYGI,SGGIVY,FAGNEV,FFAGNE,GFFAGN
CBM43	1	DFQ33|DFQ33_003676-T1	7.43	11	NVLGFF,DFYGIN,ADFYGI,VLGFFA,KADFYG,SGGIVY,FAGNEV,FFAGNE,LGFFAG,GFFAGN,SEYGCN
CBM43	1	DFQ33|DFQ33_005638-T1	7.43	11	SGGIVY,VLGFFA,GFFAGN,LGFFAG,FAGNEV,NVLGFF,KADFYG,SEYGCN,ADFYGI,DFYGIN,FFAGNE
CBM48	20	DFQ33|DFQ33_003156-T1	29.1	42	SFGYQV,SHDQAL,YREWAP,DGVTSM,GEGYLN,ALVGDK,ALHKMI,FPREGN,HKMIRL,EWAPNA,TLTNRR,NEFGHP,EFGHPE,DGFRFD,VHSHAS,GVTSML,EGYLNF,YASFGY,FGHPEW,LVGDKT,RFDGVT,GFDYRL,AEDVSG,ASFGYQ,IYEAHV,SRLFNY,DQALVG,GDFNNW,HDQALV,FDGVTS,FRFDGV,VTSMLY,LHKMIR,QALVGD,GFRFDG,YYASFG,GNEFGH,YEAHVG,DFPREG,VGDKTI,ESHDQA,MAIMEH
CBM5	9	DFQ33|DFQ33_003030-T1	9.98	11	YAFADI,IMTYDF,NYAFAD,ISVGGW,HINYAF,GVDLDW,YLLTIA,VDLDWE,DGVDLD,NIMTYD,INYAFA
CBM5	9	DFQ33|DFQ33_003645-T1	5.36	6	DGVDLD,LDWEYP,DLDWEY,VDLDWE,HINYAF,GVDLDW
CBM5	14	DFQ33|DFQ33_002963-T1	5.04	8	IDWEYP,IDIDWE,DWEYPG,DGIDID,ISLGGW,SLGGWT,GIDIDW,DIDWEY
CBM5	14	DFQ33|DFQ33_002969-T1	5.04	8	IDWEYP,IDIDWE,DWEYPG,DGIDID,ISLGGW,SLGGWT,GIDIDW,DIDWEY
CBM5	14	DFQ33|DFQ33_002966-T1	4.6	7	IDWEYP,IDIDWE,DWEYPG,DGIDID,FDGIDI,DIDWEY,GIDIDW
CBM5	14	DFQ33|DFQ33_000252-T1	4.45	7	IDWEYP,DIDWEY,DGIDID,DWEYPG,IDIDWE,GIDIDW,SLGGWT
CBM5	14	DFQ33|DFQ33_001157-T1	3.92	6	GIDIDW,IDIDWE,DIDWEY,DWEYPG,DGIDID,IDWEYP
CBM5	14	DFQ33|DFQ33_005505-T1	3.92	6	IDIDWE,DWEYPG,GIDIDW,IDWEYP,DIDWEY,DGIDID
CBM5	49	DFQ33|DFQ33_000673-T1	7.31	8	HGTHVA,THVAGT,ISGTSM,SGTSMA,GTHVAG,VAGTIA,HVAGTI,GHGTHV
CBM5	49	DFQ33|DFQ33_000674-T1	7.31	8	HGTHVA,THVAGT,ISGTSM,SGTSMA,GTHVAG,VAGTIA,HVAGTI,GHGTHV
CBM5	49	DFQ33|DFQ33_003646-T1	6.84	9	NGHGTH,TSMATP,MATPHV,GTSMAT,SMATPH,MSLGGS,SGTSMA,ISGTSM,SMSLGG
CBM5	49	DFQ33|DFQ33_007301-T1	6.27	7	ISGTSM,HGTHVA,THVAGT,NGHGTH,SGTSMA,GHGTHV,GTHVAG
CBM5	49	DFQ33|DFQ33_003674-T1	6.14	8	NGHGTH,TSMATP,MATPHV,GTSMAT,SMATPH,SGTSMA,ISGTSM,SMSLGG
CBM5	49	DFQ33|DFQ33_005217-T1	6.14	8	GTSMAT,MATPHV,SMSLGG,SMATPH,SISGTS,SGTSMA,ISGTSM,TSMATP
CBM5	49	DFQ33|DFQ33_003643-T1	5.44	7	TSMATP,MATPHV,GTSMAT,SMATPH,SGTSMA,ISGTSM,SMSLGG
CBM5	49	DFQ33|DFQ33_003845-T1	5.44	7	NGHGTH,TSMATP,MATPHV,GTSMAT,SMATPH,SGTSMA,ISGTSM
CBM5	49	DFQ33|DFQ33_008017-T1	5.44	7	GTSMAT,ISGTSM,MATPHV,SGTSMA,NGHGTH,SMATPH,TSMATP
CBM5	49	DFQ33|DFQ33_004047-T1	5.43	6	GHGTHV,GTHVAG,HGTHVA,SGTSMA,TSMATP,GTSMAT
CBM5	49	DFQ33|DFQ33_007494-T1	5.43	6	HGTHVA,GTSMAT,SGTSMA,TSMATP,GHGTHV,GTHVAG
CBM5	49	DFQ33|DFQ33_003112-T1	4.74	6	SMATPH,TSMATP,SGTSMA,MATPHV,ISGTSM,GTSMAT
CBM5	49	DFQ33|DFQ33_003647-T1	4.74	6	TSMATP,MATPHV,GTSMAT,SMATPH,SGTSMA,ISGTSM
CBM5	49	DFQ33|DFQ33_003844-T1	4.74	6	TSMATP,MATPHV,GTSMAT,SMATPH,SGTSMA,ISGTSM
CBM5	84	DFQ33|DFQ33_004359-T1	6.85	7	LTAAHC,CNGDSG,GWGLTS,VLTAAH,NGDSGG,GDSGGP,ACNGDS
CBM5	84	DFQ33|DFQ33_008110-T1	6.0	6	LTAAHC,ACNGDS,NGDSGG,VLTAAH,CNGDSG,GDSGGP
CBM51	2	DFQ33|DFQ33_004764-T1	8.28	9	NDGYGC,DGYGCG,FDAYYF,TLYEDD,LVAPVY,GYGCGY,RFDAYY,WTGDQS,KLDVAW
CBM54	1	DFQ33|DFQ33_007482-T1	3.78	6	GEIDIM,ASGEID,WPAIWM,SGEIDI,IWPAIW,EIDIME
CBM55	1	DFQ33|DFQ33_001157-T1	6.0	6	GIDIDW,IDIDWE,LDGIDI,NLDGID,DIDWEY,IDWEYP
CBM57	6	DFQ33|DFQ33_004564-T1	4.62	6	SMASPH,THTMGT,HGTHTM,GTHTMG,GTSMAS,TSMASP
CBM57	6	DFQ33|DFQ33_004569-T1	4.62	6	SMASPH,THTMGT,HGTHTM,GTHTMG,GTSMAS,TSMASP
CBM57	6	DFQ33|DFQ33_002837-T1	4.33	6	TSMASP,SMASPH,GTSMAS,SGTSMA,HGTHTM,DHNYNW
CBM57	16	DFQ33|DFQ33_000514-T1	12.8	14	IRVFCR,SKTLMF,VCIFAY,RNSKLT,FAYGQT,TFTMEG,GNIRVF,GKTFTM,NIRVFC,KTFTME,IFAYGQ,KTLMFV,AYGQTG,DLAGSE
CBM57	16	DFQ33|DFQ33_006315-T1	10.7	11	YGQTGT,SSRSHC,VDLAGS,QTGTGK,GQTGTG,TGTGKT,LVDLAG,FAYGQT,AYGQTG,RNSKLT,DLAGSE
CBM57	16	DFQ33|DFQ33_000139-T1	8.88	9	LVDLAG,GQTGTG,VDLAGS,DLAGSE,QTGTGK,YGQTGT,AYGQTG,TGTGKT,FAYGQT
CBM57	16	DFQ33|DFQ33_000934-T1	6.76	7	VDLAGS,SLSALG,AYGQTG,LVDLAG,FAYGQT,GKTFTM,DLAGSE
CBM57	16	DFQ33|DFQ33_006765-T1	6.76	7	LVDLAG,FAYGQT,LAGSER,AYGQTG,VDLAGS,IFAYGQ,DLAGSE
CBM57	16	DFQ33|DFQ33_002758-T1	5.76	6	GKTFTM,VDLAGS,LVDLAG,FAYGQT,DLAGSE,AYGQTG
CBM6	15	DFQ33|DFQ33_007482-T1	4.6	8	GEIDIM,ASGEID,NVAVGG,WPAIWM,WPASGE,SGEIDI,PASGEI,EIDIME
CBM6	15	DFQ33|DFQ33_005816-T1	4.11	8	ASGEID,EIDIME,GEIDIM,GWPASG,PASGEI,WPASGE,NLAVGG,SGEIDI
