DFQ33|DFQ33_000030-T1      0.277  27  0.390  27  0.781   4  0.636   0.486 Y  0.450      SignalP-TM
DFQ33|DFQ33_000043-T1      0.317  22  0.490  22  0.870  11  0.777   0.625 Y  0.570      SignalP-noTM
DFQ33|DFQ33_000048-T1      0.339  18  0.534  18  0.905  15  0.850   0.682 Y  0.570      SignalP-noTM
DFQ33|DFQ33_000055-T1      0.324  25  0.476  25  0.813  14  0.624   0.534 Y  0.450      SignalP-TM
DFQ33|DFQ33_000055-T1      0.476  25  0.540  25  0.823  13  0.675   0.604 Y  0.570      SignalP-noTM
DFQ33|DFQ33_000193-T1      0.290  24  0.489  24  0.947  14  0.855   0.624 Y  0.510      SignalP-TM
DFQ33|DFQ33_000193-T1      0.313  34  0.450  27  0.946  15  0.867   0.613 Y  0.450      SignalP-TM
DFQ33|DFQ33_000197-T1      0.198  21  0.424  21  0.960  17  0.881   0.639 Y  0.570      SignalP-noTM
DFQ33|DFQ33_000197-T1      0.265  36  0.406  36  0.879  17  0.735   0.534 Y  0.450      SignalP-TM
DFQ33|DFQ33_000210-T1      0.337  27  0.513  27  0.929  17  0.755   0.607 Y  0.450      SignalP-TM
DFQ33|DFQ33_000210-T1      0.559  27  0.616  27  0.963  15  0.798   0.702 Y  0.570      SignalP-noTM
DFQ33|DFQ33_000244-T1      0.155  24  0.372  21  0.941  13  0.908   0.624 Y  0.570      SignalP-noTM
DFQ33|DFQ33_000258-T1      0.368  19  0.513  19  0.868  17  0.730   0.615 Y  0.570      SignalP-noTM
DFQ33|DFQ33_000265-T1      0.283  25  0.392  25  0.726   7  0.602   0.474 Y  0.450      SignalP-TM
DFQ33|DFQ33_000279-T1      0.146  22  0.308  22  0.806   8  0.679   0.453 Y  0.450      SignalP-TM
DFQ33|DFQ33_000299-T1      0.224  23  0.426  23  0.923  10  0.828   0.615 Y  0.570      SignalP-noTM
DFQ33|DFQ33_000316-T1      0.141  36  0.334  22  0.931  13  0.811   0.520 Y  0.450      SignalP-TM
DFQ33|DFQ33_000316-T1      0.282  20  0.508  20  0.957  18  0.898   0.691 Y  0.570      SignalP-noTM
DFQ33|DFQ33_000358-T1      0.213  21  0.418  21  0.905  16  0.821   0.575 Y  0.450      SignalP-TM
DFQ33|DFQ33_000358-T1      0.613  21  0.743  21  0.949  17  0.900   0.817 Y  0.570      SignalP-noTM
DFQ33|DFQ33_000359-T1      0.290  21  0.502  21  0.926   1  0.859   0.669 Y  0.570      SignalP-noTM
DFQ33|DFQ33_000359-T1      0.325  27  0.503  27  0.900  19  0.727   0.590 Y  0.450      SignalP-TM
DFQ33|DFQ33_000381-T1      0.186  23  0.370  23  0.831   4  0.747   0.517 Y  0.450      SignalP-TM
DFQ33|DFQ33_000423-T1      0.468  20  0.582  20  0.900  12  0.688   0.632 Y  0.570      SignalP-noTM
DFQ33|DFQ33_000433-T1      0.145  44  0.289  14  0.903   9  0.823   0.497 Y  0.450      SignalP-TM
DFQ33|DFQ33_000447-T1      0.237  19  0.469  19  0.959  17  0.928   0.648 Y  0.450      SignalP-TM
DFQ33|DFQ33_000447-T1      0.605  19  0.742  19  0.954  17  0.910   0.821 Y  0.570      SignalP-noTM
DFQ33|DFQ33_000480-T1      0.144  27  0.334  21  0.918   4  0.843   0.573 Y  0.570      SignalP-noTM
DFQ33|DFQ33_000480-T1      0.269  27  0.394  27  0.765  15  0.631   0.486 Y  0.450      SignalP-TM
DFQ33|DFQ33_000483-T1      0.309  25  0.488  25  0.867  21  0.743   0.587 Y  0.450      SignalP-TM
DFQ33|DFQ33_000497-T1      0.335  27  0.490  27  0.807  22  0.668   0.560 Y  0.450      SignalP-TM
DFQ33|DFQ33_000517-T1      0.237  26  0.364  26  0.765  16  0.603   0.457 Y  0.450      SignalP-TM
DFQ33|DFQ33_000536-T1      0.455  28  0.635  28  0.930  25  0.813   0.705 Y  0.450      SignalP-TM
DFQ33|DFQ33_000553-T1      0.237  17  0.419  17  0.851   1  0.758   0.578 Y  0.570      SignalP-noTM
DFQ33|DFQ33_000563-T1      0.471  21  0.633  21  0.925  19  0.851   0.735 Y  0.570      SignalP-noTM
DFQ33|DFQ33_000563-T1      0.661  30  0.707  30  0.843  27  0.741   0.720 Y  0.450      SignalP-TM
DFQ33|DFQ33_000564-T1      0.256  19  0.484  19  0.950  11  0.914   0.686 Y  0.570      SignalP-noTM
DFQ33|DFQ33_000564-T1      0.272  24  0.471  24  0.889  16  0.773   0.589 Y  0.450      SignalP-TM
DFQ33|DFQ33_000568-T1      0.419  21  0.595  21  0.920  19  0.847   0.714 Y  0.570      SignalP-noTM
DFQ33|DFQ33_000568-T1      0.661  30  0.715  30  0.856  19  0.759   0.732 Y  0.450      SignalP-TM
DFQ33|DFQ33_000596-T1      0.285  21  0.437  21  0.843  19  0.664   0.525 Y  0.450      SignalP-TM
DFQ33|DFQ33_000607-T1      0.261  20  0.416  20  0.759  14  0.678   0.518 Y  0.450      SignalP-TM
DFQ33|DFQ33_000615-T1      0.268  30  0.471  30  0.906  23  0.808   0.603 Y  0.450      SignalP-TM
DFQ33|DFQ33_000626-T1      0.216  25  0.365  25  0.722  11  0.610   0.461 Y  0.450      SignalP-TM
DFQ33|DFQ33_000627-T1      0.305  22  0.472  22  0.789   6  0.719   0.568 Y  0.450      SignalP-TM
DFQ33|DFQ33_000631-T1      0.144  22  0.315  22  0.806  10  0.696   0.464 Y  0.450      SignalP-TM
DFQ33|DFQ33_000646-T1      0.190  26  0.374  26  0.827  20  0.656   0.484 Y  0.450      SignalP-TM
DFQ33|DFQ33_000666-T1      0.277  20  0.475  20  0.900  17  0.819   0.637 Y  0.570      SignalP-noTM
DFQ33|DFQ33_000700-T1      0.171  23  0.370  23  0.890  14  0.783   0.531 Y  0.450      SignalP-TM
DFQ33|DFQ33_000709-T1      0.207  19  0.406  19  0.882  17  0.741   0.537 Y  0.450      SignalP-TM
DFQ33|DFQ33_000709-T1      0.402  19  0.586  19  0.903  15  0.829   0.700 Y  0.570      SignalP-noTM
DFQ33|DFQ33_000732-T1      0.448  21  0.555  21  0.789  19  0.638   0.594 Y  0.570      SignalP-noTM
DFQ33|DFQ33_000742-T1      0.247  31  0.358  31  0.746   6  0.603   0.453 Y  0.450      SignalP-TM
DFQ33|DFQ33_000744-T1      0.299  22  0.433  22  0.833   6  0.689   0.533 Y  0.450      SignalP-TM
DFQ33|DFQ33_000744-T1      0.600  22  0.653  22  0.887   4  0.774   0.710 Y  0.570      SignalP-noTM
DFQ33|DFQ33_000754-T1      0.238  22  0.410  22  0.877   1  0.738   0.538 Y  0.450      SignalP-TM
DFQ33|DFQ33_000754-T1      0.264  22  0.433  22  0.879   2  0.746   0.580 Y  0.570      SignalP-noTM
DFQ33|DFQ33_000773-T1      0.218  18  0.368  18  0.878   1  0.655   0.480 Y  0.450      SignalP-TM
DFQ33|DFQ33_000773-T1      0.590  18  0.700  18  0.914  17  0.833   0.762 Y  0.570      SignalP-noTM
DFQ33|DFQ33_000775-T1      0.235  17  0.443  17  0.906  11  0.825   0.623 Y  0.570      SignalP-noTM
DFQ33|DFQ33_000775-T1      0.236  27  0.382  27  0.875  14  0.687   0.501 Y  0.450      SignalP-TM
DFQ33|DFQ33_000776-T1      0.162  29  0.338  18  0.858  15  0.687   0.474 Y  0.450      SignalP-TM
DFQ33|DFQ33_000779-T1      0.158  26  0.350  26  0.932  15  0.813   0.531 Y  0.450      SignalP-TM
DFQ33|DFQ33_000780-T1      0.158  26  0.350  26  0.932  15  0.813   0.531 Y  0.450      SignalP-TM
DFQ33|DFQ33_000781-T1      0.294  19  0.446  19  0.871  18  0.684   0.539 Y  0.450      SignalP-TM
DFQ33|DFQ33_000781-T1      0.582  19  0.564  19  0.771   2  0.581   0.572 Y  0.570      SignalP-noTM
DFQ33|DFQ33_000782-T1      0.472  24  0.544  24  0.751  16  0.566   0.552 Y  0.450      SignalP-TM
DFQ33|DFQ33_000800-T1      0.354  29  0.415  29  0.689  12  0.509   0.451 Y  0.450      SignalP-TM
DFQ33|DFQ33_000803-T1      0.172  26  0.397  26  0.951  21  0.841   0.570 Y  0.450      SignalP-TM
DFQ33|DFQ33_000803-T1      0.615  26  0.767  26  0.972  24  0.945   0.850 Y  0.570      SignalP-noTM
DFQ33|DFQ33_000806-T1      0.253  21  0.474  21  0.943  17  0.896   0.672 Y  0.570      SignalP-noTM
DFQ33|DFQ33_000806-T1      0.366  28  0.552  28  0.952  18  0.838   0.664 Y  0.450      SignalP-TM
DFQ33|DFQ33_000851-T1      0.347  23  0.548  23  0.940  13  0.873   0.675 Y  0.450      SignalP-TM
DFQ33|DFQ33_000851-T1      0.410  23  0.588  23  0.934  11  0.875   0.723 Y  0.570      SignalP-noTM
DFQ33|DFQ33_000867-T1      0.206  26  0.415  23  0.937  16  0.901   0.604 Y  0.450      SignalP-TM
DFQ33|DFQ33_000867-T1      0.240  23  0.428  23  0.943  13  0.821   0.613 Y  0.570      SignalP-noTM
DFQ33|DFQ33_000888-T1      0.229  28  0.354  28  0.919   7  0.726   0.499 Y  0.450      SignalP-TM
DFQ33|DFQ33_000888-T1      0.378  21  0.546  21  0.930   1  0.834   0.682 Y  0.570      SignalP-noTM
DFQ33|DFQ33_000902-T1      0.225  20  0.422  20  0.902  13  0.811   0.605 Y  0.570      SignalP-noTM
DFQ33|DFQ33_000919-T1      0.486  32  0.476  32  0.715   2  0.537   0.500 Y  0.450      SignalP-TM
DFQ33|DFQ33_000942-T1      0.200  29  0.361  20  0.831   1  0.744   0.510 Y  0.450      SignalP-TM
DFQ33|DFQ33_000969-T1      0.270  24  0.426  24  0.847  17  0.703   0.534 Y  0.450      SignalP-TM
DFQ33|DFQ33_000969-T1      0.671  21  0.770  21  0.951   9  0.883   0.812 Y  0.510      SignalP-TM
DFQ33|DFQ33_000984-T1      0.279  27  0.487  27  0.968  20  0.837   0.623 Y  0.450      SignalP-TM
DFQ33|DFQ33_000984-T1      0.295  24  0.516  24  0.953  17  0.914   0.703 Y  0.570      SignalP-noTM
DFQ33|DFQ33_001041-T1      0.144  18  0.338  18  0.860  13  0.771   0.507 Y  0.450      SignalP-TM
DFQ33|DFQ33_001061-T1      0.227  31  0.362  31  0.855  14  0.688   0.489 Y  0.450      SignalP-TM
DFQ33|DFQ33_001065-T1      0.113  23  0.276  11  0.778   1  0.759   0.464 Y  0.450      SignalP-TM
DFQ33|DFQ33_001070-T1      0.167  21  0.338  21  0.926   6  0.743   0.496 Y  0.450      SignalP-TM
DFQ33|DFQ33_001085-T1      0.479  19  0.610  19  0.862  10  0.761   0.681 Y  0.570      SignalP-noTM
DFQ33|DFQ33_001085-T1      0.547  19  0.551  19  0.624  17  0.518   0.539 Y  0.450      SignalP-TM
DFQ33|DFQ33_001095-T1      0.227  23  0.423  23  0.881  21  0.711   0.535 Y  0.450      SignalP-TM
DFQ33|DFQ33_001095-T1      0.261  22  0.480  22  0.950  21  0.889   0.673 Y  0.570      SignalP-noTM
DFQ33|DFQ33_001117-T1      0.131  31  0.271  13  0.850   5  0.743   0.455 Y  0.450      SignalP-TM
DFQ33|DFQ33_001121-T1      0.184  19  0.395  19  0.899  14  0.844   0.606 Y  0.570      SignalP-noTM
DFQ33|DFQ33_001142-T1      0.333  19  0.484  19  0.785   2  0.719   0.571 Y  0.510      SignalP-TM
DFQ33|DFQ33_001144-T1      0.288  22  0.467  22  0.914   1  0.807   0.627 Y  0.570      SignalP-noTM
DFQ33|DFQ33_001144-T1      0.317  43  0.484  22  0.913   5  0.881   0.639 Y  0.450      SignalP-TM
DFQ33|DFQ33_001157-T1      0.554  24  0.682  24  0.901   9  0.849   0.747 Y  0.450      SignalP-TM
DFQ33|DFQ33_001157-T1      0.577  24  0.656  24  0.913   1  0.805   0.726 Y  0.570      SignalP-noTM
DFQ33|DFQ33_001164-T1      0.184  28  0.355  28  0.835  17  0.653   0.471 Y  0.450      SignalP-TM
DFQ33|DFQ33_001173-T1      0.321  24  0.460  24  0.886   1  0.729   0.586 Y  0.570      SignalP-noTM
DFQ33|DFQ33_001173-T1      0.446  24  0.623  24  0.906  18  0.869   0.719 Y  0.450      SignalP-TM
DFQ33|DFQ33_001175-T1      0.315  31  0.447  31  0.799  29  0.544   0.485 Y  0.450      SignalP-TM
DFQ33|DFQ33_001180-T1      0.136  32  0.271  14  0.773   6  0.731   0.450 Y  0.450      SignalP-TM
DFQ33|DFQ33_001183-T1      0.194  25  0.367  25  0.812  21  0.644   0.475 Y  0.450      SignalP-TM
DFQ33|DFQ33_001194-T1      0.410  23  0.612  23  0.949  19  0.904   0.726 Y  0.450      SignalP-TM
DFQ33|DFQ33_001194-T1      0.834  23  0.863  23  0.934   3  0.901   0.881 Y  0.570      SignalP-noTM
DFQ33|DFQ33_001208-T1      0.314  20  0.467  20  0.840  13  0.688   0.571 Y  0.570      SignalP-noTM
DFQ33|DFQ33_001219-T1      0.444  26  0.632  26  0.963  22  0.898   0.736 Y  0.450      SignalP-TM
DFQ33|DFQ33_001219-T1      0.698  26  0.805  26  0.991  10  0.951   0.874 Y  0.570      SignalP-noTM
DFQ33|DFQ33_001224-T1      0.179  29  0.327  29  0.847  18  0.654   0.455 Y  0.450      SignalP-TM
DFQ33|DFQ33_001230-T1      0.191  43  0.352  21  0.875  11  0.732   0.500 Y  0.450      SignalP-TM
DFQ33|DFQ33_001243-T1      0.363  26  0.478  26  0.893   1  0.714   0.589 Y  0.570      SignalP-noTM
DFQ33|DFQ33_001245-T1      0.213  28  0.410  17  0.925  13  0.885   0.633 Y  0.570      SignalP-noTM
DFQ33|DFQ33_001245-T1      0.239  41  0.422  28  0.919  16  0.789   0.565 Y  0.450      SignalP-TM
DFQ33|DFQ33_001249-T1      0.319  22  0.527  22  0.934  18  0.824   0.643 Y  0.450      SignalP-TM
DFQ33|DFQ33_001249-T1      0.342  24  0.481  24  0.864  11  0.749   0.607 Y  0.570      SignalP-noTM
DFQ33|DFQ33_001250-T1      0.301  22  0.500  22  0.909   7  0.845   0.634 Y  0.450      SignalP-TM
DFQ33|DFQ33_001251-T1      0.278  22  0.497  22  0.949  17  0.892   0.683 Y  0.570      SignalP-noTM
DFQ33|DFQ33_001251-T1      0.417  22  0.627  22  0.965  18  0.908   0.737 Y  0.450      SignalP-TM
DFQ33|DFQ33_001298-T1      0.140  29  0.292  11  0.915   1  0.848   0.509 Y  0.450      SignalP-TM
DFQ33|DFQ33_001298-T1      0.152  19  0.368  19  0.938   8  0.901   0.619 Y  0.570      SignalP-noTM
DFQ33|DFQ33_001301-T1      0.173  20  0.373  20  0.889  11  0.804   0.576 Y  0.570      SignalP-noTM
DFQ33|DFQ33_001301-T1      0.201  47  0.341  18  0.858  12  0.693   0.478 Y  0.450      SignalP-TM
DFQ33|DFQ33_001322-T1      0.351  48  0.372  25  0.839   8  0.679   0.492 Y  0.450      SignalP-TM
DFQ33|DFQ33_001341-T1      0.193  14  0.403  14  0.915  13  0.842   0.610 Y  0.570      SignalP-noTM
DFQ33|DFQ33_001410-T1      0.262  20  0.439  20  0.850   4  0.769   0.594 Y  0.570      SignalP-noTM
DFQ33|DFQ33_001410-T1      0.303  22  0.459  22  0.855   2  0.731   0.565 Y  0.450      SignalP-TM
DFQ33|DFQ33_001411-T1      0.135  21  0.313  21  0.843   8  0.731   0.476 Y  0.450      SignalP-TM
DFQ33|DFQ33_001468-T1      0.566  20  0.627  20  0.895   1  0.746   0.683 Y  0.570      SignalP-noTM
DFQ33|DFQ33_001485-T1      0.336  27  0.516  27  0.953  18  0.815   0.633 Y  0.450      SignalP-TM
DFQ33|DFQ33_001485-T1      0.428  27  0.557  27  0.971  12  0.842   0.691 Y  0.570      SignalP-noTM
DFQ33|DFQ33_001503-T1      0.219  21  0.383  21  0.818   5  0.700   0.507 Y  0.450      SignalP-TM
DFQ33|DFQ33_001521-T1      0.278  27  0.442  27  0.872  21  0.685   0.537 Y  0.450      SignalP-TM
DFQ33|DFQ33_001521-T1      0.335  22  0.472  22  0.882   1  0.700   0.579 Y  0.570      SignalP-noTM
DFQ33|DFQ33_001523-T1      0.159  41  0.335  19  0.879  13  0.772   0.506 Y  0.450      SignalP-TM
DFQ33|DFQ33_001542-T1      0.480  18  0.557  18  0.719  17  0.637   0.588 Y  0.450      SignalP-TM
DFQ33|DFQ33_001545-T1      0.141  36  0.326  36  0.831  33  0.757   0.494 Y  0.450      SignalP-TM
DFQ33|DFQ33_001562-T1      0.167  21  0.360  21  0.844  17  0.779   0.523 Y  0.450      SignalP-TM
DFQ33|DFQ33_001562-T1      0.432  21  0.553  21  0.871  17  0.737   0.639 Y  0.570      SignalP-noTM
DFQ33|DFQ33_001570-T1      0.204  31  0.337  22  0.869   1  0.810   0.522 Y  0.450      SignalP-TM
DFQ33|DFQ33_001570-T1      0.245  22  0.440  22  0.905  14  0.800   0.609 Y  0.570      SignalP-noTM
DFQ33|DFQ33_001587-T1      0.194  23  0.387  23  0.882  10  0.786   0.542 Y  0.450      SignalP-TM
DFQ33|DFQ33_001587-T1      0.211  19  0.415  19  0.913  10  0.819   0.605 Y  0.570      SignalP-noTM
DFQ33|DFQ33_001589-T1      0.343  26  0.473  26  0.874  12  0.709   0.565 Y  0.450      SignalP-TM
DFQ33|DFQ33_001595-T1      0.205  44  0.418  25  0.923  19  0.843   0.584 Y  0.450      SignalP-TM
DFQ33|DFQ33_001595-T1      0.208  22  0.443  22  0.971  19  0.940   0.677 Y  0.570      SignalP-noTM
DFQ33|DFQ33_001597-T1      0.211  21  0.399  21  0.832   2  0.767   0.542 Y  0.450      SignalP-TM
DFQ33|DFQ33_001597-T1      0.235  20  0.450  20  0.933  10  0.875   0.650 Y  0.570      SignalP-noTM
DFQ33|DFQ33_001599-T1      0.218  29  0.403  23  0.938  18  0.809   0.561 Y  0.450      SignalP-TM
DFQ33|DFQ33_001599-T1      0.377  24  0.544  24  0.907  17  0.791   0.660 Y  0.570      SignalP-noTM
DFQ33|DFQ33_001609-T1      0.243  20  0.401  20  0.780   1  0.659   0.502 Y  0.450      SignalP-TM
DFQ33|DFQ33_001609-T1      0.599  20  0.653  20  0.847  18  0.713   0.681 Y  0.570      SignalP-noTM
DFQ33|DFQ33_001615-T1      0.503  28  0.595  28  0.851   1  0.696   0.634 Y  0.450      SignalP-TM
DFQ33|DFQ33_001686-T1      0.268  22  0.420  22  0.734  12  0.662   0.514 Y  0.450      SignalP-TM
DFQ33|DFQ33_001706-T1      0.129  24  0.277  11  0.773   4  0.730   0.453 Y  0.450      SignalP-TM
DFQ33|DFQ33_001733-T1      0.143  27  0.331  20  0.878  14  0.787   0.509 Y  0.450      SignalP-TM
DFQ33|DFQ33_001745-T1      0.236  19  0.407  19  0.841   3  0.726   0.531 Y  0.450      SignalP-TM
DFQ33|DFQ33_001745-T1      0.428  19  0.611  19  0.940   8  0.874   0.734 Y  0.570      SignalP-noTM
DFQ33|DFQ33_001746-T1      0.241  19  0.433  19  0.895   3  0.799   0.576 Y  0.450      SignalP-TM
DFQ33|DFQ33_001746-T1      0.432  19  0.624  19  0.956   8  0.902   0.755 Y  0.570      SignalP-noTM
DFQ33|DFQ33_001765-T1      0.415  22  0.524  22  0.871  18  0.689   0.588 Y  0.450      SignalP-TM
DFQ33|DFQ33_001765-T1      0.596  22  0.666  22  0.893  18  0.778   0.719 Y  0.570      SignalP-noTM
DFQ33|DFQ33_001775-T1      0.273  22  0.418  22  0.789   9  0.664   0.514 Y  0.450      SignalP-TM
DFQ33|DFQ33_001775-T1      0.846  22  0.803  22  0.884   3  0.801   0.802 Y  0.570      SignalP-noTM
DFQ33|DFQ33_001786-T1      0.150  47  0.321  21  0.859  20  0.687   0.464 Y  0.450      SignalP-TM
DFQ33|DFQ33_001787-T1      0.212  24  0.436  19  0.942   9  0.911   0.659 Y  0.570      SignalP-noTM
DFQ33|DFQ33_001787-T1      0.287  35  0.401  24  0.931  12  0.827   0.567 Y  0.450      SignalP-TM
DFQ33|DFQ33_001788-T1      0.189  55  0.328  22  0.811  17  0.718   0.480 Y  0.450      SignalP-TM
DFQ33|DFQ33_001801-T1      0.281  19  0.467  19  0.838   5  0.783   0.590 Y  0.450      SignalP-TM
DFQ33|DFQ33_001801-T1      0.345  19  0.539  19  0.901   2  0.854   0.687 Y  0.570      SignalP-noTM
DFQ33|DFQ33_001810-T1      0.236  26  0.374  26  0.888  19  0.627   0.473 Y  0.450      SignalP-TM
DFQ33|DFQ33_001810-T1      0.373  20  0.566  20  0.918  18  0.853   0.701 Y  0.570      SignalP-noTM
DFQ33|DFQ33_001840-T1      0.217  22  0.364  22  0.837   4  0.670   0.484 Y  0.450      SignalP-TM
DFQ33|DFQ33_001872-T1      0.201  23  0.370  23  0.789  20  0.679   0.491 Y  0.450      SignalP-TM
DFQ33|DFQ33_001872-T1      0.380  23  0.519  23  0.825   2  0.736   0.621 Y  0.570      SignalP-noTM
DFQ33|DFQ33_001886-T1      0.320  23  0.495  23  0.918  20  0.742   0.611 Y  0.570      SignalP-noTM
DFQ33|DFQ33_001911-T1      0.299  23  0.451  23  0.863  14  0.735   0.585 Y  0.570      SignalP-noTM
DFQ33|DFQ33_001918-T1      0.277  26  0.390  26  0.874  16  0.607   0.474 Y  0.450      SignalP-TM
DFQ33|DFQ33_001918-T1      0.373  19  0.552  19  0.897  16  0.806   0.672 Y  0.570      SignalP-noTM
DFQ33|DFQ33_001940-T1      0.257  17  0.431  17  0.825  16  0.731   0.572 Y  0.570      SignalP-noTM
DFQ33|DFQ33_001956-T1      0.133  22  0.312  22  0.812  18  0.736   0.477 Y  0.450      SignalP-TM
DFQ33|DFQ33_001957-T1      0.127  22  0.301  19  0.813  13  0.703   0.458 Y  0.450      SignalP-TM
DFQ33|DFQ33_001965-T1      0.182  32  0.360  25  0.920  17  0.799   0.531 Y  0.450      SignalP-TM
DFQ33|DFQ33_001965-T1      0.801  20  0.871  20  0.974  18  0.934   0.900 Y  0.570      SignalP-noTM
DFQ33|DFQ33_001968-T1      0.189  32  0.323  22  0.825  18  0.673   0.459 Y  0.450      SignalP-TM
DFQ33|DFQ33_001968-T1      0.471  20  0.643  20  0.928  13  0.861   0.746 Y  0.570      SignalP-noTM
DFQ33|DFQ33_001969-T1      0.381  20  0.501  20  0.824  17  0.658   0.575 Y  0.570      SignalP-noTM
DFQ33|DFQ33_002008-T1      0.361  28  0.446  28  0.717  10  0.554   0.488 Y  0.450      SignalP-TM
DFQ33|DFQ33_002067-T1      0.154  17  0.368  17  0.905  15  0.881   0.609 Y  0.570      SignalP-noTM
DFQ33|DFQ33_002067-T1      0.223  31  0.383  31  0.800   5  0.712   0.511 Y  0.450      SignalP-TM
DFQ33|DFQ33_002100-T1      0.160  21  0.325  21  0.758  15  0.656   0.454 Y  0.450      SignalP-TM
DFQ33|DFQ33_002122-T1      0.390  19  0.526  19  0.784   9  0.714   0.614 Y  0.570      SignalP-noTM
DFQ33|DFQ33_002145-T1      0.196  32  0.323  21  0.865   9  0.770   0.497 Y  0.450      SignalP-TM
DFQ33|DFQ33_002145-T1      0.451  21  0.638  21  0.926  19  0.901   0.761 Y  0.570      SignalP-noTM
DFQ33|DFQ33_002149-T1      0.159  32  0.287  18  0.808  10  0.729   0.460 Y  0.450      SignalP-TM
DFQ33|DFQ33_002149-T1      0.202  21  0.398  21  0.896  17  0.792   0.583 Y  0.570      SignalP-noTM
DFQ33|DFQ33_002153-T1      0.397  21  0.538  19  0.861  15  0.789   0.656 Y  0.570      SignalP-noTM
DFQ33|DFQ33_002163-T1      0.222  31  0.443  26  0.977  23  0.870   0.610 Y  0.450      SignalP-TM
DFQ33|DFQ33_002163-T1      0.301  26  0.465  26  0.798  21  0.611   0.519 Y  0.510      SignalP-TM
DFQ33|DFQ33_002203-T1      0.255  30  0.437  25  0.953  14  0.873   0.642 Y  0.570      SignalP-noTM
DFQ33|DFQ33_002203-T1      0.346  30  0.474  30  0.929  16  0.778   0.592 Y  0.450      SignalP-TM
DFQ33|DFQ33_002277-T1      0.385  31  0.527  31  0.909  23  0.686   0.589 Y  0.450      SignalP-TM
DFQ33|DFQ33_002286-T1      0.376  22  0.533  22  0.862  13  0.731   0.626 Y  0.570      SignalP-noTM
DFQ33|DFQ33_002290-T1      0.208  22  0.385  22  0.801   1  0.735   0.522 Y  0.450      SignalP-TM
DFQ33|DFQ33_002290-T1      0.279  22  0.480  22  0.899   1  0.825   0.642 Y  0.570      SignalP-noTM
DFQ33|DFQ33_002312-T1      0.340  31  0.400  31  0.807  13  0.576   0.469 Y  0.450      SignalP-TM
DFQ33|DFQ33_002338-T1      0.449  26  0.496  26  0.819  11  0.615   0.542 Y  0.450      SignalP-TM
DFQ33|DFQ33_002346-T1      0.184  23  0.397  23  0.917  16  0.861   0.615 Y  0.570      SignalP-noTM
DFQ33|DFQ33_002370-T1      0.150  26  0.323  26  0.814  13  0.714   0.476 Y  0.450      SignalP-TM
DFQ33|DFQ33_002385-T1      0.383  25  0.472  25  0.898  11  0.712   0.585 Y  0.570      SignalP-noTM
DFQ33|DFQ33_002385-T1      0.437  25  0.616  25  0.911  17  0.865   0.713 Y  0.450      SignalP-TM
DFQ33|DFQ33_002404-T1      0.219  20  0.430  20  0.913  12  0.759   0.559 Y  0.450      SignalP-TM
DFQ33|DFQ33_002404-T1      0.303  20  0.492  20  0.856  18  0.795   0.634 Y  0.570      SignalP-noTM
DFQ33|DFQ33_002415-T1      0.214  25  0.377  25  0.879   5  0.750   0.523 Y  0.450      SignalP-TM
DFQ33|DFQ33_002416-T1      0.173  35  0.334  26  0.904   8  0.805   0.518 Y  0.450      SignalP-TM
DFQ33|DFQ33_002445-T1      0.169  18  0.384  18  0.961  16  0.866   0.572 Y  0.450      SignalP-TM
DFQ33|DFQ33_002482-T1      0.303  24  0.425  24  0.829   1  0.641   0.510 Y  0.450      SignalP-TM
DFQ33|DFQ33_002511-T1      0.144  25  0.331  25  0.907  13  0.758   0.498 Y  0.450      SignalP-TM
DFQ33|DFQ33_002556-T1      0.249  53  0.365  21  0.806  12  0.728   0.507 Y  0.450      SignalP-TM
DFQ33|DFQ33_002563-T1      0.218  17  0.418  17  0.882   1  0.813   0.603 Y  0.570      SignalP-noTM
DFQ33|DFQ33_002563-T1      0.309  30  0.421  19  0.878  15  0.769   0.557 Y  0.450      SignalP-TM
DFQ33|DFQ33_002599-T1      0.305  20  0.416  20  0.705  18  0.543   0.465 Y  0.450      SignalP-TM
DFQ33|DFQ33_002653-T1      0.225  19  0.430  19  0.861   7  0.815   0.580 Y  0.450      SignalP-TM
DFQ33|DFQ33_002653-T1      0.402  19  0.616  19  0.966  10  0.933   0.765 Y  0.570      SignalP-noTM
DFQ33|DFQ33_002654-T1      0.163  18  0.341  18  0.850   1  0.739   0.496 Y  0.450      SignalP-TM
DFQ33|DFQ33_002654-T1      0.267  18  0.487  18  0.929   1  0.898   0.680 Y  0.570      SignalP-noTM
DFQ33|DFQ33_002664-T1      0.151  27  0.333  18  0.840  16  0.763   0.501 Y  0.450      SignalP-TM
DFQ33|DFQ33_002679-T1      0.186  29  0.355  23  0.926  14  0.854   0.589 Y  0.570      SignalP-noTM
DFQ33|DFQ33_002679-T1      0.197  29  0.353  29  0.807   9  0.691   0.485 Y  0.450      SignalP-TM
DFQ33|DFQ33_002686-T1      0.301  25  0.436  25  0.769  24  0.607   0.503 Y  0.450      SignalP-TM
DFQ33|DFQ33_002686-T1      0.537  25  0.542  25  0.800   1  0.623   0.580 Y  0.570      SignalP-noTM
DFQ33|DFQ33_002688-T1      0.176  25  0.360  25  0.839  21  0.741   0.509 Y  0.450      SignalP-TM
DFQ33|DFQ33_002757-T1      0.191  22  0.359  22  0.774  15  0.671   0.480 Y  0.450      SignalP-TM
DFQ33|DFQ33_002762-T1      0.174  20  0.376  20  0.868  12  0.803   0.543 Y  0.450      SignalP-TM
DFQ33|DFQ33_002762-T1      0.587  20  0.708  20  0.918  17  0.859   0.779 Y  0.570      SignalP-noTM
DFQ33|DFQ33_002765-T1      0.399  29  0.545  29  0.878  22  0.617   0.573 Y  0.450      SignalP-TM
DFQ33|DFQ33_002766-T1      0.191  28  0.350  22  0.787  12  0.724   0.496 Y  0.450      SignalP-TM
DFQ33|DFQ33_002767-T1      0.210  27  0.389  27  0.901  17  0.705   0.512 Y  0.450      SignalP-TM
DFQ33|DFQ33_002791-T1      0.192  20  0.377  20  0.880  18  0.721   0.511 Y  0.450      SignalP-TM
DFQ33|DFQ33_002791-T1      0.341  20  0.525  20  0.864   2  0.814   0.661 Y  0.570      SignalP-noTM
DFQ33|DFQ33_002797-T1      0.177  16  0.385  16  0.924  12  0.841   0.599 Y  0.570      SignalP-noTM
DFQ33|DFQ33_002809-T1      0.455  27  0.510  18  0.909   1  0.821   0.656 Y  0.570      SignalP-noTM
DFQ33|DFQ33_002809-T1      0.654  27  0.589  27  0.873   3  0.676   0.623 Y  0.450      SignalP-TM
DFQ33|DFQ33_002810-T1      0.450  27  0.507  18  0.912   1  0.822   0.655 Y  0.570      SignalP-noTM
DFQ33|DFQ33_002810-T1      0.653  27  0.611  27  0.900   3  0.713   0.650 Y  0.450      SignalP-TM
DFQ33|DFQ33_002812-T1      0.450  27  0.507  18  0.912   1  0.822   0.655 Y  0.570      SignalP-noTM
DFQ33|DFQ33_002812-T1      0.653  27  0.611  27  0.900   3  0.713   0.650 Y  0.450      SignalP-TM
DFQ33|DFQ33_002813-T1      0.471  27  0.478  27  0.926   9  0.695   0.580 Y  0.570      SignalP-noTM
DFQ33|DFQ33_002813-T1      0.628  27  0.636  27  0.885  10  0.738   0.676 Y  0.450      SignalP-TM
DFQ33|DFQ33_002822-T1      0.319  23  0.458  23  0.766   1  0.681   0.545 Y  0.450      SignalP-TM
DFQ33|DFQ33_002823-T1      0.405  24  0.576  24  0.904  18  0.790   0.659 Y  0.450      SignalP-TM
DFQ33|DFQ33_002823-T1      0.423  24  0.493  24  0.864  11  0.682   0.582 Y  0.570      SignalP-noTM
DFQ33|DFQ33_002827-T1      0.186  21  0.367  18  0.909   1  0.861   0.599 Y  0.570      SignalP-noTM
DFQ33|DFQ33_002827-T1      0.401  27  0.467  27  0.891  10  0.708   0.561 Y  0.450      SignalP-TM
DFQ33|DFQ33_002828-T1      0.285  23  0.470  23  0.867  16  0.790   0.595 Y  0.450      SignalP-TM
DFQ33|DFQ33_002845-T1      0.181  25  0.379  18  0.889  12  0.811   0.582 Y  0.570      SignalP-noTM
DFQ33|DFQ33_002845-T1      0.327  25  0.396  25  0.760  13  0.577   0.467 Y  0.450      SignalP-TM
DFQ33|DFQ33_002848-T1      0.348  18  0.534  18  0.910  15  0.822   0.669 Y  0.570      SignalP-noTM
DFQ33|DFQ33_002858-T1      0.225  23  0.395  23  0.874   4  0.748   0.532 Y  0.450      SignalP-TM
DFQ33|DFQ33_002860-T1      0.343  24  0.546  24  0.950  14  0.888   0.679 Y  0.450      SignalP-TM
DFQ33|DFQ33_002864-T1      0.182  27  0.329  27  0.832  14  0.688   0.469 Y  0.450      SignalP-TM
DFQ33|DFQ33_002885-T1      0.133  34  0.295  17  0.805   7  0.749   0.472 Y  0.450      SignalP-TM
DFQ33|DFQ33_002914-T1      0.178  63  0.270  12  0.844   7  0.732   0.450 Y  0.450      SignalP-TM
DFQ33|DFQ33_002915-T1      0.356  30  0.432  30  0.656  26  0.496   0.457 Y  0.450      SignalP-TM
DFQ33|DFQ33_002961-T1      0.183  32  0.342  27  0.836  18  0.651   0.462 Y  0.450      SignalP-TM
DFQ33|DFQ33_002961-T1      0.841  20  0.861  20  0.947  17  0.881   0.871 Y  0.570      SignalP-noTM
DFQ33|DFQ33_002964-T1      0.165  22  0.342  22  0.849   4  0.747   0.500 Y  0.450      SignalP-TM
DFQ33|DFQ33_002964-T1      0.294  22  0.490  22  0.934   2  0.860   0.664 Y  0.570      SignalP-noTM
DFQ33|DFQ33_002973-T1      0.242  35  0.401  19  0.972  16  0.950   0.615 Y  0.450      SignalP-TM
DFQ33|DFQ33_002973-T1      0.528  19  0.710  19  0.973  17  0.950   0.823 Y  0.570      SignalP-noTM
DFQ33|DFQ33_002974-T1      0.218  25  0.396  25  0.837  18  0.708   0.518 Y  0.450      SignalP-TM
DFQ33|DFQ33_002974-T1      0.299  19  0.479  19  0.872  15  0.755   0.609 Y  0.570      SignalP-noTM
DFQ33|DFQ33_002978-T1      0.341  26  0.556  26  0.947  17  0.900   0.690 Y  0.450      SignalP-TM
DFQ33|DFQ33_002978-T1      0.351  23  0.541  23  0.917  12  0.840   0.681 Y  0.570      SignalP-noTM
DFQ33|DFQ33_002986-T1      0.252  24  0.392  24  0.765   2  0.644   0.490 Y  0.450      SignalP-TM
DFQ33|DFQ33_002986-T1      0.281  16  0.454  16  0.809   1  0.747   0.591 Y  0.570      SignalP-noTM
DFQ33|DFQ33_002987-T1      0.269  25  0.481  25  0.937  19  0.794   0.603 Y  0.450      SignalP-TM
DFQ33|DFQ33_002988-T1      0.322  41  0.335  22  0.815  18  0.635   0.452 Y  0.450      SignalP-TM
DFQ33|DFQ33_002990-T1      0.230  28  0.370  28  0.806  17  0.598   0.459 Y  0.450      SignalP-TM
DFQ33|DFQ33_002993-T1      0.641  27  0.688  27  0.838  17  0.724   0.702 Y  0.450      SignalP-TM
DFQ33|DFQ33_003004-T1      0.126  30  0.290  19  0.891  11  0.806   0.491 Y  0.450      SignalP-TM
DFQ33|DFQ33_003020-T1      0.422  26  0.554  26  0.828  15  0.647   0.591 Y  0.450      SignalP-TM
DFQ33|DFQ33_003036-T1      0.187  20  0.405  20  0.950   3  0.895   0.635 Y  0.570      SignalP-noTM
DFQ33|DFQ33_003036-T1      0.286  26  0.482  26  0.876  16  0.787   0.601 Y  0.450      SignalP-TM
DFQ33|DFQ33_003037-T1      0.385  26  0.490  26  0.709  15  0.620   0.541 Y  0.450      SignalP-TM
DFQ33|DFQ33_003058-T1      0.189  16  0.355  16  0.751  13  0.669   0.477 Y  0.450      SignalP-TM
DFQ33|DFQ33_003058-T1      0.286  16  0.476  16  0.875  12  0.785   0.621 Y  0.570      SignalP-noTM
DFQ33|DFQ33_003101-T1      0.309  30  0.472  30  0.973  15  0.821   0.608 Y  0.450      SignalP-TM
DFQ33|DFQ33_003109-T1      0.410  19  0.536  19  0.862  11  0.690   0.608 Y  0.570      SignalP-noTM
DFQ33|DFQ33_003112-T1      0.156  20  0.326  20  0.755   8  0.676   0.462 Y  0.450      SignalP-TM
DFQ33|DFQ33_003114-T1      0.320  22  0.474  22  0.809   2  0.706   0.583 Y  0.570      SignalP-noTM
DFQ33|DFQ33_003122-T1      0.129  43  0.295  15  0.912  11  0.833   0.505 Y  0.450      SignalP-TM
DFQ33|DFQ33_003134-T1      0.440  23  0.585  23  0.869   9  0.775   0.659 Y  0.450      SignalP-TM
DFQ33|DFQ33_003134-T1      0.608  23  0.739  23  0.964  10  0.899   0.814 Y  0.570      SignalP-noTM
DFQ33|DFQ33_003148-T1      0.289  21  0.474  21  0.892  14  0.788   0.622 Y  0.570      SignalP-noTM
DFQ33|DFQ33_003148-T1      0.351  26  0.423  26  0.718   4  0.580   0.484 Y  0.450      SignalP-TM
DFQ33|DFQ33_003152-T1      0.115  30  0.289  16  0.897  11  0.807   0.491 Y  0.450      SignalP-TM
DFQ33|DFQ33_003278-T1      0.241  24  0.365  24  0.712   7  0.604   0.458 Y  0.450      SignalP-TM
DFQ33|DFQ33_003279-T1      0.211  21  0.405  21  0.904  11  0.797   0.590 Y  0.570      SignalP-noTM
DFQ33|DFQ33_003279-T1      0.313  26  0.459  26  0.876   3  0.749   0.572 Y  0.450      SignalP-TM
DFQ33|DFQ33_003314-T1      0.424  23  0.506  23  0.703  17  0.579   0.534 Y  0.450      SignalP-TM
DFQ33|DFQ33_003315-T1      0.349  39  0.346  39  0.906  11  0.653   0.466 Y  0.450      SignalP-TM
DFQ33|DFQ33_003361-T1      0.268  22  0.460  22  0.841  12  0.732   0.566 Y  0.450      SignalP-TM
DFQ33|DFQ33_003361-T1      0.339  22  0.527  22  0.902   7  0.842   0.675 Y  0.570      SignalP-noTM
DFQ33|DFQ33_003362-T1      0.280  28  0.398  28  0.801  15  0.627   0.487 Y  0.450      SignalP-TM
DFQ33|DFQ33_003362-T1      0.319  22  0.490  22  0.859   3  0.784   0.628 Y  0.570      SignalP-noTM
DFQ33|DFQ33_003365-T1      0.413  19  0.564  19  0.886   1  0.776   0.664 Y  0.570      SignalP-noTM
DFQ33|DFQ33_003368-T1      0.215  28  0.348  28  0.808  15  0.663   0.471 Y  0.450      SignalP-TM
DFQ33|DFQ33_003368-T1      0.598  21  0.718  21  0.943  14  0.881   0.795 Y  0.570      SignalP-noTM
DFQ33|DFQ33_003369-T1      0.167  27  0.339  27  0.894  15  0.711   0.484 Y  0.450      SignalP-TM
DFQ33|DFQ33_003369-T1      0.291  21  0.509  21  0.961  15  0.903   0.694 Y  0.570      SignalP-noTM
DFQ33|DFQ33_003416-T1      0.292  25  0.459  23  0.840  19  0.731   0.565 Y  0.450      SignalP-TM
DFQ33|DFQ33_003416-T1      0.426  23  0.572  23  0.865   2  0.764   0.662 Y  0.570      SignalP-noTM
DFQ33|DFQ33_003423-T1      0.110  31  0.282  13  0.852   3  0.812   0.489 Y  0.450      SignalP-TM
DFQ33|DFQ33_003508-T1      0.203  26  0.391  26  0.828  20  0.696   0.510 Y  0.450      SignalP-TM
DFQ33|DFQ33_003510-T1      0.163  31  0.329  24  0.849  22  0.671   0.462 Y  0.450      SignalP-TM
DFQ33|DFQ33_003510-T1      0.198  26  0.402  26  0.945  19  0.814   0.596 Y  0.570      SignalP-noTM
DFQ33|DFQ33_003511-T1      0.220  33  0.384  21  0.923  19  0.724   0.517 Y  0.450      SignalP-TM
DFQ33|DFQ33_003511-T1      0.327  21  0.528  21  0.906  19  0.806   0.659 Y  0.570      SignalP-noTM
DFQ33|DFQ33_003578-T1      0.348  33  0.511  33  0.901  12  0.807   0.627 Y  0.450      SignalP-TM
DFQ33|DFQ33_003634-T1      0.221  26  0.401  20  0.902  16  0.859   0.616 Y  0.570      SignalP-noTM
DFQ33|DFQ33_003634-T1      0.265  26  0.476  26  0.951  18  0.806   0.605 Y  0.450      SignalP-TM
DFQ33|DFQ33_003635-T1      0.171  34  0.343  26  0.881  23  0.653   0.464 Y  0.450      SignalP-TM
DFQ33|DFQ33_003643-T1      0.219  16  0.445  16  0.930  10  0.904   0.661 Y  0.570      SignalP-noTM
DFQ33|DFQ33_003643-T1      0.263  31  0.416  22  0.869  17  0.784   0.559 Y  0.450      SignalP-TM
DFQ33|DFQ33_003646-T1      0.154  20  0.355  16  0.896   2  0.854   0.590 Y  0.570      SignalP-noTM
DFQ33|DFQ33_003646-T1      0.195  20  0.376  20  0.778  18  0.722   0.511 Y  0.450      SignalP-TM
DFQ33|DFQ33_003647-T1      0.219  16  0.445  16  0.930  10  0.904   0.661 Y  0.570      SignalP-noTM
DFQ33|DFQ33_003647-T1      0.263  31  0.416  22  0.869  17  0.784   0.559 Y  0.450      SignalP-TM
DFQ33|DFQ33_003674-T1      0.188  50  0.351  22  0.850  13  0.778   0.517 Y  0.450      SignalP-TM
DFQ33|DFQ33_003730-T1      0.165  35  0.291  21  0.872  11  0.718   0.458 Y  0.450      SignalP-TM
DFQ33|DFQ33_003741-T1      0.265  24  0.357  24  0.824   3  0.601   0.453 Y  0.450      SignalP-TM
DFQ33|DFQ33_003742-T1      0.171  31  0.347  31  0.860  24  0.661   0.469 Y  0.450      SignalP-TM
DFQ33|DFQ33_003746-T1      0.168  26  0.378  24  0.944  17  0.875   0.611 Y  0.570      SignalP-noTM
DFQ33|DFQ33_003746-T1      0.229  25  0.424  25  0.841  20  0.791   0.567 Y  0.450      SignalP-TM
DFQ33|DFQ33_003762-T1      0.249  26  0.467  26  0.954  20  0.871   0.625 Y  0.450      SignalP-TM
DFQ33|DFQ33_003763-T1      0.176  26  0.373  26  0.906  20  0.782   0.533 Y  0.450      SignalP-TM
DFQ33|DFQ33_003764-T1      0.249  26  0.467  26  0.954  20  0.871   0.625 Y  0.450      SignalP-TM
DFQ33|DFQ33_003766-T1      0.227  24  0.416  24  0.934  15  0.824   0.575 Y  0.450      SignalP-TM
DFQ33|DFQ33_003766-T1      0.229  17  0.440  17  0.924  16  0.853   0.634 Y  0.570      SignalP-noTM
DFQ33|DFQ33_003779-T1      0.361  23  0.405  23  0.798   2  0.567   0.468 Y  0.450      SignalP-TM
DFQ33|DFQ33_003779-T1      0.633  23  0.726  23  0.928  19  0.834   0.777 Y  0.570      SignalP-noTM
DFQ33|DFQ33_003798-T1      0.401  26  0.465  26  0.726  23  0.446   0.457 Y  0.450      SignalP-TM
DFQ33|DFQ33_003841-T1      0.726  33  0.591  33  0.660   3  0.540   0.571 Y  0.450      SignalP-TM
DFQ33|DFQ33_003844-T1      0.182  20  0.379  20  0.879  14  0.798   0.576 Y  0.570      SignalP-noTM
DFQ33|DFQ33_003844-T1      0.201  22  0.363  22  0.767  14  0.641   0.471 Y  0.450      SignalP-TM
DFQ33|DFQ33_003862-T1      0.244  20  0.454  20  0.923  18  0.865   0.647 Y  0.570      SignalP-noTM
DFQ33|DFQ33_003862-T1      0.382  47  0.383  28  0.949  17  0.823   0.555 Y  0.450      SignalP-TM
DFQ33|DFQ33_003867-T1      0.217  16  0.396  16  0.830  13  0.728   0.525 Y  0.450      SignalP-TM
DFQ33|DFQ33_003886-T1      0.400  27  0.564  27  0.967  18  0.821   0.685 Y  0.570      SignalP-noTM
DFQ33|DFQ33_003886-T1      0.547  27  0.672  27  0.906  22  0.689   0.679 Y  0.450      SignalP-TM
DFQ33|DFQ33_003909-T1      0.111  21  0.281  13  0.836   6  0.794   0.481 Y  0.450      SignalP-TM
DFQ33|DFQ33_003910-T1      0.304  28  0.351  28  0.863  12  0.613   0.453 Y  0.450      SignalP-TM
DFQ33|DFQ33_003922-T1      0.448  29  0.498  29  0.961  10  0.770   0.626 Y  0.570      SignalP-noTM
DFQ33|DFQ33_003922-T1      0.531  29  0.652  29  0.953  10  0.869   0.737 Y  0.450      SignalP-TM
DFQ33|DFQ33_003923-T1      0.161  25  0.368  25  0.890  10  0.829   0.548 Y  0.450      SignalP-TM
DFQ33|DFQ33_003923-T1      0.263  25  0.452  23  0.902   8  0.842   0.635 Y  0.570      SignalP-noTM
DFQ33|DFQ33_003968-T1      0.547  20  0.617  20  0.808  16  0.688   0.650 Y  0.570      SignalP-noTM
DFQ33|DFQ33_003969-T1      0.169  41  0.350  20  0.915  12  0.791   0.522 Y  0.450      SignalP-TM
DFQ33|DFQ33_003978-T1      0.237  25  0.406  25  0.866  19  0.659   0.505 Y  0.450      SignalP-TM
DFQ33|DFQ33_003992-T1      0.124  37  0.283  13  0.873   3  0.793   0.482 Y  0.450      SignalP-TM
DFQ33|DFQ33_004019-T1      0.124  42  0.300  20  0.824  12  0.711   0.461 Y  0.450      SignalP-TM
DFQ33|DFQ33_004050-T1      0.197  18  0.398  18  0.907   1  0.814   0.594 Y  0.570      SignalP-noTM
DFQ33|DFQ33_004050-T1      0.227  25  0.460  25  0.960  12  0.912   0.636 Y  0.450      SignalP-TM
DFQ33|DFQ33_004051-T1      0.289  19  0.464  19  0.819  11  0.723   0.565 Y  0.450      SignalP-TM
DFQ33|DFQ33_004051-T1      0.332  19  0.480  19  0.850  15  0.686   0.577 Y  0.570      SignalP-noTM
DFQ33|DFQ33_004060-T1      0.178  25  0.355  25  0.852   5  0.746   0.508 Y  0.450      SignalP-TM
DFQ33|DFQ33_004063-T1      0.298  21  0.468  21  0.821  12  0.695   0.556 Y  0.450      SignalP-TM
DFQ33|DFQ33_004063-T1      0.364  21  0.543  21  0.874   9  0.806   0.666 Y  0.570      SignalP-noTM
DFQ33|DFQ33_004083-T1      0.346  25  0.470  25  0.762  12  0.646   0.539 Y  0.450      SignalP-TM
DFQ33|DFQ33_004083-T1      0.386  20  0.575  20  0.917  10  0.855   0.707 Y  0.570      SignalP-noTM
DFQ33|DFQ33_004104-T1      0.296  68  0.297  11  0.865   2  0.831   0.505 Y  0.450      SignalP-TM
DFQ33|DFQ33_004111-T1      0.173  21  0.389  21  0.938  19  0.883   0.621 Y  0.570      SignalP-noTM
DFQ33|DFQ33_004121-T1      0.199  29  0.378  29  0.925  10  0.779   0.534 Y  0.450      SignalP-TM
DFQ33|DFQ33_004121-T1      0.228  21  0.410  21  0.926   6  0.798   0.592 Y  0.570      SignalP-noTM
DFQ33|DFQ33_004126-T1      0.199  29  0.377  29  0.926  10  0.779   0.534 Y  0.450      SignalP-TM
DFQ33|DFQ33_004126-T1      0.228  21  0.410  21  0.927   6  0.801   0.594 Y  0.570      SignalP-noTM
DFQ33|DFQ33_004144-T1      0.415  19  0.610  19  0.956  13  0.889   0.741 Y  0.570      SignalP-noTM
DFQ33|DFQ33_004206-T1      0.241  19  0.472  19  0.940  10  0.922   0.684 Y  0.570      SignalP-noTM
DFQ33|DFQ33_004206-T1      0.416  49  0.377  22  0.959  16  0.914   0.587 Y  0.450      SignalP-TM
DFQ33|DFQ33_004209-T1      0.244  21  0.479  21  0.970  19  0.932   0.692 Y  0.570      SignalP-noTM
DFQ33|DFQ33_004209-T1      0.271  28  0.455  28  0.902  18  0.757   0.572 Y  0.450      SignalP-TM
DFQ33|DFQ33_004210-T1      0.214  32  0.434  32  0.930  23  0.784   0.571 Y  0.450      SignalP-TM
DFQ33|DFQ33_004210-T1      0.227  33  0.451  33  0.957  29  0.774   0.603 Y  0.570      SignalP-noTM
DFQ33|DFQ33_004211-T1      0.228  28  0.389  28  0.877  18  0.716   0.517 Y  0.450      SignalP-TM
DFQ33|DFQ33_004211-T1      0.265  21  0.485  21  0.945  18  0.897   0.679 Y  0.570      SignalP-noTM
DFQ33|DFQ33_004252-T1      0.230  20  0.414  20  0.848  12  0.771   0.581 Y  0.570      SignalP-noTM
DFQ33|DFQ33_004252-T1      0.258  27  0.429  27  0.885   4  0.766   0.561 Y  0.450      SignalP-TM
DFQ33|DFQ33_004254-T1      0.175  19  0.327  19  0.836  17  0.644   0.451 Y  0.450      SignalP-TM
DFQ33|DFQ33_004254-T1      0.491  19  0.588  19  0.849   1  0.730   0.655 Y  0.570      SignalP-noTM
DFQ33|DFQ33_004261-T1      0.347  20  0.462  20  0.765  18  0.631   0.528 Y  0.450      SignalP-TM
DFQ33|DFQ33_004261-T1      0.500  20  0.534  20  0.802   1  0.619   0.574 Y  0.570      SignalP-noTM
DFQ33|DFQ33_004284-T1      0.196  21  0.366  21  0.723  13  0.642   0.474 Y  0.450      SignalP-TM
DFQ33|DFQ33_004286-T1      0.484  24  0.630  24  0.953  12  0.836   0.727 Y  0.570      SignalP-noTM
DFQ33|DFQ33_004312-T1      0.317  21  0.503  21  0.911  18  0.803   0.620 Y  0.450      SignalP-TM
DFQ33|DFQ33_004312-T1      0.778  21  0.764  21  0.865   1  0.768   0.766 Y  0.570      SignalP-noTM
DFQ33|DFQ33_004333-T1      0.369  19  0.493  19  0.789  17  0.676   0.564 Y  0.450      SignalP-TM
DFQ33|DFQ33_004334-T1      0.266  36  0.425  26  0.866  18  0.650   0.513 Y  0.450      SignalP-TM
DFQ33|DFQ33_004339-T1      0.443  28  0.525  28  0.729  22  0.490   0.512 Y  0.450      SignalP-TM
DFQ33|DFQ33_004364-T1      0.288  20  0.486  20  0.947   1  0.839   0.652 Y  0.570      SignalP-noTM
DFQ33|DFQ33_004430-T1      0.408  22  0.528  22  0.822  11  0.701   0.609 Y  0.570      SignalP-noTM
DFQ33|DFQ33_004435-T1      0.436  20  0.509  20  0.822  18  0.613   0.549 Y  0.450      SignalP-TM
DFQ33|DFQ33_004435-T1      0.499  20  0.602  20  0.834  18  0.705   0.650 Y  0.570      SignalP-noTM
DFQ33|DFQ33_004446-T1      0.418  33  0.466  33  0.631   1  0.443   0.457 Y  0.450      SignalP-TM
DFQ33|DFQ33_004448-T1      0.517  27  0.550  27  0.717  16  0.542   0.547 Y  0.450      SignalP-TM
DFQ33|DFQ33_004450-T1      0.241  18  0.474  18  0.960  12  0.922   0.685 Y  0.570      SignalP-noTM
DFQ33|DFQ33_004450-T1      0.448  23  0.652  23  0.976  16  0.914   0.754 Y  0.450      SignalP-TM
DFQ33|DFQ33_004488-T1      0.163  22  0.340  22  0.827   1  0.725   0.490 Y  0.450      SignalP-TM
DFQ33|DFQ33_004495-T1      0.341  22  0.502  22  0.882   1  0.771   0.607 Y  0.450      SignalP-TM
DFQ33|DFQ33_004495-T1      0.434  22  0.582  22  0.904   2  0.815   0.691 Y  0.570      SignalP-noTM
DFQ33|DFQ33_004505-T1      0.628  24  0.716  24  0.916  20  0.777   0.740 Y  0.450      SignalP-TM
DFQ33|DFQ33_004505-T1      0.856  24  0.809  24  0.888   2  0.776   0.793 Y  0.570      SignalP-noTM
DFQ33|DFQ33_004514-T1      0.117  35  0.274  14  0.823   7  0.753   0.461 Y  0.450      SignalP-TM
DFQ33|DFQ33_004524-T1      0.157  24  0.331  21  0.866  17  0.724   0.484 Y  0.450      SignalP-TM
DFQ33|DFQ33_004524-T1      0.219  19  0.424  19  0.887  12  0.803   0.602 Y  0.570      SignalP-noTM
DFQ33|DFQ33_004529-T1      0.142  29  0.315  14  0.826  12  0.700   0.466 Y  0.450      SignalP-TM
DFQ33|DFQ33_004538-T1      0.289  22  0.434  22  0.755  16  0.648   0.518 Y  0.450      SignalP-TM
DFQ33|DFQ33_004538-T1      0.317  22  0.491  22  0.901  13  0.782   0.628 Y  0.570      SignalP-noTM
DFQ33|DFQ33_004554-T1      0.511  22  0.457  22  0.585   6  0.446   0.453 Y  0.450      SignalP-TM
DFQ33|DFQ33_004564-T1      0.230  24  0.411  24  0.846  19  0.620   0.493 Y  0.450      SignalP-TM
DFQ33|DFQ33_004569-T1      0.356  26  0.537  26  0.897  21  0.772   0.628 Y  0.450      SignalP-TM
DFQ33|DFQ33_004584-T1      0.334  18  0.514  18  0.871  17  0.772   0.615 Y  0.450      SignalP-TM
DFQ33|DFQ33_004584-T1      0.580  18  0.721  18  0.925  10  0.897   0.803 Y  0.570      SignalP-noTM
DFQ33|DFQ33_004585-T1      0.214  35  0.373  18  0.890  16  0.805   0.541 Y  0.450      SignalP-TM
DFQ33|DFQ33_004585-T1      0.557  18  0.717  18  0.944  13  0.913   0.809 Y  0.570      SignalP-noTM
DFQ33|DFQ33_004593-T1      0.192  18  0.395  18  0.873   5  0.821   0.561 Y  0.450      SignalP-TM
DFQ33|DFQ33_004593-T1      0.438  18  0.620  18  0.933  17  0.880   0.742 Y  0.570      SignalP-noTM
DFQ33|DFQ33_004595-T1      0.523  32  0.556  32  0.729  21  0.483   0.527 Y  0.450      SignalP-TM
DFQ33|DFQ33_004615-T1      0.253  41  0.404  41  0.769  36  0.626   0.491 Y  0.450      SignalP-TM
DFQ33|DFQ33_004616-T1      0.239  30  0.366  30  0.790   7  0.621   0.465 Y  0.450      SignalP-TM
DFQ33|DFQ33_004646-T1      0.227  29  0.389  29  0.880  17  0.648   0.490 Y  0.450      SignalP-TM
DFQ33|DFQ33_004650-T1      0.289  28  0.465  28  0.941  15  0.809   0.599 Y  0.450      SignalP-TM
DFQ33|DFQ33_004674-T1      0.256  45  0.387  24  0.964  10  0.860   0.609 Y  0.570      SignalP-noTM
DFQ33|DFQ33_004674-T1      0.326  53  0.525  23  0.965  15  0.885   0.666 Y  0.450      SignalP-TM
DFQ33|DFQ33_004690-T1      0.172  25  0.352  25  0.872   6  0.760   0.511 Y  0.450      SignalP-TM
DFQ33|DFQ33_004709-T1      0.606  26  0.710  26  0.975  10  0.896   0.797 Y  0.570      SignalP-noTM
DFQ33|DFQ33_004737-T1      0.138  34  0.294  24  0.903  12  0.788   0.487 Y  0.450      SignalP-TM
DFQ33|DFQ33_004763-T1      0.263  29  0.409  29  0.754  14  0.652   0.504 Y  0.450      SignalP-TM
DFQ33|DFQ33_004767-T1      0.257  21  0.429  21  0.875   1  0.747   0.578 Y  0.570      SignalP-noTM
DFQ33|DFQ33_004768-T1      0.200  32  0.333  19  0.822  15  0.640   0.452 Y  0.450      SignalP-TM
DFQ33|DFQ33_004768-T1      0.298  19  0.459  19  0.814   3  0.711   0.577 Y  0.570      SignalP-noTM
DFQ33|DFQ33_004799-T1      0.225  24  0.386  24  0.784  14  0.651   0.489 Y  0.450      SignalP-TM
DFQ33|DFQ33_004817-T1      0.169  22  0.370  22  0.934  13  0.777   0.529 Y  0.450      SignalP-TM
DFQ33|DFQ33_004817-T1      0.279  22  0.449  22  0.907  11  0.762   0.596 Y  0.570      SignalP-noTM
DFQ33|DFQ33_004824-T1      0.691  26  0.616  26  0.637  22  0.459   0.558 Y  0.510      SignalP-TM
DFQ33|DFQ33_004839-T1      0.249  26  0.454  26  0.957  16  0.870   0.616 Y  0.450      SignalP-TM
DFQ33|DFQ33_004842-T1      0.177  24  0.381  24  0.895  19  0.812   0.549 Y  0.450      SignalP-TM
DFQ33|DFQ33_004846-T1      0.486  41  0.547  41  0.728  39  0.530   0.540 Y  0.450      SignalP-TM
DFQ33|DFQ33_004850-T1      0.273  19  0.474  19  0.921   1  0.842   0.647 Y  0.570      SignalP-noTM
DFQ33|DFQ33_004881-T1      0.251  20  0.396  20  0.843  18  0.576   0.466 Y  0.450      SignalP-TM
DFQ33|DFQ33_004881-T1      0.595  20  0.653  20  0.799  14  0.679   0.665 Y  0.570      SignalP-noTM
DFQ33|DFQ33_004888-T1      0.393  25  0.522  25  0.885  24  0.697   0.590 Y  0.450      SignalP-TM
DFQ33|DFQ33_004888-T1      0.510  25  0.562  25  0.876   3  0.692   0.623 Y  0.570      SignalP-noTM
DFQ33|DFQ33_004892-T1      0.173  20  0.333  20  0.739   4  0.656   0.459 Y  0.450      SignalP-TM
DFQ33|DFQ33_004892-T1      0.345  20  0.474  20  0.842   1  0.683   0.573 Y  0.570      SignalP-noTM
DFQ33|DFQ33_004893-T1      0.500  29  0.644  29  0.899  22  0.655   0.648 Y  0.450      SignalP-TM
DFQ33|DFQ33_004893-T1      0.694  26  0.791  26  0.932   9  0.898   0.841 Y  0.570      SignalP-noTM
DFQ33|DFQ33_004894-T1      0.547  29  0.707  29  0.964  22  0.737   0.719 Y  0.450      SignalP-TM
DFQ33|DFQ33_004894-T1      0.769  26  0.850  26  0.959  24  0.918   0.882 Y  0.570      SignalP-noTM
DFQ33|DFQ33_004909-T1      0.260  20  0.404  20  0.899   2  0.697   0.518 Y  0.450      SignalP-TM
DFQ33|DFQ33_004912-T1      0.347  26  0.481  26  0.877  15  0.751   0.608 Y  0.570      SignalP-noTM
DFQ33|DFQ33_004912-T1      0.482  26  0.640  26  0.928  17  0.850   0.722 Y  0.450      SignalP-TM
DFQ33|DFQ33_004913-T1      0.177  27  0.335  27  0.872   9  0.701   0.478 Y  0.450      SignalP-TM
DFQ33|DFQ33_004924-T1      0.165  23  0.360  18  0.930  10  0.899   0.613 Y  0.570      SignalP-noTM
DFQ33|DFQ33_004924-T1      0.198  28  0.375  28  0.941   6  0.819   0.548 Y  0.450      SignalP-TM
DFQ33|DFQ33_004968-T1      0.161  23  0.318  23  0.811   1  0.665   0.454 Y  0.450      SignalP-TM
DFQ33|DFQ33_004978-T1      0.233  25  0.418  25  0.813  22  0.704   0.530 Y  0.450      SignalP-TM
DFQ33|DFQ33_004978-T1      0.235  25  0.406  25  0.896  13  0.782   0.583 Y  0.570      SignalP-noTM
DFQ33|DFQ33_004979-T1      0.230  25  0.419  25  0.937   2  0.809   0.602 Y  0.570      SignalP-noTM
DFQ33|DFQ33_004984-T1      0.224  26  0.358  26  0.810   7  0.645   0.470 Y  0.450      SignalP-TM
DFQ33|DFQ33_005031-T1      0.267  50  0.299  22  0.841   1  0.738   0.470 Y  0.450      SignalP-TM
DFQ33|DFQ33_005039-T1      0.157  23  0.334  23  0.852  14  0.641   0.454 Y  0.450      SignalP-TM
DFQ33|DFQ33_005039-T1      0.233  18  0.454  18  0.937  17  0.866   0.648 Y  0.570      SignalP-noTM
DFQ33|DFQ33_005045-T1      0.258  20  0.404  20  0.706  15  0.624   0.490 Y  0.450      SignalP-TM
DFQ33|DFQ33_005045-T1      0.562  20  0.700  20  0.926  13  0.856   0.774 Y  0.570      SignalP-noTM
DFQ33|DFQ33_005067-T1      0.156  20  0.354  20  0.896   1  0.825   0.575 Y  0.570      SignalP-noTM
DFQ33|DFQ33_005088-T1      0.182  25  0.393  25  0.918  18  0.829   0.598 Y  0.570      SignalP-noTM
DFQ33|DFQ33_005100-T1      0.210  23  0.398  20  0.879   3  0.799   0.586 Y  0.570      SignalP-noTM
DFQ33|DFQ33_005100-T1      0.301  30  0.427  23  0.882  16  0.758   0.556 Y  0.450      SignalP-TM
DFQ33|DFQ33_005134-T1      0.323  22  0.525  22  0.955  17  0.847   0.651 Y  0.450      SignalP-TM
DFQ33|DFQ33_005134-T1      0.396  20  0.588  20  0.953  18  0.868   0.720 Y  0.570      SignalP-noTM
DFQ33|DFQ33_005150-T1      0.168  28  0.325  28  0.839  17  0.655   0.454 Y  0.450      SignalP-TM
DFQ33|DFQ33_005159-T1      0.691  23  0.763  23  0.934  19  0.796   0.776 Y  0.450      SignalP-TM
DFQ33|DFQ33_005159-T1      0.839  23  0.863  23  0.936  18  0.882   0.872 Y  0.570      SignalP-noTM
DFQ33|DFQ33_005162-T1      0.189  21  0.378  21  0.882  16  0.750   0.523 Y  0.450      SignalP-TM
DFQ33|DFQ33_005164-T1      0.569  21  0.593  21  0.770   1  0.614   0.602 Y  0.570      SignalP-noTM
DFQ33|DFQ33_005191-T1      0.663  22  0.790  22  0.969  20  0.928   0.855 Y  0.570      SignalP-noTM
DFQ33|DFQ33_005217-T1      0.192  22  0.378  22  0.912  10  0.807   0.580 Y  0.570      SignalP-noTM
DFQ33|DFQ33_005217-T1      0.268  31  0.405  22  0.874  17  0.803   0.560 Y  0.450      SignalP-TM
DFQ33|DFQ33_005218-T1      0.255  18  0.463  18  0.921  11  0.825   0.633 Y  0.570      SignalP-noTM
DFQ33|DFQ33_005241-T1      0.568  25  0.658  25  0.854  21  0.682   0.667 Y  0.450      SignalP-TM
DFQ33|DFQ33_005241-T1      0.809  25  0.756  25  0.886  13  0.738   0.748 Y  0.570      SignalP-noTM
DFQ33|DFQ33_005288-T1      0.239  18  0.438  18  0.868  12  0.790   0.604 Y  0.570      SignalP-noTM
DFQ33|DFQ33_005289-T1      0.175  32  0.308  18  0.888  16  0.708   0.464 Y  0.450      SignalP-TM
DFQ33|DFQ33_005289-T1      0.239  18  0.443  18  0.881  12  0.810   0.615 Y  0.570      SignalP-noTM
DFQ33|DFQ33_005290-T1      0.150  18  0.365  18  0.918  13  0.882   0.608 Y  0.570      SignalP-noTM
DFQ33|DFQ33_005290-T1      0.205  40  0.404  26  0.932  16  0.843   0.575 Y  0.450      SignalP-TM
DFQ33|DFQ33_005306-T1      0.503  21  0.579  21  0.780  18  0.674   0.624 Y  0.570      SignalP-noTM
DFQ33|DFQ33_005319-T1      0.209  19  0.420  19  0.932  17  0.854   0.589 Y  0.450      SignalP-TM
DFQ33|DFQ33_005343-T1      0.312  20  0.513  20  0.906  15  0.822   0.627 Y  0.510      SignalP-TM
DFQ33|DFQ33_005343-T1      0.380  20  0.519  20  0.812  15  0.677   0.580 Y  0.450      SignalP-TM
DFQ33|DFQ33_005345-T1      0.163  21  0.327  21  0.788  17  0.671   0.461 Y  0.450      SignalP-TM
DFQ33|DFQ33_005345-T1      0.681  21  0.594  21  0.807   1  0.568   0.582 Y  0.570      SignalP-noTM
DFQ33|DFQ33_005349-T1      0.461  19  0.590  19  0.898   1  0.783   0.681 Y  0.570      SignalP-noTM
DFQ33|DFQ33_005350-T1      0.540  19  0.607  19  0.852   1  0.717   0.659 Y  0.570      SignalP-noTM
DFQ33|DFQ33_005355-T1      0.353  20  0.509  20  0.848  15  0.732   0.596 Y  0.450      SignalP-TM
DFQ33|DFQ33_005384-T1      0.331  21  0.484  21  0.882   1  0.753   0.611 Y  0.570      SignalP-noTM
DFQ33|DFQ33_005406-T1      0.140  22  0.316  22  0.835  15  0.715   0.472 Y  0.450      SignalP-TM
DFQ33|DFQ33_005406-T1      0.250  22  0.428  22  0.883  14  0.757   0.582 Y  0.570      SignalP-noTM
DFQ33|DFQ33_005430-T1      0.245  18  0.375  18  0.727   1  0.606   0.465 Y  0.450      SignalP-TM
DFQ33|DFQ33_005435-T1      0.158  20  0.344  20  0.812  13  0.676   0.474 Y  0.450      SignalP-TM
DFQ33|DFQ33_005463-T1      0.319  21  0.491  21  0.849   1  0.765   0.620 Y  0.570      SignalP-noTM
DFQ33|DFQ33_005463-T1      0.356  26  0.441  26  0.830  19  0.531   0.476 Y  0.450      SignalP-TM
DFQ33|DFQ33_005483-T1      0.183  28  0.316  18  0.791  15  0.669   0.454 Y  0.450      SignalP-TM
DFQ33|DFQ33_005483-T1      0.714  18  0.730  18  0.867   1  0.773   0.750 Y  0.570      SignalP-noTM
DFQ33|DFQ33_005488-T1      0.284  23  0.486  23  0.924   8  0.866   0.664 Y  0.570      SignalP-noTM
DFQ33|DFQ33_005488-T1      0.342  30  0.442  30  0.926   8  0.707   0.546 Y  0.450      SignalP-TM
DFQ33|DFQ33_005489-T1      0.302  25  0.401  25  0.832   8  0.593   0.476 Y  0.450      SignalP-TM
DFQ33|DFQ33_005494-T1      0.241  32  0.363  32  0.917   9  0.707   0.497 Y  0.450      SignalP-TM
DFQ33|DFQ33_005495-T1      0.316  27  0.383  27  0.816   8  0.580   0.460 Y  0.450      SignalP-TM
DFQ33|DFQ33_005497-T1      0.315  27  0.379  27  0.811   8  0.573   0.455 Y  0.450      SignalP-TM
DFQ33|DFQ33_005508-T1      0.172  23  0.369  20  0.919  13  0.844   0.593 Y  0.570      SignalP-noTM
DFQ33|DFQ33_005510-T1      0.437  18  0.590  18  0.882   3  0.808   0.692 Y  0.570      SignalP-noTM
DFQ33|DFQ33_005552-T1      0.219  35  0.352  24  0.854  19  0.792   0.524 Y  0.450      SignalP-TM
DFQ33|DFQ33_005568-T1      0.279  28  0.444  28  0.871  16  0.734   0.557 Y  0.450      SignalP-TM
DFQ33|DFQ33_005569-T1      0.286  24  0.447  24  0.942  17  0.789   0.608 Y  0.570      SignalP-noTM
DFQ33|DFQ33_005569-T1      0.373  24  0.538  24  0.887   8  0.810   0.644 Y  0.450      SignalP-TM
DFQ33|DFQ33_005577-T1      0.469  36  0.520  36  0.677  27  0.467   0.499 Y  0.450      SignalP-TM
DFQ33|DFQ33_005588-T1      0.460  19  0.555  19  0.848  15  0.626   0.588 Y  0.570      SignalP-noTM
DFQ33|DFQ33_005589-T1      0.426  19  0.570  19  0.873   1  0.787   0.672 Y  0.570      SignalP-noTM
DFQ33|DFQ33_005592-T1      0.354  34  0.421  34  0.834  13  0.595   0.489 Y  0.450      SignalP-TM
DFQ33|DFQ33_005622-T1      0.264  26  0.415  26  0.846  13  0.654   0.508 Y  0.450      SignalP-TM
DFQ33|DFQ33_005629-T1      0.186  28  0.373  28  0.925  12  0.801   0.540 Y  0.450      SignalP-TM
DFQ33|DFQ33_005657-T1      0.202  20  0.357  20  0.797   7  0.662   0.476 Y  0.450      SignalP-TM
DFQ33|DFQ33_005657-T1      0.656  20  0.757  20  0.934  17  0.884   0.817 Y  0.570      SignalP-noTM
DFQ33|DFQ33_005660-T1      0.199  22  0.350  22  0.711   2  0.628   0.459 Y  0.450      SignalP-TM
DFQ33|DFQ33_005660-T1      0.472  22  0.636  22  0.931  17  0.879   0.750 Y  0.570      SignalP-noTM
DFQ33|DFQ33_005672-T1      0.176  21  0.372  21  0.924  19  0.765   0.525 Y  0.450      SignalP-TM
DFQ33|DFQ33_005672-T1      0.344  21  0.531  21  0.929   1  0.848   0.680 Y  0.570      SignalP-noTM
DFQ33|DFQ33_005680-T1      0.250  22  0.388  22  0.788  18  0.626   0.481 Y  0.450      SignalP-TM
DFQ33|DFQ33_005695-T1      0.361  23  0.486  23  0.812  18  0.629   0.542 Y  0.450      SignalP-TM
DFQ33|DFQ33_005716-T1      0.214  27  0.367  21  0.819  13  0.707   0.500 Y  0.450      SignalP-TM
DFQ33|DFQ33_005716-T1      0.525  21  0.577  21  0.896   1  0.696   0.633 Y  0.570      SignalP-noTM
DFQ33|DFQ33_005754-T1      0.299  28  0.378  28  0.857   1  0.590   0.461 Y  0.450      SignalP-TM
DFQ33|DFQ33_005794-T1      0.224  23  0.413  23  0.831  19  0.751   0.545 Y  0.450      SignalP-TM
DFQ33|DFQ33_005846-T1      0.187  30  0.311  23  0.914   8  0.723   0.472 Y  0.450      SignalP-TM
DFQ33|DFQ33_005847-T1      0.286  29  0.427  29  0.923  12  0.746   0.551 Y  0.450      SignalP-TM
DFQ33|DFQ33_005852-T1      0.229  25  0.421  25  0.859  21  0.724   0.539 Y  0.450      SignalP-TM
DFQ33|DFQ33_005885-T1      0.367  29  0.555  26  0.929  19  0.773   0.640 Y  0.450      SignalP-TM
DFQ33|DFQ33_005885-T1      0.529  26  0.644  26  0.906  22  0.751   0.694 Y  0.570      SignalP-noTM
DFQ33|DFQ33_005891-T1      0.437  26  0.593  26  0.925  22  0.642   0.612 Y  0.450      SignalP-TM
DFQ33|DFQ33_005891-T1      0.850  26  0.832  26  0.912  22  0.702   0.771 Y  0.570      SignalP-noTM
DFQ33|DFQ33_005927-T1      0.269  25  0.443  25  0.915  16  0.751   0.563 Y  0.450      SignalP-TM
DFQ33|DFQ33_005933-T1      0.120  29  0.267  11  0.782   8  0.736   0.450 Y  0.450      SignalP-TM
DFQ33|DFQ33_005943-T1      0.390  20  0.560  20  0.868  10  0.791   0.668 Y  0.570      SignalP-noTM
DFQ33|DFQ33_005965-T1      0.707  21  0.691  21  0.852  19  0.697   0.694 Y  0.570      SignalP-noTM
DFQ33|DFQ33_005980-T1      0.242  35  0.401  19  0.973  16  0.953   0.617 Y  0.450      SignalP-TM
DFQ33|DFQ33_005980-T1      0.526  19  0.709  19  0.973  17  0.950   0.822 Y  0.570      SignalP-noTM
DFQ33|DFQ33_005981-T1      0.242  35  0.401  19  0.973  16  0.953   0.617 Y  0.450      SignalP-TM
DFQ33|DFQ33_005981-T1      0.526  19  0.709  19  0.973  17  0.950   0.822 Y  0.570      SignalP-noTM
DFQ33|DFQ33_005982-T1      0.165  28  0.318  21  0.887   1  0.798   0.506 Y  0.450      SignalP-TM
DFQ33|DFQ33_005982-T1      0.219  28  0.417  15  0.935  11  0.872   0.631 Y  0.570      SignalP-noTM
DFQ33|DFQ33_005984-T1      0.216  29  0.383  20  0.950  16  0.821   0.553 Y  0.450      SignalP-TM
DFQ33|DFQ33_005984-T1      0.594  18  0.719  18  0.956  16  0.861   0.785 Y  0.570      SignalP-noTM
DFQ33|DFQ33_005999-T1      0.416  23  0.558  23  0.828  21  0.752   0.634 Y  0.450      SignalP-TM
DFQ33|DFQ33_005999-T1      0.520  23  0.566  23  0.880   2  0.659   0.610 Y  0.570      SignalP-noTM
DFQ33|DFQ33_006000-T1      0.281  32  0.495  20  0.961  16  0.919   0.660 Y  0.450      SignalP-TM
DFQ33|DFQ33_006000-T1      0.365  27  0.492  27  0.952  18  0.800   0.637 Y  0.570      SignalP-noTM
DFQ33|DFQ33_006003-T1      0.312  20  0.441  20  0.813  18  0.603   0.504 Y  0.450      SignalP-TM
DFQ33|DFQ33_006003-T1      0.495  20  0.622  20  0.861   1  0.772   0.693 Y  0.570      SignalP-noTM
DFQ33|DFQ33_006017-T1      0.214  38  0.402  38  0.847  29  0.589   0.475 Y  0.450      SignalP-TM
DFQ33|DFQ33_006043-T1      0.331  21  0.466  21  0.788  13  0.689   0.553 Y  0.450      SignalP-TM
DFQ33|DFQ33_006043-T1      0.658  21  0.788  21  0.969  11  0.946   0.862 Y  0.570      SignalP-noTM
DFQ33|DFQ33_006044-T1      0.508  20  0.642  20  0.913  17  0.824   0.727 Y  0.570      SignalP-noTM
DFQ33|DFQ33_006060-T1      0.269  26  0.367  26  0.830  12  0.584   0.451 Y  0.450      SignalP-TM
DFQ33|DFQ33_006061-T1      0.351  26  0.395  26  0.806  12  0.581   0.468 Y  0.450      SignalP-TM
DFQ33|DFQ33_006062-T1      0.351  26  0.395  26  0.806  12  0.581   0.468 Y  0.450      SignalP-TM
DFQ33|DFQ33_006079-T1      0.200  25  0.354  18  0.870   7  0.792   0.525 Y  0.450      SignalP-TM
DFQ33|DFQ33_006079-T1      0.644  18  0.757  18  0.927  16  0.893   0.821 Y  0.570      SignalP-noTM
DFQ33|DFQ33_006081-T1      0.221  36  0.381  26  0.866  19  0.728   0.516 Y  0.450      SignalP-TM
DFQ33|DFQ33_006081-T1      0.373  20  0.555  20  0.931   3  0.851   0.694 Y  0.570      SignalP-noTM
DFQ33|DFQ33_006087-T1      0.249  23  0.375  23  0.724  17  0.580   0.455 Y  0.450      SignalP-TM
DFQ33|DFQ33_006118-T1      0.149  45  0.295  12  0.908   4  0.857   0.514 Y  0.450      SignalP-TM
DFQ33|DFQ33_006168-T1      0.511  31  0.612  31  0.917  21  0.795   0.683 Y  0.450      SignalP-TM
DFQ33|DFQ33_006172-T1      0.142  57  0.327  23  0.909  18  0.653   0.454 Y  0.450      SignalP-TM
DFQ33|DFQ33_006187-T1      0.279  25  0.494  25  0.964  19  0.795   0.611 Y  0.450      SignalP-TM
DFQ33|DFQ33_006187-T1      0.458  22  0.669  22  0.985  12  0.967   0.809 Y  0.570      SignalP-noTM
DFQ33|DFQ33_006191-T1      0.317  38  0.468  28  0.870  23  0.684   0.552 Y  0.450      SignalP-TM
DFQ33|DFQ33_006191-T1      0.575  28  0.699  28  0.895  27  0.774   0.734 Y  0.570      SignalP-noTM
DFQ33|DFQ33_006204-T1      0.206  20  0.432  20  0.959   2  0.918   0.660 Y  0.570      SignalP-noTM
DFQ33|DFQ33_006234-T1      0.179  46  0.332  19  0.826  16  0.756   0.498 Y  0.450      SignalP-TM
DFQ33|DFQ33_006234-T1      0.233  24  0.393  20  0.881  14  0.785   0.577 Y  0.570      SignalP-noTM
DFQ33|DFQ33_006235-T1      0.175  47  0.314  24  0.865   4  0.794   0.501 Y  0.450      SignalP-TM
DFQ33|DFQ33_006235-T1      0.297  24  0.510  24  0.948   1  0.888   0.688 Y  0.570      SignalP-noTM
DFQ33|DFQ33_006238-T1      0.288  27  0.411  27  0.779  18  0.561   0.470 Y  0.450      SignalP-TM
DFQ33|DFQ33_006238-T1      0.501  27  0.618  22  0.894  18  0.817   0.711 Y  0.570      SignalP-noTM
DFQ33|DFQ33_006249-T1      0.366  27  0.492  24  0.862  18  0.710   0.577 Y  0.450      SignalP-TM
DFQ33|DFQ33_006249-T1      0.525  22  0.661  22  0.896   9  0.824   0.721 Y  0.510      SignalP-TM
DFQ33|DFQ33_006258-T1      0.370  29  0.525  29  0.863  22  0.657   0.577 Y  0.450      SignalP-TM
DFQ33|DFQ33_006258-T1      0.651  26  0.667  26  0.778  19  0.646   0.657 Y  0.570      SignalP-noTM
DFQ33|DFQ33_006262-T1      0.454  46  0.627  46  0.956  42  0.755   0.677 Y  0.450      SignalP-TM
DFQ33|DFQ33_006266-T1      0.191  23  0.381  23  0.863  18  0.777   0.535 Y  0.450      SignalP-TM
DFQ33|DFQ33_006287-T1      0.188  20  0.348  20  0.747  12  0.639   0.462 Y  0.450      SignalP-TM
DFQ33|DFQ33_006328-T1      0.277  30  0.368  30  0.810   3  0.628   0.470 Y  0.450      SignalP-TM
DFQ33|DFQ33_006339-T1      0.216  68  0.280  17  0.813   3  0.752   0.464 Y  0.450      SignalP-TM
DFQ33|DFQ33_006353-T1      0.274  29  0.447  29  0.891  21  0.697   0.545 Y  0.450      SignalP-TM
DFQ33|DFQ33_006374-T1      0.261  23  0.416  23  0.901  22  0.567   0.475 Y  0.450      SignalP-TM
DFQ33|DFQ33_006375-T1      0.214  19  0.343  19  0.894   1  0.641   0.459 Y  0.450      SignalP-TM
DFQ33|DFQ33_006375-T1      0.594  19  0.657  19  0.937   2  0.774   0.712 Y  0.570      SignalP-noTM
DFQ33|DFQ33_006378-T1      0.148  20  0.353  20  0.964  18  0.729   0.499 Y  0.450      SignalP-TM
DFQ33|DFQ33_006379-T1      0.138  29  0.304  19  0.910  10  0.787   0.492 Y  0.450      SignalP-TM
DFQ33|DFQ33_006380-T1      0.420  22  0.551  22  0.796  15  0.718   0.616 Y  0.450      SignalP-TM
DFQ33|DFQ33_006380-T1      0.558  23  0.603  23  0.869  11  0.724   0.660 Y  0.570      SignalP-noTM
DFQ33|DFQ33_006388-T1      0.502  20  0.581  20  0.844  17  0.634   0.602 Y  0.450      SignalP-TM
DFQ33|DFQ33_006390-T1      0.261  21  0.403  21  0.712  16  0.635   0.493 Y  0.450      SignalP-TM
DFQ33|DFQ33_006390-T1      0.430  21  0.566  21  0.912  17  0.717   0.637 Y  0.570      SignalP-noTM
DFQ33|DFQ33_006428-T1      0.188  31  0.367  28  0.871  21  0.685   0.491 Y  0.450      SignalP-TM
DFQ33|DFQ33_006430-T1      0.268  26  0.435  23  0.901  19  0.824   0.618 Y  0.570      SignalP-noTM
DFQ33|DFQ33_006483-T1      0.307  22  0.466  22  0.912  13  0.704   0.578 Y  0.570      SignalP-noTM
DFQ33|DFQ33_006490-T1      0.254  31  0.408  19  0.863  18  0.718   0.529 Y  0.450      SignalP-TM
DFQ33|DFQ33_006490-T1      0.457  19  0.613  19  0.900  15  0.833   0.716 Y  0.570      SignalP-noTM
DFQ33|DFQ33_006497-T1      0.252  25  0.415  25  0.892  12  0.769   0.581 Y  0.570      SignalP-noTM
DFQ33|DFQ33_006497-T1      0.511  26  0.617  26  0.859  12  0.765   0.675 Y  0.450      SignalP-TM
DFQ33|DFQ33_006553-T1      0.214  51  0.311  21  0.834  15  0.767   0.489 Y  0.450      SignalP-TM
DFQ33|DFQ33_006553-T1      0.326  26  0.515  21  0.948  19  0.877   0.685 Y  0.570      SignalP-noTM
DFQ33|DFQ33_006570-T1      0.242  22  0.430  22  0.860   6  0.783   0.568 Y  0.450      SignalP-TM
DFQ33|DFQ33_006570-T1      0.399  22  0.566  22  0.911  16  0.785   0.669 Y  0.570      SignalP-noTM
DFQ33|DFQ33_006591-T1      0.235  16  0.426  16  0.897  14  0.777   0.591 Y  0.570      SignalP-noTM
DFQ33|DFQ33_006591-T1      0.291  28  0.379  28  0.737  14  0.563   0.451 Y  0.450      SignalP-TM
DFQ33|DFQ33_006611-T1      0.140  24  0.312  24  0.775  18  0.677   0.455 Y  0.450      SignalP-TM
DFQ33|DFQ33_006623-T1      0.186  58  0.357  20  0.894  11  0.794   0.519 Y  0.510      SignalP-TM
DFQ33|DFQ33_006623-T1      0.188  63  0.358  22  0.954  15  0.865   0.556 Y  0.450      SignalP-TM
DFQ33|DFQ33_006647-T1      0.253  26  0.401  26  0.817  11  0.697   0.516 Y  0.450      SignalP-TM
DFQ33|DFQ33_006647-T1      0.510  18  0.663  18  0.919  17  0.870   0.760 Y  0.570      SignalP-noTM
DFQ33|DFQ33_006669-T1      0.415  21  0.536  21  0.779  10  0.649   0.580 Y  0.450      SignalP-TM
DFQ33|DFQ33_006669-T1      0.801  21  0.769  21  0.839   4  0.759   0.764 Y  0.570      SignalP-noTM
DFQ33|DFQ33_006670-T1      0.216  20  0.434  20  0.906  16  0.837   0.591 Y  0.450      SignalP-TM
DFQ33|DFQ33_006670-T1      0.244  21  0.442  21  0.878  17  0.819   0.619 Y  0.570      SignalP-noTM
DFQ33|DFQ33_006671-T1      0.281  24  0.477  24  0.931  16  0.823   0.612 Y  0.450      SignalP-TM
DFQ33|DFQ33_006671-T1      0.524  24  0.630  24  0.917  13  0.813   0.716 Y  0.570      SignalP-noTM
DFQ33|DFQ33_006706-T1      0.167  32  0.346  23  0.934   3  0.867   0.549 Y  0.450      SignalP-TM
DFQ33|DFQ33_006707-T1      0.157  33  0.315  21  0.889   4  0.788   0.500 Y  0.450      SignalP-TM
DFQ33|DFQ33_006707-T1      0.180  29  0.368  21  0.916   8  0.872   0.605 Y  0.570      SignalP-noTM
DFQ33|DFQ33_006715-T1      0.196  19  0.402  19  0.904  17  0.812   0.595 Y  0.570      SignalP-noTM
DFQ33|DFQ33_006720-T1      0.180  24  0.405  24  0.962  13  0.915   0.604 Y  0.450      SignalP-TM
DFQ33|DFQ33_006720-T1      0.268  28  0.411  24  0.837   6  0.727   0.528 Y  0.510      SignalP-TM
DFQ33|DFQ33_006723-T1      0.303  24  0.442  24  0.782  19  0.609   0.507 Y  0.450      SignalP-TM
DFQ33|DFQ33_006731-T1      0.284  28  0.466  28  0.915  11  0.789   0.592 Y  0.450      SignalP-TM
DFQ33|DFQ33_006732-T1      0.176  26  0.376  26  0.933   3  0.853   0.562 Y  0.450      SignalP-TM
DFQ33|DFQ33_006732-T1      0.496  19  0.621  19  0.879  18  0.798   0.704 Y  0.570      SignalP-noTM
DFQ33|DFQ33_006734-T1      0.190  42  0.288  16  0.820   8  0.777   0.479 Y  0.450      SignalP-TM
DFQ33|DFQ33_006749-T1      0.288  27  0.439  27  0.849  18  0.603   0.503 Y  0.450      SignalP-TM
DFQ33|DFQ33_006749-T1      0.503  21  0.684  21  0.951  19  0.920   0.795 Y  0.570      SignalP-noTM
DFQ33|DFQ33_006750-T1      0.322  19  0.516  19  0.923   4  0.844   0.644 Y  0.450      SignalP-TM
DFQ33|DFQ33_006750-T1      0.655  19  0.763  19  0.937  15  0.892   0.823 Y  0.570      SignalP-noTM
DFQ33|DFQ33_006766-T1      0.258  29  0.454  20  0.918  16  0.828   0.600 Y  0.450      SignalP-TM
DFQ33|DFQ33_006766-T1      0.433  20  0.584  20  0.876  18  0.768   0.671 Y  0.570      SignalP-noTM
DFQ33|DFQ33_006769-T1      0.279  21  0.507  21  0.959  11  0.918   0.700 Y  0.570      SignalP-noTM
DFQ33|DFQ33_006769-T1      0.471  30  0.572  30  0.892  14  0.774   0.651 Y  0.450      SignalP-TM
DFQ33|DFQ33_006786-T1      0.398  37  0.548  37  0.851   7  0.751   0.627 Y  0.450      SignalP-TM
DFQ33|DFQ33_006805-T1      0.201  21  0.361  21  0.785  18  0.615   0.460 Y  0.450      SignalP-TM
DFQ33|DFQ33_006812-T1      0.271  20  0.406  20  0.798   1  0.631   0.494 Y  0.450      SignalP-TM
DFQ33|DFQ33_006812-T1      0.829  18  0.753  18  0.769  16  0.685   0.721 Y  0.570      SignalP-noTM
DFQ33|DFQ33_006832-T1      0.242  20  0.430  20  0.851   2  0.787   0.598 Y  0.570      SignalP-noTM
DFQ33|DFQ33_006874-T1      0.286  27  0.403  24  0.919  17  0.798   0.589 Y  0.570      SignalP-noTM
DFQ33|DFQ33_006874-T1      0.535  27  0.690  27  0.933  19  0.844   0.750 Y  0.450      SignalP-TM
DFQ33|DFQ33_006875-T1      0.286  27  0.403  24  0.919  17  0.798   0.589 Y  0.570      SignalP-noTM
DFQ33|DFQ33_006875-T1      0.535  27  0.690  27  0.933  19  0.844   0.750 Y  0.450      SignalP-TM
DFQ33|DFQ33_006914-T1      0.143  24  0.333  21  0.892  11  0.790   0.511 Y  0.450      SignalP-TM
DFQ33|DFQ33_006914-T1      0.175  19  0.386  19  0.930   5  0.870   0.613 Y  0.570      SignalP-noTM
DFQ33|DFQ33_006918-T1      0.513  28  0.525  28  0.830  18  0.646   0.572 Y  0.450      SignalP-TM
DFQ33|DFQ33_006938-T1      0.139  30  0.304  20  0.795   8  0.743   0.475 Y  0.450      SignalP-TM
DFQ33|DFQ33_006938-T1      0.159  23  0.364  23  0.932  18  0.850   0.592 Y  0.570      SignalP-noTM
DFQ33|DFQ33_006939-T1      0.123  20  0.310  20  0.806  17  0.763   0.487 Y  0.450      SignalP-TM
DFQ33|DFQ33_006939-T1      0.160  23  0.365  23  0.930  18  0.850   0.593 Y  0.570      SignalP-noTM
DFQ33|DFQ33_006942-T1      0.467  34  0.409  22  0.801  16  0.601   0.484 Y  0.450      SignalP-TM
DFQ33|DFQ33_006943-T1      0.277  22  0.470  22  0.915  16  0.781   0.591 Y  0.450      SignalP-TM
DFQ33|DFQ33_006943-T1      0.614  22  0.683  22  0.882  15  0.798   0.737 Y  0.570      SignalP-noTM
DFQ33|DFQ33_006946-T1      0.223  26  0.377  16  0.942  14  0.910   0.628 Y  0.570      SignalP-noTM
DFQ33|DFQ33_006963-T1      0.328  21  0.499  21  0.860  16  0.724   0.586 Y  0.450      SignalP-TM
DFQ33|DFQ33_006963-T1      0.722  21  0.813  21  0.967  17  0.904   0.856 Y  0.570      SignalP-noTM
DFQ33|DFQ33_006980-T1      0.357  21  0.524  21  0.890  11  0.805   0.656 Y  0.570      SignalP-noTM
DFQ33|DFQ33_006995-T1      0.412  26  0.522  26  0.854  17  0.659   0.576 Y  0.450      SignalP-TM
DFQ33|DFQ33_007005-T1      0.270  25  0.472  25  0.936  17  0.827   0.610 Y  0.450      SignalP-TM
DFQ33|DFQ33_007005-T1      0.356  19  0.563  19  0.928   1  0.894   0.719 Y  0.570      SignalP-noTM
DFQ33|DFQ33_007036-T1      0.407  37  0.442  37  0.696  36  0.524   0.474 Y  0.450      SignalP-TM
DFQ33|DFQ33_007049-T1      0.596  25  0.660  25  0.855  24  0.693   0.673 Y  0.450      SignalP-TM
DFQ33|DFQ33_007071-T1      0.164  27  0.359  27  0.935  16  0.818   0.538 Y  0.450      SignalP-TM
DFQ33|DFQ33_007071-T1      0.183  23  0.407  23  0.960  19  0.885   0.631 Y  0.570      SignalP-noTM
DFQ33|DFQ33_007152-T1      0.495  20  0.586  20  0.804   1  0.708   0.644 Y  0.570      SignalP-noTM
DFQ33|DFQ33_007158-T1      0.167  19  0.341  19  0.823  17  0.696   0.479 Y  0.450      SignalP-TM
DFQ33|DFQ33_007158-T1      0.461  19  0.564  19  0.894   1  0.710   0.633 Y  0.570      SignalP-noTM
DFQ33|DFQ33_007160-T1      0.133  57  0.278  13  0.830   9  0.782   0.475 Y  0.450      SignalP-TM
DFQ33|DFQ33_007166-T1      0.166  23  0.347  23  0.820  17  0.725   0.494 Y  0.450      SignalP-TM
DFQ33|DFQ33_007167-T1      0.279  26  0.430  26  0.888  14  0.745   0.578 Y  0.570      SignalP-noTM
DFQ33|DFQ33_007167-T1      0.317  26  0.472  26  0.860   8  0.752   0.581 Y  0.450      SignalP-TM
DFQ33|DFQ33_007168-T1      0.193  26  0.342  24  0.888  10  0.735   0.496 Y  0.450      SignalP-TM
DFQ33|DFQ33_007168-T1      0.205  24  0.390  24  0.921  14  0.804   0.584 Y  0.570      SignalP-noTM
DFQ33|DFQ33_007181-T1      0.292  20  0.497  20  0.897  11  0.836   0.629 Y  0.450      SignalP-TM
DFQ33|DFQ33_007189-T1      0.183  23  0.376  23  0.892   9  0.801   0.576 Y  0.570      SignalP-noTM
DFQ33|DFQ33_007189-T1      0.195  25  0.386  25  0.922  12  0.759   0.532 Y  0.450      SignalP-TM
DFQ33|DFQ33_007206-T1      0.204  27  0.359  27  0.807  18  0.651   0.473 Y  0.450      SignalP-TM
DFQ33|DFQ33_007208-T1      0.338  22  0.434  22  0.855   2  0.608   0.502 Y  0.450      SignalP-TM
DFQ33|DFQ33_007209-T1      0.287  23  0.412  23  0.756   8  0.620   0.493 Y  0.450      SignalP-TM
DFQ33|DFQ33_007220-T1      0.792  25  0.825  25  0.949  16  0.886   0.854 Y  0.570      SignalP-noTM
DFQ33|DFQ33_007220-T1      0.814  25  0.750  25  0.762   9  0.698   0.730 Y  0.450      SignalP-TM
DFQ33|DFQ33_007241-T1      0.180  52  0.300  14  0.806  13  0.708   0.459 Y  0.450      SignalP-TM
DFQ33|DFQ33_007243-T1      0.192  33  0.361  22  0.857   6  0.800   0.532 Y  0.450      SignalP-TM
DFQ33|DFQ33_007243-T1      0.193  17  0.417  17  0.945  12  0.900   0.644 Y  0.570      SignalP-noTM
DFQ33|DFQ33_007250-T1      0.152  30  0.331  23  0.869   7  0.791   0.510 Y  0.450      SignalP-TM
DFQ33|DFQ33_007250-T1      0.359  20  0.574  20  0.944  18  0.920   0.737 Y  0.570      SignalP-noTM
DFQ33|DFQ33_007265-T1      0.378  19  0.550  19  0.922   1  0.808   0.671 Y  0.570      SignalP-noTM
DFQ33|DFQ33_007266-T1      0.134  25  0.290  21  0.851   3  0.720   0.458 Y  0.450      SignalP-TM
DFQ33|DFQ33_007266-T1      0.279  20  0.454  20  0.872   1  0.752   0.594 Y  0.570      SignalP-noTM
DFQ33|DFQ33_007276-T1      0.122  20  0.300  20  0.884   5  0.777   0.486 Y  0.450      SignalP-TM
DFQ33|DFQ33_007276-T1      0.466  20  0.667  20  0.966  17  0.948   0.799 Y  0.570      SignalP-noTM
DFQ33|DFQ33_007281-T1      0.206  32  0.394  18  0.939  11  0.873   0.581 Y  0.450      SignalP-TM
DFQ33|DFQ33_007281-T1      0.332  20  0.550  20  0.943  17  0.898   0.713 Y  0.570      SignalP-noTM
DFQ33|DFQ33_007282-T1      0.212  31  0.439  25  0.977  16  0.923   0.628 Y  0.450      SignalP-TM
DFQ33|DFQ33_007282-T1      0.295  25  0.482  25  0.959  15  0.850   0.655 Y  0.570      SignalP-noTM
DFQ33|DFQ33_007283-T1      0.316  41  0.427  20  0.895  14  0.783   0.566 Y  0.450      SignalP-TM
DFQ33|DFQ33_007284-T1      0.171  20  0.376  20  0.925   1  0.837   0.593 Y  0.570      SignalP-noTM
DFQ33|DFQ33_007284-T1      0.231  20  0.453  20  0.933  13  0.875   0.618 Y  0.450      SignalP-TM
DFQ33|DFQ33_007285-T1      0.177  20  0.363  20  0.887  16  0.755   0.516 Y  0.450      SignalP-TM
DFQ33|DFQ33_007286-T1      0.233  18  0.385  18  0.864   1  0.687   0.503 Y  0.450      SignalP-TM
DFQ33|DFQ33_007317-T1      0.254  31  0.349  25  0.888   8  0.733   0.499 Y  0.450      SignalP-TM
DFQ33|DFQ33_007323-T1      0.221  24  0.433  24  0.949  18  0.857   0.598 Y  0.450      SignalP-TM
DFQ33|DFQ33_007323-T1      0.251  24  0.452  20  0.916  18  0.875   0.651 Y  0.570      SignalP-noTM
DFQ33|DFQ33_007325-T1      0.207  31  0.385  22  0.876   1  0.799   0.579 Y  0.570      SignalP-noTM
DFQ33|DFQ33_007325-T1      0.287  26  0.474  26  0.874  12  0.806   0.603 Y  0.450      SignalP-TM
DFQ33|DFQ33_007331-T1      0.537  21  0.608  21  0.828   8  0.699   0.642 Y  0.510      SignalP-TM
DFQ33|DFQ33_007332-T1      0.151  23  0.338  23  0.836  16  0.762   0.503 Y  0.450      SignalP-TM
DFQ33|DFQ33_007332-T1      0.177  22  0.386  22  0.928  11  0.868   0.612 Y  0.570      SignalP-noTM
DFQ33|DFQ33_007370-T1      0.259  23  0.399  23  0.707  16  0.611   0.481 Y  0.450      SignalP-TM
DFQ33|DFQ33_007375-T1      0.203  23  0.384  23  0.875  10  0.750   0.527 Y  0.450      SignalP-TM
DFQ33|DFQ33_007375-T1      0.229  21  0.423  21  0.933  10  0.793   0.597 Y  0.570      SignalP-noTM
DFQ33|DFQ33_007433-T1      0.427  22  0.568  22  0.929  10  0.815   0.684 Y  0.570      SignalP-noTM
DFQ33|DFQ33_007433-T1      0.437  22  0.454  22  0.561   5  0.484   0.466 Y  0.450      SignalP-TM
DFQ33|DFQ33_007500-T1      0.407  22  0.508  22  0.677   8  0.625   0.553 Y  0.450      SignalP-TM
DFQ33|DFQ33_007502-T1      0.228  45  0.362  18  0.876  13  0.824   0.542 Y  0.450      SignalP-TM
DFQ33|DFQ33_007502-T1      0.411  18  0.603  18  0.930   4  0.896   0.741 Y  0.570      SignalP-noTM
DFQ33|DFQ33_007508-T1      0.236  24  0.413  24  0.832  16  0.722   0.533 Y  0.450      SignalP-TM
DFQ33|DFQ33_007535-T1      0.324  31  0.456  31  0.792  24  0.508   0.476 Y  0.450      SignalP-TM
DFQ33|DFQ33_007553-T1      0.230  24  0.436  24  0.923   1  0.833   0.623 Y  0.570      SignalP-noTM
DFQ33|DFQ33_007553-T1      0.262  27  0.482  27  0.943  18  0.882   0.638 Y  0.450      SignalP-TM
DFQ33|DFQ33_007563-T1      0.143  21  0.314  21  0.873   6  0.736   0.479 Y  0.450      SignalP-TM
DFQ33|DFQ33_007590-T1      0.188  23  0.349  23  0.880   1  0.685   0.480 Y  0.450      SignalP-TM
DFQ33|DFQ33_007601-T1      0.198  22  0.398  22  0.916   8  0.840   0.606 Y  0.570      SignalP-noTM
DFQ33|DFQ33_007604-T1      0.194  18  0.385  18  0.815   7  0.764   0.533 Y  0.450      SignalP-TM
DFQ33|DFQ33_007604-T1      0.500  18  0.661  18  0.937  17  0.870   0.759 Y  0.570      SignalP-noTM
DFQ33|DFQ33_007605-T1      0.207  18  0.377  18  0.745   1  0.695   0.501 Y  0.450      SignalP-TM
DFQ33|DFQ33_007605-T1      0.394  18  0.537  18  0.883  17  0.748   0.637 Y  0.570      SignalP-noTM
DFQ33|DFQ33_007606-T1      0.228  18  0.400  18  0.761  17  0.700   0.517 Y  0.450      SignalP-TM
DFQ33|DFQ33_007606-T1      0.397  18  0.548  18  0.882  17  0.766   0.651 Y  0.570      SignalP-noTM
DFQ33|DFQ33_007607-T1      0.207  18  0.383  18  0.783  17  0.709   0.510 Y  0.450      SignalP-TM
DFQ33|DFQ33_007607-T1      0.394  18  0.536  18  0.879  17  0.745   0.634 Y  0.570      SignalP-noTM
DFQ33|DFQ33_007620-T1      0.273  19  0.453  19  0.827  10  0.757   0.571 Y  0.450      SignalP-TM
DFQ33|DFQ33_007623-T1      0.183  28  0.304  17  0.880  15  0.701   0.459 Y  0.450      SignalP-TM
DFQ33|DFQ33_007632-T1      0.252  21  0.425  21  0.886  15  0.758   0.581 Y  0.570      SignalP-noTM
DFQ33|DFQ33_007646-T1      0.234  18  0.382  18  0.737   1  0.641   0.483 Y  0.450      SignalP-TM
DFQ33|DFQ33_007646-T1      0.395  18  0.518  18  0.800  17  0.698   0.603 Y  0.570      SignalP-noTM
DFQ33|DFQ33_007669-T1      0.137  25  0.271  13  0.794   3  0.738   0.453 Y  0.450      SignalP-TM
DFQ33|DFQ33_007683-T1      0.514  17  0.592  17  0.820  13  0.693   0.639 Y  0.570      SignalP-noTM
DFQ33|DFQ33_007684-T1      0.159  25  0.331  19  0.852   4  0.728   0.486 Y  0.450      SignalP-TM
DFQ33|DFQ33_007684-T1      0.205  20  0.407  20  0.885   2  0.822   0.602 Y  0.570      SignalP-noTM
DFQ33|DFQ33_007689-T1      0.252  26  0.434  26  0.880  18  0.737   0.552 Y  0.450      SignalP-TM
DFQ33|DFQ33_007694-T1      0.247  26  0.423  26  0.880  16  0.743   0.548 Y  0.450      SignalP-TM
DFQ33|DFQ33_007737-T1      0.323  20  0.538  20  0.929  18  0.868   0.667 Y  0.450      SignalP-TM
DFQ33|DFQ33_007737-T1      0.448  20  0.619  20  0.903  18  0.852   0.729 Y  0.570      SignalP-noTM
DFQ33|DFQ33_007739-T1      0.248  20  0.480  20  0.961   9  0.934   0.693 Y  0.570      SignalP-noTM
DFQ33|DFQ33_007739-T1      0.271  29  0.475  29  0.959  18  0.888   0.636 Y  0.450      SignalP-TM
DFQ33|DFQ33_007764-T1      0.326  27  0.427  27  0.964  12  0.763   0.585 Y  0.570      SignalP-noTM
DFQ33|DFQ33_007764-T1      0.449  27  0.612  27  0.928  12  0.851   0.705 Y  0.450      SignalP-TM
DFQ33|DFQ33_007774-T1      0.397  21  0.601  21  0.980  13  0.907   0.745 Y  0.570      SignalP-noTM
DFQ33|DFQ33_007777-T1      0.395  25  0.513  25  0.820  12  0.684   0.579 Y  0.450      SignalP-TM
DFQ33|DFQ33_007782-T1      0.252  29  0.420  29  0.859  14  0.740   0.545 Y  0.450      SignalP-TM
DFQ33|DFQ33_007802-T1      0.164  24  0.364  24  0.901  13  0.771   0.522 Y  0.450      SignalP-TM
DFQ33|DFQ33_007802-T1      0.293  20  0.473  20  0.876  11  0.785   0.620 Y  0.570      SignalP-noTM
DFQ33|DFQ33_007807-T1      0.181  56  0.328  23  0.855  15  0.736   0.487 Y  0.450      SignalP-TM
DFQ33|DFQ33_007807-T1      0.293  21  0.490  21  0.916   1  0.842   0.656 Y  0.570      SignalP-noTM
DFQ33|DFQ33_007819-T1      0.198  22  0.364  22  0.819  16  0.665   0.482 Y  0.450      SignalP-TM
DFQ33|DFQ33_007819-T1      0.234  20  0.423  20  0.884   1  0.770   0.586 Y  0.570      SignalP-noTM
DFQ33|DFQ33_007839-T1      0.163  30  0.321  24  0.831  21  0.677   0.460 Y  0.450      SignalP-TM
DFQ33|DFQ33_007873-T1      0.318  24  0.426  24  0.677  20  0.579   0.486 Y  0.450      SignalP-TM
DFQ33|DFQ33_007908-T1      0.292  25  0.395  25  0.843   1  0.574   0.465 Y  0.450      SignalP-TM
DFQ33|DFQ33_007968-T1      0.413  27  0.533  27  0.850  12  0.703   0.599 Y  0.450      SignalP-TM
DFQ33|DFQ33_007985-T1      0.444  23  0.624  23  0.935  14  0.811   0.712 Y  0.570      SignalP-noTM
DFQ33|DFQ33_007989-T1      0.252  27  0.420  27  0.789  16  0.590   0.486 Y  0.450      SignalP-TM
DFQ33|DFQ33_008003-T1      0.264  26  0.407  26  0.805  12  0.682   0.514 Y  0.450      SignalP-TM
DFQ33|DFQ33_008017-T1      0.203  20  0.394  20  0.865  14  0.786   0.578 Y  0.570      SignalP-noTM
DFQ33|DFQ33_008017-T1      0.211  22  0.370  22  0.771  16  0.647   0.478 Y  0.450      SignalP-TM
DFQ33|DFQ33_008035-T1      0.387  23  0.552  23  0.898  18  0.790   0.645 Y  0.450      SignalP-TM
DFQ33|DFQ33_008040-T1      0.308  22  0.432  22  0.705  18  0.559   0.481 Y  0.450      SignalP-TM
DFQ33|DFQ33_008042-T1      0.121  23  0.304  23  0.917  18  0.686   0.453 Y  0.450      SignalP-TM
DFQ33|DFQ33_008056-T1      0.245  29  0.414  29  0.860   8  0.765   0.551 Y  0.450      SignalP-TM
DFQ33|DFQ33_008070-T1      0.212  19  0.450  19  0.972  14  0.951   0.686 Y  0.570      SignalP-noTM
DFQ33|DFQ33_008070-T1      0.245  28  0.438  28  0.956   6  0.864   0.604 Y  0.450      SignalP-TM
DFQ33|DFQ33_008074-T1      0.117  43  0.292  21  0.920  11  0.784   0.484 Y  0.450      SignalP-TM
DFQ33|DFQ33_008091-T1      0.182  19  0.344  19  0.912   2  0.710   0.487 Y  0.450      SignalP-TM
DFQ33|DFQ33_008091-T1      0.208  20  0.409  20  0.938   1  0.838   0.611 Y  0.570      SignalP-noTM
DFQ33|DFQ33_008111-T1      0.298  27  0.436  27  0.856   8  0.709   0.543 Y  0.450      SignalP-TM
DFQ33|DFQ33_008136-T1      0.379  20  0.530  20  0.805  11  0.735   0.610 Y  0.450      SignalP-TM
DFQ33|DFQ33_008136-T1      0.487  20  0.686  20  0.980  12  0.959   0.814 Y  0.570      SignalP-noTM
DFQ33|DFQ33_008149-T1      0.420  23  0.482  23  0.727  18  0.454   0.471 Y  0.450      SignalP-TM
DFQ33|DFQ33_008151-T1      0.311  32  0.402  32  0.726  16  0.554   0.461 Y  0.450      SignalP-TM
DFQ33|DFQ33_008158-T1      0.285  22  0.453  22  0.890  18  0.726   0.560 Y  0.450      SignalP-TM
DFQ33|DFQ33_008158-T1      0.341  20  0.516  20  0.887  18  0.791   0.645 Y  0.570      SignalP-noTM
DFQ33|DFQ33_008162-T1      0.459  43  0.616  43  0.892  29  0.544   0.582 Y  0.570      SignalP-noTM
DFQ33|DFQ33_008163-T1      0.297  20  0.501  20  0.897  18  0.834   0.631 Y  0.450      SignalP-TM
DFQ33|DFQ33_008163-T1      0.590  20  0.724  20  0.924   4  0.894   0.804 Y  0.570      SignalP-noTM
DFQ33|DFQ33_008218-T1      0.260  31  0.426  31  0.878  20  0.610   0.498 Y  0.450      SignalP-TM
DFQ33|DFQ33_008258-T1      0.306  26  0.424  26  0.839  11  0.678   0.523 Y  0.450      SignalP-TM
DFQ33|DFQ33_008271-T1      0.259  21  0.454  21  0.854  18  0.772   0.578 Y  0.450      SignalP-TM
DFQ33|DFQ33_008271-T1      0.410  21  0.585  21  0.912   4  0.856   0.712 Y  0.570      SignalP-noTM
DFQ33|DFQ33_008313-T1      0.265  25  0.373  25  0.787   2  0.615   0.467 Y  0.450      SignalP-TM
DFQ33|DFQ33_008348-T1      0.199  24  0.393  19  0.891  14  0.849   0.608 Y  0.570      SignalP-noTM
DFQ33|DFQ33_008348-T1      0.452  29  0.568  29  0.943  15  0.805   0.660 Y  0.450      SignalP-TM
DFQ33|DFQ33_008368-T1      0.143  24  0.309  24  0.791   9  0.701   0.462 Y  0.450      SignalP-TM
DFQ33|DFQ33_008369-T1      0.143  24  0.333  21  0.892  11  0.790   0.511 Y  0.450      SignalP-TM
DFQ33|DFQ33_008369-T1      0.175  19  0.386  19  0.930   5  0.870   0.613 Y  0.570      SignalP-noTM
DFQ33|DFQ33_008372-T1      0.191  31  0.367  27  0.863  21  0.737   0.511 Y  0.450      SignalP-TM
DFQ33|DFQ33_008373-T1      0.177  23  0.373  23  0.931  12  0.808   0.578 Y  0.570      SignalP-noTM
DFQ33|DFQ33_008375-T1      0.179  28  0.347  21  0.884  12  0.814   0.529 Y  0.450      SignalP-TM
DFQ33|DFQ33_008375-T1      0.230  21  0.459  21  0.950  14  0.923   0.677 Y  0.570      SignalP-noTM
DFQ33|DFQ33_008378-T1      0.196  26  0.358  21  0.885  17  0.695   0.489 Y  0.450      SignalP-TM
DFQ33|DFQ33_008388-T1      0.380  23  0.563  23  0.871  14  0.779   0.648 Y  0.450      SignalP-TM
DFQ33|DFQ33_008388-T1      0.752  23  0.828  23  0.952   8  0.895   0.859 Y  0.570      SignalP-noTM
DFQ33|DFQ33_008403-T1      0.151  36  0.315  17  0.741   3  0.665   0.451 Y  0.450      SignalP-TM
DFQ33|DFQ33_008403-T1      0.179  18  0.403  18  0.941  11  0.898   0.635 Y  0.570      SignalP-noTM
DFQ33|DFQ33_008404-T1      0.237  22  0.432  22  0.937  17  0.809   0.609 Y  0.570      SignalP-noTM
DFQ33|DFQ33_008418-T1      0.294  23  0.463  23  0.821  17  0.751   0.598 Y  0.570      SignalP-noTM
DFQ33|DFQ33_008418-T1      0.307  30  0.456  30  0.906  19  0.731   0.563 Y  0.450      SignalP-TM
DFQ33|DFQ33_008446-T1      0.156  35  0.312  24  0.865  18  0.705   0.465 Y  0.450      SignalP-TM
DFQ33|DFQ33_008451-T1      0.350  36  0.374  25  0.919  14  0.792   0.537 Y  0.450      SignalP-TM
DFQ33|DFQ33_008452-T1      0.352  36  0.368  28  0.916  14  0.755   0.519 Y  0.450      SignalP-TM
DFQ33|DFQ33_008454-T1      0.326  32  0.461  32  0.921  17  0.764   0.579 Y  0.450      SignalP-TM
DFQ33|DFQ33_008457-T1      0.143  32  0.280  11  0.922   2  0.769   0.471 Y  0.450      SignalP-TM
DFQ33|DFQ33_008463-T1      0.245  25  0.413  25  0.921  17  0.790   0.590 Y  0.570      SignalP-noTM
DFQ33|DFQ33_008463-T1      0.320  25  0.506  25  0.915  18  0.817   0.627 Y  0.450      SignalP-TM
DFQ33|DFQ33_008484-T1      0.182  69  0.315  23  0.829   4  0.669   0.453 Y  0.450      SignalP-TM
DFQ33|DFQ33_008493-T1      0.203  23  0.390  20  0.853  15  0.769   0.537 Y  0.450      SignalP-TM
DFQ33|DFQ33_008493-T1      0.298  20  0.515  20  0.923  15  0.874   0.648 Y  0.510      SignalP-TM
DFQ33|DFQ33_008509-T1      0.308  34  0.481  34  0.972   8  0.872   0.633 Y  0.450      SignalP-TM
DFQ33|DFQ33_008514-T1      0.318  20  0.502  20  0.876   1  0.806   0.645 Y  0.570      SignalP-noTM
DFQ33|DFQ33_008514-T1      0.341  20  0.491  20  0.744  12  0.673   0.562 Y  0.450      SignalP-TM
DFQ33|DFQ33_008515-T1      0.165  19  0.377  19  0.921  14  0.809   0.546 Y  0.450      SignalP-TM
DFQ33|DFQ33_008515-T1      0.213  25  0.419  19  0.918   9  0.881   0.636 Y  0.570      SignalP-noTM
DFQ33|DFQ33_008521-T1      0.706  21  0.674  21  0.800  11  0.679   0.676 Y  0.570      SignalP-noTM
DFQ33|DFQ33_008547-T1      0.250  28  0.377  28  0.795   1  0.664   0.489 Y  0.450      SignalP-TM
