Gene ID	CAZy ID	% Identical	Length	Mismatches	Gap Open	Gene Start	Gene End	CAZy Start	CAZy End	E Value	Bit Score
Pfor|Pfor_41	QBQ55243.1|CBM50|	33.0	798	448	17	74	851	27	757	3.61e-114	379
Pfor|Pfor_44	QBQ55243.1|CBM50|	33.0	798	448	17	47	824	27	757	9.08e-113	379
Pfor|Pfor_48	QBQ55243.1|CBM50|	33.0	798	448	17	74	851	27	757	1.60e-112	379
Pfor|Pfor_217	AAO32493.1|GT48|	68.6	303	91	2	1	299	120	422	1.34e-148	427
Pfor|Pfor_220	CDS03806.1|GT48|	50.8	1804	774	22	107	1897	177	1879	0.0	1699
Pfor|Pfor_222	CDS03806.1|GT48|	55.6	756	317	7	1	741	1150	1901	1.70e-278	826
Pfor|Pfor_264	AAX69085.1|CBM14|GH18|	54.4	489	203	4	6	475	3	490	5.49e-189	540
Pfor|Pfor_640	AWP05996.1|GT25|	40.8	463	247	6	27	474	43	493	2.31e-111	363
Pfor|Pfor_642	AWP05996.1|GT25|	43.4	613	318	7	27	622	43	643	3.86e-166	515
Pfor|Pfor_758	CDS05640.1|GH20|	46.5	669	324	9	21	683	18	658	3.85e-202	597
Pfor|Pfor_892	CDS05700.1|GT33|	46.8	438	215	11	16	446	53	479	8.73e-116	353
Pfor|Pfor_899	AEY60556.1|GT43|	75.3	388	83	3	1	385	1	378	4.99e-201	562
Pfor|Pfor_900	AEY60556.1|GT43|	75.3	388	83	3	1	385	1	378	4.99e-201	562
Pfor|Pfor_901	AEY60556.1|GT43|	75.3	388	83	3	1	385	1	378	4.99e-201	562
Pfor|Pfor_1311	CAC9909034.1|GT8|	62.8	390	143	2	13	402	335	722	2.61e-169	495
Pfor|Pfor_1313	CAC9909034.1|GT8|	65.1	370	128	1	20	389	347	715	1.38e-168	493
Pfor|Pfor_1314	CAC9909034.1|GT8|	64.0	378	135	1	20	397	347	723	1.08e-169	496
Pfor|Pfor_1375	AEY58594.1|GH85|	66.7	288	95	1	18	305	4	290	2.17e-139	412
Pfor|Pfor_1379	AEY58594.1|GH85|	66.7	288	95	1	18	305	4	290	1.08e-139	412
Pfor|Pfor_1380	AEY58594.1|GH85|	66.7	288	95	1	18	305	4	290	2.17e-139	412
Pfor|Pfor_1381	AEY58594.1|GH85|	66.7	288	95	1	18	305	4	290	1.08e-139	412
Pfor|Pfor_1382	AEY58594.1|GH85|	66.7	288	95	1	18	305	4	290	1.74e-139	412
Pfor|Pfor_1383	AEY58594.1|GH85|	66.7	288	95	1	18	305	4	290	1.74e-139	412
Pfor|Pfor_1454	QBB01645.1|GH35|	63.7	600	213	4	29	624	48	646	3.27e-285	797
Pfor|Pfor_1455	AEY58155.1|GH35|	68.3	322	97	3	1	320	1	319	1.17e-167	475
Pfor|Pfor_1468	AEE61776.1|GH27|	81.3	439	72	2	6	434	5	443	4.21e-277	759
Pfor|Pfor_1469	AEE61776.1|GH27|	81.3	439	72	2	6	434	5	443	4.21e-277	759
Pfor|Pfor_1471	AEE61776.1|GH27|	81.3	439	72	2	6	434	5	443	4.21e-277	759
Pfor|Pfor_1568	AJO25058.1|GH84|	65.1	648	182	10	42	677	60	675	1.49e-277	782
Pfor|Pfor_1569	AJO25058.1|GH84|	65.4	645	180	10	42	672	60	675	7.09e-277	780
Pfor|Pfor_1570	AJO25058.1|GH84|	65.5	632	174	10	42	661	60	659	2.07e-271	766
Pfor|Pfor_1571	AJO25058.1|GH84|	65.8	629	172	10	42	656	60	659	9.87e-271	764
Pfor|Pfor_1851	ATU82730.1|GH2|	57.9	461	177	8	63	511	20	475	1.16e-186	537
Pfor|Pfor_1852	ATU82730.1|GH2|	56.6	380	148	8	63	430	20	394	2.22e-143	424
Pfor|Pfor_2485	AEY62044.1|GT23|	87.4	214	27	0	1	214	1	214	8.62e-138	389
Pfor|Pfor_2486	EAA01061.5|GT23|2.4.1.68	53.1	520	229	6	51	560	49	563	1.53e-194	561
Pfor|Pfor_2653	CDS13004.1|GT20|	53.1	755	344	7	15	763	25	775	2.93e-296	835
Pfor|Pfor_2654	CDS13004.1|GT20|	52.6	766	348	8	11	770	22	778	3.92e-293	828
Pfor|Pfor_2655	CDS13004.1|GT20|	53.2	761	344	7	15	770	25	778	7.34e-296	835
Pfor|Pfor_2656	CDS13004.1|GT20|	52.5	760	348	8	11	763	22	775	1.57e-293	828
Pfor|Pfor_2781	AXQ39854.1|GH9|	66.8	443	143	3	36	478	17	455	3.34e-215	605
Pfor|Pfor_2783	AXQ39854.1|GH9|	66.8	443	143	3	36	478	17	455	3.34e-215	605
Pfor|Pfor_2940	QKX60855.1|GT22|	70.4	304	88	1	28	331	568	869	1.27e-141	426
Pfor|Pfor_2941	QKX60855.1|GT22|	70.7	232	68	0	28	259	568	799	2.29e-109	340
Pfor|Pfor_2950	QKX60254.1|GH76|	47.7	780	379	8	154	917	1	767	2.52e-232	695
Pfor|Pfor_2951	QKX60254.1|GH76|	47.7	780	379	8	154	917	1	767	2.52e-232	695
Pfor|Pfor_2980	QBQ55243.1|CBM50|	32.7	790	453	19	43	812	27	757	6.29e-103	353
Pfor|Pfor_3043	CDZ96890.1|GH63|	52.6	291	136	2	4	292	537	827	1.11e-105	330
Pfor|Pfor_3044	CDS13455.1|GH63|	42.4	851	402	16	21	856	25	802	7.99e-228	665
Pfor|Pfor_3053	QBB01693.1|GH31|	58.6	654	263	4	14	665	7	654	4.43e-291	813
Pfor|Pfor_3440	AFP60748.1|GT43|	59.7	263	102	2	32	290	46	308	6.77e-110	325
Pfor|Pfor_3442	AFP60748.1|GT43|	59.7	263	102	2	91	349	46	308	5.84e-109	325
Pfor|Pfor_3721	AEY60155.1|GT66|	91.1	787	68	1	1	785	15	801	0.0	1439
Pfor|Pfor_3937	QIR39058.1|GH0|	35.1	1041	587	14	48	1037	10	1012	1.53e-185	574
Pfor|Pfor_3941	BAY07794.1|GH0|	45.7	435	219	4	48	477	9	431	6.27e-122	387
Pfor|Pfor_3944	QIR39058.1|GH0|	35.1	1041	587	14	48	1037	10	1012	1.53e-185	574
Pfor|Pfor_3948	BAY07794.1|GH0|	45.7	435	219	4	48	477	9	431	6.27e-122	387
Pfor|Pfor_4365	AWP12966.1|GT68|	29.9	1279	759	34	1842	3023	1798	3035	2.45e-136	488
Pfor|Pfor_4751	QHG77622.1|CBM50|	85.1	222	33	0	47	268	56	277	5.05e-134	389
Pfor|Pfor_4752	QHG77622.1|CBM50|	85.6	222	32	0	47	268	56	277	5.05e-134	389
Pfor|Pfor_5054	VUW72999.1|AA1|	46.1	445	225	8	295	732	191	627	3.62e-105	353
Pfor|Pfor_5564	AJO25053.1|GH20|	45.0	471	248	5	20	488	2	463	1.55e-153	450
Pfor|Pfor_5565	AJO25053.1|GH20|	42.4	500	248	6	20	517	2	463	9.43e-147	434
Pfor|Pfor_5566	AJO25053.1|GH20|	45.0	471	248	5	20	488	2	463	1.55e-153	450
Pfor|Pfor_5568	AJO25053.1|GH20|	42.4	500	248	6	20	517	2	463	9.43e-147	434
Pfor|Pfor_5570	AJO25053.1|GH20|	42.4	500	248	6	7	504	2	463	8.53e-147	434
Pfor|Pfor_5571	AJO25053.1|GH20|	45.0	471	248	5	7	475	2	463	1.39e-153	450
Pfor|Pfor_5618	CDS08031.1|GT2|	40.1	1481	739	36	24	1394	11	1453	0.0	984
Pfor|Pfor_5639	CDS05274.1|GT2|	44.0	589	283	13	6	564	85	656	4.27e-147	457
Pfor|Pfor_5641	VDC99777.1|GH35|	79.5	229	29	4	11	237	1	213	4.31e-121	373
Pfor|Pfor_6081	CDS05465.1|GH47|	58.6	430	178	0	52	481	1	430	9.55e-179	518
Pfor|Pfor_6083	CDS05465.1|GH47|	59.7	273	110	0	5	277	158	430	2.73e-112	340
Pfor|Pfor_6494	AWK40335.1|GH6|	37.7	693	417	7	56	737	164	852	6.29e-145	452
Pfor|Pfor_6658	AEY57049.1|GT16|	85.8	466	65	1	30	494	3	468	7.26e-309	843
Pfor|Pfor_6660	AEY57048.1|GT16|	65.6	291	71	2	1	275	282	559	1.48e-127	378
Pfor|Pfor_6663	AEY57049.1|GT16|	84.4	307	47	1	30	335	3	309	1.15e-188	534
Pfor|Pfor_6665	AEY57049.1|GT16|	84.4	307	47	1	30	335	3	309	1.15e-188	534
Pfor|Pfor_6814	SVE85332.1|GH9|	68.2	883	272	4	3	884	407	1281	7.27e-239	712
Pfor|Pfor_6816	SVE84708.1|GH9|	52.7	915	411	8	6	906	418	1324	3.81e-116	390
Pfor|Pfor_6868	QDS71450.1|GH47|	55.9	329	136	1	11	339	1044	1363	3.60e-123	390
Pfor|Pfor_7051	AAH85683.1|GT0|	59.7	236	94	1	1	236	507	741	7.36e-103	318
Pfor|Pfor_7055	AAH85683.1|GT0|	59.7	236	94	1	1	236	507	741	7.36e-103	318
Pfor|Pfor_7060	AAH85683.1|GT0|	59.7	236	94	1	1	236	507	741	7.36e-103	318
Pfor|Pfor_7066	AAH85683.1|GT0|	59.7	236	94	1	1	236	507	741	7.36e-103	318
Pfor|Pfor_7072	AAH85683.1|GT0|	54.9	339	151	2	1	338	404	741	5.60e-139	416
Pfor|Pfor_7375	QKX56076.1|GH51|	43.2	435	239	4	131	558	918	1351	4.51e-105	352
Pfor|Pfor_7483	QBQ55243.1|CBM50|	35.4	800	453	18	19	801	9	761	4.81e-122	399
Pfor|Pfor_7484	QBQ55243.1|CBM50|	35.5	799	453	17	19	801	9	761	8.91e-120	399
Pfor|Pfor_7599	QKD62991.1|GH12|	37.7	589	354	4	247	834	1085	1661	2.70e-114	387
Pfor|Pfor_7601	QKD62991.1|GH12|	37.6	575	346	4	247	820	1085	1647	1.22e-109	374
Pfor|Pfor_7626	ALC38879.1|GH89|	47.4	511	264	2	1	507	231	740	1.11e-171	508
Pfor|Pfor_7690	SVE92252.1|GH63|	59.1	340	121	7	1	325	433	769	3.54e-114	367
Pfor|Pfor_7691	SVE92252.1|GH63|	54.3	446	176	8	1	421	433	875	6.80e-136	431
Pfor|Pfor_7759	BAF81545.1|GH37|3.2.1.28	78.8	523	111	0	5	527	94	616	0.0	884
Pfor|Pfor_7760	AEY56987.1|GH37|	78.5	568	122	0	5	572	96	663	0.0	957
Pfor|Pfor_8001	CDS03631.1|GT57|	47.8	414	186	9	1	412	77	462	3.00e-110	337
Pfor|Pfor_8305	BAY07794.1|GH0|	32.7	759	395	11	8	759	365	1014	2.71e-108	362
Pfor|Pfor_8306	BAY07794.1|GH0|	33.2	735	399	10	8	735	365	1014	5.50e-112	371
Pfor|Pfor_8622	AAF53255.2|GH47|	64.1	721	252	4	28	744	38	755	0.0	930
Pfor|Pfor_8624	AAF53255.2|GH47|	64.1	721	252	4	28	744	38	755	0.0	930
Pfor|Pfor_8824	CED83340.1|GT31|	39.4	566	301	15	1	537	1366	1918	1.21e-116	385
Pfor|Pfor_8826	CED83340.1|GT31|	39.8	791	424	20	366	1117	1141	1918	1.02e-161	532
Pfor|Pfor_9296	CED83340.1|GT31|	33.3	1001	535	22	260	1134	945	1938	8.62e-138	466
Pfor|Pfor_9341	AAF52218.2|CBM13|GT27|2.4.1.41	56.8	618	240	9	3	598	11	623	1.17e-231	659
Pfor|Pfor_9348	AAF57964.2|CBM13|GT27|	66.8	644	174	7	5	608	7	650	8.04e-306	848
Pfor|Pfor_9619	CDS05327.1|GT2|	43.5	1739	894	27	26	1702	29	1741	0.0	1351
Pfor|Pfor_9892	CDS02746.1|GT4|	65.2	425	146	1	11	435	2	424	1.20e-200	566
Pfor|Pfor_9913	VDC69778.1|CE8|	43.3	617	327	9	181	793	658	1255	2.07e-164	514
Pfor|Pfor_9993	CAK50261.1|GT10|2.4.1.152	57.3	337	144	0	78	414	50	386	1.68e-146	427
Pfor|Pfor_10027	QIW95080.1|GH47|	25.4	1485	974	35	400	1804	1162	2592	2.24e-120	429
Pfor|Pfor_10209	AMJ52391.1|GH47|	41.0	502	268	9	10	506	84	562	4.24e-119	366
Pfor|Pfor_10223	AUF41629.1|GH18|	49.0	414	202	3	23	433	27	434	1.41e-142	419
Pfor|Pfor_10224	AUF41629.1|GH18|	49.0	414	202	3	23	433	27	434	1.41e-142	419
Pfor|Pfor_10246	AFP59333.1|GH47|	66.0	465	156	2	111	573	10	474	3.06e-239	671
Pfor|Pfor_10247	AFP59333.1|GH47|	66.0	465	156	2	111	573	10	474	3.06e-239	671
Pfor|Pfor_10248	AFP59333.1|GH47|	66.6	452	149	2	1	450	23	474	1.03e-236	660
Pfor|Pfor_10474	CDS06367.1|GH38|	47.6	1086	516	14	18	1059	24	1100	0.0	1039
Pfor|Pfor_10566	AEY61059.1|GT92|	76.9	597	118	9	4	588	3	591	0.0	928
Pfor|Pfor_10725	CEF62930.1|GT2|	43.0	451	145	8	1	446	429	772	1.96e-108	343
Pfor|Pfor_10800	VBB76690.1|AA3|	37.5	661	321	20	7	607	17	645	8.82e-126	389
Pfor|Pfor_10801	VBB76690.1|AA3|	37.6	556	286	17	3	529	122	645	5.39e-106	335
Pfor|Pfor_10802	VBB76690.1|AA3|	37.3	655	319	20	7	601	17	639	3.48e-125	387
Pfor|Pfor_10845	BAE59904.1|GH16_2|	48.2	411	199	7	75	474	250	657	9.42e-130	395
Pfor|Pfor_10846	AOW02859.1|GH16_2|	46.9	469	219	7	31	482	202	657	7.82e-134	405
Pfor|Pfor_10907	QCD84628.1|CBM43|	30.5	994	603	28	29	987	217	1157	1.98e-113	383
Pfor|Pfor_10979	ABW74146.1|CBM14|	80.6	248	48	0	28	275	207	454	7.44e-160	457
Pfor|Pfor_10980	ANA78277.1|CBM14|	76.8	311	72	0	1	311	141	451	3.42e-200	561
Pfor|Pfor_10981	ABW74146.1|CBM14|	80.6	248	48	0	28	275	207	454	7.44e-160	457
Pfor|Pfor_10982	ANA78277.1|CBM14|	76.8	311	72	0	1	311	141	451	3.42e-200	561
Pfor|Pfor_11187	QBQ55251.1|CBM50|	33.9	999	542	19	8	1001	25	910	2.31e-143	461
Pfor|Pfor_11189	QBQ55251.1|CBM50|	33.9	999	542	19	8	1001	25	910	2.31e-143	461
Pfor|Pfor_11252	ACT75572.1|GT2|	55.7	779	317	11	42	804	142	908	6.99e-287	818
Pfor|Pfor_11558	QBQ55251.1|CBM50|	34.6	981	537	20	19	992	21	903	3.47e-149	476
Pfor|Pfor_12094	QKX55195.1|GT2|	48.0	1060	474	23	73	1071	393	1436	1.48e-309	909
Pfor|Pfor_12105	AFP61716.1|GT8|	65.3	323	112	0	1	323	1	323	4.94e-161	459
Pfor|Pfor_12108	AFP61716.1|GT8|	65.3	323	112	0	1	323	1	323	4.70e-156	459
Pfor|Pfor_12626	CAC40688.1|GT2|	71.7	237	63	2	1	233	45	281	3.11e-113	337
Pfor|Pfor_12672	VDD19117.1|GT95|	81.7	290	50	3	6	294	81	368	1.50e-159	465
Pfor|Pfor_12739	QDS71450.1|GH47|	56.3	279	116	2	1	273	1032	1310	1.92e-105	342
Pfor|Pfor_12752	BBC20926.1|AA1|	44.2	715	321	15	12	659	2	705	1.20e-197	577
Pfor|Pfor_12753	BBC20926.1|AA1|	44.2	715	321	15	12	659	2	705	1.20e-197	577
Pfor|Pfor_12764	AEY61651.1|GT31|	86.2	188	26	0	170	357	1	188	9.06e-118	343
Pfor|Pfor_12765	AEY61651.1|GT31|	86.2	188	26	0	170	357	1	188	9.06e-118	343
Pfor|Pfor_12772	AWP09643.1|CBM13|GT27|	66.6	392	130	1	58	449	572	962	6.58e-183	545
Pfor|Pfor_12773	AWP09643.1|CBM13|GT27|	66.6	392	130	1	48	439	572	962	4.57e-183	545
Pfor|Pfor_12940	VDC66178.1|GH9|	54.4	406	177	5	89	491	677	1077	1.12e-148	457
Pfor|Pfor_12942	VDC66178.1|GH9|	54.4	406	177	5	89	491	677	1077	1.12e-148	457
Pfor|Pfor_13293	AAL26905.1|GH5_9|	42.1	380	211	7	25	401	30	403	1.65e-106	325
Pfor|Pfor_13294	AAL26905.1|GH5_9|	42.1	380	211	7	16	392	30	403	1.21e-106	325
Pfor|Pfor_13295	ALC41980.1|CBM13|GT27|	61.7	321	113	4	82	393	87	406	9.71e-130	390
Pfor|Pfor_13621	CAC9909034.1|GT8|	67.4	399	129	1	18	416	325	722	5.75e-183	531
Pfor|Pfor_13622	CAC9909034.1|GT8|	68.5	391	122	1	10	400	333	722	4.42e-183	530
Pfor|Pfor_14022	CCA71786.1|GH31|	48.9	415	195	9	31	432	36	446	2.54e-130	402
Pfor|Pfor_14023	CDS12806.1|GH31|	42.2	797	429	10	27	795	34	826	3.63e-233	682
Pfor|Pfor_14024	BAA11053.1|GH31|3.2.1.20	47.9	478	219	7	2	453	332	805	1.15e-151	460
Pfor|Pfor_14051	QKX53119.1|GH72|	43.6	525	279	6	31	542	6	526	2.29e-135	434
Pfor|Pfor_14052	QKX53119.1|GH72|	43.6	525	279	6	33	544	6	526	1.82e-134	434
Pfor|Pfor_14215	AEY58023.1|GT20|	94.0	798	45	1	1	798	1	795	0.0	1538
Pfor|Pfor_14340	ALC38801.1|GT49|	59.8	301	117	3	140	437	159	458	4.33e-126	380
Pfor|Pfor_14379	CBX99002.1|GH18|	54.0	302	115	5	1	278	1	302	3.62e-104	325
Pfor|Pfor_14564	AEY60805.1|GH18|	68.9	470	145	1	1	470	1	469	1.64e-249	693
Pfor|Pfor_14565	AEY60805.1|GH18|	69.1	392	120	1	1	392	79	469	6.18e-208	584
Pfor|Pfor_14595	QKX60254.1|GH76|	43.1	793	413	10	34	806	4	778	8.06e-199	604
Pfor|Pfor_14596	QKX60254.1|GH76|	48.0	410	206	2	34	441	4	408	6.37e-114	367
Pfor|Pfor_14597	QKX60254.1|GH76|	49.5	390	192	1	17	406	24	408	1.89e-114	367
Pfor|Pfor_14716	AHX26715.1|GT2|	32.2	805	470	14	70	820	15	797	3.40e-107	386
Pfor|Pfor_14824	QKD55908.1|GH18|	31.0	1108	604	28	49	1012	1080	2170	4.09e-138	465
Pfor|Pfor_15003	ALC38238.1|CBM13|GT27|	68.8	625	173	3	3	606	11	634	2.34e-308	854
Pfor|Pfor_15008	ALC38238.1|CBM13|GT27|	64.4	509	171	6	104	610	134	634	3.37e-229	653
Pfor|Pfor_15048	CAK50257.1|GT10|	63.5	370	132	3	54	421	61	429	3.06e-178	508
Pfor|Pfor_15051	CAK50257.1|GT10|	64.5	358	124	3	2	357	73	429	1.02e-176	502
Pfor|Pfor_15152	AEY60191.1|GT49|GT8|	85.9	234	33	0	1	234	189	422	7.87e-153	437
Pfor|Pfor_15248	CDS05327.1|GT2|	37.6	1389	763	27	10	1377	404	1709	3.15e-279	855
Pfor|Pfor_15333	EAA31326.1|GH71|	45.6	597	300	8	24	606	625	1210	1.04e-161	499
Pfor|Pfor_15480	QDS71450.1|GH47|	59.3	324	123	1	9	332	1044	1358	1.70e-131	413
Pfor|Pfor_15482	QDS71450.1|GH47|	59.3	324	123	1	9	332	1044	1358	1.70e-131	413
Pfor|Pfor_15508	CCA14548.1|GT2|	50.5	313	153	2	16	327	443	754	4.60e-106	331
Pfor|Pfor_15695	CDS04937.1|GH18|	45.9	673	350	8	3	667	2474	3140	2.31e-188	598
Pfor|Pfor_15697	CDS04937.1|GH18|	37.1	1290	738	19	1	1226	1861	3140	9.52e-258	818
Pfor|Pfor_15764	CDS07743.1|GT2|	60.8	370	138	3	2	364	591	960	3.85e-145	452
Pfor|Pfor_15997	QBQ55251.1|CBM50|	35.2	893	540	13	6	876	19	894	5.55e-159	498
Pfor|Pfor_15998	QBQ55251.1|CBM50|	35.7	698	411	12	1	676	213	894	6.97e-121	391
Pfor|Pfor_16002	CCA15473.1|GH72|	53.2	391	175	4	1	386	565	952	1.25e-130	402
Pfor|Pfor_16016	AEY61794.1|GH79|	57.7	336	132	4	56	387	1	330	7.41e-131	390
Pfor|Pfor_16022	CDS08031.1|GT2|	38.9	1353	701	28	24	1286	11	1327	2.32e-289	872
Pfor|Pfor_16031	AEY61244.1|GT7|	72.0	271	67	6	1	269	1	264	1.85e-125	368
Pfor|Pfor_16034	AEY61244.1|GT7|	72.0	271	67	6	1	269	1	264	1.85e-125	368
Pfor|Pfor_16057	QBZ54211.1|GH47|	47.2	854	393	14	7	818	631	1468	2.44e-225	679
Pfor|Pfor_16221	BAR92727.1|GT31|	76.1	385	91	1	1	384	1	385	1.27e-218	608
Pfor|Pfor_16222	BAR92727.1|GT31|	76.1	385	91	1	14	397	1	385	2.11e-218	608
Pfor|Pfor_16428	CDS05327.1|GT2|	45.4	1019	506	18	13	1019	729	1709	4.95e-281	849
Pfor|Pfor_16462	CAA54732.1|GH38|3.2.1.114	47.2	977	480	15	21	981	94	1050	1.27e-302	875
Pfor|Pfor_16464	AEY56803.1|CBM20|	82.4	812	117	12	1	792	37	842	0.0	1339
Pfor|Pfor_16535	ATN96055.1|GT1|	37.3	512	313	5	6	514	7	513	1.95e-113	350
Pfor|Pfor_16574	CBA03971.1|GT30|	62.5	392	145	2	7	396	4	395	1.63e-166	498
Pfor|Pfor_16703	CAN65410.1|GH38|	32.5	1066	648	21	258	1301	877	1892	1.59e-148	502
Pfor|Pfor_16884	ADK37849.1|CBM18|CE4|	60.0	280	101	6	170	444	17	290	1.38e-110	333
Pfor|Pfor_17034	AEY60327.1|GH31|	91.5	435	36	1	1	434	6	440	3.18e-301	820
Pfor|Pfor_17150	QGI67417.1|GH18|	56.0	455	187	7	2	446	380	831	2.45e-154	466
Pfor|Pfor_17172	QHG77622.1|CBM50|	75.5	220	53	1	61	279	56	275	8.61e-117	345
Pfor|Pfor_17208	CDS12794.1|GT39|	43.8	639	314	7	2	638	155	750	6.98e-169	505
Pfor|Pfor_17221	CBQ68385.1|CBM48|GH13_8|	63.6	678	237	3	70	745	27	696	0.0	944
Pfor|Pfor_17222	QKX64719.1|GT31|	39.6	530	274	13	15	515	12	524	1.16e-106	344
Pfor|Pfor_17245	QKX55086.1|GH55|	48.4	603	264	7	221	782	787	1383	2.84e-185	573
Pfor|Pfor_17249	AWP12516.1|GT29|	39.0	638	347	12	47	677	473	1075	1.35e-135	442
Pfor|Pfor_17552	AHN15422.1|GH37|	59.6	569	225	2	9	576	12	576	1.50e-256	719
Pfor|Pfor_17678	BAJ46211.1|GH25|	47.8	418	202	7	17	433	14	416	1.45e-119	380
Pfor|Pfor_17710	CDS11918.1|CBM43|GH72|	47.0	462	230	6	9	456	10	470	2.00e-150	444
Pfor|Pfor_17714	AFP62963.1|GT21|	68.3	385	121	1	8	392	8	391	3.10e-204	573
Pfor|Pfor_17853	QGI67417.1|GH18|	51.3	439	200	8	1	428	377	812	8.37e-135	415
Pfor|Pfor_17963	BAO48210.1|GH13_17|	83.1	563	89	3	1	559	1	561	0.0	972
Pfor|Pfor_17993	ARI45581.1|GH13_25|GH133|	62.8	1065	348	6	1	1022	558	1617	0.0	1400
Pfor|Pfor_18129	AIT83212.1|GT4|	64.9	313	107	2	23	334	4	314	8.21e-134	403
Pfor|Pfor_18230	VUW72999.1|AA1|	51.5	618	259	8	143	725	27	638	1.83e-189	576
Pfor|Pfor_18249	QCE13289.1|CE8|	55.0	407	156	5	6	389	409	811	6.87e-134	422
Pfor|Pfor_18255	AHX26704.1|GT2|	34.2	773	434	19	70	781	6	764	9.53e-109	382
Pfor|Pfor_18273	APF18717.1|GH3|	41.8	736	390	14	47	764	32	747	5.72e-191	566
Pfor|Pfor_18331	CDS04796.1|CE9|	54.6	423	162	6	23	416	11	432	2.18e-156	452
Pfor|Pfor_18579	AHX26704.1|GT2|	33.7	772	428	17	8	715	4	755	2.47e-110	383
Pfor|Pfor_18593	AEY57498.1|GT41|	93.2	1091	62	3	1	1079	1	1091	0.0	1216
Pfor|Pfor_18619	BAA01023.1|GT2|2.4.1.16	68.5	343	106	1	95	437	111	451	6.49e-162	482
Pfor|Pfor_18657	CUI24525.1|GH19|	60.9	312	115	3	60	365	18	328	1.76e-116	373
Pfor|Pfor_18748	CAN80640.1|GT47|	50.1	427	206	5	25	446	937	1361	1.42e-140	440
Pfor|Pfor_18789	AWP04987.1|GT13|	50.1	874	417	9	66	929	79	943	8.82e-298	873
Pfor|Pfor_18827	CDS04937.1|GH18|	38.0	893	471	20	8	860	2002	2851	2.85e-168	547
Pfor|Pfor_18881	QBZ54211.1|GH47|	41.1	683	369	11	1	660	792	1464	3.48e-145	463
Pfor|Pfor_18893	ACN63343.1|GH13_17|3.2.1.20|3.2.1.-	65.2	569	190	5	1	566	1	564	4.94e-275	766
Pfor|Pfor_19098	AJA37857.1|GH47|	64.9	465	161	1	21	483	28	492	3.51e-234	673
Pfor|Pfor_19189	AED99905.1|GT48|	60.3	385	147	2	4	388	173	551	1.58e-163	475
Pfor|Pfor_19303	CDS13578.1|GH5_12|	45.1	694	331	11	255	915	18	694	3.18e-204	608
Pfor|Pfor_19304	AIE96983.1|GT7|	32.5	1259	710	29	131	1322	7	1192	1.24e-184	601
Pfor|Pfor_19320	AXG41146.1|GH6|	38.6	721	425	6	152	870	170	874	3.19e-145	457
Pfor|Pfor_19604	AHX26715.1|GT2|	32.9	766	434	14	9	707	28	780	1.80e-103	366
Pfor|Pfor_19627	ALD49085.1|GT1|	41.0	495	290	2	182	675	4374	4867	1.67e-114	385
Pfor|Pfor_19751	AVI60826.1|GT22|	58.1	427	142	6	39	437	583	1000	3.08e-150	476
Pfor|Pfor_19831	CAN65674.1|GH28|	37.5	542	305	10	147	677	111	629	3.74e-106	355
Pfor|Pfor_19887	AIZ97749.1|GH20|3.2.1.52	83.6	597	98	0	32	628	1	597	0.0	1100
Pfor|Pfor_19898	ADY41384.1|GT0|	53.9	427	158	5	12	404	363	784	1.12e-111	355
Pfor|Pfor_20242	ADK37844.1|GH16_4|	86.3	322	44	0	64	385	1	322	2.49e-220	609
Pfor|Pfor_20244	CAA61028.1|GT2|2.4.1.16	65.5	342	115	2	94	433	81	421	5.85e-156	463
Pfor|Pfor_20245	CDS09314.1|GT39|	47.8	460	227	4	1	454	336	788	3.45e-138	422
Pfor|Pfor_20287	CDS08047.1|GT15|	56.8	317	130	2	1	312	67	381	1.59e-133	389
Pfor|Pfor_20291	CDS12794.1|GT39|	47.8	617	294	5	3	617	146	736	7.01e-199	581
Pfor|Pfor_20317	CDS03190.1|GH0|	50.3	1223	485	13	31	1133	16	1235	0.0	1110
Pfor|Pfor_20341	CDS08390.1|GH31|	45.5	954	463	12	34	962	23	944	2.82e-309	883
Pfor|Pfor_20360	CDS10611.1|GT21|	43.6	392	209	3	28	407	21	412	4.83e-108	332
Pfor|Pfor_20603	ALD49085.1|GT1|	39.7	522	303	6	1819	2337	4357	4869	3.36e-104	381
Pfor|Pfor_20755	CDS09169.1|GH35|	36.7	1031	559	33	29	1044	25	976	2.60e-200	612
Pfor|Pfor_20900	QEO24085.1|GH47|	50.4	373	176	4	34	401	836	1204	4.75e-117	372
Pfor|Pfor_21034	QKX55086.1|GH55|	43.9	610	288	11	27	593	787	1385	2.09e-150	479
Pfor|Pfor_21299	ADK37846.1|GH18|	88.7	292	33	0	36	327	1	292	1.00e-193	545
Pfor|Pfor_21399	EGX46445.1|GT35|	57.5	873	355	7	2	865	4	869	0.0	1006
Pfor|Pfor_21416	CDI51946.1|GT3|	65.4	710	228	7	2	693	4	713	0.0	929
Pfor|Pfor_21433	QKX53450.1|GH81|	53.6	379	152	4	39	393	970	1348	2.76e-112	362
Pfor|Pfor_21672	QBQ55251.1|CBM50|	34.1	987	530	20	5	986	22	893	4.61e-149	476
Pfor|Pfor_21730	QBQ55243.1|CBM50|	33.5	784	459	17	42	812	27	761	4.87e-112	375
Pfor|Pfor_21946	ABV09126.1|CBM48|	72.7	286	68	3	1	280	1	282	4.15e-145	412
Pfor|Pfor_21957	VUW72999.1|AA1|	50.2	639	283	7	141	753	6	635	1.00e-196	598
Pfor|Pfor_21985	VDD20314.1|GH3|	51.6	347	160	2	1	339	960	1306	5.83e-108	347
Pfor|Pfor_22081	AWP09643.1|CBM13|GT27|	50.6	389	187	3	14	398	574	961	4.14e-127	399
Pfor|Pfor_22184	ABG81487.1|GT31|	71.6	363	100	2	5	364	4	366	1.29e-166	495
Pfor|Pfor_22293	AEY61216.1|GT1|	50.8	400	196	1	123	522	1	399	1.98e-151	445
Pfor|Pfor_22346	ARK19923.1|GH20|	72.1	544	148	3	1	543	1	541	7.66e-305	838
Pfor|Pfor_22355	VWO94258.1|CBM1|GH5_5|	40.5	583	291	9	51	589	405	975	1.15e-115	373
Pfor|Pfor_22416	CAB95998.1|GT20|2.4.1.15	66.6	464	153	1	14	475	19	482	1.77e-241	674
Pfor|Pfor_22494	CDS11918.1|CBM43|GH72|	44.8	498	248	14	19	499	1	488	6.60e-133	399
Pfor|Pfor_22518	QKX56076.1|GH51|	51.6	768	358	8	317	1078	836	1595	1.94e-237	724
Pfor|Pfor_22529	AIE96983.1|GT7|	32.5	790	444	14	6	724	425	1196	2.52e-118	396
Pfor|Pfor_22991	SVE87487.1|GT8|	61.1	301	110	2	3	299	173	470	2.38e-136	398
Pfor|Pfor_23021	ADK37844.1|GH16_4|	54.8	347	132	6	79	424	1	323	3.48e-134	392
Pfor|Pfor_23022	QDS71450.1|GH47|	60.8	319	118	1	9	327	1044	1355	4.94e-131	412
Pfor|Pfor_23057	EAA65303.1|GT0|	50.2	875	402	9	25	890	727	1576	2.47e-279	825
Pfor|Pfor_23153	CDS09089.1|GT41|	50.7	1225	473	19	339	1468	294	1482	0.0	1045
Pfor|Pfor_23273	AEY61782.1|GH47|	84.3	566	88	1	1	565	33	598	0.0	995
Pfor|Pfor_23463	ALC45304.1|AA3_2|	52.6	595	273	7	17	604	17	609	2.69e-215	618
Pfor|Pfor_23524	CAN80640.1|GT47|	52.9	433	198	4	3	430	931	1362	2.47e-152	470
Pfor|Pfor_23591	EAA60425.1|GT24|	37.3	1503	850	33	26	1510	29	1456	8.82e-293	880
Pfor|Pfor_23610	EAA65303.1|GT0|	47.1	872	431	7	33	893	727	1579	4.61e-261	778
Pfor|Pfor_23893	AHX26715.1|GT2|	34.0	786	438	17	92	820	35	796	2.66e-116	417
Pfor|Pfor_23957	BAB88214.1|GT2|	45.0	418	189	6	1	412	8	390	1.85e-110	334
Pfor|Pfor_24031	QBQ55251.1|CBM50|	38.7	884	512	10	52	918	23	893	2.27e-180	556
Pfor|Pfor_24097	AWP12516.1|GT29|	49.8	666	322	8	17	676	416	1075	2.36e-224	679
Pfor|Pfor_24231	CDR36844.1|GT48|	41.9	513	275	8	152	652	116	617	5.14e-126	414
Pfor|Pfor_24257	AHX26715.1|GT2|	33.1	774	431	17	77	785	35	786	1.90e-109	391
Pfor|Pfor_24397	QIW95080.1|GH47|	27.2	1304	797	31	2	1269	1412	2599	2.02e-114	402
Pfor|Pfor_24610	AHH39143.1|GT2|	74.7	237	60	0	2	238	15	251	3.29e-126	362
Pfor|Pfor_24648	ADK37849.1|CBM18|CE4|	82.8	290	50	0	2	291	1	290	2.61e-184	514
Pfor|Pfor_24699	AAX19735.1|GH37|	64.5	690	230	7	72	759	48	724	0.0	941
Pfor|Pfor_24701	CCA15473.1|GH72|	53.0	389	178	4	1	385	565	952	2.11e-131	404
Pfor|Pfor_24705	QKX60855.1|GT22|	70.6	296	84	1	33	328	567	859	1.40e-136	413
Pfor|Pfor_25050	QKD55908.1|GH18|	29.0	1131	621	27	34	1021	1079	2170	7.29e-119	409
Pfor|Pfor_25142	CAK39507.1|GT1|	36.4	1132	623	22	75	1135	157	1262	1.28e-220	676
Pfor|Pfor_25143	AHX26704.1|GT2|	38.6	762	416	12	260	981	6	755	9.41e-149	505
Pfor|Pfor_25319	CDS12463.1|GH13_25|GH133|	47.7	1407	673	24	103	1482	2	1372	0.0	1294
Pfor|Pfor_25435	CDS03806.1|GT48|	48.0	535	253	7	3	530	1370	1886	9.29e-155	491
Pfor|Pfor_25447	ALC41109.1|GT105|	54.6	383	149	4	21	378	63	445	1.64e-128	395
Pfor|Pfor_25608	APU66165.1|GH18|	91.4	280	24	0	28	307	1	280	4.95e-196	550
Pfor|Pfor_25625	QEO24085.1|GH47|	50.5	376	177	4	16	386	833	1204	1.14e-114	365
Pfor|Pfor_25683	CDS06367.1|GH38|	48.1	821	416	8	20	834	24	840	1.79e-282	815
Pfor|Pfor_25690	SDS23379.1|GH3|	40.4	695	376	11	12	689	28	701	4.89e-165	497
Pfor|Pfor_25712	AWO98658.1|GH37|	66.7	402	133	1	24	424	69	470	5.93e-184	551
Pfor|Pfor_25722	CDS11103.1|GT66|	64.4	721	246	3	7	717	7	726	0.0	901
Pfor|Pfor_25744	CBA03971.1|GT30|	67.4	399	125	3	7	403	4	399	1.66e-179	531
Pfor|Pfor_25763	CDS11918.1|CBM43|GH72|	49.2	447	213	5	7	440	9	454	3.07e-147	433
Pfor|Pfor_26027	BBF97880.1|GH18|	88.6	280	32	0	52	331	1	280	2.72e-183	517
Pfor|Pfor_26028	BBF97880.1|GH18|	84.8	171	26	0	36	206	263	433	3.24e-106	316
Pfor|Pfor_26050	CAC9909034.1|GT8|	66.8	383	126	1	41	423	341	722	2.66e-175	511
Pfor|Pfor_26131	AVM55139.1|GH65|	40.5	464	252	11	4	461	909	1354	1.49e-104	344
Pfor|Pfor_26329	ADK37854.1|GT2|	78.9	251	51	2	43	292	1	250	4.13e-130	375
Pfor|Pfor_26379	CDS14033.1|GT4|	48.1	462	223	9	4	462	16	463	4.96e-149	438
Pfor|Pfor_26406	BAR92729.1|GT31|	86.3	321	43	1	46	365	1	321	4.54e-215	595
Pfor|Pfor_26442	AGP40408.1|GH81|	38.8	655	376	10	64	704	58	701	4.11e-149	454
Pfor|Pfor_26541	VUW72999.1|AA1|	46.9	633	307	7	153	761	30	657	5.41e-166	516
Pfor|Pfor_26686	ADK37842.1|GH16_19|	60.6	289	112	1	26	314	12	298	2.08e-133	387
Pfor|Pfor_26731	AVI60826.1|GT22|	62.6	425	141	7	10	423	583	1000	8.27e-161	505
Pfor|Pfor_26811	ATZ47545.1|GH5_12|	38.9	719	376	21	12	684	5	706	4.19e-146	450
Pfor|Pfor_26815	CAN65674.1|GH28|	37.3	561	315	10	122	673	97	629	5.86e-110	366
Pfor|Pfor_26818	ACZ81482.1|GT39|	46.0	724	359	7	57	770	60	761	5.08e-221	646
Pfor|Pfor_26868	VBB76690.1|AA3|	37.5	654	310	17	20	609	27	645	6.01e-127	392
Pfor|Pfor_26870	SMR56934.1|GT22|	54.2	531	229	6	17	535	608	1136	1.85e-188	566
Pfor|Pfor_26876	CDS03326.1|GH47|	52.0	473	213	7	75	539	133	599	4.15e-162	481
Pfor|Pfor_26887	BBN14963.1|CBM20|	48.1	403	198	7	11	406	397	795	5.74e-119	369
Pfor|Pfor_27459	AAL28560.1|GT4|	58.2	251	101	2	83	332	46	293	1.35e-105	322
Pfor|Pfor_27460	AAL28560.1|GT4|	58.2	251	101	2	40	289	46	293	2.81e-106	322
Pfor|Pfor_27564	QHG77622.1|CBM50|	78.0	223	48	1	40	261	53	275	1.15e-122	360
Pfor|Pfor_27664	ACT66876.1|GH16|	62.2	275	100	3	12	286	17	287	4.12e-122	357
Pfor|Pfor_27722	AEE61968.1|GH2|	41.4	766	429	11	1	759	143	895	3.02e-198	590
Pfor|Pfor_27918	ACN63343.1|GH13_17|3.2.1.20|3.2.1.-	49.7	505	248	6	23	524	11	512	4.94e-179	522
Pfor|Pfor_27948	CAR82255.1|GH13_15|	63.0	468	165	4	55	519	1	463	6.79e-217	612
Pfor|Pfor_27988	QBB01549.1|CBM39|GH16|	45.5	466	236	10	12	466	38	496	1.24e-151	445
Pfor|Pfor_28042	AEY60941.1|GT1|	48.7	372	188	3	147	517	2	371	1.96e-123	372
Pfor|Pfor_28060	AEY60937.1|GH30_1|	42.7	489	258	12	31	512	38	511	2.80e-124	377
Pfor|Pfor_28095	BAF44218.1|GH13_17|3.2.1.20	53.3	568	233	9	10	566	8	554	1.59e-209	599
Pfor|Pfor_28149	QBB02030.1|GT35|	88.2	844	100	0	1	844	46	889	0.0	1557
Pfor|Pfor_28171	AEY57597.1|CBM48|GH13_8|	80.1	657	127	2	1	655	1	655	0.0	1146
Pfor|Pfor_28189	QDL52664.1|GT3|	86.1	689	94	1	1	687	1	689	0.0	1241
Pfor|Pfor_28203	AWP05996.1|GT25|	45.0	606	329	3	173	774	40	645	1.02e-181	562
Pfor|Pfor_28211	APD15623.1|GH20|	57.5	593	247	4	5	595	4	593	1.66e-257	723
Pfor|Pfor_28262	BAX07369.1|CBM14|	50.2	1112	517	11	484	1562	514	1621	0.0	1187
Pfor|Pfor_28321	AIA09348.1|GH1|	51.3	464	222	3	35	495	36	498	5.10e-169	491
Pfor|Pfor_28352	AWP02669.1|GH47|	91.9	172	14	0	1	172	1	172	2.08e-108	331
Pfor|Pfor_28366	XP_623603.1|GH31|	77.0	322	74	0	2	323	604	925	9.61e-190	551
Pfor|Pfor_28512	AOA60281.1|GT66|	82.0	685	120	2	14	695	15	699	0.0	1130
Pfor|Pfor_28575	XP_395660.4|GT24|	75.3	308	57	4	1	289	1551	1858	1.56e-137	432
Pfor|Pfor_28642	XP_623603.1|GH31|	78.0	600	130	2	1	598	1	600	0.0	994
Pfor|Pfor_28667	AEY60887.1|GH13_15|	66.6	482	160	1	8	489	12	492	1.00e-253	705
Pfor|Pfor_28681	AYV99578.1|GH38|	53.7	676	286	9	51	701	36	709	1.02e-249	725
Pfor|Pfor_28729	AAC32397.1|GT47|GT64|	59.5	380	124	5	1	352	377	754	2.72e-154	456
Pfor|Pfor_28759	ARK19937.1|AA3_2|	59.8	458	177	3	167	624	1	451	1.13e-188	544
Pfor|Pfor_28846	CUU39686.1|GT4|	49.1	336	167	3	10	344	369	701	7.07e-107	332
Pfor|Pfor_28926	AHX26715.1|GT2|	34.2	764	402	17	57	745	45	782	1.05e-119	412
Pfor|Pfor_29066	AWP04987.1|GT13|	55.4	680	297	3	69	747	79	753	1.07e-274	818
Pfor|Pfor_29141	AAF57331.3|AA1|	46.8	619	308	10	51	662	140	744	1.77e-190	561
Pfor|Pfor_29158	SVE69682.1|GT61|	66.7	336	109	3	36	368	484	819	1.91e-155	462
Pfor|Pfor_29173	ACO15447.1|CBM57|	62.7	241	87	2	33	273	18	255	4.53e-108	317
Pfor|Pfor_29216	AGE11865.1|GH13_17|	52.0	569	237	11	33	586	4	551	8.74e-199	574
Pfor|Pfor_29392	AAF57454.1|GT13|2.4.1.101	52.7	491	198	7	26	515	1	458	1.46e-176	509
Pfor|Pfor_29409	AWO98658.1|GH37|	73.8	302	78	1	31	331	71	372	2.03e-149	451
Pfor|Pfor_29412	XP_395660.4|GT24|	81.0	796	139	6	1	790	727	1516	0.0	1298
Pfor|Pfor_29465	ALC43906.1|GT14|	45.3	850	412	16	88	916	60	877	9.37e-247	719
Pfor|Pfor_29507	AIE96983.1|GT7|	36.5	1058	543	24	1	976	182	1192	5.66e-191	607
Pfor|Pfor_29562	QAS79654.1|CBM50|	36.2	549	320	9	16	560	9	531	2.81e-108	343
Pfor|Pfor_29578	AEY59383.1|GH29|	72.2	471	129	2	17	485	1	471	3.80e-275	758
Pfor|Pfor_29801	AAM70854.1|GT105|	69.6	447	133	1	1	444	443	889	4.80e-154	471
Pfor|Pfor_29828	AEY59320.1|AA3_2|	53.6	608	275	5	5	609	14	617	2.16e-229	653
Pfor|Pfor_29916	AFP64100.1|GH63|	57.3	799	327	11	25	814	75	868	0.0	939
Pfor|Pfor_30180	SMY26983.1|GT22|	36.8	674	366	12	75	730	504	1135	8.78e-133	434
Pfor|Pfor_30305	QCD84628.1|CBM43|	46.5	1113	527	12	71	1174	105	1158	0.0	1011
Pfor|Pfor_30386	AAC32397.1|GT47|GT64|	62.1	380	121	3	1	357	1	380	8.39e-166	486
Pfor|Pfor_30470	AEY60037.1|GH20|	68.4	472	115	3	1	438	1	472	2.17e-243	681
Pfor|Pfor_30497	SVE94106.1|GT32|	51.3	688	306	9	5	667	113	796	3.24e-222	644
Pfor|Pfor_30525	ATX63072.1|GT4|	56.4	401	171	3	1	397	1	401	2.37e-153	443
Pfor|Pfor_30661	QBB01666.1|GH31|	66.9	783	248	7	170	945	111	889	0.0	1121
Pfor|Pfor_30828	CAJ77191.1|GT7|	60.9	276	104	3	9	282	26	299	2.08e-119	350
Pfor|Pfor_30854	XP_395660.4|GT24|	74.9	394	98	1	2	395	82	474	1.76e-190	581
Pfor|Pfor_31030	BAY33248.1|GH0|	60.7	361	133	2	24	378	1	358	9.82e-145	441
Pfor|Pfor_31302	SVE78190.1|GT58|	62.4	295	111	0	37	331	38	332	2.19e-123	365
Pfor|Pfor_31372	QKX56076.1|GH51|	48.3	629	279	12	1	621	1005	1595	2.13e-164	514
Pfor|Pfor_31529	ARF90664.1|GT4|	57.7	307	128	1	118	422	445	751	2.84e-110	347
Pfor|Pfor_31669	ARI45581.1|GH13_25|GH133|	55.1	494	205	6	1	478	69	561	2.19e-179	549
Pfor|Pfor_32043	AFD33366.1|AA1|	61.3	610	227	5	54	656	403	1010	2.94e-281	807
Pfor|Pfor_32093	AEY61561.1|GT11|	81.4	338	58	3	18	355	7	339	6.05e-208	577
Pfor|Pfor_32102	ALC48978.1|GT2|	74.0	458	119	0	1	458	1	458	3.94e-255	706
Pfor|Pfor_32322	AEY58087.1|GT54|	85.9	269	38	0	1	269	1	269	2.60e-161	459
Pfor|Pfor_32709	QGI86474.1|GH125|	41.6	462	214	7	21	439	45	493	1.16e-106	342
Pfor|Pfor_32970	BAN20814.1|GH38|	71.0	462	131	2	1	459	85	546	4.61e-242	697
Pfor|Pfor_32976	AEY60941.1|GT1|	43.9	328	183	1	1	328	15	341	6.31e-103	311
Pfor|Pfor_33248	BAN20814.1|GH38|	51.9	509	219	8	1	489	599	1101	1.42e-168	509
Pfor|Pfor_33307	ALC49998.1|CBM13|GT27|	73.4	533	142	0	5	537	59	591	1.59e-312	860
Pfor|Pfor_33585	AWP01519.1|GT47|GT64|	56.4	564	239	3	1	557	156	719	1.23e-240	683
Pfor|Pfor_34237	BAX07262.1|CBM47|	60.8	314	97	5	1	313	285	573	2.21e-137	415
Pfor|Pfor_34482	BAR92726.1|GT31|	83.5	248	41	0	1	248	146	393	1.16e-152	435
Pfor|Pfor_34541	CAK50252.1|GT10|2.4.1.214	81.4	456	78	5	89	541	1	452	4.96e-292	802
Pfor|Pfor_34654	AEE62059.1|GT22|	55.9	376	166	0	1	376	92	467	1.61e-145	429
Pfor|Pfor_34865	BBF97841.1|GH56|	74.5	357	84	1	3	359	4	353	1.89e-199	556
Pfor|Pfor_35002	AEE63184.1|GT68|	44.1	438	216	7	9	442	8	420	8.55e-119	357
Pfor|Pfor_35416	AAF44871.1|CBM13|GT27|2.4.1.41	58.3	424	162	6	135	551	78	493	1.08e-172	507
Pfor|Pfor_35510	ADI96184.1|GT49|GT8|	50.3	368	171	3	1	356	71	438	1.01e-128	388
Pfor|Pfor_36060	ACZ26277.1|CBM13|GT27|	62.9	466	150	3	15	457	76	541	4.91e-212	603
Pfor|Pfor_36421	BAX07262.1|CBM47|	79.1	220	37	2	20	239	74	284	4.59e-124	372
Pfor|Pfor_36648	AJQ20735.1|CBM14|	84.2	278	44	0	1	278	538	815	7.17e-190	546
Pfor|Pfor_37074	AEE61950.1|GT39|	61.3	274	106	0	1	274	59	332	3.44e-113	347
Pfor|Pfor_37166	AGW52167.1|AA3_2|	63.7	581	205	5	1	576	22	601	2.00e-267	748
Pfor|Pfor_37541	ALC48451.1|GT39|	69.6	250	75	1	1	249	288	537	6.48e-135	400
Pfor|Pfor_37615	AEY60334.1|GT64|	97.6	170	4	0	1	170	103	272	9.15e-129	366
Pfor|Pfor_37762	BBF98005.1|GT1|	82.5	183	32	0	1	183	1	183	5.50e-104	312
Pfor|Pfor_37791	AEY61470.1|GT7|	89.0	290	31	1	3	292	12	300	2.70e-199	552
Pfor|Pfor_38221	KOX79560.1|GT98|	75.4	248	61	0	2	249	465	712	2.88e-133	396
Pfor|Pfor_40457	ABU25223.1|CBM14|	96.0	177	7	0	1	177	260	436	3.62e-127	372
Pfor|Pfor_40803	BBF98005.1|GT1|	89.3	243	26	0	1	243	179	421	6.65e-156	447
Pfor|Pfor_41809	VBB76690.1|AA3|	37.3	648	307	17	20	603	27	639	3.02e-127	393
Pfor|Pfor_41825	CDS06732.1|GT2|	37.9	870	471	18	11	821	452	1311	1.94e-168	538
Pfor|Pfor_41898	ADK37854.1|GT2|	75.5	249	56	2	43	289	1	246	3.27e-124	362
Pfor|Pfor_41932	CDS06898.1|GH18|	44.8	400	206	8	475	863	23	418	1.87e-107	347
