HMM Profile	Profile Length	Gene ID	Gene Length	E Value	Profile Start	Profile End	Gene Start	Gene End	Coverage
GH47.hmm	446	Pfor|Pfor_10209	512	6.8e-152	1	446	40	509	0.9977578475336323
GH18.hmm	296	Pfor|Pfor_10223	451	8.5e-80	2	286	28	377	0.9594594594594594
GH18.hmm	296	Pfor|Pfor_10224	451	8.5e-80	2	286	28	377	0.9594594594594594
GH47.hmm	446	Pfor|Pfor_10246	575	7.7e-156	1	446	124	563	0.9977578475336323
GH47.hmm	446	Pfor|Pfor_10247	575	7.7e-156	1	446	124	563	0.9977578475336323
GH47.hmm	446	Pfor|Pfor_10248	452	3.2e-156	1	446	1	440	0.9977578475336323
GH38.hmm	269	Pfor|Pfor_10474	1068	1.4e-85	3	255	269	520	0.9368029739776952
GT92.hmm	279	Pfor|Pfor_10566	590	5.1e-65	1	239	308	571	0.8530465949820788
AA3_2.hmm	568	Pfor|Pfor_10800	607	4.8e-103	2	566	16	603	0.9929577464788732
AA3_2.hmm	568	Pfor|Pfor_10801	529	5.5e-86	73	566	6	525	0.8679577464788732
AA3_2.hmm	568	Pfor|Pfor_10802	607	2.8e-102	2	563	16	600	0.9876760563380281
GH16_2.hmm	326	Pfor|Pfor_10845	475	8.1e-133	1	326	102	422	0.9969325153374233
GH16_2.hmm	326	Pfor|Pfor_10846	482	4.2e-137	1	326	109	430	0.9969325153374233
AA3_2.hmm	568	Pfor|Pfor_11150	322	3e-71	3	227	104	320	0.39436619718309857
AA3_2.hmm	568	Pfor|Pfor_11151	314	2.8e-71	3	227	96	312	0.39436619718309857
GT2_Chitin_synth_1.hmm	163	Pfor|Pfor_11252	804	1.1e-77	1	163	134	296	0.9938650306748467
GT22.hmm	389	Pfor|Pfor_11764	298	2.6e-37	2	200	29	298	0.5089974293059126
GT22.hmm	389	Pfor|Pfor_11766	221	6.2e-31	2	147	29	195	0.37275064267352187
GT2_Chitin_synth_2.hmm	527	Pfor|Pfor_12094	1159	6.1e-260	10	526	548	1065	0.9791271347248577
GT8.hmm	257	Pfor|Pfor_12105	370	2.5e-47	31	255	6	222	0.8715953307392996
GT8.hmm	257	Pfor|Pfor_12108	701	1.1e-46	31	255	6	222	0.8715953307392996
GT2_Chitin_synth_2.hmm	527	Pfor|Pfor_12626	417	7.1e-134	271	526	1	255	0.4838709677419355
GT31.hmm	192	Pfor|Pfor_12764	357	4.3e-44	2	190	117	301	0.9791666666666666
GT31.hmm	192	Pfor|Pfor_12765	357	4.3e-44	2	190	117	301	0.9791666666666666
GT1.hmm	382	Pfor|Pfor_12823	548	1.3e-24	220	381	268	467	0.4214659685863874
GH22.hmm	122	Pfor|Pfor_12874	160	3e-38	1	122	23	142	0.9918032786885246
CE1.hmm	227	Pfor|Pfor_13187	561	5.6e-16	7	213	310	537	0.9074889867841409
AA11.hmm	191	Pfor|Pfor_13230	346	3.1e-43	11	163	33	172	0.7958115183246073
AA11.hmm	191	Pfor|Pfor_13231	331	2.8e-43	11	163	33	172	0.7958115183246073
GH5_9.hmm	303	Pfor|Pfor_13293	411	4.1e-102	1	303	83	385	0.9966996699669967
GH5_9.hmm	303	Pfor|Pfor_13294	402	3.6e-104	2	303	75	376	0.9933993399339934
GT27.hmm	295	Pfor|Pfor_13295	393	4e-105	1	237	146	388	0.8
CBM63.hmm	78	Pfor|Pfor_13436	212	7.7e-17	2	72	126	195	0.8974358974358975
GH85.hmm	315	Pfor|Pfor_1375	624	6.9e-88	1	266	84	338	0.8412698412698413
GH85.hmm	315	Pfor|Pfor_1379	602	6.1e-88	1	266	84	338	0.8412698412698413
GH85.hmm	315	Pfor|Pfor_1380	624	6.9e-88	1	266	84	338	0.8412698412698413
GH85.hmm	315	Pfor|Pfor_1381	602	6.1e-88	1	266	84	338	0.8412698412698413
GH85.hmm	315	Pfor|Pfor_1382	617	6.6e-88	1	266	84	338	0.8412698412698413
GH85.hmm	315	Pfor|Pfor_1383	617	6.6e-88	1	266	84	338	0.8412698412698413
GH31.hmm	427	Pfor|Pfor_14022	432	5.8e-62	3	179	244	427	0.41217798594847777
GH31.hmm	427	Pfor|Pfor_14023	859	1.6e-151	3	427	243	726	0.9929742388758782
GH31.hmm	427	Pfor|Pfor_14024	533	3.8e-123	85	427	8	407	0.8009367681498829
GH20.hmm	337	Pfor|Pfor_14025	223	6.4e-32	189	336	5	158	0.4362017804154303
GT20.hmm	475	Pfor|Pfor_14215	822	3.8e-166	9	472	8	488	0.9747368421052631
GT49.hmm	337	Pfor|Pfor_14340	437	4.5e-31	124	265	281	436	0.41839762611275966
GH47.hmm	446	Pfor|Pfor_14517	251	1e-59	1	176	80	251	0.3923766816143498
GH35.hmm	307	Pfor|Pfor_1454	632	4.5e-114	1	305	41	358	0.990228013029316
GH35.hmm	307	Pfor|Pfor_1455	320	4.6e-100	1	271	41	319	0.8794788273615635
GH18.hmm	296	Pfor|Pfor_14564	483	2.4e-67	3	288	109	450	0.9628378378378378
GH18.hmm	296	Pfor|Pfor_14565	405	1.3e-67	3	288	31	372	0.9628378378378378
GH27.hmm	375	Pfor|Pfor_1468	434	7.5e-27	124	346	126	322	0.592
GH27.hmm	375	Pfor|Pfor_1469	434	7.5e-27	124	346	126	322	0.592
GH27.hmm	375	Pfor|Pfor_1471	434	7.5e-27	124	346	126	322	0.592
GT4.hmm	160	Pfor|Pfor_14784	162	8.8e-19	40	150	2	120	0.6875
GT27.hmm	295	Pfor|Pfor_15003	607	2.4e-132	1	295	166	465	0.9966101694915255
CBM13.hmm	188	Pfor|Pfor_15003	607	9.2e-16	9	134	481	599	0.6648936170212766
GT27.hmm	295	Pfor|Pfor_15008	611	5.6e-133	2	295	171	469	0.9932203389830508
CBM13.hmm	188	Pfor|Pfor_15008	611	9.3e-16	9	134	485	603	0.6648936170212766
CBM13.hmm	188	Pfor|Pfor_15010	137	2.4e-17	9	134	11	129	0.6648936170212766
GT10.hmm	347	Pfor|Pfor_15048	426	1.3e-90	29	347	82	416	0.9164265129682997
GT10.hmm	347	Pfor|Pfor_15051	362	1.4e-90	31	347	20	352	0.9106628242074928
GT49.hmm	337	Pfor|Pfor_15152	263	2.6e-82	83	334	2	249	0.744807121661721
GT2_Chitin_synth_2.hmm	527	Pfor|Pfor_1518	814	8.9e-26	193	515	253	563	0.6110056925996205
GT2_Chitin_synth_2.hmm	527	Pfor|Pfor_15248	1472	1e-238	4	526	867	1378	0.9905123339658444
CE1.hmm	227	Pfor|Pfor_15326	265	9e-29	1	180	37	245	0.788546255506608
CE1.hmm	227	Pfor|Pfor_1564	320	2.2e-52	3	224	62	316	0.973568281938326
GH84.hmm	295	Pfor|Pfor_1568	683	1.2e-95	1	279	19	305	0.9423728813559322
GH84.hmm	295	Pfor|Pfor_1569	678	1.2e-95	1	279	19	305	0.9423728813559322
GH84.hmm	295	Pfor|Pfor_1570	669	1.2e-95	1	279	19	305	0.9423728813559322
GH84.hmm	295	Pfor|Pfor_1571	664	1.2e-95	1	279	19	305	0.9423728813559322
GT2_Chitin_synth_2.hmm	527	Pfor|Pfor_15764	628	3.4e-176	176	526	2	347	0.6641366223908919
GH13_36.hmm	314	Pfor|Pfor_15797	711	1.7e-30	1	312	246	551	0.9904458598726115
GH13_36.hmm	314	Pfor|Pfor_15798	711	1.7e-30	1	312	246	551	0.9904458598726115
GH79.hmm	455	Pfor|Pfor_16016	587	2e-95	1	453	131	579	0.9934065934065934
GT7.hmm	250	Pfor|Pfor_16031	400	5e-101	6	249	153	393	0.972
GT7.hmm	250	Pfor|Pfor_16034	400	5e-101	6	249	153	393	0.972
GT8.hmm	257	Pfor|Pfor_16199	866	5.3e-45	23	256	6	233	0.9066147859922179
GT31.hmm	192	Pfor|Pfor_16221	399	4.2e-56	2	191	131	321	0.984375
GT31.hmm	192	Pfor|Pfor_16222	412	4.5e-56	2	191	144	334	0.984375
GT2_Chitin_synth_2.hmm	527	Pfor|Pfor_16428	1162	1.9e-214	4	526	505	1020	0.9905123339658444
GH38.hmm	269	Pfor|Pfor_16462	1048	2.6e-74	1	269	72	396	0.9962825278810409
GT1.hmm	382	Pfor|Pfor_16535	525	4.6e-28	225	370	279	443	0.3795811518324607
GH16_19.hmm	174	Pfor|Pfor_16735	366	1.6e-49	4	174	103	265	0.9770114942528736
GH16_4.hmm	316	Pfor|Pfor_16799	223	1.3e-70	1	186	25	218	0.5854430379746836
CE4.hmm	130	Pfor|Pfor_16884	493	1.1e-27	6	124	260	381	0.9076923076923077
GH16_4.hmm	316	Pfor|Pfor_16922	124	4.2e-38	192	304	1	119	0.35443037974683544
GH31.hmm	427	Pfor|Pfor_17034	434	1e-57	65	422	59	427	0.8360655737704918
GT50.hmm	262	Pfor|Pfor_17063	350	7.5e-65	1	227	135	349	0.8625954198473282
GT8.hmm	257	Pfor|Pfor_17138	319	1.3e-36	30	254	12	292	0.8715953307392996
AA2.hmm	255	Pfor|Pfor_17202	292	7.1e-49	14	253	46	284	0.9372549019607843
GT39.hmm	223	Pfor|Pfor_17208	646	6.6e-42	67	223	2	160	0.6995515695067265
GH13_8.hmm	293	Pfor|Pfor_17221	765	3.3e-151	1	293	297	590	0.9965870307167235
GH5_9.hmm	303	Pfor|Pfor_17259	413	1.4e-105	1	303	76	387	0.9966996699669967
GT22.hmm	389	Pfor|Pfor_17293	487	1.4e-52	104	357	11	331	0.6503856041131105
GT76.hmm	407	Pfor|Pfor_17445	217	1.5e-53	2	198	19	217	0.48157248157248156
AA11.hmm	191	Pfor|Pfor_17448	225	1.9e-33	16	161	59	197	0.7591623036649214
GH37.hmm	491	Pfor|Pfor_17552	576	5.8e-169	1	490	54	560	0.9959266802443992
GH72.hmm	312	Pfor|Pfor_17710	514	7.9e-120	3	311	16	313	0.9871794871794872
GT21.hmm	233	Pfor|Pfor_17714	398	2.2e-74	1	233	52	281	0.9957081545064378
GT2_Chitin_synth_2.hmm	527	Pfor|Pfor_17742	211	1.3e-16	85	306	2	209	0.41935483870967744
GT76.hmm	407	Pfor|Pfor_17776	468	1.5e-99	1	406	41	468	0.995085995085995
GH5_9.hmm	303	Pfor|Pfor_17894	349	9.5e-65	1	183	160	349	0.6006600660066007
GH13_17.hmm	350	Pfor|Pfor_17963	562	8.4e-157	1	349	48	387	0.9942857142857143
GH13_25.hmm	434	Pfor|Pfor_17993	1033	1.6e-192	3	434	566	1011	0.9930875576036866
CE1.hmm	227	Pfor|Pfor_18176	294	1.2e-38	2	224	23	287	0.9779735682819384
GH47.hmm	446	Pfor|Pfor_18177	292	8.2e-82	186	446	6	284	0.5829596412556054
GH3.hmm	216	Pfor|Pfor_18273	775	8.4e-61	4	216	129	357	0.9814814814814815
CE9.hmm	373	Pfor|Pfor_18331	416	1.3e-119	1	373	26	411	0.9973190348525469
GT76.hmm	407	Pfor|Pfor_18496	187	2.5e-48	228	406	2	186	0.43734643734643736
GH2.hmm	752	Pfor|Pfor_1851	511	8.8e-101	22	390	68	510	0.48936170212765956
GH2.hmm	752	Pfor|Pfor_1852	435	1.1e-75	22	319	68	431	0.3949468085106383
GT41.hmm	705	Pfor|Pfor_18593	1082	1.1e-138	401	705	462	746	0.43120567375886526
GT2_Chitin_synth_1.hmm	163	Pfor|Pfor_18619	437	1.2e-77	1	163	173	335	0.9938650306748467
GT69.hmm	239	Pfor|Pfor_18793	287	1.3e-52	31	238	1	253	0.8661087866108786
GH13_17.hmm	350	Pfor|Pfor_18893	571	1.2e-150	1	349	50	394	0.9942857142857143
GH72.hmm	312	Pfor|Pfor_19047	337	3.7e-63	141	311	1	168	0.5448717948717948
GH47.hmm	446	Pfor|Pfor_19098	692	2.6e-135	1	444	37	475	0.9932735426008968
GH47.hmm	446	Pfor|Pfor_19161	477	4.6e-123	2	446	48	475	0.9955156950672646
CE1.hmm	227	Pfor|Pfor_19271	302	2.9e-45	1	224	41	298	0.9823788546255506
GH5_12.hmm	539	Pfor|Pfor_19303	1018	5.3e-178	1	539	274	784	0.9981447124304267
GH18.hmm	296	Pfor|Pfor_19571	210	1.1e-24	155	284	1	146	0.4358108108108108
GH16_3.hmm	230	Pfor|Pfor_19870	305	1.6e-58	2	230	43	302	0.991304347826087
GH20.hmm	337	Pfor|Pfor_19887	628	7.2e-87	8	336	230	582	0.973293768545994
GH13_5.hmm	342	Pfor|Pfor_19970	253	1.5e-86	3	222	33	252	0.6403508771929824
GH72.hmm	312	Pfor|Pfor_20079	152	7.3e-50	4	146	18	152	0.4551282051282051
GH17.hmm	311	Pfor|Pfor_20216	337	1.7e-27	11	306	76	328	0.9485530546623794
GH16_4.hmm	316	Pfor|Pfor_20242	385	2.9e-119	1	316	64	384	0.9968354430379747
GT2_Chitin_synth_1.hmm	163	Pfor|Pfor_20244	433	1.3e-76	1	163	170	332	0.9938650306748467
GT15.hmm	273	Pfor|Pfor_20287	318	9.3e-116	1	272	3	275	0.9926739926739927
GT39.hmm	223	Pfor|Pfor_20291	622	1.1e-45	63	223	8	170	0.7174887892376681
GH31.hmm	427	Pfor|Pfor_20341	963	1e-156	2	427	366	809	0.9953161592505855
GH17.hmm	311	Pfor|Pfor_20348	413	7.3e-20	13	304	150	402	0.9356913183279743
GT1.hmm	382	Pfor|Pfor_20359	537	9.9e-22	155	352	190	427	0.5157068062827225
GT21.hmm	233	Pfor|Pfor_20360	512	1.6e-89	1	233	60	291	0.9957081545064378
GT59.hmm	404	Pfor|Pfor_20363	501	5.8e-99	2	404	49	452	0.995049504950495
GH35.hmm	307	Pfor|Pfor_20755	1130	4.9e-64	1	303	60	439	0.9837133550488599
GT57.hmm	481	Pfor|Pfor_21278	295	2.2e-64	163	480	2	292	0.659043659043659
GH37.hmm	491	Pfor|Pfor_21286	337	3e-78	205	490	1	334	0.5804480651731161
GH18.hmm	296	Pfor|Pfor_21299	496	6e-75	2	284	27	409	0.9527027027027027
GT1.hmm	382	Pfor|Pfor_21392	566	4.5e-22	179	348	246	447	0.4424083769633508
GT35.hmm	674	Pfor|Pfor_21399	888	7e-273	3	674	149	865	0.9955489614243324
GT3.hmm	637	Pfor|Pfor_21416	698	3.6e-291	1	623	18	635	0.9764521193092621
GT48.hmm	739	Pfor|Pfor_217	299	1.6e-137	129	414	1	299	0.38565629228687415
GT2_Chitin_synth_2.hmm	527	Pfor|Pfor_21829	619	5.4e-58	27	369	301	617	0.6489563567362429
GT48.hmm	739	Pfor|Pfor_220	1928	7.8e-289	3	727	869	1641	0.979702300405954
GT50.hmm	262	Pfor|Pfor_22046	187	6.8e-66	91	261	1	173	0.648854961832061
GT1.hmm	382	Pfor|Pfor_22085	555	9.1e-26	169	358	230	445	0.49476439790575916
CE9.hmm	373	Pfor|Pfor_22169	191	4.2e-50	2	173	13	189	0.4584450402144772
GT48.hmm	739	Pfor|Pfor_222	749	1.3e-191	243	721	1	495	0.6468200270635994
GT1.hmm	382	Pfor|Pfor_22293	549	1.8e-29	223	378	302	472	0.40575916230366493
GH20.hmm	337	Pfor|Pfor_22346	543	2.7e-90	12	335	188	505	0.9584569732937686
GT20.hmm	475	Pfor|Pfor_22416	476	4.7e-199	5	474	6	475	0.9873684210526316
GT15.hmm	273	Pfor|Pfor_22449	282	1.3e-52	1	181	84	267	0.6593406593406593
AA11.hmm	191	Pfor|Pfor_22475	291	1.6e-44	1	163	17	175	0.8481675392670157
GH72.hmm	312	Pfor|Pfor_22494	516	1.4e-118	5	312	34	339	0.9839743589743589
GT39.hmm	223	Pfor|Pfor_22735	267	1.1e-59	4	206	47	267	0.905829596412556
GH20.hmm	337	Pfor|Pfor_22780	178	1.9e-29	215	336	1	127	0.3590504451038576
GH16_4.hmm	316	Pfor|Pfor_23021	428	1.7e-114	1	316	79	422	0.9968354430379747
GH47.hmm	446	Pfor|Pfor_23273	565	3.6e-158	1	446	121	562	0.9977578475336323
AA3_2.hmm	568	Pfor|Pfor_23463	631	1.1e-163	3	568	63	602	0.9947183098591549
GT24.hmm	248	Pfor|Pfor_23591	1531	2.2e-130	1	248	1232	1479	0.9959677419354839
AA6.hmm	195	Pfor|Pfor_23602	642	8e-70	1	194	23	216	0.9897435897435898
GH18.hmm	296	Pfor|Pfor_23668	395	4e-78	4	278	24	394	0.9256756756756757
AA11.hmm	191	Pfor|Pfor_23708	211	2.2e-37	10	163	21	162	0.8010471204188482
GT58.hmm	364	Pfor|Pfor_23864	220	4.1e-69	145	364	3	218	0.6016483516483516
GT1.hmm	382	Pfor|Pfor_23938	582	2.1e-24	129	352	173	452	0.5837696335078534
GT2_Chitin_synth_2.hmm	527	Pfor|Pfor_23957	412	9.9e-113	271	526	1	252	0.4838709677419355
GH20.hmm	337	Pfor|Pfor_24205	294	6e-44	6	139	155	291	0.39465875370919884
GT2_Glycos_transf_2.hmm	170	Pfor|Pfor_24610	238	5.4e-34	1	169	6	176	0.9882352941176471
CE4.hmm	130	Pfor|Pfor_24648	340	9.6e-28	6	124	111	232	0.9076923076923077
GH37.hmm	491	Pfor|Pfor_24699	901	1.9e-145	2	490	155	711	0.9938900203665988
GT4.hmm	160	Pfor|Pfor_24795	204	5.8e-30	24	158	2	160	0.8375
GT23.hmm	318	Pfor|Pfor_2485	214	1.7e-70	141	316	1	173	0.550314465408805
GT58.hmm	364	Pfor|Pfor_24859	210	2.2e-54	3	143	68	209	0.38461538461538464
GT23.hmm	318	Pfor|Pfor_2486	560	5.8e-122	1	316	213	519	0.9905660377358491
GT15.hmm	273	Pfor|Pfor_24914	165	6.1e-36	1	101	65	165	0.3663003663003663
GT1.hmm	382	Pfor|Pfor_25142	1206	6.7e-60	4	377	706	1112	0.9764397905759162
GH13_25.hmm	434	Pfor|Pfor_25319	1487	9.9e-183	3	434	1038	1476	0.9930875576036866
GH47.hmm	446	Pfor|Pfor_25405	479	2.9e-119	1	446	46	476	0.9977578475336323
GT48.hmm	739	Pfor|Pfor_25435	554	8.8e-67	448	723	1	278	0.3721244925575101
GT105.hmm	73	Pfor|Pfor_25447	378	3.1e-28	2	69	261	327	0.9178082191780822
GH18.hmm	296	Pfor|Pfor_25608	478	1e-24	2	211	24	332	0.706081081081081
GH38.hmm	269	Pfor|Pfor_25683	834	2e-86	3	255	271	522	0.9368029739776952
GH3.hmm	216	Pfor|Pfor_25690	690	1.2e-63	3	215	97	325	0.9814814814814815
GT66.hmm	693	Pfor|Pfor_25722	731	1.8e-187	10	600	14	658	0.8513708513708513
GH72.hmm	312	Pfor|Pfor_25763	446	7.7e-115	3	311	15	313	0.9871794871794872
GH18.hmm	296	Pfor|Pfor_26027	331	1.5e-27	3	176	77	328	0.5844594594594594
GH18.hmm	296	Pfor|Pfor_26028	206	3.8e-26	171	282	29	187	0.375
GT2_Chitin_synth_2.hmm	527	Pfor|Pfor_26329	311	1.3e-139	271	527	1	252	0.4857685009487666
GT2_Chitin_synth_2.hmm	527	Pfor|Pfor_26369	195	7.4e-27	51	239	2	168	0.3567362428842505
GT4.hmm	160	Pfor|Pfor_26379	477	2.9e-22	6	151	268	434	0.90625
GT1.hmm	382	Pfor|Pfor_26384	566	2.4e-28	77	349	120	439	0.7120418848167539
GH18.hmm	296	Pfor|Pfor_264	482	2.6e-85	2	290	21	377	0.972972972972973
GT31.hmm	192	Pfor|Pfor_26406	365	9.3e-25	50	190	145	271	0.7291666666666666
GH81.hmm	622	Pfor|Pfor_26442	705	1.2e-173	15	622	82	700	0.9758842443729904
GH37.hmm	491	Pfor|Pfor_26452	226	6.1e-54	3	189	37	224	0.3788187372708758
GT69.hmm	239	Pfor|Pfor_26528	111	4e-19	12	104	3	92	0.38493723849372385
GT20.hmm	475	Pfor|Pfor_2653	764	6.5e-161	11	474	12	488	0.9747368421052631
GT20.hmm	475	Pfor|Pfor_2654	770	5.7e-157	12	475	12	489	0.9747368421052631
GT20.hmm	475	Pfor|Pfor_2655	770	1.2e-158	11	475	12	489	0.9768421052631578
GT20.hmm	475	Pfor|Pfor_2656	764	3.1e-159	12	474	12	488	0.9726315789473684
GT1.hmm	382	Pfor|Pfor_26584	273	5.9e-25	196	350	81	249	0.4031413612565445
GH5_9.hmm	303	Pfor|Pfor_26658	162	1.6e-36	183	303	2	127	0.39603960396039606
GH16_19.hmm	174	Pfor|Pfor_26686	352	1.2e-53	4	174	114	276	0.9770114942528736
CBM21.hmm	107	Pfor|Pfor_26723	361	1.7e-28	3	107	102	208	0.9719626168224299
GH5_12.hmm	539	Pfor|Pfor_26811	748	1.5e-180	3	539	25	558	0.9944341372912802
GT39.hmm	223	Pfor|Pfor_26818	831	1.8e-71	2	223	56	297	0.9910313901345291
GH18.hmm	296	Pfor|Pfor_26847	414	2.8e-77	3	284	27	398	0.9493243243243243
AA3_2.hmm	568	Pfor|Pfor_26868	609	3.5e-103	2	566	19	605	0.9929577464788732
GH47.hmm	446	Pfor|Pfor_26876	624	2.9e-154	1	446	82	535	0.9977578475336323
GH15.hmm	361	Pfor|Pfor_26909	194	1.6e-33	174	360	2	186	0.5152354570637119
GH18.hmm	296	Pfor|Pfor_26942	170	6.1e-22	54	187	8	170	0.44932432432432434
GT69.hmm	239	Pfor|Pfor_26955	138	5.5e-30	109	208	17	113	0.41422594142259417
AA6.hmm	195	Pfor|Pfor_27002	208	1.1e-79	1	194	6	200	0.9897435897435898
GH16_4.hmm	316	Pfor|Pfor_27664	332	8.7e-87	1	316	16	330	0.9968354430379747
GT1.hmm	382	Pfor|Pfor_27675	536	4.8e-32	223	378	295	465	0.40575916230366493
GH2.hmm	752	Pfor|Pfor_27722	774	3.3e-77	143	509	19	583	0.4867021276595745
GH9.hmm	418	Pfor|Pfor_2781	479	9.6e-124	1	418	42	468	0.9976076555023924
GH9.hmm	418	Pfor|Pfor_2783	479	9.6e-124	1	418	42	468	0.9976076555023924
GH13_17.hmm	350	Pfor|Pfor_27918	582	2e-146	1	349	60	401	0.9942857142857143
GH13_15.hmm	285	Pfor|Pfor_27948	523	4.2e-131	1	285	78	369	0.9964912280701754
CBM39.hmm	94	Pfor|Pfor_27988	466	1.3e-34	2	94	30	122	0.9787234042553191
GH16_4.hmm	316	Pfor|Pfor_27988	466	3.9e-43	1	220	168	391	0.6930379746835443
GT1.hmm	382	Pfor|Pfor_28042	544	6.1e-26	196	366	264	446	0.44502617801047123
GH30_1.hmm	416	Pfor|Pfor_28060	516	5.4e-141	2	415	81	510	0.9927884615384616
GH13_17.hmm	350	Pfor|Pfor_28095	569	9.8e-153	1	349	49	390	0.9942857142857143
GT1.hmm	382	Pfor|Pfor_28127	486	1e-32	95	368	95	412	0.7146596858638743
GT35.hmm	674	Pfor|Pfor_28149	844	8.6e-289	1	674	112	829	0.9985163204747775
GH13_8.hmm	293	Pfor|Pfor_28171	655	6.3e-149	1	293	241	534	0.9965870307167235
GT3.hmm	637	Pfor|Pfor_28189	692	3.3e-289	1	634	38	669	0.9937205651491365
GH20.hmm	337	Pfor|Pfor_28211	597	1.3e-83	7	336	199	554	0.9762611275964391
GH1.hmm	429	Pfor|Pfor_28321	507	1.5e-148	3	427	34	493	0.9883449883449883
GH31.hmm	427	Pfor|Pfor_28366	323	2.4e-69	244	427	2	188	0.42857142857142855
GH13_17.hmm	350	Pfor|Pfor_28501	614	6.2e-79	2	338	168	494	0.96
GT66.hmm	693	Pfor|Pfor_28512	705	7.4e-192	11	623	23	675	0.8831168831168831
GT1.hmm	382	Pfor|Pfor_28553	531	3.6e-31	185	364	263	452	0.468586387434555
GH31.hmm	427	Pfor|Pfor_28642	598	1.3e-76	2	239	342	597	0.5550351288056206
GH13_15.hmm	285	Pfor|Pfor_28667	490	2.8e-138	1	285	52	333	0.9964912280701754
GH38.hmm	269	Pfor|Pfor_28681	703	4.2e-78	1	269	65	379	0.9962825278810409
GT64.hmm	248	Pfor|Pfor_28729	352	6.7e-93	1	248	97	339	0.9959677419354839
AA3_2.hmm	568	Pfor|Pfor_28759	636	1e-156	2	568	76	623	0.9964788732394366
CBM21.hmm	107	Pfor|Pfor_28881	791	9.8e-28	2	106	659	761	0.9719626168224299
CBM57.hmm	147	Pfor|Pfor_29173	273	8.4e-39	1	147	35	196	0.9931972789115646
GT31.hmm	192	Pfor|Pfor_29182	213	7.8e-29	2	129	80	213	0.6614583333333334
GH13_17.hmm	350	Pfor|Pfor_29216	617	2e-146	1	349	77	413	0.9942857142857143
GT13.hmm	395	Pfor|Pfor_29392	515	3.9e-155	10	394	56	508	0.9721518987341772
GT27.hmm	295	Pfor|Pfor_29396	369	1.3e-76	97	295	20	223	0.6711864406779661
GT24.hmm	248	Pfor|Pfor_29412	790	5.1e-133	1	248	498	745	0.9959677419354839
GT14.hmm	250	Pfor|Pfor_29465	920	7.9e-75	1	250	285	534	0.996
GH29.hmm	346	Pfor|Pfor_29578	486	1.9e-104	21	346	52	395	0.9393063583815029
GT33.hmm	425	Pfor|Pfor_29796	304	5e-94	2	292	32	303	0.6823529411764706
AA3_2.hmm	568	Pfor|Pfor_29828	615	1.4e-158	2	568	43	605	0.9964788732394366
GH63.hmm	570	Pfor|Pfor_29916	814	4.8e-26	317	567	561	812	0.43859649122807015
GT47.hmm	296	Pfor|Pfor_30386	357	2.4e-48	42	283	103	357	0.8141891891891891
GH63.hmm	570	Pfor|Pfor_3043	292	3.6e-28	319	566	78	291	0.43333333333333335
GH63.hmm	570	Pfor|Pfor_3044	856	2.9e-25	318	566	641	855	0.43508771929824563
GH20.hmm	337	Pfor|Pfor_30470	548	8.8e-30	68	274	112	336	0.6112759643916914
GT4.hmm	160	Pfor|Pfor_30525	397	3.2e-36	7	154	209	368	0.91875
GH31.hmm	427	Pfor|Pfor_3053	667	8.4e-84	34	421	269	664	0.9063231850117096
GH31.hmm	427	Pfor|Pfor_30661	945	8.5e-156	2	427	438	907	0.9953161592505855
GT7.hmm	250	Pfor|Pfor_30828	309	1.9e-80	14	242	30	258	0.912
GT1.hmm	382	Pfor|Pfor_31271	529	1.2e-29	179	368	226	446	0.49476439790575916
GT58.hmm	364	Pfor|Pfor_31302	341	2e-111	3	266	50	314	0.7225274725274725
GT31.hmm	192	Pfor|Pfor_31939	345	7.1e-31	2	115	68	182	0.5885416666666666
GT11.hmm	276	Pfor|Pfor_32093	355	7.2e-37	7	256	99	340	0.9021739130434783
GT2_Glyco_trans_2_3.hmm	197	Pfor|Pfor_32102	458	1.4e-43	1	195	185	398	0.9847715736040609
GT2_Glycos_transf_2.hmm	170	Pfor|Pfor_32137	185	1.2e-34	1	162	21	184	0.9470588235294117
GT54.hmm	290	Pfor|Pfor_32322	426	3.4e-120	6	290	95	381	0.9793103448275862
GH38.hmm	269	Pfor|Pfor_32970	478	9.7e-70	1	269	25	346	0.9962825278810409
GT1.hmm	382	Pfor|Pfor_32976	328	7.9e-25	209	364	120	285	0.40575916230366493
GT27.hmm	295	Pfor|Pfor_33307	537	8.9e-118	1	295	91	397	0.9966101694915255
GT22.hmm	389	Pfor|Pfor_33505	344	1.4e-19	224	383	2	181	0.4087403598971722
GT47.hmm	296	Pfor|Pfor_33585	557	4e-40	89	296	11	222	0.6993243243243243
GT64.hmm	248	Pfor|Pfor_33585	557	1.3e-101	1	248	295	540	0.9959677419354839
GT76.hmm	407	Pfor|Pfor_34080	259	9.8e-60	2	231	7	257	0.5626535626535627
GH18.hmm	296	Pfor|Pfor_34287	358	1.7e-31	2	279	43	349	0.9358108108108109
GT43.hmm	212	Pfor|Pfor_3440	290	6.6e-68	1	212	59	267	0.9952830188679245
GT43.hmm	212	Pfor|Pfor_3442	349	1.2e-67	1	212	118	326	0.9952830188679245
GT31.hmm	192	Pfor|Pfor_34482	248	2.4e-53	2	191	36	222	0.984375
GT10.hmm	347	Pfor|Pfor_34541	541	7.5e-86	51	347	240	516	0.8530259365994236
GT47.hmm	296	Pfor|Pfor_34551	237	1.5e-18	174	296	7	182	0.41216216216216217
GT22.hmm	389	Pfor|Pfor_34654	376	1.6e-73	36	358	1	357	0.8277634961439588
GH56.hmm	333	Pfor|Pfor_34865	363	4.1e-124	6	330	40	361	0.972972972972973
CE1.hmm	227	Pfor|Pfor_3495	368	2.6e-16	12	211	128	349	0.8766519823788547
CE1.hmm	227	Pfor|Pfor_3497	545	7.2e-16	12	211	305	526	0.8766519823788547
GT68.hmm	350	Pfor|Pfor_35002	442	1.1e-115	1	350	51	422	0.9971428571428571
CE9.hmm	373	Pfor|Pfor_35171	225	3.2e-71	173	373	4	209	0.5361930294906166
GT27.hmm	295	Pfor|Pfor_35416	562	3.5e-123	1	295	207	501	0.9966101694915255
GT8.hmm	257	Pfor|Pfor_35510	356	3.2e-35	31	251	6	250	0.8560311284046692
GT22.hmm	389	Pfor|Pfor_35513	258	1.6e-61	6	243	5	258	0.609254498714653
GH1.hmm	429	Pfor|Pfor_35694	268	3.1e-60	2	254	18	265	0.5874125874125874
GT92.hmm	279	Pfor|Pfor_35825	305	8e-64	3	189	112	305	0.6666666666666666
GT31.hmm	192	Pfor|Pfor_35915	251	2.1e-16	55	164	138	240	0.5677083333333334
GT27.hmm	295	Pfor|Pfor_36060	461	1.8e-121	1	295	94	388	0.9966101694915255
CBM47.hmm	128	Pfor|Pfor_36421	239	2e-23	3	127	66	196	0.96875
GT2_Glycos_transf_2.hmm	170	Pfor|Pfor_36769	215	2e-26	1	102	71	177	0.5941176470588235
GT39.hmm	223	Pfor|Pfor_37074	274	6.3e-49	19	223	3	225	0.9147982062780269
AA3_2.hmm	568	Pfor|Pfor_37166	577	3.8e-165	2	563	41	577	0.9876760563380281
GT66.hmm	693	Pfor|Pfor_3721	785	4.1e-190	10	601	28	687	0.8528138528138528
GT65.hmm	340	Pfor|Pfor_37229	168	2e-67	1	155	15	168	0.45294117647058824
GT64.hmm	248	Pfor|Pfor_37615	178	1.7e-74	74	248	1	170	0.7016129032258065
GT90.hmm	250	Pfor|Pfor_37648	104	9.4e-30	130	228	6	103	0.392
GT90.hmm	250	Pfor|Pfor_37656	165	1.8e-49	88	250	4	164	0.648
GT7.hmm	250	Pfor|Pfor_37791	292	3.6e-77	16	217	90	288	0.804
GT59.hmm	404	Pfor|Pfor_39808	233	3e-53	214	404	5	187	0.47029702970297027
GT31.hmm	192	Pfor|Pfor_40696	128	1.3e-23	6	129	2	127	0.640625
GT1.hmm	382	Pfor|Pfor_40803	243	1.4e-28	204	353	81	241	0.3900523560209424
GT25.hmm	181	Pfor|Pfor_41377	108	1.4e-26	59	167	2	107	0.5966850828729282
GH132.hmm	303	Pfor|Pfor_41738	182	1.1e-55	63	245	4	181	0.6006600660066007
AA3_2.hmm	568	Pfor|Pfor_41809	609	3.5e-101	2	563	19	602	0.9876760563380281
GH20.hmm	337	Pfor|Pfor_41893	317	1.2e-50	7	167	155	317	0.47477744807121663
GT2_Chitin_synth_2.hmm	527	Pfor|Pfor_41898	366	2.6e-137	271	527	1	251	0.4857685009487666
GH24.hmm	137	Pfor|Pfor_41902	194	1.9e-30	3	137	24	161	0.9781021897810219
GH18.hmm	296	Pfor|Pfor_41932	923	3.2e-74	3	282	479	847	0.9425675675675675
AA11.hmm	191	Pfor|Pfor_41949	309	3.5e-42	1	163	17	173	0.8481675392670157
AA11.hmm	191	Pfor|Pfor_41991	235	1.2e-16	86	163	1	80	0.4031413612565445
GH16_3.hmm	230	Pfor|Pfor_42004	382	2.7e-52	1	169	193	382	0.7304347826086957
GH18.hmm	296	Pfor|Pfor_42033	414	6.2e-56	48	285	37	342	0.8006756756756757
GH17.hmm	311	Pfor|Pfor_42203	283	2.3e-27	78	301	102	282	0.7170418006430869
AA11.hmm	191	Pfor|Pfor_42317	107	3.8e-20	67	163	1	89	0.5026178010471204
GH16_19.hmm	174	Pfor|Pfor_42357	180	9.7e-27	10	104	84	180	0.5402298850574713
GH16_19.hmm	174	Pfor|Pfor_42387	112	8.3e-22	88	174	6	83	0.4942528735632184
GT39.hmm	223	Pfor|Pfor_42406	102	7.2e-19	49	133	1	101	0.37668161434977576
AA3_2.hmm	568	Pfor|Pfor_4596	353	2e-93	230	567	3	343	0.5933098591549296
GT32.hmm	90	Pfor|Pfor_5115	263	1.3e-16	3	88	97	207	0.9444444444444444
GT32.hmm	90	Pfor|Pfor_5117	359	2.5e-16	3	88	97	207	0.9444444444444444
GT32.hmm	90	Pfor|Pfor_5118	263	1.3e-16	3	88	97	207	0.9444444444444444
GT32.hmm	90	Pfor|Pfor_5121	278	1.4e-16	3	88	97	207	0.9444444444444444
GH20.hmm	337	Pfor|Pfor_5564	495	1.7e-24	18	237	29	248	0.6498516320474778
GH20.hmm	337	Pfor|Pfor_5565	524	7e-24	18	223	29	226	0.6083086053412463
GH20.hmm	337	Pfor|Pfor_5566	495	1.7e-24	18	237	29	248	0.6498516320474778
GH20.hmm	337	Pfor|Pfor_5568	524	7e-24	18	223	29	226	0.6083086053412463
GH20.hmm	337	Pfor|Pfor_5570	511	6.8e-24	18	223	16	213	0.6083086053412463
GH20.hmm	337	Pfor|Pfor_5571	482	1.7e-24	18	237	16	235	0.6498516320474778
GT2_Chitin_synth_2.hmm	527	Pfor|Pfor_5618	1399	1e-120	3	291	1122	1397	0.5464895635673624
GT2_Chitin_synth_2.hmm	527	Pfor|Pfor_5639	564	1.6e-77	21	215	380	564	0.3681214421252372
GH47.hmm	446	Pfor|Pfor_6078	253	4.8e-68	177	439	1	237	0.5874439461883408
GH47.hmm	446	Pfor|Pfor_6079	249	2.1e-59	1	171	52	239	0.3811659192825112
GH47.hmm	446	Pfor|Pfor_6081	497	3.7e-135	1	439	52	481	0.9820627802690582
GH47.hmm	446	Pfor|Pfor_6083	293	5e-84	139	439	3	277	0.672645739910314
CBM39.hmm	94	Pfor|Pfor_6489	150	1.4e-28	2	92	36	126	0.9574468085106383
GT16.hmm	350	Pfor|Pfor_6658	494	2.7e-145	2	350	118	482	0.9942857142857143
GT16.hmm	350	Pfor|Pfor_6660	275	4.2e-52	209	350	109	263	0.40285714285714286
GT16.hmm	350	Pfor|Pfor_6663	368	2e-90	2	212	118	328	0.6
GT16.hmm	350	Pfor|Pfor_6665	368	2e-90	2	212	118	328	0.6
GT2_Glycos_transf_2.hmm	170	Pfor|Pfor_6962	322	2.5e-25	1	169	64	245	0.9882352941176471
GT2_Glycos_transf_2.hmm	170	Pfor|Pfor_6963	244	5.6e-20	17	169	9	167	0.8941176470588236
GH20.hmm	337	Pfor|Pfor_756	379	3.1e-31	9	222	162	353	0.6320474777448071
GH20.hmm	337	Pfor|Pfor_758	839	1.7e-33	10	323	163	478	0.9287833827893175
GH89.hmm	663	Pfor|Pfor_7626	531	4.6e-175	156	662	1	505	0.7631975867269984
GH89.hmm	663	Pfor|Pfor_7628	267	7.4e-68	418	662	3	241	0.3680241327300151
GH37.hmm	491	Pfor|Pfor_7759	527	1.6e-173	31	491	4	479	0.9368635437881874
GH37.hmm	491	Pfor|Pfor_7760	573	2.1e-173	31	491	4	479	0.9368635437881874
GT57.hmm	481	Pfor|Pfor_8001	412	5.5e-121	70	464	1	411	0.8191268191268192
GT22.hmm	389	Pfor|Pfor_8061	250	1.5e-34	224	389	2	200	0.4241645244215938
GT22.hmm	389	Pfor|Pfor_8062	305	2.9e-34	224	389	2	200	0.4241645244215938
GH47.hmm	446	Pfor|Pfor_8622	1277	1.6e-137	1	445	47	483	0.9955156950672646
GH47.hmm	446	Pfor|Pfor_8624	763	4.7e-138	1	445	47	483	0.9955156950672646
CBM21.hmm	107	Pfor|Pfor_8897	256	1.6e-31	2	107	146	250	0.9813084112149533
CBM21.hmm	107	Pfor|Pfor_8898	314	2.5e-31	2	107	146	250	0.9813084112149533
CBM21.hmm	107	Pfor|Pfor_8899	256	1.6e-31	2	107	146	250	0.9813084112149533
CBM21.hmm	107	Pfor|Pfor_8900	314	2.5e-31	2	107	146	250	0.9813084112149533
CBM21.hmm	107	Pfor|Pfor_8901	176	6.2e-32	2	107	66	170	0.9813084112149533
CBM21.hmm	107	Pfor|Pfor_8902	234	1.3e-31	2	107	66	170	0.9813084112149533
GT33.hmm	425	Pfor|Pfor_891	269	8.7e-84	81	332	2	268	0.5905882352941176
GT33.hmm	425	Pfor|Pfor_892	457	4.4e-144	3	424	13	452	0.9905882352941177
GT43.hmm	212	Pfor|Pfor_899	385	1.9e-57	1	211	160	358	0.9905660377358491
GT43.hmm	212	Pfor|Pfor_900	385	1.9e-57	1	211	160	358	0.9905660377358491
GT43.hmm	212	Pfor|Pfor_901	385	1.9e-57	1	211	160	358	0.9905660377358491
GT27.hmm	295	Pfor|Pfor_9341	604	5.9e-130	1	295	166	463	0.9966101694915255
CBM13.hmm	188	Pfor|Pfor_9341	604	5.1e-21	6	137	478	600	0.6968085106382979
GT27.hmm	295	Pfor|Pfor_9348	608	1.4e-130	2	295	171	467	0.9932203389830508
CBM13.hmm	188	Pfor|Pfor_9348	608	5.2e-21	6	137	482	604	0.6968085106382979
CBM13.hmm	188	Pfor|Pfor_9352	140	3.1e-22	6	137	14	136	0.6968085106382979
GT2_Chitin_synth_2.hmm	527	Pfor|Pfor_9619	1792	2.9e-230	5	526	1173	1675	0.9886148007590133
GT65.hmm	340	Pfor|Pfor_9773	135	1.1e-44	208	338	1	131	0.38235294117647056
GT4.hmm	160	Pfor|Pfor_9891	164	9.9e-22	47	150	1	106	0.64375
GT4.hmm	160	Pfor|Pfor_9892	446	6.6e-33	6	149	196	341	0.89375
GT10.hmm	347	Pfor|Pfor_9993	430	2.9e-93	10	347	35	403	0.9711815561959655
GT10.hmm	347	Pfor|Pfor_9994	312	4e-61	10	251	35	311	0.6945244956772334
