CAZy Family	PPR Subfamily	Gene ID	Frequency	Hits	Signature Peptides
CE4	108	Pfor|Pfor_18484	8.02	9	YTGRQS,VLNYEE,NYEEGG,EEGGEN,FVLNYE,YEEGGE,WYTGRQ,GWYTGR,LNYEEG
CE9	25	Pfor|Pfor_35171	7.39	16	ITHLFN,FNAMLP,NAMLPF,HLFNAM,THLFNA,HHRDPG,AALRIA,LPFHHR,PAALRI,MLPFHH,VLVTDA,LVLVTD,PFHHRD,AMLPFH,FHHRDP,LFNAML
CE9	25	Pfor|Pfor_22169	2.99	9	SFCPTL,VTSFCP,HGVTSF,YHKVLP,TSFCPT,EGPFIS,GVTSFC,CPTLVT,FCPTLV
CE9	48	Pfor|Pfor_18331	4.03	8	AHLEGP,HLEGPF,EGPFIS,GAEILG,LGAHLE,GAHLEG,LEGPFI,ILGAHL
GH0	54	Pfor|Pfor_34287	5.52	10	MTYDYS,FSLMTY,GINFYG,VFYPTL,WELGQG,ELGQGL,SLMTYD,LMTYDY,IWELGQ,YFYDLL
GH1	24	Pfor|Pfor_28321	6.85	11	SISWPR,TLYHWD,SYQIEG,EGAWNE,RFSISW,YRFSIS,IEGAWN,QIEGAW,YQIEGA,FSISWP,ISWPRI
GH13	19	Pfor|Pfor_18893	8.59	16	QPDLNY,QIYPRS,LDFVPN,DFGYDI,YPRSFK,SAWEWN,YYLHQF,DGIGDL,GFRIDA,RSFKDS,PRSFKD,DFVPNH,GDGIGD,GSAWEW,IYPRSF,YQIYPR
GH13	19	Pfor|Pfor_28095	6.96	13	FGYDIS,VLGNHD,WVLGNH,IYPRSF,PNHTSD,QIYPRS,NWISVF,QPDLNY,DFGYDI,VPNHTS,YDISDF,YQIYPR,NWVLGN
GH13	19	Pfor|Pfor_29216	6.63	13	PNHTSD,VPYLFE,DFGYDI,IYPRSF,VPNHTS,FGYDIS,QIYPRS,YQIYPR,AVPYLF,DAVPYL,DQPETY,QPDLNY,YDISDF
GH13	58	Pfor|Pfor_17963	7.22	18	GVDGFR,QPDLNY,DSDGDG,LDFVPN,DGFRVD,PNHSSD,LYQIYP,VDGFRV,GFRVDA,HSSDQH,NHSSDQ,WLSPIY,GYDISD,TWLPVN,RTPFQW,FVPNHS,DFVPNH,VPNHSS
GH13	58	Pfor|Pfor_27918	3.98	11	DPERTP,QIYPRS,GDEIGM,FWLDLG,TWLPVN,RDPERT,RTPFQW,WLSPIY,VPNHSS,PNHSSD,YQIYPR
GH13	83	Pfor|Pfor_28667	20.2	35	YQPISY,GVAGFR,HRWRQI,GVQVSP,MVRRCN,EHRWRQ,HLFEWK,ERYQPI,GGEAIS,FRVDAA,PWWERY,RYQPIS,GFRVDA,AKHMWP,CEHRWR,VAGFRV,VRIYVD,VHLFEW,GTGGST,TGGSTA,CDVISG,VDAAKH,LFEWKW,VQVSPV,AGFRVD,YCDVIS,RIYVDV,GVRIYV,RVDAAK,DAAKHM,WERYQP,RWRQIY,RPWWER,WWERYQ,AAKHMW
GH13	83	Pfor|Pfor_27948	6.17	11	VDNHDN,DNHDNQ,DNQRGH,GVQVSP,AAKHMW,DAAKHM,HLFEWK,AKHMWP,HDNQRG,NQRGHG,NHDNQR
GH13	94	Pfor|Pfor_28171	24.6	41	DGFRFD,YYASFG,VHSHAS,DSRLFN,GFRFDG,WDSRLF,YLNFMG,RFLLSN,FLLSNL,EDVSGM,LNFMGN,DYRLAM,DQALVG,ALVGDK,GNEFGH,LWDSRL,NFMGNE,DVSGMP,AEDVSG,SRLFNY,SHDQAL,GFDYRL,DVVHSH,FDYRLA,NEFGHP,GGIGFD,QALVGD,VVHSHA,FDGFRF,FMGNEF,VGDKTI,LVGDKT,MGNEFG,HDQALV,FGHPEW,YASFGY,GIGFDY,FRFDGV,ESHDQA,EFGHPE,IGFDYR
GH13	94	Pfor|Pfor_17221	23.0	37	GIGFDY,QALVGD,DFPREG,IGFDYR,EFGHPE,YYASFG,NEFGHP,GGIGFD,DVSGMP,FGHPEW,FRFDGV,GFDYRL,FPREGN,HKMIRL,EWAPNA,LVGDKT,SRLFNY,GNEFGH,VGDKTI,DGVTSM,ESHDQA,RFLLSN,HDQALV,YASFGY,RFDGVT,ALVGDK,DGFRFD,MAIMEH,EDVSGM,TLTNRR,GFRFDG,FDGVTS,FLLSNL,DQALVG,SHDQAL,LRFLLS,AEDVSG
GH133	2	Pfor|Pfor_25319	29.3	36	IDNCHS,YHQGPE,CGTWMD,TLDPSD,CTHDNE,VAPELF,SNSPYS,LIREAM,MDKMGE,MDCTHD,TWMDKM,NCGTWM,LFMDCT,RCWGRD,TPRDGA,NCHSTP,VVAELF,SLIREA,NNGWIW,IREAMQ,YVVAEL,YQLRPN,ANNGWI,NYHQGP,WMDKMG,GTWMDK,DKMGES,HQGPEW,GFRIDN,NRRGIY,DNCHST,REAMQA,DCTHDN,FMDCTH,DYQLRP,RIDNCH
GH133	2	Pfor|Pfor_17993	18.6	22	LIREAM,GTWMDK,DYQLRP,LIPNLL,QLRPNF,HQGPEW,YVVAEL,NYHQGP,YQLRPN,SLIREA,NCGTWM,CGTWMD,NCHSTP,YHQGPE,WMDKMG,TWMDKM,DNCHST,HGLIPN,VVAELF,GLIPNL,VAPELF,AGLPHF
GH15	1	Pfor|Pfor_24457	3.68	7	WDYRYC,IVAAPT,GERNWD,RNWDYR,NWDYRY,ERNWDY,DYRYCW
GH15	27	Pfor|Pfor_26909	6.93	11	SAAFNL,FNLDRV,AAFNLD,MCTFWL,FWLVEA,CTFWLV,AFNLDR,ALISAA,TFWLVE,LISAAF,ISAAFN
GH18	14	Pfor|Pfor_10223	3.62	9	LDLDWE,GLDLDW,DGLDLD,IYAFAG,CTHLIY,HLIYAF,FDGLDL,THLIYA,LIYAFA
GH18	14	Pfor|Pfor_10224	3.62	9	LDLDWE,GLDLDW,DGLDLD,IYAFAG,CTHLIY,HLIYAF,FDGLDL,THLIYA,LIYAFA
GH18	28	Pfor|Pfor_23668	10.8	12	PFYGRG,DIDWEF,FYGRGF,DWEFPV,GVDIDW,DGVDID,FDGVDI,VDIDWE,GVPFYG,VPFYGR,IDWEFP,LGVPFY
GH18	32	Pfor|Pfor_19506	5.34	6	RSVFII,DFTPVC,PVCTTE,SVFIID,TPVCTT,TVRSVF
GH18	44	Pfor|Pfor_40229	4.1	11	DFAFIQ,VVDGFD,QCPYPD,FIQFYN,VDGFDF,FAFIQF,PQCPYP,DGFDFD,AFIQFY,IQFYNN,AVVDGF
GH18	44	Pfor|Pfor_25608	2.61	7	LLSLGG,LSLGGA,FIQFYN,GGVMLW,YWGQNS,IQFYNN,LWDASQ
GH18	51	Pfor|Pfor_17045	6.25	8	DLDGID,DIDWEY,DWEYPG,IDIDWE,GIDIDW,LDGIDI,DGIDID,IDWEYP
GH18	67	Pfor|Pfor_264	6.59	15	FDLDWE,AGPYTR,DLDWEY,GYNEIC,DQWVGY,FDGFDL,LDWEYP,GGWNEG,GDQWVG,GFDLDW,LLSAAV,LGYNEI,GWNEGS,QWVGYD,DGFDLD
GH2	4	Pfor|Pfor_1851	7.28	9	RTSHYP,TSHYPY,GIHRSV,NYAGIH,YAGIHR,AGIHRS,DFFNYA,FFNYAG,FNYAGI
GH2	4	Pfor|Pfor_1852	7.28	9	RTSHYP,TSHYPY,GIHRSV,NYAGIH,YAGIHR,AGIHRS,DFFNYA,FFNYAG,FNYAGI
GH2	30	Pfor|Pfor_27722	10.0	18	DFMFAC,TMGALY,WGGGVY,YWQLND,FMFACA,GALYWQ,WKMLHY,NENEAA,LYWQLN,QDFMFA,GLSFYF,MGALYW,ALYWQL,FRTVEL,NNENEA,GGGVYE,WQAPSW,WQDFMF
GH20	14	Pfor|Pfor_758	5.55	14	MIWSDM,LYTEDT,YTEDTY,PCIQTL,EDTYEI,CIQTLG,TEDTYE,IQTLGH,KPFGWE,PMIWSD,QTLGHL,FGWEVL,PFGWEV,VPCIQT
GH20	14	Pfor|Pfor_756	4.34	11	MIWSDM,YTEDTY,PCIQTL,EDTYEI,CIQTLG,IQTLGH,TEDTYE,PMIWSD,QTLGHL,LYTEDT,VPCIQT
GH20	18	Pfor|Pfor_22346	16.1	35	LNVLHW,HWHIVD,QEVFDN,DTPGHT,LHWHIV,TSRHYL,RLRGIR,GEACMW,DTSRHY,GGEACM,YARLRG,EFDTPG,WQEVFD,AERLWS,RGLETF,KLNVLH,LETFSQ,LRGIRV,VLHWHI,SFPYQS,LDTSRH,VWQEVF,SRHYLP,NVLHWH,LLDTSR,FDTPGH,RGLLLD,WPRASA,GLETFS,LGGDEV,ARLRGI,LRGLET,WHIVDD,HLGGDE,GLLLDT
GH20	29	Pfor|Pfor_28211	19.2	39	EPPCGQ,CVEPPC,APAHVG,VGEGWQ,PCGQLN,LNTFHW,HMGGDE,FHMGGD,TLSQLI,NYDALY,PEFDAP,FDAPAH,ETLSQL,HITDSH,TFHWHI,VEPPCG,HVGEGW,GVRVLP,EFDAPA,YCVEPP,PPCGQL,LDTSRN,CGQLNP,VRVLPE,SNYDAL,ITDSHS,DSHSFP,KLNTFH,TDSHSF,WHITDS,HWHITD,DAPAHV,AHVGEG,MGGDEV,YLDCGF,PAHVGE,NTFHWH,FHWHIT,NWCSPY
GH20	29	Pfor|Pfor_19887	6.4	14	LNTFHW,CGQLNP,LDCGFG,LETLSQ,KLNTFH,HGLETL,YLDCGF,ETLSQL,NTFHWH,GLETLS,TLSQLI,RLWPRA,DSQSFP,RHGLET
GH20	51	Pfor|Pfor_30470	14.7	30	WQRYDH,FGHMEF,AFKGAT,HIGADE,GHMEFV,MEFVLK,VHLDLK,VLCELL,LDLKGA,EYEDMF,TFGHME,HFSVLC,CELLPV,LKGAPP,DLKGAP,QRYDHF,HMEFVL,IGADEV,RYDHFS,GWQRYD,YEDMFP,FSVLCE,LTGWQR,QTFGHM,HLDLKG,TGWQRY,KGAPPK,GADEVY,LCELLP,SVLCEL
GH20	51	Pfor|Pfor_5564	8.84	16	VQTFGH,WDDMLR,LDLKGA,LVHLDL,DLKGAP,KGAPPR,TFGHME,FGHMEF,PLVQTF,AFKGAT,VHLDLK,LKGAPP,QTFGHM,FKGATG,HLDLKG,LVQTFG
GH20	51	Pfor|Pfor_5565	8.84	16	VQTFGH,WDDMLR,LDLKGA,LVHLDL,DLKGAP,KGAPPR,TFGHME,FGHMEF,PLVQTF,AFKGAT,VHLDLK,LKGAPP,QTFGHM,FKGATG,HLDLKG,LVQTFG
GH20	51	Pfor|Pfor_5566	8.84	16	VQTFGH,WDDMLR,LDLKGA,LVHLDL,DLKGAP,KGAPPR,TFGHME,FGHMEF,PLVQTF,AFKGAT,VHLDLK,LKGAPP,QTFGHM,FKGATG,HLDLKG,LVQTFG
GH20	51	Pfor|Pfor_5568	8.84	16	VQTFGH,WDDMLR,LDLKGA,LVHLDL,DLKGAP,KGAPPR,TFGHME,FGHMEF,PLVQTF,AFKGAT,VHLDLK,LKGAPP,QTFGHM,FKGATG,HLDLKG,LVQTFG
GH20	51	Pfor|Pfor_5570	8.84	16	VQTFGH,WDDMLR,LDLKGA,LVHLDL,DLKGAP,KGAPPR,TFGHME,FGHMEF,PLVQTF,AFKGAT,VHLDLK,LKGAPP,QTFGHM,FKGATG,HLDLKG,LVQTFG
GH20	51	Pfor|Pfor_5571	8.84	16	VQTFGH,WDDMLR,LDLKGA,LVHLDL,DLKGAP,KGAPPR,TFGHME,FGHMEF,PLVQTF,AFKGAT,VHLDLK,LKGAPP,QTFGHM,FKGATG,HLDLKG,LVQTFG
GH22	8	Pfor|Pfor_1174	3.52	8	NDPYCA,DPYCAA,DAGKPT,CVNDPY,VCLGCI,CLGCIC,LGCICE,VNDPYC
GH22	21	Pfor|Pfor_12874	12.4	18	CNKRCE,EGFKAW,SSYSFG,GPKTAS,KCKNKP,KRCEDF,NKRCED,CKNKPL,SNWVCL,ISNWVC,PKTASS,GGICNK,KNKPLP,KKCKNK,TGPKTA,TASSYS,NWVCLM,KTASSY
GH27	1	Pfor|Pfor_1468	5.68	16	TPPMGW,PGHWND,VHSKGL,GPGHWN,DYVHSK,LKFGIY,KGLKFG,HWNDPD,NDPDML,YVHSKG,HSKGLK,AGPGHW,GLKFGI,GHWNDP,IAVDQD,WNDPDM
GH27	1	Pfor|Pfor_1469	5.68	16	TPPMGW,PGHWND,VHSKGL,GPGHWN,DYVHSK,LKFGIY,KGLKFG,HWNDPD,NDPDML,YVHSKG,HSKGLK,AGPGHW,GLKFGI,GHWNDP,IAVDQD,WNDPDM
GH27	1	Pfor|Pfor_1471	5.68	16	TPPMGW,PGHWND,VHSKGL,GPGHWN,DYVHSK,LKFGIY,KGLKFG,HWNDPD,NDPDML,YVHSKG,HSKGLK,AGPGHW,GLKFGI,GHWNDP,IAVDQD,WNDPDM
GH29	10	Pfor|Pfor_29578	8.93	27	AKFGIF,VNDRWG,GIFIHW,AKYVVL,KYVVLT,VVNDRW,YVVLTS,HWGVFS,WGVFSV,FGIFIH,FLAWLY,GSEWFW,LTSKHH,VVLTSK,KFGIFI,VLTSKH,GAKYVV,SKHHEG,VVVNDR,FIHWGV,LAWLYN,SGAKYV,IFIHWG,NGEAIY,GVFSVP,TSKHHE,EFLAWL
GH3	9	Pfor|Pfor_18273	4.02	6	HGLSYT,PSGKLP,FGHGLS,VNPSGK,GHGLSY,NPSGKL
GH3	64	Pfor|Pfor_25690	3.19	7	TFGEDP,FGEDPY,GEDPYL,FGHGLS,YETFGE,ETFGED,GHGLSY
GH30	17	Pfor|Pfor_28060	6.37	10	GGAMTD,GFGGAM,FGGAMT,FYKQPM,GAMTDA,DSPIIV,KQPMFY,YKQPMF,MTDAAA,VDSPII
GH31	7	Pfor|Pfor_20341	12.8	22	EPSVFN,PSVFNG,GSIPFM,NDMNEP,DMNEPS,MNEPSV,ADVGGF,QCRWNY,RWYQAG,YHQCRW,WNDMNE,DVGGFF,GYHQCR,SVFNGP,DTKRRE,NEPSVF,TKRREP,VFNGPE,HQCRWN,GADVGG,YGSIPF,LLVKPV
GH31	20	Pfor|Pfor_30661	8.94	21	GAFYPF,NLYGSH,QLGAFY,NEPSNF,LPYLYT,GSHPFY,ARPLFF,IDMNEP,LYGSHP,LGAFYP,AFYPFS,YGSHPF,GADICG,FYPFSR,PYLYTL,WIDMNE,PMVGAD,VGADIC,ADICGF,DMNEPS,MNEPSN
GH31	44	Pfor|Pfor_28642	11.0	13	KKYFTW,DMNEPS,NEPSVF,LTRSFF,GSQRYA,MWTGDN,FILTRS,WTGDNM,MNEPSV,PFILTR,TGDNMA,ILTRSF,RPFILT
GH31	47	Pfor|Pfor_14023	5.48	10	GIWIDM,WIDMNE,IDMNEP,DGIWID,ELCLRW,DMNEPA,FFPGPT,IWIDMN,LFGIPY,EELCLR
GH31	47	Pfor|Pfor_14024	4.95	9	GIWIDM,WIDMNE,IDMNEP,DGIWID,ELCLRW,DMNEPA,IWIDMN,LFGIPY,EELCLR
GH31	47	Pfor|Pfor_14022	3.15	6	GIWIDM,WIDMNE,IDMNEP,DGIWID,DMNEPA,IWIDMN
GH31	55	Pfor|Pfor_3053	10.3	21	SFKFDA,IDFTNP,DSFKFD,MIGGNG,PVNPPI,RDVYLP,LPDMIG,IGGNGY,TLWVHP,FKFDAG,VTLWVH,NPPIWW,LWVHPF,VNPPIW,IDSFKF,PIWSTW,KFDAGE,ERYWLS,PDMIGG,DMIGGN,VLPDMI
GH31	61	Pfor|Pfor_17034	15.5	16	LWDGLK,AGVLDI,YLDLGT,ALTRYK,PALTRY,GVLDIT,VLDITN,SAGVLD,LDITNN,SFYLDL,FYLDLG,IPALTR,QPFIST,NFKDAV,SLWDGL,IQPFIS
GH35	18	Pfor|Pfor_20755	4.06	6	HYWRIP,GEFHYW,GGTNWG,EFHYWR,YGGTNW,SGEFHY
GH35	19	Pfor|Pfor_1454	10.5	35	LRPGPY,SYDYDA,NGHNLG,LVENQG,PYICAE,SEFYPG,ENEYGS,LGRYWP,EFYPGW,RDRLRK,PLVNSE,TSYDYD,VNSEFY,VENQGR,GPYICA,IENEYG,GHNLGR,LLDGKP,NEYGSY,DYDAPL,LVNSEF,FYPGWL,VNGHNL,YWRDRL,YDYDAP,WRDRLR,RPGPYI,NGGPII,LDGKPF,GPLVNS,FLLDGK,QIENEY,NSEFYP,NLGRYW,ITSYDY
GH35	33	Pfor|Pfor_1455	8.0	14	VQIENE,MVQIEN,PGPYIC,GGPIIM,GPIIMV,GPYICA,IENEYG,QIENEY,IMVQIE,LYTTDG,IIMVQI,PIIMVQ,RPGPYI,PYICAE
GH37	1	Pfor|Pfor_17552	10.2	12	VPGGRF,GGGGEY,YYLSRS,GFGWTN,VVPGGR,LSRSQP,FGWTNG,YYWDSY,GWTNGV,SGWDFS,YLSRSQ,SRSQPP
GH37	1	Pfor|Pfor_21286	5.28	7	WDFSSR,GFGWTN,FGWTNG,GGGGEY,GWTNGV,GWDFSS,DFSSRW
GH37	2	Pfor|Pfor_24699	27.7	32	NANRSY,SNLLQE,YMLSNL,LLYKYE,VRESGH,GTYMLS,NLLQEL,GGRFNE,RLAYRW,SQPPFL,RSQPPF,GHDTTY,LSNLLQ,RESGHD,GWAPHQ,YGWDSY,HDTTYR,PGGRFN,ANRSYY,LAYRWL,LNANRS,QPPFLT,KILNAN,RGTYML,TYMLSN,NRSYYL,SGHDTT,MLSNLL,RQWDYP,ILNANR,VPGGRF,ESGHDT
GH37	4	Pfor|Pfor_7759	8.33	24	IPVDLN,IVPGGR,PRPESY,FSSRWF,GGRFRE,AESGWD,GGGGEY,GFGWSN,ESGWDF,VPGGRF,YYWDSY,WDSYWI,FGWSNG,DFSSRW,YWDSYW,EFYYWD,GWSNGV,SGWDFS,PGGRFR,GFIPNG,GWDFSS,GGEYEV,WDFSSR,IIPVDL
GH37	4	Pfor|Pfor_7760	8.33	24	IPVDLN,IVPGGR,PRPESY,FSSRWF,GGRFRE,AESGWD,GGGGEY,GFGWSN,ESGWDF,VPGGRF,YYWDSY,WDSYWI,FGWSNG,DFSSRW,YWDSYW,EFYYWD,GWSNGV,SGWDFS,PGGRFR,GFIPNG,GWDFSS,GGEYEV,WDFSSR,IIPVDL
GH38	5	Pfor|Pfor_10474	12.7	31	AKFEVC,QKLSWN,DTFGYS,IDTAWL,RGTYTS,HDVLPG,CHIDTA,QFHDVL,DVLPGS,FLKVEF,WLPDTF,GELYLE,FGYSSQ,FWLPDT,DTAWLW,TAWLWP,NLPSGE,FHDVLP,TFGYSS,LKVEFP,LPDTFG,HIDTAW,KLSWNN,HRGTYT,TQKLSW,LSWNNI,DGGGGP,LNQFHD,PDTFGY,GDGGGG,SWNNIN
GH38	5	Pfor|Pfor_25683	9.51	21	DTFGYS,GDGGGG,DVLPGS,LNQFHD,QKLSWN,KLSWNN,CHIDTA,HRGTYT,FHDVLP,FWLPDT,LPDTFG,QFHDVL,PDTFGY,DGGGGP,LSWNNI,GELYLE,WLPDTF,SWNNIN,HDVLPG,TQKLSW,HIDTAW
GH38	14	Pfor|Pfor_16462	22.0	43	KKAQLF,LSGDFF,YDVPHT,CGPDPK,AIDPFG,RKKAQL,PHTCGP,IQRVHY,LLDQYR,SHNDPG,CCQFDF,SGAYLF,VPHTCG,LFQHHD,CQFDFY,LDQYRK,FYSYDV,ICCQFD,MPFYSY,LIQRVH,HSHNDP,LGDDFR,VVPHSH,QYRKKA,HNDPGW,WAIDPF,GDDFRY,LLLDQY,PFYSYD,DVPHTC,EGHQWL,SGDFFT,DQYRKK,PHSHND,QFDFYR,VPHSHN,PLGDDF,TCGPDP,HTCGPD,YSYDVP,YRKKAQ,GDFFTY,SYDVPH
GH38	15	Pfor|Pfor_28681	14.5	23	QIDPFG,HDDVGW,WLKTVD,DPFGHS,AYIFRP,DDVGWL,LKTVDQ,DVGWLK,VGWLKT,QHHDAV,THDDVG,GWQIDP,WQIDPF,SGAYIF,DFFPYA,GWLKTV,KTVDQY,DDFFPY,GAYIFR,RIDYQD,HTHDDV,IDPFGH,TVDQYY
GH38	15	Pfor|Pfor_29411	4.05	7	ELMLHR,LMLHRR,MEIRTF,YTDSNG,TDSNGR,PMEIRT,FYTDSN
GH38	22	Pfor|Pfor_32970	7.41	16	DPGWLK,DAITGT,FQHHDA,LRSAEI,ITGTSK,VMTDEA,AITGTS,HDAITG,GWLKTF,PGWLKT,QHHDAI,LFQHHD,HHDAIT,TGGWVM,WLKTFE,WVMTDE
GH47	3	Pfor|Pfor_19098	11.9	31	PELIES,KYLYLL,DALDTL,LRPELI,ETNIRV,VSVFET,IGAGVD,DRMESF,FFLAET,LSRLTG,YPLRPE,YLYLLF,FETNIR,GGLLSA,LYLLFD,RPELIE,RMESFF,SRLTGD,SLTLID,VGGLLS,SVFETN,PLRPEL,VFETNI,MESFFL,GLLSAH,SFFLAE,RLTGDP,GAGVDS,ESFFLA,FSLTLI,LLSAHL
GH47	3	Pfor|Pfor_6081	7.32	17	FFPGLQ,LYLLFD,PLRPEF,MESFFL,MFYHAY,KYLYLL,LLSAHL,GAGVDS,GLLSAH,RMESFF,GGLLSA,YEYLLK,RLLPAF,YPLRPE,PGLQVL,YLYLLF,DRMESF
GH47	3	Pfor|Pfor_6078	5.23	12	FFPGLQ,LYLLFD,MESFFL,PLRPEF,KYLYLL,GAGVDS,RMESFF,YEYLLK,YPLRPE,PGLQVL,YLYLLF,DRMESF
GH47	3	Pfor|Pfor_6083	5.23	12	FFPGLQ,LYLLFD,MESFFL,PLRPEF,KYLYLL,GAGVDS,RMESFF,YEYLLK,YPLRPE,PGLQVL,YLYLLF,DRMESF
GH47	3	Pfor|Pfor_8622	3.28	10	PGLQVL,WPGLQV,GAGIDS,FETNIR,MFYHAY,PLRPEF,AFWPGL,FTTEGH,FWPGLQ,LSRLTG
GH47	3	Pfor|Pfor_8624	3.28	10	PGLQVL,WPGLQV,GAGIDS,FETNIR,MFYHAY,PLRPEF,AFWPGL,FTTEGH,FWPGLQ,LSRLTG
GH47	5	Pfor|Pfor_10209	9.0	9	FGAMGD,YEYLLK,DSFYEY,GDSFYE,GAMGDS,AMGDSF,MGDSFY,FYEYLL,SFYEYL
GH47	5	Pfor|Pfor_18177	9.0	9	DSFYEY,GDSFYE,GAMGDS,SFYEYL,FGAMGD,AMGDSF,YEYLLK,MGDSFY,FYEYLL
GH47	5	Pfor|Pfor_19161	6.0	6	DSFYEY,EYLLKV,GDSFYE,SFYEYL,YEYLLK,FYEYLL
GH47	6	Pfor|Pfor_23273	16.8	42	TIVDSL,YLLKQW,IQLEFR,VLGGLL,SDVNLG,PYSDVN,SYYEYL,IVDSLD,KYLYLL,RVLGGL,ITLGAR,DSYYEY,GLTIVD,TITLGA,YSDVNL,LKYLYL,TLGARG,YYEYLL,GLVPIF,TLKYLY,DVNLFE,HNLLRP,YEYLLK,NLLRPE,GARGDS,VPIFIN,LVPIFI,LTIVDS,IRVLGG,STSEVT,FEVTIR,FRDLSR,VDSLDT,AWGHDN,EYLLKQ,LEFRDL,QLEFRD,LGLTIV,ETLKYL,LGARGD,IFQAFE,YLYLLF
GH47	6	Pfor|Pfor_26876	6.43	14	GLVPIF,DSYYEY,TIVDSL,LLRPET,YEYLLK,HNLLRP,IVDSLD,EYLLKQ,YLLKQW,NLLRPE,SYYEYL,LVPIFI,VDSLDT,YYEYLL
GH47	8	Pfor|Pfor_10246	8.38	17	DSFYEY,GLYPNY,HKMGHL,YEYLLK,GDSFYE,GLGDSF,MFALGA,KVKEMM,TCHESY,GGLGDS,LGDSFY,GHLACF,MGHLAC,KMGHLA,YILRPE,GATIVD,SFYEYL
GH47	8	Pfor|Pfor_10247	8.38	17	DSFYEY,GLYPNY,HKMGHL,YEYLLK,GDSFYE,GLGDSF,MFALGA,KVKEMM,TCHESY,GGLGDS,LGDSFY,GHLACF,MGHLAC,KMGHLA,YILRPE,GATIVD,SFYEYL
GH47	8	Pfor|Pfor_10248	8.09	16	DSFYEY,GLYPNY,HKMGHL,YEYLLK,GDSFYE,GLGDSF,MFALGA,TCHESY,GGLGDS,LGDSFY,GHLACF,MGHLAC,KMGHLA,YILRPE,GATIVD,SFYEYL
GH47	8	Pfor|Pfor_25405	4.73	9	NTEAHP,FNTEAH,YEYLLK,DSFYEY,VFNTEA,GDSFYE,WVFNTE,LGDSFY,SFYEYL
GH5	5	Pfor|Pfor_13294	10.2	14	ITPSLF,GGWLVL,QNGFDN,NGFDNS,GSQNGF,PIGYWA,IPIGYW,PGSQNG,GFDNSG,GWLVLE,RIPIGY,SQNGFD,IGYWAF,GARYDG
GH5	5	Pfor|Pfor_13293	7.31	10	ITPSLF,GGWLVL,QNGFDN,NGFDNS,GSQNGF,GWLVLE,PGSQNG,GFDNSG,SQNGFD,GARYDG
GH5	20	Pfor|Pfor_17894	7.2	14	GSQNGW,SQNGWN,APGSQN,RKYGLR,GWNHSG,QNGWNH,PGSQNG,RGVNLG,NLGGWL,GVNLGG,NGWNHS,KYGLRV,WNHSGR,VNLGGW
GH5	58	Pfor|Pfor_19303	6.23	10	GGSGAP,VGRPFP,APGWTF,SGAPGW,YAPHWY,APHWYD,GRPFPL,GSGAPG,GAPGWT,PHWYDL
GH5	135	Pfor|Pfor_17259	5.27	7	RGVNLG,IRGVNL,VGEWSL,VRIPVG,IPVGYW,KIRGVN,RIPVGY
GH56	3	Pfor|Pfor_34865	14.6	29	GYYGYP,GMFPAL,FESWRP,RPIFRQ,WRPIFR,ILYDPG,NGGVPQ,DPGMFP,IFRQNW,RQNWAS,GGVPQE,IIWGSS,GVPQEG,QNWASL,ESWRPI,SWRPIF,PIFRQN,FRQNWA,PGMFPA,VIDFES,YDPGMF,RNGGVP,FMEETL,LYDPGM,MEETLK,IDFESW,DFESWR,GVIDFE,WGYYGY
GH63	2	Pfor|Pfor_29916	27.7	38	LDDYPR,TAVPSR,EGWIPR,RSFFPR,PSRSFF,SRSFFP,PRGFLW,YRWRGR,PRASHP,NANPPT,GWIPRE,DDYPRA,WDEGFH,TLTSGL,FFPRGF,GYVSLF,PKTLTS,YVSLFP,FPRGFL,SFFPRG,ERHVDL,YGLRSL,SGLDDY,GLDDYP,TSGLDD,YPRASH,DYPRAS,AVPSRS,GFLWDE,LWDEGF,VPSRSF,LNPKTL,NPKTLT,RGFLWD,LTSGLD,KTLTSG,FLWDEG,RWRGRD
GH63	2	Pfor|Pfor_3044	14.8	19	LWDEGF,FPRGFL,SGLDDY,REQILG,TSGLDD,LTSGLD,GLDDYP,YRWRGR,FFPRGF,EARSKV,PRGFLW,NPPTLF,FLWDEG,LDDYPR,WDEGFH,ARSKVP,RGFLWD,ANPPTL,GFLWDE
GH63	2	Pfor|Pfor_3043	4.64	6	TSGLDD,LTSGLD,GLDDYP,SGLDDY,YRWRGR,LDDYPR
GH72	8	Pfor|Pfor_17710	5.14	10	IKGVAY,LPPTPS,IPVGYA,AGNEVT,GNEVTN,SEYGCN,FIKGVA,KGVAYQ,QFFIKG,FFIKGV
GH72	8	Pfor|Pfor_25763	4.29	8	IPVGYA,QFFIKG,GNEVTN,PRPFTE,SEFGCN,IAGNEV,AGNEVT,FIAGNE
GH72	8	Pfor|Pfor_22494	3.01	7	NTVRVY,FSEFGC,LPPTPS,IPVGYA,FFSEFG,SEFGCN,RGNKFF
GH79	5	Pfor|Pfor_16016	4.4	6	WLDKLG,GNEPNS,AYGGGA,LGNEPN,YGGGAP,NEPNSF
GH81	4	Pfor|Pfor_26442	6.18	7	FHYGYF,SEAVNA,NDHHFH,HFHYGY,HHFHYG,HSWASG,DHHFHY
GH84	6	Pfor|Pfor_1568	44.7	57	LTNPNC,LLFDDI,GLDITY,IWDNLH,NLHAND,VVEGFY,APKDDY,NPNCEY,HRAYWR,DNLHAN,DLFYLP,WTGPKV,ALLFDD,WDNLHA,VIWDNL,LSPGLD,GFYGRP,KDDYKH,AFALLF,DYDQKR,KHRAYW,GVVEGF,NDYDQK,PGLDIT,FALLFD,PVIWDN,EGFYGR,DDYKHR,SEYLNT,YLPFEH,YLYAPK,FYGRPW,CPTQYC,YGRPWT,FYLPFE,CGVVEG,LPFEHG,QVSVTN,HANDYD,DITYSS,QRKDLF,YAPKDD,PKDDYK,ALSPGL,VLTNPN,SPGLDI,TNPNCE,DYKHRA,VEGFYG,GVLTNP,ANDYDQ,LDITYS,LHANDY,LFDDIE,LYAPKD,YALSPG,YKHRAY
GH84	6	Pfor|Pfor_1569	44.7	57	LTNPNC,LLFDDI,GLDITY,IWDNLH,NLHAND,VVEGFY,APKDDY,NPNCEY,HRAYWR,DNLHAN,DLFYLP,WTGPKV,ALLFDD,WDNLHA,VIWDNL,LSPGLD,GFYGRP,KDDYKH,AFALLF,DYDQKR,KHRAYW,GVVEGF,NDYDQK,PGLDIT,FALLFD,PVIWDN,EGFYGR,DDYKHR,SEYLNT,YLPFEH,YLYAPK,FYGRPW,CPTQYC,YGRPWT,FYLPFE,CGVVEG,LPFEHG,QVSVTN,HANDYD,DITYSS,QRKDLF,YAPKDD,PKDDYK,ALSPGL,VLTNPN,SPGLDI,TNPNCE,DYKHRA,VEGFYG,GVLTNP,ANDYDQ,LDITYS,LHANDY,LFDDIE,LYAPKD,YALSPG,YKHRAY
GH84	6	Pfor|Pfor_1570	44.7	57	LTNPNC,LLFDDI,GLDITY,IWDNLH,NLHAND,VVEGFY,APKDDY,NPNCEY,HRAYWR,DNLHAN,DLFYLP,WTGPKV,ALLFDD,WDNLHA,VIWDNL,LSPGLD,GFYGRP,KDDYKH,AFALLF,DYDQKR,KHRAYW,GVVEGF,NDYDQK,PGLDIT,FALLFD,PVIWDN,EGFYGR,DDYKHR,SEYLNT,YLPFEH,YLYAPK,FYGRPW,CPTQYC,YGRPWT,FYLPFE,CGVVEG,LPFEHG,QVSVTN,HANDYD,DITYSS,QRKDLF,YAPKDD,PKDDYK,ALSPGL,VLTNPN,SPGLDI,TNPNCE,DYKHRA,VEGFYG,GVLTNP,ANDYDQ,LDITYS,LHANDY,LFDDIE,LYAPKD,YALSPG,YKHRAY
GH84	6	Pfor|Pfor_1571	44.7	57	LTNPNC,LLFDDI,GLDITY,IWDNLH,NLHAND,VVEGFY,APKDDY,NPNCEY,HRAYWR,DNLHAN,DLFYLP,WTGPKV,ALLFDD,WDNLHA,VIWDNL,LSPGLD,GFYGRP,KDDYKH,AFALLF,DYDQKR,KHRAYW,GVVEGF,NDYDQK,PGLDIT,FALLFD,PVIWDN,EGFYGR,DDYKHR,SEYLNT,YLPFEH,YLYAPK,FYGRPW,CPTQYC,YGRPWT,FYLPFE,CGVVEG,LPFEHG,QVSVTN,HANDYD,DITYSS,QRKDLF,YAPKDD,PKDDYK,ALSPGL,VLTNPN,SPGLDI,TNPNCE,DYKHRA,VEGFYG,GVLTNP,ANDYDQ,LDITYS,LHANDY,LFDDIE,LYAPKD,YALSPG,YKHRAY
GH85	6	Pfor|Pfor_1375	4.08	10	FVYFSH,IWYDSV,GVKVLG,HGVKVL,IFAPGW,LVCHDM,VKVLGT,AIFAPG,WYDSVT,FAPGWT
GH85	6	Pfor|Pfor_1379	4.08	10	FVYFSH,IWYDSV,GVKVLG,HGVKVL,IFAPGW,LVCHDM,VKVLGT,AIFAPG,WYDSVT,FAPGWT
GH85	6	Pfor|Pfor_1380	4.08	10	FVYFSH,IWYDSV,GVKVLG,HGVKVL,IFAPGW,LVCHDM,VKVLGT,AIFAPG,WYDSVT,FAPGWT
GH85	6	Pfor|Pfor_1381	4.08	10	FVYFSH,IWYDSV,GVKVLG,HGVKVL,IFAPGW,LVCHDM,VKVLGT,AIFAPG,WYDSVT,FAPGWT
GH85	6	Pfor|Pfor_1382	4.08	10	FVYFSH,IWYDSV,GVKVLG,HGVKVL,IFAPGW,LVCHDM,VKVLGT,AIFAPG,WYDSVT,FAPGWT
GH85	6	Pfor|Pfor_1383	4.08	10	FVYFSH,IWYDSV,GVKVLG,HGVKVL,IFAPGW,LVCHDM,VKVLGT,AIFAPG,WYDSVT,FAPGWT
GH89	4	Pfor|Pfor_7626	4.49	12	VLPAFA,PAFAGH,AFAGHV,CMLHNF,PVLPAF,DTFNEN,LPAFAG,LHNFGG,FAGHVP,GTDHIY,IWCMLH,MLHNFG
GH9	1	Pfor|Pfor_2781	8.28	24	YEAQRS,KWATDY,SDLAGE,QRSGKL,TAAALA,FYEAQR,YYDAGD,EAQRSG,PGSDLA,DLTGGY,AQRSGK,ETAAAL,LFYEAQ,GSDLAG,AAALAA,RSGKLP,DYNAGF,DLAGET,LYGALV,GYYDAG,GGYYDA,GETAAA,AGETAA,LAGETA
GH9	1	Pfor|Pfor_2783	8.28	24	YEAQRS,KWATDY,SDLAGE,QRSGKL,TAAALA,FYEAQR,YYDAGD,EAQRSG,PGSDLA,DLTGGY,AQRSGK,ETAAAL,LFYEAQ,GSDLAG,AAALAA,RSGKLP,DYNAGF,DLAGET,LYGALV,GYYDAG,GGYYDA,GETAAA,AGETAA,LAGETA
AA1	13	Pfor|Pfor_29141	5.77	8	NAGTHF,PFHLHG,RGLGEC,PSIQVC,GPSIQV,PGPSIQ,NTFRYQ,HPFHLH
AA1	33	Pfor|Pfor_32043	4.73	11	YDFYAK,HPFHLH,YWLFHC,PDGGYT,GYWLFH,NHPFHL,CIPADG,NPGYWL,PGYWLF,VPDGGY,WLFHCH
AA1	33	Pfor|Pfor_12752	3.15	7	ADNPGY,PSIQVC,GPSIQV,DNPGYW,PGPSIQ,ITQCPI,SIQVCE
AA1	33	Pfor|Pfor_12753	3.15	7	ADNPGY,PSIQVC,GPSIQV,DNPGYW,PGPSIQ,ITQCPI,SIQVCE
AA15	3	Pfor|Pfor_40690	18.1	31	RQWQRN,ASMWRY,SMWRYG,HGRLIE,YGFDTP,GFTRQW,RYGFDT,YCGGFT,MWRYGF,RLIEPP,DYNDHE,KCGICG,ECYCGG,GKCGIC,IEPPSR,SRASMW,GFDTPH,LIEPPS,TRQWQR,PPSRAS,AHGRLI,GRLIEP,CGGFTR,EPPSRA,PSRASM,QWQRNK,FTRQWQ,CGICGD,GGFTRQ,WRYGFD,RASMWR
AA15	3	Pfor|Pfor_31591	8.58	13	GCGPQE,GAVGCG,VGCGPQ,GPQEEF,PQEEFR,QEEFRA,RACADI,FRACAD,LLVVLA,CGPQEE,EFRACA,EEFRAC,AVGCGP
AA3	6	Pfor|Pfor_10800	3.51	7	IVVGSG,YIVVGS,LRVVDA,NTPQIL,RVVDAS,LLIEAG,AWGHHA
AA3	6	Pfor|Pfor_10802	3.51	7	IVVGSG,YIVVGS,LRVVDA,NTPQIL,RVVDAS,LLIEAG,AWGHHA
AA3	6	Pfor|Pfor_26868	3.1	7	LLIEAG,GHGFDG,RVVDAS,NTPQIL,AWGHHA,DPLDVP,LRVVDA
AA3	8	Pfor|Pfor_29828	6.64	19	LPYFKK,EVILSA,KEVILS,NAPTIM,LMLSGI,VILSAG,YHPVGT,IMIGEK,LRVIDA,LSGIGP,LLMLSG,MLSGIG,NLQDHL,QLLMLS,RVIDAS,SPQLLM,PQLLML,DASIMP,SGIGPK
AA3	8	Pfor|Pfor_4596	4.74	13	SPQLLM,GTCKMG,QLLMLS,PQLLML,RVADAS,ADASIM,LMLSGI,DASIMP,TCKMGP,LSGIGP,MLSGIG,LLMLSG,VADASI
AA3	19	Pfor|Pfor_15905	8.56	12	VIPDCR,PVIPDC,IQNSVY,DCRIQN,IPVIPD,GEKGAD,IPDCRI,FHPCGT,PDCRIQ,INLNFF,RVIDAS,CRIQNS
AA3	19	Pfor|Pfor_7294	7.91	11	WAYKTT,RLAENP,VAGRLA,RIEKPN,AYKTTM,AGRLAE,PNTRGK,EKPNTR,DWAYKT,KPNTRG,GRLAEN
AA3	19	Pfor|Pfor_6940	5.79	7	AGRLAE,KPNTRG,RLAENP,PNTRGK,EKPNTR,GRLAEN,VAGRLA
AA3	19	Pfor|Pfor_32269	5.48	9	LLMLSG,LLELVG,HFELDF,KLLMLS,GLLELV,PHFELD,QPHFEL,SGLLEL,PKLLML
AA3	19	Pfor|Pfor_27588	3.24	6	KLLMLS,LLMLSG,HFELDF,PKLLML,PHFELD,AFQWHY
AA3	23	Pfor|Pfor_37166	18.6	27	LFRDGL,AMEYLL,YWPRGK,DLEDPC,LNWATA,SQCDLE,EYLLFR,DAYWEC,PENHQA,YLLFRD,AYWECA,MEYLLF,TAMEYL,CYWPRG,LMSGTG,ENHQAG,RDGLMS,LLFRDG,ATAMEY,HQAGSC,FRDGLM,GLMSGT,WATAME,NWATAM,DGLMSG,NHQAGS,PLNWAT
AA3	23	Pfor|Pfor_23463	6.0	8	HQAGSC,ENHQAG,VASRLS,GPENHQ,PENHQA,VVASRL,NHQAGS,TGPENH
AA3	23	Pfor|Pfor_28759	5.64	8	GSVVAS,VVASRL,VASRLS,AGSVVA,SVVASR,PENHQA,ENHQAG,ASRLSE
AA6	2	Pfor|Pfor_27002	5.14	9	PTRFGM,GGSPYG,GFPTRF,TRFGMM,LFGFPT,GSPYGA,FGFPTR,GGQETT,FPTRFG
PL0	8	Pfor|Pfor_22385	5.3	8	PKGDTG,GPKGDT,GPQGPK,PPGPTG,LKGDKG,QGPPGP,PQGPKG,GPPGPT
PL0	8	Pfor|Pfor_16512	3.56	6	GPQGPT,GPQGPK,GDTGPQ,DTGPQG,PQGPKG,PQGPTG
GT1	7	Pfor|Pfor_25142	10.4	23	VQPYIA,IKPFFG,HDWLFP,IESPSA,LIESPS,GGAGTT,GDVQPY,FTMPWT,MPWTRT,VHHGGA,PHDWLF,PWTRTR,QPYIAL,HGGAGT,WTRTRA,RGDVQP,DVQPYI,KPFFGD,PFFGDQ,AFTMPW,HHGGAG,ESPSAM,TMPWTR
GT10	12	Pfor|Pfor_34541	49.5	54	PIVMGA,IVAPYE,WTATYR,NCKDYI,ITEKFF,AWFVSN,SYIHVD,KDYITE,RSYIHV,KELAEY,SNCKDY,LPIVMG,GTGEFI,PKELAE,DYKFYL,TATYRR,YKFYLA,YITEKF,VAWFVS,ELAEYL,EKFFVN,TKKVAW,YIHVDE,DYITEK,KKVAWF,EFINTY,TGEFIN,KFYLAF,NKTKKV,KVAWFV,ECPYHT,KGTGEF,YLAFEN,ATYRRD,ENSNCK,WKGTGE,SPKELA,KTKKVA,LAFENS,AFENSN,WFVSNC,NSNCKD,GEFINT,FENSNC,TYRRDS,CPYHTQ,FYLAFE,TEKFFV,LYNSYF,CKDYIT,IHVDEF,NWTATY,LECPYH,VLPIVM
GT10	13	Pfor|Pfor_15048	5.94	9	YLKYLD,ADYLKY,LADYLK,YLSFEN,LSFENS,KFYLSF,FYLSFE,DYLKYL,YKFYLS
GT10	13	Pfor|Pfor_15051	5.94	9	YLKYLD,ADYLKY,LADYLK,YLSFEN,LSFENS,KFYLSF,FYLSFE,DYLKYL,YKFYLS
GT105	1	Pfor|Pfor_29801	53.7	55	SLLPKA,ADYTQA,KSLLPK,LFNNVG,KPGESY,KAKPGE,QAYINR,PKAKPG,NNVGHA,IKLNRT,AHINVG,ESYQAR,QAISMR,ARIAPN,YQARIA,KLFNNV,RIAPNH,KLNRTK,NLANLI,YRQAIS,VGHALE,PGESYQ,HINVGR,LYRQAI,FNNVGH,LPKAKP,SYQARI,MRADYT,AYINRG,APNHLN,QARIAP,YTQAYI,PNHLNV,AKSLLP,LIKLNR,AKPGES,NAKLFN,LLPKAK,INVGRT,RADYTQ,ISMRAD,TRLEEA,AKLFNN,YINRGD,TQAYIN,NHLNVF,SMRADY,IAPNHL,NVGHAL,RQAISM,DYTQAY,GESYQA,AISMRA,RLEEAD,GAHINV
GT105	2	Pfor|Pfor_25447	6.52	14	SHKSYR,PASNLF,FLPASN,SYRPLC,PFLPAS,IHTEAV,HPIHTE,RPLCVL,PIHTEA,KSYRPL,GVVGRA,LPASNL,ASNLFF,HKSYRP
GT105	2	Pfor|Pfor_31199	2.76	7	NAKVHY,AKVHYN,MNLGIV,VLYHRW,WMNLGI,NLGIVQ,AWMNLG
GT13	1	Pfor|Pfor_29392	20.5	29	HLKYIK,ACIRPE,KIARHY,WCVSAW,DFFPGL,VEDDLD,SRTRTF,CVSAWN,IVEDDL,NDNGKA,IRPEIS,SAWNDN,FPGLGW,RACIRP,PEISRT,RTRTFG,PGLGWM,GLMDDF,LWCVSA,LGLMDD,AWNDNG,VSAWND,CIRPEI,LKYIKL,WNDNGK,FFPGLG,IIVEDD,SYWDDW,RPEISR
GT14	4	Pfor|Pfor_29465	18.5	28	IDGGSD,FARKFE,LPAESF,ESDFPL,GCSPND,DWCGCS,HVDARQ,DGGSDW,IHVDAR,GCKCQY,TLLPAE,NLSESD,LSESDF,VVDWCG,VDARQD,CGCSPN,CSPNDF,GGASLL,SESDFP,WCGCSP,SPNDFK,VDWCGC,FFARKF,IWGGAS,YTLLPA,CKCQYK,WGGASL,LLPAES
GT15	1	Pfor|Pfor_20287	13.4	25	SYRHMC,RHMCRF,GGFFYE,WGDAPV,CHFWSN,HFWSNF,PYVFLN,FWSNFE,SNFEIA,YPYVFL,GFFYER,YWRVEP,ERWGDA,DAPVHS,YERWGD,FFYERW,YRHMCR,TIPTLW,FYERWG,YVFLND,APVHSI,LEDRFN,RWGDAP,GDAPVH,WSNFEI
GT15	1	Pfor|Pfor_22215	4.11	7	YYERWG,FYYERW,ERWGDA,GGFYYE,GFYYER,YERWGD,RWGDAP
GT16	2	Pfor|Pfor_6658	13.6	19	HYREAK,HHWWWK,YDDYNW,YREAKF,KHHWWW,LEEDHY,VLSLGT,DYNWDW,NWDWSL,HNMGMA,QTKHHW,NGGWGD,YNWDWS,TKHHWW,DDYNWD,FLEEDH,GHYREA,LSLGTY,LFLEED
GT16	2	Pfor|Pfor_6663	8.48	12	VLSLGT,FLEEDH,HYREAK,TKHHWW,GHYREA,HHWWWK,LSLGTY,QTKHHW,YREAKF,KHHWWW,LFLEED,LEEDHY
GT16	2	Pfor|Pfor_6665	8.48	12	VLSLGT,FLEEDH,HYREAK,TKHHWW,GHYREA,HHWWWK,LSLGTY,QTKHHW,YREAKF,KHHWWW,LFLEED,LEEDHY
GT16	2	Pfor|Pfor_6660	5.14	7	DDYNWD,DYNWDW,NWDWSL,HNMGMA,YDDYNW,NGGWGD,YNWDWS
GT16	2	Pfor|Pfor_6662	4.72	6	DDYNWD,DYNWDW,NWDWSL,YDDYNW,NGGWGD,YNWDWS
GT2	9	Pfor|Pfor_11252	24.3	40	YLAEDR,MSNILD,YKMSNI,DKPLES,EYKMSN,TMYNED,VLPGAF,KMSNIL,QRRRWL,GGACGE,DRILCF,HDVSWG,NMYLAE,GACGEI,RRRWLN,DVSWGT,AFSAYR,SQRRRW,VSWGTK,SWGTKG,AEDRIL,FEYKMS,GAFSAY,SVLPGA,EDRILC,ISQRRR,QNFEYK,LPGAFS,LAEDRI,RRWLNG,SNILDK,MYLAED,NILDKP,LDKPLE,ISVLPG,RILCFE,RWLNGS,WLNGSF,ILDKPL,PGAFSA
GT2	9	Pfor|Pfor_20244	13.3	23	SVLPGA,DKPLES,KMSNIL,TMYNED,LLNPLV,LDKPLE,LNPLVA,AFSAYR,GACGEI,PGAFSA,MSNILD,FEYKMS,ILDKPL,SNILDK,EYKMSN,LPGAFS,QNFEYK,GGACGE,NILDKP,VLPGAF,GAFSAY,ISVLPG,YKMSNI
GT2	9	Pfor|Pfor_18619	12.1	21	KMSNIL,GACGEI,SNILDK,MSNILD,GGACGE,TMYNED,ISVLPG,SVLPGA,YKMSNI,DKPLES,EYKMSN,LDKPLE,VLPGAF,ILDKPL,NILDKP,FEYKMS,PGAFSA,QNFEYK,GAFSAY,LPGAFS,AFSAYR
GT2	9	Pfor|Pfor_11253	9.96	15	DRILCF,AEDRIL,LAEDRI,YLAEDR,NMYLAE,RRWLNG,RRRWLN,ISQRRR,MYLAED,SQRRRW,WLNGSF,EDRILC,RILCFE,RWLNGS,QRRRWL
GT2	122	Pfor|Pfor_24610	13.0	27	HHPKFI,SDLTGS,PTYNER,VTGTRY,DLTGSF,GVSDLT,DIVTGT,GSFRLY,SHHPKF,LGLGSA,PGVSDL,HPKFIP,LPTYNE,ITFVDR,LTGSFR,KGYVFQ,GYVFQM,YVFQME,SFRLYK,VSDLTG,GLGSAY,KLGLGS,IVTGTR,VFQMEM,TGSFRL,GKLGLG,SKGYVF
GT2	122	Pfor|Pfor_32137	9.44	16	GLGTAY,DLTGSF,TGSFRL,DLSHHP,SDLTGS,HHPKFI,LGLGTA,GSFRLY,DDGSPD,SHHPKF,SFRLYK,KLGLGT,LTGSFR,LSHHPK,LPTYNE,HPKFIP
GT2	161	Pfor|Pfor_12094	32.2	48	ETKIAN,LLGEDR,MGLCGE,LHKKNL,WNFVLP,LCGETK,YYISHH,CGETKI,EYYISH,VLLSQR,GKRDSQ,FDDFSW,VTCLPG,DDFSWG,SQRRRW,LLLGED,TCLPGC,PGNRGK,LLSQRR,HKKNLL,IMGLCG,GNRGKR,NLLLLG,QRRRWI,LSQRRR,RWINST,MVDADT,KPGNRG,VDADTK,CLPGCF,KNLLLL,PGCFSM,RRWINS,LPGCFS,RGKRDS,GLCGET,GETKIA,LMVDAD,TKIANK,LGEDRY,KKNLLL,GEDRYL,RRRWIN,NRGKRD,LLLLGE,DADTKV,TLHKKN,IQVFEY
GT2	161	Pfor|Pfor_15248	29.1	41	CGTFCF,LLGEDR,RGKRDS,FSMQFV,NLLLLG,LGEDRY,TCLPGC,CLPGCF,LPGCFS,GTFCFS,GNRGKR,LMVDAD,RRRWIN,LLSQRR,VTCLPG,KNLLLL,WNFVLP,RWINST,LLLLGE,TFCFSM,FCFSMQ,PGCFSM,NRGKRD,WINSTV,VLLSQR,LCGTFC,MVDADT,NSTVHN,QRRRWI,GKRDSQ,FDDFSW,STVHNL,LSQRRR,SQRRRW,LLLGED,DDFSWG,CFSMQF,PGNRGK,INSTVH,GEDRYL,RRWINS
GT2	161	Pfor|Pfor_15764	28.8	44	YYISHH,KKNLLL,LCGETK,LLGEDR,HKKNLL,EYYISH,GLCGET,ETKIAN,MGLCGE,NLLLLG,LGEDRY,TLHKKN,LHKKNL,TCLPGC,CGETKI,CLPGCF,LMVDAD,RRRWIN,LLSQRR,KNLLLL,WNFVLP,VTCLPG,TKIANK,RWINST,LLLLGE,VLLSQR,WINSTV,MVDADT,DADTKV,VDADTK,NSTVHN,QRRRWI,SQRRRW,FDDFSW,STVHNL,LSQRRR,LLLGED,DDFSWG,IMGLCG,INSTVH,GEDRYL,RRWINS,GETKIA,IQVFEY
GT2	161	Pfor|Pfor_12626	28.4	43	NSTVHN,LLGEDR,LLLGED,VLLSQR,LHKKNL,FGSVTC,QRRRWI,VTCLPG,SQRRRW,FSMQFV,SVTCLP,LLSQRR,RRRWIN,RWINST,NLLLLG,FCFSMQ,WINSTV,STVHNL,CLPGCF,DLCGTF,TCLPGC,INSTVH,LSQRRR,DDFSWG,PGCFSM,RRWINS,KKNLLL,GEDRYL,WNFVLP,LPGCFS,TFCFSM,GSVTCL,KNLLLL,CGTFCF,TFPKRK,FDDFSW,HKKNLL,GTFCFS,LCGTFC,LLLLGE,LGEDRY,CFSMQF,TLHKKN
GT2	161	Pfor|Pfor_26329	28.4	43	FDDFSW,HKKNLL,LLLGED,NSTVHN,VTCLPG,FSMQFV,TFCFSM,GEDRYL,PGCFSM,CFSMQF,WNFVLP,TLHKKN,QRRRWI,KKNLLL,CGTFCF,WINSTV,RRWINS,GSVTCL,LLSQRR,SQRRRW,SVTCLP,CLPGCF,LSQRRR,DDFSWG,DLCGTF,RWINST,LLGEDR,INSTVH,FCFSMQ,LGEDRY,RRRWIN,GTFCFS,TFPKRK,VLLSQR,KNLLLL,LPGCFS,LHKKNL,TCLPGC,STVHNL,LCGTFC,NLLLLG,FGSVTC,LLLLGE
GT2	161	Pfor|Pfor_9619	24.8	34	LSQRRR,LGEDRY,FDDFSW,KRDSQI,LMVDAD,MGLCGE,YYISHH,SQRRRW,GNRGKR,DDFSWG,GLCGET,TCLPGC,LLSQRR,MAWREK,NRGKRD,AKAFES,EYYISH,RGKRDS,MVDADT,VLLSQR,HKKNLL,RRRWIN,RRWINS,LPGCFS,PGNRGK,QRRRWI,CLPGCF,VTCLPG,TLHKKN,GKRDSQ,IMGLCG,LHKKNL,RWINST,GEDRYL
GT2	161	Pfor|Pfor_16428	20.0	25	GEDRYL,CLPGCF,QRRRWI,DDFSWG,FGSVTC,RRRWIN,LSQRRR,TCLPGC,LLSQRR,RGKRDS,VTCLPG,SVTCLP,GNRGKR,VLLSQR,GSVTCL,SQRRRW,NRGKRD,RWINST,LMVDAD,RRWINS,GKRDSQ,MVDADT,PGNRGK,LGEDRY,FDDFSW
GT2	161	Pfor|Pfor_23957	17.2	23	RRWINS,VLLSQR,LSQRRR,CLPGCF,FGSVTC,VTCLPG,LPGCFS,RRRWIN,HKKNLL,GEDRYL,GSVTCL,RWINST,FDDFSW,PGCFSM,LGEDRY,TLHKKN,SVTCLP,TCLPGC,SQRRRW,QRRRWI,LLSQRR,DDFSWG,LHKKNL
GT2	161	Pfor|Pfor_5618	13.1	18	GKRDSQ,SVTCLP,MVDADT,PGNRGK,DADTKV,VTCLPG,NRGKRD,KPGNRG,PGCFSM,RGKRDS,VDADTK,LPGCFS,CLPGCF,TCLPGC,GNRGKR,LMVDAD,GSVTCL,FGSVTC
GT2	161	Pfor|Pfor_17930	13.0	17	KNLLLL,RRRWIN,QRRRWI,LLLGED,EYYISH,VLLSQR,NLLLLG,VTCLPG,CLPGCF,LLGEDR,LLSQRR,YYISHH,TCLPGC,LLLLGE,RRWINS,SQRRRW,LSQRRR
GT2	161	Pfor|Pfor_15765	10.2	17	TKIANK,GETKIA,TCLPGC,CGETKI,CLPGCF,VTCLPG,YYISHH,LCGETK,LMVDAD,IQVFEY,MVDADT,DADTKV,EYYISH,VDADTK,GLCGET,ETKIAN,MGLCGE
GT2	161	Pfor|Pfor_9620	10.2	13	LSQRRR,QRRRWI,LGEDRY,VLLSQR,TLHKKN,LLSQRR,HKKNLL,SQRRRW,RRRWIN,RRWINS,LHKKNL,RWINST,GEDRYL
GT2	161	Pfor|Pfor_5639	5.9	8	GKRDSQ,LMVDAD,DADTKV,NRGKRD,VDADTK,RGKRDS,GNRGKR,MVDADT
GT2	161	Pfor|Pfor_5640	5.9	8	GKRDSQ,DADTKV,NRGKRD,VDADTK,RGKRDS,MVDADT,GNRGKR,LMVDAD
GT2	161	Pfor|Pfor_15249	4.15	8	TFCFSM,GTFCFS,FCFSMQ,CFSMQF,CGTFCF,LCGTFC,FSMQFV,WNFVLP
GT20	1	Pfor|Pfor_14215	12.3	15	DGMNLV,FFLHIP,VDRLDY,MNLVAK,LRDGMN,LHIPFP,GMNLVA,PLRDGM,FLHIPF,LVTPLR,TPLRDG,GFFLHI,NLVAKE,VTPLRD,RDGMNL
GT20	2	Pfor|Pfor_22416	32.8	56	HDYHLM,VHDYHL,FLHTPF,RHFLSS,TRDGMN,LHTPFP,RDGMNL,FHTYDY,LWPLFH,HYHPGE,AQSLNG,WPLFHY,MNLVSY,PSSEIY,DLIGFH,VGRING,LFHYHP,SSGGLV,DYARHF,VGVDRL,GKVVLV,YARHFL,ILWPLF,GFHTYD,KVVLVQ,HTYDYA,GVDRLD,NSILWP,TYDYAR,LVSYEY,LIGFHT,SSEIYR,DGMNLV,FHYHPG,GAAQSL,ARHFLS,GMNLVS,VDRLDY,YIKGVP,LDYIKG,STRDGM,FPSSEI,YDYARH,MSSGGL,AAQSLN,DYIKGV,FPIGID,DRLDYI,PFPSSE,TPFPSS,HTPFPS,RLDYIK,WVHDYH,NLVSYE,PLFHYH,SILWPL
GT20	4	Pfor|Pfor_2653	21.7	27	NKGEIV,FDYDGT,LITSVR,KGEIVK,GLSAEH,WIISGR,LILSEF,YDGTLT,GEIVKR,TDEDMF,LTWHYR,PLILSE,LGLSAE,VVLIQV,IISGRD,DYDGTL,LFDYDG,IWIHDY,SAEHGC,EIVKRL,TSVRDG,VLIQVS,DEDMFR,ISGRDQ,AEHGCF,ITSVRD,LSAEHG
GT20	4	Pfor|Pfor_2656	21.7	27	NKGEIV,FDYDGT,LITSVR,KGEIVK,GLSAEH,WIISGR,LILSEF,YDGTLT,GEIVKR,TDEDMF,LTWHYR,PLILSE,LGLSAE,VVLIQV,IISGRD,DYDGTL,LFDYDG,IWIHDY,SAEHGC,EIVKRL,TSVRDG,VLIQVS,DEDMFR,ISGRDQ,AEHGCF,ITSVRD,LSAEHG
GT20	4	Pfor|Pfor_2654	19.7	24	NKGEIV,FDYDGT,LITSVR,KGEIVK,WIISGR,LILSEF,NIEVRP,YDGTLT,GEIVKR,VRDGMN,TDEDMF,PLILSE,DGMNTT,IISGRD,DYDGTL,SAEHGC,EIVKRL,TSVRDG,DEDMFR,ISGRDQ,SVRDGM,AEHGCF,ITSVRD,RDGMNT
GT20	4	Pfor|Pfor_2655	19.7	24	NKGEIV,FDYDGT,LITSVR,KGEIVK,WIISGR,LILSEF,NIEVRP,YDGTLT,GEIVKR,VRDGMN,TDEDMF,PLILSE,DGMNTT,IISGRD,DYDGTL,SAEHGC,EIVKRL,TSVRDG,DEDMFR,ISGRDQ,SVRDGM,AEHGCF,ITSVRD,RDGMNT
GT21	23	Pfor|Pfor_17714	5.13	8	VSIIKP,PGVSII,SIIKPL,YELLFC,GVSIIK,PKINNM,NPKINN,PALQNS
GT22	1	Pfor|Pfor_17293	4.02	6	HKEWRF,YPGGEA,NYPGGE,PGGEAL,VDSYFW,KEWRFI
GT22	2	Pfor|Pfor_34654	7.12	8	KEERFL,HKEERF,EYSPEY,TWEYSP,PHKEER,QTWEYS,WEYSPE,QPHKEE
GT22	2	Pfor|Pfor_8061	5.55	7	GFDGLL,QPHKEE,SGPNIF,GPNIFG,PHKEER,FDGLLP,HKEERF
GT22	2	Pfor|Pfor_8062	5.55	7	GFDGLL,QPHKEE,SGPNIF,GPNIFG,PHKEER,FDGLLP,HKEERF
GT22	8	Pfor|Pfor_35513	6.06	11	HDILYH,EFPGVV,KVEESF,WYFYSA,PGVVPR,VEESFN,MHDILY,RPLPNI,SSEWGT,TKVEES,FPGVVP
GT22	8	Pfor|Pfor_16902	5.72	10	YTKVEE,GVVPRT,EESFNV,PYTKVE,VEESFN,ESFNVQ,VVPRTF,KVEESF,TKVEES,SFNVQA
GT22	8	Pfor|Pfor_36681	4.77	8	LRFIIY,ELRFII,SFLPHK,HKELRF,KELRFI,LPHKEL,FLPHKE,PHKELR
GT23	2	Pfor|Pfor_2486	22.2	27	YYYGGQ,GNHWDG,DIYYYG,LSDLVQ,TDKVGT,IYYYGG,LVCTFS,GVHVRR,HVRRTD,KVGTEA,SLDDIY,DKVGTE,VCTFSS,VGVHVR,TFSSQV,VRRTDK,DDIYYY,FSSQVC,RRTDKV,RTDKVG,DLVQRR,VGTEAA,SSQVCR,SDLVQR,LDDIYY,VHVRRT,CTFSSQ
GT23	2	Pfor|Pfor_2485	20.4	24	YYYGGQ,GNHWDG,DIYYYG,TDKVGT,IYYYGG,LVCTFS,GVHVRR,HVRRTD,KVGTEA,SLDDIY,DKVGTE,VCTFSS,VGVHVR,DDIYYY,VRRTDK,FSSQVC,TFSSQV,RTDKVG,RRTDKV,VGTEAA,SSQVCR,LDDIYY,VHVRRT,CTFSSQ
GT24	1	Pfor|Pfor_23591	32.7	48	DVLFPL,ISALYV,NLGYFQ,IWGYKI,PYHISA,ILFLDV,IFVDAD,SGHLYE,HLYERF,VIFVDA,KILFLD,KVIFVD,VKFWFI,FLDVLF,AKTIDL,VASGHL,LDVLFP,LYERFL,QEWLWC,QTEKQR,DQDLPN,TKEPKL,SLPQEW,KTIDLC,YKILFL,WLWCET,TIDLCN,HISALY,WCETWC,LWCETW,FVDADQ,YHISAL,GYKILF,LYVVDL,DLCNNP,MANLGY,LPQEWL,EWLWCE,IDLCNN,ASGHLY,GHLYER,LDQDLP,LFLDVL,SALYVV,PQEWLW,NLDQDL,ALYVVD,WGYKIL
GT24	1	Pfor|Pfor_29412	31.9	48	LFLDVL,DPNSLS,LPQEWL,DLCNNP,AKTIDL,FVDADQ,ILFLDV,LDVLFP,FLDVLF,WCETWC,QTEKQR,AAGDRL,IFVDAD,RFWKQG,MANLGY,LDQDLP,YHISAL,TIDLCN,LWCETW,HISALY,KTIDLC,SNLDQD,LSNLDQ,PNSLSN,GYKILF,AGDRLR,PQEWLW,IWGYKI,YKILFL,GFRFWK,IDLCNN,LYERFL,NLDQDL,NLGYFQ,EWLWCE,GHLYER,DQDLPN,SGHLYE,WGYKIL,DVLFPL,ASGHLY,QDLPNN,KILFLD,NSLSNL,QEWLWC,WLWCET,SLSNLD,HLYERF
GT27	1	Pfor|Pfor_15003	12.7	35	AEVWMD,DIWGGE,KEIILV,LDAHCE,MDIWGG,PYTFPG,WLEPLL,DAHCEC,IWGGEN,LIRARL,CSHVGH,GGLFSI,TMAGGL,AGGLFS,TLLRTV,PIIDVI,FHNEAW,SHVGHV,GLIRAR,TFLDAH,EIILVD,EVWMDE,WGGENL,IVFHNE,GWLEPL,VFHNEA,PTMAGG,GMDIWG,VGHVFR,HVGHVF,GGENLE,MAGGLF,YTFPGG,IILVDD,FLDAHC
GT27	1	Pfor|Pfor_15008	12.1	32	AEVWMD,DIWGGE,PYTFPG,LDSHCE,REGLIR,WLEPLL,IWGGEN,LIRARL,CSHVGH,GGLFSI,TMAGGL,AGGLFS,FHNEAW,SHVGHV,LVDDFS,GLIRAR,LRTVHS,EIILVD,HNEAWS,EVWMDE,WGGENL,GWLEPL,PTMAGG,VGHVFR,HVGHVF,RTVHSV,GGENLE,MAGGLF,YTFPGG,LLRTVH,IILVDD,SPTMAG
GT27	1	Pfor|Pfor_9341	10.5	29	TMAGGL,FHNEAW,GWLEPL,GGLFSI,PTMAGG,KEIILV,GGENLE,LIRARL,GMDIWG,WLEPLL,DIWGGE,IWGGEN,MAGGLF,EIILVD,CKSFKW,PIIDVI,DAHCEC,TFLDAH,GLIRAR,IILVDD,FLDAHC,VFHNEA,CSHVGH,IVFHNE,WGGENL,TLLRTV,AGGLFS,MDIWGG,LDAHCE
GT27	1	Pfor|Pfor_9348	9.89	26	FHNEAW,LVDDFS,GWLEPL,GGLFSI,PTMAGG,SPTMAG,GGENLE,LIRARL,WLEPLL,HNEAWS,DIWGGE,RTVHSV,IWGGEN,MAGGLF,REGLIR,EIILVD,CKSFKW,IILVDD,GLIRAR,LLRTVH,LRTVHS,CSHVGH,WGGENL,AGGLFS,LDSHCE,TMAGGL
GT27	1	Pfor|Pfor_13295	8.23	21	TMAGGL,AGGLFA,CSRVGH,FLDAHC,PTMAGG,IWQCGG,IILVDD,GGENLE,LLRTVH,KEIILV,SPTMAG,WGGENL,GLIRAR,SRVGHI,LDAHCE,LRTVHS,MAGGLF,EIILVD,RTVHSV,LIRARL,PCSRVG
GT27	1	Pfor|Pfor_35416	6.96	19	PCSRVG,WMDEYK,MAGGLF,GENLEI,WGGENL,NLEISF,AGGLFA,CSRVGH,LEISFR,SPTMAG,GLIRAR,VGHVFR,ENLEIS,GGENLE,VWGGEN,REGLIR,PTMAGG,TMAGGL,VWMDEY
GT27	1	Pfor|Pfor_29397	6.53	20	IILVDD,WSTLLR,DAHCEC,TFLDAH,FHNEAW,LLRTVH,VLTFLD,STLLRT,RTVHSV,LRTVHS,EIILVD,VFHNEA,HNEAWS,IVFHNE,LDAHCE,NEAWST,AWSTLL,EAWSTL,TLLRTV,FLDAHC
GT27	1	Pfor|Pfor_29396	4.56	11	MAGGLF,YTFPGG,AGGLFS,IWGGEN,IWQCGG,WGGENL,CSHVGH,PYTFPG,GWLEPL,WLEPLL,GGENLE
GT27	4	Pfor|Pfor_33307	4.5	6	DAHCEV,HNEGWS,IVFHNE,VFHNEG,FHNEGW,LDAHCE
GT27	8	Pfor|Pfor_36060	9.0	18	GGEQYE,FWELGG,VAEVWM,YKRLPL,KRVAEV,ELGGYD,NWLPPL,DEGARG,EQYELS,YELSFK,IWGGEQ,WGGEQY,AEVWMD,WELGGY,QYELSF,RVAEVW,LSFKIW,GEQYEL
GT3	1	Pfor|Pfor_28189	42.9	66	FPSYYE,HLGVFP,EHLLKR,YTPAEC,EALARL,RNRTER,FQNLHA,GVFPSY,WGYTPA,EAEHLL,FVRGHF,EPWGYT,LKRKPD,DFYNNL,YEPWGY,VRGCHL,NRTERL,PAECTV,VFPSYY,FTTHAT,RGCHLG,GHFYGH,RYLCAG,LGVFPS,VFTTVS,GRYLCA,YYEPWG,AGRYEF,FFIAGR,THATLL,LGRYLC,SYYEPW,RTERLS,HLLKRK,ECTVMG,YFFIAG,PNGLNV,FVRGCH,TPNGLN,IAGRYE,VRGHFY,TPAECT,ATLLGR,TTHATL,EFQNLH,LLKRKP,ALARLN,QRNRTE,HEFQNL,GCHLGV,TLLGRY,EFVRGC,LLGRYL,PWGYTP,RGHFYG,AECTVM,HATLLG,IYHRYC,FIAGRY,CHLGVF,GYTPAE,AEHLLK,FHPEFL,LYFFIA,TLYFFI,PSYYEP
GT3	1	Pfor|Pfor_21416	29.3	44	LGVFPS,VRGCHL,EHLLKR,YYEPWG,LKRKPD,RYLCAG,IFTTHA,FVRGCH,HLGVFP,TLLGRY,FPSYYE,LGRYLC,FHPEFL,EPWGYT,LLKRKP,HLLKRK,HATLLG,PWGYTP,IYHRYC,VRGHFY,TTHATL,ALARLN,VFPSYY,LLGRYL,CHLGVF,RGHFYG,FVRGHF,GHFYGH,EALARL,ECTVMG,ATLLGR,GCHLGV,TIFTTH,GVFPSY,RGCHLG,THATLL,YEPWGY,EFVRGC,VFTTVS,PSYYEP,GRYLCA,PNGLNV,FTTHAT,SYYEPW
GT31	5	Pfor|Pfor_11321	8.94	11	FHSHLE,IRLPDD,TGGAGF,GAGFCI,WFATGG,FATGGA,GGAGFC,GFCISR,ATGGAG,FWFATG,AGFCIS
GT31	5	Pfor|Pfor_11322	8.94	11	FHSHLE,IRLPDD,TGGAGF,GAGFCI,WFATGG,FATGGA,GGAGFC,GFCISR,ATGGAG,FWFATG,AGFCIS
GT31	7	Pfor|Pfor_26406	14.5	28	KQGYMS,VSFHYV,VPEHHL,YMSGGA,ADDDTY,QGYMSG,SGGAGY,MSGGAG,KARHVK,GYVLSK,HLRPYG,TWGKRC,YVLSKE,KADDDT,AGYVLS,AVSFHY,PFVPEH,WGKRCN,YHLRPY,VKQGYM,HVKATW,GYMSGG,FVPEHH,DDDTYV,GAGYVL,PEHHLI,LCWIMT,GGAGYV
GT31	11	Pfor|Pfor_31939	8.38	9	YHLWPP,HLWPPY,IVQADF,PYHLWP,YPYHLW,SKWYVS,EYPYHL,KWYVSL,DIVQAD
GT31	14	Pfor|Pfor_31631	9.96	14	PPSQCC,PYALGG,ALGGGY,CDYYLP,YYLPYA,DYYLPY,YLPYAL,RFDTEY,YALGGG,GGGYVL,LPYALG,LGGGYV,LCDYYL,GGYVLS
GT31	16	Pfor|Pfor_35915	8.79	11	QKKSFM,PPQKKS,PQKKSF,ENFCMG,ADDDVY,RADDDV,FCMGGP,YPPQKK,NFCMGG,KKSFMM,CMGGPG
GT31	25	Pfor|Pfor_34482	15.2	16	TLKTIS,KTDDDM,LKLEDV,DDMFIN,NLTLKT,TTGPAY,DDDMFI,LKTDDD,MFINVP,YLKLED,DMFINV,KLEDVF,TDDDMF,FTTGPA,KSKYYV,LTLKTI
GT31	33	Pfor|Pfor_16221	8.0	11	YITGLC,YNNLTL,DVYITG,VYITGL,TLKSVM,NNLTLK,EDVYIT,LTLKSV,NLTLKS,ITGLCA,LEDVYI
GT31	33	Pfor|Pfor_16222	8.0	11	YITGLC,YNNLTL,DVYITG,VYITGL,TLKSVM,NNLTLK,EDVYIT,LTLKSV,NLTLKS,ITGLCA,LEDVYI
GT31	44	Pfor|Pfor_12764	14.4	28	LSPWGA,AGWAIL,MTYKHV,NMTYKH,AYRNMT,YKHVMG,DDVHIT,IDDVHI,GWAILY,HITGTL,FWIDDV,KWRVSP,RNMTYK,DVHITG,WIDDVH,RSKWRV,YCAGWA,DDDVFV,YRNMTY,WAILYS,PYFWID,TYKHVM,SKWRVS,RRLILC,YFWIDD,VMGLKW,FLFGPP,KHVMGL
GT31	44	Pfor|Pfor_12765	14.4	28	LSPWGA,AGWAIL,MTYKHV,NMTYKH,AYRNMT,YKHVMG,DDVHIT,IDDVHI,GWAILY,HITGTL,FWIDDV,KWRVSP,RNMTYK,DVHITG,WIDDVH,RSKWRV,YCAGWA,DDDVFV,YRNMTY,WAILYS,PYFWID,TYKHVM,SKWRVS,RRLILC,YFWIDD,VMGLKW,FLFGPP,KHVMGL
GT32	31	Pfor|Pfor_19627	12.0	12	GQATTA,TGQATT,TKQDRQ,MRLTGQ,FFENDL,NDLTKQ,LTGQAT,LTKQDR,FENDLT,ENDLTK,RLTGQA,DLTKQD
GT32	31	Pfor|Pfor_20603	8.0	8	GQATTA,TKQDRQ,FFENDL,NDLTKQ,LTKQDR,FENDLT,ENDLTK,DLTKQD
GT32	31	Pfor|Pfor_20617	6.0	6	TGQATT,GQATTA,MRLTGQ,FFENDL,LTGQAT,RLTGQA
GT32	87	Pfor|Pfor_5117	5.66	9	GPGVIT,NGPGVI,GNNGPG,FFHETS,IFFHET,NNGPGV,FHETSC,WGNNGP,PGVITR
GT32	87	Pfor|Pfor_5121	5.66	9	GPGVIT,NGPGVI,GNNGPG,FFHETS,IFFHET,NNGPGV,FHETSC,WGNNGP,PGVITR
GT33	2	Pfor|Pfor_892	9.66	20	SGLDLP,WTPDED,PMKVVD,SSSGLD,GLDLPM,DLPMKV,SSTSWT,VITGKG,MKVVDM,SSGLDL,ITGKGP,LPMKVV,GAGLPV,VSSTSW,LDLPMK,TPDEDF,STSWTP,TSWTPD,SWTPDE,DWHNFG
GT33	2	Pfor|Pfor_31962	8.04	16	MKVVDM,PMKVVD,SSSGLD,GLDLPM,VVDMFG,LGVCLH,SGLDLP,DLGVCL,VDMFGC,SADLGV,LDLPMK,ADLGVC,LPMKVV,KVVDMF,DLPMKV,SSGLDL
GT33	2	Pfor|Pfor_29796	7.8	19	STSWTE,PRMQYH,TSWTED,IGRSPR,SPRMQY,DIGRSP,RSPRMQ,IDWHNY,ITGKGP,VLVLGD,LGDIGR,GRSPRM,EDFSIL,DEDFSI,RMQYHA,VLGDIG,SSTSWT,VITGKG,GDIGRS
GT33	2	Pfor|Pfor_891	4.26	10	TSWTPD,ITGKGP,WTPDED,SWTPDE,SSTSWT,VITGKG,VSSTSW,DWHNFG,TPDEDF,STSWTP
GT35	1	Pfor|Pfor_28149	29.4	49	SGTGNM,GNGGLG,QISTAG,GTLDGA,IGTLDG,ALTIGT,LGRLAA,AYTNHT,SSDRTI,LGNGGL,LTIGTL,LAACFL,NGALTI,DLSEQI,GYGIRY,AACFLD,GTGNMK,GLGRLA,KRIHEY,EYKRQL,LDGANV,HEYKRQ,IIPAAD,TLDGAN,TIGTLD,EASGTG,GLGNGG,DGANVE,GGLGRL,NIFIFG,QLNDTH,RIHEYK,KAAPGY,LNDTHP,LNGALT,ASGTGN,IHEYKR,NGGLGR,RLAACF,GALTIG,VLYPND,ACFLDS,GRLAAC,SEQIST,LSEQIS,EQISTA,IQLNDT,FSSDRT,TPRRWL
GT35	1	Pfor|Pfor_21399	14.4	23	TSNMKF,LGRLAA,RIHEYK,LNDTHP,KRIHEY,ASGTSN,QLNDTH,NGGLGR,EASGTS,IQLNDT,GTSNMK,KLKVVF,GLGRLA,GGLGRL,ALGNGG,HEYKRQ,IHEYKR,GNGGLG,SGTSNM,DKLKVV,GRLAAC,KAAPGY,LGNGGL
GT39	2	Pfor|Pfor_26818	8.74	15	VVFDEV,DVHPPL,VHPPLA,VFDEVH,HPPLAK,RLILLD,VHFGKF,DEVHFG,FDEVHF,HHYLPA,EVHFGK,HDVASP,LHHYLP,FDVHPP,FLHHYL
GT39	2	Pfor|Pfor_22735	7.2	14	FDEVHF,SVVFDE,HPPLAK,DEVHFG,WVGLFT,HFGGFA,VHPPLA,KWVGLF,FDVHPP,DVHPPL,VFDEVH,VVFDEV,EVHFGG,VHFGGF
GT39	3	Pfor|Pfor_24920	14.4	16	YHDVHP,FYHDVH,PLGKML,AHFGKF,HFGKFG,VWDEAH,PPLGKM,WDEAHF,HPPLGK,EAHFGK,VVWDEA,EFYHDV,VHPPLG,HDVHPP,DEAHFG,DVHPPL
GT39	3	Pfor|Pfor_22150	12.6	15	YHDVHP,GSYYLR,HPPLGK,PPLGKM,LGKMLV,FYHDVH,KFGSYY,DVHPPL,HDVHPP,FGKFGS,HFGKFG,GKFGSY,FGSYYL,PLGKML,VHPPLG
GT39	3	Pfor|Pfor_16707	10.0	11	HDVHPP,KFGSYY,WDEAHF,DVHPPL,FGSYYL,EAHFGK,AHFGKF,GKFGSY,DEAHFG,FGKFGS,HFGKFG
GT39	3	Pfor|Pfor_20291	6.84	8	LLDSML,DSMLLF,ILLDSM,SMLLFF,PALYFA,FILLDS,LDSMLL,MLLFFT
GT39	3	Pfor|Pfor_17208	5.06	6	NNALVP,ILLDSM,PALYFA,LLDSML,FILLDS,NALVPD
GT39	14	Pfor|Pfor_36393	6.18	8	SCYIDY,WNVEEH,HDVAAP,NVEEHR,QEVSCY,EVSCYI,VEEHRY,VSCYID
GT39	14	Pfor|Pfor_37074	5.12	7	QASLEG,SAFQAS,GQPLEV,SLEGGL,FQASLE,AFQASL,ASLEGG
GT39	15	Pfor|Pfor_25830	6.0	6	GQQSVT,QSVTGT,SGQQSV,QQSVTG,GSGQQS,SSPLSG
GT39	17	Pfor|Pfor_37541	5.46	7	LLGNPV,RNLHSH,GARQQQ,YLLGNP,QVTGYG,HLYPEG,GYLHSH
GT4	109	Pfor|Pfor_26379	11.7	23	VHYPTI,ISTDML,GQSLGS,YVHYPT,CYVHYP,HYPTIS,AGGGGE,DTMGYA,CNAGGG,QSLGSL,YCNAGG,YPTIST,TMGYAF,LGQSLG,AQFRPE,PYCNAG,QFRPEK,FHPYCN,TISTDM,NAGGGG,MGYAFT,HPYCNA,PTISTD
GT4	109	Pfor|Pfor_27459	9.87	20	HYPTIS,ISTDML,TMGYAF,LLGQSL,TISTDM,CNAGGG,GQSLGS,HPYCNA,YCNAGG,FHPYCN,TLLGQS,DTMGYA,AGGGGE,LGQSLG,PYCNAG,YPTIST,MGYAFT,NAGGGG,FTLLGQ,PTISTD
GT4	109	Pfor|Pfor_27460	9.86	20	HYPTIS,TMGYAF,ISTDML,LLGQSL,TISTDM,CNAGGG,GQSLGS,YCNAGG,HPYCNA,FHPYCN,TLLGQS,DTMGYA,AGGGGE,LGQSLG,PYCNAG,YPTIST,MGYAFT,NAGGGG,FTLLGQ,PTISTD
GT4	109	Pfor|Pfor_2139	4.22	8	HYPTIS,PTISTD,YPTIST,DTMGYA,MGYAFT,TISTDM,TMGYAF,ISTDML
GT4	109	Pfor|Pfor_2141	4.22	8	HYPTIS,PTISTD,YPTIST,DTMGYA,MGYAFT,TISTDM,TMGYAF,ISTDML
GT4	109	Pfor|Pfor_27461	4.22	8	HYPTIS,ISTDML,TMGYAF,YPTIST,MGYAFT,TISTDM,DTMGYA,PTISTD
GT4	109	Pfor|Pfor_27463	4.22	8	HYPTIS,ISTDML,TMGYAF,YPTIST,MGYAFT,TISTDM,DTMGYA,PTISTD
GT4	109	Pfor|Pfor_2142	3.26	6	HYPTIS,PTISTD,YPTIST,MGYAFT,TISTDM,ISTDML
GT4	145	Pfor|Pfor_30525	16.1	19	GIVPLE,FGIVPL,GIGGAE,HPDLGI,ERLVVD,RLVVDA,DLGIGG,IVPLEA,LVVDAA,LGIGGA,AERLVV,GAERLV,HFGIVP,GGAERL,PDLGIG,VVDAAL,IGGAER,VPLEAM,EHFGIV
GT4	169	Pfor|Pfor_9892	10.4	12	VEAASC,SVIPNA,SLTEAF,LTNGLK,IPEVLP,GIPEVL,NGLKVY,GLKVYH,VGGIPE,TNGLKV,FTDHSL,GGIPEV
GT4	169	Pfor|Pfor_9891	5.44	6	VEAASC,SLTEAF,IPEVLP,GIPEVL,VGGIPE,GGIPEV
GT4	194	Pfor|Pfor_14990	3.15	6	ICMVSD,CMVSDF,VSDFFY,DFFYPN,SDFFYP,MVSDFF
GT4	194	Pfor|Pfor_14993	3.15	6	ICMVSD,CMVSDF,VSDFFY,DFFYPN,SDFFYP,MVSDFF
GT41	2	Pfor|Pfor_18593	66.2	70	PDAYCN,TALKLK,FGNHPT,LPSVHP,PSVHPH,AHCLQI,YCNLAN,KGARNE,HHSMLY,DAYSNM,FADAHS,NHPTSH,LGYPGT,SHLMQS,NLAHCL,SNLASI,ARNEIF,MWLGYP,GYTKGA,HSMLYP,CNLANA,LKLKPD,CLQIVC,GNHPTS,ALKLKP,AHSNLA,MGNTLK,LKPDFP,GNTLKE,AYCNLA,YVSSDF,NNLANI,RNEIFA,YPGTSG,GYVSSD,FPDAYC,NMGNTL,SSDFGN,NGYTKG,RAIQIN,LANALK,HPHHSM,MNGYTK,AIQINP,YTKGAR,SDFGNH,HSNLAS,TSHLMQ,RLPSVH,HCLQIV,PTSHLM,TKGARN,GARNEI,VHPHHS,DAYCNL,SMLYPL,GYPGTS,LAHCLQ,DAHSNL,WLGYPG,VSSDFG,NLASIH,ADAHSN,SNMGNT,DFGNHP,SVHPHH,HPTSHL,NMNGYT,PHHSML,CNLAHC
GT41	17	Pfor|Pfor_23153	33.9	39	NHPLAH,SDFNNH,TNLGSL,HTTAAD,LPFHTF,TVLPFH,NLGSLL,NQLYKI,CNAHTT,FNQLYK,FNNHPL,EAVCGL,NAHTTA,GFAGTL,LMQSVF,WLLRFP,HLMQSV,MGFAGT,AHTTAA,PLAHLM,VLPFHT,NLNGYT,GSLLKD,ECNAHT,PTVLPF,LAHLMQ,AHLMQS,DFNNHP,SSDFNN,YVSSDF,LWLLRF,GYVSSD,PFHTFT,NFNQLY,LGSLLK,HPLAHL,NNHPLA,MQSVFG,FAGTLG
GT43	2	Pfor|Pfor_3440	17.2	31	QKAELT,WILVED,HWILVE,DDNTYS,GVVYFA,VVYFAD,AELTRL,VYFADD,FADDDN,RGVEQR,DMAGFA,KAELTR,RPVQKA,ADDDNT,ELTRLA,GLVGGL,IYAITP,DDDNTY,VWPVGL,YAITPT,VGLVGG,GVEQRN,LRWLRE,PVQKAE,PRGVEQ,PVGLVG,WHTRTE,YFADDD,VQKAEL,VWHTRT,WPVGLV
GT43	2	Pfor|Pfor_3442	17.2	31	QKAELT,WILVED,HWILVE,GVVYFA,WPVGLV,VVYFAD,AELTRL,VYFADD,FADDDN,RGVEQR,DMAGFA,RPVQKA,KAELTR,ELTRLA,ADDDNT,GLVGGL,IYAITP,DDDNTY,YAITPT,GVEQRN,VGLVGG,VWPVGL,LRWLRE,PVQKAE,PVGLVG,PRGVEQ,WHTRTE,YFADDD,VQKAEL,VWHTRT,DDNTYS
GT43	4	Pfor|Pfor_899	15.2	25	DDDNTY,KPRGVS,MAGFAV,YIITPT,VSMFPV,IPELTR,RGVSNR,VDMAGF,DMAGFA,LYIITP,QIPELT,AGFAVN,PRGVSN,DDNTYD,IITPTY,PVDMAG,SMFPVG,ITPTYR,YFADDD,MFPVGL,TPTYRR,EQIPEL,YRRPEQ,PTYRRP,WHTQTK
GT43	4	Pfor|Pfor_900	15.2	25	DDDNTY,KPRGVS,MAGFAV,YIITPT,VSMFPV,IPELTR,RGVSNR,VDMAGF,DMAGFA,LYIITP,QIPELT,AGFAVN,PRGVSN,DDNTYD,IITPTY,PVDMAG,SMFPVG,ITPTYR,YFADDD,MFPVGL,TPTYRR,EQIPEL,YRRPEQ,PTYRRP,WHTQTK
GT43	4	Pfor|Pfor_901	15.2	25	DDDNTY,KPRGVS,MAGFAV,YIITPT,VSMFPV,IPELTR,RGVSNR,VDMAGF,DMAGFA,LYIITP,QIPELT,AGFAVN,PRGVSN,DDNTYD,IITPTY,PVDMAG,SMFPVG,ITPTYR,YFADDD,MFPVGL,TPTYRR,EQIPEL,YRRPEQ,PTYRRP,WHTQTK
GT47	6	Pfor|Pfor_28729	17.4	24	RIVGYP,DPVLFK,LRKKYR,LSLDED,RLDPVL,LDPVLF,CEDILM,DERLLL,DILMNF,ERLLLQ,PVLFKD,GYTSKW,RQQTQF,MNFLVS,YTSKWT,QTQFLW,EDILMN,WGYTSK,TSKWTN,ILMNFL,LMNFLV,LRQQTQ,QQTQFL,NCEDIL
GT47	6	Pfor|Pfor_30386	12.9	17	PRGRRL,LVPRGR,YSGTWP,LGSFRF,FRFLEA,RLGSFR,SFRFLE,RRLGSF,CLVPRG,RGRRLG,GRRLGS,RFLEAL,VPRGRR,FCLVPR,TFCLVP,FKGKRY,GSFRFL
GT47	7	Pfor|Pfor_33585	24.0	29	EDIAMN,WREFPD,LTGAAF,ESEWTN,NKLSNR,YEVWRE,CEDIAM,ENKLSN,NCEDIA,IETEAV,HMNCED,RADPVL,FPEKLK,MNCEDI,VWREFP,SMVLTG,DDDIIM,VLTGAA,ETEAVL,YESEWT,MVLTGA,DIIMLT,EIETEA,IAMNFL,DDIIML,EVWREF,IDDDII,KLSNRF,DIAMNF
GT47	7	Pfor|Pfor_37615	10.2	11	SMVLTG,ETEAVL,MNCEDI,EDIAMN,MVLTGA,NCEDIA,CEDIAM,VLTGAA,DIAMNF,LTGAAF,IAMNFL
GT48	1	Pfor|Pfor_220	28.9	38	QDNYLE,YGHPDF,NQDNYL,QCGKGR,GLHLNE,TYLWYI,FFLDTY,LNEDIY,EYIFSE,LDTYLW,GKGRDL,GRDLGF,KSDNQN,KGRDLG,ILGDGK,NPILGD,REYIFS,LRTRIW,PILGDG,HLNEDI,YIFSEN,LHLNED,LGDGKS,DGKSDN,QTLYRT,DTYLWY,NEDIYA,ANQDNY,GKSDNQ,FLDTYL,LHYGHP,GDGKSD,DNYLEE,DANQDN,EDIYAG,CGKGRD,GNPILG,HYGHPD
GT48	1	Pfor|Pfor_217	27.9	37	QDNYLE,YGHPDF,NQDNYL,KEQTFG,QCGKGR,EQTFGT,GLHLNE,QTFGTL,GKEQTF,LNEDIY,EYIFSE,GKGRDL,GRDLGF,KSDNQN,ILGDGK,KGRDLG,NPILGD,REYIFS,PILGDG,YIFSEN,HLNEDI,LHLNED,LGDGKS,DGKSDN,NEDIYA,ANQDNY,GKSDNQ,LHYGHP,GDGKSD,DNYLEE,AGKEQT,DANQDN,EDIYAG,AAGKEQ,CGKGRD,GNPILG,HYGHPD
GT48	1	Pfor|Pfor_222	22.0	29	QDNYLE,KLHYGH,YGHPDF,NQDNYL,KEQTFG,QCGKGR,EQTFGT,GGKLHY,GLHLNE,GKEQTF,EYIFSE,GKGRDL,GRDLGF,KSDNQN,KGRDLG,REYIFS,HLNEDI,YIFSEN,LHLNED,ANQDNY,GKSDNQ,LHYGHP,GKLHYG,DNYLEE,AGKEQT,DANQDN,AAGKEQ,CGKGRD,HYGHPD
GT48	1	Pfor|Pfor_19189	7.64	10	FFAQSL,ILGDGK,GKSDNQ,RLPKRI,QTLYRT,PILGDG,LGDGKS,DGKSDN,LRTRIW,GDGKSD
GT49	1	Pfor|Pfor_35510	6.05	7	PWPALG,PALGRG,QLSDHT,WPALGR,VSWIPN,SLADQD,TSLADQ
GT49	1	Pfor|Pfor_15152	5.8	6	RFVGFG,FGWNKV,VPAFET,GFGWNK,FVGFGW,VGFGWN
GT49	6	Pfor|Pfor_14340	9.39	13	SIAMHA,ADYTFL,TYTTHA,YTFLDN,YTTHAD,SDIELY,APGTDF,DIELYP,AMHAPG,TTHADY,THADYT,PLLERW,IAMHAP
GT49	6	Pfor|Pfor_14343	7.79	11	SIAMHA,ADYTFL,TYTTHA,YTFLDN,YTTHAD,APGTDF,AMHAPG,TTHADY,THADYT,PLLERW,IAMHAP
GT50	1	Pfor|Pfor_22046	5.24	6	NKVCTS,HRHNFS,DHRHNF,CTSQYF,VCTSQY,KVCTSQ
GT54	3	Pfor|Pfor_32322	23.2	27	LKGKVQ,LFQHIG,QLEDDI,DKPVDW,LGFIGK,SSLKGK,SLFQHI,VLGVPT,YVQLED,GTFYVQ,WRSKQN,KGTFYV,FQHIGT,FYVQLE,VQLEDD,LGVPTV,LEDDIL,LDFCQL,DFCQLG,KGKVQK,QNLDFA,KQNLDF,FCQLGF,TFYVQL,CQLGFI,SKQNLD,RSKQNL
GT57	1	Pfor|Pfor_25092	13.8	16	GHFQYN,HWMEIT,GLDYPP,DHGHFQ,AQRHWM,IDHGHF,YWGLDY,QRHWME,WGLDYP,HGHFQY,LDYPPL,RHWMEI,LIDHGH,DYPPLT,YPPLTA,EAQRHW
GT57	1	Pfor|Pfor_29233	12.6	15	YWGLDY,LDYPPL,QYWGLD,LQYWGL,GLDYPP,DYPPLT,HGHFQY,EAQRHW,YPPLTA,DLQYWG,WGLDYP,LIDHGH,GHFQYN,IDHGHF,DHGHFQ
GT57	1	Pfor|Pfor_21278	4.85	7	QVHEKT,EDKVAN,FQVHEK,FKQMAL,HEKTIL,VHEKTI,KQMALY
GT57	2	Pfor|Pfor_8001	14.5	17	HEKAIM,GWHVHE,SRLFPF,HVHEKA,VHEKAI,HFQYNG,IHFQYN,EKAIML,HAYWAP,FGWHVH,AYWAPN,LFGWHV,FQYNGF,WHVHEK,HIHFQY,LSRLFP,DHIHFQ
GT57	2	Pfor|Pfor_29874	5.52	6	VHRNWL,TLDYPP,NWLAIT,WTLDYP,RNWLAI,HRNWLA
GT58	1	Pfor|Pfor_32493	4.74	8	FSRSLH,HYQFYV,QFYVWY,LHYQFY,RSLHYQ,SLHYQF,YQFYVW,SRSLHY
GT58	2	Pfor|Pfor_31302	11.4	33	WTVNWR,FNDPIA,RLFNDP,LFNDPI,FKWTVN,TVNWRF,DTGPLV,GPLVYP,NDPIAM,PLVYPA,AYMQEV,FVLRLF,VSVKMN,SVKMNI,GDTGPL,LVYPAG,YPAGFV,YTEIDW,LRLFND,DPIAML,VKMNIL,LAVSVK,HSIFVL,AVSVKM,IFVLRL,VLRLFN,VYPAGF,KWTVNW,GLPFLL,TGPLVY,SLAVSV,SIFVLR,RIHSIF
GT58	2	Pfor|Pfor_24859	6.0	14	TGPLVY,VYPAGF,DTGPLV,RIHSIF,PLVYPA,GPLVYP,YTEIDW,RLFNDP,LFNDPV,LVYPAG,YPAGFV,GDTGPL,FNDPVA,LRLFND
GT58	3	Pfor|Pfor_23864	6.0	6	HYQFYS,LLFLPG,SLHYQF,YSWYFH,WTVNWR,YQFYSW
GT59	2	Pfor|Pfor_20363	3.02	6	MDEIFH,PYMDEI,TPPGLY,TTPPGL,EPYMDE,YMDEIF
GT59	2	Pfor|Pfor_39808	2.93	6	LADNRH,RYFILP,VEPRYF,LVEPRY,EPRYFI,ADNRHY
GT61	3	Pfor|Pfor_11564	11.9	15	HAKFTN,LPDWAA,TNYSFD,AKFTNY,GAGLTH,KFTNYS,PDWAAV,LARLRG,DLARLR,FLPDWA,WAAVFE,HGAGLT,DWAAVF,FTNYSF,AGLTHL
GT61	3	Pfor|Pfor_11563	5.67	7	HAKFTN,TNYSFD,AKFTNY,KFTNYS,LARLRG,DLARLR,FTNYSF
GT64	1	Pfor|Pfor_28729	10.8	25	RIVGYP,DPVLFK,LRKKYR,LSLDED,RLDPVL,LDPVLF,CEDILM,LTGAAF,DERLLL,DILMNF,ERLLLQ,PVLFKD,GYTSKW,MNFLVS,YTSKWT,QTQFLW,EDILMN,WGYTSK,TSKWTN,ILMNFL,LMNFLV,LRQQTQ,QQTQFL,PPIKVT,NCEDIL
GT64	1	Pfor|Pfor_33585	6.35	11	SMVLTG,EDIAMN,CEDIAM,PVLFKD,NCEDIA,DPVLFK,VLTGAA,LTGAAF,MVLTGA,IAMNFL,DIAMNF
GT64	1	Pfor|Pfor_30386	5.56	14	PRGRRL,GSFRFL,LVPRGR,LGSFRF,RLGSFR,SFRFLE,CLVPRG,RGRRLG,GRRLGS,VPRGRR,RRLGSF,TFCLVP,FKGKRY,FCLVPR
GT64	8	Pfor|Pfor_37615	9.2	14	ETEAVL,TEAVLS,GAAFIH,MNCEDI,EDIAMN,TGAAFI,NCEDIA,CEDIAM,AAFIHK,DIAMNF,FRVWRE,LTGAAF,IAMNFL,HLTRKP
GT65	1	Pfor|Pfor_37229	11.6	14	EFYGPL,MGRFGN,CMGRFG,ALNRTL,PFGPFW,GNPFGP,NPFGPF,CPCMGR,PCMGRF,SEFYGP,FGPFWD,GPFWDT,GRFGNQ,YCPCMG
GT65	1	Pfor|Pfor_9773	5.09	9	CLGYRN,FIGNCI,GNCISS,PQCLGY,LGYRNE,NCISSF,IGNCIS,QCLGYR,DLAILG
GT66	1	Pfor|Pfor_3721	43.0	59	DFREAY,RLMLTL,VAGSYD,SVAGSY,YSLWDT,GGYVFI,EFDPWF,GSYDNE,WYPLGR,HIPIIA,EAYYWL,AGSYDN,DYGYQI,FDPWFN,REAYYW,ASVSEH,DDFREA,FAGVMV,IASVSE,DVDYVL,LMLTLT,TLVDNN,HEFDPW,PGYISR,YISRSV,IHEFDP,YFYMVS,WWDYGY,DNNTWN,WGGYVF,DINKFL,DDINKF,IPIIAS,GVMVRL,RFYSLW,AGVMVR,ISRSVA,LIPLHV,VDNNTW,INKFLW,NNTWNN,GYISRS,VMVRLM,SRSVAG,SVSEHQ,MVRLML,PIIASV,YFAGVM,LVDNNT,IIASVS,WDYGYQ,GRFYSL,VSEHQP,FYSLWD,AYSSPS,NLIPLH,AWGGYV,RSVAGS,NKFLWM
GT66	1	Pfor|Pfor_25722	41.6	56	NNTWNN,PIIASV,SVAGSY,VSEHQP,DINKFL,EAYYWL,EFDPWF,RSVAGS,HEFDPW,YFAGVM,FAGVMV,RFYSLW,IPIIAS,FYSLWD,NTWNNT,VDNNTW,AGSYDN,YISRSV,IHEFDP,ASVSEH,SRSVAG,TWNNTH,GRFYSL,SVSEHQ,ISRSVA,YSLWDT,WWDYGY,AGVMVR,TGRFYS,PWTGRF,WNNTHI,NNTHIA,DFREAY,YFYMVS,PGYISR,REAYYW,IIASVS,DVDYVL,NLIPLH,FDPWFN,DDINKF,NKFLWM,AWGGYV,WYPLGR,DDFREA,GVMVRL,GSYDNE,WDYGYQ,WTGRFY,INKFLW,AYYWLR,DNNTWN,GYISRS,IASVSE,VAGSYD,DYGYQI
GT66	1	Pfor|Pfor_28512	41.0	54	IPIIAS,DFREAY,TWNNTH,NTWNNT,ASVSEH,LIPLHV,VDNNTW,NNTWNN,GRFYSL,EAYYWL,VSEHQP,VAGSYD,WYPLGR,SRSVAG,DNNTWN,GVMVRL,YFAGVM,LVDNNT,NKFLWM,AYYWLR,REAYYW,PGYISR,SVAGSY,WDYGYQ,PIIASV,FAGVMV,DDFREA,WTGRFY,TGRFYS,DDINKF,GSYDNE,AGVMVR,YFYMVS,IIASVS,YISRSV,RSVAGS,WGGYVF,NLIPLH,IASVSE,WNNTHI,INKFLW,DINKFL,GYISRS,PWTGRF,WWDYGY,SVSEHQ,IHEFDP,HIPIIA,AYSSPS,MVRLML,DYGYQI,VMVRLM,AGSYDN,ISRSVA
GT68	1	Pfor|Pfor_35002	12.6	19	NPPEGF,LRRDVY,EGFNLR,VAIIDQ,GGVAII,LVLPPW,NLRRDV,PEGFNL,VLPPWG,LYDVNP,PPEGFN,DVNPPE,VNPPEG,FNLRRD,YDVNPP,DGGVAI,GVAIID,KDGGVA,GFNLRR
GT7	2	Pfor|Pfor_30828	12.3	16	RFNRAS,AMHDVD,FNRASL,MHDVDL,DYIAMH,RASLIN,HDVDLL,SLINVG,NRASLI,IAMHDV,YIAMHD,EDDEFY,ASLINV,RFEELL,DVDLLP,LINVGF
GT7	5	Pfor|Pfor_35915	8.0	10	PPQKKS,PQKKSF,ADDDVY,ENFCMG,RADDDV,FCMGGP,YPPQKK,NFCMGG,KKSFMM,CMGGPG
GT7	6	Pfor|Pfor_16031	10.2	16	QPRHMS,GGVSAM,HDVDLL,GEDDDM,FHDVDL,IFHDVD,GGEDDD,DCFIFH,DVDLLP,FGGVSA,CFIFHD,FIFHDV,WGWGGE,GWGGED,WGGEDD,VNGFSN
GT7	6	Pfor|Pfor_16034	10.2	16	QPRHMS,GGVSAM,HDVDLL,GEDDDM,FHDVDL,IFHDVD,GGEDDD,DCFIFH,DVDLLP,FGGVSA,CFIFHD,FIFHDV,WGWGGE,GWGGED,WGGEDD,VNGFSN
GT8	39	Pfor|Pfor_12105	20.8	31	SGVFVF,ELSAAP,GSFDGG,EELSAA,FTKLHC,GGDQGL,TKLHCW,LFEREE,YSYLPA,YLPAFK,HLPFIY,PDCFNS,TLATND,KHLPFI,EREELS,LPFIYN,DCFNSG,SFDGGD,REELSA,FDGGDQ,FNSGVF,LSAAPD,DGGDQG,CFNSGV,FEREEL,GDQGLL,GWPDCF,NSGVFV,WPDCFN,TFTKLH,DQGLLN
GT8	39	Pfor|Pfor_12108	20.8	31	SGVFVF,ELSAAP,GSFDGG,EELSAA,FTKLHC,GGDQGL,TKLHCW,LFEREE,YSYLPA,YLPAFK,HLPFIY,PDCFNS,TLATND,KHLPFI,EREELS,LPFIYN,DCFNSG,SFDGGD,REELSA,FDGGDQ,FNSGVF,LSAAPD,DGGDQG,CFNSGV,FEREEL,GDQGLL,GWPDCF,NSGVFV,WPDCFN,TFTKLH,DQGLLN
GT8	39	Pfor|Pfor_16199	13.7	18	PDPGWP,FNSGVF,ADTLVL,GGDQGL,PDCFNS,FDGGDQ,DCFNSG,DQGLLN,PGWPDC,GWPDCF,GDQGLL,SFDGGD,GSFDGG,DADTLV,CFNSGV,DPGWPD,DGGDQG,WPDCFN
GT8	48	Pfor|Pfor_35510	6.29	7	PWPALG,PALGRG,QLSDHT,WPALGR,VSWIPN,SLADQD,TSLADQ
GT8	48	Pfor|Pfor_15152	5.45	6	RFVGFG,FGWNKV,VPAFET,GFGWNK,FVGFGW,VGFGWN
GT8	84	Pfor|Pfor_31859	11.6	16	VNSGVM,LMNLTR,GWYNRF,GVMLMN,VMLMNL,RPDHCM,GVNSGV,TWGDQD,SGVMLM,PDHCMY,MLMNLT,YRPDHC,ITWGDQ,WYNRFA,NYRPDH,NSGVML
GT8	84	Pfor|Pfor_29927	4.68	6	QRLFLP,KLFKPC,WKKLFK,LYVDTD,LFKPCA,KKLFKP
GT90	5	Pfor|Pfor_37656	11.3	14	FHVGDE,HVGDEW,KHLFLC,GVAASF,NQAWKS,YKYLFN,VFHVGD,KNQAWK,VAASFR,YTKNQA,LVFHVG,TKNQAW,SLVFHV,RGVAAS
GT92	2	Pfor|Pfor_10566	49.8	54	KGLDFL,YMHMLQ,HMLQHV,AQLQHY,NVYFLD,NYKQGI,NHKRQN,LGADKI,AVCVKG,TLPGGQ,TLHNHF,PGGQPN,EYKYIW,DEVIMP,KWGNYK,TKPNQY,GQPNVP,VKGLDF,IDRIEP,VYFLDD,VCVKGL,KYMHML,LPGGQP,PKYMHM,CVKGLD,RNVYFL,HNHFPL,LTKKTN,WGNYKQ,YIALLD,DLSVRL,LTLPGG,PYNDCL,TNHKRQ,FAVCVK,LHNHFP,YNDCLY,YLTKKT,HYRADC,LQHYRA,MHMLQH,HKRQNE,GNYKQG,IPKYMH,KTNHKR,GIYQPY,GGQPNV,YRADCV,KKTNHK,LRVIYN,IPYNDC,GMIDRI,QLQHYR,MIDRIE
GT92	2	Pfor|Pfor_10568	9.95	11	MHMLQH,HMLQHV,AQLQHY,TKPNQY,YRADCV,LHNHFP,HNHFPL,TLHNHF,QLQHYR,HYRADC,LQHYRA
CBM1	13	Pfor|Pfor_40229	3.72	7	QCPYPD,AVVDGF,DGFDFD,PQCPYP,DAVVDG,VDGFDF,VVDGFD
CBM13	8	Pfor|Pfor_15003	13.1	34	IVFHNE,TMAGGL,TLLRTV,PYTFPG,GGLFSI,HVGHVF,PIIDVI,FLDAHC,LDAHCE,VFHNEA,SHVGHV,AEVWMD,YTFPGG,IWGGEN,EIILVD,MDIWGG,DIWGGE,EVWMDE,PTMAGG,DAHCEC,GGENLE,GMDIWG,IILVDD,VGHVFR,FHNEAW,WLEPLL,LIRARL,GLIRAR,GWLEPL,MAGGLF,WGGENL,AGGLFS,TFLDAH,CSHVGH
CBM13	8	Pfor|Pfor_15008	12.6	32	TMAGGL,PYTFPG,GGLFSI,HVGHVF,SHVGHV,REGLIR,AEVWMD,LLRTVH,YTFPGG,IWGGEN,EIILVD,LDSHCE,DIWGGE,PTMAGG,RTVHSV,GGENLE,IILVDD,VGHVFR,FHNEAW,WLEPLL,LIRARL,LRTVHS,GLIRAR,GWLEPL,MAGGLF,WGGENL,AGGLFS,LVDDFS,SPTMAG,EVWMDE,HNEAWS,CSHVGH
CBM13	8	Pfor|Pfor_9341	10.8	28	LIRARL,TLLRTV,GGENLE,DAHCEC,WGGENL,IWGGEN,LDAHCE,FHNEAW,MAGGLF,DIWGGE,IILVDD,WLEPLL,GMDIWG,TFLDAH,CKSFKW,CSHVGH,FLDAHC,GGLFSI,GLIRAR,EIILVD,AGGLFS,PTMAGG,MDIWGG,IVFHNE,PIIDVI,GWLEPL,TMAGGL,VFHNEA
CBM13	8	Pfor|Pfor_9348	10.2	26	LIRARL,GGENLE,IWGGEN,WGGENL,LRTVHS,FHNEAW,MAGGLF,DIWGGE,IILVDD,WLEPLL,HNEAWS,CKSFKW,CSHVGH,LVDDFS,RTVHSV,LDSHCE,GGLFSI,SPTMAG,REGLIR,GLIRAR,EIILVD,LLRTVH,AGGLFS,PTMAGG,GWLEPL,TMAGGL
CBM13	8	Pfor|Pfor_13295	8.76	22	SPTMAG,LDAHCE,LLRTVH,MAGGLF,SFRIWQ,GGENLE,LIRARL,WGGENL,FRIWQC,PCSRVG,SRVGHI,PTMAGG,IILVDD,RTVHSV,TMAGGL,EIILVD,IWQCGG,GLIRAR,LRTVHS,CSRVGH,AGGLFA,FLDAHC
CBM13	8	Pfor|Pfor_29397	6.93	20	VFHNEA,WSTLLR,AWSTLL,LDAHCE,EIILVD,EAWSTL,LLRTVH,TFLDAH,VLTFLD,DAHCEC,IILVDD,STLLRT,FLDAHC,TLLRTV,LRTVHS,RTVHSV,IVFHNE,NEAWST,HNEAWS,FHNEAW
CBM13	8	Pfor|Pfor_35416	6.93	18	SPTMAG,VWGGEN,GGENLE,MAGGLF,VWMDEY,VGHVFR,PCSRVG,REGLIR,GENLEI,AGGLFA,NLEISF,WGGENL,CSRVGH,GLIRAR,LEISFR,TMAGGL,ENLEIS,PTMAGG
CBM13	8	Pfor|Pfor_29396	5.27	13	YTFPGG,WGGENL,WLEPLL,PYTFPG,CSHVGH,MAGGLF,IWGGEN,FRIWQC,IWQCGG,GWLEPL,SFRIWQ,GGENLE,AGGLFS
CBM13	8	Pfor|Pfor_33307	2.71	8	SHVGHV,FLDAHC,VWGGEN,CSHVGH,LDAHCE,AGGLFA,IVFHNE,LVDDFS
CBM13	90	Pfor|Pfor_36060	16.0	24	VAEVWM,EQYELS,QDEGAR,WGGEQY,DEGARG,ELGGYD,LSFKIW,ELSFKI,VWMDEY,QYELSF,WLPPLL,FWELGG,GEQYEL,GGEQYE,KRVAEV,NWLPPL,GGLFAI,YELSFK,NYKRVA,WELGGY,IWGGEQ,AEVWMD,RVAEVW,FAISAK
CBM14	1	Pfor|Pfor_10223	3.01	7	THLIYA,FDGLDL,CTHLIY,HLIYAF,DGLDLD,GLDLDW,LDLDWE
CBM14	1	Pfor|Pfor_10224	3.01	7	THLIYA,FDGLDL,CTHLIY,HLIYAF,DGLDLD,GLDLDW,LDLDWE
CBM14	5	Pfor|Pfor_40457	16.5	20	MVMNEL,LRVGGN,GVRAPY,NELDRR,NRAPLG,PYLRVG,RAPLGL,VRAPYL,YLRVGG,WEMVMN,MVDSCS,DSCSNI,APYLRV,RAPYLR,VDSCSN,MNELDR,YFRMPH,VWEMVM,EMVMNE,VMNELD
CBM14	5	Pfor|Pfor_38837	5.39	7	CVLPDC,LPDCFC,QTCDWK,DPNRAP,KQTCDW,VLPDCF,PDCFCS
CBM14	6	Pfor|Pfor_264	5.84	15	LGYNEI,MLGYNE,CYFGSW,GMLGYN,LDWEYP,AIGGWN,GGWNEG,FDLDWE,DGFDLD,GYNEIC,FDGFDL,DLDWEY,IGGWNE,GWNEGS,AGPYTR
CBM14	14	Pfor|Pfor_21809	4.33	9	PTTTTT,APTTTT,ITTTTT,TTTTTP,TTTTVA,TTTTTV,TITTTT,TTTTPV,TTTTTT
CBM14	14	Pfor|Pfor_14774	3.72	8	PPPPTT,PTTTTT,TTTTTA,PPPTTT,PPPPPT,TTTTAA,PPTTTT,TTTTTT
CBM14	14	Pfor|Pfor_17565	3.39	7	TTTTEK,TTTTTE,TTTTPA,TITTTT,TTTTTP,TTTTTT,ITTTTT
CBM14	14	Pfor|Pfor_34448	3.25	9	ITTTTP,TTTTPI,TTTPTT,TPTTTT,TTTTTA,TTTTTT,TTPTTT,TTTTAA,ATTTTT
CBM14	23	Pfor|Pfor_36166	9.48	13	PGCEYQ,FFLCTN,HNHCNY,FLCTNG,CENGLL,CEYQFG,GLLFDG,VGFKCP,LCTNGT,CTNGTL,NGLLFD,GCEYQF,ENGLLF
CBM14	24	Pfor|Pfor_35147	11.3	26	QCDAYI,CPEGLA,ENVTGC,DCPEGL,CPERNG,EGLAFN,AEEKLC,PERNGR,FDCPEG,AFLGFR,PEGLAF,AEAFLG,FLGFRC,DAYIEC,CDAEAF,EEKLCP,CGQFMN,RCDWPD,LGFRCP,DAEAFL,VFDCPE,DWPDQV,EAFLGF,YRCDWP,DCDAEA,CDWPDQ
CBM14	31	Pfor|Pfor_10979	27.2	33	LKPGRN,PYTLDY,WLQEDF,TLDYKI,MIGMRE,DKGYEE,QCVLHN,WPYTLD,GHCPYL,YTLDYK,YLDQCV,LDQCVL,PGRNTQ,FHTNWF,YIYDSS,GYIYDS,GGHCPY,PYLDQC,EMIGMR,KGYEEW,CPYLDQ,MMPFHT,PFHTNW,PYMMPF,EGGHCP,YMMPFH,HCPYLD,GEMIGM,FGYIYD,DQCVLH,APYMMP,KPGRNT,MPFHTN
CBM14	31	Pfor|Pfor_10980	27.2	33	LKPGRN,PYTLDY,WLQEDF,TLDYKI,MIGMRE,DKGYEE,QCVLHN,WPYTLD,GHCPYL,YTLDYK,YLDQCV,LDQCVL,PGRNTQ,FHTNWF,YIYDSS,GYIYDS,GGHCPY,PYLDQC,EMIGMR,KGYEEW,CPYLDQ,MMPFHT,PYMMPF,EGGHCP,PFHTNW,YMMPFH,HCPYLD,GEMIGM,FGYIYD,DQCVLH,APYMMP,KPGRNT,MPFHTN
CBM14	31	Pfor|Pfor_10981	27.2	33	LKPGRN,PYTLDY,WLQEDF,TLDYKI,MIGMRE,DKGYEE,QCVLHN,WPYTLD,GHCPYL,YTLDYK,YLDQCV,LDQCVL,PGRNTQ,FHTNWF,YIYDSS,GYIYDS,GGHCPY,PYLDQC,EMIGMR,KGYEEW,CPYLDQ,MMPFHT,PFHTNW,PYMMPF,EGGHCP,YMMPFH,HCPYLD,GEMIGM,FGYIYD,DQCVLH,APYMMP,KPGRNT,MPFHTN
CBM14	31	Pfor|Pfor_10982	27.2	33	LKPGRN,PYTLDY,WLQEDF,TLDYKI,MIGMRE,DKGYEE,QCVLHN,WPYTLD,GHCPYL,YTLDYK,YLDQCV,LDQCVL,PGRNTQ,FHTNWF,YIYDSS,GYIYDS,GGHCPY,PYLDQC,EMIGMR,KGYEEW,CPYLDQ,MMPFHT,PYMMPF,EGGHCP,PFHTNW,YMMPFH,HCPYLD,GEMIGM,FGYIYD,DQCVLH,APYMMP,KPGRNT,MPFHTN
CBM14	32	Pfor|Pfor_35981	16.4	33	FGGALL,EFGYYP,ESCTGG,GYYPHP,GLMYSH,WPRNVG,VYRGQP,VFGGAL,CVFGGA,GGLMYS,TQYYVC,TCDWPR,DCTQYY,EEFGYY,FGYYPH,LESCTG,CDWPRN,YYVCVF,SCTGGL,VCVFGG,ALLESC,CTGGLM,LLESCT,GGALLE,LQTCDW,TGGLMY,GALLES,DWPRNV,QTCDWP,PRNVGC,CTQYYV,QYYVCV,YVCVFG
CBM14	32	Pfor|Pfor_36648	5.0	8	NRAPFG,WPYTLD,CPTRSY,YTLDYK,RAPFGL,PTRSYP,PYTLDY,GDACSN
CBM14	36	Pfor|Pfor_28262	5.63	7	DSGGPL,GDSGGP,TAAHCL,LTAAHC,HWCGAV,SSHWCG,VCDDDF
CBM14	38	Pfor|Pfor_32132	9.57	16	RYDFLC,QKTFIC,YHHCLF,HCLFGT,DQKTFI,TTTTTT,TAFDQK,YDFLCA,FGTRYD,LCANFT,TFICHF,VSEVDC,AFDQKT,DFLCAN,KTFICH,FDQKTF
CBM14	38	Pfor|Pfor_32762	6.26	10	RPFLPS,LPSRGG,VTLNDA,FLPSRG,PFLPSR,TLNDAL,KRPFLP,VKRPFL,YDVTLN,DVTLND
CBM14	53	Pfor|Pfor_39874	3.99	6	NFDLYR,TAFDQE,DNFDLY,YADPET,YYADPE,SDNFDL
CBM19	1	Pfor|Pfor_40229	9.67	11	QCPYPD,AVVDGF,FIQFYN,PQCPYP,DGFDFD,FAFIQF,AFIQFY,IQFYNN,VDGFDF,DFAFIQ,VVDGFD
CBM19	1	Pfor|Pfor_25608	5.35	6	FIQFYN,LSLGGA,LLSLGG,YWGQNS,IQFYNN,LWDASQ
CBM2	15	Pfor|Pfor_2781	6.85	13	LYGQVG,LYGALV,WRGDSA,DLAGET,LAGETA,GETAAA,RGDSAL,AGETAA,YNAGFT,NAGFTS,VLYGQV,AGFTSA,DYNAGF
CBM2	15	Pfor|Pfor_2783	6.85	13	LYGQVG,LYGALV,WRGDSA,DLAGET,LAGETA,GETAAA,RGDSAL,AGETAA,YNAGFT,NAGFTS,VLYGQV,AGFTSA,DYNAGF
CBM2	64	Pfor|Pfor_36350	3.57	7	YLAPEV,GTPAYL,AYLAPE,TPAYLA,VGTPAY,VVGTPA,PAYLAP
CBM20	17	Pfor|Pfor_19970	6.29	8	LGEFNQ,GEFNQK,FNQKGT,EFNQKG,NYDYLM,RTKYGT,DLGEFN,TKYGTK
CBM20	26	Pfor|Pfor_16464	36.1	55	MQLKDG,IRLKQN,QNKYPV,LKQNKY,GLDVGH,ENTIAS,VKESIF,DVGHRG,FCWGDD,WGDDNN,LGINVH,GDDNND,VRENTI,KEVKES,HGADMV,FDVQLS,GFSYIL,ILGINV,HDPRCQ,MIRLKQ,VEFDVQ,QPFPTL,RRWETH,VKDLTL,SYILPS,HQPFPT,GADMVE,NTIASL,INVHTE,YHDPRC,ADMVEF,GINVHT,MVEFDV,LRDPSQ,EFDVQL,NIEIKW,AVIYDK,RDPSQV,YHDFYV,LDVGHR,KQNKYP,LTLEQL,PFPTLQ,RENTIA,DILGIN,DMVEFD,VQLSKD,HAVIYD,TIASLK,CWGDDN,DVQLSK,FSYILP,EVKESI,HPFDLN,QLKDGT
CBM20	39	Pfor|Pfor_22416	5.2	10	WVHDYH,DYARHF,HDYHLM,VHDYHL,PSSEIY,PFPSSE,LWPLFH,FPSSEI,ARHFLS,YARHFL
CBM20	39	Pfor|Pfor_2654	4.6	10	KIGFFL,LSEFTG,DYDGTL,HDYHLM,PFPSSE,WVHDYH,IGFFLH,SSEIFR,VHDYHL,FPSSEI
CBM20	39	Pfor|Pfor_2655	4.6	10	KIGFFL,LSEFTG,DYDGTL,HDYHLM,PFPSSE,WVHDYH,IGFFLH,SSEIFR,VHDYHL,FPSSEI
CBM20	39	Pfor|Pfor_2653	4.2	9	KIGFFL,DYDGTL,HDYHLM,ADPEFG,RTDEDM,PFPSSE,IGFFLH,LSEFTG,FPSSEI
CBM20	39	Pfor|Pfor_2656	4.2	9	KIGFFL,DYDGTL,HDYHLM,ADPEFG,RTDEDM,PFPSSE,IGFFLH,LSEFTG,FPSSEI
CBM25	8	Pfor|Pfor_27948	4.01	7	GTYCDV,PAGTYC,LGPKGY,RIDAAK,LPAGTY,AGTYCD,IDAAKH
CBM35	43	Pfor|Pfor_1468	5.72	7	RTPPMG,KGLKFG,NDPDML,AGPGHW,LKFGIY,GLKFGI,WNDPDM
CBM35	43	Pfor|Pfor_1469	5.72	7	RTPPMG,KGLKFG,NDPDML,AGPGHW,LKFGIY,GLKFGI,WNDPDM
CBM35	43	Pfor|Pfor_1471	5.72	7	RTPPMG,KGLKFG,NDPDML,AGPGHW,LKFGIY,GLKFGI,WNDPDM
CBM39	2	Pfor|Pfor_27664	3.12	6	GDWLYP,YITLGV,FYITLG,DWLYPE,QGDWLY,PQGDWL
CBM39	5	Pfor|Pfor_20242	7.83	10	IFEDNF,WPASGE,FEDNFD,NPIQSA,QWYPTW,VESRGN,PASGEI,WPAIWL,ASGEID,NRSNSY
CBM39	5	Pfor|Pfor_16799	5.51	7	PASGEI,SGEIDI,NFKYGK,FNFKYG,ASGEID,WPAIWL,WPASGE
CBM43	12	Pfor|Pfor_25763	4.78	11	QFFIKG,KGSKFF,ASAYVK,AGNEVT,SEFGCN,AYVKAA,KGIAYQ,DAGIYV,PRPFTE,SAYVKA,GNEVTN
CBM43	12	Pfor|Pfor_20079	2.92	6	GNEVTN,FFAGNE,FAGNEV,KGIAYQ,DAGIYV,AGNEVT
CBM43	12	Pfor|Pfor_17710	2.74	7	KGSKFF,KGVAYQ,GNEVTN,NIYSWC,IYSWCG,QFFIKG,AGNEVT
CBM47	5	Pfor|Pfor_36421	28.0	28	MPGAFV,LPCNPP,FLPCNP,EAFVYT,LPIERC,PPMPGA,PLFLPC,FVYTDQ,GAFVSV,AFVSVH,FVSVHL,PMPGAF,RDQPPG,GKCYIF,PCNPPM,PIERCP,CYIFYN,PGAFVS,NGKCYI,CEAFVY,QALPIE,YTDQAL,ALPIER,LFLPCN,DQALPI,KCYIFY,YNGKCY,YIFYNR
CBM47	5	Pfor|Pfor_34237	27.0	27	GFISWE,SNPALQ,ELWRRH,PALQGF,QGFISW,FISWEL,LQGFIS,QYWMGA,WLWSDT,GWLWSD,RRHRSD,MGAVRD,QPPNST,SQYWMG,WMGAVR,ISWELW,FICQHQ,ICQHQP,YWMGAV,WELWRR,WRRHRS,LWRRHR,EQPPNS,PEQPPN,LNFICQ,ESNPAL,SWELWR
CBM48	20	Pfor|Pfor_17221	27.1	39	HKMIRL,ESHDQA,AEDVSG,RFDGVT,SRLFNY,GFRFDG,DQALVG,GEGYLN,TLTNRR,DFPREG,FRFDGV,HDQALV,NEFGHP,GNEFGH,EWAPNA,IYEAHV,DGFRFD,QALVGD,EGYLNF,FGHPEW,ASFGYQ,SHDQAL,YREWAP,FDGVTS,MAIMEH,YASFGY,LVGDKT,GFDYRL,YYASFG,YEAHVG,EFGHPE,SFGYQV,ALVGDK,QLMAIM,VGDKTI,DGVTSM,IQLMAI,FPREGN,LMAIME
CBM48	20	Pfor|Pfor_28171	26.0	37	HDQALV,RGIALH,ESHDQA,DYRLAM,FGHPEW,MGNEFG,VVHSHA,SFGYQV,FDGFRF,GNEFGH,VGDKTI,SRLFNY,NEFGHP,AEDVSG,VHSHAS,FMGNEF,DSRLFN,YASFGY,DVVHSH,YLNFMG,SHDQAL,DGFRFD,WDSRLF,ALVGDK,LVGDKT,YYASFG,ASFGYQ,GDFNNW,NFMGNE,FDYRLA,FRFDGV,GFDYRL,DQALVG,LNFMGN,EFGHPE,QALVGD,GFRFDG
CBM48	43	Pfor|Pfor_21946	37.4	45	LNHLYA,EHQYKF,DLPEGE,LLYKPI,PPHLLQ,LLQVIL,MLNHLY,LPEPNH,VLSATH,ALSIKD,YVTTLL,VMLNHL,QVILNK,PILPPH,PNHVML,ILPPHL,GEHQYK,TTLLYK,PEGEHQ,PHLLQV,KKYVTT,PPILPP,HLYALS,ILNKDT,LLPEPN,HVMLNH,SATHRY,LYALSI,LPEGEH,EGEHQY,MVLSAT,HLLQVI,LQVILN,YALSIK,VILNKD,KYVTTL,EPNHVM,VTTLLY,LSATHR,TLLYKP,LPPHLL,NHVMLN,VMVLSA,PEPNHV,NHLYAL
CBM49	1	Pfor|Pfor_2781	9.04	11	GYYDAG,DLAGET,LAGETA,GETAAA,EAQRSG,AGETAA,SDLAGE,PGSDLA,YYDAGD,GSDLAG,GGYYDA
CBM49	1	Pfor|Pfor_2783	9.04	11	GYYDAG,DLAGET,LAGETA,GETAAA,EAQRSG,AGETAA,SDLAGE,PGSDLA,YYDAGD,GSDLAG,GGYYDA
CBM5	2	Pfor|Pfor_23668	4.83	6	GVDIDW,VDIDWE,DGVDID,IDWEFP,DIDWEF,FDGVDI
CBM5	14	Pfor|Pfor_17045	3.92	6	IDIDWE,DGIDID,IDWEYP,GIDIDW,DWEYPG,DIDWEY
CBM5	29	Pfor|Pfor_14746	6.72	7	TAAHCV,LTAAHC,CQGDSG,GDSGGP,QGDSGG,VLTAAH,YVLTAA
CBM5	29	Pfor|Pfor_14748	6.72	7	TAAHCV,LTAAHC,CQGDSG,GDSGGP,QGDSGG,VLTAAH,YVLTAA
CBM5	29	Pfor|Pfor_29759	5.88	6	QGDSGG,TAAHCV,VLTAAH,CQGDSG,LTAAHC,GDSGGP
CBM5	29	Pfor|Pfor_28286	5.87	6	QGDSGG,VLTAAH,GDSGGP,TAAHCV,LTAAHC,CQGDSG
CBM5	29	Pfor|Pfor_15698	5.76	6	CQGDSG,DSCQGD,GDSGGP,QGDSGG,SCQGDS,DSGGPI
CBM5	49	Pfor|Pfor_9251	6.14	8	MATPHV,SMSLGG,SGTSMA,GTSMAT,ISGTSM,TSMATP,SMATPH,NGHGTH
CBM5	49	Pfor|Pfor_9252	6.14	8	MATPHV,SMSLGG,SGTSMA,GTSMAT,ISGTSM,TSMATP,SMATPH,NGHGTH
CBM57	4	Pfor|Pfor_29173	12.8	14	QTERYH,YQTERY,TERYHH,VAHDEY,RVEFIK,MKVFDV,ILYQTE,FCEVYF,KFCEVY,LYQTER,ERYHHS,LKFCEV,VEFIKG,CEVYFN
CBM57	16	Pfor|Pfor_14450	17.4	18	AYGQTG,FAYGQT,SLSALG,LQDSLG,IFAYGQ,LVDLAG,LLQDSL,VDLAGS,TGTGKT,HSSRSH,NEHSSR,YGQTGT,GQTGTG,DLAGSE,QTGTGK,QDSLGG,LAGSER,EHSSRS
CBM57	16	Pfor|Pfor_10228	14.7	15	LLQDSL,FAYGQT,IFAYGQ,LQDSLG,QDSLGG,GQTGTG,RNSKLT,QTGTGK,TGTGKT,DLAGSE,AYGQTG,YGQTGT,LAGSER,VDLAGS,LVDLAG
CBM57	16	Pfor|Pfor_24723	12.8	14	IFAYGQ,SKTLMF,DLAGSE,IRVFCR,KTFTME,FAYGQT,AYGQTG,GNIRVF,VCIFAY,RNSKLT,NIRVFC,GKTFTM,KTLMFV,TFTMEG
CBM57	16	Pfor|Pfor_10106	11.7	12	FAYGQT,IFAYGQ,LQDSLG,QDSLGG,GQTGTG,QTGTGK,TGTGKT,DLAGSE,AYGQTG,YGQTGT,LVDLAG,VDLAGS
CBM57	16	Pfor|Pfor_25037	11.7	12	QTGTGK,LQDSLG,VDLAGS,TGTGKT,AYGQTG,DLAGSE,YGQTGT,GQTGTG,SSRSHC,LVDLAG,QDSLGG,FAYGQT
CBM57	16	Pfor|Pfor_2497	10.3	11	VCIFAY,LVDLAG,GYNVCI,AYGQTG,FAYGQT,NVCIFA,YNVCIF,IFAYGQ,DLAGSE,LAGSER,VDLAGS
CBM57	16	Pfor|Pfor_2501	10.3	11	VCIFAY,LVDLAG,GYNVCI,AYGQTG,FAYGQT,NVCIFA,YNVCIF,IFAYGQ,DLAGSE,LAGSER,VDLAGS
CBM57	16	Pfor|Pfor_2504	10.3	11	VCIFAY,LVDLAG,GYNVCI,AYGQTG,FAYGQT,NVCIFA,YNVCIF,IFAYGQ,DLAGSE,LAGSER,VDLAGS
CBM57	16	Pfor|Pfor_2507	10.3	11	VCIFAY,LVDLAG,GYNVCI,AYGQTG,FAYGQT,NVCIFA,YNVCIF,IFAYGQ,DLAGSE,LAGSER,VDLAGS
CBM57	16	Pfor|Pfor_2510	10.3	11	VCIFAY,LVDLAG,GYNVCI,AYGQTG,FAYGQT,NVCIFA,YNVCIF,IFAYGQ,DLAGSE,LAGSER,VDLAGS
CBM57	16	Pfor|Pfor_2513	10.3	11	VCIFAY,LVDLAG,GYNVCI,AYGQTG,FAYGQT,NVCIFA,YNVCIF,IFAYGQ,DLAGSE,LAGSER,VDLAGS
CBM57	16	Pfor|Pfor_2516	10.3	11	VCIFAY,LVDLAG,GYNVCI,AYGQTG,FAYGQT,NVCIFA,YNVCIF,IFAYGQ,DLAGSE,LAGSER,VDLAGS
CBM57	16	Pfor|Pfor_2519	10.3	11	VCIFAY,LVDLAG,GYNVCI,AYGQTG,FAYGQT,NVCIFA,YNVCIF,IFAYGQ,DLAGSE,LAGSER,VDLAGS
CBM57	16	Pfor|Pfor_24126	8.39	9	IFAYGQ,DLAGSE,VDLAGS,FAYGQT,NEHSSR,LVDLAG,HSSRSH,EHSSRS,SLSALG
CBM57	16	Pfor|Pfor_10229	8.0	8	LLQDSL,LQDSLG,QDSLGG,RNSKLT,DLAGSE,LAGSER,LVDLAG,VDLAGS
CBM57	16	Pfor|Pfor_35317	8.0	8	SKLTHL,RNSKLT,LVDLAG,NSKLTH,KLTHLL,LAGSER,DLAGSE,VDLAGS
CBM57	16	Pfor|Pfor_4469	7.88	8	LAGSER,QDSLGG,VDLAGS,LQDSLG,AYGQTG,DLAGSE,LLQDSL,FAYGQT
CBM57	16	Pfor|Pfor_4470	7.88	8	LAGSER,QDSLGG,VDLAGS,LQDSLG,AYGQTG,DLAGSE,LLQDSL,FAYGQT
CBM57	16	Pfor|Pfor_3369	6.76	7	LVDLAG,AYGQTG,FAYGQT,IFAYGQ,DLAGSE,LAGSER,VDLAGS
CBM57	16	Pfor|Pfor_3372	6.76	7	LVDLAG,AYGQTG,FAYGQT,IFAYGQ,DLAGSE,LAGSER,VDLAGS
CBM57	16	Pfor|Pfor_18260	6.76	7	LVDLAG,IFAYGQ,AYGQTG,LAGSER,DLAGSE,FAYGQT,VDLAGS
CBM57	16	Pfor|Pfor_20336	6.76	7	IFAYGQ,VDLAGS,DLAGSE,LAGSER,RNSKLT,FAYGQT,AYGQTG
CBM57	16	Pfor|Pfor_24685	6.76	7	DLAGSE,VDLAGS,FAYGQT,AYGQTG,LVDLAG,SLSALG,GKTFTM
CBM57	16	Pfor|Pfor_23202	5.88	6	GQTGTG,TGTGKT,FAYGQT,AYGQTG,QTGTGK,YGQTGT
CBM57	16	Pfor|Pfor_21411	5.76	6	FAYGQT,DLAGSE,AYGQTG,GKTFTM,LVDLAG,VDLAGS
CBM73	8	Pfor|Pfor_14746	5.94	6	TAAHCV,LTAAHC,CQGDSG,GDSGGP,QGDSGG,VLTAAH
CBM73	8	Pfor|Pfor_14748	5.94	6	TAAHCV,LTAAHC,CQGDSG,GDSGGP,QGDSGG,VLTAAH
CBM73	8	Pfor|Pfor_15698	5.94	6	CQGDSG,DSCQGD,GDSGGP,QGDSGG,SCQGDS,DSGGPI
CBM73	8	Pfor|Pfor_28286	5.94	6	QGDSGG,VLTAAH,GDSGGP,TAAHCV,LTAAHC,CQGDSG
CBM73	8	Pfor|Pfor_29759	5.94	6	QGDSGG,TAAHCV,VLTAAH,CQGDSG,LTAAHC,GDSGGP
