HMM Profile	Profile Length	Gene ID	Gene Length	E Value	Profile Start	Profile End	Gene Start	Gene End	Coverage
GH16_3.hmm	230	Entmai1|Entmai1_1068894	317	1.3e-57	2	230	51	316	0.991304347826087
GH16_19.hmm	174	Entmai1|Entmai1_1068978	245	2.2e-52	22	174	78	222	0.8735632183908046
GH16_19.hmm	174	Entmai1|Entmai1_1069073	236	9.1e-52	3	174	40	203	0.9827586206896551
AA7.hmm	458	Entmai1|Entmai1_1071740	437	3.7e-61	57	268	3	207	0.4606986899563319
GH18.hmm	296	Entmai1|Entmai1_1072571	533	2e-67	3	284	16	378	0.9493243243243243
AA1_3.hmm	312	Entmai1|Entmai1_1073803	480	6.4e-29	41	266	39	258	0.7211538461538461
GT8.hmm	257	Entmai1|Entmai1_1074647	708	3e-45	25	255	4	228	0.8949416342412452
GH5_9.hmm	303	Entmai1|Entmai1_1074968	359	3.7e-62	1	227	67	274	0.7458745874587459
CBM63.hmm	78	Entmai1|Entmai1_1075553	215	5e-18	5	75	130	199	0.8974358974358975
GT1.hmm	382	Entmai1|Entmai1_1077811	559	3.9e-27	82	352	124	450	0.7068062827225131
GH20.hmm	337	Entmai1|Entmai1_1077908	515	7.9e-85	3	336	154	465	0.9881305637982196
GH17.hmm	311	Entmai1|Entmai1_1078601	296	8.8e-33	2	307	21	288	0.9807073954983923
GH18.hmm	296	Entmai1|Entmai1_1079336	340	1.3e-22	48	199	77	258	0.5101351351351351
GH37.hmm	491	Entmai1|Entmai1_1083440	611	1.3e-147	3	490	42	594	0.9918533604887984
GT48.hmm	739	Entmai1|Entmai1_1084537	1820	4.7e-283	1	722	799	1567	0.9756427604871448
AA11.hmm	191	Entmai1|Entmai1_1084740	230	2.1e-39	9	167	34	178	0.8272251308900523
GH18.hmm	296	Entmai1|Entmai1_1085532	380	1.3e-17	23	284	28	357	0.8817567567567568
AA11.hmm	191	Entmai1|Entmai1_1085565	251	4.9e-41	11	166	36	176	0.8115183246073299
GT2_Chitin_synth_2.hmm	527	Entmai1|Entmai1_1085775	1782	4.5e-236	4	527	1108	1617	0.9924098671726755
GH47.hmm	446	Entmai1|Entmai1_1086280	454	4.9e-78	2	446	51	449	0.9955156950672646
GH16_4.hmm	316	Entmai1|Entmai1_1088031	294	8.5e-48	60	218	63	213	0.5
GH37.hmm	491	Entmai1|Entmai1_1089175	496	2.4e-57	4	230	36	255	0.46028513238289204
GH81.hmm	622	Entmai1|Entmai1_1089229	652	1.3e-175	14	622	28	645	0.977491961414791
GH132.hmm	303	Entmai1|Entmai1_1091715	648	6.2e-50	49	300	387	632	0.8283828382838284
AA11.hmm	191	Entmai1|Entmai1_1092784	397	2e-42	1	165	16	174	0.8586387434554974
CE16.hmm	267	Entmai1|Entmai1_1096278	289	4.8e-17	3	265	22	283	0.9812734082397003
CE4.hmm	130	Entmai1|Entmai1_1096920	340	2.7e-27	8	124	112	231	0.8923076923076924
GH16_19.hmm	174	Entmai1|Entmai1_1096977	340	1.2e-51	3	174	93	253	0.9827586206896551
GH72.hmm	312	Entmai1|Entmai1_1099455	462	3.2e-101	6	306	16	294	0.9615384615384616
GH132.hmm	303	Entmai1|Entmai1_1099892	284	8.1e-64	43	302	27	282	0.8547854785478548
GT2_Chitin_synth_2.hmm	527	Entmai1|Entmai1_1100776	1044	3.5e-199	16	527	519	964	0.969639468690702
GH72.hmm	312	Entmai1|Entmai1_1100787	409	3.7e-34	4	201	9	189	0.6314102564102564
AA3_2.hmm	568	Entmai1|Entmai1_1100870	588	7.8e-98	1	568	20	585	0.9982394366197183
AA11.hmm	191	Entmai1|Entmai1_1101116	309	1.3e-34	11	163	38	185	0.7958115183246073
GT1.hmm	382	Entmai1|Entmai1_1102418	550	2.5e-30	169	361	211	448	0.5026178010471204
CE4.hmm	130	Entmai1|Entmai1_1102530	344	3.8e-27	7	122	116	234	0.8846153846153846
AA3_2.hmm	568	Entmai1|Entmai1_1102535	582	5.9e-96	2	567	19	581	0.9947183098591549
GH16_4.hmm	316	Entmai1|Entmai1_138819	371	3.5e-112	1	316	38	364	0.9968354430379747
GH16_4.hmm	316	Entmai1|Entmai1_139098	365	2.8e-113	1	316	30	357	0.9968354430379747
GH16_4.hmm	316	Entmai1|Entmai1_139156	365	8e-113	1	316	30	357	0.9968354430379747
GT39.hmm	223	Entmai1|Entmai1_148074	210	4.6e-23	2	105	89	207	0.4618834080717489
GT1.hmm	382	Entmai1|Entmai1_148645	534	1.4e-28	168	353	194	422	0.48429319371727747
GT15.hmm	273	Entmai1|Entmai1_237302	407	1.8e-78	1	271	85	367	0.989010989010989
CE4.hmm	130	Entmai1|Entmai1_244101	340	6.3e-29	8	124	112	231	0.8923076923076924
AA6.hmm	195	Entmai1|Entmai1_283314	208	4.4e-81	1	194	6	200	0.9897435897435898
GT2_Chitin_synth_2.hmm	527	Entmai1|Entmai1_301674	1009	3.8e-248	20	526	389	886	0.9601518026565465
GT2_Chitin_synth_2.hmm	527	Entmai1|Entmai1_30420	1137	9.1e-265	19	527	490	988	0.9639468690702088
GT48.hmm	739	Entmai1|Entmai1_304211	1917	2.7e-291	2	721	855	1627	0.972936400541272
GT1.hmm	382	Entmai1|Entmai1_318707	406	1.9e-29	197	360	104	302	0.42670157068062825
GT66.hmm	693	Entmai1|Entmai1_36506	730	2.3e-185	9	600	13	655	0.8528138528138528
GH18.hmm	296	Entmai1|Entmai1_44802	467	1e-25	2	201	20	270	0.6722972972972973
AA11.hmm	191	Entmai1|Entmai1_487678	202	1.6e-41	1	163	11	167	0.8481675392670157
AA11.hmm	191	Entmai1|Entmai1_487929	198	4.5e-39	11	168	21	172	0.8219895287958116
GT2_Chitin_synth_2.hmm	527	Entmai1|Entmai1_491791	630	6.9e-25	188	525	241	564	0.6394686907020873
AA11.hmm	191	Entmai1|Entmai1_494538	199	5.5e-32	24	163	48	173	0.7277486910994765
AA6.hmm	195	Entmai1|Entmai1_503580	218	2.6e-65	1	185	21	217	0.9435897435897436
GT1.hmm	382	Entmai1|Entmai1_504053	495	1.2e-23	112	354	120	393	0.6335078534031413
AA11.hmm	191	Entmai1|Entmai1_505286	511	9.6e-38	1	162	260	416	0.8429319371727748
GH132.hmm	303	Entmai1|Entmai1_506010	307	2.3e-68	10	295	22	297	0.9405940594059405
GH16_19.hmm	174	Entmai1|Entmai1_506189	298	5.6e-47	6	173	109	269	0.9597701149425287
GH18.hmm	296	Entmai1|Entmai1_510768	518	2.8e-59	3	283	60	434	0.9459459459459459
AA11.hmm	191	Entmai1|Entmai1_511127	213	2.1e-36	14	177	39	187	0.8534031413612565
GT57.hmm	481	Entmai1|Entmai1_511292	357	1.5e-76	70	463	1	353	0.817047817047817
GH5_12.hmm	539	Entmai1|Entmai1_511411	651	1.5e-95	2	279	18	289	0.5139146567717996
GH5_12.hmm	539	Entmai1|Entmai1_511411	651	1.1e-53	323	539	294	504	0.4007421150278293
GH37.hmm	491	Entmai1|Entmai1_515267	618	2e-142	3	490	35	583	0.9918533604887984
GT2_Chitin_synth_2.hmm	527	Entmai1|Entmai1_515373	794	1.3e-227	18	495	328	794	0.905123339658444
AA7.hmm	458	Entmai1|Entmai1_516910	481	3.9e-90	5	458	53	478	0.9890829694323144
GT57.hmm	481	Entmai1|Entmai1_519567	534	8.8e-133	2	480	61	516	0.9937629937629938
CE1.hmm	227	Entmai1|Entmai1_519596	303	2.9e-34	3	224	33	296	0.973568281938326
GH31.hmm	427	Entmai1|Entmai1_520402	941	7e-161	2	427	344	787	0.9953161592505855
GT1.hmm	382	Entmai1|Entmai1_520977	509	6e-21	180	353	207	397	0.45287958115183247
AA3_2.hmm	568	Entmai1|Entmai1_521697	583	9.5e-79	17	567	2	578	0.9683098591549296
CE4.hmm	130	Entmai1|Entmai1_523028	312	1.8e-27	8	124	82	201	0.8923076923076924
GT39.hmm	223	Entmai1|Entmai1_524432	161	2.5e-43	2	139	6	158	0.6143497757847534
GT2_Chitin_synth_2.hmm	527	Entmai1|Entmai1_525774	1602	4.5e-56	18	255	1158	1379	0.4497153700189753
GH13_8.hmm	293	Entmai1|Entmai1_528327	723	9.7e-153	1	293	257	550	0.9965870307167235
AA11.hmm	191	Entmai1|Entmai1_532577	209	2.7e-31	24	163	55	184	0.7277486910994765
AA11.hmm	191	Entmai1|Entmai1_532923	201	3.9e-40	1	171	16	182	0.8900523560209425
GH24.hmm	137	Entmai1|Entmai1_538172	167	3.9e-32	3	137	21	157	0.9781021897810219
AA11.hmm	191	Entmai1|Entmai1_539634	250	3.9e-36	10	163	33	173	0.8010471204188482
GT2_Chitin_synth_2.hmm	527	Entmai1|Entmai1_540604	974	7.1e-247	22	526	382	877	0.9563567362428842
GH18.hmm	296	Entmai1|Entmai1_541254	396	3e-68	51	284	26	351	0.7871621621621622
GH18.hmm	296	Entmai1|Entmai1_541255	396	3e-68	51	284	26	351	0.7871621621621622
GH20.hmm	337	Entmai1|Entmai1_541914	791	4.2e-35	10	316	159	464	0.9080118694362018
CBM63.hmm	78	Entmai1|Entmai1_544088	210	5.6e-17	2	71	123	192	0.8846153846153846
GT35.hmm	674	Entmai1|Entmai1_545768	897	8.9e-271	3	674	159	874	0.9955489614243324
GH18.hmm	296	Entmai1|Entmai1_546918	422	4.3e-71	4	284	19	400	0.9459459459459459
GT1.hmm	382	Entmai1|Entmai1_547506	560	7.2e-26	46	350	86	445	0.7958115183246073
AA1.hmm	943	Entmai1|Entmai1_551166	538	4.4e-66	451	792	38	385	0.3616118769883351
GH37.hmm	491	Entmai1|Entmai1_551667	611	5.4e-148	3	490	45	594	0.9918533604887984
GT20.hmm	475	Entmai1|Entmai1_552148	475	1.4e-198	11	474	11	474	0.9747368421052631
AA11.hmm	191	Entmai1|Entmai1_553252	235	5.6e-37	5	172	20	185	0.8743455497382199
GH18.hmm	296	Entmai1|Entmai1_554570	309	5.4e-18	5	198	24	267	0.652027027027027
GT2_Chitin_synth_2.hmm	527	Entmai1|Entmai1_557392	1797	9.1e-233	3	527	1136	1644	0.9943074003795066
GT2_Chitin_synth_1.hmm	163	Entmai1|Entmai1_557733	834	6.1e-77	1	163	165	327	0.9938650306748467
GH24.hmm	137	Entmai1|Entmai1_558036	167	6.7e-30	1	137	19	157	0.9927007299270073
GH35.hmm	307	Entmai1|Entmai1_558087	1122	4.9e-65	1	303	63	439	0.9837133550488599
GH24.hmm	137	Entmai1|Entmai1_558284	171	1e-35	2	137	24	161	0.9854014598540146
GT48.hmm	739	Entmai1|Entmai1_559188	1913	2.3e-291	3	726	875	1640	0.9783491204330176
AA3_2.hmm	568	Entmai1|Entmai1_561763	583	1.9e-80	17	567	2	578	0.9683098591549296
GT2_Chitin_synth_2.hmm	527	Entmai1|Entmai1_562858	1658	4.7e-229	6	525	1010	1515	0.9848197343453511
AA11.hmm	191	Entmai1|Entmai1_574463	210	5.6e-30	24	162	55	183	0.7225130890052356
GH17.hmm	311	Entmai1|Entmai1_576743	335	2.3e-19	7	303	65	319	0.9517684887459807
GH18.hmm	296	Entmai1|Entmai1_577663	427	2.8e-74	4	284	19	400	0.9459459459459459
GH15.hmm	361	Entmai1|Entmai1_578019	655	4.7e-77	3	360	273	647	0.9889196675900277
GH18.hmm	296	Entmai1|Entmai1_579080	439	1.9e-23	6	201	2	246	0.6587837837837838
GT1.hmm	382	Entmai1|Entmai1_579818	525	1.6e-20	79	351	119	414	0.7120418848167539
GT1.hmm	382	Entmai1|Entmai1_579829	503	5.4e-22	187	362	213	411	0.4581151832460733
AA11.hmm	191	Entmai1|Entmai1_579977	325	3.7e-41	1	163	15	172	0.8481675392670157
GT1.hmm	382	Entmai1|Entmai1_580242	526	2.1e-21	76	353	117	417	0.725130890052356
AA11.hmm	191	Entmai1|Entmai1_580247	225	5.8e-36	11	172	34	181	0.8429319371727748
GH18.hmm	296	Entmai1|Entmai1_580808	553	2e-24	3	203	58	308	0.6756756756756757
GH16_19.hmm	174	Entmai1|Entmai1_585736	252	1.3e-49	23	174	78	227	0.867816091954023
GH47.hmm	446	Entmai1|Entmai1_587872	502	2.2e-140	1	446	69	500	0.9977578475336323
GH16_19.hmm	174	Entmai1|Entmai1_589019	225	1.1e-52	3	174	36	199	0.9827586206896551
GH16_19.hmm	174	Entmai1|Entmai1_590199	341	3.7e-50	8	174	112	268	0.9540229885057471
GH47.hmm	446	Entmai1|Entmai1_590222	579	2e-151	1	445	117	566	0.9955156950672646
GH18.hmm	296	Entmai1|Entmai1_594821	815	7e-69	3	283	31	411	0.9459459459459459
GH47.hmm	446	Entmai1|Entmai1_596353	674	1.1e-150	1	446	84	537	0.9977578475336323
GT2_Glycos_transf_2.hmm	170	Entmai1|Entmai1_596514	238	3e-33	1	169	6	176	0.9882352941176471
GH13_5.hmm	342	Entmai1|Entmai1_597164	489	1.6e-138	2	341	32	371	0.9912280701754386
GT2_Chitin_synth_2.hmm	527	Entmai1|Entmai1_598932	1101	8.4e-41	20	487	420	913	0.8861480075901328
GH13_25.hmm	434	Entmai1|Entmai1_601963	1490	1.1e-190	4	433	1042	1479	0.988479262672811
AA7.hmm	458	Entmai1|Entmai1_603006	482	2.8e-76	6	458	53	478	0.9868995633187773
GT59.hmm	404	Entmai1|Entmai1_605194	549	3.1e-95	2	403	112	500	0.9925742574257426
GT4.hmm	160	Entmai1|Entmai1_607769	446	1.3e-31	12	146	202	334	0.8375
GT1.hmm	382	Entmai1|Entmai1_609308	318	1.1e-21	194	337	150	308	0.3743455497382199
GT15.hmm	273	Entmai1|Entmai1_615253	409	6.2e-106	3	272	56	349	0.9853479853479854
AA11.hmm	191	Entmai1|Entmai1_617127	293	9.2e-46	11	163	53	192	0.7958115183246073
AA11.hmm	191	Entmai1|Entmai1_617133	293	9.2e-46	11	163	53	192	0.7958115183246073
AA11.hmm	191	Entmai1|Entmai1_617213	266	7.5e-43	12	163	22	157	0.7905759162303665
AA11.hmm	191	Entmai1|Entmai1_617218	295	3.1e-43	11	163	35	172	0.7958115183246073
AA11.hmm	191	Entmai1|Entmai1_617227	209	3.5e-46	2	176	17	185	0.9109947643979057
AA11.hmm	191	Entmai1|Entmai1_617233	209	3.6e-46	2	176	17	185	0.9109947643979057
GH47.hmm	446	Entmai1|Entmai1_618837	439	9.8e-128	2	446	8	436	0.9955156950672646
GT24.hmm	248	Entmai1|Entmai1_619340	1503	2.3e-130	1	248	1210	1457	0.9959677419354839
CBM63.hmm	78	Entmai1|Entmai1_624197	216	1.1e-16	2	64	132	194	0.7948717948717948
AA11.hmm	191	Entmai1|Entmai1_626150	250	3.6e-42	11	162	32	173	0.7905759162303665
GT22.hmm	389	Entmai1|Entmai1_628473	600	1.1e-61	3	354	34	443	0.9023136246786633
GH16_4.hmm	316	Entmai1|Entmai1_628480	416	2.1e-113	1	315	65	412	0.9936708860759493
GH18.hmm	296	Entmai1|Entmai1_628485	391	2.2e-77	4	284	4	380	0.9459459459459459
GH16_4.hmm	316	Entmai1|Entmai1_628782	208	1.6e-78	59	264	2	208	0.6487341772151899
GH16_4.hmm	316	Entmai1|Entmai1_629056	361	5.4e-116	1	316	26	353	0.9968354430379747
GH16_4.hmm	316	Entmai1|Entmai1_629074	361	5.4e-116	1	316	26	353	0.9968354430379747
GH16_4.hmm	316	Entmai1|Entmai1_629150	382	5.7e-115	1	316	50	380	0.9968354430379747
GT57.hmm	481	Entmai1|Entmai1_629548	498	5.7e-146	3	480	29	490	0.9916839916839917
GT8.hmm	257	Entmai1|Entmai1_630758	328	1.9e-35	28	254	12	296	0.8793774319066148
GH5_9.hmm	303	Entmai1|Entmai1_631032	499	7.7e-106	1	303	157	469	0.9966996699669967
GT22.hmm	389	Entmai1|Entmai1_631869	632	1.2e-82	3	389	59	504	0.9922879177377892
GH47.hmm	446	Entmai1|Entmai1_632166	581	2.8e-151	1	446	109	575	0.9977578475336323
AA2.hmm	255	Entmai1|Entmai1_632246	269	4.9e-50	5	253	12	261	0.9725490196078431
GH47.hmm	446	Entmai1|Entmai1_632614	604	2.6e-142	1	446	148	597	0.9977578475336323
GT2_Glycos_transf_2.hmm	170	Entmai1|Entmai1_634623	344	7e-24	1	165	70	248	0.9647058823529412
GH81.hmm	622	Entmai1|Entmai1_634993	624	1.7e-170	17	622	3	619	0.9726688102893891
GH18.hmm	296	Entmai1|Entmai1_637563	431	5.3e-55	23	285	37	371	0.8851351351351351
GT69.hmm	239	Entmai1|Entmai1_639072	417	1.5e-61	1	237	94	352	0.9874476987447699
AA11.hmm	191	Entmai1|Entmai1_641735	482	9.3e-41	1	168	18	177	0.8743455497382199
GH72.hmm	312	Entmai1|Entmai1_642619	429	4e-101	61	310	2	249	0.7980769230769231
GT33.hmm	425	Entmai1|Entmai1_648775	453	5e-145	2	424	13	450	0.9929411764705882
GT3.hmm	637	Entmai1|Entmai1_652460	705	5.2e-292	1	628	24	646	0.9843014128728415
AA11.hmm	191	Entmai1|Entmai1_656455	496	3.9e-42	1	165	18	176	0.8586387434554974
GT2_Chitin_synth_2.hmm	527	Entmai1|Entmai1_657436	1166	5.8e-74	26	491	352	789	0.8823529411764706
AA11.hmm	191	Entmai1|Entmai1_657603	251	1.6e-33	10	163	33	173	0.8010471204188482
GT39.hmm	223	Entmai1|Entmai1_659469	793	3.3e-71	2	223	64	305	0.9910313901345291
CE1.hmm	227	Entmai1|Entmai1_660732	286	3.5e-46	1	224	21	277	0.9823788546255506
CE1.hmm	227	Entmai1|Entmai1_662628	286	5.2e-42	1	223	26	278	0.9779735682819384
GT21.hmm	233	Entmai1|Entmai1_664066	285	4.9e-61	52	233	1	181	0.776824034334764
GT21.hmm	233	Entmai1|Entmai1_664068	297	1.6e-57	52	233	1	181	0.776824034334764
GH18.hmm	296	Entmai1|Entmai1_665787	381	1.9e-71	29	285	5	372	0.8648648648648649
GH18.hmm	296	Entmai1|Entmai1_665792	392	8.8e-70	51	285	26	352	0.7905405405405406
GH18.hmm	296	Entmai1|Entmai1_665796	508	1.1e-74	2	284	20	403	0.9527027027027027
GT1.hmm	382	Entmai1|Entmai1_666671	364	2.7e-21	179	353	94	285	0.45549738219895286
GT21.hmm	233	Entmai1|Entmai1_668115	481	1.7e-86	1	233	47	278	0.9957081545064378
GH3.hmm	216	Entmai1|Entmai1_668201	770	1e-58	3	215	120	350	0.9814814814814815
GT2_Chitin_synth_1.hmm	163	Entmai1|Entmai1_668873	824	9.6e-78	1	163	153	315	0.9938650306748467
GT76.hmm	407	Entmai1|Entmai1_670687	291	1e-71	4	275	15	291	0.6658476658476659
GT1.hmm	382	Entmai1|Entmai1_674079	500	9.7e-25	202	349	202	382	0.38481675392670156
GT2_Chitin_synth_2.hmm	527	Entmai1|Entmai1_674983	794	4e-27	204	521	306	609	0.6015180265654649
GH5_12.hmm	539	Entmai1|Entmai1_675259	973	4.9e-179	1	539	246	755	0.9981447124304267
GT1.hmm	382	Entmai1|Entmai1_676353	547	1.4e-28	146	356	184	425	0.5497382198952879
GT2_Chitin_synth_2.hmm	527	Entmai1|Entmai1_677212	801	1.4e-25	205	523	284	588	0.603415559772296
GT1.hmm	382	Entmai1|Entmai1_680401	423	1.4e-31	146	361	51	318	0.56282722513089
GH16_19.hmm	174	Entmai1|Entmai1_680680	357	2.9e-46	4	174	101	258	0.9770114942528736
CE4.hmm	130	Entmai1|Entmai1_682135	348	1.8e-28	8	124	120	239	0.8923076923076924
GH20.hmm	337	Entmai1|Entmai1_684723	541	1.1e-92	5	336	138	478	0.9821958456973294
GH20.hmm	337	Entmai1|Entmai1_684729	541	1.1e-92	5	336	138	478	0.9821958456973294
CBM21.hmm	107	Entmai1|Entmai1_685462	349	4.6e-27	3	107	105	211	0.9719626168224299
GH38.hmm	269	Entmai1|Entmai1_685764	1066	4.9e-85	2	252	273	522	0.929368029739777
GH20.hmm	337	Entmai1|Entmai1_685853	563	1.9e-94	5	336	157	497	0.9821958456973294
GH20.hmm	337	Entmai1|Entmai1_685996	539	5.6e-91	8	336	150	484	0.973293768545994
GT39.hmm	223	Entmai1|Entmai1_687853	797	6.9e-70	2	223	117	354	0.9910313901345291
GT39.hmm	223	Entmai1|Entmai1_688489	719	2.6e-61	2	223	59	296	0.9910313901345291
GT39.hmm	223	Entmai1|Entmai1_688496	779	4.6e-64	4	223	92	327	0.9820627802690582
GH18.hmm	296	Entmai1|Entmai1_692492	582	8.7e-71	2	284	20	398	0.9527027027027027
GH18.hmm	296	Entmai1|Entmai1_692555	394	2.7e-78	5	284	24	386	0.9425675675675675
GH17.hmm	311	Entmai1|Entmai1_694781	283	7.7e-26	2	305	11	272	0.9742765273311897
AA7.hmm	458	Entmai1|Entmai1_695289	483	1.9e-63	10	229	77	298	0.4781659388646288
GH72.hmm	312	Entmai1|Entmai1_697402	549	2.3e-117	6	311	18	313	0.9775641025641025
GH72.hmm	312	Entmai1|Entmai1_697426	482	9.6e-121	5	311	14	310	0.9807692307692307
GH72.hmm	312	Entmai1|Entmai1_697432	518	1.9e-114	5	312	15	310	0.9839743589743589
GT58.hmm	364	Entmai1|Entmai1_697441	439	1.5e-129	3	364	49	406	0.9917582417582418
GH17.hmm	311	Entmai1|Entmai1_698038	327	5.5e-32	2	308	54	319	0.9839228295819936
GH31.hmm	427	Entmai1|Entmai1_700929	815	3.6e-149	3	427	186	669	0.9929742388758782
GT1.hmm	382	Entmai1|Entmai1_700937	1090	2e-60	4	376	608	1012	0.9738219895287958
GT2_Chitin_synth_2.hmm	527	Entmai1|Entmai1_701345	1769	2.1e-228	4	526	1139	1644	0.9905123339658444
GT21.hmm	233	Entmai1|Entmai1_701806	471	8.4e-83	1	233	59	290	0.9957081545064378
AA3_2.hmm	568	Entmai1|Entmai1_706991	618	4.4e-100	2	564	23	608	0.9894366197183099
AA3_2.hmm	568	Entmai1|Entmai1_707118	570	7.8e-90	33	566	2	562	0.9383802816901409
AA3_2.hmm	568	Entmai1|Entmai1_709277	540	1.1e-94	28	566	5	538	0.9471830985915493
AA3_2.hmm	568	Entmai1|Entmai1_709303	595	3e-106	2	566	35	593	0.9929577464788732
AA3_2.hmm	568	Entmai1|Entmai1_710139	514	1.4e-87	71	559	21	507	0.8591549295774648
GH5_9.hmm	303	Entmai1|Entmai1_713715	321	1.9e-103	13	303	2	295	0.9570957095709571
GH18.hmm	296	Entmai1|Entmai1_713749	310	1.1e-18	2	203	14	237	0.6790540540540541
GH5_9.hmm	303	Entmai1|Entmai1_714871	395	1.4e-96	1	303	58	367	0.9966996699669967
GH5_9.hmm	303	Entmai1|Entmai1_714878	409	5.3e-99	1	303	74	383	0.9966996699669967
GT1.hmm	382	Entmai1|Entmai1_716006	312	7.5e-28	178	332	60	226	0.4031413612565445
AA2.hmm	255	Entmai1|Entmai1_716405	349	3.5e-60	14	254	93	333	0.9411764705882353
GH3.hmm	216	Entmai1|Entmai1_719514	764	2.8e-59	3	215	114	343	0.9814814814814815
GH3.hmm	216	Entmai1|Entmai1_719694	733	6.5e-60	3	201	98	311	0.9166666666666666
GH16_4.hmm	316	Entmai1|Entmai1_720970	376	2.1e-118	1	316	53	374	0.9968354430379747
GT50.hmm	262	Entmai1|Entmai1_724800	453	1.5e-90	1	262	133	436	0.9961832061068703
GH18.hmm	296	Entmai1|Entmai1_725045	413	4.3e-60	3	285	14	375	0.9527027027027027
GH5_12.hmm	539	Entmai1|Entmai1_725242	718	2.2e-185	3	539	16	548	0.9944341372912802
GT1.hmm	382	Entmai1|Entmai1_725272	558	8.2e-28	202	361	261	455	0.4162303664921466
GT1.hmm	382	Entmai1|Entmai1_725312	521	3.5e-33	220	361	220	419	0.36910994764397903
GT1.hmm	382	Entmai1|Entmai1_725326	552	3.7e-27	213	361	256	448	0.387434554973822
AA3_2.hmm	568	Entmai1|Entmai1_725995	596	1.4e-99	2	567	16	577	0.9947183098591549
GT1.hmm	382	Entmai1|Entmai1_726253	532	1.2e-28	132	360	153	427	0.5968586387434555
GT1.hmm	382	Entmai1|Entmai1_726257	547	1.2e-30	140	362	187	447	0.581151832460733
GT1.hmm	382	Entmai1|Entmai1_726264	383	5e-22	99	326	103	383	0.5942408376963351
GH18.hmm	296	Entmai1|Entmai1_726437	535	2.3e-75	2	285	24	389	0.956081081081081
GH18.hmm	296	Entmai1|Entmai1_726446	399	4.4e-79	2	285	17	382	0.956081081081081
GH18.hmm	296	Entmai1|Entmai1_726453	426	1.6e-75	4	284	19	386	0.9459459459459459
GT4.hmm	160	Entmai1|Entmai1_727093	512	2e-22	6	122	296	422	0.725
CE9.hmm	373	Entmai1|Entmai1_731818	420	5.6e-122	2	373	31	415	0.9946380697050938
GT4.hmm	160	Entmai1|Entmai1_732741	452	2.7e-35	6	159	208	391	0.95625
GH16_2.hmm	326	Entmai1|Entmai1_734248	484	6.1e-136	1	326	112	432	0.9969325153374233
CE4.hmm	130	Entmai1|Entmai1_738239	235	3e-34	9	125	43	162	0.8923076923076924
GH13_5.hmm	342	Entmai1|Entmai1_738415	485	1.8e-151	1	342	31	370	0.9970760233918129
AA11.hmm	191	Entmai1|Entmai1_738516	206	3e-35	1	163	15	168	0.8481675392670157
GH47.hmm	446	Entmai1|Entmai1_739152	683	9.4e-137	1	445	22	457	0.9955156950672646
GH18.hmm	296	Entmai1|Entmai1_739207	397	1.3e-48	18	284	28	334	0.8986486486486487
GH18.hmm	296	Entmai1|Entmai1_739282	345	1.5e-24	3	200	21	263	0.6655405405405406
GT1.hmm	382	Entmai1|Entmai1_739323	537	4.4e-29	185	350	241	438	0.4319371727748691
GT15.hmm	273	Entmai1|Entmai1_739407	341	1.7e-96	2	272	35	285	0.989010989010989
GT20.hmm	475	Entmai1|Entmai1_739798	644	8.5e-144	110	474	1	364	0.7663157894736842
AA3_2.hmm	568	Entmai1|Entmai1_743407	606	3.9e-89	2	566	20	599	0.9929577464788732
CE16.hmm	267	Entmai1|Entmai1_743650	284	3.8e-19	2	263	23	275	0.9775280898876404
GT22.hmm	389	Entmai1|Entmai1_743728	397	4.1e-33	75	253	15	192	0.45758354755784064
GH72.hmm	312	Entmai1|Entmai1_744370	484	5.9e-115	5	310	16	312	0.9775641025641025
GH47.hmm	446	Entmai1|Entmai1_744829	393	1.5e-121	48	445	1	384	0.8901345291479821
GT1.hmm	382	Entmai1|Entmai1_745127	531	2.4e-28	204	354	237	422	0.39267015706806285
CE4.hmm	130	Entmai1|Entmai1_745158	369	4.5e-29	6	122	138	257	0.8923076923076924
GH47.hmm	446	Entmai1|Entmai1_745953	476	1.9e-131	28	446	60	470	0.9372197309417041
GH18.hmm	296	Entmai1|Entmai1_746036	347	1.1e-22	3	198	24	269	0.6587837837837838
GT15.hmm	273	Entmai1|Entmai1_746216	359	1.4e-113	1	272	48	320	0.9926739926739927
GT15.hmm	273	Entmai1|Entmai1_746278	364	6.6e-119	2	272	52	323	0.989010989010989
GH16_19.hmm	174	Entmai1|Entmai1_746347	323	2.5e-50	4	174	132	296	0.9770114942528736
GH37.hmm	491	Entmai1|Entmai1_746883	521	2.2e-61	102	332	119	347	0.4684317718940937
GH16_3.hmm	230	Entmai1|Entmai1_747726	466	1.5e-67	1	230	187	455	0.9956521739130435
CE1.hmm	227	Entmai1|Entmai1_749233	319	1.1e-37	1	224	57	313	0.9823788546255506
GH18.hmm	296	Entmai1|Entmai1_750038	591	4.3e-75	3	283	141	511	0.9459459459459459
GH17.hmm	311	Entmai1|Entmai1_750592	297	1.3e-26	23	303	48	284	0.9003215434083601
GT39.hmm	223	Entmai1|Entmai1_750945	726	5e-70	4	223	56	294	0.9820627802690582
GH47.hmm	446	Entmai1|Entmai1_750997	409	2.9e-128	32	445	6	400	0.9260089686098655
GH17.hmm	311	Entmai1|Entmai1_751061	280	2.2e-22	16	305	26	273	0.9292604501607717
GT1.hmm	382	Entmai1|Entmai1_751250	527	1.7e-30	167	360	188	425	0.5052356020942408
GH18.hmm	296	Entmai1|Entmai1_751649	422	1.5e-76	4	284	19	400	0.9459459459459459
GT1.hmm	382	Entmai1|Entmai1_751911	583	2.4e-27	101	352	144	449	0.6570680628272252
GH18.hmm	296	Entmai1|Entmai1_753136	412	1.2e-23	4	285	15	344	0.9493243243243243
GT69.hmm	239	Entmai1|Entmai1_755407	292	3.2e-40	78	237	15	213	0.6652719665271967
GT22.hmm	389	Entmai1|Entmai1_757622	580	5e-98	2	389	77	459	0.9948586118251928
GT2_Chitin_synth_2.hmm	527	Entmai1|Entmai1_758750	1754	2.1e-232	5	526	1153	1655	0.9886148007590133
GT69.hmm	239	Entmai1|Entmai1_759183	412	1e-63	1	237	86	347	0.9874476987447699
GH24.hmm	137	Entmai1|Entmai1_759363	165	3.1e-33	1	137	19	155	0.9927007299270073
GH5_9.hmm	303	Entmai1|Entmai1_759468	399	3.9e-83	1	303	74	372	0.9966996699669967
GH3.hmm	216	Entmai1|Entmai1_760858	665	5.8e-48	3	198	72	260	0.9027777777777778
GT1.hmm	382	Entmai1|Entmai1_770947	497	2.7e-18	210	346	223	388	0.35602094240837695
CBM21.hmm	107	Entmai1|Entmai1_805886	362	4.1e-23	3	106	57	164	0.9626168224299065
GH37.hmm	491	Entmai1|Entmai1_880490	782	8e-144	2	489	69	628	0.9918533604887984
