CAZy Family	PPR Subfamily	Gene ID	Frequency	Hits	Signature Peptides
CE0	15	Entmai1|Entmai1_1095777	6.85	9	RFSNGP,IVFGDS,FGDSLS,GDSLSD,VFGDSL,SNGPVW,FSNGPV,GRFSNG,DSLSDT
CE4	76	Entmai1|Entmai1_523028	5.29	6	ALTFDD,FDDGPD,TFDDGP,HVALTF,LTFDDG,VALTFD
CE4	76	Entmai1|Entmai1_682135	5.28	6	LTFDDG,VALTFD,ALTFDD,FDDGPD,TFDDGP,HVALTF
CE4	108	Entmai1|Entmai1_587075	8.02	9	YEEGGE,VLNYEE,LNYEEG,EEGGEN,NYEEGG,FVLNYE,GWYTGR,YTGRQS,WYTGRQ
CE9	48	Entmai1|Entmai1_731818	4.03	8	EGPFIS,ILGAHL,HLEGPF,GAEILG,AHLEGP,LGAHLE,LEGPFI,GAHLEG
GH13	25	Entmai1|Entmai1_738415	7.97	16	YALILL,NHDSQP,FDVPLH,VDNHDS,TKYGTK,WFKPLA,ALILLR,FKPLAY,VTFVDN,DNHDSQ,TFVDNH,GFRLDA,AVTFVD,RTKYGT,FVDNHD,AYALIL
GH13	25	Entmai1|Entmai1_597164	5.36	9	RTKYGT,VTFVDN,ALILLR,GNYDYL,TFVDNH,FVDNHD,TKYGTK,YFDHPN,AVTFVD
GH13	94	Entmai1|Entmai1_528327	21.4	33	QALVGD,ALVGDK,EFGHPE,AEDVSG,FRFDGV,DVSGMP,NEFGHP,DQALVG,FGHPEW,EWAPNA,FDYRLA,SHDQAL,VGDKTI,SRLFNY,YYASFG,MAIMEH,HDQALV,DGFRFD,EDVSGM,DGVTSM,GNEFGH,GFRFDG,YASFGY,GFDYRL,ESHDQA,FLLSNL,LVGDKT,DYRLAM,RFLLSN,TLTNRR,RFDGVT,LRFLLS,FDGVTS
GH132	2	Entmai1|Entmai1_506010	7.18	9	AMSPDQ,GWAMSP,EAMLIP,PGNEAM,NEAMLI,WCPYAC,AMLIPT,WAMSPD,GNEAML
GH133	2	Entmai1|Entmai1_601963	30.5	37	REAMQA,DCTHDN,CGTWMD,SNSPYS,YHQGPE,TPRDGA,LIREAM,QLRPNF,LFMDCT,HQGPEW,WMDKMG,GTWMDK,VVAELF,YQLRPN,TWMDKM,IREAMQ,RIDNCH,NCGTWM,GFRIDN,RCWGRD,AGLPHF,NRRGIY,NCHSTP,VAPELF,DYQLRP,DNCHST,IDNCHS,YVVAEL,DKMGES,SLIREA,NYHQGP,IVWGDC,FMDCTH,AAGLPH,MDKMGE,CTHDNE,MDCTHD
GH15	27	Entmai1|Entmai1_578019	11.2	17	SAAFNL,GAIIAA,LISAAF,DIYGEL,PTGAII,ALISAA,IIAAPT,DMSIWE,TGAIIA,IAAPTF,RNWDYR,AAFNLD,ISAAFN,FNLDRV,AIIAAP,FWLVEA,AFNLDR
GH18	6	Entmai1|Entmai1_725045	6.92	7	IDLDWE,GIDLDW,LSVGGW,DGIDLD,LLSVGG,LDGIDL,VLLSVG
GH18	16	Entmai1|Entmai1_541254	4.47	6	SVGGWT,ISVGGW,DLDWEY,NIMTYD,LDWEYP,INIMTY
GH18	16	Entmai1|Entmai1_541255	4.47	6	SVGGWT,ISVGGW,DLDWEY,NIMTYD,LDWEYP,INIMTY
GH18	28	Entmai1|Entmai1_628485	9.86	11	FYGRGF,VPFYGR,FDGVDI,IDWEFP,GVDIDW,DWEFPV,DIDWEF,GVPFYG,PFYGRG,DGVDID,VDIDWE
GH18	30	Entmai1|Entmai1_726453	4.89	6	LDWEYP,IDLDWE,DGIDLD,GIDLDW,DLDWEY,KLTHLN
GH18	32	Entmai1|Entmai1_661196	6.22	7	VLFSHP,PVCTTE,RSVFII,DFTPVC,TVRSVF,TPVCTT,SVFIID
GH18	33	Entmai1|Entmai1_726446	3.19	7	INVMTY,LDFINV,DFINVM,DWEYPG,FINVMT,YLDFIN,NVMTYD
GH18	44	Entmai1|Entmai1_554570	3.96	10	QCPFPD,AVLDGI,GGVMLW,APQCPF,AAPQCP,VLDGID,VQFYNN,QFYNNP,PQCPFP,YWGQNS
GH18	44	Entmai1|Entmai1_44802	2.72	7	IQFYNN,FIQFYN,YWGQNS,GGVMLW,AAGSGY,LSLGGA,LLSLGG
GH18	51	Entmai1|Entmai1_750038	7.65	11	KVLLSV,HINYAF,DGIDID,LSVGGW,LDGIDI,THINYA,IDIDWE,LLSVGG,GIDIDW,LTHINY,VLLSVG
GH18	53	Entmai1|Entmai1_692555	6.32	7	IDWEFP,IDIDWE,GIDIDW,DIDWEF,DGIDID,DWEFPG,WEFPGG
GH18	67	Entmai1|Entmai1_665792	2.78	6	DLDWEY,DWEYPG,LDWEYP,GIDLDW,LLTAAV,IDLDWE
GH18	88	Entmai1|Entmai1_594821	6.92	7	GGAMVW,DGLDID,FDGLDI,GLDIDW,LDIDWE,DIDWEY,IDWEYP
GH18	92	Entmai1|Entmai1_580808	5.28	15	CVFPDA,QFYNNY,FYNNYC,PQCVFP,AAPQCV,VYWGQN,YNNYCG,AAAPQC,YWGQNS,AVYWGQ,VQFYNN,LGVPGS,APQCVF,QCVFPD,FVQFYN
GH20	14	Entmai1|Entmai1_541914	5.55	14	PFGWEV,QTLGHL,IQTLGH,PCIQTL,LYTEDT,YTEDTY,CIQTLG,TEDTYE,KPFGWE,VPCIQT,EDTYEI,MIWSDM,FGWEVL,PMIWSD
GH20	18	Entmai1|Entmai1_1077908	3.13	7	HWHIVD,VLHWHI,LLDTSR,NVLHWH,RGLLLD,LHWHIV,GLLLDT
GH20	75	Entmai1|Entmai1_685996	6.6	10	GLMLDT,NKMNVF,DILRTI,VFHWHI,RGLMLD,NVFHWH,VRVVPE,HRGLML,MNVFHW,KMNVFH
GH20	75	Entmai1|Entmai1_685853	4.2	7	NKMNVF,LDCGHG,YLDCGH,NVFHWH,DILRTI,MNVFHW,KMNVFH
GH3	55	Entmai1|Entmai1_719694	4.88	7	GHGLSY,RILELK,FGHGLS,VRRILE,SVRRIL,HGLSYT,RRILEL
GH3	64	Entmai1|Entmai1_719514	5.05	12	GHGLSY,FGEDPY,GLSYTT,IGQMTQ,HGANYV,LSYTTF,FGHGLS,YETFGE,HGLSYT,ETFGED,GEDPYL,TFGEDP
GH3	64	Entmai1|Entmai1_668201	4.99	12	FGHGLS,TFGEDP,DMSMVP,YETFGE,GHGLSY,ETFGED,HGANYV,PSGRLP,VNPSGR,FGEDPY,HGLSYT,NPSGRL
GH31	7	Entmai1|Entmai1_520402	12.0	21	GSIPFM,QCRWNY,CRWNYN,DVGGFF,DMNEPS,LVKPVT,YGSIPF,GADVGG,SVFNGP,ADVGGF,NDMNEP,VFNGPE,WNDMNE,NEPSVF,LLVKPV,GYHQCR,EPSVFN,YHQCRW,HQCRWN,MNEPSV,PSVFNG
GH31	47	Entmai1|Entmai1_700929	4.87	9	ELCLRW,EELCLR,DMNEPA,IWIDMN,DGIWID,IDMNEP,WIDMNE,GIWIDM,GKAHGV
GH35	18	Entmai1|Entmai1_558087	4.06	6	SGEFHY,EFHYWR,HYWRIP,YGGTNW,GGTNWG,GEFHYW
GH37	1	Entmai1|Entmai1_1083440	8.11	10	PGGRFR,VVPGGR,VPGGRF,GFGWTN,FGWTNG,YWDSYF,GGRFRE,YYWDSY,GWTNGV,GGGGEY
GH37	1	Entmai1|Entmai1_551667	8.11	10	GGRFRE,PGGRFR,YWDSYF,YYWDSY,VVPGGR,GGGGEY,VPGGRF,FGWTNG,GWTNGV,GFGWTN
GH37	1	Entmai1|Entmai1_1089175	6.84	9	PGGRFR,VVPGGR,VPGGRF,GFGWTN,FGWTNG,RSQPPF,GGRFRE,GWTNGV,GGGGEY
GH37	2	Entmai1|Entmai1_880490	27.7	32	RLAYRW,ESGHDT,ANRSYY,YGWDSY,TYMLSN,NANRSY,LSNLLQ,KILNAN,QPPFLT,RSQPPF,VPGGRF,GWAPHQ,GTYMLS,RGTYML,YMLSNL,SQPPFL,GHDTTY,ILNANR,LLYKYE,VRESGH,NRSYYL,MLSNLL,NLLQEL,GGRFNE,HDTTYR,SNLLQE,LAYRWL,SGHDTT,LNANRS,RQWDYP,RESGHD,PGGRFN
GH37	4	Entmai1|Entmai1_746883	6.03	17	LNRSQP,QTGFGW,GFVPNG,GGRFRE,NRSQPP,PGGRFR,IVPGGR,GGGGEY,RSQPPL,GFGWSN,VPGGRF,SQPPLL,FGWSNG,TGFGWS,EFYYWD,GWSNGV,DFSSRW
GH37	4	Entmai1|Entmai1_515267	6.01	16	QTGFGW,PESYRE,GFGWTN,LNRSQP,EFYYWD,NRSQPP,PGGRFR,FGWTNG,GWTNGV,PRPESY,ESYRED,GAESGW,AESGWD,GGRFRE,RPESYR,VPGGRF
GH38	5	Entmai1|Entmai1_685764	11.7	27	HIDTAW,RGTYTS,CHIDTA,HRGTYT,TAWLWP,PDTFGY,GDGGGG,AKFEVC,LNQFHD,WLPDTF,GELYLE,DTAWLW,DGGGGP,DVLPGS,KLSWNN,QKLSWN,FHDVLP,IDTAWL,LSWNNI,TQKLSW,SWNNIN,LPDTFG,HDVLPG,FWLPDT,DTFGYS,YETQFG,QFHDVL
GH47	1	Entmai1|Entmai1_750997	5.57	13	KMDHLV,MDHLVC,PKMDHL,DHLVCF,FETTIR,AETLKY,VFETTI,LAETLK,FNTEAH,VFNTEA,LGGLLS,NTEAHP,TEAHPF
GH47	1	Entmai1|Entmai1_744829	5.43	13	KMDHLV,MDHLVC,PKMDHL,DHLVCF,AETLKY,LAETLK,FNTEAH,VFNTEA,LGGLLS,YEYLLK,NTEAHP,TEAHPF,GSRGDS
GH47	2	Entmai1|Entmai1_618837	4.86	13	EFTRLS,VDSLDT,VFNTEA,TLVDSL,LEFTRL,NTEAHP,FNTEAH,SLDTLW,FTRLSQ,LVDSLD,DSLDTL,TEAHPF,YEYLIK
GH47	3	Entmai1|Entmai1_739152	9.08	21	PLRPEL,RMESFF,MESFFL,FTTEGH,RLLPAF,LYLLFD,YLYLLF,GAGIDS,PELIES,RPELIE,GLLSAH,PGLQVL,YPLRPE,LLSAHL,SRLTGD,KYLYLL,DRMESF,LRPELI,FFPGLQ,LSRLTG,GGLLSA
GH47	5	Entmai1|Entmai1_632166	10.0	10	FGAMGD,YEYLLK,DSFYEY,GDSFYE,SFYEYL,FYEYLL,KYQQKA,MGDSFY,AMGDSF,GAMGDS
GH47	5	Entmai1|Entmai1_745953	10.0	10	AMGDSF,FGAMGD,GAMGDS,DSFYEY,GDSFYE,FYEYLL,GDPKYQ,MGDSFY,SFYEYL,YEYLLK
GH47	5	Entmai1|Entmai1_590222	9.0	9	YEYLLK,FYEYLL,MGDSFY,GDSFYE,DSFYEY,FGAMGD,SFYEYL,AMGDSF,GAMGDS
GH47	5	Entmai1|Entmai1_632614	9.0	9	FGAMGD,YEYLLK,DSFYEY,GDSFYE,SFYEYL,FYEYLL,MGDSFY,AMGDSF,GAMGDS
GH47	5	Entmai1|Entmai1_587872	6.0	6	TGDPKY,YEYLLK,FYEYLL,GDSFYE,DSFYEY,SFYEYL
GH47	6	Entmai1|Entmai1_596353	7.75	18	VDSLDT,SYYEYL,LGGLLS,YEYLLK,GLVPIF,YLLKQW,RVLGGL,DSYYEY,HNLLRP,LLRPET,IVDSLD,EYLLKQ,VLGGLL,IRVLGG,LVPIFI,YYEYLL,NLLRPE,TIVDSL
GH5	5	Entmai1|Entmai1_759468	5.93	9	GVNLGG,GGWLVL,LGGWLV,SQNGFD,GFDNSG,VNLGGW,GWLVLE,NGFDNS,QNGFDN
GH5	5	Entmai1|Entmai1_714878	5.18	7	SQNGFD,NGFDNS,GWLVLE,GFDNSG,ITPSLF,QNGFDN,GGWLVL
GH5	5	Entmai1|Entmai1_714871	5.15	7	SQNGFD,NGFDNS,GFDNSG,GVNLGG,QNGFDN,VNLGGW,ITPSLF
GH5	5	Entmai1|Entmai1_713715	5.14	6	SQNGFD,NGFDNS,PGSQNG,GFDNSG,QNGFDN,GSQNGF
GH5	19	Entmai1|Entmai1_675259	10.3	13	ESMNEP,FSGGSG,GGSGAP,SRFSGG,SGGSGA,VWSRFS,DPHQDV,RFSGGS,HQDVWS,QDVWSR,PHQDVW,WSRFSG,DVWSRF
GH5	19	Entmai1|Entmai1_511411	7.2	9	TLFFGG,TMFTLF,HQDVWS,NIQDYL,QDVWSR,MFTLFF,LRGVNL,PHQDVW,DPHQDV
GH5	20	Entmai1|Entmai1_631032	6.32	12	GSQNGW,WNHSGR,PGSQNG,RGVNLG,QNGWNH,NLGGWL,VNLGGW,GVNLGG,APGSQN,SQNGWN,NGWNHS,GWNHSG
GH5	27	Entmai1|Entmai1_725242	4.77	6	TLNEPS,FIDPHQ,DLSIYS,EDLSIY,DTLNEP,IDPHQD
GH63	2	Entmai1|Entmai1_573020	14.8	19	WDEGFH,LWDEGF,GLDDYP,LTSGLD,FLWDEG,RGFLWD,NPPTLF,EARSKV,ARSKVP,GFLWDE,REQILG,SGLDDY,TSGLDD,FFPRGF,PRGFLW,LDDYPR,FPRGFL,YRWRGR,ANPPTL
GH72	1	Entmai1|Entmai1_697432	3.88	10	AGNEVT,GLVYEY,FSGGLV,GGLVYE,SGGLVY,ADFYGI,GNEVTN,DFYGIN,SEYGCN,VFSGGL
GH72	1	Entmai1|Entmai1_642619	2.7	7	SEFGCN,FSEFGC,VFSGGL,FFAGNE,GINTVR,FFSEFG,LGINTV
GH72	8	Entmai1|Entmai1_697426	3.15	6	AGNEVT,GFIAGN,GNEVTN,FIAGNE,IAGNEV,PRPFTE
GH72	8	Entmai1|Entmai1_1099455	2.86	6	IAGNEV,AGNEVT,GFIAGN,FIAGNE,GYKERT,GNEVTN
GH81	4	Entmai1|Entmai1_1089229	8.27	10	YFLYAA,HSWASG,YGYFLY,HHFHYG,HFHYGY,FHYGYF,DHHFHY,NDHHFH,HYGYFL,GYFLYA
GH81	4	Entmai1|Entmai1_634993	7.64	9	HYGYFL,DHHFHY,YGYFLY,HSWASG,FHYGYF,NDHHFH,HFHYGY,GYFLYA,HHFHYG
AA1	25	Entmai1|Entmai1_551166	2.64	6	NPGAWL,AWLMHC,LMHCHI,PGAWLM,GAWLMH,WLMHCH
AA1	38	Entmai1|Entmai1_641851	6.0	6	IEADGT,GQFPGP,YRLRLV,NGQFPG,TVIEAD,VIEADG
AA11	1	Entmai1|Entmai1_1084740	5.43	12	NREMYM,GNREMY,SAVHGG,AVHGGG,EMYMNC,GSAVHG,KIGNRE,FNKIGN,IGNREM,WFNKIG,REMYMN,NKIGNR
AA11	1	Entmai1|Entmai1_532923	5.43	12	REMYMN,GSAVHG,NREMYM,FNKIGN,WFNKIG,AVHGGG,SAVHGG,NKIGNR,IGNREM,GNREMY,KIGNRE,EMYMNC
AA11	2	Entmai1|Entmai1_617213	3.92	9	NKVGNR,WFNKVG,NREMYM,VGNREM,GNREMY,EMYMNC,REMYMN,KVGNRE,FNKVGN
AA3	6	Entmai1|Entmai1_709303	6.24	14	FRVRGV,DSKFRV,LLIEAG,IVVGSG,YIVVGS,TLLIEA,KFRVRG,GSGPGG,FPKIPG,SKFRVR,AWGHHA,SGPGGG,RVRGVK,VGSGPG
AA3	6	Entmai1|Entmai1_709277	3.3	7	FRVRGV,DSKFRV,KFRVRG,FPKIPG,SKFRVR,AWGHHA,RVRGVK
AA3	6	Entmai1|Entmai1_1100870	2.77	7	GSGPGG,TLLIEA,LLIEAG,VGSGPG,SGPGGG,DLPGVG,AWGHHA
AA3	11	Entmai1|Entmai1_706991	4.0	11	LLMLSG,QLLMLS,RVVDAS,GLRVVD,LLIEAG,PQLLML,TPQLLM,LRVVDA,LMLSGI,ILSAGA,MLSGIG
AA3	11	Entmai1|Entmai1_725995	3.4	9	LRVVDA,MLSGIG,RVVDAS,LLMLSG,TPQLLM,QLLMLS,GLRVVD,LMLSGI,PQLLML
AA3	11	Entmai1|Entmai1_1102535	3.0	8	LRVVDA,TPQLLM,MLSGIG,LMLSGI,PQLLML,LLMLSG,QLLMLS,RVVDAS
AA6	2	Entmai1|Entmai1_283314	5.14	9	GFPTRF,GSPYGA,GGQETT,TRFGMM,PTRFGM,LFGFPT,GGSPYG,FGFPTR,FPTRFG
GT1	7	Entmai1|Entmai1_700937	10.4	23	HHGGSG,WTRTRA,VQPYIA,GGSGTT,VPHDWL,KPFFGD,RGDVQP,GDVQPY,YIGFGS,QPYIAL,HDWLFP,VHHGGS,IKPFFG,HGGSGT,IGFGSI,PHDWLF,PWTRTR,VYIGFG,DVQPYI,DWLFPQ,PFFGDQ,ESPSAM,MPWTRT
GT15	1	Entmai1|Entmai1_739407	15.1	29	LCHFWS,HFWSNF,RWGDAP,WSNFEI,SNFEIA,YWRVEP,CHFWSN,SGFFFR,FYERWG,WGDAPV,NLCHFW,DAPVHS,YRHMCR,YPYVFL,GFFYER,YERWGD,GGFFYE,VFLNDE,WRVEPD,PKEHWS,YNLCHF,APVHSI,FFYERW,PYVFLN,GDAPVH,SYRHMC,ERWGDA,FWSNFE,YVFLND
GT15	1	Entmai1|Entmai1_746278	15.1	29	APVHSI,DAPVHS,FYERWG,LEDRFN,RWGDAP,SYRHMC,WGDAPV,CHFWSN,SGFFFR,NLCHFW,YWRVEP,GGFFYE,FWSNFE,YRHMCR,SNFEIA,GDAPVH,YNLCHF,WSNFEI,PYVFLN,YPYVFL,ERWGDA,HFWSNF,FFYERW,GFFYER,YERWGD,RHMCRF,KKYGFT,LCHFWS,YVFLND
GT15	1	Entmai1|Entmai1_615253	6.67	10	ERWGDA,HFWSNF,YERWGD,FYYERW,YYERWG,FWSNFE,WSNFEI,CHFWSN,RWGDAP,SNFEIA
GT15	1	Entmai1|Entmai1_746216	5.47	12	WTNFEI,GDAPVH,WRVEPD,PYVFLN,TIPTLW,YPYVFL,APVHSI,WGDAPV,DAPVHS,SGFFFR,YWRVEP,GGFFYE
GT2	9	Entmai1|Entmai1_668873	24.7	41	NILDKP,QNFEYK,FEYKMS,SWGTKG,DKPLES,AFSAYR,ISQRRR,YKMSNI,GACGEI,YLAEDR,QRRRWL,WLNGSF,NMYLAE,DIVISL,LPGAFS,RRRWLN,DVSWGT,VSWGTK,HDVSWG,RRWLNG,AEDRIL,RWLNGS,TMYNED,KMSNIL,LAEDRI,ILDKPL,VLPGAF,SVLPGA,PGAFSA,SNILDK,LDKPLE,GAFSAY,ISVLPG,RILCFE,EDRILC,EYKMSN,GGACGE,DRILCF,MYLAED,MSNILD,SQRRRW
GT2	9	Entmai1|Entmai1_557733	24.3	40	ISVLPG,RRRWLN,EDRILC,NILDKP,DVSWGT,ISQRRR,SNILDK,LDKPLE,DKPLES,GGACGE,MYLAED,QRRRWL,WLNGSF,GACGEI,EYKMSN,MSNILD,HDVSWG,LAEDRI,SQRRRW,AEDRIL,DRILCF,QNFEYK,RRWLNG,RILCFE,TMYNED,NMYLAE,YKMSNI,SWGTKG,VSWGTK,YLAEDR,FEYKMS,AFSAYR,ILDKPL,VLPGAF,GAFSAY,RWLNGS,PGAFSA,SVLPGA,LPGAFS,KMSNIL
GT2	122	Entmai1|Entmai1_596514	13.4	28	GVSDLT,SHHPKF,YVFQME,SDLTGS,KGYVFQ,LPTYNE,SFRLYK,GYVFQM,SRVANF,ITFVDR,VFQMEM,IVTGTR,VTGTRY,SKGYVF,DIVTGT,KLGLGS,TGSFRL,PTYNER,LGLGSA,GSFRLY,HHPKFI,HPKFIP,GKLGLG,PGVSDL,VSDLTG,GLGSAY,LTGSFR,DLTGSF
GT2	161	Entmai1|Entmai1_30420	32.4	49	FSMQFV,SQRRRW,YYISHH,RWINST,MGLCGE,ETKIAN,GEDRYL,CGETKI,TCLPGC,LLLLGE,TFCFSM,CFSMQF,KPGNRG,LLGEDR,LLLGED,LLSQRR,DLCGTF,FCFSMQ,QRRRWI,GKRDSQ,DDFSWG,VTCLPG,LMVDAD,RHNMAK,RRRWIN,CLPGCF,GNRGKR,CGTFCF,LSQRRR,GETKIA,TKIANK,FDDFSW,EYYISH,GLCGET,LCGTFC,RRWINS,TFPKRK,PGNRGK,NRGKRD,LCGETK,NLLLLG,KNLLLL,MVDADT,LGEDRY,IQVFEY,GTFCFS,WNFVLP,VLLSQR,RGKRDS
GT2	161	Entmai1|Entmai1_301674	29.8	45	FSMQFV,SQRRRW,YYISHH,RWINST,MGLCGE,ETKIAN,VDADTK,CGETKI,TCLPGC,LLLLGE,TFCFSM,CFSMQF,IMGLCG,LLGEDR,LLLGED,LLSQRR,FCFSMQ,QRRRWI,GKRDSQ,DDFSWG,VTCLPG,LMVDAD,DADTKV,RRRWIN,CLPGCF,GNRGKR,CGTFCF,LSQRRR,GETKIA,TKIANK,FDDFSW,EYYISH,GLCGET,LCGTFC,RRWINS,NRGKRD,LCGETK,NLLLLG,KNLLLL,MVDADT,IQVFEY,GTFCFS,WNFVLP,VLLSQR,RGKRDS
GT2	161	Entmai1|Entmai1_540604	29.8	45	LSQRRR,VTCLPG,MGLCGE,LLGEDR,NRGKRD,LLSQRR,WNFVLP,FCFSMQ,LLLGED,RGKRDS,ETKIAN,LCGTFC,GTFCFS,GLCGET,CLPGCF,CGETKI,LCGETK,MVDADT,RRWINS,GKRDSQ,TCLPGC,VLLSQR,TFCFSM,SQRRRW,LMVDAD,KNLLLL,DDFSWG,YYISHH,EYYISH,FSMQFV,IMGLCG,CFSMQF,GETKIA,RWINST,TKIANK,VDADTK,NLLLLG,CGTFCF,RRRWIN,QRRRWI,DADTKV,IQVFEY,FDDFSW,LLLLGE,GNRGKR
GT2	161	Entmai1|Entmai1_1085775	27.9	38	NRGKRD,LLSQRR,MGLCGE,LSQRRR,NSTVHN,WINSTV,MAWREK,GSVTCL,VTCLPG,LHKKNL,FGSVTC,QRRRWI,RWINST,DDFSWG,RGKRDS,PGNRGK,LGEDRY,INSTVH,LMVDAD,CLPGCF,IMGLCG,STVHNL,SQRRRW,RRRWIN,TCLPGC,GKRDSQ,HKKNLL,TLHKKN,GLCGET,SVTCLP,GEDRYL,GNRGKR,RRWINS,VLLSQR,MVDADT,KPGNRG,AKAFES,FDDFSW
GT2	161	Entmai1|Entmai1_515373	26.6	38	LCGETK,CGETKI,GLCGET,CLPGCF,NLLLLG,KKNLLL,LLLLGE,NRGKRD,GNRGKR,LLGEDR,EYYISH,LHKKNL,YYISHH,RRWINS,MGLCGE,LLSQRR,RWINST,HKKNLL,GKRDSQ,RRRWIN,LGEDRY,QRRRWI,FDDFSW,MVDADT,LMVDAD,GEDRYL,LSQRRR,VLLSQR,LLLGED,IMGLCG,RGKRDS,TCLPGC,VTCLPG,DDFSWG,KNLLLL,TLHKKN,SQRRRW,WNFVLP
GT2	161	Entmai1|Entmai1_1100776	25.9	39	TKIANK,RRWINS,LLSQRR,CLPGCF,LLLLGE,TFCFSM,TFPKRK,FSMQFV,FCFSMQ,VLLSQR,VDADTK,RHNMAK,LGEDRY,VTCLPG,DLCGTF,GTFCFS,LMVDAD,WNFVLP,LLLGED,WINSTV,DDFSWG,MVDADT,LLGEDR,INSTVH,CFSMQF,SQRRRW,CGTFCF,LCGTFC,KRHNMA,RWINST,LSQRRR,NLLLLG,FDDFSW,GEDRYL,STVHNL,RRRWIN,NSTVHN,TCLPGC,QRRRWI
GT2	161	Entmai1|Entmai1_701345	25.1	33	VLLSQR,GSVTCL,MAWREK,QRRRWI,NRGKRD,GEDRYL,MVDADT,RRRWIN,FGSVTC,DDFSWG,LPGCFS,RWINST,LGEDRY,LSQRRR,PGNRGK,RRWINS,TCLPGC,GNRGKR,NSTVHN,INSTVH,FDDFSW,SQRRRW,LLSQRR,STVHNL,RGKRDS,SVTCLP,KPGNRG,VTCLPG,LMVDAD,PGCFSM,WINSTV,GKRDSQ,CLPGCF
GT2	161	Entmai1|Entmai1_557392	24.1	32	LSQRRR,VTCLPG,SVTCLP,LGEDRY,NRGKRD,LLSQRR,RGKRDS,CLPGCF,TLHKKN,FGSVTC,MAWREK,HKKNLL,RRWINS,MVDADT,GKRDSQ,TCLPGC,VLLSQR,GEDRYL,SQRRRW,LMVDAD,DDFSWG,LHKKNL,PGNRGK,GSVTCL,RWINST,KPGNRG,GNRGKR,PGCFSM,RRRWIN,QRRRWI,FDDFSW,LPGCFS
GT2	161	Entmai1|Entmai1_758750	23.5	32	MVDADT,GNRGKR,LCGETK,IMGLCG,FDDFSW,VLLSQR,KRDSQI,MAWREK,YYISHH,LGEDRY,PGNRGK,RRRWIN,LLSQRR,RWINST,VTCLPG,DDFSWG,EYYISH,GEDRYL,GKRDSQ,TCLPGC,RRWINS,LMVDAD,GLCGET,CLPGCF,MGLCGE,LPGCFS,AKAFES,SQRRRW,LSQRRR,QRRRWI,RGKRDS,NRGKRD
GT2	161	Entmai1|Entmai1_562858	23.2	31	LLSQRR,GLCGET,LMVDAD,GKRDSQ,GNRGKR,TLHKKN,EYYISH,RRRWIN,MVDADT,TCLPGC,PGNRGK,NRGKRD,LGEDRY,QRRRWI,AKAFES,LSQRRR,MAWREK,RRWINS,GEDRYL,SQRRRW,LHKKNL,FDDFSW,VLLSQR,VTCLPG,RGKRDS,RWINST,HKKNLL,YYISHH,CLPGCF,KRDSQI,DDFSWG
GT20	2	Entmai1|Entmai1_552148	31.3	53	SSEIYR,DYARHF,DYIKGV,GMNLVS,FPSSEI,VHDYHL,MSSGGL,YIKGVP,LDYIKG,NSILWP,ILWPLF,LHTPFP,HTYDYA,PFPSSE,PLFHYH,GKVVLV,RDGMNL,FLHTPF,NLVSYE,PSSEIY,FPIGID,WPLFHY,DGMNLV,GVDRLD,STRDGM,GFHTYD,DRLDYI,TRDGMN,GAAQSL,HTPFPS,YARHFL,TPFPSS,VGVDRL,RHFLSS,HYHPGE,FHYHPG,VDRLDY,ARHFLS,SILWPL,LFHYHP,LWPLFH,MNLVSY,VGRING,KVVLVQ,YDYARH,TYDYAR,WVHDYH,FHTYDY,RLDYIK,HDYHLM,AAQSLN,AQSLNG,SSGGLV
GT20	4	Entmai1|Entmai1_739798	22.0	27	NKGEIV,DGMNTT,TDEDMF,SVRDGM,YDGTLT,LGLSAE,LITSVR,EIVKRL,RDGMNT,GEIVKR,TSVRDG,LSAEHG,ISGRDQ,GLSAEH,NIEVRP,WIISGR,IISGRD,VRDGMN,KGEIVK,DYDGTL,LILSEF,ITSVRD,AEHGCF,SAEHGC,PLILSE,FDYDGT,DEDMFR
GT22	5	Entmai1|Entmai1_757622	4.52	9	YGYLTW,GFLMPC,GYGYLT,LMPCHS,FLMPCH,PCHSTP,GYLTWE,YLTWEW,MPCHST
GT22	6	Entmai1|Entmai1_631869	6.34	16	HKEERF,FLPSSF,GLQTWE,CDEVFN,PHKEER,DCDEVF,AFLPSS,LPSSFA,KEERFL,QPHKEE,LQTWEY,SSFAMY,QTWEYS,PSSFAM,DEVFNF,TWEYSP
GT22	9	Entmai1|Entmai1_628473	6.54	12	NYPGGD,YPGGDA,APYTKV,LGHKEW,TKVEES,PGGDAL,VEESFN,YTKVEE,KVEESF,HKEWRF,PYTKVE,GHKEWR
GT24	1	Entmai1|Entmai1_619340	29.8	43	GHLYER,IFVDAD,ILFLDV,KILFLD,DQDLPN,HLYERF,WCETWC,LWCETW,ALYVVD,VKFWFI,FLDVLF,KTIDLC,LDQDLP,QTEKQR,LFLDVL,MANLGY,LDVLFP,FVDADQ,HISALY,WGYKIL,KVIFVD,GYKILF,IWGYKI,TKEPKL,LYERFL,NLGYFQ,WLWCET,ASGHLY,VIFVDA,DVLFPL,AKTIDL,ISALYV,DLCNNP,YKILFL,TIDLCN,NLDQDL,SGHLYE,IDLCNN,EWLWCE,LYVVDL,PYHISA,YHISAL,SALYVV
GT3	1	Entmai1|Entmai1_652460	32.5	48	EALARL,TIFTTH,FPSYYE,SYYEPW,PSYYEP,EHLLKR,RGHFYG,HATLLG,ATLLGR,IFTTHA,ALARLN,CHLGVF,EPWGYT,VRGHFY,VFPSYY,TTHATL,EFQNLH,FQNLHA,TLLGRY,FVRGCH,VRGCHL,HEFQNL,THATLL,GRYLCA,LGVFPS,ECTVMG,ERAAAH,HLGVFP,PNGLNV,FTTHAT,YEPWGY,IYHRYC,FHPEFL,RGCHLG,YYEPWG,HLLKRK,GCHLGV,GHFYGH,LKRKPD,LLGRYL,LGRYLC,PWGYTP,RYLCAG,LLKRKP,EFVRGC,VFTTVS,FVRGHF,GVFPSY
GT33	2	Entmai1|Entmai1_648775	9.26	19	GLDLPM,VSSTSW,TSWTPD,LPMKVV,SWTPDE,DLPMKV,LVQNPP,SSTSWT,PMKVVD,DWHNFG,VITGKG,LDLPMK,SADLGV,SSSGLD,ITGKGP,MKVVDM,STSWTP,SGLDLP,SSGLDL
GT35	1	Entmai1|Entmai1_545768	15.2	25	LNDTHP,IQLNDT,TSNMKF,GTSNMK,HEYKRQ,SGTSNM,EASGTS,GVAALH,GNGGLG,ALGNGG,LGNGGL,QLNDTH,NGGLGR,IHEYKR,KLKVVF,KRIHEY,LGRLAA,ASGTSN,KAAPGY,NGVAAL,DKLKVV,GLGRLA,GRLAAC,GGLGRL,RIHEYK
GT39	2	Entmai1|Entmai1_750945	10.8	21	WVGLFT,VHPPLA,KWVGLF,FDVHPP,DEVHFG,LHSHDH,EVHFGG,VHFGGF,VFDEVH,FLHHYL,HPPLAK,HFGGFA,DVHPPL,GGYLHS,FDEVHF,QQITLY,VVFDEV,RLHSHD,QQQITL,GYLHSH,SVVFDE
GT39	2	Entmai1|Entmai1_659469	8.75	15	VVFDEV,VFDEVH,HDVASP,FDVHPP,FLHHYL,LHHYLP,DEVHFG,HHYLPA,VHFGKF,DVHPPL,FDEVHF,VHPPLA,RLILLD,EVHFGK,HPPLAK
GT39	3	Entmai1|Entmai1_524432	21.4	25	AHFGKF,FYHDVH,VWDEAH,DVHPPL,YHDVHP,FILLDS,PPLGKM,MLVGLS,EFYHDV,LGKMLV,LDSMLL,ILLDSM,LVGLSG,WDEAHF,EAHFGK,KMLVGL,LLDSML,GKMLVG,PLGKML,VVWDEA,HFGKFG,HDVHPP,HPPLGK,VHPPLG,DEAHFG
GT39	3	Entmai1|Entmai1_687853	17.7	21	FGKFGS,PPLGKM,LLDSML,HPPLGK,FGSYYL,HFGKFG,FYHDVH,DVHPPL,GSYYLR,FILLDS,LDSMLL,GKMLVG,LGKMLV,PLGKML,PALYFA,HDVHPP,KFGSYY,YHDVHP,ILLDSM,GKFGSY,VHPPLG
GT39	3	Entmai1|Entmai1_688496	5.23	6	DVHPPL,HPPLGK,VHPPLG,HDVHPP,YHDVHP,FYHDVH
GT4	109	Entmai1|Entmai1_727093	6.01	11	YVHYPT,AGGGGE,GQSLGS,NEHFGI,AQFRPE,LGQSLG,DTMGYA,MGYAFT,NAGGGG,QFRPEK,TMGYAF
GT4	145	Entmai1|Entmai1_732741	11.9	14	GGAERL,HFGIVP,EHFGIV,YCHFPD,FYCHFP,HPDLGI,PDLGIG,LAIKAF,LGIGGA,GIGGAE,SINRFE,DLGIGG,IGGAER,LSINRF
GT4	194	Entmai1|Entmai1_607769	11.8	19	VHGHQA,GDGPKR,EAFCIA,TEAFCI,IVHGHQ,GGDGPK,LTEAFC,VSDFFY,AASCGL,SDFFYP,FTDHSL,RLVYRK,DFFYPN,ICVSHT,LVYRKG,EAASCG,ENTVLR,SLTEAF,IGGDGP
GT41	17	Entmai1|Entmai1_510200	34.7	40	AHLMQS,PFHTFT,LPFHTF,GFAGTL,PTVLPF,CNAHTT,PLAHLM,VLPFHT,ECNAHT,SSDFNN,LGSLLK,NFNQLY,LWLLRF,YKMCSR,GYVSSD,HLMQSV,AHTTAA,NQLYKI,TNLGSL,TVLPFH,GSLLKD,LMQSVF,FNQLYK,SDFNNH,FAGTLG,WLLRFP,NLNGYT,NAHTTA,DFNNHP,HPLAHL,LAHLMQ,EAVCGL,MQSVFG,YVSSDF,NNHPLA,MGFAGT,HTTAAD,NLGSLL,NHPLAH,FNNHPL
GT48	1	Entmai1|Entmai1_559188	31.2	41	AGKEQT,EQTFGT,ILGDGK,RLPKRI,KEQTFG,GKGRDL,LGDGKS,EDIYAG,KGRDLG,QCGKGR,GNPILG,KSDNQN,HLNEDI,HYGHPD,PILGDG,ANQDNY,DGKSDN,NQDNYL,LHLNED,QTFGTL,GLHLNE,GKEQTF,DANQDN,DNYLEE,LPKRIY,GDGKSD,NPILGD,EYIFSE,YGHPDF,QTLYRT,LRTRIW,GKSDNQ,YIFSEN,LHYGHP,QDNYLE,NEDIYA,REYIFS,LNEDIY,CGKGRD,GRDLGF,AAGKEQ
GT48	1	Entmai1|Entmai1_304211	28.9	38	EYIFSE,FLDTYL,QDNYLE,NQDNYL,YIFSEN,ANQDNY,CGKGRD,NPILGD,GNPILG,DANQDN,YGHPDF,LDTYLW,PILGDG,FFLDTY,REYIFS,LRTRIW,QTLYRT,DNYLEE,GDGKSD,TYLWYI,LNEDIY,DGKSDN,QCGKGR,DTYLWY,ILGDGK,GLHLNE,KSDNQN,EDIYAG,LGDGKS,LHLNED,LHYGHP,HLNEDI,GKSDNQ,GRDLGF,GKGRDL,KGRDLG,NEDIYA,HYGHPD
GT48	1	Entmai1|Entmai1_1084537	26.1	34	QCGKGR,QDNYLE,AAGKEQ,GGKLHY,DNYLEE,PILGDG,NQDNYL,GKSDNQ,CGKGRD,KEQTFG,FFLDTY,DANQDN,HLNEDI,ANQDNY,LFFLDT,KSDNQN,LGDGKS,AGKEQT,FFAQSL,QTLYRT,GKEQTF,ILGDGK,RLPKRI,YGHPDF,EQTFGT,LRTRIW,DGKSDN,HYGHPD,GDGKSD,GLHLNE,LHLNED,GKLHYG,KLHYGH,LHYGHP
GT50	1	Entmai1|Entmai1_724800	13.2	17	VCTSQY,RGNAES,KVCTSQ,STRGNA,HRHNFS,YRYTPL,TRGNAE,ISTRGN,DHRHNF,CTSQYF,TYRYTP,IYPIIY,KIYPII,RHNFSV,NKVCTS,YTDIDY,RYTPLL
GT57	1	Entmai1|Entmai1_519567	16.2	20	FQVHEK,KVANFW,VHEKTI,DHGHFQ,YWGLDY,HGHFQY,HEKTIL,DYPPLT,DKVANF,VANFWC,IDHGHF,GHFQYN,WGLDYP,LIDHGH,LDYPPL,QVHEKT,EAQRHW,EDKVAN,GLDYPP,YPPLTA
GT57	2	Entmai1|Entmai1_629548	22.2	26	YNGFLF,DYPPFF,HFQYNG,HRNWLA,FKHIFL,HEKAIM,FQYNGF,HIHFQY,VHRNWL,EKAIML,IHFQYN,DHIHFQ,QYNGFL,HVHEKA,FGWHVH,RNWLAI,WTLDYP,TLDYPP,YPPFFA,VHEKAI,KHIFLY,NWLAIT,GWHVHE,LDYPPF,LFGWHV,WHVHEK
GT57	2	Entmai1|Entmai1_511292	8.7	10	LFGWHV,VHEKAI,FQYNGF,HEKAIM,FLFGWH,FGWHVH,WHVHEK,HFQYNG,HVHEKA,GWHVHE
GT58	2	Entmai1|Entmai1_697441	8.79	21	YTEIDW,RSLHYQ,LVYPAG,PLVYPA,AYMQEV,RLFNDP,GLPFLL,TGPLVY,GPLVYP,SLHYQF,GDTGPL,LRLFND,KMNVLL,DTGPLV,YPAGFV,VYPAGF,LFNDPV,KWTVNW,RIHSIF,FNDPVA,WTVNWR
GT59	2	Entmai1|Entmai1_605194	3.32	7	PPGLYL,TPPGLY,PYMDEI,TTPPGL,MDEIFH,YMDEIF,VVLGDK
GT66	1	Entmai1|Entmai1_36506	41.5	56	INKFLW,YFAGVM,VDNNTW,GVMVRL,SRSVAG,IASVSE,ISRSVA,SVAGSY,FAGVMV,EAYYWL,WYPLGR,NNTWNN,GYISRS,PIIASV,HEFDPW,WNNTHI,DDFREA,WWDYGY,IHEFDP,NTWNNT,VAGSYD,TWNNTH,WTGRFY,WDYGYQ,DYGYQI,DDINKF,AGSYDN,YFYMVS,YSLWDT,RSVAGS,AGVMVR,DFREAY,VSEHQP,SVSEHQ,EFDPWF,PWTGRF,GRFYSL,TGRFYS,AYYWLR,AGLLAA,DNNTWN,FYSLWD,ASVSEH,FDPWFN,GSYDNE,AWGGYV,NNTHIA,REAYYW,PGYISR,RFYSLW,DINKFL,IPIIAS,YISRSV,DVDYVL,NKFLWM,IIASVS
GT8	39	Entmai1|Entmai1_1074647	14.6	19	GGDQGL,DPGWPD,PDCFNS,DCFNSG,SFDGGD,PDPGWP,FDGGDQ,NSGVFV,GWPDCF,DADTLV,FNSGVF,PGWPDC,DQGLLN,WPDCFN,GSFDGG,ADTLVL,CFNSGV,GDQGLL,DGGDQG
CBM1	13	Entmai1|Entmai1_580808	5.08	12	AAPQCV,VYWGQN,YWGQNS,PQCVFP,YNNYCG,LGVPGS,QFYNNY,AVYWGQ,CVFPDA,QCVFPD,FYNNYC,VQFYNN
CBM12	6	Entmai1|Entmai1_726446	6.97	10	VLISLG,KVLISL,INYAFG,LISLGG,INVMTY,HINYAF,NVMTYD,SLGGWT,THINYA,ISLGGW
CBM12	6	Entmai1|Entmai1_726437	5.79	8	VLISLG,KVLISL,INYAFG,LISLGG,HINYAF,SLGGWT,THINYA,ISLGGW
CBM12	6	Entmai1|Entmai1_750038	5.02	6	GIDIDW,THINYA,LTHINY,DGIDID,HINYAF,IDIDWE
CBM12	6	Entmai1|Entmai1_594821	4.67	6	INYAFG,IDWEYP,HINYAF,LTHINY,DIDWEY,THINYA
CBM13	12	Entmai1|Entmai1_747726	2.76	9	NLAVGG,WPAFWM,YVRVYQ,LLNLAV,PAFWML,LAVGGN,DYVRVY,VDYVRV,LNLAVG
CBM14	26	Entmai1|Entmai1_594821	6.91	7	LDIDWE,IDWEYP,FDGLDI,DIDWEY,GLDIDW,DGLDID,GGAMVW
CBM18	6	Entmai1|Entmai1_665792	2.61	6	GLGFYG,DWEYPG,GFYGRS,LGFYGR,LDWEYP,DLDWEY
CBM19	1	Entmai1|Entmai1_580808	9.65	11	VYWGQN,YWGQNS,LLSLGG,GKKVLL,QFYNNY,LSLGGA,AVYWGQ,KKVLLS,KVLLSL,FYNNYC,VLLSLG
CBM19	1	Entmai1|Entmai1_44802	5.32	6	IQFYNN,LLSLGG,AAGSGY,LSLGGA,FIQFYN,YWGQNS
CBM19	1	Entmai1|Entmai1_713749	5.13	6	KVLLSL,GKKVLL,VLLSLG,KKVLLS,LLSLGG,AVYWGQ
CBM2	6	Entmai1|Entmai1_541254	6.81	7	INIMTY,DWEYPG,DLDWEY,NIMTYD,SVGGWT,LDWEYP,ISVGGW
CBM2	6	Entmai1|Entmai1_541255	6.81	7	INIMTY,DWEYPG,DLDWEY,NIMTYD,SVGGWT,LDWEYP,ISVGGW
CBM2	71	Entmai1|Entmai1_726446	7.0	7	DFINVM,FINVMT,INVMTY,NVMTYD,DWEYPG,LDFINV,YLDFIN
CBM20	17	Entmai1|Entmai1_738415	4.02	6	TKYGTK,WFKPLA,RTKYGT,GFRLDA,FKPLAY,KPLAYA
CBM20	37	Entmai1|Entmai1_636122	6.0	6	LKPENF,AHRDLK,KLIDFG,HRDLKP,RDLKPE,DLKPEN
CBM20	39	Entmai1|Entmai1_552148	5.19	10	LWPLFH,PFPSSE,VHDYHL,ARHFLS,HDYHLM,WVHDYH,DYARHF,YARHFL,FPSSEI,PSSEIY
CBM20	39	Entmai1|Entmai1_739798	4.6	10	VHDYHL,FPSSEI,PFPSSE,SSEIFR,WVHDYH,LSEFTG,HDYHLM,IGFFLH,ADPEFG,DYDGTL
CBM39	5	Entmai1|Entmai1_629056	9.52	12	GGGNWE,GDWIWP,SGEIDI,ASGEID,VESRGN,PASGEI,IWPAIW,QWYPTW,DWIWPA,GGNWEF,WPASGE,WIWPAI
CBM39	5	Entmai1|Entmai1_629074	9.52	12	GGGNWE,GDWIWP,SGEIDI,ASGEID,VESRGN,PASGEI,IWPAIW,QWYPTW,DWIWPA,GGNWEF,WPASGE,WIWPAI
CBM39	5	Entmai1|Entmai1_720970	9.18	12	DYIRVW,DWIWPA,WPAIWL,VESRGN,FEDNFD,WIWPAI,PASGEI,IWPAIW,ASGEID,WPASGE,NPIQSA,GDWIWP
CBM39	5	Entmai1|Entmai1_1088031	8.85	11	ASGEID,VESRGN,IWPAIW,DWIWPA,GGGNWE,WIWPAI,SGEIDI,PASGEI,FNFKYG,GGNWEF,WPASGE
CBM39	5	Entmai1|Entmai1_138819	7.85	11	IWPAIW,VAVGGV,VESRGN,QWYPTW,GGGNWE,GGNWEF,IKPTLT,GDWIWP,DWIWPA,WIWPAI,FNFKYG
CBM39	5	Entmai1|Entmai1_139098	6.85	9	WPASGE,IWPAIW,VESRGN,SGEIDI,PASGEI,ASGEID,GDWIWP,WIWPAI,DWIWPA
CBM39	5	Entmai1|Entmai1_139156	6.85	9	WPASGE,IWPAIW,VESRGN,SGEIDI,PASGEI,ASGEID,GDWIWP,WIWPAI,DWIWPA
CBM39	5	Entmai1|Entmai1_629150	6.51	9	GGGNWE,GDWIWP,FEDNFD,VAVGGV,WPAIWL,IWPAIW,DWIWPA,GGNWEF,WIWPAI
CBM39	5	Entmai1|Entmai1_628480	6.33	7	GGGNWE,IFEDNF,ASGEID,PASGEI,GGNWEF,WPASGE,VRAKMP
CBM39	5	Entmai1|Entmai1_628782	3.85	6	GDWIWP,FNFKYG,VESRGN,IWPAIW,DWIWPA,WIWPAI
CBM4	2	Entmai1|Entmai1_747726	2.78	7	NLAVGG,WPAFWM,LAVGGN,DYVRVY,VDYVRV,WAASGE,LNLAVG
CBM43	1	Entmai1|Entmai1_697426	4.02	6	GNEVTN,KGIAYQ,DFYGIN,AGNEVT,KIPVGY,ADFYGI
CBM43	12	Entmai1|Entmai1_697432	2.78	7	IYSWCG,GNEVTN,KGVAYQ,AGNEVT,KGSKFF,NIYSWC,NDYGLV
CBM48	20	Entmai1|Entmai1_528327	26.5	38	IYEAHV,DQALVG,LVGDKT,HDQALV,ESHDQA,RFDGVT,EFGHPE,DGVTSM,EGYLNF,SFGYQV,LMAIME,YYASFG,ASFGYQ,GEGYLN,DYRLAM,IQLMAI,YASFGY,QALVGD,YEAHVG,YREWAP,GNEFGH,TLTNRR,SHDQAL,EWAPNA,MAIMEH,FDGVTS,SRLFNY,ALVGDK,GFRFDG,NEFGHP,GFDYRL,AEDVSG,FRFDGV,FGHPEW,DGFRFD,FDYRLA,QLMAIM,VGDKTI
CBM5	9	Entmai1|Entmai1_628485	5.43	6	PFYGRG,ISVGGW,NIMTYD,HINYAF,INYAFA,IMTYDF
CBM5	29	Entmai1|Entmai1_750225	5.88	6	LTAAHC,VLTAAH,QGDSGG,DSGGPI,CQGDSG,GDSGGP
CBM5	29	Entmai1|Entmai1_1069504	5.76	6	SCQGDS,QGDSGG,CQGDSG,GDSGGP,DSGGPI,DSCQGD
CBM5	29	Entmai1|Entmai1_524025	5.76	6	DSCQGD,QGDSGG,GDSGGP,TAAHCV,SCQGDS,CQGDSG
CBM5	29	Entmai1|Entmai1_688698	5.76	6	QGDSGG,GDSGGP,CQGDSG,SCQGDS,DSGGPI,DSCQGD
CBM5	29	Entmai1|Entmai1_735766	5.76	6	TAAHCV,DSCQGD,GDSGGP,SCQGDS,QGDSGG,CQGDSG
CBM5	49	Entmai1|Entmai1_1069210	8.01	9	HGTHVA,SGTSMA,HVAGTI,VAGTIA,NGHGTH,VVSVAA,THVAGT,GHGTHV,GTHVAG
CBM5	49	Entmai1|Entmai1_1085877	7.54	10	SMATPH,ISGTSM,SMSLGG,NGHGTH,SISGTS,MSLGGS,GTSMAT,TSMATP,MATPHV,SGTSMA
CBM5	49	Entmai1|Entmai1_747402	6.84	9	GTSMAT,ISGTSM,NGHGTH,SMATPH,SGTSMA,MATPHV,SMSLGG,TSMATP,SISGTS
CBM5	49	Entmai1|Entmai1_1085882	6.14	8	SMATPH,ISGTSM,SMSLGG,SISGTS,GTSMAT,TSMATP,MATPHV,SGTSMA
CBM5	49	Entmai1|Entmai1_614792	6.14	8	GTSMAT,SMATPH,SMSLGG,ISGTSM,SGTSMA,NGHGTH,MATPHV,TSMATP
CBM5	49	Entmai1|Entmai1_614794	6.14	8	GTSMAT,SMATPH,SMSLGG,ISGTSM,SGTSMA,NGHGTH,MATPHV,TSMATP
CBM5	49	Entmai1|Entmai1_615278	6.14	8	SISGTS,GTSMAT,SMATPH,SGTSMA,SMSLGG,ISGTSM,MATPHV,TSMATP
CBM5	49	Entmai1|Entmai1_747375	6.14	8	GTSMAT,ISGTSM,SMATPH,MATPHV,SGTSMA,SMSLGG,TSMATP,SISGTS
CBM5	49	Entmai1|Entmai1_754113	6.14	8	GTSMAT,ISGTSM,SMATPH,MATPHV,SGTSMA,SMSLGG,TSMATP,SISGTS
CBM5	49	Entmai1|Entmai1_1085871	5.44	7	SMATPH,ISGTSM,NGHGTH,GTSMAT,TSMATP,MATPHV,SGTSMA
CBM5	49	Entmai1|Entmai1_614784	5.44	7	GTSMAT,SMATPH,SGTSMA,ISGTSM,NGHGTH,MATPHV,TSMATP
CBM5	49	Entmai1|Entmai1_754175	5.44	7	NGHGTH,GTSMAT,ISGTSM,SMATPH,SGTSMA,MATPHV,TSMATP
CBM5	49	Entmai1|Entmai1_1069381	4.7	6	ISGTSM,SISGTS,SMATPH,SGTSMA,TSMATP,GTSMAT
CBM5	49	Entmai1|Entmai1_1085881	4.62	6	ISGTSM,SMSLGG,NGHGTH,GTSMAT,TSMATP,SGTSMA
CBM5	74	Entmai1|Entmai1_528432	4.97	6	HGTHVA,GHGTHV,VAGTAA,HVAGTA,THVAGT,GTHVAG
CBM54	1	Entmai1|Entmai1_139098	3.26	6	IWPAIW,SGEIDI,ASGEID,AIWMMP,PAIWMM,WPAIWM
CBM54	1	Entmai1|Entmai1_139156	3.26	6	IWPAIW,SGEIDI,ASGEID,AIWMMP,PAIWMM,WPAIWM
CBM54	1	Entmai1|Entmai1_629056	3.26	6	SGEIDI,ASGEID,AIWMMP,IWPAIW,PAIWMM,WPAIWM
CBM54	1	Entmai1|Entmai1_629074	3.26	6	SGEIDI,ASGEID,AIWMMP,IWPAIW,PAIWMM,WPAIWM
CBM57	16	Entmai1|Entmai1_651037	13.0	14	TGKTFT,IFAYGQ,LVDLAG,YGQTGT,GQTGTG,KTFTME,GKTFTM,QTGTGK,FAYGQT,SSRSHC,TGTGKT,AYGQTG,TFTMEG,GTGKTF
CBM57	16	Entmai1|Entmai1_613755	12.8	14	SKTLMF,IFAYGQ,VCIFAY,KTLMFV,GNIRVF,RNSKLT,GKTFTM,NIRVFC,IRVFCR,FAYGQT,DLAGSE,AYGQTG,TFTMEG,KTFTME
CBM57	16	Entmai1|Entmai1_640677	12.6	13	LVDLAG,IFAYGQ,LQDSLG,YGQTGT,QDSLGG,GQTGTG,VDLAGS,QTGTGK,FAYGQT,DLAGSE,SSRSHC,TGTGKT,AYGQTG
CBM57	16	Entmai1|Entmai1_643808	11.7	12	LVDLAG,LQDSLG,YGQTGT,QDSLGG,GQTGTG,VDLAGS,QTGTGK,FAYGQT,DLAGSE,SSRSHC,TGTGKT,AYGQTG
CBM57	16	Entmai1|Entmai1_617328	10.6	11	TGTGKT,IFAYGQ,QTGTGK,GQTGTG,FAYGQT,VDLAGS,LVDLAG,DLAGSE,AYGQTG,YGQTGT,SSRSHC
CBM57	16	Entmai1|Entmai1_1068759	6.88	7	LQDSLG,DLAGSE,LLQDSL,LAGSER,DSLGGD,VDLAGS,QDSLGG
CBM57	16	Entmai1|Entmai1_503970	5.76	6	GKTFTM,VDLAGS,LVDLAG,AYGQTG,FAYGQT,DLAGSE
CBM6	15	Entmai1|Entmai1_139098	5.75	12	WPASGE,SGEIDI,LNVAVG,PASGEI,YLILNV,ASGEID,AIWMMP,GWPASG,PAIWMM,WPAIWM,NVAVGG,LILNVA
CBM6	15	Entmai1|Entmai1_139156	5.75	12	WPASGE,SGEIDI,LNVAVG,PASGEI,YLILNV,ASGEID,AIWMMP,GWPASG,PAIWMM,WPAIWM,NVAVGG,LILNVA
CBM6	15	Entmai1|Entmai1_629056	5.75	12	YLILNV,SGEIDI,ASGEID,NVAVGG,AIWMMP,PASGEI,LILNVA,LNVAVG,WPASGE,GWPASG,PAIWMM,WPAIWM
CBM6	15	Entmai1|Entmai1_629074	5.75	12	YLILNV,SGEIDI,ASGEID,NVAVGG,AIWMMP,PASGEI,LILNVA,LNVAVG,WPASGE,GWPASG,PAIWMM,WPAIWM
CBM6	15	Entmai1|Entmai1_138819	4.08	8	LNVAVG,YLILNV,AIWMMP,GWPASG,PAIWMM,WPAIWM,NVAVGG,LILNVA
CBM6	15	Entmai1|Entmai1_628782	3.52	7	YLILNV,AIWMMP,LILNVA,LNVAVG,GWPASG,PAIWMM,WPAIWM
CBM6	15	Entmai1|Entmai1_1068894	3.37	6	EIDIME,ASGEID,PASGEI,WPASGE,GEIDIM,SGEIDI
CBM6	15	Entmai1|Entmai1_1088031	3.34	7	PAIWMM,GWPASG,ASGEID,SGEIDI,PASGEI,WPAIWM,WPASGE
CBM73	8	Entmai1|Entmai1_1069504	5.94	6	SCQGDS,QGDSGG,CQGDSG,GDSGGP,DSGGPI,DSCQGD
CBM73	8	Entmai1|Entmai1_524025	5.94	6	DSCQGD,QGDSGG,GDSGGP,TAAHCV,SCQGDS,CQGDSG
CBM73	8	Entmai1|Entmai1_688698	5.94	6	QGDSGG,GDSGGP,CQGDSG,SCQGDS,DSGGPI,DSCQGD
CBM73	8	Entmai1|Entmai1_735766	5.94	6	TAAHCV,DSCQGD,GDSGGP,SCQGDS,QGDSGG,CQGDSG
CBM73	8	Entmai1|Entmai1_750225	5.94	6	LTAAHC,VLTAAH,QGDSGG,DSGGPI,CQGDSG,GDSGGP
