IWY20|IWY20_000009-T1      0.200  35  0.403  35  0.876  25  0.719   0.526 Y  0.450      SignalP-TM
IWY20|IWY20_000014-T1      0.224  29  0.330  23  0.879  15  0.646   0.453 Y  0.450      SignalP-TM
IWY20|IWY20_000050-T1      0.116  41  0.290  19  0.804  13  0.741   0.466 Y  0.450      SignalP-TM
IWY20|IWY20_000083-T1      0.192  29  0.276  13  0.854   2  0.746   0.459 Y  0.450      SignalP-TM
IWY20|IWY20_000118-T1      0.179  21  0.324  21  0.829   2  0.663   0.456 Y  0.450      SignalP-TM
IWY20|IWY20_000125-T1      0.269  20  0.489  20  0.940  16  0.890   0.678 Y  0.570      SignalP-noTM
IWY20|IWY20_000142-T1      0.297  23  0.442  23  0.815  19  0.686   0.537 Y  0.450      SignalP-TM
IWY20|IWY20_000142-T1      0.448  23  0.595  23  0.908   2  0.832   0.706 Y  0.570      SignalP-noTM
IWY20|IWY20_000147-T1      0.579  19  0.751  19  0.982  11  0.968   0.853 Y  0.570      SignalP-noTM
IWY20|IWY20_000147-T1      0.580  25  0.748  25  0.984  16  0.960   0.831 Y  0.450      SignalP-TM
IWY20|IWY20_000152-T1      0.269  20  0.470  20  0.919  15  0.821   0.635 Y  0.570      SignalP-noTM
IWY20|IWY20_000152-T1      0.460  31  0.464  31  0.915  16  0.672   0.545 Y  0.450      SignalP-TM
IWY20|IWY20_000161-T1      0.225  20  0.420  20  0.859  12  0.715   0.535 Y  0.450      SignalP-TM
IWY20|IWY20_000161-T1      0.774  20  0.825  20  0.920  18  0.855   0.839 Y  0.570      SignalP-noTM
IWY20|IWY20_000168-T1      0.230  20  0.437  20  0.907  17  0.834   0.624 Y  0.570      SignalP-noTM
IWY20|IWY20_000197-T1      0.245  39  0.412  39  0.831  35  0.744   0.542 Y  0.450      SignalP-TM
IWY20|IWY20_000197-T1      0.256  27  0.451  27  0.947  16  0.850   0.638 Y  0.570      SignalP-noTM
IWY20|IWY20_000244-T1      0.455  23  0.628  23  0.915  19  0.817   0.717 Y  0.570      SignalP-noTM
IWY20|IWY20_000244-T1      0.495  25  0.653  25  0.942  21  0.813   0.715 Y  0.450      SignalP-TM
IWY20|IWY20_000259-T1      0.513  25  0.587  25  0.734  22  0.643   0.609 Y  0.450      SignalP-TM
IWY20|IWY20_000259-T1      0.674  25  0.735  25  0.881  22  0.795   0.764 Y  0.570      SignalP-noTM
IWY20|IWY20_000282-T1      0.190  63  0.346  22  0.849   4  0.755   0.506 Y  0.450      SignalP-TM
IWY20|IWY20_000282-T1      0.383  22  0.580  22  0.927   1  0.881   0.721 Y  0.570      SignalP-noTM
IWY20|IWY20_000287-T1      0.343  18  0.524  18  0.892  11  0.755   0.633 Y  0.570      SignalP-noTM
IWY20|IWY20_000295-T1      0.395  25  0.552  25  0.867  18  0.752   0.630 Y  0.450      SignalP-TM
IWY20|IWY20_000295-T1      0.544  20  0.697  20  0.949  17  0.881   0.783 Y  0.570      SignalP-noTM
IWY20|IWY20_000342-T1      0.424  28  0.616  28  0.958  26  0.894   0.725 Y  0.450      SignalP-TM
IWY20|IWY20_000342-T1      0.763  28  0.839  28  0.970  12  0.939   0.886 Y  0.570      SignalP-noTM
IWY20|IWY20_000348-T1      0.368  31  0.413  16  0.845   8  0.724   0.534 Y  0.450      SignalP-TM
IWY20|IWY20_000383-T1      0.168  17  0.389  17  0.933   1  0.905   0.632 Y  0.570      SignalP-noTM
IWY20|IWY20_000383-T1      0.399  28  0.499  28  0.894   4  0.745   0.595 Y  0.450      SignalP-TM
IWY20|IWY20_000405-T1      0.228  18  0.424  18  0.854  16  0.774   0.561 Y  0.450      SignalP-TM
IWY20|IWY20_000414-T1      0.225  22  0.439  22  0.946  19  0.868   0.607 Y  0.450      SignalP-TM
IWY20|IWY20_000414-T1      0.246  20  0.457  20  0.934  19  0.863   0.648 Y  0.570      SignalP-noTM
IWY20|IWY20_000420-T1      0.447  22  0.544  22  0.822   4  0.701   0.605 Y  0.450      SignalP-TM
IWY20|IWY20_000420-T1      0.467  22  0.635  22  0.953   8  0.889   0.754 Y  0.570      SignalP-noTM
IWY20|IWY20_000446-T1      0.316  21  0.510  21  0.922   1  0.840   0.665 Y  0.570      SignalP-noTM
IWY20|IWY20_000446-T1      0.411  21  0.608  21  0.946   6  0.908   0.725 Y  0.450      SignalP-TM
IWY20|IWY20_000447-T1      0.178  40  0.340  40  0.859   4  0.692   0.477 Y  0.450      SignalP-TM
IWY20|IWY20_000458-T1      0.311  33  0.499  25  0.953  20  0.901   0.656 Y  0.450      SignalP-TM
IWY20|IWY20_000458-T1      0.463  22  0.663  22  0.966  11  0.942   0.794 Y  0.570      SignalP-noTM
IWY20|IWY20_000469-T1      0.135  46  0.290  13  0.913   7  0.844   0.506 Y  0.450      SignalP-TM
IWY20|IWY20_000558-T1      0.217  36  0.288  22  0.850  11  0.731   0.461 Y  0.450      SignalP-TM
IWY20|IWY20_000597-T1      0.267  23  0.460  23  0.897  17  0.728   0.564 Y  0.450      SignalP-TM
IWY20|IWY20_000597-T1      0.333  23  0.536  23  0.945  16  0.861   0.689 Y  0.570      SignalP-noTM
IWY20|IWY20_000608-T1      0.140  41  0.312  16  0.848  12  0.798   0.502 Y  0.450      SignalP-TM
IWY20|IWY20_000612-T1      0.391  20  0.501  20  0.730   1  0.662   0.564 Y  0.450      SignalP-TM
IWY20|IWY20_000647-T1      0.539  21  0.646  21  0.878  17  0.744   0.684 Y  0.450      SignalP-TM
IWY20|IWY20_000647-T1      0.861  21  0.838  21  0.887  17  0.788   0.819 Y  0.510      SignalP-TM
IWY20|IWY20_000662-T1      0.399  26  0.520  26  0.886  17  0.687   0.585 Y  0.450      SignalP-TM
IWY20|IWY20_000662-T1      0.425  19  0.589  19  0.896  17  0.828   0.701 Y  0.570      SignalP-noTM
IWY20|IWY20_000705-T1      0.254  20  0.453  20  0.912  12  0.808   0.620 Y  0.570      SignalP-noTM
IWY20|IWY20_000706-T1      0.346  49  0.435  23  0.893  19  0.753   0.559 Y  0.450      SignalP-TM
IWY20|IWY20_000726-T1      0.173  27  0.335  27  0.756   1  0.646   0.456 Y  0.450      SignalP-TM
IWY20|IWY20_000733-T1      0.559  20  0.519  20  0.706  19  0.508   0.515 Y  0.450      SignalP-TM
IWY20|IWY20_000733-T1      0.739  20  0.751  20  0.868  19  0.789   0.769 Y  0.570      SignalP-noTM
IWY20|IWY20_000750-T1      0.211  22  0.407  22  0.960  14  0.805   0.594 Y  0.570      SignalP-noTM
IWY20|IWY20_000752-T1      0.214  28  0.286  12  0.894   5  0.814   0.492 Y  0.450      SignalP-TM
IWY20|IWY20_000795-T1      0.242  22  0.385  22  0.778  15  0.637   0.483 Y  0.450      SignalP-TM
IWY20|IWY20_000795-T1      0.464  20  0.548  20  0.797   2  0.675   0.608 Y  0.570      SignalP-noTM
IWY20|IWY20_000808-T1      0.169  26  0.340  21  0.813  14  0.744   0.497 Y  0.450      SignalP-TM
IWY20|IWY20_000808-T1      0.326  19  0.540  19  0.928  10  0.885   0.702 Y  0.570      SignalP-noTM
IWY20|IWY20_000843-T1      0.259  29  0.471  29  0.955  24  0.805   0.601 Y  0.450      SignalP-TM
IWY20|IWY20_000843-T1      0.511  26  0.685  26  0.949   6  0.913   0.792 Y  0.570      SignalP-noTM
IWY20|IWY20_000848-T1      0.559  21  0.690  21  0.929  17  0.835   0.747 Y  0.450      SignalP-TM
IWY20|IWY20_000848-T1      0.887  21  0.923  21  0.970  11  0.954   0.937 Y  0.570      SignalP-noTM
IWY20|IWY20_000865-T1      0.301  64  0.399  23  0.845   7  0.784   0.549 Y  0.450      SignalP-TM
IWY20|IWY20_000869-T1      0.170  43  0.320  29  0.916  15  0.771   0.496 Y  0.450      SignalP-TM
IWY20|IWY20_000919-T1      0.299  35  0.456  35  0.901  12  0.746   0.569 Y  0.450      SignalP-TM
IWY20|IWY20_000943-T1      0.239  29  0.409  29  0.946   5  0.807   0.564 Y  0.450      SignalP-TM
IWY20|IWY20_000943-T1      0.348  19  0.565  19  0.964   6  0.927   0.735 Y  0.570      SignalP-noTM
IWY20|IWY20_000951-T1      0.527  35  0.696  24  0.966  17  0.860   0.760 Y  0.450      SignalP-TM
IWY20|IWY20_000951-T1      0.689  24  0.815  24  0.988  22  0.947   0.877 Y  0.570      SignalP-noTM
IWY20|IWY20_000960-T1      0.324  31  0.423  31  0.845  13  0.682   0.524 Y  0.450      SignalP-TM
IWY20|IWY20_000976-T1      0.313  20  0.527  20  0.957  19  0.887   0.696 Y  0.570      SignalP-noTM
IWY20|IWY20_000976-T1      0.389  20  0.588  20  0.934  15  0.859   0.694 Y  0.450      SignalP-TM
IWY20|IWY20_000980-T1      0.251  21  0.441  21  0.879  14  0.790   0.605 Y  0.570      SignalP-noTM
IWY20|IWY20_000980-T1      0.271  29  0.393  29  0.844  14  0.673   0.502 Y  0.450      SignalP-TM
IWY20|IWY20_000992-T1      0.206  26  0.393  26  0.823  16  0.742   0.529 Y  0.450      SignalP-TM
IWY20|IWY20_001002-T1      0.576  30  0.687  30  0.967  18  0.877   0.761 Y  0.450      SignalP-TM
IWY20|IWY20_001002-T1      0.793  22  0.862  22  0.957  20  0.930   0.894 Y  0.570      SignalP-noTM
IWY20|IWY20_001011-T1      0.439  28  0.587  23  0.990   9  0.947   0.756 Y  0.570      SignalP-noTM
IWY20|IWY20_001011-T1      0.528  28  0.692  28  0.972  16  0.914   0.779 Y  0.450      SignalP-TM
IWY20|IWY20_001016-T1      0.155  20  0.337  20  0.798  11  0.685   0.473 Y  0.450      SignalP-TM
IWY20|IWY20_001059-T1      0.212  27  0.364  27  0.891  10  0.708   0.498 Y  0.450      SignalP-TM
IWY20|IWY20_001060-T1      0.237  24  0.367  24  0.819  17  0.609   0.461 Y  0.450      SignalP-TM
IWY20|IWY20_001060-T1      0.375  19  0.569  19  0.946  17  0.850   0.701 Y  0.570      SignalP-noTM
IWY20|IWY20_001065-T1      0.188  48  0.277  13  0.816  11  0.769   0.469 Y  0.450      SignalP-TM
IWY20|IWY20_001080-T1      0.157  18  0.368  18  0.903   9  0.845   0.554 Y  0.450      SignalP-TM
IWY20|IWY20_001080-T1      0.492  18  0.666  18  0.946  16  0.900   0.776 Y  0.570      SignalP-noTM
IWY20|IWY20_001090-T1      0.348  19  0.555  19  0.943  14  0.845   0.668 Y  0.450      SignalP-TM
IWY20|IWY20_001090-T1      0.585  19  0.733  19  0.955  17  0.902   0.812 Y  0.570      SignalP-noTM
IWY20|IWY20_001110-T1      0.266  19  0.454  19  0.828  17  0.786   0.610 Y  0.570      SignalP-noTM
IWY20|IWY20_001123-T1      0.521  23  0.686  23  0.943  22  0.876   0.760 Y  0.450      SignalP-TM
IWY20|IWY20_001123-T1      0.642  23  0.779  23  0.958  16  0.940   0.855 Y  0.570      SignalP-noTM
IWY20|IWY20_001128-T1      0.288  20  0.504  20  0.960  17  0.859   0.642 Y  0.450      SignalP-TM
IWY20|IWY20_001128-T1      0.573  20  0.721  20  0.933  13  0.890   0.800 Y  0.570      SignalP-noTM
IWY20|IWY20_001142-T1      0.388  34  0.461  19  0.951   4  0.903   0.634 Y  0.450      SignalP-TM
IWY20|IWY20_001142-T1      0.581  19  0.739  19  0.975  17  0.942   0.834 Y  0.570      SignalP-noTM
IWY20|IWY20_001146-T1      0.243  22  0.473  22  0.957  17  0.895   0.637 Y  0.450      SignalP-TM
IWY20|IWY20_001146-T1      0.353  22  0.570  22  0.957  10  0.926   0.737 Y  0.570      SignalP-noTM
IWY20|IWY20_001152-T1      0.238  18  0.370  18  0.748   5  0.604   0.461 Y  0.450      SignalP-TM
IWY20|IWY20_001154-T1      0.353  21  0.561  21  0.944  18  0.876   0.684 Y  0.450      SignalP-TM
IWY20|IWY20_001154-T1      0.593  21  0.753  21  0.978  10  0.954   0.848 Y  0.570      SignalP-noTM
IWY20|IWY20_001163-T1      0.303  25  0.423  24  0.856   3  0.681   0.524 Y  0.450      SignalP-TM
IWY20|IWY20_001163-T1      0.425  18  0.602  18  0.916  12  0.846   0.717 Y  0.570      SignalP-noTM
IWY20|IWY20_001172-T1      0.235  27  0.380  27  0.910  17  0.717   0.512 Y  0.450      SignalP-TM
IWY20|IWY20_001186-T1      0.478  20  0.683  20  0.983  10  0.970   0.818 Y  0.570      SignalP-noTM
IWY20|IWY20_001186-T1      0.582  36  0.643  36  0.980  16  0.860   0.728 Y  0.450      SignalP-TM
IWY20|IWY20_001187-T1      0.173  25  0.360  25  0.818   7  0.758   0.515 Y  0.450      SignalP-TM
IWY20|IWY20_001187-T1      0.206  25  0.370  20  0.925  13  0.803   0.573 Y  0.570      SignalP-noTM
IWY20|IWY20_001188-T1      0.341  18  0.554  18  0.919   8  0.878   0.680 Y  0.450      SignalP-TM
IWY20|IWY20_001188-T1      0.455  18  0.656  18  0.963  16  0.942   0.791 Y  0.570      SignalP-noTM
IWY20|IWY20_001211-T1      0.165  19  0.331  19  0.750  17  0.661   0.459 Y  0.450      SignalP-TM
IWY20|IWY20_001219-T1      0.332  39  0.509  22  0.893   7  0.831   0.635 Y  0.450      SignalP-TM
IWY20|IWY20_001219-T1      0.740  22  0.853  22  0.988  20  0.974   0.910 Y  0.570      SignalP-noTM
IWY20|IWY20_001220-T1      0.333  39  0.507  22  0.927   6  0.877   0.651 Y  0.450      SignalP-TM
IWY20|IWY20_001220-T1      0.582  22  0.754  22  0.985  10  0.971   0.856 Y  0.570      SignalP-noTM
IWY20|IWY20_001226-T1      0.390  29  0.456  29  0.644   4  0.533   0.486 Y  0.450      SignalP-TM
IWY20|IWY20_001254-T1      0.180  18  0.334  18  0.808  16  0.655   0.459 Y  0.450      SignalP-TM
IWY20|IWY20_001255-T1      0.489  19  0.631  19  0.897   1  0.829   0.709 Y  0.450      SignalP-TM
IWY20|IWY20_001255-T1      0.820  19  0.836  19  0.901  12  0.852   0.843 Y  0.570      SignalP-noTM
IWY20|IWY20_001263-T1      0.175  24  0.358  24  0.862  19  0.723   0.500 Y  0.450      SignalP-TM
IWY20|IWY20_001263-T1      0.260  25  0.448  25  0.921   3  0.832   0.629 Y  0.570      SignalP-noTM
IWY20|IWY20_001272-T1      0.276  18  0.429  18  0.875  16  0.613   0.500 Y  0.450      SignalP-TM
IWY20|IWY20_001295-T1      0.122  32  0.275  13  0.784   7  0.731   0.453 Y  0.450      SignalP-TM
IWY20|IWY20_001308-T1      0.238  43  0.307  19  0.900  15  0.772   0.488 Y  0.450      SignalP-TM
IWY20|IWY20_001364-T1      0.151  34  0.369  23  0.956  17  0.901   0.619 Y  0.570      SignalP-noTM
IWY20|IWY20_001364-T1      0.249  23  0.474  23  0.950  20  0.890   0.636 Y  0.450      SignalP-TM
IWY20|IWY20_001376-T1      0.289  24  0.488  24  0.939  18  0.738   0.585 Y  0.450      SignalP-TM
IWY20|IWY20_001376-T1      0.748  23  0.829  23  0.971  17  0.923   0.874 Y  0.570      SignalP-noTM
IWY20|IWY20_001416-T1      0.255  50  0.403  21  0.925  16  0.828   0.569 Y  0.450      SignalP-TM
IWY20|IWY20_001416-T1      0.410  21  0.607  21  0.951  13  0.898   0.744 Y  0.570      SignalP-noTM
IWY20|IWY20_001420-T1      0.220  24  0.398  24  0.865  11  0.721   0.524 Y  0.450      SignalP-TM
IWY20|IWY20_001424-T1      0.196  21  0.375  21  0.805  17  0.716   0.508 Y  0.450      SignalP-TM
IWY20|IWY20_001424-T1      0.574  21  0.695  21  0.943   8  0.869   0.777 Y  0.570      SignalP-noTM
IWY20|IWY20_001435-T1      0.209  22  0.414  22  0.927  19  0.835   0.612 Y  0.570      SignalP-noTM
IWY20|IWY20_001435-T1      0.273  60  0.374  22  0.830   8  0.714   0.507 Y  0.450      SignalP-TM
IWY20|IWY20_001449-T1      0.158  43  0.289  25  0.884  13  0.733   0.462 Y  0.450      SignalP-TM
IWY20|IWY20_001452-T1      0.648  24  0.786  24  0.976  17  0.930   0.842 Y  0.450      SignalP-TM
IWY20|IWY20_001452-T1      0.667  24  0.803  24  0.987  10  0.963   0.878 Y  0.570      SignalP-noTM
IWY20|IWY20_001461-T1      0.320  30  0.404  30  0.881  11  0.674   0.510 Y  0.450      SignalP-TM
IWY20|IWY20_001487-T1      0.244  19  0.461  19  0.967  18  0.885   0.626 Y  0.450      SignalP-TM
IWY20|IWY20_001487-T1      0.656  19  0.731  19  0.901   1  0.826   0.776 Y  0.570      SignalP-noTM
IWY20|IWY20_001492-T1      0.395  20  0.581  20  0.918  17  0.846   0.684 Y  0.450      SignalP-TM
IWY20|IWY20_001492-T1      0.638  20  0.769  20  0.946  10  0.918   0.839 Y  0.570      SignalP-noTM
IWY20|IWY20_001499-T1      0.201  35  0.390  21  0.893  12  0.802   0.551 Y  0.450      SignalP-TM
IWY20|IWY20_001500-T1      0.265  27  0.431  27  0.800  23  0.642   0.513 Y  0.450      SignalP-TM
IWY20|IWY20_001502-T1      0.317  29  0.440  29  0.728  22  0.488   0.459 Y  0.450      SignalP-TM
IWY20|IWY20_001531-T1      0.345  22  0.508  22  0.849  18  0.766   0.608 Y  0.450      SignalP-TM
IWY20|IWY20_001531-T1      0.522  22  0.594  22  0.858   2  0.721   0.654 Y  0.570      SignalP-noTM
IWY20|IWY20_001542-T1      0.364  26  0.518  26  0.888  22  0.707   0.591 Y  0.450      SignalP-TM
IWY20|IWY20_001548-T1      0.312  22  0.462  22  0.758   2  0.676   0.546 Y  0.450      SignalP-TM
IWY20|IWY20_001548-T1      0.408  22  0.555  22  0.889  19  0.779   0.660 Y  0.570      SignalP-noTM
IWY20|IWY20_001563-T1      0.257  19  0.465  19  0.931  17  0.842   0.612 Y  0.450      SignalP-TM
IWY20|IWY20_001563-T1      0.382  19  0.590  19  0.959  17  0.909   0.740 Y  0.570      SignalP-noTM
IWY20|IWY20_001577-T1      0.223  26  0.463  17  0.977  11  0.963   0.698 Y  0.570      SignalP-noTM
IWY20|IWY20_001577-T1      0.369  26  0.569  26  0.948  14  0.868   0.686 Y  0.450      SignalP-TM
IWY20|IWY20_001584-T1      0.183  33  0.318  33  0.889   9  0.700   0.467 Y  0.450      SignalP-TM
IWY20|IWY20_001627-T1      0.170  22  0.350  22  0.841  12  0.716   0.493 Y  0.450      SignalP-TM
IWY20|IWY20_001636-T1      0.346  20  0.511  20  0.874  18  0.746   0.622 Y  0.570      SignalP-noTM
IWY20|IWY20_001636-T1      0.350  20  0.521  20  0.909  16  0.729   0.602 Y  0.450      SignalP-TM
IWY20|IWY20_001652-T1      0.231  21  0.425  21  0.903  19  0.813   0.607 Y  0.570      SignalP-noTM
IWY20|IWY20_001652-T1      0.273  21  0.474  21  0.932  19  0.824   0.610 Y  0.450      SignalP-TM
IWY20|IWY20_001657-T1      0.167  31  0.273  12  0.793  10  0.746   0.457 Y  0.450      SignalP-TM
IWY20|IWY20_001659-T1      0.347  23  0.554  23  0.945  17  0.893   0.687 Y  0.450      SignalP-TM
IWY20|IWY20_001659-T1      0.409  23  0.607  23  0.984  11  0.922   0.755 Y  0.570      SignalP-noTM
IWY20|IWY20_001660-T1      0.444  22  0.579  22  0.915  12  0.704   0.638 Y  0.570      SignalP-noTM
IWY20|IWY20_001660-T1      0.716  22  0.793  22  0.921  13  0.815   0.802 Y  0.450      SignalP-TM
IWY20|IWY20_001691-T1      0.282  22  0.491  22  0.959  17  0.885   0.676 Y  0.570      SignalP-noTM
IWY20|IWY20_001691-T1      0.314  50  0.448  22  0.966  17  0.932   0.637 Y  0.450      SignalP-TM
IWY20|IWY20_001759-T1      0.424  36  0.457  36  0.813   7  0.640   0.528 Y  0.450      SignalP-TM
IWY20|IWY20_001765-T1      0.270  25  0.472  25  0.938   5  0.857   0.622 Y  0.450      SignalP-TM
IWY20|IWY20_001765-T1      0.461  19  0.653  19  0.960   7  0.932   0.784 Y  0.570      SignalP-noTM
IWY20|IWY20_001789-T1      0.227  23  0.440  23  0.920  18  0.820   0.588 Y  0.450      SignalP-TM
IWY20|IWY20_001789-T1      0.505  23  0.635  23  0.895   2  0.818   0.721 Y  0.570      SignalP-noTM
IWY20|IWY20_001793-T1      0.286  14  0.449  14  0.755  13  0.704   0.543 Y  0.510      SignalP-TM
IWY20|IWY20_001793-T1      0.289  16  0.482  16  0.885  12  0.787   0.601 Y  0.450      SignalP-TM
IWY20|IWY20_001802-T1      0.415  29  0.441  29  0.656  15  0.491   0.461 Y  0.450      SignalP-TM
IWY20|IWY20_001913-T1      0.295  22  0.408  22  0.831   8  0.623   0.491 Y  0.450      SignalP-TM
IWY20|IWY20_001933-T1      0.134  29  0.290  15  0.845  15  0.733   0.463 Y  0.450      SignalP-TM
IWY20|IWY20_001949-T1      0.433  28  0.567  28  0.930   2  0.797   0.657 Y  0.450      SignalP-TM
IWY20|IWY20_001949-T1      0.550  20  0.708  20  0.963  10  0.911   0.803 Y  0.570      SignalP-noTM
IWY20|IWY20_001973-T1      0.189  24  0.369  24  0.865   9  0.758   0.521 Y  0.450      SignalP-TM
IWY20|IWY20_001978-T1      0.531  25  0.611  25  0.797  20  0.718   0.653 Y  0.450      SignalP-TM
IWY20|IWY20_001978-T1      0.745  23  0.813  23  0.941   8  0.897   0.852 Y  0.570      SignalP-noTM
IWY20|IWY20_001983-T1      0.345  63  0.342  32  0.917   9  0.756   0.503 Y  0.450      SignalP-TM
IWY20|IWY20_001997-T1      0.336  29  0.494  21  0.923  16  0.882   0.645 Y  0.450      SignalP-TM
IWY20|IWY20_001997-T1      0.339  21  0.539  21  0.944   7  0.878   0.699 Y  0.570      SignalP-noTM
IWY20|IWY20_002050-T1      0.270  21  0.414  21  0.847   1  0.678   0.517 Y  0.450      SignalP-TM
IWY20|IWY20_002050-T1      0.656  21  0.768  21  0.923  13  0.890   0.825 Y  0.570      SignalP-noTM
IWY20|IWY20_002052-T1      0.204  21  0.423  21  0.919  13  0.866   0.596 Y  0.450      SignalP-TM
IWY20|IWY20_002052-T1      0.733  21  0.837  21  0.973  19  0.943   0.887 Y  0.570      SignalP-noTM
IWY20|IWY20_002146-T1      0.363  25  0.519  23  0.843  17  0.752   0.610 Y  0.450      SignalP-TM
IWY20|IWY20_002157-T1      0.301  20  0.447  20  0.780  18  0.664   0.531 Y  0.450      SignalP-TM
IWY20|IWY20_002157-T1      0.478  20  0.594  20  0.852   2  0.758   0.671 Y  0.570      SignalP-noTM
IWY20|IWY20_002158-T1      0.376  21  0.590  21  0.962  16  0.900   0.711 Y  0.450      SignalP-TM
IWY20|IWY20_002158-T1      0.664  21  0.792  21  0.972  11  0.943   0.863 Y  0.570      SignalP-noTM
IWY20|IWY20_002182-T1      0.375  22  0.588  22  0.947  13  0.920   0.744 Y  0.570      SignalP-noTM
IWY20|IWY20_002182-T1      0.389  26  0.593  26  0.964  17  0.886   0.707 Y  0.450      SignalP-TM
IWY20|IWY20_002190-T1      0.643  31  0.513  31  0.666   4  0.499   0.508 Y  0.450      SignalP-TM
IWY20|IWY20_002210-T1      0.236  38  0.337  38  0.845   5  0.651   0.459 Y  0.450      SignalP-TM
IWY20|IWY20_002221-T1      0.483  22  0.671  22  0.944  21  0.919   0.768 Y  0.450      SignalP-TM
IWY20|IWY20_002221-T1      0.833  22  0.874  22  0.956  16  0.919   0.895 Y  0.570      SignalP-noTM
IWY20|IWY20_002241-T1      0.410  20  0.520  20  0.867  17  0.701   0.605 Y  0.570      SignalP-noTM
IWY20|IWY20_002241-T1      0.543  37  0.539  20  0.741  18  0.585   0.557 Y  0.450      SignalP-TM
IWY20|IWY20_002257-T1      0.177  28  0.345  28  0.893   5  0.747   0.502 Y  0.450      SignalP-TM
IWY20|IWY20_002267-T1      0.192  24  0.337  24  0.852   6  0.687   0.473 Y  0.450      SignalP-TM
IWY20|IWY20_002286-T1      0.662  21  0.725  21  0.909  17  0.812   0.759 Y  0.450      SignalP-TM
IWY20|IWY20_002286-T1      0.845  21  0.876  21  0.963  20  0.917   0.895 Y  0.570      SignalP-noTM
IWY20|IWY20_002289-T1      0.264  32  0.420  32  0.839  26  0.602   0.491 Y  0.450      SignalP-TM
IWY20|IWY20_002307-T1      0.777  27  0.786  27  0.920  24  0.727   0.763 Y  0.450      SignalP-TM
IWY20|IWY20_002307-T1      0.850  27  0.880  27  0.952  11  0.924   0.901 Y  0.570      SignalP-noTM
IWY20|IWY20_002310-T1      0.302  20  0.470  20  0.829  17  0.729   0.571 Y  0.450      SignalP-TM
IWY20|IWY20_002310-T1      0.333  20  0.543  20  0.949  15  0.890   0.706 Y  0.570      SignalP-noTM
IWY20|IWY20_002318-T1      0.328  17  0.512  17  0.851  11  0.794   0.645 Y  0.570      SignalP-noTM
IWY20|IWY20_002318-T1      0.419  17  0.577  17  0.846   5  0.790   0.660 Y  0.450      SignalP-TM
IWY20|IWY20_002333-T1      0.164  27  0.281  18  0.865  10  0.733   0.458 Y  0.450      SignalP-TM
IWY20|IWY20_002350-T1      0.470  22  0.655  22  0.951  18  0.909   0.754 Y  0.450      SignalP-TM
IWY20|IWY20_002350-T1      0.567  22  0.707  22  0.955   8  0.909   0.802 Y  0.570      SignalP-noTM
IWY20|IWY20_002356-T1      0.198  34  0.332  25  0.948  12  0.873   0.543 Y  0.450      SignalP-TM
IWY20|IWY20_002356-T1      0.207  25  0.413  25  0.964  14  0.875   0.630 Y  0.570      SignalP-noTM
IWY20|IWY20_002357-T1      0.542  21  0.653  21  0.928  17  0.770   0.708 Y  0.570      SignalP-noTM
IWY20|IWY20_002380-T1      0.352  29  0.465  29  0.844  27  0.492   0.476 Y  0.450      SignalP-TM
IWY20|IWY20_002382-T1      0.171  21  0.347  21  0.868   7  0.736   0.499 Y  0.450      SignalP-TM
IWY20|IWY20_002395-T1      0.297  24  0.409  24  0.754   1  0.623   0.492 Y  0.450      SignalP-TM
IWY20|IWY20_002406-T1      0.122  27  0.295  22  0.906   4  0.788   0.488 Y  0.450      SignalP-TM
IWY20|IWY20_002406-T1      0.292  22  0.521  22  0.959  17  0.934   0.715 Y  0.570      SignalP-noTM
IWY20|IWY20_002474-T1      0.237  21  0.402  21  0.758  18  0.663   0.504 Y  0.450      SignalP-TM
IWY20|IWY20_002482-T1      0.314  19  0.446  19  0.728  16  0.591   0.502 Y  0.450      SignalP-TM
IWY20|IWY20_002482-T1      0.361  19  0.507  19  0.804  13  0.672   0.584 Y  0.570      SignalP-noTM
IWY20|IWY20_002484-T1      0.450  23  0.492  23  0.619  19  0.528   0.506 Y  0.450      SignalP-TM
IWY20|IWY20_002484-T1      0.840  23  0.797  23  0.896   3  0.778   0.788 Y  0.570      SignalP-noTM
IWY20|IWY20_002488-T1      0.241  49  0.323  25  0.877   8  0.666   0.456 Y  0.450      SignalP-TM
IWY20|IWY20_002489-T1      0.588  33  0.576  33  0.692  30  0.438   0.522 Y  0.450      SignalP-TM
IWY20|IWY20_002516-T1      0.291  24  0.463  19  0.862   1  0.814   0.593 Y  0.510      SignalP-TM
IWY20|IWY20_002519-T1      0.302  22  0.528  22  0.964  15  0.928   0.684 Y  0.450      SignalP-TM
IWY20|IWY20_002519-T1      0.520  22  0.692  22  0.973  18  0.931   0.804 Y  0.570      SignalP-noTM
IWY20|IWY20_002528-T1      0.277  21  0.518  21  0.982  17  0.943   0.684 Y  0.450      SignalP-TM
IWY20|IWY20_002528-T1      0.722  21  0.840  21  0.985  11  0.968   0.900 Y  0.570      SignalP-noTM
IWY20|IWY20_002531-T1      0.130  20  0.304  20  0.888  14  0.694   0.457 Y  0.450      SignalP-TM
IWY20|IWY20_002560-T1      0.199  24  0.412  19  0.966   9  0.933   0.657 Y  0.570      SignalP-noTM
IWY20|IWY20_002560-T1      0.256  38  0.378  24  0.914   3  0.802   0.543 Y  0.450      SignalP-TM
IWY20|IWY20_002571-T1      0.167  29  0.340  23  0.862  19  0.715   0.486 Y  0.450      SignalP-TM
IWY20|IWY20_002571-T1      0.413  20  0.622  20  0.954  18  0.938   0.771 Y  0.570      SignalP-noTM
IWY20|IWY20_002588-T1      0.332  25  0.400  25  0.760   5  0.593   0.476 Y  0.450      SignalP-TM
IWY20|IWY20_002592-T1      0.267  23  0.445  23  0.961  10  0.833   0.627 Y  0.570      SignalP-noTM
IWY20|IWY20_002592-T1      0.322  23  0.457  23  0.922   5  0.750   0.571 Y  0.450      SignalP-TM
IWY20|IWY20_002605-T1      0.208  36  0.347  22  0.758   4  0.680   0.477 Y  0.450      SignalP-TM
IWY20|IWY20_002619-T1      0.320  22  0.449  22  0.777  15  0.632   0.521 Y  0.450      SignalP-TM
IWY20|IWY20_002635-T1      0.326  21  0.532  21  0.926  12  0.856   0.684 Y  0.570      SignalP-noTM
IWY20|IWY20_002643-T1      0.299  19  0.449  19  0.814  18  0.645   0.525 Y  0.450      SignalP-TM
IWY20|IWY20_002648-T1      0.172  27  0.274  11  0.841   2  0.775   0.470 Y  0.450      SignalP-TM
IWY20|IWY20_002654-T1      0.773  23  0.846  23  0.959  19  0.907   0.869 Y  0.450      SignalP-TM
IWY20|IWY20_002654-T1      0.799  23  0.872  23  0.971  19  0.945   0.906 Y  0.570      SignalP-noTM
IWY20|IWY20_002670-T1      0.350  29  0.420  29  0.896  14  0.593   0.488 Y  0.450      SignalP-TM
IWY20|IWY20_002671-T1      0.412  26  0.587  26  0.964  17  0.829   0.681 Y  0.450      SignalP-TM
IWY20|IWY20_002671-T1      0.569  19  0.681  19  0.949  17  0.829   0.750 Y  0.570      SignalP-noTM
IWY20|IWY20_002723-T1      0.166  24  0.346  24  0.847  15  0.718   0.491 Y  0.450      SignalP-TM
IWY20|IWY20_002736-T1      0.705  21  0.716  21  0.844  13  0.711   0.714 Y  0.570      SignalP-noTM
IWY20|IWY20_002771-T1      0.498  22  0.599  22  0.889   2  0.775   0.682 Y  0.570      SignalP-noTM
IWY20|IWY20_002771-T1      0.656  22  0.763  22  0.956  16  0.832   0.790 Y  0.450      SignalP-TM
IWY20|IWY20_002782-T1      0.287  22  0.512  22  0.960  18  0.919   0.671 Y  0.450      SignalP-TM
IWY20|IWY20_002782-T1      0.520  22  0.682  22  0.966  18  0.914   0.791 Y  0.570      SignalP-noTM
IWY20|IWY20_002790-T1      0.408  19  0.524  19  0.850  17  0.714   0.613 Y  0.570      SignalP-noTM
IWY20|IWY20_002792-T1      0.252  21  0.385  21  0.703   3  0.615   0.475 Y  0.450      SignalP-TM
IWY20|IWY20_002792-T1      0.302  21  0.493  21  0.901   1  0.824   0.649 Y  0.570      SignalP-noTM
IWY20|IWY20_002817-T1      0.200  21  0.397  21  0.854   5  0.795   0.552 Y  0.450      SignalP-TM
IWY20|IWY20_002817-T1      0.416  21  0.617  21  0.949  19  0.922   0.761 Y  0.570      SignalP-noTM
IWY20|IWY20_002822-T1      0.185  23  0.370  23  0.837  15  0.722   0.508 Y  0.450      SignalP-TM
IWY20|IWY20_002836-T1      0.271  22  0.505  22  0.974  14  0.934   0.707 Y  0.570      SignalP-noTM
IWY20|IWY20_002836-T1      0.279  36  0.386  21  0.908  14  0.818   0.554 Y  0.450      SignalP-TM
IWY20|IWY20_002903-T1      0.476  25  0.674  25  0.970  19  0.901   0.762 Y  0.450      SignalP-TM
IWY20|IWY20_002903-T1      0.585  25  0.757  25  0.987  14  0.968   0.856 Y  0.570      SignalP-noTM
IWY20|IWY20_002925-T1      0.262  26  0.447  21  0.927   9  0.855   0.638 Y  0.570      SignalP-noTM
IWY20|IWY20_002925-T1      0.270  26  0.398  26  0.921  10  0.727   0.526 Y  0.450      SignalP-TM
IWY20|IWY20_002931-T1      0.191  23  0.355  23  0.767   2  0.665   0.476 Y  0.450      SignalP-TM
IWY20|IWY20_002943-T1      0.275  21  0.456  21  0.908  10  0.788   0.612 Y  0.570      SignalP-noTM
IWY20|IWY20_002946-T1      0.211  28  0.389  28  0.898  11  0.761   0.534 Y  0.450      SignalP-TM
IWY20|IWY20_002981-T1      0.175  20  0.330  20  0.733   5  0.646   0.453 Y  0.450      SignalP-TM
IWY20|IWY20_002981-T1      0.260  20  0.447  20  0.868   2  0.794   0.611 Y  0.570      SignalP-noTM
IWY20|IWY20_003024-T1      0.228  26  0.417  23  0.913  17  0.797   0.566 Y  0.450      SignalP-TM
IWY20|IWY20_003024-T1      0.776  19  0.845  19  0.949  17  0.913   0.877 Y  0.570      SignalP-noTM
IWY20|IWY20_003036-T1      0.123  21  0.296  21  0.790  15  0.705   0.455 Y  0.450      SignalP-TM
IWY20|IWY20_003063-T1      0.203  24  0.364  24  0.787  16  0.623   0.465 Y  0.450      SignalP-TM
IWY20|IWY20_003063-T1      0.291  24  0.434  24  0.876  12  0.739   0.577 Y  0.570      SignalP-noTM
IWY20|IWY20_003072-T1      0.336  24  0.539  24  0.946  20  0.862   0.665 Y  0.450      SignalP-TM
IWY20|IWY20_003072-T1      0.386  26  0.545  22  0.965  12  0.901   0.712 Y  0.570      SignalP-noTM
IWY20|IWY20_003083-T1      0.467  19  0.516  19  0.804  18  0.557   0.532 Y  0.450      SignalP-TM
IWY20|IWY20_003083-T1      0.726  19  0.709  19  0.890  17  0.694   0.702 Y  0.570      SignalP-noTM
IWY20|IWY20_003104-T1      0.551  20  0.680  20  0.942  16  0.838   0.741 Y  0.450      SignalP-TM
IWY20|IWY20_003104-T1      0.753  20  0.827  20  0.933   7  0.904   0.863 Y  0.570      SignalP-noTM
IWY20|IWY20_003123-T1      0.177  20  0.371  20  0.897   1  0.799   0.572 Y  0.570      SignalP-noTM
IWY20|IWY20_003155-T1      0.237  45  0.323  25  0.915   7  0.785   0.503 Y  0.450      SignalP-TM
IWY20|IWY20_003161-T1      0.229  21  0.377  21  0.738  19  0.641   0.480 Y  0.450      SignalP-TM
IWY20|IWY20_003173-T1      0.351  20  0.561  20  0.932  14  0.876   0.684 Y  0.450      SignalP-TM
IWY20|IWY20_003173-T1      0.377  20  0.592  20  0.959  14  0.919   0.746 Y  0.570      SignalP-noTM
IWY20|IWY20_003203-T1      0.178  31  0.349  20  0.846  17  0.757   0.508 Y  0.450      SignalP-TM
IWY20|IWY20_003203-T1      0.452  20  0.652  20  0.973  16  0.934   0.785 Y  0.570      SignalP-noTM
IWY20|IWY20_003205-T1      0.513  24  0.507  24  0.723   4  0.574   0.533 Y  0.450      SignalP-TM
IWY20|IWY20_003223-T1      0.173  24  0.334  24  0.843  19  0.693   0.474 Y  0.450      SignalP-TM
IWY20|IWY20_003223-T1      0.383  24  0.555  24  0.940  19  0.827   0.683 Y  0.570      SignalP-noTM
IWY20|IWY20_003224-T1      0.284  22  0.494  22  0.913  12  0.848   0.660 Y  0.570      SignalP-noTM
IWY20|IWY20_003233-T1      0.377  26  0.533  26  0.878   9  0.788   0.632 Y  0.450      SignalP-TM
IWY20|IWY20_003233-T1      0.433  26  0.581  26  0.923  10  0.833   0.700 Y  0.570      SignalP-noTM
IWY20|IWY20_003239-T1      0.386  36  0.382  36  0.887  15  0.601   0.467 Y  0.450      SignalP-TM
IWY20|IWY20_003252-T1      0.657  22  0.773  22  0.950  10  0.910   0.826 Y  0.450      SignalP-TM
IWY20|IWY20_003252-T1      0.763  22  0.832  22  0.968   9  0.924   0.875 Y  0.570      SignalP-noTM
IWY20|IWY20_003258-T1      0.399  25  0.546  25  0.926  18  0.680   0.598 Y  0.450      SignalP-TM
IWY20|IWY20_003271-T1      0.178  23  0.351  23  0.754   8  0.672   0.476 Y  0.450      SignalP-TM
IWY20|IWY20_003276-T1      0.238  22  0.418  22  0.830  15  0.733   0.541 Y  0.450      SignalP-TM
IWY20|IWY20_003276-T1      0.276  22  0.451  22  0.896   1  0.786   0.608 Y  0.570      SignalP-noTM
IWY20|IWY20_003306-T1      0.318  22  0.498  22  0.869  19  0.703   0.578 Y  0.450      SignalP-TM
IWY20|IWY20_003306-T1      0.370  20  0.546  20  0.861  15  0.779   0.655 Y  0.570      SignalP-noTM
IWY20|IWY20_003309-T1      0.300  21  0.458  21  0.848  14  0.714   0.578 Y  0.570      SignalP-noTM
IWY20|IWY20_003310-T1      0.201  23  0.409  23  0.924  15  0.859   0.620 Y  0.570      SignalP-noTM
IWY20|IWY20_003310-T1      0.217  26  0.404  26  0.936  18  0.789   0.554 Y  0.450      SignalP-TM
IWY20|IWY20_003322-T1      0.184  27  0.365  19  0.904   2  0.849   0.592 Y  0.570      SignalP-noTM
IWY20|IWY20_003322-T1      0.323  35  0.351  26  0.869   4  0.761   0.511 Y  0.450      SignalP-TM
IWY20|IWY20_003466-T1      0.366  28  0.428  28  0.812  12  0.631   0.507 Y  0.450      SignalP-TM
IWY20|IWY20_003468-T1      0.201  19  0.408  19  0.896  13  0.821   0.602 Y  0.570      SignalP-noTM
IWY20|IWY20_003469-T1      0.289  62  0.433  20  0.906  17  0.773   0.566 Y  0.450      SignalP-TM
IWY20|IWY20_003469-T1      0.571  20  0.694  20  0.919   1  0.851   0.768 Y  0.570      SignalP-noTM
IWY20|IWY20_003480-T1      0.139  14  0.333  14  0.860   2  0.798   0.514 Y  0.450      SignalP-TM
IWY20|IWY20_003512-T1      0.183  41  0.280  17  0.834   7  0.749   0.463 Y  0.450      SignalP-TM
IWY20|IWY20_003561-T1      0.251  23  0.375  23  0.713   8  0.586   0.457 Y  0.450      SignalP-TM
IWY20|IWY20_003575-T1      0.209  23  0.383  23  0.860  10  0.733   0.519 Y  0.450      SignalP-TM
IWY20|IWY20_003580-T1      0.298  21  0.502  21  0.894  11  0.796   0.616 Y  0.450      SignalP-TM
IWY20|IWY20_003589-T1      0.369  31  0.446  31  0.797   5  0.641   0.522 Y  0.450      SignalP-TM
IWY20|IWY20_003614-T1      0.344  22  0.440  22  0.646  14  0.553   0.484 Y  0.450      SignalP-TM
IWY20|IWY20_003614-T1      0.497  22  0.572  22  0.837  11  0.664   0.615 Y  0.570      SignalP-noTM
IWY20|IWY20_003639-T1      0.137  35  0.308  20  0.865  16  0.710   0.465 Y  0.450      SignalP-TM
IWY20|IWY20_003653-T1      0.157  47  0.316  20  0.897  12  0.836   0.519 Y  0.450      SignalP-TM
IWY20|IWY20_003670-T1      0.251  20  0.469  20  0.927  17  0.870   0.657 Y  0.570      SignalP-noTM
IWY20|IWY20_003670-T1      0.348  20  0.542  20  0.931  19  0.842   0.659 Y  0.450      SignalP-TM
IWY20|IWY20_003672-T1      0.643  24  0.770  24  0.974  20  0.905   0.834 Y  0.570      SignalP-noTM
IWY20|IWY20_003672-T1      0.712  24  0.814  24  0.966  19  0.855   0.830 Y  0.450      SignalP-TM
IWY20|IWY20_003674-T1      0.382  27  0.524  27  0.848  16  0.708   0.611 Y  0.570      SignalP-noTM
IWY20|IWY20_003674-T1      0.810  27  0.690  27  0.713  23  0.504   0.617 Y  0.450      SignalP-TM
IWY20|IWY20_003706-T1      0.173  30  0.315  15  0.742  10  0.687   0.460 Y  0.450      SignalP-TM
IWY20|IWY20_003727-T1      0.793  31  0.658  31  0.952  13  0.744   0.698 Y  0.570      SignalP-noTM
IWY20|IWY20_003727-T1      0.793  31  0.684  31  0.947  12  0.763   0.715 Y  0.450      SignalP-TM
IWY20|IWY20_003733-T1      0.399  21  0.519  21  0.766   5  0.695   0.587 Y  0.450      SignalP-TM
IWY20|IWY20_003733-T1      0.633  21  0.638  21  0.838   2  0.689   0.657 Y  0.510      SignalP-TM
IWY20|IWY20_003743-T1      0.223  19  0.434  19  0.946  16  0.856   0.599 Y  0.450      SignalP-TM
IWY20|IWY20_003743-T1      0.447  19  0.642  19  0.953  16  0.917   0.771 Y  0.570      SignalP-noTM
IWY20|IWY20_003792-T1      0.154  23  0.344  23  0.898  17  0.754   0.504 Y  0.450      SignalP-TM
IWY20|IWY20_003792-T1      0.206  18  0.414  18  0.901   7  0.844   0.616 Y  0.570      SignalP-noTM
IWY20|IWY20_003813-T1      0.133  32  0.324  16  0.908  11  0.855   0.531 Y  0.450      SignalP-TM
IWY20|IWY20_003845-T1      0.153  23  0.358  23  0.966  16  0.877   0.602 Y  0.570      SignalP-noTM
IWY20|IWY20_003845-T1      0.208  47  0.365  25  0.923  16  0.787   0.530 Y  0.450      SignalP-TM
IWY20|IWY20_003853-T1      0.308  21  0.520  21  0.955  19  0.858   0.651 Y  0.450      SignalP-TM
IWY20|IWY20_003853-T1      0.513  21  0.681  21  0.934   7  0.903   0.785 Y  0.570      SignalP-noTM
IWY20|IWY20_003856-T1      0.339  30  0.474  21  0.974  17  0.924   0.649 Y  0.450      SignalP-TM
IWY20|IWY20_003856-T1      0.739  20  0.844  20  0.973  11  0.962   0.900 Y  0.570      SignalP-noTM
IWY20|IWY20_003876-T1      0.176  19  0.383  19  0.890  14  0.812   0.550 Y  0.450      SignalP-TM
IWY20|IWY20_003889-T1      0.662  24  0.690  24  0.822  19  0.642   0.671 Y  0.450      SignalP-TM
IWY20|IWY20_003895-T1      0.320  22  0.496  22  0.907  12  0.757   0.598 Y  0.450      SignalP-TM
IWY20|IWY20_003898-T1      0.387  19  0.518  19  0.866  18  0.660   0.573 Y  0.450      SignalP-TM
IWY20|IWY20_003898-T1      0.510  19  0.647  19  0.878   1  0.832   0.734 Y  0.570      SignalP-noTM
IWY20|IWY20_003942-T1      0.191  23  0.397  23  0.909  15  0.811   0.592 Y  0.570      SignalP-noTM
IWY20|IWY20_003942-T1      0.263  23  0.465  23  0.917  18  0.778   0.587 Y  0.450      SignalP-TM
IWY20|IWY20_003954-T1      0.136  21  0.332  21  0.891   7  0.824   0.524 Y  0.450      SignalP-TM
IWY20|IWY20_003963-T1      0.583  26  0.662  26  0.942  17  0.782   0.709 Y  0.450      SignalP-TM
IWY20|IWY20_003963-T1      0.589  20  0.707  20  0.924  17  0.847   0.773 Y  0.570      SignalP-noTM
IWY20|IWY20_003965-T1      0.675  19  0.692  19  0.844  17  0.714   0.702 Y  0.570      SignalP-noTM
IWY20|IWY20_003983-T1      0.426  22  0.549  22  0.881   1  0.757   0.646 Y  0.570      SignalP-noTM
IWY20|IWY20_003998-T1      0.236  22  0.398  22  0.806   4  0.707   0.518 Y  0.450      SignalP-TM
IWY20|IWY20_003998-T1      0.284  22  0.483  22  0.919   1  0.842   0.652 Y  0.570      SignalP-noTM
IWY20|IWY20_004000-T1      0.238  19  0.450  19  0.901  11  0.810   0.591 Y  0.450      SignalP-TM
IWY20|IWY20_004024-T1      0.226  29  0.369  19  0.820  10  0.742   0.515 Y  0.450      SignalP-TM
IWY20|IWY20_004024-T1      0.769  19  0.850  19  0.954  13  0.926   0.885 Y  0.570      SignalP-noTM
IWY20|IWY20_004029-T1      0.438  32  0.513  22  0.945   2  0.907   0.667 Y  0.450      SignalP-TM
IWY20|IWY20_004029-T1      0.447  22  0.641  22  0.967  10  0.931   0.777 Y  0.570      SignalP-noTM
IWY20|IWY20_004031-T1      0.220  35  0.336  35  0.897  17  0.663   0.463 Y  0.450      SignalP-TM
IWY20|IWY20_004035-T1      0.252  23  0.462  23  0.908  16  0.847   0.643 Y  0.570      SignalP-noTM
IWY20|IWY20_004114-T1      0.641  20  0.739  20  0.921  18  0.859   0.786 Y  0.450      SignalP-TM
IWY20|IWY20_004114-T1      0.818  20  0.828  20  0.952  19  0.852   0.839 Y  0.570      SignalP-noTM
IWY20|IWY20_004118-T1      0.321  30  0.507  30  0.993  16  0.896   0.659 Y  0.450      SignalP-TM
IWY20|IWY20_004118-T1      0.433  20  0.652  20  0.992  10  0.978   0.805 Y  0.570      SignalP-noTM
IWY20|IWY20_004121-T1      0.303  46  0.460  46  0.804  43  0.456   0.458 Y  0.450      SignalP-TM
IWY20|IWY20_004162-T1      0.372  27  0.519  27  0.878   2  0.759   0.612 Y  0.450      SignalP-TM
IWY20|IWY20_004188-T1      0.135  40  0.294  28  0.916  22  0.834   0.505 Y  0.450      SignalP-TM
IWY20|IWY20_004191-T1      0.170  22  0.276  11  0.886   2  0.749   0.461 Y  0.450      SignalP-TM
IWY20|IWY20_004195-T1      0.417  21  0.595  21  0.888  15  0.840   0.710 Y  0.570      SignalP-noTM
IWY20|IWY20_004206-T1      0.192  34  0.346  34  0.814   9  0.641   0.461 Y  0.450      SignalP-TM
IWY20|IWY20_004219-T1      0.142  48  0.300  22  0.822  10  0.689   0.452 Y  0.450      SignalP-TM
IWY20|IWY20_004237-T1      0.383  22  0.594  22  0.963  16  0.915   0.719 Y  0.450      SignalP-TM
IWY20|IWY20_004237-T1      0.544  20  0.725  20  0.978  18  0.956   0.834 Y  0.570      SignalP-noTM
IWY20|IWY20_004252-T1      0.236  23  0.445  23  0.896  12  0.809   0.587 Y  0.450      SignalP-TM
IWY20|IWY20_004262-T1      0.636  31  0.711  31  0.913  18  0.727   0.717 Y  0.450      SignalP-TM
IWY20|IWY20_004274-T1      0.620  20  0.771  20  0.971  14  0.954   0.842 Y  0.450      SignalP-TM
IWY20|IWY20_004274-T1      0.738  20  0.842  20  0.978  17  0.956   0.895 Y  0.570      SignalP-noTM
IWY20|IWY20_004284-T1      0.282  24  0.501  24  0.978  16  0.905   0.691 Y  0.570      SignalP-noTM
IWY20|IWY20_004284-T1      0.563  37  0.543  26  0.915  15  0.754   0.625 Y  0.450      SignalP-TM
IWY20|IWY20_004345-T1      0.206  24  0.371  24  0.794  21  0.632   0.473 Y  0.450      SignalP-TM
IWY20|IWY20_004346-T1      0.135  25  0.279  17  0.885   7  0.743   0.460 Y  0.450      SignalP-TM
IWY20|IWY20_004354-T1      0.204  31  0.369  31  0.859  16  0.752   0.519 Y  0.450      SignalP-TM
IWY20|IWY20_004359-T1      0.405  19  0.534  19  0.803  10  0.699   0.599 Y  0.450      SignalP-TM
IWY20|IWY20_004359-T1      0.642  19  0.777  19  0.977  14  0.922   0.845 Y  0.570      SignalP-noTM
IWY20|IWY20_004372-T1      0.405  26  0.485  26  0.792  12  0.646   0.548 Y  0.450      SignalP-TM
IWY20|IWY20_004372-T1      0.750  26  0.837  26  0.988  12  0.946   0.888 Y  0.570      SignalP-noTM
IWY20|IWY20_004388-T1      0.667  24  0.750  24  0.926  12  0.860   0.801 Y  0.570      SignalP-noTM
IWY20|IWY20_004388-T1      0.693  24  0.791  24  0.927  21  0.877   0.825 Y  0.450      SignalP-TM
IWY20|IWY20_004408-T1      0.391  18  0.538  18  0.856   9  0.753   0.639 Y  0.570      SignalP-noTM
IWY20|IWY20_004410-T1      0.159  47  0.274  12  0.855   6  0.745   0.458 Y  0.450      SignalP-TM
IWY20|IWY20_004425-T1      0.590  20  0.634  20  0.775  11  0.658   0.645 Y  0.570      SignalP-noTM
IWY20|IWY20_004448-T1      0.221  21  0.430  21  0.929  18  0.832   0.587 Y  0.450      SignalP-TM
IWY20|IWY20_004448-T1      0.380  20  0.597  20  0.960  18  0.934   0.755 Y  0.570      SignalP-noTM
IWY20|IWY20_004449-T1      0.193  30  0.357  19  0.863  18  0.719   0.498 Y  0.450      SignalP-TM
IWY20|IWY20_004449-T1      0.486  19  0.643  19  0.918  15  0.835   0.733 Y  0.570      SignalP-noTM
IWY20|IWY20_004489-T1      0.140  32  0.300  12  0.921   9  0.899   0.534 Y  0.450      SignalP-TM
IWY20|IWY20_004498-T1      0.551  24  0.587  24  0.801   2  0.689   0.627 Y  0.450      SignalP-TM
IWY20|IWY20_004498-T1      0.631  22  0.640  22  0.903  13  0.710   0.673 Y  0.570      SignalP-noTM
IWY20|IWY20_004500-T1      0.395  23  0.610  23  0.957  10  0.925   0.733 Y  0.450      SignalP-TM
IWY20|IWY20_004500-T1      0.896  23  0.922  23  0.982  10  0.954   0.937 Y  0.570      SignalP-noTM
IWY20|IWY20_004518-T1      0.159  27  0.314  27  0.849  18  0.663   0.450 Y  0.450      SignalP-TM
IWY20|IWY20_004518-T1      0.176  22  0.408  22  0.974  18  0.922   0.649 Y  0.570      SignalP-noTM
IWY20|IWY20_004571-T1      0.254  30  0.478  30  0.938  24  0.833   0.616 Y  0.450      SignalP-TM
IWY20|IWY20_004571-T1      0.421  30  0.583  30  0.952  22  0.854   0.710 Y  0.570      SignalP-noTM
IWY20|IWY20_004572-T1      0.258  24  0.427  24  0.953  10  0.807   0.606 Y  0.570      SignalP-noTM
IWY20|IWY20_004572-T1      0.261  24  0.437  24  0.779   9  0.717   0.546 Y  0.450      SignalP-TM
IWY20|IWY20_004573-T1      0.164  25  0.313  25  0.809   7  0.669   0.452 Y  0.450      SignalP-TM
IWY20|IWY20_004577-T1      0.309  25  0.413  25  0.663   4  0.586   0.481 Y  0.450      SignalP-TM
IWY20|IWY20_004577-T1      0.471  25  0.560  25  0.884   4  0.755   0.652 Y  0.570      SignalP-noTM
IWY20|IWY20_004594-T1      0.141  36  0.279  18  0.852  13  0.742   0.460 Y  0.450      SignalP-TM
IWY20|IWY20_004608-T1      0.176  20  0.355  20  0.814   5  0.727   0.500 Y  0.450      SignalP-TM
IWY20|IWY20_004616-T1      0.247  52  0.350  21  0.880   5  0.684   0.480 Y  0.450      SignalP-TM
IWY20|IWY20_004616-T1      0.508  21  0.658  21  0.921  11  0.870   0.758 Y  0.570      SignalP-noTM
IWY20|IWY20_004639-T1      0.233  37  0.362  28  0.867   6  0.709   0.497 Y  0.450      SignalP-TM
IWY20|IWY20_004655-T1      0.315  26  0.467  26  0.815   3  0.720   0.566 Y  0.450      SignalP-TM
IWY20|IWY20_004655-T1      0.463  26  0.539  18  0.910   1  0.819   0.670 Y  0.570      SignalP-noTM
IWY20|IWY20_004658-T1      0.200  20  0.376  20  0.926  18  0.667   0.489 Y  0.450      SignalP-TM
IWY20|IWY20_004660-T1      0.160  49  0.301  18  0.776   8  0.702   0.458 Y  0.450      SignalP-TM
IWY20|IWY20_004678-T1      0.256  19  0.426  19  0.810  16  0.692   0.530 Y  0.450      SignalP-TM
IWY20|IWY20_004678-T1      0.420  19  0.632  19  0.972  17  0.945   0.779 Y  0.570      SignalP-noTM
IWY20|IWY20_004687-T1      0.158  37  0.328  20  0.910  11  0.819   0.519 Y  0.450      SignalP-TM
IWY20|IWY20_004699-T1      0.145  29  0.328  23  0.945  13  0.860   0.536 Y  0.450      SignalP-TM
IWY20|IWY20_004705-T1      0.177  25  0.334  25  0.893   6  0.736   0.491 Y  0.450      SignalP-TM
IWY20|IWY20_004770-T1      0.330  25  0.503  25  0.845  20  0.696   0.578 Y  0.450      SignalP-TM
IWY20|IWY20_004772-T1      0.390  30  0.527  30  0.924  13  0.794   0.631 Y  0.450      SignalP-TM
IWY20|IWY20_004809-T1      0.269  21  0.424  21  0.801   2  0.680   0.524 Y  0.450      SignalP-TM
IWY20|IWY20_004817-T1      0.190  25  0.367  25  0.932  16  0.778   0.528 Y  0.450      SignalP-TM
IWY20|IWY20_004817-T1      0.231  21  0.461  21  0.971  10  0.926   0.680 Y  0.570      SignalP-noTM
IWY20|IWY20_004820-T1      0.486  20  0.585  20  0.887   2  0.745   0.660 Y  0.570      SignalP-noTM
IWY20|IWY20_004900-T1      0.219  19  0.387  19  0.819   1  0.688   0.504 Y  0.450      SignalP-TM
IWY20|IWY20_004900-T1      0.548  19  0.703  19  0.932  12  0.880   0.786 Y  0.570      SignalP-noTM
IWY20|IWY20_004901-T1      0.511  22  0.646  22  0.906  19  0.823   0.729 Y  0.570      SignalP-noTM
IWY20|IWY20_004921-T1      0.182  63  0.359  24  0.836  23  0.653   0.474 Y  0.450      SignalP-TM
IWY20|IWY20_004933-T1      0.192  50  0.348  20  0.860  13  0.750   0.505 Y  0.450      SignalP-TM
IWY20|IWY20_004935-T1      0.700  26  0.777  26  0.942  10  0.864   0.811 Y  0.450      SignalP-TM
IWY20|IWY20_004947-T1      0.227  27  0.426  27  0.959  14  0.858   0.594 Y  0.450      SignalP-TM
IWY20|IWY20_004947-T1      0.609  21  0.769  21  0.982  15  0.961   0.859 Y  0.570      SignalP-noTM
IWY20|IWY20_004966-T1      0.267  21  0.445  21  0.886  20  0.742   0.561 Y  0.450      SignalP-TM
IWY20|IWY20_004966-T1      0.690  21  0.807  21  0.960  20  0.934   0.867 Y  0.570      SignalP-noTM
IWY20|IWY20_004970-T1      0.442  20  0.588  20  0.900   2  0.796   0.669 Y  0.450      SignalP-TM
IWY20|IWY20_004970-T1      0.771  20  0.837  20  0.923  16  0.909   0.871 Y  0.570      SignalP-noTM
IWY20|IWY20_004976-T1      0.245  23  0.400  23  0.827   6  0.706   0.519 Y  0.450      SignalP-TM
IWY20|IWY20_004982-T1      0.589  26  0.710  26  0.940  25  0.659   0.690 Y  0.450      SignalP-TM
IWY20|IWY20_004982-T1      0.733  26  0.843  26  0.983  17  0.917   0.878 Y  0.570      SignalP-noTM
IWY20|IWY20_004989-T1      0.270  18  0.472  18  0.952  16  0.817   0.607 Y  0.450      SignalP-TM
IWY20|IWY20_004989-T1      0.528  18  0.702  18  0.958  17  0.916   0.803 Y  0.570      SignalP-noTM
IWY20|IWY20_005021-T1      0.517  21  0.655  21  0.903  19  0.827   0.722 Y  0.450      SignalP-TM
IWY20|IWY20_005021-T1      0.550  21  0.672  21  0.924   6  0.850   0.756 Y  0.570      SignalP-noTM
IWY20|IWY20_005023-T1      0.409  28  0.570  28  0.911  27  0.638   0.596 Y  0.450      SignalP-TM
IWY20|IWY20_005023-T1      0.784  28  0.824  28  0.953  27  0.798   0.812 Y  0.570      SignalP-noTM
IWY20|IWY20_005024-T1      0.454  28  0.641  28  0.956  26  0.865   0.746 Y  0.570      SignalP-noTM
IWY20|IWY20_005024-T1      0.633  34  0.739  34  0.944  27  0.769   0.751 Y  0.450      SignalP-TM
IWY20|IWY20_005025-T1      0.431  26  0.633  26  0.949  22  0.837   0.713 Y  0.450      SignalP-TM
IWY20|IWY20_005025-T1      0.771  26  0.807  26  0.930  10  0.855   0.830 Y  0.570      SignalP-noTM
IWY20|IWY20_005028-T1      0.340  25  0.524  25  0.859  11  0.807   0.657 Y  0.570      SignalP-noTM
IWY20|IWY20_005028-T1      0.353  34  0.477  34  0.924  11  0.760   0.588 Y  0.450      SignalP-TM
IWY20|IWY20_005037-T1      0.215  27  0.418  20  0.937  12  0.906   0.648 Y  0.570      SignalP-noTM
IWY20|IWY20_005037-T1      0.341  31  0.461  31  0.927  15  0.754   0.576 Y  0.450      SignalP-TM
IWY20|IWY20_005038-T1      0.636  25  0.681  25  0.936   9  0.822   0.747 Y  0.570      SignalP-noTM
IWY20|IWY20_005038-T1      0.643  25  0.692  25  0.829   6  0.757   0.717 Y  0.450      SignalP-TM
IWY20|IWY20_005041-T1      0.380  19  0.478  19  0.897   2  0.664   0.551 Y  0.450      SignalP-TM
IWY20|IWY20_005041-T1      0.810  19  0.853  19  0.934  15  0.894   0.872 Y  0.570      SignalP-noTM
IWY20|IWY20_005064-T1      0.509  27  0.661  26  0.984  11  0.905   0.756 Y  0.450      SignalP-TM
IWY20|IWY20_005064-T1      0.771  21  0.871  21  0.993  13  0.978   0.921 Y  0.570      SignalP-noTM
IWY20|IWY20_005072-T1      0.141  44  0.333  29  0.943  11  0.824   0.524 Y  0.450      SignalP-TM
IWY20|IWY20_005074-T1      0.350  20  0.510  20  0.884   2  0.772   0.633 Y  0.570      SignalP-noTM
IWY20|IWY20_005085-T1      0.212  27  0.361  27  0.862   6  0.710   0.497 Y  0.450      SignalP-TM
IWY20|IWY20_005085-T1      0.589  22  0.749  20  0.986  13  0.969   0.853 Y  0.570      SignalP-noTM
IWY20|IWY20_005093-T1      0.363  20  0.502  20  0.853  18  0.652   0.560 Y  0.450      SignalP-TM
IWY20|IWY20_005093-T1      0.559  20  0.647  20  0.846  17  0.725   0.684 Y  0.570      SignalP-noTM
IWY20|IWY20_005118-T1      0.349  21  0.568  21  0.945  14  0.925   0.736 Y  0.570      SignalP-noTM
IWY20|IWY20_005118-T1      0.351  28  0.547  28  0.965  16  0.892   0.682 Y  0.450      SignalP-TM
IWY20|IWY20_005119-T1      0.485  21  0.655  21  0.908  16  0.858   0.734 Y  0.450      SignalP-TM
IWY20|IWY20_005119-T1      0.762  21  0.845  21  0.962  10  0.929   0.884 Y  0.570      SignalP-noTM
IWY20|IWY20_005123-T1      0.651  22  0.742  22  0.915  19  0.860   0.788 Y  0.450      SignalP-TM
IWY20|IWY20_005123-T1      0.728  22  0.766  22  0.882   1  0.821   0.792 Y  0.570      SignalP-noTM
IWY20|IWY20_005165-T1      0.312  20  0.536  20  0.965  16  0.900   0.678 Y  0.450      SignalP-TM
IWY20|IWY20_005165-T1      0.509  20  0.662  20  0.909  14  0.870   0.759 Y  0.570      SignalP-noTM
IWY20|IWY20_005193-T1      0.716  18  0.583  18  0.598  15  0.450   0.534 Y  0.510      SignalP-TM
IWY20|IWY20_005224-T1      0.196  21  0.402  21  0.911  15  0.786   0.551 Y  0.450      SignalP-TM
IWY20|IWY20_005239-T1      0.550  23  0.643  23  0.835  16  0.714   0.671 Y  0.450      SignalP-TM
IWY20|IWY20_005239-T1      0.871  23  0.883  23  0.925   6  0.903   0.892 Y  0.570      SignalP-noTM
IWY20|IWY20_005240-T1      0.169  26  0.318  16  0.855  15  0.813   0.511 Y  0.450      SignalP-TM
IWY20|IWY20_005240-T1      0.238  20  0.437  20  0.937  13  0.824   0.619 Y  0.570      SignalP-noTM
IWY20|IWY20_005311-T1      0.205  20  0.356  20  0.787   5  0.652   0.471 Y  0.450      SignalP-TM
IWY20|IWY20_005311-T1      0.560  20  0.689  20  0.927  16  0.851   0.765 Y  0.570      SignalP-noTM
IWY20|IWY20_005326-T1      0.229  29  0.440  20  0.950  16  0.874   0.644 Y  0.570      SignalP-noTM
IWY20|IWY20_005347-T1      0.113  24  0.275  11  0.824   5  0.767   0.467 Y  0.450      SignalP-TM
IWY20|IWY20_005355-T1      0.269  51  0.414  26  0.871  23  0.507   0.451 Y  0.450      SignalP-TM
IWY20|IWY20_005361-T1      0.247  39  0.332  39  0.902  12  0.680   0.468 Y  0.450      SignalP-TM
IWY20|IWY20_005361-T1      0.278  39  0.361  21  0.899  13  0.816   0.575 Y  0.570      SignalP-noTM
IWY20|IWY20_005364-T1      0.202  23  0.426  23  0.958  11  0.900   0.611 Y  0.450      SignalP-TM
IWY20|IWY20_005364-T1      0.597  23  0.745  23  0.981  10  0.940   0.837 Y  0.570      SignalP-noTM
IWY20|IWY20_005367-T1      0.205  21  0.395  21  0.850  13  0.675   0.504 Y  0.450      SignalP-TM
IWY20|IWY20_005370-T1      0.256  21  0.471  21  0.927  16  0.859   0.653 Y  0.570      SignalP-noTM
IWY20|IWY20_005370-T1      0.269  23  0.480  23  0.952  17  0.826   0.615 Y  0.450      SignalP-TM
IWY20|IWY20_005373-T1      0.406  21  0.530  21  0.856  17  0.607   0.560 Y  0.450      SignalP-TM
IWY20|IWY20_005373-T1      0.536  21  0.653  21  0.848  17  0.774   0.710 Y  0.570      SignalP-noTM
IWY20|IWY20_005383-T1      0.194  21  0.378  21  0.869  17  0.726   0.513 Y  0.450      SignalP-TM
IWY20|IWY20_005433-T1      0.131  24  0.300  24  0.852  10  0.742   0.472 Y  0.450      SignalP-TM
IWY20|IWY20_005448-T1      0.193  20  0.373  20  0.881   1  0.763   0.526 Y  0.450      SignalP-TM
IWY20|IWY20_005448-T1      0.470  20  0.624  20  0.918   2  0.854   0.732 Y  0.570      SignalP-noTM
IWY20|IWY20_005449-T1      0.256  28  0.418  28  0.915   1  0.778   0.558 Y  0.450      SignalP-TM
IWY20|IWY20_005449-T1      0.369  19  0.567  19  0.934   1  0.878   0.713 Y  0.570      SignalP-noTM
IWY20|IWY20_005453-T1      0.319  21  0.480  21  0.788   9  0.726   0.576 Y  0.450      SignalP-TM
IWY20|IWY20_005453-T1      0.712  21  0.804  21  0.946   8  0.916   0.857 Y  0.570      SignalP-noTM
IWY20|IWY20_005458-T1      0.152  21  0.346  21  0.861  12  0.777   0.514 Y  0.450      SignalP-TM
IWY20|IWY20_005458-T1      0.263  21  0.498  21  0.969  15  0.926   0.699 Y  0.570      SignalP-noTM
IWY20|IWY20_005485-T1      0.457  18  0.577  18  0.845   1  0.744   0.656 Y  0.570      SignalP-noTM
IWY20|IWY20_005495-T1      0.170  27  0.350  24  0.955   4  0.826   0.536 Y  0.450      SignalP-TM
IWY20|IWY20_005495-T1      0.195  19  0.428  19  0.972  17  0.941   0.669 Y  0.570      SignalP-noTM
IWY20|IWY20_005520-T1      0.245  18  0.470  18  0.935  12  0.894   0.669 Y  0.570      SignalP-noTM
IWY20|IWY20_005520-T1      0.418  27  0.564  27  0.927  19  0.789   0.652 Y  0.450      SignalP-TM
IWY20|IWY20_005568-T1      0.304  28  0.485  28  0.844  18  0.719   0.576 Y  0.450      SignalP-TM
IWY20|IWY20_005594-T1      0.145  20  0.332  20  0.900   8  0.784   0.508 Y  0.450      SignalP-TM
IWY20|IWY20_005594-T1      0.358  20  0.506  20  0.868   1  0.744   0.618 Y  0.570      SignalP-noTM
IWY20|IWY20_005597-T1      0.267  23  0.455  23  0.878  21  0.798   0.589 Y  0.450      SignalP-TM
IWY20|IWY20_005597-T1      0.575  23  0.673  23  0.921  20  0.799   0.732 Y  0.570      SignalP-noTM
IWY20|IWY20_005637-T1      0.191  24  0.396  24  0.866  12  0.798   0.553 Y  0.450      SignalP-TM
IWY20|IWY20_005637-T1      0.263  24  0.465  24  0.900   6  0.847   0.644 Y  0.570      SignalP-noTM
IWY20|IWY20_005649-T1      0.141  32  0.298  13  0.797  13  0.700   0.455 Y  0.450      SignalP-TM
IWY20|IWY20_005660-T1      0.209  22  0.377  22  0.927  20  0.667   0.490 Y  0.450      SignalP-TM
IWY20|IWY20_005660-T1      0.401  22  0.500  22  0.767  20  0.575   0.528 Y  0.510      SignalP-TM
IWY20|IWY20_005668-T1      0.334  26  0.437  26  0.761  12  0.616   0.507 Y  0.450      SignalP-TM
IWY20|IWY20_005713-T1      0.154  15  0.317  15  0.776   1  0.663   0.452 Y  0.450      SignalP-TM
IWY20|IWY20_005727-T1      0.285  19  0.451  19  0.889   4  0.754   0.569 Y  0.450      SignalP-TM
IWY20|IWY20_005727-T1      0.480  19  0.665  19  0.942  12  0.915   0.782 Y  0.570      SignalP-noTM
IWY20|IWY20_005746-T1      0.181  20  0.384  20  0.900   1  0.842   0.599 Y  0.570      SignalP-noTM
IWY20|IWY20_005746-T1      0.272  26  0.402  26  0.795   1  0.631   0.491 Y  0.450      SignalP-TM
IWY20|IWY20_005794-T1      0.515  26  0.688  26  0.969  14  0.923   0.799 Y  0.570      SignalP-noTM
IWY20|IWY20_005794-T1      0.605  27  0.745  27  0.963   9  0.927   0.816 Y  0.450      SignalP-TM
IWY20|IWY20_005805-T1      0.484  50  0.433  20  0.811  16  0.733   0.550 Y  0.450      SignalP-TM
IWY20|IWY20_005814-T1      0.187  21  0.385  21  0.889  18  0.790   0.543 Y  0.450      SignalP-TM
IWY20|IWY20_005814-T1      0.286  21  0.491  21  0.917  12  0.858   0.664 Y  0.570      SignalP-noTM
IWY20|IWY20_005828-T1      0.271  22  0.412  22  0.780   1  0.659   0.508 Y  0.450      SignalP-TM
IWY20|IWY20_005855-T1      0.253  24  0.402  24  0.865  17  0.637   0.494 Y  0.450      SignalP-TM
IWY20|IWY20_005890-T1      0.312  21  0.475  21  0.892   5  0.755   0.584 Y  0.450      SignalP-TM
IWY20|IWY20_005890-T1      0.534  21  0.620  21  0.919  17  0.753   0.683 Y  0.570      SignalP-noTM
IWY20|IWY20_005895-T1      0.612  22  0.559  22  0.664  21  0.475   0.528 Y  0.510      SignalP-TM
IWY20|IWY20_005955-T1      0.229  17  0.451  17  0.943  15  0.890   0.622 Y  0.450      SignalP-TM
IWY20|IWY20_005955-T1      0.524  17  0.695  17  0.947  13  0.914   0.798 Y  0.570      SignalP-noTM
IWY20|IWY20_005956-T1      0.257  22  0.444  22  0.922  19  0.686   0.539 Y  0.450      SignalP-TM
IWY20|IWY20_005970-T1      0.137  20  0.345  20  0.938  18  0.852   0.543 Y  0.450      SignalP-TM
IWY20|IWY20_005970-T1      0.220  19  0.457  19  0.979  18  0.941   0.685 Y  0.570      SignalP-noTM
IWY20|IWY20_005971-T1      0.284  24  0.480  24  0.884  20  0.776   0.596 Y  0.450      SignalP-TM
IWY20|IWY20_005971-T1      0.307  22  0.499  22  0.872  19  0.808   0.644 Y  0.570      SignalP-noTM
IWY20|IWY20_005991-T1      0.146  42  0.288  27  0.797  13  0.713   0.454 Y  0.450      SignalP-TM
IWY20|IWY20_006000-T1      0.354  63  0.334  24  0.933  10  0.854   0.537 Y  0.450      SignalP-TM
IWY20|IWY20_006031-T1      0.231  20  0.399  20  0.820  17  0.680   0.508 Y  0.450      SignalP-TM
IWY20|IWY20_006031-T1      0.368  20  0.549  20  0.872   4  0.830   0.681 Y  0.570      SignalP-noTM
IWY20|IWY20_006097-T1      0.424  23  0.587  23  0.895  21  0.804   0.689 Y  0.570      SignalP-noTM
IWY20|IWY20_006097-T1      0.441  28  0.492  28  0.800  16  0.552   0.515 Y  0.450      SignalP-TM
IWY20|IWY20_006110-T1      0.289  18  0.508  18  0.916  13  0.889   0.687 Y  0.570      SignalP-noTM
IWY20|IWY20_006110-T1      0.382  18  0.543  18  0.868  16  0.779   0.635 Y  0.450      SignalP-TM
IWY20|IWY20_006111-T1      0.686  23  0.731  23  0.893   1  0.800   0.758 Y  0.450      SignalP-TM
IWY20|IWY20_006111-T1      0.742  23  0.691  23  0.873   1  0.726   0.707 Y  0.570      SignalP-noTM
IWY20|IWY20_006159-T1      0.224  24  0.423  24  0.912  18  0.812   0.606 Y  0.570      SignalP-noTM
IWY20|IWY20_006159-T1      0.651  24  0.726  24  0.913  22  0.801   0.756 Y  0.450      SignalP-TM
IWY20|IWY20_006169-T1      0.226  23  0.458  23  0.971  21  0.925   0.678 Y  0.570      SignalP-noTM
IWY20|IWY20_006169-T1      0.253  23  0.474  23  0.949  21  0.873   0.629 Y  0.450      SignalP-TM
IWY20|IWY20_006177-T1      0.351  19  0.552  19  0.918   9  0.879   0.706 Y  0.570      SignalP-noTM
IWY20|IWY20_006177-T1      0.455  27  0.548  27  0.914  18  0.684   0.601 Y  0.450      SignalP-TM
IWY20|IWY20_006184-T1      0.126  29  0.281  16  0.866   4  0.793   0.480 Y  0.450      SignalP-TM
IWY20|IWY20_006186-T1      0.279  26  0.450  26  0.825  13  0.707   0.550 Y  0.450      SignalP-TM
IWY20|IWY20_006186-T1      0.333  26  0.482  26  0.835  22  0.681   0.575 Y  0.570      SignalP-noTM
IWY20|IWY20_006237-T1      0.320  19  0.411  19  0.616   4  0.542   0.462 Y  0.450      SignalP-TM
IWY20|IWY20_006237-T1      0.453  19  0.547  19  0.825  10  0.659   0.600 Y  0.570      SignalP-noTM
IWY20|IWY20_006238-T1      0.501  19  0.672  19  0.961  16  0.881   0.770 Y  0.570      SignalP-noTM
IWY20|IWY20_006238-T1      0.542  19  0.609  19  0.799  15  0.665   0.631 Y  0.450      SignalP-TM
IWY20|IWY20_006239-T1      0.306  21  0.513  21  0.916  20  0.852   0.645 Y  0.450      SignalP-TM
IWY20|IWY20_006239-T1      0.724  21  0.809  21  0.955  19  0.902   0.853 Y  0.570      SignalP-noTM
IWY20|IWY20_006246-T1      0.361  21  0.503  21  0.795  16  0.698   0.579 Y  0.450      SignalP-TM
IWY20|IWY20_006246-T1      0.695  21  0.785  21  0.950  10  0.881   0.830 Y  0.570      SignalP-noTM
IWY20|IWY20_006258-T1      0.228  24  0.380  24  0.712  16  0.616   0.472 Y  0.450      SignalP-TM
IWY20|IWY20_006274-T1      0.206  26  0.396  26  0.834  16  0.762   0.539 Y  0.450      SignalP-TM
IWY20|IWY20_006274-T1      0.258  22  0.462  22  0.896  10  0.832   0.636 Y  0.570      SignalP-noTM
IWY20|IWY20_006280-T1      0.279  40  0.308  18  0.848   9  0.803   0.501 Y  0.450      SignalP-TM
IWY20|IWY20_006281-T1      0.490  20  0.634  20  0.938   4  0.850   0.718 Y  0.450      SignalP-TM
IWY20|IWY20_006281-T1      0.737  20  0.837  20  0.963  15  0.946   0.888 Y  0.570      SignalP-noTM
IWY20|IWY20_006282-T1      0.481  19  0.656  19  0.927  18  0.887   0.764 Y  0.570      SignalP-noTM
IWY20|IWY20_006375-T1      0.352  22  0.459  22  0.691  19  0.578   0.505 Y  0.450      SignalP-TM
IWY20|IWY20_006375-T1      0.427  22  0.605  22  0.927   5  0.876   0.732 Y  0.570      SignalP-noTM
IWY20|IWY20_006377-T1      0.593  25  0.536  25  0.617  23  0.487   0.517 Y  0.450      SignalP-TM
IWY20|IWY20_006379-T1      0.313  22  0.448  22  0.789  20  0.625   0.517 Y  0.450      SignalP-TM
IWY20|IWY20_006406-T1      0.330  23  0.424  23  0.751  22  0.497   0.453 Y  0.450      SignalP-TM
IWY20|IWY20_006406-T1      0.549  23  0.631  23  0.842  22  0.630   0.630 Y  0.510      SignalP-TM
IWY20|IWY20_006409-T1      0.199  26  0.379  26  0.927  18  0.731   0.516 Y  0.450      SignalP-TM
IWY20|IWY20_006409-T1      0.200  22  0.415  19  0.944  11  0.902   0.644 Y  0.570      SignalP-noTM
IWY20|IWY20_006460-T1      0.279  38  0.419  21  0.948  18  0.855   0.589 Y  0.450      SignalP-TM
IWY20|IWY20_006460-T1      0.463  38  0.534  21  0.976  18  0.933   0.722 Y  0.570      SignalP-noTM
IWY20|IWY20_006476-T1      0.276  18  0.456  18  0.809  13  0.734   0.564 Y  0.450      SignalP-TM
IWY20|IWY20_006476-T1      0.387  18  0.581  18  0.941  11  0.846   0.705 Y  0.570      SignalP-noTM
IWY20|IWY20_006482-T1      0.183  37  0.336  23  0.848  12  0.701   0.478 Y  0.450      SignalP-TM
IWY20|IWY20_006482-T1      0.257  37  0.411  23  0.977  12  0.893   0.638 Y  0.570      SignalP-noTM
IWY20|IWY20_006485-T1      0.687  25  0.753  25  0.891  22  0.814   0.777 Y  0.450      SignalP-TM
IWY20|IWY20_006485-T1      0.759  25  0.805  25  0.908  15  0.871   0.836 Y  0.570      SignalP-noTM
IWY20|IWY20_006491-T1      0.581  22  0.747  22  0.979  18  0.941   0.838 Y  0.570      SignalP-noTM
IWY20|IWY20_006491-T1      0.583  52  0.650  22  0.980  17  0.921   0.756 Y  0.450      SignalP-TM
IWY20|IWY20_006506-T1      0.365  24  0.547  24  0.873  15  0.776   0.637 Y  0.450      SignalP-TM
IWY20|IWY20_006506-T1      0.728  24  0.762  24  0.928  11  0.817   0.788 Y  0.570      SignalP-noTM
IWY20|IWY20_006527-T1      0.179  15  0.362  15  0.767  19  0.730   0.506 Y  0.450      SignalP-TM
IWY20|IWY20_006527-T1      0.359  21  0.543  21  0.910  12  0.831   0.679 Y  0.570      SignalP-noTM
IWY20|IWY20_006537-T1      0.240  24  0.410  18  0.913   1  0.829   0.607 Y  0.570      SignalP-noTM
IWY20|IWY20_006550-T1      0.139  23  0.312  23  0.828  19  0.724   0.472 Y  0.450      SignalP-TM
IWY20|IWY20_006550-T1      0.237  23  0.434  23  0.887  20  0.809   0.610 Y  0.570      SignalP-noTM
IWY20|IWY20_006606-T1      0.226  20  0.457  20  0.973  18  0.895   0.628 Y  0.450      SignalP-TM
IWY20|IWY20_006606-T1      0.480  20  0.675  20  0.965  18  0.947   0.803 Y  0.570      SignalP-noTM
IWY20|IWY20_006635-T1      0.355  20  0.487  20  0.828   3  0.713   0.575 Y  0.450      SignalP-TM
IWY20|IWY20_006635-T1      0.411  20  0.517  20  0.816   8  0.695   0.583 Y  0.510      SignalP-TM
IWY20|IWY20_006638-T1      0.393  21  0.543  21  0.862   5  0.787   0.658 Y  0.570      SignalP-noTM
IWY20|IWY20_006640-T1      0.359  39  0.473  39  0.809   1  0.661   0.547 Y  0.450      SignalP-TM
IWY20|IWY20_006647-T1      0.406  21  0.549  21  0.869  17  0.709   0.612 Y  0.450      SignalP-TM
IWY20|IWY20_006647-T1      0.570  21  0.689  21  0.902  11  0.824   0.752 Y  0.570      SignalP-noTM
IWY20|IWY20_006674-T1      0.144  67  0.299  23  0.825  12  0.686   0.450 Y  0.450      SignalP-TM
IWY20|IWY20_006674-T1      0.583  18  0.704  18  0.924  16  0.833   0.764 Y  0.570      SignalP-noTM
IWY20|IWY20_006687-T1      0.159  25  0.319  17  0.862   4  0.719   0.475 Y  0.450      SignalP-TM
IWY20|IWY20_006703-T1      0.366  25  0.530  25  0.856  23  0.759   0.619 Y  0.450      SignalP-TM
IWY20|IWY20_006703-T1      0.637  25  0.651  25  0.833   1  0.718   0.683 Y  0.570      SignalP-noTM
IWY20|IWY20_006709-T1      0.614  21  0.767  21  0.981  16  0.925   0.828 Y  0.450      SignalP-TM
IWY20|IWY20_006709-T1      0.854  21  0.908  21  0.984  17  0.959   0.932 Y  0.570      SignalP-noTM
IWY20|IWY20_006730-T1      0.143  27  0.284  21  0.872  12  0.753   0.467 Y  0.450      SignalP-TM
IWY20|IWY20_006740-T1      0.277  22  0.434  22  0.887  15  0.742   0.579 Y  0.570      SignalP-noTM
IWY20|IWY20_006753-T1      0.607  21  0.724  21  0.945  11  0.883   0.799 Y  0.570      SignalP-noTM
IWY20|IWY20_006753-T1      0.714  26  0.747  26  0.951  17  0.792   0.764 Y  0.450      SignalP-TM
IWY20|IWY20_006766-T1      0.274  27  0.488  27  0.952  16  0.879   0.640 Y  0.450      SignalP-TM
IWY20|IWY20_006766-T1      0.339  20  0.575  20  0.982  12  0.964   0.758 Y  0.570      SignalP-noTM
IWY20|IWY20_006775-T1      0.141  48  0.306  21  0.856   6  0.727   0.470 Y  0.450      SignalP-TM
IWY20|IWY20_006782-T1      0.329  26  0.465  26  0.880  11  0.752   0.577 Y  0.450      SignalP-TM
IWY20|IWY20_006793-T1      0.165  31  0.291  14  0.765   7  0.717   0.458 Y  0.450      SignalP-TM
IWY20|IWY20_006803-T1      0.194  25  0.364  25  0.867   8  0.717   0.502 Y  0.450      SignalP-TM
IWY20|IWY20_006825-T1      0.152  28  0.337  18  0.929  12  0.896   0.555 Y  0.450      SignalP-TM
IWY20|IWY20_006826-T1      0.182  29  0.329  21  0.877   8  0.797   0.512 Y  0.450      SignalP-TM
IWY20|IWY20_006826-T1      0.213  19  0.442  19  0.940  17  0.923   0.668 Y  0.570      SignalP-noTM
IWY20|IWY20_006846-T1      0.172  60  0.321  25  0.865   8  0.722   0.477 Y  0.450      SignalP-TM
IWY20|IWY20_006874-T1      0.338  22  0.474  22  0.849   1  0.716   0.588 Y  0.570      SignalP-noTM
IWY20|IWY20_006874-T1      0.495  29  0.507  29  0.855  10  0.666   0.569 Y  0.450      SignalP-TM
IWY20|IWY20_006877-T1      0.216  23  0.433  23  0.951   9  0.900   0.652 Y  0.570      SignalP-noTM
IWY20|IWY20_006877-T1      0.332  23  0.527  23  0.925   9  0.851   0.653 Y  0.450      SignalP-TM
IWY20|IWY20_006904-T1      0.300  19  0.499  19  0.873  11  0.829   0.654 Y  0.570      SignalP-noTM
IWY20|IWY20_006904-T1      0.462  25  0.556  25  0.887  17  0.728   0.623 Y  0.450      SignalP-TM
IWY20|IWY20_006920-T1      0.682  24  0.698  24  0.837   5  0.743   0.715 Y  0.450      SignalP-TM
IWY20|IWY20_006920-T1      0.697  24  0.784  24  0.965  10  0.903   0.840 Y  0.570      SignalP-noTM
IWY20|IWY20_006941-T1      0.235  27  0.439  21  0.942   8  0.899   0.618 Y  0.450      SignalP-TM
IWY20|IWY20_006941-T1      0.555  21  0.714  21  0.969  12  0.926   0.813 Y  0.570      SignalP-noTM
IWY20|IWY20_006953-T1      0.192  35  0.347  35  0.875  12  0.731   0.497 Y  0.450      SignalP-TM
IWY20|IWY20_006958-T1      0.355  21  0.544  21  0.939  20  0.789   0.640 Y  0.450      SignalP-TM
IWY20|IWY20_006958-T1      0.800  21  0.819  21  0.972  20  0.797   0.809 Y  0.570      SignalP-noTM
IWY20|IWY20_006984-T1      0.327  24  0.411  24  0.746   6  0.587   0.480 Y  0.450      SignalP-TM
IWY20|IWY20_007006-T1      0.495  21  0.666  21  0.963  17  0.902   0.758 Y  0.450      SignalP-TM
IWY20|IWY20_007006-T1      0.765  21  0.856  21  0.979  17  0.954   0.902 Y  0.570      SignalP-noTM
IWY20|IWY20_007050-T1      0.294  21  0.420  21  0.797  17  0.571   0.479 Y  0.450      SignalP-TM
IWY20|IWY20_007051-T1      0.345  27  0.516  27  0.875  10  0.775   0.617 Y  0.450      SignalP-TM
IWY20|IWY20_007051-T1      0.665  27  0.709  27  0.855   4  0.778   0.741 Y  0.570      SignalP-noTM
IWY20|IWY20_007054-T1      0.176  32  0.340  32  0.888  15  0.734   0.494 Y  0.450      SignalP-TM
IWY20|IWY20_007084-T1      0.346  25  0.555  25  0.953  17  0.851   0.670 Y  0.450      SignalP-TM
IWY20|IWY20_007084-T1      0.396  19  0.608  19  0.952  17  0.925   0.757 Y  0.570      SignalP-noTM
IWY20|IWY20_007199-T1      0.212  31  0.372  22  0.895   2  0.848   0.558 Y  0.450      SignalP-TM
IWY20|IWY20_007199-T1      0.263  24  0.467  24  0.925  13  0.858   0.651 Y  0.570      SignalP-noTM
IWY20|IWY20_007205-T1      0.257  27  0.460  27  0.933  18  0.826   0.603 Y  0.450      SignalP-TM
IWY20|IWY20_007205-T1      0.284  24  0.489  24  0.962  12  0.872   0.669 Y  0.570      SignalP-noTM
IWY20|IWY20_007243-T1      0.622  28  0.613  28  0.879  24  0.470   0.557 Y  0.450      SignalP-TM
IWY20|IWY20_007249-T1      0.260  21  0.484  21  0.952  16  0.899   0.646 Y  0.450      SignalP-TM
IWY20|IWY20_007249-T1      0.454  21  0.648  21  0.956   8  0.932   0.782 Y  0.570      SignalP-noTM
IWY20|IWY20_007258-T1      0.290  22  0.489  22  0.893   9  0.808   0.613 Y  0.450      SignalP-TM
IWY20|IWY20_007279-T1      0.240  25  0.437  25  0.917   4  0.839   0.626 Y  0.570      SignalP-noTM
IWY20|IWY20_007279-T1      0.338  27  0.506  27  0.942  22  0.762   0.606 Y  0.450      SignalP-TM
IWY20|IWY20_007359-T1      0.458  19  0.630  19  0.971  17  0.859   0.719 Y  0.450      SignalP-TM
IWY20|IWY20_007359-T1      0.668  19  0.768  19  0.925   9  0.888   0.825 Y  0.570      SignalP-noTM
IWY20|IWY20_007439-T1      0.147  27  0.308  27  0.873   9  0.722   0.469 Y  0.450      SignalP-TM
IWY20|IWY20_007444-T1      0.450  20  0.557  20  0.732  13  0.697   0.612 Y  0.450      SignalP-TM
IWY20|IWY20_007444-T1      0.762  20  0.786  20  0.879  18  0.807   0.795 Y  0.570      SignalP-noTM
IWY20|IWY20_007445-T1      0.590  23  0.629  23  0.855  11  0.720   0.672 Y  0.570      SignalP-noTM
IWY20|IWY20_007445-T1      0.706  23  0.751  23  0.872  21  0.801   0.771 Y  0.450      SignalP-TM
IWY20|IWY20_007462-T1      0.507  20  0.560  20  0.852   3  0.684   0.608 Y  0.450      SignalP-TM
IWY20|IWY20_007462-T1      0.755  20  0.776  20  0.919  16  0.790   0.783 Y  0.570      SignalP-noTM
IWY20|IWY20_007472-T1      0.233  20  0.417  20  0.850  16  0.750   0.547 Y  0.450      SignalP-TM
IWY20|IWY20_007472-T1      0.355  20  0.508  20  0.928  16  0.728   0.611 Y  0.570      SignalP-noTM
IWY20|IWY20_007495-T1      0.249  24  0.396  24  0.848  19  0.684   0.509 Y  0.450      SignalP-TM
IWY20|IWY20_007496-T1      0.251  30  0.381  30  0.863   7  0.708   0.508 Y  0.450      SignalP-TM
IWY20|IWY20_007522-T1      0.176  27  0.359  24  0.883  17  0.745   0.510 Y  0.450      SignalP-TM
IWY20|IWY20_007522-T1      0.184  24  0.376  24  0.905  16  0.803   0.576 Y  0.570      SignalP-noTM
IWY20|IWY20_007523-T1      0.166  26  0.294  11  0.901   3  0.869   0.519 Y  0.450      SignalP-TM
IWY20|IWY20_007528-T1      0.169  33  0.275  12  0.836   4  0.761   0.464 Y  0.450      SignalP-TM
IWY20|IWY20_007536-T1      0.728  26  0.768  26  0.963  17  0.873   0.817 Y  0.570      SignalP-noTM
IWY20|IWY20_007536-T1      0.749  26  0.815  26  0.941  10  0.887   0.843 Y  0.450      SignalP-TM
IWY20|IWY20_007555-T1      0.197  20  0.397  20  0.878  15  0.734   0.529 Y  0.450      SignalP-TM
IWY20|IWY20_007558-T1      0.612  22  0.559  22  0.664  21  0.475   0.528 Y  0.510      SignalP-TM
IWY20|IWY20_007559-T1      0.312  21  0.477  21  0.895   5  0.760   0.587 Y  0.450      SignalP-TM
IWY20|IWY20_007559-T1      0.534  21  0.620  21  0.919  17  0.755   0.684 Y  0.570      SignalP-noTM
IWY20|IWY20_007560-T1      0.253  20  0.373  20  0.782   1  0.607   0.464 Y  0.450      SignalP-TM
IWY20|IWY20_007560-T1      0.459  20  0.553  20  0.891   2  0.721   0.632 Y  0.570      SignalP-noTM
IWY20|IWY20_007561-T1      0.556  33  0.554  33  0.981  17  0.781   0.661 Y  0.570      SignalP-noTM
IWY20|IWY20_007561-T1      0.816  33  0.804  33  0.957  17  0.852   0.823 Y  0.450      SignalP-TM
IWY20|IWY20_007571-T1      0.237  26  0.454  26  0.949  19  0.886   0.623 Y  0.450      SignalP-TM
IWY20|IWY20_007571-T1      0.289  24  0.489  24  0.957   7  0.881   0.673 Y  0.570      SignalP-noTM
IWY20|IWY20_007639-T1      0.362  23  0.558  23  0.942  18  0.858   0.675 Y  0.450      SignalP-TM
IWY20|IWY20_007639-T1      0.601  20  0.734  20  0.948  19  0.888   0.806 Y  0.570      SignalP-noTM
IWY20|IWY20_007644-T1      0.362  23  0.558  23  0.942  18  0.858   0.675 Y  0.450      SignalP-TM
IWY20|IWY20_007644-T1      0.601  20  0.734  20  0.948  19  0.888   0.806 Y  0.570      SignalP-noTM
IWY20|IWY20_007651-T1      0.233  21  0.372  21  0.704   2  0.625   0.471 Y  0.450      SignalP-TM
IWY20|IWY20_007678-T1      0.273  35  0.317  22  0.936   9  0.860   0.529 Y  0.450      SignalP-TM
IWY20|IWY20_007682-T1      0.210  26  0.356  22  0.723  21  0.616   0.458 Y  0.450      SignalP-TM
IWY20|IWY20_007686-T1      0.276  18  0.441  18  0.831  17  0.721   0.572 Y  0.570      SignalP-noTM
IWY20|IWY20_007754-T1      0.335  23  0.506  23  0.891   2  0.798   0.620 Y  0.450      SignalP-TM
IWY20|IWY20_007754-T1      0.727  23  0.773  23  0.930   6  0.859   0.814 Y  0.570      SignalP-noTM
IWY20|IWY20_007758-T1      0.327  26  0.508  19  0.948   8  0.898   0.691 Y  0.570      SignalP-noTM
IWY20|IWY20_007758-T1      0.370  26  0.543  26  0.889   1  0.814   0.648 Y  0.450      SignalP-TM
IWY20|IWY20_007769-T1      0.111  22  0.286  16  0.878  11  0.818   0.494 Y  0.450      SignalP-TM
IWY20|IWY20_007773-T1      0.168  25  0.351  18  0.914  11  0.853   0.547 Y  0.450      SignalP-TM
IWY20|IWY20_007782-T1      0.213  24  0.350  24  0.767   1  0.616   0.454 Y  0.450      SignalP-TM
IWY20|IWY20_007782-T1      0.565  24  0.670  24  0.916  17  0.796   0.729 Y  0.570      SignalP-noTM
IWY20|IWY20_007783-T1      0.271  27  0.449  27  0.873  25  0.629   0.519 Y  0.450      SignalP-TM
IWY20|IWY20_007801-T1      0.419  21  0.604  21  0.914  19  0.868   0.728 Y  0.570      SignalP-noTM
IWY20|IWY20_007801-T1      0.539  27  0.661  27  0.928  19  0.800   0.715 Y  0.450      SignalP-TM
IWY20|IWY20_007817-T1      0.333  21  0.418  21  0.640  18  0.506   0.453 Y  0.450      SignalP-TM
IWY20|IWY20_007839-T1      0.232  26  0.354  26  0.744  11  0.604   0.451 Y  0.450      SignalP-TM
IWY20|IWY20_007852-T1      0.367  51  0.413  23  0.937  17  0.881   0.596 Y  0.450      SignalP-TM
IWY20|IWY20_007852-T1      0.703  19  0.822  19  0.979   9  0.953   0.884 Y  0.570      SignalP-noTM
IWY20|IWY20_007862-T1      0.544  26  0.613  26  0.861  19  0.631   0.620 Y  0.450      SignalP-TM
IWY20|IWY20_007901-T1      0.168  25  0.337  19  0.829   3  0.714   0.484 Y  0.450      SignalP-TM
IWY20|IWY20_007909-T1      0.434  20  0.608  20  0.937  18  0.831   0.713 Y  0.570      SignalP-noTM
IWY20|IWY20_007919-T1      0.289  58  0.385  22  0.941   4  0.780   0.539 Y  0.450      SignalP-TM
IWY20|IWY20_007919-T1      0.602  19  0.723  19  0.954   1  0.891   0.802 Y  0.570      SignalP-noTM
IWY20|IWY20_007921-T1      0.191  51  0.344  22  0.850  20  0.633   0.457 Y  0.450      SignalP-TM
IWY20|IWY20_007921-T1      0.346  22  0.550  22  0.921  20  0.874   0.703 Y  0.570      SignalP-noTM
IWY20|IWY20_007935-T1      0.159  19  0.361  19  0.855  10  0.797   0.531 Y  0.450      SignalP-TM
IWY20|IWY20_007998-T1      0.441  23  0.585  23  0.864  21  0.764   0.655 Y  0.450      SignalP-TM
IWY20|IWY20_007998-T1      0.637  23  0.690  23  0.910  17  0.785   0.735 Y  0.570      SignalP-noTM
IWY20|IWY20_008009-T1      0.268  30  0.408  22  0.857   6  0.761   0.546 Y  0.450      SignalP-TM
IWY20|IWY20_008009-T1      0.408  22  0.567  22  0.931   7  0.832   0.691 Y  0.570      SignalP-noTM
IWY20|IWY20_008020-T1      0.218  25  0.409  25  0.930  15  0.804   0.563 Y  0.450      SignalP-TM
IWY20|IWY20_008045-T1      0.142  27  0.278  13  0.840   8  0.783   0.475 Y  0.450      SignalP-TM
IWY20|IWY20_008056-T1      0.191  37  0.346  37  0.913  12  0.746   0.502 Y  0.450      SignalP-TM
IWY20|IWY20_008058-T1      0.509  24  0.594  24  0.941  13  0.803   0.692 Y  0.570      SignalP-noTM
IWY20|IWY20_008058-T1      0.542  24  0.551  24  0.927   5  0.696   0.608 Y  0.450      SignalP-TM
IWY20|IWY20_008064-T1      0.147  27  0.280  12  0.841   3  0.762   0.468 Y  0.450      SignalP-TM
IWY20|IWY20_008073-T1      0.204  52  0.324  23  0.763   3  0.676   0.461 Y  0.450      SignalP-TM
IWY20|IWY20_008077-T1      0.219  22  0.416  22  0.914  16  0.815   0.572 Y  0.450      SignalP-TM
IWY20|IWY20_008077-T1      0.510  20  0.697  20  0.965  14  0.949   0.816 Y  0.570      SignalP-noTM
IWY20|IWY20_008093-T1      0.216  27  0.365  27  0.769  22  0.607   0.460 Y  0.450      SignalP-TM
IWY20|IWY20_008131-T1      0.163  35  0.348  15  0.875  16  0.794   0.522 Y  0.450      SignalP-TM
IWY20|IWY20_008131-T1      0.273  15  0.487  15  0.954  14  0.867   0.665 Y  0.570      SignalP-noTM
IWY20|IWY20_008133-T1      0.204  30  0.341  19  0.907   6  0.836   0.534 Y  0.450      SignalP-TM
IWY20|IWY20_008133-T1      0.466  19  0.650  19  0.939  17  0.910   0.772 Y  0.570      SignalP-noTM
IWY20|IWY20_008134-T1      0.239  18  0.432  18  0.872   4  0.804   0.577 Y  0.450      SignalP-TM
IWY20|IWY20_008134-T1      0.257  18  0.490  18  0.956   8  0.925   0.694 Y  0.570      SignalP-noTM
IWY20|IWY20_008139-T1      0.314  23  0.452  23  0.754  18  0.668   0.536 Y  0.450      SignalP-TM
IWY20|IWY20_008150-T1      0.447  38  0.542  38  0.970  15  0.816   0.649 Y  0.450      SignalP-TM
IWY20|IWY20_008161-T1      0.138  21  0.333  21  0.924  13  0.757   0.498 Y  0.450      SignalP-TM
IWY20|IWY20_008192-T1      0.398  39  0.569  22  0.884  10  0.825   0.669 Y  0.450      SignalP-TM
IWY20|IWY20_008192-T1      0.572  22  0.743  22  0.978  17  0.956   0.843 Y  0.570      SignalP-noTM
IWY20|IWY20_008225-T1      0.148  58  0.300  27  0.875  10  0.745   0.474 Y  0.450      SignalP-TM
IWY20|IWY20_008231-T1      0.672  24  0.761  24  0.958  17  0.849   0.795 Y  0.450      SignalP-TM
IWY20|IWY20_008231-T1      0.690  18  0.782  18  0.947  17  0.866   0.821 Y  0.570      SignalP-noTM
IWY20|IWY20_008247-T1      0.344  22  0.551  22  0.950   4  0.901   0.687 Y  0.450      SignalP-TM
IWY20|IWY20_008247-T1      0.489  22  0.681  22  0.974   8  0.953   0.809 Y  0.570      SignalP-noTM
IWY20|IWY20_008256-T1      0.420  22  0.620  22  0.940  20  0.896   0.727 Y  0.450      SignalP-TM
IWY20|IWY20_008256-T1      0.724  22  0.788  22  0.948  10  0.888   0.835 Y  0.570      SignalP-noTM
IWY20|IWY20_008296-T1      0.164  55  0.294  18  0.881  10  0.772   0.480 Y  0.450      SignalP-TM
IWY20|IWY20_008297-T1      0.275  23  0.477  23  0.902  11  0.843   0.649 Y  0.570      SignalP-noTM
IWY20|IWY20_008297-T1      0.384  23  0.508  23  0.848  21  0.640   0.560 Y  0.450      SignalP-TM
IWY20|IWY20_008300-T1      0.394  30  0.538  22  0.898  16  0.796   0.659 Y  0.570      SignalP-noTM
IWY20|IWY20_008300-T1      0.480  22  0.550  22  0.830   2  0.662   0.594 Y  0.450      SignalP-TM
IWY20|IWY20_008303-T1      0.171  21  0.385  21  0.911  16  0.838   0.561 Y  0.450      SignalP-TM
IWY20|IWY20_008303-T1      0.308  21  0.523  21  0.940   9  0.897   0.699 Y  0.570      SignalP-noTM
IWY20|IWY20_008304-T1      0.557  21  0.677  21  0.898  17  0.773   0.714 Y  0.450      SignalP-TM
IWY20|IWY20_008304-T1      0.655  21  0.769  21  0.941   9  0.906   0.834 Y  0.570      SignalP-noTM
IWY20|IWY20_008341-T1      0.182  30  0.358  30  0.942  17  0.797   0.529 Y  0.450      SignalP-TM
IWY20|IWY20_008341-T1      0.190  28  0.323  20  0.955  13  0.888   0.588 Y  0.570      SignalP-noTM
IWY20|IWY20_008361-T1      0.318  22  0.536  22  0.962  15  0.904   0.680 Y  0.450      SignalP-TM
IWY20|IWY20_008361-T1      0.570  22  0.716  22  0.965  18  0.916   0.810 Y  0.570      SignalP-noTM
IWY20|IWY20_008408-T1      0.299  31  0.479  31  0.864  17  0.780   0.596 Y  0.450      SignalP-TM
IWY20|IWY20_008408-T1      0.327  24  0.506  24  0.897  17  0.827   0.657 Y  0.570      SignalP-noTM
IWY20|IWY20_008415-T1      0.376  28  0.442  28  0.753   5  0.609   0.507 Y  0.450      SignalP-TM
IWY20|IWY20_008441-T1      0.326  24  0.441  24  0.763  17  0.637   0.517 Y  0.450      SignalP-TM
IWY20|IWY20_008443-T1      0.497  19  0.547  19  0.702   1  0.628   0.577 Y  0.510      SignalP-TM
IWY20|IWY20_008451-T1      0.672  29  0.769  29  0.956  23  0.796   0.780 Y  0.450      SignalP-TM
IWY20|IWY20_008451-T1      0.773  27  0.848  27  0.971  13  0.934   0.889 Y  0.570      SignalP-noTM
IWY20|IWY20_008465-T1      0.149  28  0.284  13  0.907   9  0.817   0.492 Y  0.450      SignalP-TM
IWY20|IWY20_008484-T1      0.660  21  0.559  21  0.635  19  0.445   0.517 Y  0.510      SignalP-TM
IWY20|IWY20_008489-T1      0.220  22  0.456  22  0.975  19  0.924   0.638 Y  0.450      SignalP-TM
IWY20|IWY20_008489-T1      0.341  22  0.572  22  0.985  19  0.949   0.749 Y  0.570      SignalP-noTM
IWY20|IWY20_008539-T1      0.200  25  0.353  25  0.803  10  0.668   0.476 Y  0.450      SignalP-TM
IWY20|IWY20_008568-T1      0.275  22  0.473  22  0.921  10  0.852   0.651 Y  0.570      SignalP-noTM
IWY20|IWY20_008568-T1      0.411  29  0.534  29  0.969  17  0.801   0.638 Y  0.450      SignalP-TM
IWY20|IWY20_008586-T1      0.392  27  0.433  27  0.653  21  0.486   0.454 Y  0.450      SignalP-TM
IWY20|IWY20_008609-T1      0.227  19  0.443  19  0.930  15  0.873   0.611 Y  0.450      SignalP-TM
IWY20|IWY20_008609-T1      0.498  19  0.659  19  0.923   1  0.880   0.763 Y  0.570      SignalP-noTM
IWY20|IWY20_008656-T1      0.300  28  0.506  28  0.980  15  0.909   0.663 Y  0.450      SignalP-TM
IWY20|IWY20_008656-T1      0.866  21  0.919  21  0.988   8  0.970   0.943 Y  0.570      SignalP-noTM
IWY20|IWY20_008686-T1      0.266  23  0.452  23  0.810  13  0.724   0.558 Y  0.450      SignalP-TM
IWY20|IWY20_008686-T1      0.673  23  0.781  23  0.974  11  0.917   0.845 Y  0.570      SignalP-noTM
IWY20|IWY20_008687-T1      0.167  20  0.387  20  0.939   7  0.889   0.583 Y  0.450      SignalP-TM
IWY20|IWY20_008687-T1      0.494  20  0.691  20  0.986  10  0.950   0.812 Y  0.570      SignalP-noTM
IWY20|IWY20_008697-T1      0.320  22  0.480  22  0.880   3  0.772   0.617 Y  0.570      SignalP-noTM
IWY20|IWY20_008731-T1      0.174  23  0.350  23  0.798  14  0.708   0.490 Y  0.450      SignalP-TM
IWY20|IWY20_008731-T1      0.443  21  0.633  21  0.950   2  0.911   0.763 Y  0.570      SignalP-noTM
IWY20|IWY20_008734-T1      0.785  22  0.752  22  0.834  18  0.725   0.739 Y  0.570      SignalP-noTM
IWY20|IWY20_008737-T1      0.462  21  0.621  21  0.879  13  0.845   0.726 Y  0.570      SignalP-noTM
IWY20|IWY20_008737-T1      0.492  21  0.608  21  0.819  16  0.760   0.667 Y  0.450      SignalP-TM
IWY20|IWY20_008751-T1      0.346  22  0.477  22  0.802  19  0.616   0.531 Y  0.450      SignalP-TM
IWY20|IWY20_008760-T1      0.181  26  0.338  26  0.846   9  0.703   0.480 Y  0.450      SignalP-TM
IWY20|IWY20_008760-T1      0.395  29  0.579  21  0.961  12  0.918   0.739 Y  0.570      SignalP-noTM
IWY20|IWY20_008774-T1      0.281  21  0.495  21  0.909  14  0.882   0.646 Y  0.450      SignalP-TM
IWY20|IWY20_008774-T1      0.571  21  0.732  21  0.986   9  0.947   0.833 Y  0.570      SignalP-noTM
IWY20|IWY20_008827-T1      0.320  21  0.399  21  0.732   3  0.542   0.455 Y  0.450      SignalP-TM
IWY20|IWY20_008841-T1      0.463  22  0.658  22  0.972  11  0.935   0.788 Y  0.570      SignalP-noTM
IWY20|IWY20_008841-T1      0.467  38  0.463  38  0.851  10  0.658   0.539 Y  0.450      SignalP-TM
IWY20|IWY20_008866-T1      0.312  20  0.475  20  0.883  19  0.734   0.576 Y  0.450      SignalP-TM
IWY20|IWY20_008890-T1      0.131  23  0.315  23  0.889  16  0.769   0.492 Y  0.450      SignalP-TM
IWY20|IWY20_008912-T1      0.558  24  0.723  24  0.966  18  0.911   0.796 Y  0.450      SignalP-TM
IWY20|IWY20_008912-T1      0.615  24  0.757  24  0.985  10  0.943   0.844 Y  0.570      SignalP-noTM
IWY20|IWY20_008917-T1      0.140  27  0.316  16  0.867  11  0.769   0.493 Y  0.450      SignalP-TM
IWY20|IWY20_008927-T1      0.249  22  0.464  22  0.898  12  0.845   0.612 Y  0.450      SignalP-TM
IWY20|IWY20_008927-T1      0.631  22  0.771  22  0.971  12  0.942   0.851 Y  0.570      SignalP-noTM
IWY20|IWY20_008930-T1      0.134  29  0.311  19  0.917  12  0.866   0.572 Y  0.570      SignalP-noTM
IWY20|IWY20_008930-T1      0.150  28  0.342  22  0.841  15  0.765   0.507 Y  0.450      SignalP-TM
IWY20|IWY20_008953-T1      0.346  29  0.430  29  0.789  15  0.535   0.471 Y  0.450      SignalP-TM
IWY20|IWY20_008962-T1      0.288  22  0.514  22  0.961  18  0.919   0.672 Y  0.450      SignalP-TM
IWY20|IWY20_008962-T1      0.521  22  0.683  22  0.967  18  0.915   0.792 Y  0.570      SignalP-noTM
