H4W82|H4W82_000007-T1      0.321  30  0.507  30  0.993  16  0.896   0.659 Y  0.450      SignalP-TM
H4W82|H4W82_000007-T1      0.433  20  0.652  20  0.992  10  0.978   0.805 Y  0.570      SignalP-noTM
H4W82|H4W82_000011-T1      0.642  20  0.741  20  0.922  18  0.861   0.788 Y  0.450      SignalP-TM
H4W82|H4W82_000011-T1      0.818  20  0.829  20  0.952  19  0.852   0.840 Y  0.570      SignalP-noTM
H4W82|H4W82_000049-T1      0.229  24  0.376  24  0.696  16  0.600   0.463 Y  0.450      SignalP-TM
H4W82|H4W82_000070-T1      0.283  34  0.333  34  0.906  16  0.636   0.451 Y  0.450      SignalP-TM
H4W82|H4W82_000071-T1      0.180  19  0.337  19  0.868  17  0.657   0.461 Y  0.450      SignalP-TM
H4W82|H4W82_000071-T1      0.277  23  0.437  23  0.907  18  0.733   0.576 Y  0.570      SignalP-noTM
H4W82|H4W82_000075-T1      0.153  22  0.349  19  0.871   7  0.817   0.532 Y  0.450      SignalP-TM
H4W82|H4W82_000075-T1      0.487  19  0.669  19  0.959  17  0.917   0.786 Y  0.570      SignalP-noTM
H4W82|H4W82_000098-T1      0.550  23  0.646  23  0.839  16  0.722   0.675 Y  0.450      SignalP-TM
H4W82|H4W82_000098-T1      0.871  23  0.884  23  0.928   6  0.906   0.895 Y  0.570      SignalP-noTM
H4W82|H4W82_000099-T1      0.184  26  0.323  26  0.882  15  0.663   0.456 Y  0.450      SignalP-TM
H4W82|H4W82_000099-T1      0.249  20  0.456  20  0.941  13  0.852   0.642 Y  0.570      SignalP-noTM
H4W82|H4W82_000109-T1      0.184  26  0.323  26  0.882  15  0.663   0.456 Y  0.450      SignalP-TM
H4W82|H4W82_000109-T1      0.249  20  0.456  20  0.941  13  0.852   0.642 Y  0.570      SignalP-noTM
H4W82|H4W82_000110-T1      0.550  23  0.646  23  0.839  16  0.722   0.675 Y  0.450      SignalP-TM
H4W82|H4W82_000110-T1      0.871  23  0.884  23  0.928   6  0.906   0.895 Y  0.570      SignalP-noTM
H4W82|H4W82_000132-T1      0.153  22  0.349  19  0.871   7  0.817   0.532 Y  0.450      SignalP-TM
H4W82|H4W82_000132-T1      0.487  19  0.669  19  0.959  17  0.917   0.786 Y  0.570      SignalP-noTM
H4W82|H4W82_000136-T1      0.180  19  0.337  19  0.868  17  0.657   0.461 Y  0.450      SignalP-TM
H4W82|H4W82_000136-T1      0.277  23  0.437  23  0.907  18  0.733   0.576 Y  0.570      SignalP-noTM
H4W82|H4W82_000137-T1      0.283  34  0.333  34  0.906  16  0.636   0.451 Y  0.450      SignalP-TM
H4W82|H4W82_000145-T1      0.274  25  0.409  24  0.868  14  0.724   0.532 Y  0.450      SignalP-TM
H4W82|H4W82_000145-T1      0.348  25  0.548  18  0.929  12  0.873   0.701 Y  0.570      SignalP-noTM
H4W82|H4W82_000154-T1      0.164  60  0.307  19  0.830  17  0.727   0.471 Y  0.450      SignalP-TM
H4W82|H4W82_000169-T1      0.454  31  0.629  31  0.978  16  0.908   0.738 Y  0.450      SignalP-TM
H4W82|H4W82_000169-T1      0.457  20  0.664  20  0.973  13  0.958   0.802 Y  0.570      SignalP-noTM
H4W82|H4W82_000170-T1      0.173  25  0.360  25  0.818   7  0.758   0.515 Y  0.450      SignalP-TM
H4W82|H4W82_000170-T1      0.206  25  0.370  20  0.925  13  0.803   0.573 Y  0.570      SignalP-noTM
H4W82|H4W82_000171-T1      0.342  18  0.559  18  0.935  16  0.891   0.689 Y  0.450      SignalP-TM
H4W82|H4W82_000171-T1      0.455  18  0.658  18  0.969  16  0.946   0.794 Y  0.570      SignalP-noTM
H4W82|H4W82_000175-T1      0.121  68  0.281  14  0.844  10  0.770   0.472 Y  0.450      SignalP-TM
H4W82|H4W82_000198-T1      0.267  21  0.421  21  0.810  17  0.650   0.510 Y  0.450      SignalP-TM
H4W82|H4W82_000198-T1      0.762  21  0.759  21  0.863  18  0.750   0.755 Y  0.570      SignalP-noTM
H4W82|H4W82_000199-T1      0.173  27  0.370  19  0.895  17  0.785   0.532 Y  0.450      SignalP-TM
H4W82|H4W82_000217-T1      0.207  35  0.413  35  0.891  25  0.729   0.536 Y  0.450      SignalP-TM
H4W82|H4W82_000280-T1      0.479  27  0.609  27  0.960  14  0.815   0.689 Y  0.450      SignalP-TM
H4W82|H4W82_000333-T1      0.549  21  0.684  21  0.943  11  0.875   0.774 Y  0.570      SignalP-noTM
H4W82|H4W82_000333-T1      0.706  26  0.754  26  0.954  17  0.802   0.773 Y  0.450      SignalP-TM
H4W82|H4W82_000342-T1      0.435  28  0.632  28  0.951  26  0.870   0.744 Y  0.570      SignalP-noTM
H4W82|H4W82_000342-T1      0.637  34  0.752  34  0.949  27  0.811   0.775 Y  0.450      SignalP-TM
H4W82|H4W82_000343-T1      0.464  28  0.649  28  0.961  27  0.786   0.702 Y  0.450      SignalP-TM
H4W82|H4W82_000343-T1      0.814  28  0.855  28  0.950  26  0.875   0.864 Y  0.570      SignalP-noTM
H4W82|H4W82_000345-T1      0.517  21  0.656  21  0.905  19  0.830   0.724 Y  0.450      SignalP-TM
H4W82|H4W82_000345-T1      0.550  21  0.672  21  0.925   6  0.852   0.757 Y  0.570      SignalP-noTM
H4W82|H4W82_000368-T1      0.148  20  0.333  20  0.899   8  0.779   0.507 Y  0.450      SignalP-TM
H4W82|H4W82_000372-T1      0.243  25  0.438  25  0.886  21  0.815   0.585 Y  0.450      SignalP-TM
H4W82|H4W82_000372-T1      0.616  23  0.698  23  0.919  20  0.808   0.750 Y  0.570      SignalP-noTM
H4W82|H4W82_000384-T1      0.291  23  0.463  23  0.849  11  0.693   0.553 Y  0.450      SignalP-TM
H4W82|H4W82_000384-T1      0.329  21  0.546  21  0.964  20  0.896   0.710 Y  0.570      SignalP-noTM
H4W82|H4W82_000403-T1      0.232  29  0.464  19  0.979  14  0.947   0.691 Y  0.570      SignalP-noTM
H4W82|H4W82_000403-T1      0.313  36  0.398  21  0.923  13  0.809   0.558 Y  0.450      SignalP-TM
H4W82|H4W82_000427-T1      0.251  22  0.378  22  0.751  18  0.590   0.460 Y  0.450      SignalP-TM
H4W82|H4W82_000427-T1      0.450  20  0.538  20  0.812   2  0.682   0.606 Y  0.570      SignalP-noTM
H4W82|H4W82_000438-T1      0.570  18  0.534  18  0.720  17  0.487   0.515 Y  0.450      SignalP-TM
H4W82|H4W82_000438-T1      0.817  18  0.811  18  0.909  14  0.774   0.794 Y  0.570      SignalP-noTM
H4W82|H4W82_000440-T1      0.162  26  0.352  21  0.829  13  0.769   0.514 Y  0.450      SignalP-TM
H4W82|H4W82_000440-T1      0.286  19  0.496  19  0.917  18  0.857   0.666 Y  0.570      SignalP-noTM
H4W82|H4W82_000470-T1      0.455  18  0.548  18  0.838  17  0.684   0.612 Y  0.570      SignalP-noTM
H4W82|H4W82_000483-T1      0.320  22  0.480  22  0.880   3  0.772   0.617 Y  0.570      SignalP-noTM
H4W82|H4W82_000509-T1      0.435  20  0.609  20  0.946  18  0.834   0.715 Y  0.570      SignalP-noTM
H4W82|H4W82_000520-T1      0.306  20  0.490  20  0.913  17  0.754   0.614 Y  0.570      SignalP-noTM
H4W82|H4W82_000531-T1      0.223  19  0.431  19  0.927  15  0.847   0.593 Y  0.450      SignalP-TM
H4W82|H4W82_000531-T1      0.446  19  0.638  19  0.938  16  0.909   0.765 Y  0.570      SignalP-noTM
H4W82|H4W82_000553-T1      0.153  34  0.300  22  0.862  10  0.767   0.482 Y  0.450      SignalP-TM
H4W82|H4W82_000559-T1      0.363  20  0.483  20  0.860  17  0.682   0.577 Y  0.570      SignalP-noTM
H4W82|H4W82_000559-T1      0.688  37  0.464  20  0.735  18  0.568   0.504 Y  0.450      SignalP-TM
H4W82|H4W82_000579-T1      0.116  34  0.287  18  0.817   9  0.726   0.458 Y  0.450      SignalP-TM
H4W82|H4W82_000582-T1      0.251  27  0.448  27  0.918  18  0.813   0.591 Y  0.450      SignalP-TM
H4W82|H4W82_000582-T1      0.259  24  0.465  24  0.972  12  0.873   0.657 Y  0.570      SignalP-noTM
H4W82|H4W82_000587-T1      0.235  25  0.426  25  0.919  14  0.835   0.618 Y  0.570      SignalP-noTM
H4W82|H4W82_000587-T1      0.311  27  0.481  24  0.923  22  0.808   0.608 Y  0.450      SignalP-TM
H4W82|H4W82_000603-T1      0.309  21  0.527  21  0.941  20  0.899   0.672 Y  0.450      SignalP-TM
H4W82|H4W82_000603-T1      0.564  21  0.737  21  0.971  19  0.958   0.841 Y  0.570      SignalP-noTM
H4W82|H4W82_000619-T1      0.135  22  0.301  22  0.824  10  0.691   0.453 Y  0.450      SignalP-TM
H4W82|H4W82_000643-T1      0.439  22  0.606  22  0.933  14  0.815   0.704 Y  0.570      SignalP-noTM
H4W82|H4W82_000643-T1      0.487  22  0.593  22  0.832  21  0.646   0.613 Y  0.450      SignalP-TM
H4W82|H4W82_000645-T1      0.403  26  0.508  26  0.735  13  0.594   0.541 Y  0.450      SignalP-TM
H4W82|H4W82_000652-T1      0.351  19  0.552  19  0.918   9  0.879   0.706 Y  0.570      SignalP-noTM
H4W82|H4W82_000652-T1      0.455  27  0.548  27  0.914  18  0.684   0.601 Y  0.450      SignalP-TM
H4W82|H4W82_000654-T1      0.229  22  0.451  22  0.937  12  0.888   0.621 Y  0.450      SignalP-TM
H4W82|H4W82_000654-T1      0.636  22  0.779  22  0.987  11  0.957   0.863 Y  0.570      SignalP-noTM
H4W82|H4W82_000657-T1      0.149  23  0.326  23  0.768  12  0.681   0.464 Y  0.450      SignalP-TM
H4W82|H4W82_000657-T1      0.407  21  0.595  21  0.939  12  0.870   0.725 Y  0.570      SignalP-noTM
H4W82|H4W82_000658-T1      0.372  20  0.556  20  0.873  16  0.797   0.650 Y  0.450      SignalP-TM
H4W82|H4W82_000658-T1      0.420  20  0.624  20  0.972  19  0.920   0.763 Y  0.570      SignalP-noTM
H4W82|H4W82_000660-T1      0.182  63  0.282  13  0.853   7  0.786   0.478 Y  0.450      SignalP-TM
H4W82|H4W82_000671-T1      0.599  20  0.601  20  0.845   3  0.666   0.626 Y  0.450      SignalP-TM
H4W82|H4W82_000671-T1      0.803  20  0.799  20  0.917  16  0.791   0.795 Y  0.570      SignalP-noTM
H4W82|H4W82_000673-T1      0.283  18  0.400  18  0.652  11  0.531   0.451 Y  0.450      SignalP-TM
H4W82|H4W82_000697-T1      0.641  31  0.515  31  0.639   4  0.494   0.507 Y  0.450      SignalP-TM
H4W82|H4W82_000698-T1      0.363  23  0.489  23  0.770  19  0.664   0.557 Y  0.450      SignalP-TM
H4W82|H4W82_000699-T1      0.290  22  0.490  22  0.894   9  0.811   0.615 Y  0.450      SignalP-TM
H4W82|H4W82_000712-T1      0.271  21  0.418  21  0.849   1  0.685   0.522 Y  0.450      SignalP-TM
H4W82|H4W82_000712-T1      0.657  21  0.768  21  0.923  13  0.889   0.825 Y  0.570      SignalP-noTM
H4W82|H4W82_000714-T1      0.196  21  0.416  21  0.921   4  0.883   0.598 Y  0.450      SignalP-TM
H4W82|H4W82_000714-T1      0.731  21  0.833  21  0.967  17  0.942   0.885 Y  0.570      SignalP-noTM
H4W82|H4W82_000740-T1      0.251  20  0.466  20  0.916  17  0.862   0.652 Y  0.570      SignalP-noTM
H4W82|H4W82_000740-T1      0.347  20  0.536  20  0.920  17  0.825   0.648 Y  0.450      SignalP-TM
H4W82|H4W82_000742-T1      0.644  24  0.771  24  0.969  20  0.907   0.835 Y  0.570      SignalP-noTM
H4W82|H4W82_000742-T1      0.712  24  0.815  24  0.967  19  0.860   0.833 Y  0.450      SignalP-TM
H4W82|H4W82_000744-T1      0.735  27  0.601  27  0.633  24  0.427   0.533 Y  0.450      SignalP-TM
H4W82|H4W82_000803-T1      0.315  20  0.530  20  0.933  12  0.891   0.671 Y  0.450      SignalP-TM
H4W82|H4W82_000857-T1      0.159  19  0.323  19  0.797  13  0.667   0.457 Y  0.450      SignalP-TM
H4W82|H4W82_000860-T1      0.270  25  0.473  25  0.939   5  0.859   0.623 Y  0.450      SignalP-TM
H4W82|H4W82_000860-T1      0.461  19  0.654  19  0.961   7  0.933   0.785 Y  0.570      SignalP-noTM
H4W82|H4W82_000865-T1      0.425  36  0.476  36  0.827  12  0.675   0.553 Y  0.450      SignalP-TM
H4W82|H4W82_000881-T1      0.203  18  0.357  18  0.713   9  0.625   0.462 Y  0.450      SignalP-TM
H4W82|H4W82_000907-T1      0.268  35  0.383  35  0.799   6  0.566   0.454 Y  0.450      SignalP-TM
H4W82|H4W82_000910-T1      0.264  18  0.464  18  0.936   8  0.825   0.634 Y  0.570      SignalP-noTM
H4W82|H4W82_000945-T1      0.235  27  0.394  27  0.735  26  0.580   0.466 Y  0.450      SignalP-TM
H4W82|H4W82_000967-T1      0.777  27  0.786  27  0.920  24  0.727   0.763 Y  0.450      SignalP-TM
H4W82|H4W82_000967-T1      0.850  27  0.880  27  0.952  11  0.924   0.901 Y  0.570      SignalP-noTM
H4W82|H4W82_000983-T1      0.142  39  0.305  17  0.931   7  0.860   0.522 Y  0.450      SignalP-TM
H4W82|H4W82_000993-T1      0.143  15  0.317  15  0.868   1  0.713   0.472 Y  0.450      SignalP-TM
H4W82|H4W82_001021-T1      0.216  22  0.419  22  0.877  18  0.760   0.552 Y  0.450      SignalP-TM
H4W82|H4W82_001021-T1      0.740  22  0.805  22  0.940  10  0.884   0.842 Y  0.570      SignalP-noTM
H4W82|H4W82_001041-T1      0.147  60  0.304  21  0.816  15  0.742   0.475 Y  0.450      SignalP-TM
H4W82|H4W82_001079-T1      0.446  22  0.586  22  0.847   1  0.773   0.674 Y  0.570      SignalP-noTM
H4W82|H4W82_001080-T1      0.219  19  0.387  19  0.819   1  0.688   0.504 Y  0.450      SignalP-TM
H4W82|H4W82_001080-T1      0.548  19  0.703  19  0.932  12  0.880   0.786 Y  0.570      SignalP-noTM
H4W82|H4W82_001085-T1      0.239  19  0.453  19  0.907  11  0.819   0.596 Y  0.450      SignalP-TM
H4W82|H4W82_001087-T1      0.236  22  0.398  22  0.806   4  0.707   0.518 Y  0.450      SignalP-TM
H4W82|H4W82_001087-T1      0.284  22  0.483  22  0.919   1  0.842   0.652 Y  0.570      SignalP-noTM
H4W82|H4W82_001097-T1      0.341  19  0.538  19  0.897  12  0.846   0.683 Y  0.570      SignalP-noTM
H4W82|H4W82_001104-T1      0.327  22  0.445  22  0.773   3  0.653   0.526 Y  0.450      SignalP-TM
H4W82|H4W82_001104-T1      0.676  22  0.752  22  0.915   2  0.851   0.799 Y  0.570      SignalP-noTM
H4W82|H4W82_001105-T1      0.287  22  0.512  22  0.964  15  0.919   0.671 Y  0.450      SignalP-TM
H4W82|H4W82_001105-T1      0.519  22  0.679  22  0.970  18  0.909   0.787 Y  0.570      SignalP-noTM
H4W82|H4W82_001115-T1      0.275  21  0.512  21  0.964  17  0.922   0.672 Y  0.450      SignalP-TM
H4W82|H4W82_001115-T1      0.723  21  0.835  21  0.977  11  0.958   0.893 Y  0.570      SignalP-noTM
H4W82|H4W82_001152-T1      0.214  17  0.444  17  0.963  11  0.914   0.665 Y  0.570      SignalP-noTM
H4W82|H4W82_001152-T1      0.240  26  0.408  26  0.907   8  0.783   0.554 Y  0.450      SignalP-TM
H4W82|H4W82_001184-T1      0.351  22  0.564  22  0.935   7  0.887   0.690 Y  0.450      SignalP-TM
H4W82|H4W82_001184-T1      0.772  22  0.827  22  0.946  10  0.903   0.863 Y  0.570      SignalP-noTM
H4W82|H4W82_001195-T1      0.450  24  0.464  24  0.787   8  0.550   0.498 Y  0.450      SignalP-TM
H4W82|H4W82_001201-T1      0.298  23  0.420  23  0.739   8  0.609   0.494 Y  0.450      SignalP-TM
H4W82|H4W82_001236-T1      0.289  18  0.508  18  0.916  13  0.889   0.687 Y  0.570      SignalP-noTM
H4W82|H4W82_001236-T1      0.382  18  0.543  18  0.868  16  0.779   0.635 Y  0.450      SignalP-TM
H4W82|H4W82_001240-T1      0.270  33  0.464  21  0.957  14  0.925   0.644 Y  0.450      SignalP-TM
H4W82|H4W82_001240-T1      0.433  21  0.649  21  0.983  19  0.964   0.797 Y  0.570      SignalP-noTM
H4W82|H4W82_001250-T1      0.160  25  0.349  19  0.919   5  0.847   0.583 Y  0.570      SignalP-noTM
H4W82|H4W82_001263-T1      0.281  26  0.386  26  0.907  10  0.697   0.507 Y  0.450      SignalP-TM
H4W82|H4W82_001263-T1      0.312  26  0.498  21  0.954  10  0.894   0.684 Y  0.570      SignalP-noTM
H4W82|H4W82_001265-T1      0.197  32  0.382  32  0.868  31  0.588   0.462 Y  0.450      SignalP-TM
H4W82|H4W82_001267-T1      0.111  22  0.286  16  0.878  11  0.818   0.494 Y  0.450      SignalP-TM
H4W82|H4W82_001302-T1      0.138  21  0.332  21  0.921  13  0.751   0.495 Y  0.450      SignalP-TM
H4W82|H4W82_001328-T1      0.372  27  0.519  27  0.878   2  0.759   0.612 Y  0.450      SignalP-TM
H4W82|H4W82_001342-T1      0.452  20  0.611  20  0.898  17  0.815   0.691 Y  0.450      SignalP-TM
H4W82|H4W82_001342-T1      0.640  20  0.748  20  0.910  17  0.877   0.808 Y  0.570      SignalP-noTM
H4W82|H4W82_001382-T1      0.223  23  0.423  23  0.891  15  0.789   0.595 Y  0.570      SignalP-noTM
H4W82|H4W82_001382-T1      0.260  23  0.434  23  0.814  20  0.672   0.527 Y  0.450      SignalP-TM
H4W82|H4W82_001395-T1      0.136  21  0.332  21  0.891   7  0.824   0.524 Y  0.450      SignalP-TM
H4W82|H4W82_001415-T1      0.329  25  0.488  25  0.856  23  0.733   0.584 Y  0.450      SignalP-TM
H4W82|H4W82_001415-T1      0.592  25  0.615  25  0.829   1  0.699   0.654 Y  0.570      SignalP-noTM
H4W82|H4W82_001434-T1      0.356  63  0.335  24  0.934  10  0.854   0.537 Y  0.450      SignalP-TM
H4W82|H4W82_001437-T1      0.538  24  0.720  24  0.983  17  0.954   0.812 Y  0.450      SignalP-TM
H4W82|H4W82_001437-T1      0.621  24  0.768  24  0.989  10  0.958   0.857 Y  0.570      SignalP-noTM
H4W82|H4W82_001438-T1      0.563  24  0.735  24  0.984  17  0.943   0.816 Y  0.450      SignalP-TM
H4W82|H4W82_001438-T1      0.622  24  0.768  24  0.987  10  0.956   0.856 Y  0.570      SignalP-noTM
H4W82|H4W82_001439-T1      0.246  22  0.456  22  0.965  10  0.887   0.659 Y  0.570      SignalP-noTM
H4W82|H4W82_001439-T1      0.402  29  0.518  29  0.966  17  0.797   0.627 Y  0.450      SignalP-TM
H4W82|H4W82_001489-T1      0.730  21  0.608  21  0.677  19  0.500   0.568 Y  0.510      SignalP-TM
H4W82|H4W82_001495-T1      0.246  23  0.476  23  0.968   7  0.925   0.651 Y  0.450      SignalP-TM
H4W82|H4W82_001495-T1      0.634  23  0.776  23  0.982  10  0.951   0.858 Y  0.570      SignalP-noTM
H4W82|H4W82_001498-T1      0.208  21  0.389  21  0.814  13  0.645   0.489 Y  0.450      SignalP-TM
H4W82|H4W82_001534-T1      0.244  21  0.381  21  0.764  20  0.635   0.480 Y  0.450      SignalP-TM
H4W82|H4W82_001534-T1      0.707  21  0.799  21  0.938  11  0.908   0.850 Y  0.570      SignalP-noTM
H4W82|H4W82_001538-T1      0.360  20  0.542  20  0.896   1  0.815   0.648 Y  0.450      SignalP-TM
H4W82|H4W82_001538-T1      0.698  20  0.806  20  0.944  12  0.924   0.862 Y  0.570      SignalP-noTM
H4W82|H4W82_001571-T1      0.175  20  0.333  20  0.747   5  0.657   0.459 Y  0.450      SignalP-TM
H4W82|H4W82_001571-T1      0.260  20  0.451  20  0.876   2  0.805   0.617 Y  0.570      SignalP-noTM
H4W82|H4W82_001594-T1      0.432  25  0.551  25  0.761  22  0.674   0.599 Y  0.450      SignalP-TM
H4W82|H4W82_001596-T1      0.190  37  0.351  23  0.942   1  0.856   0.588 Y  0.570      SignalP-noTM
H4W82|H4W82_001596-T1      0.211  23  0.424  23  0.922  10  0.866   0.596 Y  0.450      SignalP-TM
H4W82|H4W82_001647-T1      0.199  21  0.384  21  0.856  18  0.738   0.522 Y  0.450      SignalP-TM
H4W82|H4W82_001647-T1      0.241  21  0.439  21  0.917  12  0.826   0.621 Y  0.570      SignalP-noTM
H4W82|H4W82_001653-T1      0.223  23  0.403  23  0.811  13  0.728   0.529 Y  0.450      SignalP-TM
H4W82|H4W82_001653-T1      0.590  21  0.723  21  0.941   2  0.895   0.804 Y  0.570      SignalP-noTM
H4W82|H4W82_001654-T1      0.176  27  0.364  19  0.909   2  0.847   0.591 Y  0.570      SignalP-noTM
H4W82|H4W82_001654-T1      0.262  35  0.383  29  0.883   4  0.752   0.527 Y  0.450      SignalP-TM
H4W82|H4W82_001668-T1      0.182  33  0.361  20  0.888  18  0.791   0.528 Y  0.450      SignalP-TM
H4W82|H4W82_001668-T1      0.260  20  0.462  20  0.909  18  0.834   0.637 Y  0.570      SignalP-noTM
H4W82|H4W82_001742-T1      0.291  62  0.410  20  0.892  17  0.797   0.561 Y  0.450      SignalP-TM
H4W82|H4W82_001742-T1      0.685  20  0.760  20  0.934   1  0.851   0.803 Y  0.570      SignalP-noTM
H4W82|H4W82_001745-T1      0.367  28  0.426  28  0.817  12  0.632   0.507 Y  0.450      SignalP-TM
H4W82|H4W82_001750-T1      0.220  27  0.416  27  0.894  20  0.728   0.537 Y  0.450      SignalP-TM
H4W82|H4W82_001750-T1      0.257  25  0.494  25  0.965  19  0.942   0.705 Y  0.570      SignalP-noTM
H4W82|H4W82_001762-T1      0.322  20  0.528  20  0.896  15  0.851   0.654 Y  0.450      SignalP-TM
H4W82|H4W82_001762-T1      0.557  20  0.713  20  0.942  18  0.905   0.803 Y  0.570      SignalP-noTM
H4W82|H4W82_001767-T1      0.208  29  0.378  29  0.956  18  0.785   0.537 Y  0.450      SignalP-TM
H4W82|H4W82_001767-T1      0.395  19  0.588  19  0.923   1  0.882   0.726 Y  0.570      SignalP-noTM
H4W82|H4W82_001814-T1      0.203  28  0.273  16  0.827   9  0.741   0.455 Y  0.450      SignalP-TM
H4W82|H4W82_001822-T1      0.133  32  0.324  16  0.906  11  0.852   0.530 Y  0.450      SignalP-TM
H4W82|H4W82_001831-T1      0.187  22  0.355  22  0.871   5  0.737   0.504 Y  0.450      SignalP-TM
H4W82|H4W82_001831-T1      0.522  20  0.679  20  0.943   1  0.880   0.774 Y  0.570      SignalP-noTM
H4W82|H4W82_001854-T1      0.652  23  0.782  23  0.965  16  0.924   0.837 Y  0.450      SignalP-TM
H4W82|H4W82_001854-T1      0.718  23  0.828  23  0.978   9  0.952   0.887 Y  0.570      SignalP-noTM
H4W82|H4W82_001871-T1      0.351  29  0.423  29  0.897  14  0.596   0.490 Y  0.450      SignalP-TM
H4W82|H4W82_001872-T1      0.379  26  0.558  26  0.955  17  0.804   0.654 Y  0.450      SignalP-TM
H4W82|H4W82_001872-T1      0.568  19  0.669  19  0.936  17  0.805   0.733 Y  0.570      SignalP-noTM
H4W82|H4W82_001920-T1      0.158  43  0.290  25  0.886  13  0.736   0.464 Y  0.450      SignalP-TM
H4W82|H4W82_001921-T1      0.234  33  0.403  33  0.811  26  0.578   0.471 Y  0.450      SignalP-TM
H4W82|H4W82_001925-T1      0.279  26  0.431  26  0.894  17  0.759   0.585 Y  0.570      SignalP-noTM
H4W82|H4W82_001930-T1      0.385  19  0.603  19  0.976  13  0.928   0.756 Y  0.570      SignalP-noTM
H4W82|H4W82_001930-T1      0.490  31  0.632  31  0.954  16  0.848   0.716 Y  0.450      SignalP-TM
H4W82|H4W82_001941-T1      0.237  35  0.396  35  0.888  23  0.699   0.514 Y  0.450      SignalP-TM
H4W82|H4W82_001943-T1      0.136  36  0.310  16  0.826   9  0.707   0.465 Y  0.450      SignalP-TM
H4W82|H4W82_001969-T1      0.207  19  0.387  19  0.882   1  0.737   0.523 Y  0.450      SignalP-TM
H4W82|H4W82_001969-T1      0.373  19  0.576  19  0.952  17  0.886   0.722 Y  0.570      SignalP-noTM
H4W82|H4W82_001993-T1      0.173  29  0.315  29  0.919   4  0.722   0.474 Y  0.450      SignalP-TM
H4W82|H4W82_001993-T1      0.341  19  0.559  19  0.944  15  0.916   0.726 Y  0.570      SignalP-noTM
H4W82|H4W82_001999-T1      0.237  45  0.325  25  0.916   7  0.789   0.506 Y  0.450      SignalP-TM
H4W82|H4W82_001999-T1      0.255  25  0.413  25  0.874   3  0.756   0.574 Y  0.570      SignalP-noTM
H4W82|H4W82_002041-T1      0.151  19  0.336  19  0.838   7  0.740   0.494 Y  0.450      SignalP-TM
H4W82|H4W82_002048-T1      0.196  28  0.359  28  0.863   6  0.704   0.494 Y  0.450      SignalP-TM
H4W82|H4W82_002049-T1      0.342  25  0.460  25  0.786  19  0.506   0.478 Y  0.450      SignalP-TM
H4W82|H4W82_002072-T1      0.294  21  0.508  21  0.952  20  0.842   0.639 Y  0.450      SignalP-TM
H4W82|H4W82_002072-T1      0.784  21  0.821  21  0.975  20  0.819   0.820 Y  0.570      SignalP-noTM
H4W82|H4W82_002077-T1      0.192  35  0.347  35  0.875  12  0.731   0.497 Y  0.450      SignalP-TM
H4W82|H4W82_002094-T1      0.160  27  0.317  27  0.853  18  0.671   0.455 Y  0.450      SignalP-TM
H4W82|H4W82_002094-T1      0.176  22  0.408  22  0.974  18  0.920   0.649 Y  0.570      SignalP-noTM
H4W82|H4W82_002103-T1      0.488  28  0.542  28  0.724  18  0.575   0.555 Y  0.450      SignalP-TM
H4W82|H4W82_002117-T1      0.595  28  0.580  28  0.866  24  0.434   0.523 Y  0.450      SignalP-TM
H4W82|H4W82_002137-T1      0.327  21  0.432  21  0.626  12  0.517   0.465 Y  0.450      SignalP-TM
H4W82|H4W82_002142-T1      0.327  21  0.432  21  0.626  12  0.517   0.465 Y  0.450      SignalP-TM
H4W82|H4W82_002162-T1      0.158  47  0.315  20  0.892  12  0.830   0.516 Y  0.450      SignalP-TM
H4W82|H4W82_002181-T1      0.304  21  0.468  21  0.871  14  0.727   0.590 Y  0.570      SignalP-noTM
H4W82|H4W82_002182-T1      0.201  23  0.412  23  0.925  15  0.865   0.625 Y  0.570      SignalP-noTM
H4W82|H4W82_002182-T1      0.217  26  0.407  26  0.936  18  0.792   0.557 Y  0.450      SignalP-TM
H4W82|H4W82_002183-T1      0.244  23  0.455  23  0.972  11  0.888   0.659 Y  0.570      SignalP-noTM
H4W82|H4W82_002183-T1      0.306  24  0.511  24  0.915  17  0.867   0.650 Y  0.450      SignalP-TM
H4W82|H4W82_002199-T1      0.178  40  0.338  23  0.755  22  0.697   0.478 Y  0.450      SignalP-TM
H4W82|H4W82_002230-T1      0.470  32  0.516  32  0.751  27  0.520   0.518 Y  0.450      SignalP-TM
H4W82|H4W82_002236-T1      0.393  25  0.571  25  0.887  21  0.797   0.659 Y  0.450      SignalP-TM
H4W82|H4W82_002236-T1      0.475  23  0.647  23  0.917  21  0.833   0.735 Y  0.570      SignalP-noTM
H4W82|H4W82_002247-T1      0.190  25  0.367  25  0.932  16  0.778   0.528 Y  0.450      SignalP-TM
H4W82|H4W82_002247-T1      0.231  21  0.461  21  0.971  10  0.926   0.680 Y  0.570      SignalP-noTM
H4W82|H4W82_002263-T1      0.386  36  0.394  36  0.911  15  0.646   0.493 Y  0.450      SignalP-TM
H4W82|H4W82_002274-T1      0.300  24  0.501  24  0.890  20  0.796   0.616 Y  0.450      SignalP-TM
H4W82|H4W82_002283-T1      0.510  24  0.599  24  0.942  13  0.809   0.697 Y  0.570      SignalP-noTM
H4W82|H4W82_002283-T1      0.543  24  0.557  24  0.931   5  0.705   0.614 Y  0.450      SignalP-TM
H4W82|H4W82_002285-T1      0.221  37  0.360  37  0.914  12  0.730   0.504 Y  0.450      SignalP-TM
H4W82|H4W82_002294-T1      0.274  21  0.457  21  0.867  14  0.773   0.605 Y  0.570      SignalP-noTM
H4W82|H4W82_002294-T1      0.275  29  0.407  29  0.846  14  0.691   0.518 Y  0.450      SignalP-TM
H4W82|H4W82_002304-T1      0.190  24  0.393  24  0.859  12  0.790   0.548 Y  0.450      SignalP-TM
H4W82|H4W82_002304-T1      0.262  24  0.461  24  0.895   6  0.839   0.639 Y  0.570      SignalP-noTM
H4W82|H4W82_002315-T1      0.396  39  0.513  22  0.896  10  0.830   0.636 Y  0.450      SignalP-TM
H4W82|H4W82_002315-T1      0.538  22  0.724  22  0.981  10  0.964   0.837 Y  0.570      SignalP-noTM
H4W82|H4W82_002334-T1      0.223  27  0.383  27  0.749  18  0.628   0.478 Y  0.450      SignalP-TM
H4W82|H4W82_002336-T1      0.317  29  0.440  29  0.728  22  0.488   0.459 Y  0.450      SignalP-TM
H4W82|H4W82_002348-T1      0.314  22  0.495  22  0.874  10  0.791   0.610 Y  0.450      SignalP-TM
H4W82|H4W82_002348-T1      0.537  22  0.725  22  0.986  14  0.965   0.838 Y  0.570      SignalP-noTM
H4W82|H4W82_002356-T1      0.200  20  0.360  20  0.730  18  0.657   0.475 Y  0.450      SignalP-TM
H4W82|H4W82_002377-T1      0.218  21  0.383  21  0.759  18  0.658   0.490 Y  0.450      SignalP-TM
H4W82|H4W82_002396-T1      0.345  19  0.550  19  0.950  17  0.883   0.680 Y  0.450      SignalP-TM
H4W82|H4W82_002396-T1      0.588  19  0.728  19  0.934  14  0.904   0.810 Y  0.570      SignalP-noTM
H4W82|H4W82_002406-T1      0.459  22  0.634  22  0.916   7  0.883   0.731 Y  0.450      SignalP-TM
H4W82|H4W82_002406-T1      0.608  22  0.723  22  0.957   8  0.895   0.804 Y  0.570      SignalP-noTM
H4W82|H4W82_002412-T1      0.185  22  0.414  22  0.967   9  0.923   0.653 Y  0.570      SignalP-noTM
H4W82|H4W82_002412-T1      0.197  34  0.318  25  0.941  12  0.866   0.532 Y  0.450      SignalP-TM
H4W82|H4W82_002440-T1      0.511  33  0.578  33  0.724  26  0.598   0.585 Y  0.450      SignalP-TM
H4W82|H4W82_002447-T1      0.161  24  0.324  24  0.879   9  0.740   0.487 Y  0.450      SignalP-TM
H4W82|H4W82_002488-T1      0.639  26  0.633  26  0.828  22  0.577   0.611 Y  0.450      SignalP-TM
H4W82|H4W82_002495-T1      0.157  64  0.278  13  0.832   5  0.721   0.451 Y  0.450      SignalP-TM
H4W82|H4W82_002516-T1      0.256  19  0.429  19  0.817  16  0.702   0.536 Y  0.450      SignalP-TM
H4W82|H4W82_002516-T1      0.420  19  0.632  19  0.972  17  0.944   0.779 Y  0.570      SignalP-noTM
H4W82|H4W82_002535-T1      0.543  28  0.600  28  0.925  27  0.669   0.627 Y  0.450      SignalP-TM
H4W82|H4W82_002535-T1      0.670  28  0.590  28  0.766  26  0.471   0.546 Y  0.510      SignalP-TM
H4W82|H4W82_002541-T1      0.278  31  0.369  16  0.734   2  0.598   0.458 Y  0.450      SignalP-TM
H4W82|H4W82_002611-T1      0.696  22  0.786  22  0.948  10  0.895   0.829 Y  0.450      SignalP-TM
H4W82|H4W82_002611-T1      0.771  22  0.827  22  0.963  10  0.911   0.866 Y  0.570      SignalP-noTM
H4W82|H4W82_002633-T1      0.347  25  0.549  25  0.943  17  0.835   0.661 Y  0.450      SignalP-TM
H4W82|H4W82_002633-T1      0.397  19  0.607  19  0.952  17  0.919   0.753 Y  0.570      SignalP-noTM
H4W82|H4W82_002656-T1      0.196  26  0.394  26  0.955  17  0.848   0.571 Y  0.450      SignalP-TM
H4W82|H4W82_002656-T1      0.368  19  0.582  19  0.966   7  0.930   0.746 Y  0.570      SignalP-noTM
H4W82|H4W82_002662-T1      0.375  22  0.588  22  0.947  13  0.920   0.744 Y  0.570      SignalP-noTM
H4W82|H4W82_002662-T1      0.389  26  0.593  26  0.964  17  0.886   0.707 Y  0.450      SignalP-TM
H4W82|H4W82_002670-T1      0.545  21  0.680  21  0.881  17  0.821   0.735 Y  0.450      SignalP-TM
H4W82|H4W82_002670-T1      0.755  21  0.833  21  0.956  10  0.919   0.874 Y  0.570      SignalP-noTM
H4W82|H4W82_002671-T1      0.313  26  0.525  26  0.956  16  0.900   0.671 Y  0.450      SignalP-TM
H4W82|H4W82_002671-T1      0.449  21  0.635  21  0.937   1  0.906   0.762 Y  0.570      SignalP-noTM
H4W82|H4W82_002675-T1      0.636  31  0.712  31  0.915  18  0.730   0.719 Y  0.450      SignalP-TM
H4W82|H4W82_002677-T1      0.200  21  0.384  21  0.909  11  0.783   0.571 Y  0.570      SignalP-noTM
H4W82|H4W82_002685-T1      0.255  23  0.461  23  0.885  12  0.801   0.593 Y  0.450      SignalP-TM
H4W82|H4W82_002810-T1      0.377  19  0.427  19  0.743  18  0.524   0.465 Y  0.450      SignalP-TM
H4W82|H4W82_002850-T1      0.226  26  0.415  23  0.918  17  0.793   0.562 Y  0.450      SignalP-TM
H4W82|H4W82_002850-T1      0.776  19  0.843  19  0.940  17  0.910   0.874 Y  0.570      SignalP-noTM
H4W82|H4W82_002875-T1      0.438  19  0.613  19  0.954   5  0.883   0.718 Y  0.450      SignalP-TM
H4W82|H4W82_002875-T1      0.662  19  0.793  19  0.960  15  0.943   0.864 Y  0.570      SignalP-noTM
H4W82|H4W82_002982-T1      0.201  63  0.304  26  0.855   4  0.688   0.454 Y  0.450      SignalP-TM
H4W82|H4W82_003025-T1      0.494  26  0.637  26  0.892  24  0.807   0.703 Y  0.450      SignalP-TM
H4W82|H4W82_003025-T1      0.709  26  0.803  26  0.958  13  0.910   0.853 Y  0.570      SignalP-noTM
H4W82|H4W82_003053-T1      0.493  28  0.603  28  0.930   1  0.779   0.672 Y  0.450      SignalP-TM
H4W82|H4W82_003053-T1      0.546  28  0.604  20  0.941  10  0.900   0.743 Y  0.570      SignalP-noTM
H4W82|H4W82_003065-T1      0.230  21  0.472  21  0.985  15  0.961   0.663 Y  0.450      SignalP-TM
H4W82|H4W82_003065-T1      0.865  21  0.919  21  0.991  11  0.971   0.944 Y  0.570      SignalP-noTM
H4W82|H4W82_003083-T1      0.333  38  0.391  38  0.735  11  0.555   0.455 Y  0.450      SignalP-TM
H4W82|H4W82_003087-T1      0.155  14  0.336  14  0.820   7  0.732   0.491 Y  0.450      SignalP-TM
H4W82|H4W82_003104-T1      0.152  16  0.358  16  0.897  12  0.823   0.539 Y  0.450      SignalP-TM
H4W82|H4W82_003111-T1      0.260  22  0.430  22  0.811  15  0.675   0.526 Y  0.450      SignalP-TM
H4W82|H4W82_003134-T1      0.213  26  0.419  26  0.915   9  0.841   0.584 Y  0.450      SignalP-TM
H4W82|H4W82_003134-T1      0.234  26  0.442  22  0.933  19  0.860   0.639 Y  0.570      SignalP-noTM
H4W82|H4W82_003155-T1      0.378  34  0.501  19  0.955   7  0.912   0.662 Y  0.450      SignalP-TM
H4W82|H4W82_003155-T1      0.649  19  0.777  19  0.966  17  0.932   0.850 Y  0.570      SignalP-noTM
H4W82|H4W82_003159-T1      0.312  22  0.544  22  0.975  17  0.931   0.695 Y  0.450      SignalP-TM
H4W82|H4W82_003159-T1      0.536  22  0.711  22  0.973   9  0.946   0.822 Y  0.570      SignalP-noTM
H4W82|H4W82_003166-T1      0.378  21  0.574  21  0.933  18  0.840   0.678 Y  0.450      SignalP-TM
H4W82|H4W82_003166-T1      0.517  21  0.698  21  0.971   9  0.943   0.813 Y  0.570      SignalP-noTM
H4W82|H4W82_003179-T1      0.113  24  0.274  11  0.819   5  0.760   0.463 Y  0.450      SignalP-TM
H4W82|H4W82_003190-T1      0.322  24  0.520  24  0.951  18  0.757   0.612 Y  0.450      SignalP-TM
H4W82|H4W82_003190-T1      0.769  23  0.843  23  0.969  17  0.924   0.881 Y  0.570      SignalP-noTM
H4W82|H4W82_003206-T1      0.337  20  0.523  20  0.930  18  0.810   0.635 Y  0.450      SignalP-TM
H4W82|H4W82_003206-T1      0.512  20  0.636  20  0.885   2  0.812   0.718 Y  0.570      SignalP-noTM
H4W82|H4W82_003232-T1      0.346  27  0.445  27  0.792  20  0.518   0.473 Y  0.450      SignalP-TM
H4W82|H4W82_003232-T1      0.380  22  0.561  22  0.929  20  0.817   0.681 Y  0.570      SignalP-noTM
H4W82|H4W82_003256-T1      0.183  23  0.377  23  0.825  15  0.723   0.512 Y  0.450      SignalP-TM
H4W82|H4W82_003277-T1      0.393  23  0.569  23  0.894   5  0.841   0.675 Y  0.450      SignalP-TM
H4W82|H4W82_003302-T1      0.182  30  0.358  30  0.942  17  0.797   0.529 Y  0.450      SignalP-TM
H4W82|H4W82_003302-T1      0.190  28  0.323  20  0.955  13  0.888   0.588 Y  0.570      SignalP-noTM
H4W82|H4W82_003318-T1      0.159  21  0.317  21  0.772   7  0.659   0.451 Y  0.450      SignalP-TM
H4W82|H4W82_003329-T1      0.202  38  0.323  23  0.869  11  0.741   0.486 Y  0.450      SignalP-TM
H4W82|H4W82_003332-T1      0.348  23  0.522  23  0.831   7  0.776   0.621 Y  0.450      SignalP-TM
H4W82|H4W82_003332-T1      0.507  23  0.686  23  0.963  12  0.918   0.795 Y  0.570      SignalP-noTM
H4W82|H4W82_003333-T1      0.304  29  0.494  29  0.936  18  0.853   0.634 Y  0.450      SignalP-TM
H4W82|H4W82_003333-T1      0.490  20  0.689  20  0.987  11  0.949   0.811 Y  0.570      SignalP-noTM
H4W82|H4W82_003341-T1      0.152  20  0.357  20  0.898  16  0.830   0.541 Y  0.450      SignalP-TM
H4W82|H4W82_003341-T1      0.308  20  0.530  20  0.951  16  0.909   0.708 Y  0.570      SignalP-noTM
H4W82|H4W82_003348-T1      0.273  22  0.438  22  0.766  15  0.687   0.536 Y  0.450      SignalP-TM
H4W82|H4W82_003348-T1      0.387  22  0.547  22  0.896  19  0.797   0.665 Y  0.570      SignalP-noTM
H4W82|H4W82_003353-T1      0.364  26  0.501  26  0.844  22  0.681   0.571 Y  0.450      SignalP-TM
H4W82|H4W82_003398-T1      0.291  30  0.482  30  0.910  13  0.787   0.625 Y  0.570      SignalP-noTM
H4W82|H4W82_003398-T1      0.294  30  0.475  30  0.850  29  0.646   0.541 Y  0.450      SignalP-TM
H4W82|H4W82_003423-T1      0.273  33  0.453  18  0.983  17  0.947   0.685 Y  0.570      SignalP-noTM
H4W82|H4W82_003423-T1      0.490  33  0.602  33  0.966  17  0.836   0.693 Y  0.450      SignalP-TM
H4W82|H4W82_003424-T1      0.380  20  0.488  20  0.818   2  0.663   0.570 Y  0.570      SignalP-noTM
H4W82|H4W82_003430-T1      0.383  26  0.608  26  0.979  17  0.941   0.764 Y  0.570      SignalP-noTM
H4W82|H4W82_003430-T1      0.454  44  0.570  31  0.960  22  0.860   0.683 Y  0.450      SignalP-TM
H4W82|H4W82_003448-T1      0.320  19  0.410  19  0.615   4  0.540   0.460 Y  0.450      SignalP-TM
H4W82|H4W82_003448-T1      0.452  19  0.550  19  0.830  10  0.667   0.605 Y  0.570      SignalP-noTM
H4W82|H4W82_003449-T1      0.552  19  0.610  19  0.820  15  0.657   0.628 Y  0.450      SignalP-TM
H4W82|H4W82_003449-T1      0.680  19  0.789  19  0.958  16  0.897   0.840 Y  0.570      SignalP-noTM
H4W82|H4W82_003453-T1      0.482  23  0.471  23  0.588  21  0.449   0.462 Y  0.450      SignalP-TM
H4W82|H4W82_003455-T1      0.292  19  0.432  19  0.731  16  0.601   0.498 Y  0.450      SignalP-TM
H4W82|H4W82_003455-T1      0.349  19  0.493  19  0.786  17  0.664   0.574 Y  0.570      SignalP-noTM
H4W82|H4W82_003478-T1      0.387  19  0.613  19  0.991  17  0.956   0.774 Y  0.570      SignalP-noTM
H4W82|H4W82_003478-T1      0.530  55  0.600  28  0.987  17  0.921   0.725 Y  0.450      SignalP-TM
H4W82|H4W82_003520-T1      0.135  46  0.290  13  0.913   7  0.844   0.506 Y  0.450      SignalP-TM
H4W82|H4W82_003529-T1      0.209  30  0.337  19  0.910  17  0.849   0.537 Y  0.450      SignalP-TM
H4W82|H4W82_003529-T1      0.511  19  0.687  19  0.946  17  0.925   0.799 Y  0.570      SignalP-noTM
H4W82|H4W82_003544-T1      0.245  52  0.410  21  0.876   1  0.769   0.550 Y  0.450      SignalP-TM
H4W82|H4W82_003544-T1      0.616  21  0.745  21  0.948  11  0.914   0.824 Y  0.570      SignalP-noTM
H4W82|H4W82_003553-T1      0.494  21  0.613  21  0.863   1  0.784   0.680 Y  0.450      SignalP-TM
H4W82|H4W82_003553-T1      0.781  21  0.867  21  0.976  18  0.952   0.907 Y  0.570      SignalP-noTM
H4W82|H4W82_003571-T1      0.157  25  0.386  25  0.992  14  0.956   0.654 Y  0.570      SignalP-noTM
H4W82|H4W82_003571-T1      0.166  35  0.331  35  0.929   9  0.788   0.509 Y  0.450      SignalP-TM
H4W82|H4W82_003631-T1      0.135  23  0.304  23  0.832   4  0.720   0.466 Y  0.450      SignalP-TM
H4W82|H4W82_003631-T1      0.381  23  0.524  23  0.854   5  0.758   0.634 Y  0.570      SignalP-noTM
H4W82|H4W82_003658-T1      0.187  48  0.278  13  0.813   6  0.771   0.470 Y  0.450      SignalP-TM
H4W82|H4W82_003663-T1      0.340  19  0.502  19  0.870   1  0.753   0.620 Y  0.570      SignalP-noTM
H4W82|H4W82_003664-T1      0.218  38  0.364  27  0.885  10  0.703   0.496 Y  0.450      SignalP-TM
H4W82|H4W82_003674-T1      0.436  21  0.556  21  0.872   2  0.756   0.634 Y  0.450      SignalP-TM
H4W82|H4W82_003674-T1      0.552  21  0.635  21  0.887  17  0.761   0.694 Y  0.570      SignalP-noTM
H4W82|H4W82_003678-T1      0.230  20  0.435  20  0.903  17  0.825   0.618 Y  0.570      SignalP-noTM
H4W82|H4W82_003708-T1      0.269  32  0.458  19  0.985  15  0.961   0.654 Y  0.450      SignalP-TM
H4W82|H4W82_003708-T1      0.582  19  0.753  19  0.984  11  0.969   0.855 Y  0.570      SignalP-noTM
H4W82|H4W82_003725-T1      0.381  20  0.549  20  0.889  18  0.792   0.663 Y  0.570      SignalP-noTM
H4W82|H4W82_003725-T1      0.387  20  0.566  20  0.932  16  0.796   0.655 Y  0.450      SignalP-TM
H4W82|H4W82_003729-T1      0.123  17  0.313  17  0.892  15  0.754   0.485 Y  0.450      SignalP-TM
H4W82|H4W82_003743-T1      0.213  28  0.412  26  0.941  14  0.815   0.569 Y  0.450      SignalP-TM
H4W82|H4W82_003745-T1      0.368  18  0.539  18  0.894  16  0.769   0.647 Y  0.570      SignalP-noTM
H4W82|H4W82_003796-T1      0.211  27  0.356  27  0.830  23  0.636   0.465 Y  0.450      SignalP-TM
H4W82|H4W82_003803-T1      0.553  20  0.725  20  0.963  18  0.945   0.811 Y  0.450      SignalP-TM
H4W82|H4W82_003803-T1      0.723  20  0.830  20  0.972  18  0.950   0.887 Y  0.570      SignalP-noTM
H4W82|H4W82_003832-T1      0.321  22  0.455  22  0.787  15  0.643   0.528 Y  0.450      SignalP-TM
H4W82|H4W82_003886-T1      0.210  24  0.392  24  0.842  20  0.693   0.510 Y  0.450      SignalP-TM
H4W82|H4W82_003887-T1      0.134  26  0.291  18  0.919   8  0.792   0.486 Y  0.450      SignalP-TM
H4W82|H4W82_003901-T1      0.161  20  0.377  20  0.943  18  0.859   0.565 Y  0.450      SignalP-TM
H4W82|H4W82_003901-T1      0.224  20  0.460  20  0.981  18  0.937   0.684 Y  0.570      SignalP-noTM
H4W82|H4W82_003902-T1      0.285  24  0.474  24  0.868  21  0.752   0.582 Y  0.450      SignalP-TM
H4W82|H4W82_003902-T1      0.320  22  0.501  22  0.874   1  0.786   0.635 Y  0.570      SignalP-noTM
H4W82|H4W82_003947-T1      0.254  23  0.453  23  0.890  16  0.822   0.627 Y  0.570      SignalP-noTM
H4W82|H4W82_003960-T1      0.374  22  0.577  22  0.961  16  0.905   0.731 Y  0.570      SignalP-noTM
H4W82|H4W82_003974-T1      0.143  19  0.326  19  0.905  15  0.748   0.491 Y  0.450      SignalP-TM
H4W82|H4W82_003982-T1      0.343  24  0.522  24  0.872  15  0.785   0.624 Y  0.450      SignalP-TM
H4W82|H4W82_003982-T1      0.733  24  0.684  24  0.833   6  0.696   0.690 Y  0.570      SignalP-noTM
H4W82|H4W82_003993-T1      0.529  19  0.607  19  0.841  17  0.720   0.651 Y  0.450      SignalP-TM
H4W82|H4W82_003993-T1      0.720  19  0.779  19  0.875  17  0.848   0.805 Y  0.510      SignalP-TM
H4W82|H4W82_003996-T1      0.677  21  0.722  21  0.879  17  0.743   0.730 Y  0.450      SignalP-TM
H4W82|H4W82_003996-T1      0.873  21  0.846  21  0.906  17  0.801   0.830 Y  0.510      SignalP-TM
H4W82|H4W82_004031-T1      0.242  44  0.301  16  0.819   6  0.752   0.477 Y  0.450      SignalP-TM
H4W82|H4W82_004055-T1      0.299  39  0.424  22  0.952  15  0.880   0.602 Y  0.450      SignalP-TM
H4W82|H4W82_004055-T1      0.464  39  0.621  21  0.980  19  0.953   0.777 Y  0.570      SignalP-noTM
H4W82|H4W82_004061-T1      0.274  24  0.482  24  0.919  16  0.827   0.617 Y  0.450      SignalP-TM
H4W82|H4W82_004062-T1      0.174  22  0.358  22  0.854   8  0.757   0.514 Y  0.450      SignalP-TM
H4W82|H4W82_004107-T1      0.246  29  0.462  29  0.958  24  0.815   0.600 Y  0.450      SignalP-TM
H4W82|H4W82_004107-T1      0.512  26  0.686  26  0.950   6  0.916   0.794 Y  0.570      SignalP-noTM
H4W82|H4W82_004138-T1      0.124  27  0.304  18  0.929   6  0.875   0.527 Y  0.450      SignalP-TM
H4W82|H4W82_004140-T1      0.571  40  0.494  40  0.873   6  0.595   0.534 Y  0.450      SignalP-TM
H4W82|H4W82_004149-T1      0.226  23  0.369  23  0.750  12  0.597   0.458 Y  0.450      SignalP-TM
H4W82|H4W82_004227-T1      0.402  27  0.443  27  0.673  24  0.484   0.459 Y  0.450      SignalP-TM
H4W82|H4W82_004242-T1      0.381  21  0.590  21  0.952  19  0.910   0.740 Y  0.570      SignalP-noTM
H4W82|H4W82_004242-T1      0.486  21  0.646  21  0.935   5  0.875   0.735 Y  0.450      SignalP-TM
H4W82|H4W82_004244-T1      0.334  26  0.437  26  0.761  12  0.616   0.507 Y  0.450      SignalP-TM
H4W82|H4W82_004252-T1      0.277  22  0.420  22  0.923  20  0.618   0.497 Y  0.450      SignalP-TM
H4W82|H4W82_004269-T1      0.495  28  0.599  28  0.988   9  0.856   0.720 Y  0.570      SignalP-noTM
H4W82|H4W82_004269-T1      0.542  28  0.706  28  0.976  16  0.921   0.789 Y  0.450      SignalP-TM
H4W82|H4W82_004279-T1      0.558  24  0.723  24  0.966  18  0.911   0.796 Y  0.450      SignalP-TM
H4W82|H4W82_004279-T1      0.615  24  0.757  24  0.985  10  0.943   0.844 Y  0.570      SignalP-noTM
H4W82|H4W82_004290-T1      0.141  32  0.298  13  0.797  13  0.700   0.455 Y  0.450      SignalP-TM
H4W82|H4W82_004313-T1      0.173  28  0.324  20  0.813   9  0.706   0.473 Y  0.450      SignalP-TM
H4W82|H4W82_004313-T1      0.563  20  0.698  20  0.923  17  0.876   0.782 Y  0.570      SignalP-noTM
H4W82|H4W82_004326-T1      0.346  22  0.477  22  0.802  19  0.616   0.531 Y  0.450      SignalP-TM
H4W82|H4W82_004349-T1      0.163  24  0.333  24  0.906   5  0.760   0.499 Y  0.450      SignalP-TM
H4W82|H4W82_004349-T1      0.292  19  0.514  19  0.963  10  0.913   0.702 Y  0.570      SignalP-noTM
H4W82|H4W82_004350-T1      0.176  22  0.389  22  0.967  10  0.893   0.626 Y  0.570      SignalP-noTM
H4W82|H4W82_004350-T1      0.246  28  0.410  28  0.946   4  0.801   0.563 Y  0.450      SignalP-TM
H4W82|H4W82_004366-T1      0.202  28  0.357  21  0.946  10  0.878   0.602 Y  0.570      SignalP-noTM
H4W82|H4W82_004366-T1      0.276  25  0.398  25  0.916   1  0.671   0.504 Y  0.450      SignalP-TM
H4W82|H4W82_004390-T1      0.425  25  0.445  25  0.813   9  0.569   0.493 Y  0.450      SignalP-TM
H4W82|H4W82_004437-T1      0.227  23  0.439  23  0.919  18  0.817   0.586 Y  0.450      SignalP-TM
H4W82|H4W82_004437-T1      0.505  23  0.635  23  0.895   2  0.817   0.720 Y  0.570      SignalP-noTM
H4W82|H4W82_004444-T1      0.345  18  0.544  18  0.959  14  0.820   0.674 Y  0.570      SignalP-noTM
H4W82|H4W82_004460-T1      0.118  21  0.300  21  0.882  15  0.751   0.476 Y  0.450      SignalP-TM
H4W82|H4W82_004536-T1      0.153  19  0.351  19  0.921   1  0.823   0.573 Y  0.570      SignalP-noTM
H4W82|H4W82_004544-T1      0.231  48  0.416  31  0.926  20  0.775   0.556 Y  0.450      SignalP-TM
H4W82|H4W82_004544-T1      0.290  24  0.451  24  0.858   4  0.763   0.598 Y  0.570      SignalP-noTM
H4W82|H4W82_004547-T1      0.158  15  0.339  15  0.790  14  0.728   0.491 Y  0.450      SignalP-TM
H4W82|H4W82_004547-T1      0.260  20  0.455  20  0.901  14  0.801   0.617 Y  0.570      SignalP-noTM
H4W82|H4W82_004548-T1      0.591  23  0.618  23  0.859  11  0.710   0.662 Y  0.570      SignalP-noTM
H4W82|H4W82_004548-T1      0.706  23  0.744  23  0.841   9  0.791   0.762 Y  0.450      SignalP-TM
H4W82|H4W82_004578-T1      0.346  49  0.435  23  0.893  19  0.753   0.559 Y  0.450      SignalP-TM
H4W82|H4W82_004590-T1      0.135  36  0.331  36  0.871  26  0.737   0.489 Y  0.450      SignalP-TM
H4W82|H4W82_004597-T1      0.376  20  0.515  20  0.812   3  0.732   0.599 Y  0.450      SignalP-TM
H4W82|H4W82_004616-T1      0.346  63  0.346  27  0.906   9  0.785   0.518 Y  0.450      SignalP-TM
H4W82|H4W82_004621-T1      0.531  25  0.607  25  0.794  20  0.712   0.648 Y  0.450      SignalP-TM
H4W82|H4W82_004621-T1      0.745  23  0.812  23  0.940   8  0.896   0.852 Y  0.570      SignalP-noTM
H4W82|H4W82_004628-T1      0.253  24  0.400  24  0.813  17  0.673   0.507 Y  0.450      SignalP-TM
H4W82|H4W82_004631-T1      0.447  19  0.505  19  0.672   1  0.600   0.540 Y  0.510      SignalP-TM
H4W82|H4W82_004655-T1      0.271  17  0.464  17  0.880   1  0.812   0.628 Y  0.570      SignalP-noTM
H4W82|H4W82_004655-T1      0.326  17  0.515  17  0.866   5  0.817   0.633 Y  0.450      SignalP-TM
H4W82|H4W82_004656-T1      0.316  25  0.516  25  0.958  18  0.852   0.647 Y  0.450      SignalP-TM
H4W82|H4W82_004656-T1      0.579  25  0.702  25  0.976  18  0.889   0.790 Y  0.570      SignalP-noTM
H4W82|H4W82_004685-T1      0.258  58  0.288  20  0.931  12  0.813   0.493 Y  0.450      SignalP-TM
H4W82|H4W82_004689-T1      0.180  34  0.344  34  0.902  17  0.776   0.512 Y  0.450      SignalP-TM
H4W82|H4W82_004705-T1      0.175  19  0.336  19  0.784   2  0.673   0.467 Y  0.450      SignalP-TM
H4W82|H4W82_004732-T1      0.199  30  0.374  24  0.879   5  0.828   0.551 Y  0.450      SignalP-TM
H4W82|H4W82_004732-T1      0.443  21  0.635  21  0.943  15  0.913   0.766 Y  0.570      SignalP-noTM
H4W82|H4W82_004771-T1      0.365  20  0.483  20  0.764   3  0.671   0.557 Y  0.450      SignalP-TM
H4W82|H4W82_004771-T1      0.681  20  0.668  20  0.863  12  0.674   0.671 Y  0.570      SignalP-noTM
H4W82|H4W82_004773-T1      0.452  23  0.653  23  0.957  22  0.924   0.759 Y  0.450      SignalP-TM
H4W82|H4W82_004773-T1      0.894  23  0.924  23  0.982  10  0.955   0.938 Y  0.570      SignalP-noTM
H4W82|H4W82_004793-T1      0.557  20  0.680  20  0.930   4  0.854   0.748 Y  0.450      SignalP-TM
H4W82|H4W82_004793-T1      0.766  20  0.851  20  0.968  19  0.941   0.894 Y  0.570      SignalP-noTM
H4W82|H4W82_004794-T1      0.521  19  0.673  19  0.912  18  0.854   0.758 Y  0.570      SignalP-noTM
H4W82|H4W82_004818-T1      0.299  28  0.420  28  0.800  17  0.567   0.477 Y  0.450      SignalP-TM
H4W82|H4W82_004856-T1      0.552  28  0.584  28  0.791   1  0.680   0.622 Y  0.450      SignalP-TM
H4W82|H4W82_004879-T1      0.351  37  0.472  21  0.891  17  0.668   0.548 Y  0.450      SignalP-TM
H4W82|H4W82_004879-T1      0.498  21  0.626  21  0.915  20  0.747   0.683 Y  0.570      SignalP-noTM
H4W82|H4W82_004900-T1      0.293  21  0.500  21  0.904   8  0.865   0.642 Y  0.450      SignalP-TM
H4W82|H4W82_004900-T1      0.490  21  0.606  21  0.892   2  0.796   0.677 Y  0.510      SignalP-TM
H4W82|H4W82_004905-T1      0.315  23  0.433  23  0.748  11  0.585   0.492 Y  0.450      SignalP-TM
H4W82|H4W82_004906-T1      0.471  25  0.671  25  0.971  20  0.891   0.757 Y  0.450      SignalP-TM
H4W82|H4W82_004906-T1      0.584  25  0.757  25  0.988  14  0.967   0.856 Y  0.570      SignalP-noTM
H4W82|H4W82_004914-T1      0.136  41  0.311  19  0.903  12  0.821   0.510 Y  0.450      SignalP-TM
H4W82|H4W82_004927-T1      0.209  20  0.371  20  0.790   9  0.634   0.474 Y  0.450      SignalP-TM
H4W82|H4W82_004993-T1      0.195  24  0.396  24  0.905   4  0.834   0.602 Y  0.570      SignalP-noTM
H4W82|H4W82_004993-T1      0.299  32  0.382  32  0.823  19  0.613   0.472 Y  0.450      SignalP-TM
H4W82|H4W82_004994-T1      0.255  25  0.404  25  0.771   8  0.659   0.503 Y  0.450      SignalP-TM
H4W82|H4W82_004994-T1      0.784  25  0.844  25  0.944  23  0.894   0.867 Y  0.570      SignalP-noTM
H4W82|H4W82_005000-T1      0.137  60  0.270  14  0.825   8  0.734   0.451 Y  0.450      SignalP-TM
H4W82|H4W82_005019-T1      0.314  25  0.490  25  0.842  20  0.691   0.569 Y  0.450      SignalP-TM
H4W82|H4W82_005045-T1      0.187  34  0.320  17  0.962   6  0.840   0.523 Y  0.450      SignalP-TM
H4W82|H4W82_005087-T1      0.194  21  0.393  21  0.878   1  0.795   0.550 Y  0.450      SignalP-TM
H4W82|H4W82_005092-T1      0.180  31  0.295  16  0.923   6  0.857   0.514 Y  0.450      SignalP-TM
H4W82|H4W82_005096-T1      0.407  26  0.490  26  0.803  12  0.657   0.555 Y  0.450      SignalP-TM
H4W82|H4W82_005096-T1      0.750  26  0.838  26  0.988  12  0.947   0.889 Y  0.570      SignalP-noTM
H4W82|H4W82_005115-T1      0.292  18  0.400  18  0.634   1  0.564   0.464 Y  0.450      SignalP-TM
H4W82|H4W82_005148-T1      0.242  25  0.475  25  0.972  18  0.905   0.643 Y  0.450      SignalP-TM
H4W82|H4W82_005148-T1      0.477  20  0.677  20  0.972  18  0.956   0.808 Y  0.570      SignalP-noTM
H4W82|H4W82_005155-T1      0.328  37  0.503  37  0.954  25  0.764   0.605 Y  0.450      SignalP-TM
H4W82|H4W82_005155-T1      0.510  32  0.673  32  0.958  19  0.794   0.730 Y  0.570      SignalP-noTM
H4W82|H4W82_005201-T1      0.355  29  0.425  29  0.680   4  0.541   0.471 Y  0.450      SignalP-TM
H4W82|H4W82_005227-T1      0.207  20  0.407  20  0.872  12  0.727   0.531 Y  0.450      SignalP-TM
H4W82|H4W82_005227-T1      0.775  20  0.838  20  0.945  18  0.877   0.856 Y  0.570      SignalP-noTM
H4W82|H4W82_005237-T1      0.485  31  0.619  20  0.958  17  0.905   0.731 Y  0.450      SignalP-TM
H4W82|H4W82_005237-T1      0.632  20  0.760  20  0.946  17  0.908   0.830 Y  0.570      SignalP-noTM
H4W82|H4W82_005258-T1      0.353  21  0.474  21  0.823  19  0.613   0.528 Y  0.450      SignalP-TM
H4W82|H4W82_005258-T1      0.488  21  0.561  21  0.814   1  0.686   0.620 Y  0.570      SignalP-noTM
H4W82|H4W82_005259-T1      0.338  29  0.514  22  0.923  19  0.865   0.651 Y  0.450      SignalP-TM
H4W82|H4W82_005259-T1      0.593  23  0.729  23  0.957   6  0.916   0.817 Y  0.570      SignalP-noTM
H4W82|H4W82_005263-T1      0.325  26  0.506  19  0.946   8  0.895   0.689 Y  0.570      SignalP-noTM
H4W82|H4W82_005263-T1      0.368  26  0.538  26  0.883   1  0.805   0.642 Y  0.450      SignalP-TM
H4W82|H4W82_005272-T1      0.224  29  0.341  19  0.822  10  0.748   0.500 Y  0.450      SignalP-TM
H4W82|H4W82_005272-T1      0.739  19  0.835  19  0.963  13  0.929   0.879 Y  0.570      SignalP-noTM
H4W82|H4W82_005276-T1      0.198  22  0.367  20  0.758  12  0.651   0.478 Y  0.450      SignalP-TM
H4W82|H4W82_005282-T1      0.168  17  0.389  17  0.933   1  0.905   0.632 Y  0.570      SignalP-noTM
H4W82|H4W82_005282-T1      0.399  28  0.499  28  0.894   4  0.745   0.595 Y  0.450      SignalP-TM
H4W82|H4W82_005297-T1      0.179  21  0.324  21  0.830   2  0.663   0.456 Y  0.450      SignalP-TM
H4W82|H4W82_005356-T1      0.267  27  0.430  25  0.824  22  0.656   0.518 Y  0.450      SignalP-TM
H4W82|H4W82_005356-T1      0.470  25  0.564  25  0.806   1  0.669   0.613 Y  0.570      SignalP-noTM
H4W82|H4W82_005376-T1      0.173  24  0.333  24  0.832  19  0.693   0.473 Y  0.450      SignalP-TM
H4W82|H4W82_005376-T1      0.383  24  0.558  24  0.944  19  0.833   0.687 Y  0.570      SignalP-noTM
H4W82|H4W82_005377-T1      0.406  22  0.586  22  0.907  18  0.839   0.705 Y  0.570      SignalP-noTM
H4W82|H4W82_005377-T1      0.469  22  0.585  22  0.814  12  0.716   0.636 Y  0.450      SignalP-TM
H4W82|H4W82_005416-T1      0.575  30  0.681  30  0.961   9  0.870   0.755 Y  0.450      SignalP-TM
H4W82|H4W82_005416-T1      0.818  22  0.876  22  0.955  16  0.934   0.903 Y  0.570      SignalP-noTM
H4W82|H4W82_005421-T1      0.236  21  0.359  21  0.720   2  0.593   0.450 Y  0.450      SignalP-TM
H4W82|H4W82_005428-T1      0.193  31  0.275  15  0.833   8  0.751   0.461 Y  0.450      SignalP-TM
H4W82|H4W82_005440-T1      0.170  67  0.311  20  0.865   9  0.714   0.468 Y  0.450      SignalP-TM
H4W82|H4W82_005457-T1      0.317  22  0.536  22  0.963  15  0.906   0.680 Y  0.450      SignalP-TM
H4W82|H4W82_005457-T1      0.568  22  0.713  22  0.964  18  0.913   0.807 Y  0.570      SignalP-noTM
H4W82|H4W82_005481-T1      0.279  40  0.308  18  0.848   9  0.803   0.501 Y  0.450      SignalP-TM
H4W82|H4W82_005485-T1      0.313  34  0.470  25  0.846  13  0.773   0.613 Y  0.570      SignalP-noTM
H4W82|H4W82_005485-T1      0.352  34  0.458  34  0.919  11  0.720   0.560 Y  0.450      SignalP-TM
H4W82|H4W82_005502-T1      0.432  19  0.502  19  0.882   2  0.644   0.557 Y  0.450      SignalP-TM
H4W82|H4W82_005502-T1      0.813  19  0.832  19  0.931  15  0.848   0.839 Y  0.570      SignalP-noTM
H4W82|H4W82_005505-T1      0.636  25  0.681  25  0.936   9  0.822   0.747 Y  0.570      SignalP-noTM
H4W82|H4W82_005505-T1      0.643  25  0.692  25  0.829   6  0.757   0.717 Y  0.450      SignalP-TM
H4W82|H4W82_005506-T1      0.233  20  0.455  20  0.931  12  0.891   0.660 Y  0.570      SignalP-noTM
H4W82|H4W82_005506-T1      0.317  31  0.422  31  0.908  15  0.717   0.537 Y  0.450      SignalP-TM
H4W82|H4W82_005511-T1      0.195  26  0.363  20  0.872   1  0.742   0.511 Y  0.450      SignalP-TM
H4W82|H4W82_005511-T1      0.469  20  0.622  20  0.917   2  0.851   0.729 Y  0.570      SignalP-noTM
H4W82|H4W82_005512-T1      0.213  56  0.331  19  0.908   1  0.815   0.519 Y  0.450      SignalP-TM
H4W82|H4W82_005512-T1      0.371  19  0.556  19  0.931   1  0.849   0.694 Y  0.570      SignalP-noTM
H4W82|H4W82_005516-T1      0.538  21  0.550  21  0.647   1  0.565   0.556 Y  0.450      SignalP-TM
H4W82|H4W82_005516-T1      0.834  21  0.832  21  0.889   1  0.838   0.835 Y  0.570      SignalP-noTM
H4W82|H4W82_005524-T1      0.344  22  0.490  22  0.824   1  0.731   0.584 Y  0.450      SignalP-TM
H4W82|H4W82_005524-T1      0.521  22  0.588  22  0.852   2  0.709   0.645 Y  0.570      SignalP-noTM
H4W82|H4W82_005532-T1      0.135  63  0.313  18  0.843  13  0.754   0.485 Y  0.450      SignalP-TM
H4W82|H4W82_005544-T1      0.260  18  0.456  18  0.942  16  0.801   0.591 Y  0.450      SignalP-TM
H4W82|H4W82_005544-T1      0.500  18  0.677  18  0.955  17  0.898   0.781 Y  0.570      SignalP-noTM
H4W82|H4W82_005551-T1      0.515  26  0.660  26  0.935  25  0.639   0.652 Y  0.450      SignalP-TM
H4W82|H4W82_005551-T1      0.703  26  0.817  26  0.961  15  0.883   0.848 Y  0.570      SignalP-noTM
H4W82|H4W82_005617-T1      0.545  21  0.721  21  0.976  16  0.932   0.804 Y  0.450      SignalP-TM
H4W82|H4W82_005617-T1      0.863  21  0.916  21  0.983  17  0.962   0.938 Y  0.570      SignalP-noTM
H4W82|H4W82_005652-T1      0.202  21  0.345  21  0.776   4  0.637   0.459 Y  0.450      SignalP-TM
H4W82|H4W82_005654-T1      0.386  24  0.472  24  0.829   1  0.652   0.542 Y  0.450      SignalP-TM
H4W82|H4W82_005671-T1      0.414  22  0.460  22  0.598   1  0.512   0.480 Y  0.450      SignalP-TM
H4W82|H4W82_005673-T1      0.593  25  0.536  25  0.617  23  0.487   0.517 Y  0.450      SignalP-TM
H4W82|H4W82_005695-T1      0.353  19  0.518  19  0.913  18  0.725   0.599 Y  0.450      SignalP-TM
H4W82|H4W82_005695-T1      0.521  19  0.668  19  0.913  18  0.859   0.758 Y  0.570      SignalP-noTM
H4W82|H4W82_005703-T1      0.279  18  0.483  18  0.895  10  0.835   0.649 Y  0.570      SignalP-noTM
H4W82|H4W82_005711-T1      0.382  51  0.491  23  0.943  17  0.868   0.638 Y  0.450      SignalP-TM
H4W82|H4W82_005711-T1      0.734  19  0.837  19  0.972   9  0.945   0.888 Y  0.570      SignalP-noTM
H4W82|H4W82_005756-T1      0.255  50  0.433  21  0.947  16  0.877   0.606 Y  0.450      SignalP-TM
H4W82|H4W82_005756-T1      0.357  21  0.572  21  0.963  13  0.918   0.735 Y  0.570      SignalP-noTM
H4W82|H4W82_005779-T1      0.564  20  0.509  20  0.683  19  0.457   0.489 Y  0.450      SignalP-TM
H4W82|H4W82_005779-T1      0.722  20  0.696  20  0.862  19  0.705   0.700 Y  0.570      SignalP-noTM
H4W82|H4W82_005792-T1      0.393  29  0.508  29  0.842  21  0.639   0.556 Y  0.510      SignalP-TM
H4W82|H4W82_005792-T1      0.458  29  0.588  29  0.829  21  0.718   0.639 Y  0.450      SignalP-TM
H4W82|H4W82_005796-T1      0.329  21  0.544  21  0.961  19  0.889   0.678 Y  0.450      SignalP-TM
H4W82|H4W82_005796-T1      0.479  21  0.655  21  0.933   7  0.898   0.769 Y  0.570      SignalP-noTM
H4W82|H4W82_005799-T1      0.281  30  0.407  30  0.950  17  0.748   0.540 Y  0.450      SignalP-TM
H4W82|H4W82_005799-T1      0.508  20  0.678  20  0.944  16  0.909   0.787 Y  0.570      SignalP-noTM
H4W82|H4W82_005829-T1      0.138  18  0.334  16  0.904  11  0.840   0.572 Y  0.570      SignalP-noTM
H4W82|H4W82_005842-T1      0.277  18  0.429  18  0.875  16  0.612   0.501 Y  0.450      SignalP-TM
H4W82|H4W82_005865-T1      0.265  23  0.443  23  0.964  10  0.832   0.626 Y  0.570      SignalP-noTM
H4W82|H4W82_005865-T1      0.321  23  0.471  23  0.921   5  0.775   0.589 Y  0.450      SignalP-TM
H4W82|H4W82_005871-T1      0.610  22  0.686  22  0.899  13  0.786   0.733 Y  0.570      SignalP-noTM
H4W82|H4W82_005871-T1      0.695  22  0.729  22  0.885  19  0.714   0.723 Y  0.450      SignalP-TM
H4W82|H4W82_005891-T1      0.162  19  0.390  19  0.963  12  0.930   0.644 Y  0.570      SignalP-noTM
H4W82|H4W82_005891-T1      0.227  29  0.375  29  0.892  17  0.707   0.505 Y  0.450      SignalP-TM
H4W82|H4W82_005936-T1      0.172  23  0.330  17  0.819   3  0.707   0.477 Y  0.450      SignalP-TM
H4W82|H4W82_005936-T1      0.368  55  0.413  17  0.910  14  0.775   0.583 Y  0.570      SignalP-noTM
H4W82|H4W82_005971-T1      0.457  20  0.567  20  0.888  18  0.739   0.648 Y  0.570      SignalP-noTM
H4W82|H4W82_005977-T1      0.233  22  0.458  22  0.950  21  0.904   0.667 Y  0.570      SignalP-noTM
H4W82|H4W82_005977-T1      0.299  23  0.511  23  0.941  20  0.839   0.639 Y  0.450      SignalP-TM
H4W82|H4W82_005984-T1      0.266  30  0.426  30  0.905  14  0.766   0.558 Y  0.450      SignalP-TM
H4W82|H4W82_006023-T1      0.638  30  0.544  30  0.922   9  0.687   0.612 Y  0.570      SignalP-noTM
H4W82|H4W82_006023-T1      0.798  30  0.679  30  0.919  10  0.724   0.697 Y  0.450      SignalP-TM
H4W82|H4W82_006046-T1      0.180  15  0.371  15  0.803   4  0.761   0.523 Y  0.450      SignalP-TM
H4W82|H4W82_006046-T1      0.349  21  0.526  21  0.891  12  0.806   0.657 Y  0.570      SignalP-noTM
H4W82|H4W82_006051-T1      0.215  18  0.362  18  0.723   1  0.620   0.463 Y  0.450      SignalP-TM
H4W82|H4W82_006051-T1      0.392  18  0.569  18  0.868  14  0.826   0.689 Y  0.570      SignalP-noTM
H4W82|H4W82_006058-T1      0.341  22  0.509  22  0.849  13  0.758   0.606 Y  0.450      SignalP-TM
H4W82|H4W82_006058-T1      0.414  22  0.524  22  0.848   1  0.713   0.613 Y  0.570      SignalP-noTM
H4W82|H4W82_006061-T1      0.398  23  0.584  23  0.953   9  0.891   0.728 Y  0.570      SignalP-noTM
H4W82|H4W82_006061-T1      0.522  23  0.653  23  0.894  18  0.822   0.719 Y  0.450      SignalP-TM
H4W82|H4W82_006064-T1      0.123  28  0.271  14  0.826   8  0.731   0.450 Y  0.450      SignalP-TM
H4W82|H4W82_006079-T1      0.303  22  0.448  22  0.879   1  0.729   0.580 Y  0.570      SignalP-noTM
H4W82|H4W82_006135-T1      0.166  18  0.328  18  0.761   8  0.665   0.460 Y  0.450      SignalP-TM
H4W82|H4W82_006146-T1      0.329  52  0.354  25  0.778  12  0.675   0.479 Y  0.450      SignalP-TM
H4W82|H4W82_006149-T1      0.359  23  0.457  23  0.772  16  0.538   0.488 Y  0.450      SignalP-TM
H4W82|H4W82_006219-T1      0.495  20  0.655  20  0.943  16  0.857   0.734 Y  0.450      SignalP-TM
H4W82|H4W82_006219-T1      0.728  20  0.808  20  0.939  18  0.892   0.848 Y  0.570      SignalP-noTM
H4W82|H4W82_006229-T1      0.500  18  0.662  18  0.951  14  0.856   0.753 Y  0.570      SignalP-noTM
H4W82|H4W82_006234-T1      0.152  30  0.286  18  0.895  11  0.808   0.490 Y  0.450      SignalP-TM
H4W82|H4W82_006240-T1      0.446  20  0.564  20  0.855   3  0.754   0.638 Y  0.450      SignalP-TM
H4W82|H4W82_006240-T1      0.649  20  0.798  20  0.988  17  0.967   0.878 Y  0.570      SignalP-noTM
H4W82|H4W82_006289-T1      0.267  20  0.432  20  0.789   4  0.715   0.542 Y  0.450      SignalP-TM
H4W82|H4W82_006301-T1      0.160  49  0.301  18  0.776   8  0.702   0.458 Y  0.450      SignalP-TM
H4W82|H4W82_006302-T1      0.173  25  0.346  25  0.793  23  0.655   0.467 Y  0.450      SignalP-TM
H4W82|H4W82_006307-T1      0.175  29  0.275  12  0.851   9  0.777   0.471 Y  0.450      SignalP-TM
H4W82|H4W82_006360-T1      0.495  24  0.458  24  0.724   4  0.523   0.483 Y  0.450      SignalP-TM
H4W82|H4W82_006367-T1      0.287  22  0.512  22  0.961  15  0.918   0.670 Y  0.450      SignalP-TM
H4W82|H4W82_006367-T1      0.519  22  0.684  22  0.970  18  0.918   0.794 Y  0.570      SignalP-noTM
H4W82|H4W82_006377-T1      0.468  22  0.559  22  0.854   2  0.726   0.637 Y  0.570      SignalP-noTM
H4W82|H4W82_006377-T1      0.598  22  0.724  22  0.953  16  0.824   0.763 Y  0.450      SignalP-TM
H4W82|H4W82_006393-T1      0.162  58  0.275  13  0.784   7  0.731   0.453 Y  0.450      SignalP-TM
H4W82|H4W82_006436-T1      0.308  24  0.496  24  0.861  20  0.803   0.615 Y  0.450      SignalP-TM
H4W82|H4W82_006436-T1      0.699  24  0.788  24  0.950  17  0.898   0.840 Y  0.570      SignalP-noTM
H4W82|H4W82_006450-T1      0.181  55  0.288  12  0.885   7  0.837   0.502 Y  0.450      SignalP-TM
H4W82|H4W82_006454-T1      0.319  26  0.442  26  0.867  11  0.726   0.553 Y  0.450      SignalP-TM
H4W82|H4W82_006473-T1      0.222  20  0.406  20  0.855   3  0.774   0.550 Y  0.450      SignalP-TM
H4W82|H4W82_006473-T1      0.839  20  0.849  20  0.917   2  0.878   0.863 Y  0.570      SignalP-noTM
H4W82|H4W82_006496-T1      0.250  18  0.434  18  0.815  10  0.714   0.543 Y  0.450      SignalP-TM
H4W82|H4W82_006507-T1      0.489  19  0.631  19  0.897   1  0.829   0.709 Y  0.450      SignalP-TM
H4W82|H4W82_006507-T1      0.820  19  0.836  19  0.901  12  0.852   0.843 Y  0.570      SignalP-noTM
H4W82|H4W82_006508-T1      0.142  20  0.324  20  0.879  16  0.761   0.494 Y  0.450      SignalP-TM
H4W82|H4W82_006508-T1      0.212  18  0.434  18  0.951  17  0.873   0.640 Y  0.570      SignalP-noTM
H4W82|H4W82_006515-T1      0.160  25  0.307  23  0.859   2  0.701   0.460 Y  0.450      SignalP-TM
H4W82|H4W82_006524-T1      0.314  27  0.473  27  0.832  10  0.705   0.563 Y  0.450      SignalP-TM
H4W82|H4W82_006524-T1      0.614  27  0.686  27  0.844  18  0.768   0.725 Y  0.570      SignalP-noTM
H4W82|H4W82_006525-T1      0.262  27  0.389  21  0.813  17  0.663   0.496 Y  0.450      SignalP-TM
H4W82|H4W82_006533-T1      0.220  28  0.366  19  0.890   1  0.813   0.541 Y  0.450      SignalP-TM
H4W82|H4W82_006533-T1      0.267  21  0.460  21  0.920  10  0.816   0.628 Y  0.570      SignalP-noTM
H4W82|H4W82_006537-T1      0.360  26  0.575  26  0.968  19  0.892   0.699 Y  0.450      SignalP-TM
H4W82|H4W82_006537-T1      0.452  20  0.647  20  0.962  18  0.913   0.772 Y  0.570      SignalP-noTM
H4W82|H4W82_006559-T1      0.147  27  0.308  27  0.873   9  0.722   0.469 Y  0.450      SignalP-TM
H4W82|H4W82_006615-T1      0.137  31  0.297  21  0.896   4  0.787   0.488 Y  0.450      SignalP-TM
H4W82|H4W82_006655-T1      0.222  19  0.418  19  0.875  18  0.748   0.547 Y  0.450      SignalP-TM
H4W82|H4W82_006655-T1      0.521  19  0.685  19  0.939  15  0.885   0.779 Y  0.570      SignalP-noTM
H4W82|H4W82_006656-T1      0.189  31  0.386  21  0.933  18  0.787   0.542 Y  0.450      SignalP-TM
H4W82|H4W82_006656-T1      0.320  19  0.540  19  0.947   9  0.915   0.717 Y  0.570      SignalP-noTM
H4W82|H4W82_006657-T1      0.765  24  0.850  24  0.970  10  0.936   0.890 Y  0.570      SignalP-noTM
H4W82|H4W82_006657-T1      0.784  31  0.822  31  0.971  14  0.895   0.850 Y  0.450      SignalP-TM
H4W82|H4W82_006666-T1      0.132  40  0.310  32  0.919  22  0.808   0.504 Y  0.450      SignalP-TM
H4W82|H4W82_006671-T1      0.131  26  0.282  17  0.838   7  0.769   0.472 Y  0.450      SignalP-TM
H4W82|H4W82_006688-T1      0.191  50  0.292  12  0.830   7  0.750   0.471 Y  0.450      SignalP-TM
H4W82|H4W82_006732-T1      0.183  31  0.389  31  0.927  25  0.674   0.500 Y  0.450      SignalP-TM
H4W82|H4W82_006733-T1      0.258  24  0.411  24  0.947  10  0.777   0.583 Y  0.570      SignalP-noTM
H4W82|H4W82_006733-T1      0.261  24  0.411  24  0.775   9  0.667   0.511 Y  0.450      SignalP-TM
H4W82|H4W82_006734-T1      0.166  25  0.315  25  0.815   7  0.671   0.454 Y  0.450      SignalP-TM
H4W82|H4W82_006761-T1      0.172  21  0.346  21  0.819  17  0.684   0.478 Y  0.450      SignalP-TM
H4W82|H4W82_006797-T1      0.128  20  0.317  20  0.830  15  0.765   0.492 Y  0.450      SignalP-TM
H4W82|H4W82_006847-T1      0.211  28  0.389  28  0.898  11  0.761   0.534 Y  0.450      SignalP-TM
H4W82|H4W82_006854-T1      0.264  22  0.439  22  0.823  15  0.729   0.552 Y  0.450      SignalP-TM
H4W82|H4W82_006854-T1      0.307  22  0.493  22  0.911   4  0.834   0.653 Y  0.570      SignalP-noTM
H4W82|H4W82_006860-T1      0.352  28  0.510  28  0.889  21  0.778   0.615 Y  0.450      SignalP-TM
H4W82|H4W82_006868-T1      0.593  21  0.673  21  0.946  18  0.749   0.703 Y  0.450      SignalP-TM
H4W82|H4W82_006868-T1      0.816  21  0.828  21  0.875  16  0.803   0.819 Y  0.510      SignalP-TM
H4W82|H4W82_006897-T1      0.192  23  0.347  23  0.821   9  0.652   0.466 Y  0.450      SignalP-TM
H4W82|H4W82_006908-T1      0.199  19  0.402  19  0.875  18  0.799   0.588 Y  0.570      SignalP-noTM
H4W82|H4W82_006908-T1      0.215  19  0.387  19  0.955  18  0.680   0.501 Y  0.450      SignalP-TM
H4W82|H4W82_006913-T1      0.278  19  0.470  19  0.844  15  0.803   0.627 Y  0.570      SignalP-noTM
H4W82|H4W82_006938-T1      0.382  18  0.467  18  0.814   4  0.612   0.523 Y  0.450      SignalP-TM
H4W82|H4W82_006938-T1      0.544  18  0.546  18  0.714   2  0.588   0.561 Y  0.510      SignalP-TM
H4W82|H4W82_007000-T1      0.356  20  0.494  20  0.846  12  0.695   0.589 Y  0.570      SignalP-noTM
H4W82|H4W82_007020-T1      0.179  29  0.317  26  0.827   7  0.694   0.464 Y  0.450      SignalP-TM
H4W82|H4W82_007020-T1      0.248  27  0.485  19  0.967  11  0.950   0.704 Y  0.570      SignalP-noTM
H4W82|H4W82_007021-T1      0.263  21  0.403  21  0.788   8  0.626   0.490 Y  0.450      SignalP-TM
H4W82|H4W82_007021-T1      0.272  21  0.491  21  0.936  10  0.900   0.683 Y  0.570      SignalP-noTM
H4W82|H4W82_007025-T1      0.641  22  0.749  22  0.933  19  0.881   0.800 Y  0.450      SignalP-TM
H4W82|H4W82_007025-T1      0.729  22  0.781  22  0.893  11  0.845   0.811 Y  0.570      SignalP-noTM
H4W82|H4W82_007067-T1      0.252  29  0.445  29  0.924  12  0.826   0.593 Y  0.450      SignalP-TM
H4W82|H4W82_007119-T1      0.306  34  0.443  34  0.796  31  0.523   0.474 Y  0.450      SignalP-TM
H4W82|H4W82_007120-T1      0.290  20  0.505  20  0.962  17  0.860   0.643 Y  0.450      SignalP-TM
H4W82|H4W82_007120-T1      0.575  20  0.721  20  0.936  18  0.889   0.800 Y  0.570      SignalP-noTM
H4W82|H4W82_007150-T1      0.389  18  0.529  18  0.839   1  0.738   0.627 Y  0.570      SignalP-noTM
H4W82|H4W82_007154-T1      0.268  28  0.374  23  0.705   6  0.614   0.468 Y  0.450      SignalP-TM
H4W82|H4W82_007159-T1      0.317  33  0.501  23  0.949  20  0.901   0.657 Y  0.450      SignalP-TM
H4W82|H4W82_007159-T1      0.467  22  0.664  22  0.963  11  0.936   0.792 Y  0.570      SignalP-noTM
H4W82|H4W82_007164-T1      0.130  29  0.292  14  0.808   3  0.703   0.452 Y  0.450      SignalP-TM
H4W82|H4W82_007169-T1      0.665  24  0.688  24  0.825  18  0.737   0.707 Y  0.450      SignalP-TM
H4W82|H4W82_007169-T1      0.699  24  0.790  24  0.949  20  0.903   0.843 Y  0.570      SignalP-noTM
H4W82|H4W82_007192-T1      0.250  30  0.382  30  0.865   6  0.711   0.510 Y  0.450      SignalP-TM
H4W82|H4W82_007204-T1      0.296  50  0.421  20  0.800  16  0.700   0.530 Y  0.450      SignalP-TM
H4W82|H4W82_007239-T1      0.636  23  0.636  23  0.871   1  0.693   0.658 Y  0.450      SignalP-TM
H4W82|H4W82_007239-T1      0.653  23  0.644  23  0.886  11  0.729   0.684 Y  0.570      SignalP-noTM
H4W82|H4W82_007251-T1      0.614  19  0.721  19  0.916  12  0.838   0.776 Y  0.570      SignalP-noTM
H4W82|H4W82_007253-T1      0.161  20  0.341  20  0.860   7  0.756   0.503 Y  0.450      SignalP-TM
H4W82|H4W82_007254-T1      0.487  26  0.621  20  0.940  17  0.864   0.716 Y  0.450      SignalP-TM
H4W82|H4W82_007254-T1      0.574  20  0.713  20  0.942  17  0.881   0.792 Y  0.570      SignalP-noTM
H4W82|H4W82_007294-T1      0.177  24  0.366  24  0.863  11  0.740   0.512 Y  0.450      SignalP-TM
H4W82|H4W82_007298-T1      0.324  21  0.491  21  0.836  18  0.721   0.581 Y  0.450      SignalP-TM
H4W82|H4W82_007298-T1      0.532  21  0.682  21  0.936  11  0.886   0.778 Y  0.570      SignalP-noTM
H4W82|H4W82_007307-T1      0.227  19  0.370  19  0.747  18  0.614   0.465 Y  0.450      SignalP-TM
H4W82|H4W82_007329-T1      0.582  23  0.728  23  0.930  22  0.891   0.791 Y  0.450      SignalP-TM
H4W82|H4W82_007329-T1      0.650  23  0.783  23  0.956  16  0.942   0.858 Y  0.570      SignalP-noTM
H4W82|H4W82_007364-T1      0.247  33  0.371  33  0.778  14  0.629   0.472 Y  0.450      SignalP-TM
H4W82|H4W82_007404-T1      0.195  21  0.433  21  0.972  17  0.950   0.676 Y  0.570      SignalP-noTM
H4W82|H4W82_007404-T1      0.202  53  0.409  25  0.971  13  0.900   0.600 Y  0.450      SignalP-TM
H4W82|H4W82_007428-T1      0.312  24  0.522  24  0.938  20  0.867   0.656 Y  0.450      SignalP-TM
H4W82|H4W82_007428-T1      0.368  24  0.566  24  0.963  12  0.898   0.722 Y  0.570      SignalP-noTM
H4W82|H4W82_007472-T1      0.428  29  0.585  29  0.941  16  0.844   0.686 Y  0.450      SignalP-TM
H4W82|H4W82_007472-T1      0.454  29  0.505  29  0.957   9  0.768   0.629 Y  0.570      SignalP-noTM
H4W82|H4W82_007473-T1      0.556  21  0.674  21  0.894  17  0.767   0.711 Y  0.450      SignalP-TM
H4W82|H4W82_007473-T1      0.655  21  0.769  21  0.941   9  0.906   0.834 Y  0.570      SignalP-noTM
H4W82|H4W82_007497-T1      0.178  17  0.395  17  0.941  15  0.880   0.584 Y  0.450      SignalP-TM
H4W82|H4W82_007497-T1      0.451  17  0.647  17  0.953  10  0.920   0.775 Y  0.570      SignalP-noTM
H4W82|H4W82_007504-T1      0.155  46  0.270  11  0.826   4  0.733   0.451 Y  0.450      SignalP-TM
H4W82|H4W82_007506-T1      0.417  21  0.595  21  0.888  15  0.840   0.710 Y  0.570      SignalP-noTM
H4W82|H4W82_007567-T1      0.211  28  0.335  18  0.797  13  0.735   0.491 Y  0.450      SignalP-TM
H4W82|H4W82_007567-T1      0.212  18  0.414  18  0.906   9  0.779   0.585 Y  0.570      SignalP-noTM
H4W82|H4W82_007575-T1      0.180  33  0.279  16  0.848   9  0.775   0.473 Y  0.450      SignalP-TM
H4W82|H4W82_007633-T1      0.247  18  0.446  18  0.854   7  0.800   0.584 Y  0.450      SignalP-TM
H4W82|H4W82_007641-T1      0.369  31  0.441  31  0.821   5  0.643   0.520 Y  0.450      SignalP-TM
H4W82|H4W82_007645-T1      0.424  24  0.495  24  0.757  11  0.599   0.535 Y  0.450      SignalP-TM
H4W82|H4W82_007662-T1      0.313  32  0.503  22  0.928   2  0.885   0.652 Y  0.450      SignalP-TM
H4W82|H4W82_007662-T1      0.444  22  0.637  22  0.964  10  0.926   0.772 Y  0.570      SignalP-noTM
H4W82|H4W82_007672-T1      0.313  22  0.448  22  0.789  20  0.625   0.517 Y  0.450      SignalP-TM
H4W82|H4W82_007690-T1      0.145  47  0.278  12  0.869   6  0.763   0.467 Y  0.450      SignalP-TM
H4W82|H4W82_007763-T1      0.436  19  0.581  19  0.892  10  0.752   0.648 Y  0.450      SignalP-TM
H4W82|H4W82_007763-T1      0.446  19  0.639  19  0.972  15  0.897   0.760 Y  0.570      SignalP-noTM
H4W82|H4W82_007767-T1      0.194  21  0.391  21  0.881  19  0.712   0.516 Y  0.450      SignalP-TM
H4W82|H4W82_007769-T1      0.131  31  0.289  18  0.789   1  0.732   0.461 Y  0.450      SignalP-TM
H4W82|H4W82_007804-T1      0.338  40  0.439  20  0.852  15  0.702   0.542 Y  0.450      SignalP-TM
H4W82|H4W82_007849-T1      0.675  21  0.749  21  0.932  17  0.841   0.785 Y  0.450      SignalP-TM
H4W82|H4W82_007849-T1      0.816  21  0.856  21  0.958  20  0.904   0.878 Y  0.570      SignalP-noTM
H4W82|H4W82_007886-T1      0.347  21  0.511  21  0.869   5  0.792   0.643 Y  0.570      SignalP-noTM
H4W82|H4W82_007888-T1      0.474  36  0.587  36  0.810   1  0.692   0.628 Y  0.450      SignalP-TM
H4W82|H4W82_007899-T1      0.344  22  0.538  22  0.947   8  0.876   0.697 Y  0.570      SignalP-noTM
H4W82|H4W82_007899-T1      0.347  22  0.471  22  0.809   3  0.680   0.553 Y  0.450      SignalP-TM
H4W82|H4W82_007902-T1      0.502  26  0.586  26  0.830  13  0.728   0.641 Y  0.450      SignalP-TM
H4W82|H4W82_007902-T1      0.667  26  0.718  26  0.940  18  0.830   0.770 Y  0.570      SignalP-noTM
H4W82|H4W82_007911-T1      0.140  33  0.280  11  0.873   2  0.776   0.473 Y  0.450      SignalP-TM
H4W82|H4W82_007915-T1      0.203  26  0.372  26  0.906   1  0.764   0.525 Y  0.450      SignalP-TM
H4W82|H4W82_007915-T1      0.211  21  0.417  21  0.921   5  0.857   0.624 Y  0.570      SignalP-noTM
H4W82|H4W82_007973-T1      0.371  36  0.441  20  0.888  17  0.756   0.589 Y  0.570      SignalP-noTM
H4W82|H4W82_007973-T1      0.592  36  0.664  36  0.975  14  0.855   0.738 Y  0.450      SignalP-TM
H4W82|H4W82_007977-T1      0.355  27  0.461  27  0.745  18  0.590   0.512 Y  0.450      SignalP-TM
H4W82|H4W82_007977-T1      0.581  22  0.725  22  0.961  17  0.889   0.802 Y  0.570      SignalP-noTM
H4W82|H4W82_007987-T1      0.380  31  0.477  31  0.886   4  0.731   0.576 Y  0.450      SignalP-TM
H4W82|H4W82_008012-T1      0.168  26  0.334  26  0.830   1  0.692   0.474 Y  0.450      SignalP-TM
H4W82|H4W82_008043-T1      0.272  22  0.484  22  0.949  19  0.872   0.635 Y  0.450      SignalP-TM
H4W82|H4W82_008043-T1      0.310  24  0.497  20  0.955  19  0.879   0.677 Y  0.570      SignalP-noTM
H4W82|H4W82_008053-T1      0.186  22  0.374  22  0.882  21  0.713   0.507 Y  0.450      SignalP-TM
H4W82|H4W82_008053-T1      0.470  22  0.659  22  0.957  20  0.917   0.780 Y  0.570      SignalP-noTM
H4W82|H4W82_008062-T1      0.320  20  0.458  20  0.773  17  0.675   0.543 Y  0.450      SignalP-TM
H4W82|H4W82_008062-T1      0.350  23  0.540  20  0.940  10  0.871   0.696 Y  0.570      SignalP-noTM
H4W82|H4W82_008064-T1      0.414  20  0.605  20  0.923  14  0.861   0.705 Y  0.450      SignalP-TM
H4W82|H4W82_008064-T1      0.489  20  0.674  20  0.961  14  0.916   0.788 Y  0.570      SignalP-noTM
H4W82|H4W82_008154-T1      0.149  58  0.288  13  0.865   6  0.824   0.497 Y  0.450      SignalP-TM
H4W82|H4W82_008162-T1      0.313  22  0.497  22  0.863  21  0.757   0.619 Y  0.570      SignalP-noTM
H4W82|H4W82_008162-T1      0.421  22  0.574  22  0.876  19  0.724   0.632 Y  0.450      SignalP-TM
H4W82|H4W82_008206-T1      0.151  60  0.286  13  0.852   4  0.803   0.488 Y  0.450      SignalP-TM
H4W82|H4W82_008215-T1      0.571  21  0.692  21  0.927  17  0.830   0.746 Y  0.450      SignalP-TM
H4W82|H4W82_008215-T1      0.891  21  0.921  21  0.962  20  0.948   0.933 Y  0.570      SignalP-noTM
H4W82|H4W82_008231-T1      0.200  27  0.358  24  0.893   6  0.774   0.521 Y  0.450      SignalP-TM
H4W82|H4W82_008231-T1      0.537  22  0.716  22  0.986  13  0.959   0.830 Y  0.570      SignalP-noTM
H4W82|H4W82_008316-T1      0.232  26  0.354  26  0.744  11  0.604   0.451 Y  0.450      SignalP-TM
H4W82|H4W82_008317-T1      0.525  24  0.607  24  0.839  21  0.698   0.642 Y  0.450      SignalP-TM
H4W82|H4W82_008324-T1      0.429  29  0.584  29  0.938  16  0.838   0.683 Y  0.450      SignalP-TM
H4W82|H4W82_008324-T1      0.456  29  0.506  29  0.956   9  0.768   0.629 Y  0.570      SignalP-noTM
H4W82|H4W82_008364-T1      0.220  22  0.456  22  0.975  19  0.924   0.638 Y  0.450      SignalP-TM
H4W82|H4W82_008364-T1      0.341  22  0.572  22  0.985  19  0.949   0.749 Y  0.570      SignalP-noTM
H4W82|H4W82_008378-T1      0.469  22  0.669  22  0.972  17  0.899   0.758 Y  0.450      SignalP-TM
H4W82|H4W82_008378-T1      0.584  22  0.741  22  0.970  18  0.907   0.819 Y  0.570      SignalP-noTM
H4W82|H4W82_008397-T1      0.392  22  0.603  22  0.968  16  0.928   0.729 Y  0.450      SignalP-TM
H4W82|H4W82_008397-T1      0.513  20  0.706  20  0.980  18  0.962   0.826 Y  0.570      SignalP-noTM
H4W82|H4W82_008406-T1      0.231  22  0.349  22  0.853   2  0.616   0.453 Y  0.450      SignalP-TM
H4W82|H4W82_008411-T1      0.370  25  0.504  25  0.828  18  0.682   0.573 Y  0.450      SignalP-TM
H4W82|H4W82_008411-T1      0.403  20  0.567  20  0.922  18  0.787   0.670 Y  0.570      SignalP-noTM
H4W82|H4W82_008437-T1      0.198  27  0.374  27  0.911   9  0.748   0.520 Y  0.450      SignalP-TM
H4W82|H4W82_008468-T1      0.413  38  0.482  38  0.835  10  0.690   0.563 Y  0.450      SignalP-TM
H4W82|H4W82_008473-T1      0.451  61  0.304  15  0.953  12  0.890   0.533 Y  0.450      SignalP-TM
H4W82|H4W82_008475-T1      0.354  43  0.514  43  0.979  27  0.691   0.597 Y  0.570      SignalP-noTM
H4W82|H4W82_008475-T1      0.408  43  0.533  43  0.811  30  0.552   0.540 Y  0.450      SignalP-TM
H4W82|H4W82_008484-T1      0.769  27  0.669  27  0.810   8  0.640   0.658 Y  0.450      SignalP-TM
H4W82|H4W82_008484-T1      0.891  27  0.843  27  0.954   4  0.864   0.853 Y  0.570      SignalP-noTM
H4W82|H4W82_008498-T1      0.126  27  0.283  12  0.850  13  0.781   0.478 Y  0.450      SignalP-TM
H4W82|H4W82_008513-T1      0.149  17  0.356  17  0.906  13  0.852   0.589 Y  0.570      SignalP-noTM
H4W82|H4W82_008513-T1      0.193  23  0.357  23  0.799  15  0.671   0.479 Y  0.450      SignalP-TM
H4W82|H4W82_008515-T1      0.232  22  0.411  22  0.835  19  0.744   0.541 Y  0.450      SignalP-TM
H4W82|H4W82_008515-T1      0.318  21  0.472  21  0.869   1  0.740   0.598 Y  0.570      SignalP-noTM
H4W82|H4W82_008541-T1      0.320  31  0.443  31  0.908  19  0.728   0.554 Y  0.450      SignalP-TM
H4W82|H4W82_008566-T1      0.569  26  0.654  26  0.936  23  0.656   0.655 Y  0.450      SignalP-TM
H4W82|H4W82_008571-T1      0.247  39  0.332  39  0.902  12  0.680   0.468 Y  0.450      SignalP-TM
H4W82|H4W82_008571-T1      0.278  39  0.361  21  0.899  13  0.816   0.575 Y  0.570      SignalP-noTM
H4W82|H4W82_008589-T1      0.484  18  0.622  18  0.879  16  0.803   0.707 Y  0.570      SignalP-noTM
H4W82|H4W82_008645-T1      0.334  19  0.530  19  0.900  17  0.830   0.671 Y  0.570      SignalP-noTM
H4W82|H4W82_008645-T1      0.394  25  0.536  25  0.889  17  0.737   0.615 Y  0.450      SignalP-TM
H4W82|H4W82_008653-T1      0.277  21  0.423  21  0.725  12  0.592   0.489 Y  0.450      SignalP-TM
H4W82|H4W82_008656-T1      0.245  23  0.400  23  0.827   6  0.706   0.519 Y  0.450      SignalP-TM
H4W82|H4W82_008667-T1      0.606  24  0.531  24  0.672   8  0.504   0.521 Y  0.510      SignalP-TM
H4W82|H4W82_008678-T1      0.194  33  0.340  33  0.806  20  0.646   0.460 Y  0.450      SignalP-TM
H4W82|H4W82_008678-T1      0.209  26  0.407  26  0.932  20  0.783   0.584 Y  0.570      SignalP-noTM
H4W82|H4W82_008710-T1      0.451  30  0.528  20  0.905  16  0.808   0.660 Y  0.570      SignalP-noTM
H4W82|H4W82_008714-T1      0.219  26  0.438  26  0.951  17  0.898   0.618 Y  0.450      SignalP-TM
H4W82|H4W82_008714-T1      0.277  24  0.491  24  0.960   7  0.906   0.686 Y  0.570      SignalP-noTM
H4W82|H4W82_008720-T1      0.244  41  0.420  21  0.938  16  0.868   0.595 Y  0.450      SignalP-TM
H4W82|H4W82_008720-T1      0.557  20  0.731  20  0.967  10  0.955   0.836 Y  0.570      SignalP-noTM
H4W82|H4W82_008734-T1      0.238  23  0.422  23  0.839   2  0.769   0.585 Y  0.570      SignalP-noTM
H4W82|H4W82_008749-T1      0.150  29  0.304  23  0.851   9  0.750   0.478 Y  0.450      SignalP-TM
H4W82|H4W82_008771-T1      0.194  21  0.429  21  0.965  15  0.940   0.669 Y  0.570      SignalP-noTM
H4W82|H4W82_008771-T1      0.206  21  0.433  21  0.940   6  0.901   0.615 Y  0.450      SignalP-TM
H4W82|H4W82_008786-T1      0.216  23  0.426  23  0.920  12  0.844   0.623 Y  0.570      SignalP-noTM
H4W82|H4W82_008830-T1      0.301  26  0.475  26  0.912  10  0.800   0.602 Y  0.450      SignalP-TM
H4W82|H4W82_008830-T1      0.415  26  0.577  26  0.946  10  0.858   0.709 Y  0.570      SignalP-noTM
H4W82|H4W82_008893-T1      0.446  22  0.582  22  0.917  12  0.709   0.642 Y  0.570      SignalP-noTM
H4W82|H4W82_008893-T1      0.717  22  0.792  22  0.919  13  0.812   0.800 Y  0.450      SignalP-TM
H4W82|H4W82_008900-T1      0.560  24  0.729  24  0.974  17  0.924   0.805 Y  0.450      SignalP-TM
H4W82|H4W82_008900-T1      0.617  24  0.770  24  0.988  10  0.961   0.860 Y  0.570      SignalP-noTM
H4W82|H4W82_008910-T1      0.400  28  0.597  28  0.952  26  0.785   0.670 Y  0.450      SignalP-TM
H4W82|H4W82_008910-T1      0.458  28  0.625  28  0.921  20  0.813   0.713 Y  0.570      SignalP-noTM
H4W82|H4W82_008939-T1      0.155  26  0.342  15  0.869  16  0.781   0.514 Y  0.450      SignalP-TM
H4W82|H4W82_008939-T1      0.285  15  0.494  15  0.954  14  0.858   0.665 Y  0.570      SignalP-noTM
H4W82|H4W82_008949-T1      0.124  24  0.295  12  0.825   1  0.771   0.480 Y  0.450      SignalP-TM
H4W82|H4W82_008957-T1      0.334  29  0.444  29  0.826  13  0.607   0.507 Y  0.450      SignalP-TM
H4W82|H4W82_008961-T1      0.341  23  0.537  23  0.939  18  0.874   0.668 Y  0.450      SignalP-TM
H4W82|H4W82_008961-T1      0.505  22  0.687  22  0.973   6  0.946   0.809 Y  0.570      SignalP-noTM
H4W82|H4W82_009026-T1      0.138  60  0.314  19  0.850  11  0.724   0.474 Y  0.450      SignalP-TM
H4W82|H4W82_009042-T1      0.286  22  0.512  22  0.961  15  0.920   0.671 Y  0.450      SignalP-TM
H4W82|H4W82_009042-T1      0.519  22  0.685  22  0.970  18  0.919   0.795 Y  0.570      SignalP-noTM
H4W82|H4W82_009098-T1      0.288  32  0.388  32  0.725   2  0.597   0.470 Y  0.450      SignalP-TM
H4W82|H4W82_009149-T1      0.335  32  0.451  32  0.765  25  0.561   0.494 Y  0.450      SignalP-TM
H4W82|H4W82_009159-T1      0.648  24  0.785  24  0.976  17  0.927   0.840 Y  0.450      SignalP-TM
H4W82|H4W82_009159-T1      0.667  24  0.802  24  0.987  10  0.962   0.877 Y  0.570      SignalP-noTM
H4W82|H4W82_009180-T1      0.246  27  0.416  27  0.922   6  0.781   0.558 Y  0.450      SignalP-TM
H4W82|H4W82_009180-T1      0.414  22  0.633  22  0.986  11  0.967   0.790 Y  0.570      SignalP-noTM
H4W82|H4W82_009233-T1      0.619  24  0.547  24  0.652  21  0.437   0.504 Y  0.450      SignalP-TM
H4W82|H4W82_009272-T1      0.557  43  0.607  43  0.865  40  0.602   0.605 Y  0.450      SignalP-TM
H4W82|H4W82_009308-T1      0.300  57  0.466  23  0.953  18  0.900   0.635 Y  0.450      SignalP-TM
