CAZy Family	PPR Subfamily	Gene ID	Frequency	Hits	Signature Peptides
CE4	143	Conth1|Conth1_283641	4.78	10	ASHTWS,QIASHT,ALTFDD,GHQIAS,HQIASH,VALTFD,IASHTW,TFDDGP,SHTWSH,LTFDDG
CE4	143	Conth1|Conth1_325204	3.74	8	HQIASH,ASHTWS,QIASHT,LTFDDG,SHTWSH,IASHTW,ALTFDD,GHQIAS
CE4	143	Conth1|Conth1_282246	2.61	6	HQIASH,QIASHT,LTFDDG,IASHTW,ALTFDD,GHQIAS
CE9	48	Conth1|Conth1_367513	4.03	8	ILGAHL,HLEGPF,AHLEGP,LEGPFI,LGAHLE,GAHLEG,GAEILG,EGPFIS
GH13	25	Conth1|Conth1_301631	12.4	22	LGEFDQ,TKYGTK,AVTFVD,DNHDSQ,TFVDNH,GNYDYL,VTFVDN,RTKYGT,FVDNHD,NYDYLM,DLGEFD,FDVPLH,VDNHDS,QKGTVR,NHDSQP,GTVRTK,TVRTKY,GEFDQK,EFDQKG,KGTVRT,VRTKYG,GFRLDA
GH13	25	Conth1|Conth1_301620	4.25	6	TFVDNH,GNYDYL,YDLGEF,VTFVDN,FVDNHD,AVTFVD
GH13	94	Conth1|Conth1_36487	24.8	39	YYASFG,FLLSNL,DQALVG,TLTNRR,DGFRFD,HKMIRL,VGDKTI,RFLLSN,GVTSML,RFDGVT,EFGHPE,LVGDKT,SHDQAL,YASFGY,NEFGHP,GFDYRL,QALVGD,VTSMLY,FGHPEW,VHSHAS,EWAPNA,FPREGN,ALHKMI,ESHDQA,MAIMEH,GFRFDG,EDVSGM,GNEFGH,DVSGMP,LHKMIR,DGVTSM,HDQALV,DFPREG,FDGVTS,FRFDGV,LRFLLS,AEDVSG,ALVGDK,SRLFNY
GH132	2	Conth1|Conth1_325543	7.19	9	PGNEAM,WCPYAC,GNEAML,WAMSPD,AMSPDQ,AMLIPT,EAMLIP,NEAMLI,GWAMSP
GH132	2	Conth1|Conth1_357441	5.43	7	NEAMLI,AMSPDQ,GWAMSP,PGNEAM,WAMSPD,NGGWAM,GNEAML
GH132	2	Conth1|Conth1_272177	5.38	7	WAMSPD,NGGLYC,GWAMSP,AMSPDQ,PGNEAM,GGLYCD,WCPYAC
GH133	2	Conth1|Conth1_350213	26.9	32	CGTWMD,HQGPEW,NRRGIY,TWMDKM,LFMDCT,MDCTHD,DKMGES,GTWMDK,DCTHDN,DNCHST,GFRIDN,FMDCTH,LIREAM,YHQGPE,NYHQGP,RCWGRD,RIDNCH,PTQAWS,AAGLPH,VAPELF,IDNCHS,WMDKMG,TPRDGA,MDKMGE,IREAMQ,NCGTWM,SLIREA,AGLPHF,REAMQA,SNSPYS,CTHDNE,NCHSTP
GH15	27	Conth1|Conth1_324026	9.16	15	AAFNLD,MCTFWL,ALISAA,ISAAFN,KQQYLP,FSMCTF,RNWDYR,AFNLDR,SMCTFW,DMSIWE,SAAFNL,FNLDRV,NWDYRF,DIYGEL,LISAAF
GH18	16	Conth1|Conth1_313218	8.75	12	SVGGWT,YAFADI,HINYAF,DGVDLD,NYAFAD,IMTYDF,YLLTIA,NIMTYD,INYAFA,ISVGGW,VDLDWE,GVDLDW
GH18	27	Conth1|Conth1_283117	5.16	6	INYAFA,HINYAF,THINYA,ISIGGW,LLKDLR,LLLKDL
GH18	32	Conth1|Conth1_362095	5.34	6	DFTPVC,PVCTTE,RSVFII,TVRSVF,TPVCTT,SVFIID
GH18	44	Conth1|Conth1_278180	4.41	13	YWGQNS,IQFYNN,FIQFYN,DAVLDG,GDAVLD,APQCPF,LWDASQ,PQCPFP,FYNNYC,AVLDGI,QCPFPD,VLDGID,QFYNNY
GH18	44	Conth1|Conth1_181444	4.27	11	YWGQNS,IQFYNN,FIQFYN,DAVLDG,GDAVLD,AAPQCP,APQCPF,PQCPFP,FYNNYC,QCPFPD,QFYNNY
GH18	44	Conth1|Conth1_291409	3.46	9	PQCPFP,VQFYNN,GGVMLW,AAPQCP,GKKVLL,QCPFPD,YWGQNS,KKVLLS,APQCPF
GH18	51	Conth1|Conth1_366018	9.0	12	LTHINY,GIDIDW,DLDGID,LDGIDI,DIDWEY,THINYA,IDWEYP,DWEYPG,INYAFG,DGIDID,IDIDWE,HINYAF
GH18	51	Conth1|Conth1_366025	9.0	12	LTHINY,GIDIDW,DLDGID,LDGIDI,DIDWEY,THINYA,IDWEYP,DWEYPG,INYAFG,DGIDID,IDIDWE,HINYAF
GH18	51	Conth1|Conth1_283121	7.44	9	IDWEYP,GIDIDW,DIDWEY,HINYAF,IDIDWE,THINYA,DGIDID,LDGIDI,DWEYPG
GH18	51	Conth1|Conth1_305232	7.25	11	KVLLSV,LTHINY,GIDIDW,VLLSVG,LLSVGG,DIDWEY,LSVGGW,IDWEYP,DWEYPG,DGIDID,IDIDWE
GH18	51	Conth1|Conth1_285098	6.25	8	DIDWEY,DGIDID,GIDIDW,LDGIDI,IDIDWE,DWEYPG,LTHINY,IDWEYP
GH18	51	Conth1|Conth1_285265	5.75	7	IDIDWE,GIDIDW,IDWEYP,LDGIDI,DGIDID,DIDWEY,DWEYPG
GH18	53	Conth1|Conth1_359518	5.38	6	DIDWEF,IDWEFP,DGIDID,DWEFPG,IDIDWE,GIDIDW
GH18	67	Conth1|Conth1_317240	2.78	6	LLTAAV,DLDWEY,GIDLDW,DWEYPG,IDLDWE,LDWEYP
GH18	92	Conth1|Conth1_285049	4.44	13	AAPQCV,QFYNNY,QCVFPD,FYNNYC,LGVPGS,RPFGSA,YWGQNS,YNNYCG,AAAPQC,VYWGQN,APQCVF,CVFPDA,PQCVFP
GH18	115	Conth1|Conth1_282875	6.34	7	DGVDLD,DLDWEY,GVDLDW,LDWEYP,VDLDWE,ISIGGW,DWINLM
GH18	115	Conth1|Conth1_335530	5.67	6	LDWEYP,ISIGGW,VDLDWE,GVDLDW,DGVDLD,DLDWEY
GH20	14	Conth1|Conth1_364042	7.63	16	LVYWDY,VYWDYY,IQTLGH,PMIWSD,QTLGHL,KPFGWE,CIQTLG,FGWEVL,HIGMDE,PFGWEV,IGMDEA,YTEDTY,IHIGMD,LYTEDT,YWDYYH,MIWSDM
GH20	33	Conth1|Conth1_325348	3.15	7	KRTIDA,IKRTID,DIKRTI,EVLWSG,YLDCGR,LDCGRG,WYLDCG
GH25	66	Conth1|Conth1_312488	6.34	9	GAYHFA,RGAYHF,IRGAYH,GWSGDG,GGWSGD,GGGWSG,TLPGAL,LPGALD,NGGGWS
GH3	9	Conth1|Conth1_281296	4.02	6	PSGKLP,FGHGLS,GHGLSY,NPSGKL,HGLSYT,VNPSGK
GH3	64	Conth1|Conth1_326052	4.18	9	GLSYTT,YETFGE,FGHGLS,ETFGED,GHGLSY,FGEDPY,TFGEDP,HGLSYT,LSYTTF
GH31	7	Conth1|Conth1_288371	17.9	32	FFRAHA,GLLVKP,ADVGGF,YHQCRW,TKRREP,THWISE,SVFNGP,PFFRAH,PSVFNG,DMNEPS,AHAHID,YGSIPF,GADVGG,HIDTKR,HQCRWN,QCRWNY,NEPSVF,DTKRRE,WNDMNE,DVGGFF,VFNGPE,IDTKRR,HAHIDT,RAFFAG,GSIPFM,KKYFTW,EPSVFN,FRAHAH,RAHAHI,MNEPSV,AHIDTK,NDMNEP
GH31	54	Conth1|Conth1_296062	19.1	29	RDGIYL,MTMSGW,LDVAWV,LVNDGY,GVRVRK,PLDTLP,FLVAPV,DVAWVG,TLPLFV,GWMLVN,MLVNDG,PPIYGL,DGYGCG,PIYGLE,RVRKLD,INRKYL,GYGCGY,VNDGYG,LDTLPL,NDGYGC,WMLVND,APLDTL,DGIYLP,VRVRKL,DKQPWR,RKLDVA,DTLPLF,VRKLDV,KLDVAW
GH31	54	Conth1|Conth1_321717	12.1	19	GWMLVN,INRKYL,GYGCGY,DGYGCG,VRKLDV,PPIYGL,FLVAPV,MLVNDG,DKQPWR,VRVRKL,DIDGIF,WMLVND,NDGYGC,LVNDGY,GDIDGI,PIYGLE,RVRKLD,GVRVRK,VNDGYG
GH37	2	Conth1|Conth1_322507	28.5	33	RSQPPF,NRSYYL,SQPPFL,SGHDTT,YGWDSY,NLLQEL,ATIDLN,VPGGRF,RQWDYP,GWAPHQ,QPPFLT,TYMLSN,LSNLLQ,KILNAN,LLYKYE,HDTTYR,LNANRS,NANRSY,ILNANR,YMLSNL,ESGHDT,PGGRFN,LAYRWL,GTYMLS,RESGHD,RLAYRW,RGTYML,VRESGH,GGRFNE,ANRSYY,SNLLQE,MLSNLL,GHDTTY
GH37	4	Conth1|Conth1_338449	8.5	21	IPVDLN,PESYRE,PGGRFR,PRPESY,VPGGRF,LNRSQP,NRSQPP,KTFVDM,GGGGEY,SQPPLL,FGWTNG,AESGWD,RPESYR,GAESGW,GFGWTN,EFYYWD,RSQPPL,QTGFGW,GGRFRE,ESYRED,GWTNGV
GH38	5	Conth1|Conth1_280964	12.3	29	PDTFGY,HDVLPG,FLKVEF,FHDVLP,HIDTAW,WLPDTF,MRLSLL,GDGGGG,GELYLE,DGGGGP,TAWLWP,FWLPDT,HRGTYT,YETQFG,DVLPGS,RLSLLR,LSWNNI,DTAWLW,LNQFHD,RGTYTS,QFHDVL,DTFGYS,LPDTFG,AKFEVC,QKLSWN,TQKLSW,KLSWNN,IDTAWL,CHIDTA
GH38	5	Conth1|Conth1_317167	12.2	29	CHIDTA,HIDTAW,LSWNNI,WLPDTF,QFHDVL,TAWLWP,GDGGGG,LNQFHD,GELYLE,HDVLPG,ETQFGI,HRGTYT,KLSWNN,PDTFGY,SWNNIN,RGTYTS,FLKVEF,IDTAWL,FWLPDT,FHDVLP,YETQFG,AKFEVC,DTFGYS,LPDTFG,QKLSWN,DGGGGP,DTAWLW,DVLPGS,TQKLSW
GH47	1	Conth1|Conth1_323970	5.13	12	LAETLK,FNTEAH,DHLVCF,LGGLLS,YEYLLK,MDHLVC,KMDHLV,PKMDHL,VFNTEA,GSRGDS,NTEAHP,AETLKY
GH47	1	Conth1|Conth1_285411	4.2	8	LKYLYL,SFYEYL,AETLKY,DSFYEY,LAETLK,GDSFYE,ETLKYL,TLKYLY
GH47	2	Conth1|Conth1_323918	6.03	14	LVDSLD,VDSLDT,TIRYLG,NTEAHP,SLDTLW,TLVDSL,RYLGGL,VFNTEA,EFTRLS,LEFTRL,FNTEAH,TEAHPF,DSLDTL,IRYLGG
GH47	2	Conth1|Conth1_285434	4.29	12	LKYFYL,TEAHPL,LVDSLD,AETLKY,YFYLIF,TLVDSL,KYFYLI,VDSLDT,DSLDTL,TLKYFY,LAETLK,ETLKYF
GH47	2	Conth1|Conth1_334678	4.07	10	TEAHPL,RYLGGL,VFNTEA,YFYLIF,EFTRLS,LEFTRL,FNTEAH,NTEAHP,IRYLGG,KYFYLI
GH47	13	Conth1|Conth1_336274	7.59	12	ETLKYL,TLKYLY,SETLKY,LGGLLS,YPLRPE,LKYLYL,RLLPAF,LTLVDS,GGLLSG,GLLSGH,TLSRLT,RVQVFE
GH5	5	Conth1|Conth1_340831	12.2	19	SQNGFD,IPIGYW,PIGYWA,DCTKWL,GARYDG,PGSQNG,GWLVLE,RIPIGY,CTKWLN,VNLGGW,GFDNSG,TDCTKW,IGYWAF,GVNLGG,QNGFDN,GGWLVL,NGFDNS,GSQNGF,LGGWLV
GH5	5	Conth1|Conth1_296223	4.2	7	VRIPIG,RIPIGY,IPIGYW,LGGWLV,PGSQNG,VNLGGW,GVNLGG
GH5	20	Conth1|Conth1_310527	7.84	16	QNGWNH,RGVNLG,GSQNGW,NGWNHS,HGAPGS,PGSQNG,SQNGWN,GVNLGG,GAPGSQ,APGSQN,WNHSGR,NLGGWL,VNLGGW,KYGLRV,RKYGLR,GWNHSG
GH5	20	Conth1|Conth1_308961	6.92	14	SQNGWN,WNHSGR,NGWNHS,NLGGWL,HSGRQG,RGVNLG,GWNHSG,APGSQN,GSQNGW,PGSQNG,VNLGGW,NHSGRQ,QNGWNH,GVNLGG
GH5	20	Conth1|Conth1_322411	6.33	12	QNGWNH,RGVNLG,GSQNGW,NGWNHS,PGSQNG,SQNGWN,GVNLGG,APGSQN,WNHSGR,NLGGWL,VNLGGW,GWNHSG
GH5	20	Conth1|Conth1_310540	5.97	11	QNGWNH,RGVNLG,GSQNGW,NGWNHS,SQNGWN,PGSQNG,GVNLGG,WNHSGR,NLGGWL,VNLGGW,GWNHSG
GH5	27	Conth1|Conth1_296906	4.72	6	TLNEPS,DLSIYS,WGFNFL,EDLSIY,DTLNEP,IDPHQD
GH63	2	Conth1|Conth1_323208	17.7	24	WDEGFH,PPTLFL,FLWDEG,FFPRGF,TSGLDD,ANPPTL,QILGDE,EGFHQL,GFLWDE,DEGFHQ,REQILG,GLDDYP,LGDEAR,PRGFLW,LTSGLD,EQILGD,LWDEGF,FPRGFL,ILGDEA,NPPTLF,LDDYPR,RGFLWD,TAVPSR,SGLDDY
GH72	2	Conth1|Conth1_319991	6.77	12	FFAGNE,KGSKFF,SGGIVY,FAGNEV,KGVAYQ,IGFFAG,WSGGIV,GFFAGN,WCGDSS,IKGSKF,LPPTPN,VWSGGI
GH72	2	Conth1|Conth1_308002	4.41	8	FFAGNE,KGSKFF,FAGNEV,KGVAYQ,NTIRVY,LGFFAG,GFFAGN,IKGSKF
GH72	3	Conth1|Conth1_95019	2.72	7	LGINTI,SGGLMY,GGLMYE,GINTIR,YGIVKI,NTIRVY,GLMYEY
GH81	4	Conth1|Conth1_57277	7.64	9	HSWASG,DHHFHY,NDHHFH,HYGYFL,HHFHYG,GYFLYA,YGYFLY,FHYGYF,HFHYGY
AA1	6	Conth1|Conth1_351412	2.99	6	LINGQF,INGQFP,GQFPGP,NGQFPG,ILINGQ,GILING
AA1	6	Conth1|Conth1_276841	2.98	6	GQFPGP,NGQFPG,GILING,ILINGQ,LINGQF,INGQFP
AA1	16	Conth1|Conth1_324355	3.6	7	GQRYSV,IIEADG,QRYSVL,ADNPGA,DNPGAW,NPGAWF,KTYRLR
AA3	6	Conth1|Conth1_273664	4.58	8	MAVLDS,AVLDSK,KFRVRG,VLDSKF,SKFRVR,LDSKFR,DSKFRV,FRVRGV
AA3	8	Conth1|Conth1_275923	4.47	12	LMLSGI,MLSGIG,VGAGSA,PQLLML,QLLMLS,TPQLLM,GAGSAG,LLMLSG,LLLEAG,NTPQLL,VVGAGS,IVVGAG
AA3	8	Conth1|Conth1_324201	3.05	8	TPQLLM,NTPQLL,MLSGIG,PQLLML,IVVGGG,LMLSGI,QLLMLS,LLMLSG
AA3	8	Conth1|Conth1_284597	2.83	7	LMLSGI,LLMLSG,TPQLLM,IVVGGG,QLLMLS,PQLLML,MLSGIG
AA3	8	Conth1|Conth1_275223	2.83	7	PQLLML,IVVGGG,MLSGIG,QLLMLS,TPQLLM,LMLSGI,LLMLSG
AA6	1	Conth1|Conth1_361826	3.48	7	GIPTRF,FGIPTR,GSPWGA,GGQEST,LFGIPT,GGSPWG,IPTRFG
AA6	2	Conth1|Conth1_325271	4.22	8	VPETLP,GSPYGA,PETLPE,TRFGMM,QVPETL,GGSPYG,PTRFGM,GGQETT
AA6	2	Conth1|Conth1_325275	4.22	8	VPETLP,GSPYGA,PETLPE,TRFGMM,QVPETL,GGSPYG,PTRFGM,GGQETT
AA6	2	Conth1|Conth1_313725	3.89	7	GSPYGA,PTRFGM,GGQETT,GGSPYG,QVPETL,VPETLP,TRFGMM
AA6	4	Conth1|Conth1_343093	2.86	8	HAPAKP,VPTRFG,LFGVPT,GVPTRF,FGVPTR,GGQETT,FLFGVP,GALQGK
GT1	7	Conth1|Conth1_367924	8.8	18	PFFGDQ,TMPWTR,GAGTTA,RGDVQP,PHDWLF,HGGAGT,PWTRTR,GGAGTT,MPWTRT,HHGGAG,VPHDWL,HDWLFP,KPFFGD,IKPFFG,IGFGSI,WTRTRA,YIGFGS,FTMPWT
GT15	1	Conth1|Conth1_334676	12.5	26	GDAPVH,YRHMCR,TIPTLW,FFYERW,YWRVEP,SYRHMC,RWGDAP,APVHSI,NLCHFW,GFFYER,YVFLND,CHFWTN,YERWGD,FYERWG,LEDRFN,YPYVFL,FWTNFE,YNLCHF,DAPVHS,WGDAPV,WTNFEI,HFWTNF,ERWGDA,PYVFLN,GGFFYE,RHMCRF
GT15	1	Conth1|Conth1_272462	7.33	10	ERWGDA,HFWSNF,SNFEIG,GDAPVH,RWGDAP,APVHSI,WGDAPV,DAPVHS,FWSNFE,WSNFEI
GT15	1	Conth1|Conth1_289602	5.89	9	YNLCHF,RWGDAP,ERWGDA,NLCHFW,HFWTNF,WGDAPV,FYERWG,CHFWTN,YERWGD
GT2	9	Conth1|Conth1_323422	24.7	41	QNFEYK,GGACGE,SVLPGA,YLAEDR,DVSWGT,MYLAED,YKMSNI,EYKMSN,NMYLAE,ILDKPL,WLNGSF,FEYKMS,DIVISL,RILCFE,KMSNIL,LDKPLE,LPGAFS,AEDRIL,LAEDRI,SNILDK,DKPLES,ISVLPG,RRRWLN,HDVSWG,MSNILD,EDRILC,GAFSAY,ISQRRR,TMYNED,SWGTKG,QRRRWL,VLPGAF,AFSAYR,RWLNGS,VSWGTK,DRILCF,RRWLNG,GACGEI,NILDKP,PGAFSA,SQRRRW
GT2	122	Conth1|Conth1_340482	13.9	29	KGYVFQ,TGSFRL,CDIVTG,HPKFIP,DIVTGT,LPTYNE,SFRLYK,SDLTGS,HHPKFI,LGLGTA,PGVSDL,GLGTAY,VFQMEM,VTGTRY,GYVFQM,NCDIVT,GVSDLT,LTGSFR,GKLGLG,VSDLTG,YVFQME,GSFRLY,SHHPKF,KLGLGT,PTYNER,SKGYVF,DLTGSF,ITFVDR,IVTGTR
GT2	161	Conth1|Conth1_319315	37.3	58	TLHKKN,GTFCFS,GEDRYL,LCGTFC,VTCLPG,KPGNRG,RWINST,RRWINS,MVDADT,CFSMQF,PGNRGK,GNRGKR,GLCGET,HKKNLL,FSMQFV,FCFSMQ,KRHNMA,INSTVH,LHKKNL,LSQRRR,TFCFSM,WINSTV,IQVFEY,NRGKRD,DDFSWG,KNLLLL,ETKIAN,DLCGTF,STVHNL,LMVDAD,FDDFSW,GETKIA,NSTVHN,QRRRWI,YYISHH,MGLCGE,RHNMAK,EYYISH,CLPGCF,SQRRRW,VLLSQR,TFPKRK,LLSQRR,LGEDRY,TKIANK,DADTKV,VDADTK,LCGETK,RRRWIN,CGETKI,LLLLGE,TCLPGC,KKNLLL,NLLLLG,CGTFCF,LLGEDR,WNFVLP,LLLGED
GT2	161	Conth1|Conth1_274690	35.9	54	GTFCFS,GEDRYL,LCGTFC,VTCLPG,KPGNRG,RWINST,RRWINS,MVDADT,CFSMQF,PGNRGK,GNRGKR,GKRDSQ,GLCGET,PGCFSM,FCFSMQ,KRHNMA,RGKRDS,INSTVH,LSQRRR,TFCFSM,WINSTV,IQVFEY,NRGKRD,DDFSWG,KNLLLL,ETKIAN,LPGCFS,DLCGTF,STVHNL,LMVDAD,FDDFSW,GETKIA,NSTVHN,QRRRWI,YYISHH,MGLCGE,RHNMAK,EYYISH,CLPGCF,SQRRRW,VLLSQR,TFPKRK,LLSQRR,LGEDRY,TKIANK,LCGETK,RRRWIN,TCLPGC,LLLLGE,CGETKI,NLLLLG,CGTFCF,LLGEDR,LLLGED
GT2	161	Conth1|Conth1_313744	29.3	44	FSMQFV,NLLLLG,LLSQRR,RGKRDS,NRGKRD,KNLLLL,DADTKV,MVDADT,IMGLCG,RRWINS,LSQRRR,GKRDSQ,EYYISH,DDFSWG,GNRGKR,RWINST,LLLLGE,VTCLPG,LCGETK,GTFCFS,FCFSMQ,CLPGCF,CFSMQF,LMVDAD,YYISHH,TKIANK,GLCGET,VDADTK,QRRRWI,IQVFEY,TCLPGC,TFCFSM,FDDFSW,RRRWIN,LLLGED,CGTFCF,LLGEDR,ETKIAN,MGLCGE,VLLSQR,GETKIA,SQRRRW,LCGTFC,CGETKI
GT2	161	Conth1|Conth1_293031	29.0	41	GLCGET,WNFVLP,VTCLPG,LGEDRY,EYYISH,SQRRRW,GKRDSQ,RRRWIN,KKNLLL,LHKKNL,QRRRWI,VLLSQR,LCGETK,TCLPGC,LSQRRR,LLLGED,CGETKI,GNRGKR,CLPGCF,GEDRYL,RRWINS,INSTVH,NRGKRD,LLLLGE,NSTVHN,DDFSWG,YYISHH,HKKNLL,LLSQRR,MGLCGE,LMVDAD,WINSTV,MVDADT,KNLLLL,RGKRDS,NLLLLG,LLGEDR,RWINST,TLHKKN,STVHNL,FDDFSW
GT2	161	Conth1|Conth1_323818	28.6	39	LHKKNL,MGLCGE,RWINST,HKKNLL,YYISHH,RGKRDS,FDDFSW,CLPGCF,WINSTV,MVDADT,GSVTCL,IMGLCG,SQRRRW,VLLSQR,RRWINS,AKAFES,SVTCLP,EYYISH,NSTVHN,LSQRRR,TCLPGC,FGSVTC,QRRRWI,NRGKRD,DDFSWG,VTCLPG,TLHKKN,LLSQRR,GEDRYL,STVHNL,GLCGET,PGNRGK,KPGNRG,GKRDSQ,LGEDRY,LMVDAD,RRRWIN,INSTVH,GNRGKR
GT2	161	Conth1|Conth1_314454	26.9	36	MAWREK,LHKKNL,RWINST,RGKRDS,FDDFSW,CLPGCF,WINSTV,MVDADT,GSVTCL,SQRRRW,VLLSQR,RRWINS,LPGCFS,AKAFES,SVTCLP,NSTVHN,LSQRRR,TCLPGC,FGSVTC,QRRRWI,NRGKRD,DDFSWG,VTCLPG,TLHKKN,PGCFSM,LLSQRR,GEDRYL,STVHNL,PGNRGK,KPGNRG,LGEDRY,GKRDSQ,LMVDAD,RRRWIN,INSTVH,GNRGKR
GT2	161	Conth1|Conth1_366558	24.6	32	FGSVTC,SVTCLP,GNRGKR,VLLSQR,PGNRGK,SQRRRW,PGCFSM,QRRRWI,MVDADT,VTCLPG,GKRDSQ,RRWINS,GEDRYL,RGKRDS,LLSQRR,WINSTV,STVHNL,RRRWIN,LGEDRY,TCLPGC,LMVDAD,INSTVH,RWINST,KPGNRG,LSQRRR,DDFSWG,NSTVHN,GSVTCL,NRGKRD,CLPGCF,LPGCFS,FDDFSW
GT2	161	Conth1|Conth1_362414	23.4	33	FGSVTC,MGLCGE,RRRWIN,NRGKRD,EYYISH,RWINST,PGCFSM,FDDFSW,LCGETK,SVTCLP,AKAFES,KRDSQI,MVDADT,YYISHH,LGEDRY,GLCGET,VTCLPG,RGKRDS,PGNRGK,MAWREK,GNRGKR,LPGCFS,RRWINS,CLPGCF,SQRRRW,LMVDAD,IMGLCG,DDFSWG,GSVTCL,GEDRYL,TCLPGC,QRRRWI,GKRDSQ
GT2	161	Conth1|Conth1_300293	22.7	30	LHKKNL,LLSQRR,SQRRRW,QRRRWI,PGNRGK,RRWINS,MVDADT,VTCLPG,DDFSWG,TLHKKN,RGKRDS,LMVDAD,LGEDRY,RWINST,AKAFES,VLLSQR,GNRGKR,CLPGCF,GLCGET,TCLPGC,NRGKRD,FDDFSW,GKRDSQ,GEDRYL,KRDSQI,HKKNLL,RRRWIN,MAWREK,EYYISH,LSQRRR
GT20	4	Conth1|Conth1_292604	23.5	29	IWIHDY,TDEDMF,NIEVRP,DGMNTT,SAEHGC,KGEIVK,PLILSE,NKGEIV,ITSVRD,DYDGTL,DEDMFR,ISGRDQ,LITSVR,VRDGMN,GLSAEH,IISGRD,WIISGR,LSAEHG,LGLSAE,LFDYDG,YDGTLT,TSVRDG,LTWHYR,RDGMNT,GEIVKR,SVRDGM,AEHGCF,LILSEF,FDYDGT
GT22	1	Conth1|Conth1_361753	14.3	21	WRFIIY,GVVPRT,KVEESF,NIQAIH,FPGVVP,EESFNI,TKVEES,TRTLPN,PGVVPR,VEESFN,KEWRFI,FNIQAI,IQAIHD,ESFNIQ,VVPRTF,SFNIQA,NYPGGE,YPGGEA,HKEWRF,PGGEAL,EWRFII
GT22	2	Conth1|Conth1_361729	11.0	13	HKEERF,TWEYSP,QTWEYS,ERFLYP,FLYPIY,KEERFL,EERFLY,WEYSPE,NYWEPL,PHKEER,EYSPEY,RFLYPI,QPHKEE
GT22	5	Conth1|Conth1_313951	4.78	10	MPCHST,YLTWEW,PCHSTP,GYGYLT,DEYWQS,GFLMPC,LMPCHS,GYLTWE,FLMPCH,YGYLTW
GT24	1	Conth1|Conth1_348257	29.4	42	SGHLYE,HISALY,NLDQDL,DVLFPL,PYHISA,TKEPKL,KILFLD,VKFWFI,ILFLDV,GYKILF,TIDLCN,DLCNNP,MANLGY,GHLYER,VIFVDA,YHISAL,VASGHL,LDQDLP,SALYVV,EWLWCE,KVIFVD,LFLDVL,FLDVLF,DQDLPN,LWCETW,NLGYFQ,WLWCET,AKTIDL,ASGHLY,IFVDAD,LYERFL,HLYERF,WCETWC,KTIDLC,ISALYV,ALYVVD,FVDADQ,LDVLFP,YKILFL,LYVVDL,IDLCNN,WGYKIL
GT3	1	Conth1|Conth1_322676	35.2	54	FPSYYE,FTTHAT,THATLL,TIFTTH,ATLLGR,IFTTHA,PWGYTP,RGCHLG,PAECTV,HEFQNL,VRGCHL,NRTERL,RGHFYG,GRYLCA,TLLGRY,CHLGVF,WGYTPA,FQNLHA,ECTVMG,YEPWGY,LGRYLC,HLLKRK,ERAAAH,RNRTER,RTERLS,YTPAEC,LLGRYL,HATLLG,EFVRGC,YYEPWG,AECTVM,SYYEPW,RYLCAG,LGVFPS,GVFPSY,TTHATL,LLKRKP,GYTPAE,LKRKPD,EHLLKR,TPAECT,HLGVFP,FVRGCH,VFPSYY,FHPEFL,QRNRTE,EFQNLH,EPWGYT,GHFYGH,PSYYEP,VFTTVS,GCHLGV,PNGLNV,IYHRYC
GT32	5	Conth1|Conth1_366984	4.41	6	MNWTGP,DIMNWT,FSGSWK,WTGPGI,NWTGPG,IMNWTG
GT32	92	Conth1|Conth1_355380	6.0	6	WTGPGV,VWTDAV,GVWTDA,GPGVWT,TGPGVW,PGVWTD
GT33	1	Conth1|Conth1_303844	7.36	9	IIDWHN,DLPMKI,LIIDWH,LDLPMK,SGLDLP,SSGLDL,ITGKGP,SSSGLD,GLDLPM
GT35	1	Conth1|Conth1_323438	15.6	26	KAAPGY,LGNGGL,NGVAAL,ALGNGG,GGLGRL,ASGTSN,VLYPND,HEYKRQ,GNGGLG,GTSNMK,GLGRLA,GVAALH,IHEYKR,SGTSNM,IQLNDT,NGGLGR,DKLKVV,LNDTHP,KRIHEY,KLKVVF,GRLAAC,LGRLAA,TSNMKF,RIHEYK,EASGTS,QLNDTH
GT39	2	Conth1|Conth1_339661	10.5	20	HFGKFA,VVFDEV,FDEVHF,FGKFAS,VHPPLA,FDVHPP,FASYYL,DVHPPL,VFDEVH,DEVHFG,GKFASY,RLILLD,HDVASP,EVHFGK,HPPLAK,LHHYLP,KFASYY,HHYLPA,VHFGKF,FLHHYL
GT39	2	Conth1|Conth1_362618	10.1	18	LHHYLP,HHYLPA,EVHFGG,HPPLAK,FDVHPP,VFDEVH,VHFGGF,SVVFDE,VHPPLA,DEVHFG,FLHHYL,VVFDEV,DVHPPL,GGYLHS,FDEVHF,HFGGFA,KWVGLF,GYLHSH
GT39	2	Conth1|Conth1_322402	3.13	6	DEVHFG,VHPPLA,HPPLAK,EVHFGK,DVHPPL,VHFGKF
GT39	3	Conth1|Conth1_341566	16.4	19	YHDVHP,VHPPLG,KMLVGL,GKMLVG,EAHFGK,DVHPPL,AHFGKF,HDVHPP,FYHDVH,VVWDEA,WDEAHF,PALYFA,DEAHFG,PPLGKM,LGKMLV,HPPLGK,PLGKML,VWDEAH,HFGKFG
GT39	3	Conth1|Conth1_337637	14.9	17	GKMLVG,HPPLGK,CFKIHF,LDSMLL,HDVHPP,FYHDVH,PLGKML,FGKFGS,HFGKFG,ILLDSM,PPLGKM,LGKMLV,LLDSML,VHPPLG,FILLDS,DVHPPL,YHDVHP
GT4	109	Conth1|Conth1_307637	6.22	11	QFRPEK,AQFRPE,DTMGYA,YPTIST,VHYPTI,HYPTIS,TMGYAF,TISTDM,YVHYPT,PTISTD,MGYAFT
GT4	145	Conth1|Conth1_308547	11.1	14	VNSNFT,SINRFE,LAIKAF,LGIGGA,GGAERL,IHPDLG,GIGGAE,FIHPDL,HFGIVP,HPDLGI,DLGIGG,PDLGIG,IGGAER,EHFGIV
GT4	194	Conth1|Conth1_362229	10.1	16	LVYRKG,IVHGHQ,EAASCG,RLVYRK,SLTEAF,ICVSHT,ENTVLR,FTDHSL,EAFCIA,VHGHQA,AASCGL,GDGPKR,GGDGPK,IGGDGP,TEAFCI,LTEAFC
GT41	17	Conth1|Conth1_322948	30.5	35	LYYLSL,HLMQSV,NLNGYT,NHPLAH,TVLPFH,HTTAAD,MGFAGT,MQSVFG,GSLLKD,PFHTFT,EAVCGL,GFAGTL,PTVLPF,LGSLLK,PLAHLM,NAHTTA,LAHLMQ,CNAHTT,AHTTAA,GYVSSD,NFNQLY,AHLMQS,FNQLYK,VLPFHT,LPFHTF,HPLAHL,YKMCSR,NLGSLL,ECNAHT,WLLRFP,TNLGSL,LWLLRF,LMQSVF,FAGTLG,YVSSDF
GT48	1	Conth1|Conth1_338231	31.2	41	NEDIYA,EQTFGT,GNPILG,DANQDN,GKGRDL,QDNYLE,GKSDNQ,QTFGTL,AAGKEQ,GKEQTF,LRTRIW,ANQDNY,GRDLGF,QTLYRT,NQDNYL,REYIFS,DGKSDN,DNYLEE,GLHLNE,LHYGHP,LHLNED,KEQTFG,CGKGRD,KSDNQN,YGHPDF,KGRDLG,AGKEQT,QCGKGR,LPKRIY,PILGDG,ILGDGK,EYIFSE,YIFSEN,EDIYAG,LNEDIY,RLPKRI,LGDGKS,NPILGD,GDGKSD,HLNEDI,HYGHPD
GT48	1	Conth1|Conth1_323546	29.0	38	GKEQTF,GKGRDL,ILGDGK,DANQDN,NEDIYA,LHYGHP,QCGKGR,YIFSEN,AGKEQT,FFLDTY,GLHLNE,EYIFSE,LHLNED,EDIYAG,KEQTFG,HYGHPD,YGHPDF,AAGKEQ,PILGDG,LRTRIW,QDNYLE,EQTFGT,LNEDIY,RLPKRI,KLHYGH,FFAQSL,QTLYRT,GGKLHY,KGRDLG,GKLHYG,HLNEDI,DNYLEE,GRDLGF,ANQDNY,REYIFS,NQDNYL,CGKGRD,LFFLDT
GT48	1	Conth1|Conth1_289205	28.1	37	QCGKGR,LNEDIY,KSDNQN,REYIFS,QTLYRT,GNPILG,ILGDGK,GDGKSD,EYIFSE,DNYLEE,NQDNYL,ANQDNY,PILGDG,GKSDNQ,CGKGRD,YGHPDF,NPILGD,LHLNED,HLNEDI,HYGHPD,FFLDTY,GLHLNE,LRTRIW,GRDLGF,FLDTYL,LDTYLW,DGKSDN,DANQDN,QDNYLE,LGDGKS,DTYLWY,NEDIYA,YIFSEN,LHYGHP,GKGRDL,KGRDLG,EDIYAG
GT50	1	Conth1|Conth1_316712	14.1	18	YRYTPL,HFKIYP,TRGNAE,RYTPLL,DHRHNF,KIYPII,TYRYTP,HRHNFS,NKVCTS,YTDIDY,VCTSQY,FKIYPI,CTSQYF,IYPIIY,ISTRGN,RGNAES,KVCTSQ,STRGNA
GT57	1	Conth1|Conth1_305399	23.1	30	KQMALY,DHGHFQ,QMALYY,QYWGLD,HGHFQY,YWGLDY,GLDYPP,FSFQVH,FLFSFQ,EAQRHW,FEDKVA,GHFQYN,DKVANF,LFSFQV,KVANFW,FFLFSF,DLQYWG,SFFLFS,WGLDYP,FEAQRH,FKQMAL,IDHGHF,YDLQYW,DFEAQR,LQYWGL,FQVHEK,EDKVAN,GDFEAQ,SFQVHE,VANFWC
GT57	2	Conth1|Conth1_347203	24.6	29	WHVHEK,HIHFQY,VHRNWL,TLDYPP,LDYPPF,VHEKAI,HAYWAP,FQYNGF,NWLAIT,DHIHFQ,HRNWLA,IHFQYN,DYPPFF,SRLFPF,HVHEKA,WTLDYP,YFVFLL,YPPFFA,AYWAPN,LFGWHV,KHIFLY,FKHIFL,HEKAIM,RNWLAI,LSRLFP,FGWHVH,GWHVHE,FVFLLR,HFQYNG
GT58	2	Conth1|Conth1_312664	7.05	19	GLPFLL,PLVYPG,YTEIDW,GPLVYP,RLFNDP,LRLFND,FNDPIA,VLRLFN,NDPIAM,KMNVLL,LFNDPI,GDTGPL,TGPLVY,AYMQEV,DPIAML,DGELDY,GFLDGE,DTGPLV,WTVNWR
GT59	2	Conth1|Conth1_338170	4.55	12	RQTNII,PPGLYL,GDKSNH,LQRFMW,TTPPGL,YMDEIF,QTNIIW,MDEIFH,RYFILP,TPPGLY,VLGDKS,PYMDEI
GT66	1	Conth1|Conth1_326524	34.5	46	DNNTWN,IPIIAS,HEFDPW,DFREAY,WWDYGY,DINKFL,DVDYVL,NKFLWM,SVAGSY,PIIASV,AGVMVR,AGSYDN,YFAGVM,NNTWNN,FDPWFN,VSEHQP,NTWNNT,WNNTHI,ASVSEH,EFDPWF,IIASVS,AYYWLR,DDINKF,TWNNTH,NNTHIA,YSLWDT,VDNNTW,RSVAGS,IHEFDP,IASVSE,DYGYQI,WDYGYQ,FAGVMV,EAYYWL,AWGGYV,INKFLW,REAYYW,SVSEHQ,ISRSVA,DDFREA,SRSVAG,YFYMVS,WYPLGR,VAGSYD,GSYDNE,GVMVRL
GT8	39	Conth1|Conth1_325988	12.5	16	GDQGLL,PDCFNS,ADTLVL,FNSGVF,LPFIYN,GWPDCF,GGDQGL,FDGGDQ,CFNSGV,DCFNSG,SFDGGD,DQGLLN,DGGDQG,DADTLV,WPDCFN,GSFDGG
CBM1	13	Conth1|Conth1_285049	3.96	10	QFYNNY,QCVFPD,YWGQNS,YNNYCG,FYNNYC,LGVPGS,VYWGQN,PQCVFP,AAPQCV,CVFPDA
CBM1	13	Conth1|Conth1_181444	3.46	8	YWGQNS,AAPQCP,PFGDAV,FYNNYC,WDNWAK,YNNYCG,QFYNNY,RPFGDA
CBM12	6	Conth1|Conth1_366018	9.59	12	DIDWEY,DGIDID,IDIDWE,GIDIDW,ISLGGW,SLGGWT,LTHINY,THINYA,LISLGG,INYAFG,IDWEYP,HINYAF
CBM12	6	Conth1|Conth1_366025	9.59	12	DIDWEY,DGIDID,IDIDWE,GIDIDW,ISLGGW,SLGGWT,LTHINY,THINYA,LISLGG,INYAFG,IDWEYP,HINYAF
CBM12	6	Conth1|Conth1_305232	5.99	7	DIDWEY,DGIDID,IDIDWE,GIDIDW,FDGIDI,LTHINY,IDWEYP
CBM12	6	Conth1|Conth1_283121	5.96	7	DIDWEY,HINYAF,IDIDWE,THINYA,GIDIDW,IDWEYP,DGIDID
CBM12	6	Conth1|Conth1_285265	5.1	6	DGIDID,IDIDWE,DIDWEY,GIDIDW,SLGGWT,IDWEYP
CBM12	6	Conth1|Conth1_285098	5.07	6	DGIDID,DIDWEY,IDIDWE,IDWEYP,GIDIDW,LTHINY
CBM12	11	Conth1|Conth1_313218	8.25	10	NYAFAD,GVDLDW,NIMTYD,INYAFA,YAFADI,IMTYDF,ISVGGW,YLLTIA,VDLDWE,DGVDLD
CBM18	7	Conth1|Conth1_283641	4.89	11	TFDDGP,GHQIAS,LTFDDG,IASHTW,SHTWSH,ALTFDD,VALTFD,EGHQIA,HQIASH,QIASHT,ASHTWS
CBM18	7	Conth1|Conth1_325204	3.96	9	IASHTW,ASHTWS,EGHQIA,GHQIAS,SHTWSH,QIASHT,HQIASH,LTFDDG,ALTFDD
CBM18	7	Conth1|Conth1_282246	2.76	7	IASHTW,EGHQIA,GHQIAS,QIASHT,HQIASH,LTFDDG,ALTFDD
CBM19	1	Conth1|Conth1_285049	7.21	8	QFYNNY,YWGQNS,FYNNYC,FIQFYN,IQFYNN,LLSLGG,VYWGQN,LSLGGA
CBM19	1	Conth1|Conth1_278180	5.6	6	YWGQNS,LWDASQ,FIQFYN,FYNNYC,QFYNNY,IQFYNN
CBM19	1	Conth1|Conth1_181444	5.58	6	YWGQNS,AAPQCP,FIQFYN,FYNNYC,QFYNNY,IQFYNN
CBM19	1	Conth1|Conth1_326294	5.24	6	AAGSGY,SAAPQC,YWGQNS,LSLGGA,AGSGYI,IQFYNN
CBM2	6	Conth1|Conth1_313218	8.76	9	GVDLDW,NIMTYD,SVGGWT,IMTYDF,ISVGGW,NFTLLL,YLLTIA,VDLDWE,DGVDLD
CBM2	6	Conth1|Conth1_282875	6.83	7	DGVDLD,LDWEYP,GVPFYG,DWEYPG,GVDLDW,VDLDWE,DLDWEY
CBM2	6	Conth1|Conth1_335530	6.82	7	GVPFYG,GVDLDW,LDWEYP,DGVDLD,DLDWEY,VDLDWE,DWEYPG
CBM20	17	Conth1|Conth1_301620	6.82	8	ALWLPP,EFNQKG,FNQKGT,YDLGEF,GEFNQK,DLGEFN,LGEFNQ,VDNHDT
CBM20	39	Conth1|Conth1_292604	3.4	7	FPSSEI,PFPSSE,DYDGTL,HDYHLM,IGFFLH,LSEFTG,SSEIFR
CBM32	11	Conth1|Conth1_296062	6.04	7	RFDAYY,WTGDQS,KLDVAW,NDGYGC,FDAYYF,DGYGCG,GYGCGY
CBM39	5	Conth1|Conth1_326352	11.0	13	WIWPAI,WPASGE,PASGEI,ASGEID,GDWIWP,IWPAIW,DWIWPA,IFEDNF,GGNWEF,NPIQSA,SGEIDI,GGGNWE,FEDNFD
CBM39	5	Conth1|Conth1_325640	7.51	9	PASGEI,SGEIDI,NFKYGK,GGNWEF,WPASGE,ASGEID,GGGNWE,WPAIWL,FNFKYG
CBM4	2	Conth1|Conth1_326352	2.96	6	NVAVGG,ASGEID,GEIDIM,WPAIWM,SGEIDI,EIDIME
CBM43	1	Conth1|Conth1_319991	7.89	11	SGGIVY,FAGNEV,VWSGGI,FFAGNE,ADFYGI,DFYGIN,KIPVGY,AGNEVT,GFFAGN,WSGGIV,GNEVTN
CBM43	1	Conth1|Conth1_308002	4.18	6	FAGNEV,VLGFFA,FFAGNE,LGFFAG,GFFAGN,NVLGFF
CBM48	20	Conth1|Conth1_36487	29.1	42	SRLFNY,FRFDGV,GNEFGH,DQALVG,YYASFG,FGHPEW,HDQALV,IYEAHV,AEDVSG,HKMIRL,ESHDQA,DGFRFD,SFGYQV,DGVTSM,RFDGVT,YREWAP,NEFGHP,ALHKMI,EFGHPE,SHDQAL,FPREGN,EWAPNA,GEGYLN,GFDYRL,VTSMLY,LVGDKT,ASFGYQ,TLTNRR,MAIMEH,GDFNNW,VHSHAS,GVTSML,LHKMIR,DFPREG,ALVGDK,GFRFDG,VGDKTI,YEAHVG,FDGVTS,QALVGD,YASFGY,EGYLNF
CBM5	9	Conth1|Conth1_313218	9.98	11	NYAFAD,GVDLDW,NIMTYD,YAFADI,IMTYDF,HINYAF,DGVDLD,ISVGGW,YLLTIA,VDLDWE,INYAFA
CBM5	9	Conth1|Conth1_335530	5.36	6	GVDLDW,LDWEYP,DGVDLD,DLDWEY,HINYAF,VDLDWE
CBM5	14	Conth1|Conth1_366018	5.04	8	DIDWEY,DGIDID,IDIDWE,GIDIDW,ISLGGW,SLGGWT,DWEYPG,IDWEYP
CBM5	14	Conth1|Conth1_366025	5.04	8	DIDWEY,DGIDID,IDIDWE,GIDIDW,ISLGGW,SLGGWT,DWEYPG,IDWEYP
CBM5	14	Conth1|Conth1_305232	4.61	7	DIDWEY,DGIDID,IDIDWE,GIDIDW,FDGIDI,DWEYPG,IDWEYP
CBM5	14	Conth1|Conth1_285265	4.45	7	DGIDID,IDIDWE,DIDWEY,GIDIDW,DWEYPG,SLGGWT,IDWEYP
CBM5	14	Conth1|Conth1_283121	3.92	6	DIDWEY,DWEYPG,IDIDWE,GIDIDW,IDWEYP,DGIDID
CBM5	14	Conth1|Conth1_285098	3.92	6	DGIDID,DIDWEY,IDIDWE,IDWEYP,GIDIDW,DWEYPG
CBM5	29	Conth1|Conth1_163342	6.76	7	QGDSGG,DSCQGD,DSGGPI,TAAHCV,SCQGDS,GDSGGP,CQGDSG
CBM5	29	Conth1|Conth1_308494	5.76	6	QGDSGG,DSCQGD,GDSGGP,SCQGDS,CQGDSG,DSGGPI
CBM5	29	Conth1|Conth1_353470	5.76	6	QGDSGG,DSCQGD,DSGGPI,SCQGDS,GDSGGP,CQGDSG
CBM5	29	Conth1|Conth1_353473	5.76	6	QGDSGG,DSCQGD,DSGGPI,SCQGDS,GDSGGP,CQGDSG
CBM5	49	Conth1|Conth1_274102	7.31	8	GTHVAG,SGTSMA,VAGTIA,HGTHVA,ISGTSM,THVAGT,GHGTHV,HVAGTI
CBM5	49	Conth1|Conth1_337947	6.84	9	NGHGTH,SMSLGG,SGTSMA,MATPHV,GTSMAT,TSMATP,SMATPH,MSLGGS,ISGTSM
CBM5	49	Conth1|Conth1_352154	6.27	7	ISGTSM,HGTHVA,SGTSMA,GTHVAG,NGHGTH,THVAGT,GHGTHV
CBM5	49	Conth1|Conth1_341833	6.14	8	MATPHV,GTSMAT,SMSLGG,ISGTSM,SGTSMA,SMATPH,TSMATP,SISGTS
CBM5	49	Conth1|Conth1_337955	6.14	8	NGHGTH,SMSLGG,SGTSMA,MATPHV,GTSMAT,TSMATP,SMATPH,ISGTSM
CBM5	49	Conth1|Conth1_338020	5.44	7	MATPHV,NGHGTH,GTSMAT,ISGTSM,SMATPH,SGTSMA,TSMATP
CBM5	49	Conth1|Conth1_336309	5.44	7	GTSMAT,SMATPH,NGHGTH,SGTSMA,MATPHV,TSMATP,ISGTSM
CBM5	49	Conth1|Conth1_343424	5.43	6	GTHVAG,GTSMAT,TSMATP,HGTHVA,GHGTHV,SGTSMA
CBM5	49	Conth1|Conth1_281487	5.43	6	TSMATP,HGTHVA,SGTSMA,GTHVAG,GTSMAT,GHGTHV
CBM5	49	Conth1|Conth1_354587	4.74	6	SGTSMA,MATPHV,GTSMAT,TSMATP,SMATPH,ISGTSM
CBM5	49	Conth1|Conth1_354791	4.74	6	MATPHV,GTSMAT,ISGTSM,SMATPH,SGTSMA,TSMATP
CBM5	49	Conth1|Conth1_338650	4.74	6	GTSMAT,SMATPH,SGTSMA,MATPHV,TSMATP,ISGTSM
CBM5	84	Conth1|Conth1_361799	6.85	7	GWGLTS,GDSGGP,CNGDSG,VLTAAH,NGDSGG,ACNGDS,LTAAHC
CBM5	84	Conth1|Conth1_178351	6.0	6	LTAAHC,VLTAAH,ACNGDS,NGDSGG,GDSGGP,CNGDSG
CBM51	2	Conth1|Conth1_296062	8.28	9	RFDAYY,LVAPVY,WTGDQS,KLDVAW,NDGYGC,FDAYYF,DGYGCG,TLYEDD,GYGCGY
CBM54	1	Conth1|Conth1_326352	3.78	6	ASGEID,GEIDIM,IWPAIW,WPAIWM,SGEIDI,EIDIME
CBM55	1	Conth1|Conth1_283121	6.0	6	LDGIDI,DIDWEY,NLDGID,IDIDWE,GIDIDW,IDWEYP
CBM57	6	Conth1|Conth1_297385	4.62	6	GTHTMG,THTMGT,HGTHTM,SMASPH,TSMASP,GTSMAS
CBM57	6	Conth1|Conth1_284109	4.33	6	SMASPH,HGTHTM,DHNYNW,SGTSMA,GTSMAS,TSMASP
CBM57	16	Conth1|Conth1_334620	12.8	14	DLAGSE,KTLMFV,NIRVFC,FAYGQT,SKTLMF,IRVFCR,IFAYGQ,KTFTME,GKTFTM,RNSKLT,GNIRVF,AYGQTG,TFTMEG,VCIFAY
CBM57	16	Conth1|Conth1_295343	10.7	11	FAYGQT,SSRSHC,YGQTGT,VDLAGS,GQTGTG,QTGTGK,DLAGSE,RNSKLT,LVDLAG,TGTGKT,AYGQTG
CBM57	16	Conth1|Conth1_294710	10.7	11	TGTGKT,SSRSHC,GQTGTG,VDLAGS,YGQTGT,RNSKLT,QTGTGK,LVDLAG,DLAGSE,FAYGQT,AYGQTG
CBM57	16	Conth1|Conth1_241658	8.87	9	DLAGSE,YGQTGT,VDLAGS,GQTGTG,LVDLAG,QTGTGK,FAYGQT,AYGQTG,TGTGKT
CBM57	16	Conth1|Conth1_301752	6.76	7	VDLAGS,LVDLAG,GKTFTM,DLAGSE,FAYGQT,SLSALG,AYGQTG
CBM57	16	Conth1|Conth1_365091	6.76	7	IFAYGQ,LVDLAG,VDLAGS,AYGQTG,DLAGSE,FAYGQT,LAGSER
CBM57	16	Conth1|Conth1_274078	6.0	6	LQDSLG,VDLAGS,DLAGSE,LAGSER,LEVYNE,LLQDSL
CBM57	16	Conth1|Conth1_322643	5.76	6	DLAGSE,IFAYGQ,FAYGQT,LAGSER,AYGQTG,VDLAGS
CBM57	16	Conth1|Conth1_340040	5.76	6	VDLAGS,DLAGSE,GKTFTM,AYGQTG,LVDLAG,FAYGQT
CBM6	15	Conth1|Conth1_326352	4.6	8	NVAVGG,WPASGE,PASGEI,ASGEID,GEIDIM,WPAIWM,SGEIDI,EIDIME
CBM6	15	Conth1|Conth1_325640	4.11	8	GWPASG,PASGEI,SGEIDI,GEIDIM,NLAVGG,WPASGE,EIDIME,ASGEID
CBM73	8	Conth1|Conth1_163342	6.93	7	QGDSGG,DSCQGD,DSGGPI,TAAHCV,SCQGDS,GDSGGP,CQGDSG
CBM73	8	Conth1|Conth1_308494	5.94	6	QGDSGG,DSCQGD,GDSGGP,SCQGDS,CQGDSG,DSGGPI
CBM73	8	Conth1|Conth1_353470	5.94	6	QGDSGG,DSCQGD,DSGGPI,SCQGDS,GDSGGP,CQGDSG
CBM73	8	Conth1|Conth1_353473	5.94	6	QGDSGG,DSCQGD,DSGGPI,SCQGDS,GDSGGP,CQGDSG
