Conth1|Conth1_102203       0.227  29  0.389  29  0.880  17  0.648   0.490 Y  0.450      SignalP-TM
Conth1|Conth1_104957       0.799  37  0.697  37  0.752  24  0.456   0.603 Y  0.450      SignalP-TM
Conth1|Conth1_106127       0.225  26  0.378  16  0.949  14  0.916   0.631 Y  0.570      SignalP-noTM
Conth1|Conth1_110709       0.241  18  0.474  18  0.960  12  0.922   0.685 Y  0.570      SignalP-noTM
Conth1|Conth1_110709       0.448  23  0.652  23  0.976  16  0.914   0.754 Y  0.450      SignalP-TM
Conth1|Conth1_112453       0.215  20  0.369  20  0.763   2  0.654   0.480 Y  0.450      SignalP-TM
Conth1|Conth1_112453       0.683  20  0.666  20  0.839  17  0.672   0.669 Y  0.570      SignalP-noTM
Conth1|Conth1_132951       0.130  21  0.319  21  0.854  10  0.729   0.479 Y  0.450      SignalP-TM
Conth1|Conth1_134578       0.390  20  0.560  20  0.868  10  0.791   0.668 Y  0.570      SignalP-noTM
Conth1|Conth1_138176       0.151  40  0.295  20  0.859  10  0.723   0.462 Y  0.450      SignalP-TM
Conth1|Conth1_145302       0.335  27  0.490  27  0.807  22  0.668   0.560 Y  0.450      SignalP-TM
Conth1|Conth1_146689       0.273  19  0.453  19  0.827  10  0.757   0.571 Y  0.450      SignalP-TM
Conth1|Conth1_146762       0.138  22  0.354  22  0.960  18  0.906   0.613 Y  0.570      SignalP-noTM
Conth1|Conth1_155944       0.298  20  0.504  20  0.901  18  0.840   0.635 Y  0.450      SignalP-TM
Conth1|Conth1_155944       0.591  20  0.726  20  0.925   4  0.897   0.806 Y  0.570      SignalP-noTM
Conth1|Conth1_156993       0.167  21  0.360  21  0.844  17  0.779   0.523 Y  0.450      SignalP-TM
Conth1|Conth1_156993       0.432  21  0.553  21  0.871  17  0.737   0.639 Y  0.570      SignalP-noTM
Conth1|Conth1_16398        0.193  25  0.417  21  0.968  13  0.933   0.660 Y  0.570      SignalP-noTM
Conth1|Conth1_166204       0.356  26  0.539  26  0.901  21  0.782   0.634 Y  0.450      SignalP-TM
Conth1|Conth1_16853        0.237  28  0.381  28  0.861  26  0.576   0.457 Y  0.450      SignalP-TM
Conth1|Conth1_175602       0.159  23  0.319  23  0.825  13  0.667   0.455 Y  0.450      SignalP-TM
Conth1|Conth1_175602       0.194  17  0.428  17  0.970  12  0.942   0.670 Y  0.570      SignalP-noTM
Conth1|Conth1_181444       0.211  21  0.399  21  0.832   2  0.767   0.542 Y  0.450      SignalP-TM
Conth1|Conth1_181444       0.235  20  0.450  20  0.933  10  0.875   0.650 Y  0.570      SignalP-noTM
Conth1|Conth1_181941       0.111  31  0.282  14  0.845  10  0.741   0.461 Y  0.450      SignalP-TM
Conth1|Conth1_182222       0.228  18  0.400  18  0.761  17  0.700   0.517 Y  0.450      SignalP-TM
Conth1|Conth1_182222       0.397  18  0.548  18  0.882  17  0.766   0.651 Y  0.570      SignalP-noTM
Conth1|Conth1_187419       0.150  61  0.342  17  0.896  14  0.845   0.579 Y  0.570      SignalP-noTM
Conth1|Conth1_187419       0.181  34  0.350  27  0.878  15  0.745   0.504 Y  0.450      SignalP-TM
Conth1|Conth1_20662        0.144  22  0.315  22  0.806  10  0.696   0.464 Y  0.450      SignalP-TM
Conth1|Conth1_21423        0.469  27  0.477  27  0.926   9  0.695   0.579 Y  0.570      SignalP-noTM
Conth1|Conth1_21423        0.628  27  0.640  27  0.893  10  0.748   0.682 Y  0.450      SignalP-TM
Conth1|Conth1_217618       0.475  22  0.597  22  0.885   1  0.774   0.681 Y  0.570      SignalP-noTM
Conth1|Conth1_218849       0.293  22  0.427  22  0.811  18  0.645   0.512 Y  0.450      SignalP-TM
Conth1|Conth1_221969       0.255  26  0.396  26  0.946  13  0.766   0.570 Y  0.570      SignalP-noTM
Conth1|Conth1_221969       0.316  26  0.511  26  0.943  16  0.869   0.651 Y  0.450      SignalP-TM
Conth1|Conth1_228852       0.174  30  0.326  23  0.849  15  0.729   0.483 Y  0.450      SignalP-TM
Conth1|Conth1_228852       0.294  21  0.492  21  0.918   1  0.846   0.658 Y  0.570      SignalP-noTM
Conth1|Conth1_237940       0.135  23  0.270  12  0.844   7  0.732   0.450 Y  0.450      SignalP-TM
Conth1|Conth1_245420       0.302  25  0.401  25  0.832   8  0.593   0.476 Y  0.450      SignalP-TM
Conth1|Conth1_255961       0.508  20  0.605  20  0.905  12  0.695   0.648 Y  0.570      SignalP-noTM
Conth1|Conth1_263633       0.173  20  0.333  20  0.739   4  0.656   0.459 Y  0.450      SignalP-TM
Conth1|Conth1_263633       0.345  20  0.474  20  0.842   1  0.683   0.573 Y  0.570      SignalP-noTM
Conth1|Conth1_273987       0.291  22  0.442  22  0.791  15  0.666   0.529 Y  0.450      SignalP-TM
Conth1|Conth1_273987       0.529  20  0.581  20  0.746  10  0.633   0.606 Y  0.570      SignalP-noTM
Conth1|Conth1_28495        0.189  32  0.323  22  0.825  18  0.673   0.459 Y  0.450      SignalP-TM
Conth1|Conth1_28495        0.471  20  0.643  20  0.928  13  0.861   0.746 Y  0.570      SignalP-noTM
Conth1|Conth1_285235       0.192  20  0.377  20  0.880  18  0.721   0.511 Y  0.450      SignalP-TM
Conth1|Conth1_285235       0.341  20  0.525  20  0.864   2  0.814   0.661 Y  0.570      SignalP-noTM
Conth1|Conth1_285615       0.299  22  0.433  22  0.833   6  0.689   0.533 Y  0.450      SignalP-TM
Conth1|Conth1_285615       0.600  22  0.653  22  0.887   4  0.774   0.710 Y  0.570      SignalP-noTM
Conth1|Conth1_286054       0.115  30  0.272  12  0.780   7  0.745   0.456 Y  0.450      SignalP-TM
Conth1|Conth1_287335       0.390  19  0.526  19  0.784   9  0.714   0.614 Y  0.570      SignalP-noTM
Conth1|Conth1_287777       0.227  30  0.389  30  0.867  22  0.644   0.488 Y  0.450      SignalP-TM
Conth1|Conth1_288089       0.288  27  0.411  27  0.779  18  0.561   0.470 Y  0.450      SignalP-TM
Conth1|Conth1_288089       0.501  27  0.618  22  0.894  18  0.817   0.711 Y  0.570      SignalP-noTM
Conth1|Conth1_288977       0.224  26  0.359  26  0.813   7  0.648   0.472 Y  0.450      SignalP-TM
Conth1|Conth1_291443       0.165  27  0.326  27  0.837  15  0.667   0.459 Y  0.450      SignalP-TM
Conth1|Conth1_292853       0.223  39  0.341  27  0.771   3  0.693   0.479 Y  0.450      SignalP-TM
Conth1|Conth1_293626       0.347  20  0.462  20  0.765  18  0.631   0.528 Y  0.450      SignalP-TM
Conth1|Conth1_293626       0.500  20  0.534  20  0.802   1  0.619   0.574 Y  0.570      SignalP-noTM
Conth1|Conth1_295013       0.192  23  0.394  19  0.939  10  0.893   0.629 Y  0.570      SignalP-noTM
Conth1|Conth1_295013       0.239  34  0.392  23  0.907  16  0.825   0.561 Y  0.450      SignalP-TM
Conth1|Conth1_295705       0.181  32  0.388  23  0.940  16  0.881   0.620 Y  0.570      SignalP-noTM
Conth1|Conth1_295740       0.294  31  0.380  25  0.886   8  0.723   0.514 Y  0.450      SignalP-TM
Conth1|Conth1_296121       0.189  68  0.299  16  0.852   1  0.744   0.473 Y  0.450      SignalP-TM
Conth1|Conth1_296364       0.322  19  0.516  19  0.923   4  0.844   0.644 Y  0.450      SignalP-TM
Conth1|Conth1_296364       0.655  19  0.763  19  0.937  15  0.892   0.823 Y  0.570      SignalP-noTM
Conth1|Conth1_296800       0.407  37  0.442  37  0.696  36  0.524   0.474 Y  0.450      SignalP-TM
Conth1|Conth1_298311       0.199  34  0.337  25  0.807  13  0.674   0.468 Y  0.450      SignalP-TM
Conth1|Conth1_298726       0.247  31  0.358  31  0.746   6  0.603   0.453 Y  0.450      SignalP-TM
Conth1|Conth1_299217       0.311  23  0.465  23  0.905  22  0.613   0.523 Y  0.450      SignalP-TM
Conth1|Conth1_299279       0.129  24  0.277  11  0.773   4  0.730   0.453 Y  0.450      SignalP-TM
Conth1|Conth1_300217       0.111  21  0.281  13  0.836   6  0.794   0.481 Y  0.450      SignalP-TM
Conth1|Conth1_300310       0.350  18  0.491  18  0.822  16  0.683   0.581 Y  0.570      SignalP-noTM
Conth1|Conth1_300310       0.590  27  0.595  27  0.870  16  0.647   0.615 Y  0.450      SignalP-TM
Conth1|Conth1_300632       0.191  22  0.359  22  0.774  15  0.671   0.480 Y  0.450      SignalP-TM
Conth1|Conth1_300893       0.292  25  0.395  25  0.843   1  0.574   0.465 Y  0.450      SignalP-TM
Conth1|Conth1_302634       0.140  23  0.305  19  0.741  13  0.693   0.456 Y  0.450      SignalP-TM
Conth1|Conth1_302751       0.348  33  0.511  33  0.901  12  0.807   0.627 Y  0.450      SignalP-TM
Conth1|Conth1_303157       0.179  29  0.327  29  0.847  18  0.654   0.455 Y  0.450      SignalP-TM
Conth1|Conth1_305203       0.443  28  0.525  28  0.729  22  0.490   0.512 Y  0.450      SignalP-TM
Conth1|Conth1_307558       0.362  19  0.477  19  0.840   5  0.676   0.554 Y  0.450      SignalP-TM
Conth1|Conth1_310223       0.235  19  0.433  19  0.846   1  0.802   0.577 Y  0.450      SignalP-TM
Conth1|Conth1_310223       0.425  19  0.594  19  0.903  18  0.839   0.709 Y  0.570      SignalP-noTM
Conth1|Conth1_311119       0.180  24  0.405  24  0.962  13  0.915   0.604 Y  0.450      SignalP-TM
Conth1|Conth1_311119       0.268  28  0.411  24  0.837   6  0.727   0.528 Y  0.510      SignalP-TM
Conth1|Conth1_311146       0.107  65  0.290  12  0.890   4  0.858   0.512 Y  0.450      SignalP-TM
Conth1|Conth1_312226       0.204  23  0.394  23  0.837  20  0.754   0.534 Y  0.450      SignalP-TM
Conth1|Conth1_312226       0.680  23  0.721  23  0.860  15  0.785   0.751 Y  0.570      SignalP-noTM
Conth1|Conth1_312473       0.166  21  0.366  21  0.912  12  0.780   0.528 Y  0.450      SignalP-TM
Conth1|Conth1_312488       0.189  16  0.355  16  0.751  13  0.669   0.477 Y  0.450      SignalP-TM
Conth1|Conth1_312488       0.286  16  0.476  16  0.875  12  0.785   0.621 Y  0.570      SignalP-noTM
Conth1|Conth1_312578       0.156  20  0.330  20  0.775  12  0.684   0.468 Y  0.450      SignalP-TM
Conth1|Conth1_312578       0.280  20  0.484  20  0.909  17  0.842   0.652 Y  0.570      SignalP-noTM
Conth1|Conth1_315836       0.181  25  0.379  18  0.889  12  0.811   0.582 Y  0.570      SignalP-noTM
Conth1|Conth1_315836       0.327  25  0.396  25  0.760  13  0.577   0.467 Y  0.450      SignalP-TM
Conth1|Conth1_315899       0.117  43  0.290  18  0.889  12  0.793   0.486 Y  0.450      SignalP-TM
Conth1|Conth1_317143       0.217  16  0.396  16  0.830  13  0.728   0.525 Y  0.450      SignalP-TM
Conth1|Conth1_317240       0.165  22  0.342  22  0.849   4  0.747   0.500 Y  0.450      SignalP-TM
Conth1|Conth1_317240       0.294  22  0.490  22  0.934   2  0.860   0.664 Y  0.570      SignalP-noTM
Conth1|Conth1_317417       0.157  24  0.331  21  0.866  17  0.724   0.484 Y  0.450      SignalP-TM
Conth1|Conth1_317417       0.219  19  0.424  19  0.887  12  0.803   0.602 Y  0.570      SignalP-noTM
Conth1|Conth1_317858       0.285  23  0.470  23  0.867  16  0.790   0.595 Y  0.450      SignalP-TM
Conth1|Conth1_318613       0.225  24  0.386  24  0.784  14  0.651   0.489 Y  0.450      SignalP-TM
Conth1|Conth1_320205       0.331  21  0.468  21  0.793  13  0.696   0.557 Y  0.450      SignalP-TM
Conth1|Conth1_320205       0.658  21  0.789  21  0.969  11  0.947   0.863 Y  0.570      SignalP-noTM
Conth1|Conth1_320920       0.412  26  0.522  26  0.854  17  0.659   0.576 Y  0.450      SignalP-TM
Conth1|Conth1_320936       0.371  29  0.535  29  0.883  22  0.676   0.590 Y  0.450      SignalP-TM
Conth1|Conth1_320936       0.651  26  0.670  26  0.793  19  0.651   0.661 Y  0.570      SignalP-noTM
Conth1|Conth1_321568       0.190  42  0.288  16  0.820   8  0.777   0.479 Y  0.450      SignalP-TM
Conth1|Conth1_321691       0.301  25  0.436  25  0.769  24  0.607   0.503 Y  0.450      SignalP-TM
Conth1|Conth1_321691       0.537  25  0.542  25  0.800   1  0.623   0.580 Y  0.570      SignalP-noTM
Conth1|Conth1_322428       0.311  49  0.507  20  0.957  18  0.913   0.666 Y  0.450      SignalP-TM
Conth1|Conth1_322428       0.413  20  0.624  20  0.959  14  0.918   0.733 Y  0.510      SignalP-TM
Conth1|Conth1_322498       0.199  26  0.369  26  0.897   9  0.744   0.515 Y  0.450      SignalP-TM
Conth1|Conth1_322547       0.186  23  0.370  23  0.831   4  0.747   0.517 Y  0.450      SignalP-TM
Conth1|Conth1_322625       0.182  25  0.393  25  0.918  18  0.829   0.598 Y  0.570      SignalP-noTM
Conth1|Conth1_322659       0.124  37  0.283  13  0.873   3  0.793   0.482 Y  0.450      SignalP-TM
Conth1|Conth1_322690       0.173  21  0.389  21  0.938  19  0.883   0.621 Y  0.570      SignalP-noTM
Conth1|Conth1_322918       0.233  23  0.384  23  0.735  10  0.606   0.471 Y  0.450      SignalP-TM
Conth1|Conth1_322977       0.171  23  0.370  23  0.890  14  0.783   0.531 Y  0.450      SignalP-TM
Conth1|Conth1_322992       0.207  21  0.364  21  0.783  16  0.592   0.453 Y  0.450      SignalP-TM
Conth1|Conth1_323054       0.312  20  0.441  20  0.813  18  0.603   0.504 Y  0.450      SignalP-TM
Conth1|Conth1_323054       0.495  20  0.622  20  0.861   1  0.772   0.693 Y  0.570      SignalP-noTM
Conth1|Conth1_323149       0.157  33  0.315  21  0.889   4  0.788   0.500 Y  0.450      SignalP-TM
Conth1|Conth1_323149       0.180  29  0.368  21  0.916   8  0.872   0.605 Y  0.570      SignalP-noTM
Conth1|Conth1_323162       0.151  27  0.333  18  0.840  16  0.763   0.501 Y  0.450      SignalP-TM
Conth1|Conth1_323171       0.174  20  0.376  20  0.868  12  0.803   0.543 Y  0.450      SignalP-TM
Conth1|Conth1_323171       0.587  20  0.708  20  0.918  17  0.859   0.779 Y  0.570      SignalP-noTM
Conth1|Conth1_323225       0.237  19  0.469  19  0.959  17  0.928   0.648 Y  0.450      SignalP-TM
Conth1|Conth1_323225       0.605  19  0.742  19  0.954  17  0.910   0.821 Y  0.570      SignalP-noTM
Conth1|Conth1_323288       0.159  32  0.287  18  0.808  10  0.729   0.460 Y  0.450      SignalP-TM
Conth1|Conth1_323288       0.202  21  0.398  21  0.896  17  0.792   0.583 Y  0.570      SignalP-noTM
Conth1|Conth1_323324       0.418  33  0.466  33  0.631   1  0.443   0.457 Y  0.450      SignalP-TM
Conth1|Conth1_323363       0.126  30  0.290  19  0.891  11  0.806   0.491 Y  0.450      SignalP-TM
Conth1|Conth1_323417       0.154  33  0.327  23  0.902  16  0.756   0.494 Y  0.450      SignalP-TM
Conth1|Conth1_323441       0.273  22  0.418  22  0.789   9  0.664   0.514 Y  0.450      SignalP-TM
Conth1|Conth1_323441       0.846  22  0.803  22  0.884   3  0.801   0.802 Y  0.570      SignalP-noTM
Conth1|Conth1_323525       0.237  26  0.364  26  0.765  16  0.603   0.457 Y  0.450      SignalP-TM
Conth1|Conth1_323550       0.294  19  0.446  19  0.871  18  0.684   0.539 Y  0.450      SignalP-TM
Conth1|Conth1_323550       0.582  19  0.564  19  0.771   2  0.581   0.572 Y  0.570      SignalP-noTM
Conth1|Conth1_323562       0.172  26  0.397  26  0.951  21  0.841   0.570 Y  0.450      SignalP-TM
Conth1|Conth1_323562       0.615  26  0.767  26  0.972  24  0.945   0.850 Y  0.570      SignalP-noTM
Conth1|Conth1_323564       0.253  21  0.474  21  0.943  17  0.896   0.672 Y  0.570      SignalP-noTM
Conth1|Conth1_323564       0.366  28  0.552  28  0.952  18  0.838   0.664 Y  0.450      SignalP-TM
Conth1|Conth1_323620       0.292  25  0.459  23  0.840  19  0.731   0.565 Y  0.450      SignalP-TM
Conth1|Conth1_323620       0.426  23  0.572  23  0.865   2  0.764   0.662 Y  0.570      SignalP-noTM
Conth1|Conth1_323709       0.315  31  0.447  31  0.799  29  0.544   0.485 Y  0.450      SignalP-TM
Conth1|Conth1_323845       0.385  31  0.527  31  0.909  23  0.686   0.589 Y  0.450      SignalP-TM
Conth1|Conth1_323864       0.501  28  0.592  28  0.849   1  0.693   0.631 Y  0.450      SignalP-TM
Conth1|Conth1_323875       0.218  29  0.403  23  0.938  18  0.809   0.561 Y  0.450      SignalP-TM
Conth1|Conth1_323875       0.377  24  0.544  24  0.907  17  0.791   0.660 Y  0.570      SignalP-noTM
Conth1|Conth1_323879       0.205  44  0.418  25  0.923  19  0.843   0.584 Y  0.450      SignalP-TM
Conth1|Conth1_323879       0.208  22  0.443  22  0.971  19  0.940   0.677 Y  0.570      SignalP-noTM
Conth1|Conth1_323936       0.339  18  0.534  18  0.905  15  0.850   0.682 Y  0.570      SignalP-noTM
Conth1|Conth1_323991       0.305  20  0.416  20  0.705  18  0.543   0.465 Y  0.450      SignalP-TM
Conth1|Conth1_324096       0.314  20  0.467  20  0.840  13  0.688   0.571 Y  0.570      SignalP-noTM
Conth1|Conth1_324168       0.138  34  0.294  24  0.903  12  0.788   0.487 Y  0.450      SignalP-TM
Conth1|Conth1_324262       0.311  32  0.402  32  0.726  16  0.554   0.461 Y  0.450      SignalP-TM
Conth1|Conth1_324322       0.221  36  0.381  26  0.866  19  0.728   0.516 Y  0.450      SignalP-TM
Conth1|Conth1_324322       0.373  20  0.555  20  0.931   3  0.851   0.694 Y  0.570      SignalP-noTM
Conth1|Conth1_324359       0.343  24  0.546  24  0.950  14  0.888   0.679 Y  0.450      SignalP-TM
Conth1|Conth1_324376       0.268  26  0.435  23  0.901  19  0.824   0.618 Y  0.570      SignalP-noTM
Conth1|Conth1_324393       0.258  29  0.454  20  0.918  16  0.828   0.600 Y  0.450      SignalP-TM
Conth1|Conth1_324393       0.433  20  0.584  20  0.876  18  0.768   0.671 Y  0.570      SignalP-noTM
Conth1|Conth1_324409       0.203  23  0.390  20  0.853  15  0.769   0.537 Y  0.450      SignalP-TM
Conth1|Conth1_324409       0.298  20  0.515  20  0.923  15  0.874   0.648 Y  0.510      SignalP-TM
Conth1|Conth1_324501       0.210  23  0.398  20  0.879   3  0.799   0.586 Y  0.570      SignalP-noTM
Conth1|Conth1_324501       0.301  30  0.427  23  0.882  16  0.758   0.556 Y  0.450      SignalP-TM
Conth1|Conth1_324523       0.469  36  0.520  36  0.677  27  0.467   0.499 Y  0.450      SignalP-TM
Conth1|Conth1_324585       0.245  24  0.409  24  0.810  18  0.663   0.508 Y  0.450      SignalP-TM
Conth1|Conth1_324607       0.242  35  0.401  19  0.972  16  0.950   0.615 Y  0.450      SignalP-TM
Conth1|Conth1_324607       0.528  19  0.710  19  0.973  17  0.950   0.823 Y  0.570      SignalP-noTM
Conth1|Conth1_324682       0.345  24  0.559  24  0.938  22  0.879   0.684 Y  0.450      SignalP-TM
Conth1|Conth1_324710       0.378  19  0.550  19  0.922   1  0.808   0.671 Y  0.570      SignalP-noTM
Conth1|Conth1_324864       0.172  23  0.385  23  0.917  14  0.827   0.557 Y  0.450      SignalP-TM
Conth1|Conth1_324864       0.338  21  0.555  21  0.956  19  0.905   0.720 Y  0.570      SignalP-noTM
Conth1|Conth1_324961       0.267  50  0.299  22  0.841   1  0.738   0.470 Y  0.450      SignalP-TM
Conth1|Conth1_325014       0.219  35  0.352  24  0.854  19  0.792   0.524 Y  0.450      SignalP-TM
Conth1|Conth1_325028       0.595  26  0.550  26  0.709  22  0.435   0.505 Y  0.450      SignalP-TM
Conth1|Conth1_325044       0.524  20  0.566  20  0.870   1  0.677   0.618 Y  0.570      SignalP-noTM
Conth1|Conth1_325074       0.171  31  0.347  31  0.860  24  0.661   0.469 Y  0.450      SignalP-TM
Conth1|Conth1_325130       0.227  24  0.416  24  0.934  15  0.824   0.575 Y  0.450      SignalP-TM
Conth1|Conth1_325130       0.229  17  0.440  17  0.924  16  0.853   0.634 Y  0.570      SignalP-noTM
Conth1|Conth1_325131       0.249  26  0.467  26  0.954  20  0.871   0.625 Y  0.450      SignalP-TM
Conth1|Conth1_325152       0.405  24  0.576  24  0.904  18  0.790   0.659 Y  0.450      SignalP-TM
Conth1|Conth1_325152       0.423  24  0.493  24  0.864  11  0.682   0.582 Y  0.570      SignalP-noTM
Conth1|Conth1_325174       0.203  23  0.390  20  0.853  15  0.769   0.537 Y  0.450      SignalP-TM
Conth1|Conth1_325174       0.298  20  0.515  20  0.923  15  0.874   0.648 Y  0.510      SignalP-TM
Conth1|Conth1_325212       0.394  24  0.508  24  0.740  16  0.605   0.546 Y  0.450      SignalP-TM
Conth1|Conth1_325306       0.334  18  0.512  18  0.868  17  0.766   0.611 Y  0.450      SignalP-TM
Conth1|Conth1_325306       0.579  18  0.719  18  0.922  10  0.893   0.801 Y  0.570      SignalP-noTM
Conth1|Conth1_325348       0.189  21  0.378  21  0.882  16  0.750   0.523 Y  0.450      SignalP-TM
Conth1|Conth1_325495       0.166  24  0.333  24  0.776  11  0.653   0.458 Y  0.450      SignalP-TM
Conth1|Conth1_325510       0.540  19  0.607  19  0.852   1  0.717   0.659 Y  0.570      SignalP-noTM
Conth1|Conth1_325538       0.279  27  0.487  27  0.968  20  0.837   0.623 Y  0.450      SignalP-TM
Conth1|Conth1_325538       0.295  24  0.516  24  0.953  17  0.914   0.703 Y  0.570      SignalP-noTM
Conth1|Conth1_325634       0.161  23  0.318  23  0.811   1  0.665   0.454 Y  0.450      SignalP-TM
Conth1|Conth1_325635       0.232  25  0.418  25  0.881  19  0.612   0.494 Y  0.450      SignalP-TM
Conth1|Conth1_325653       0.224  23  0.413  23  0.831  19  0.751   0.545 Y  0.450      SignalP-TM
Conth1|Conth1_325822       0.188  20  0.347  20  0.743  12  0.636   0.460 Y  0.450      SignalP-TM
Conth1|Conth1_325830       0.117  43  0.292  21  0.920  11  0.784   0.484 Y  0.450      SignalP-TM
Conth1|Conth1_325831       0.216  68  0.280  17  0.813   3  0.752   0.464 Y  0.450      SignalP-TM
Conth1|Conth1_325860       0.324  31  0.456  31  0.792  24  0.508   0.476 Y  0.450      SignalP-TM
Conth1|Conth1_325930       0.221  24  0.433  24  0.949  18  0.857   0.598 Y  0.450      SignalP-TM
Conth1|Conth1_325930       0.251  24  0.452  20  0.916  18  0.875   0.651 Y  0.570      SignalP-noTM
Conth1|Conth1_325969       0.318  20  0.502  20  0.876   1  0.806   0.645 Y  0.570      SignalP-noTM
Conth1|Conth1_325969       0.341  20  0.491  20  0.744  12  0.673   0.562 Y  0.450      SignalP-TM
Conth1|Conth1_326092       0.407  22  0.506  22  0.670   8  0.619   0.550 Y  0.450      SignalP-TM
Conth1|Conth1_326102       0.357  21  0.524  21  0.890  11  0.805   0.656 Y  0.570      SignalP-noTM
Conth1|Conth1_326116       0.233  18  0.385  18  0.864   1  0.687   0.503 Y  0.450      SignalP-TM
Conth1|Conth1_326118       0.171  20  0.376  20  0.925   1  0.837   0.593 Y  0.570      SignalP-noTM
Conth1|Conth1_326118       0.231  20  0.453  20  0.933  13  0.875   0.618 Y  0.450      SignalP-TM
Conth1|Conth1_326119       0.212  31  0.439  25  0.977  16  0.923   0.628 Y  0.450      SignalP-TM
Conth1|Conth1_326119       0.295  25  0.482  25  0.959  15  0.850   0.655 Y  0.570      SignalP-noTM
Conth1|Conth1_326189       0.292  20  0.497  20  0.897  11  0.836   0.629 Y  0.450      SignalP-TM
Conth1|Conth1_326389       0.318  20  0.502  20  0.876   1  0.806   0.645 Y  0.570      SignalP-noTM
Conth1|Conth1_326389       0.341  20  0.491  20  0.744  12  0.673   0.562 Y  0.450      SignalP-TM
Conth1|Conth1_326403       0.320  22  0.474  22  0.809   2  0.706   0.583 Y  0.570      SignalP-noTM
Conth1|Conth1_326430       0.247  26  0.423  26  0.880  16  0.743   0.548 Y  0.450      SignalP-TM
Conth1|Conth1_326506       0.225  35  0.397  19  0.961  16  0.939   0.608 Y  0.450      SignalP-TM
Conth1|Conth1_326506       0.521  19  0.695  19  0.956  17  0.925   0.803 Y  0.570      SignalP-noTM
Conth1|Conth1_326631       0.173  27  0.339  17  0.836   4  0.758   0.502 Y  0.450      SignalP-TM
Conth1|Conth1_326665       0.236  19  0.406  19  0.841   3  0.725   0.531 Y  0.450      SignalP-TM
Conth1|Conth1_326665       0.428  19  0.611  19  0.941   8  0.874   0.735 Y  0.570      SignalP-noTM
Conth1|Conth1_326670       0.176  26  0.375  26  0.909  20  0.789   0.536 Y  0.450      SignalP-TM
Conth1|Conth1_326671       0.249  26  0.467  26  0.954  20  0.871   0.625 Y  0.450      SignalP-TM
Conth1|Conth1_326682       0.157  16  0.364  16  0.899  12  0.840   0.588 Y  0.570      SignalP-noTM
Conth1|Conth1_326970       0.289  21  0.500  21  0.923   1  0.854   0.666 Y  0.570      SignalP-noTM
Conth1|Conth1_326970       0.324  27  0.503  27  0.901  19  0.728   0.590 Y  0.450      SignalP-TM
Conth1|Conth1_327289       0.172  25  0.352  25  0.872   6  0.760   0.511 Y  0.450      SignalP-TM
Conth1|Conth1_327464       0.286  24  0.447  24  0.942  17  0.789   0.608 Y  0.570      SignalP-noTM
Conth1|Conth1_327464       0.373  24  0.538  24  0.887   8  0.810   0.644 Y  0.450      SignalP-TM
Conth1|Conth1_327540       0.340  31  0.400  31  0.807  13  0.576   0.469 Y  0.450      SignalP-TM
Conth1|Conth1_327600       0.257  17  0.431  17  0.825  16  0.731   0.572 Y  0.570      SignalP-noTM
Conth1|Conth1_327875       0.268  32  0.479  20  0.963  17  0.922   0.652 Y  0.450      SignalP-TM
Conth1|Conth1_327875       0.339  26  0.514  26  0.958  11  0.857   0.675 Y  0.570      SignalP-noTM
Conth1|Conth1_328059       0.225  19  0.430  19  0.861   7  0.815   0.580 Y  0.450      SignalP-TM
Conth1|Conth1_328059       0.402  19  0.616  19  0.966  10  0.933   0.765 Y  0.570      SignalP-noTM
Conth1|Conth1_328061       0.191  28  0.350  22  0.787  12  0.724   0.496 Y  0.450      SignalP-TM
Conth1|Conth1_328328       0.175  47  0.314  24  0.865   4  0.794   0.501 Y  0.450      SignalP-TM
Conth1|Conth1_328328       0.297  24  0.510  24  0.948   1  0.888   0.688 Y  0.570      SignalP-noTM
Conth1|Conth1_328436       0.269  26  0.366  26  0.829  12  0.583   0.451 Y  0.450      SignalP-TM
Conth1|Conth1_328504       0.150  47  0.321  21  0.859  20  0.687   0.464 Y  0.450      SignalP-TM
Conth1|Conth1_328672       0.158  26  0.350  26  0.932  15  0.813   0.531 Y  0.450      SignalP-TM
Conth1|Conth1_328692       0.354  29  0.415  29  0.689  12  0.509   0.451 Y  0.450      SignalP-TM
Conth1|Conth1_329445       0.301  22  0.501  22  0.911   7  0.848   0.636 Y  0.450      SignalP-TM
Conth1|Conth1_329491       0.213  28  0.410  17  0.925  13  0.885   0.633 Y  0.570      SignalP-noTM
Conth1|Conth1_329491       0.239  41  0.422  28  0.919  16  0.789   0.565 Y  0.450      SignalP-TM
Conth1|Conth1_329545       0.285  21  0.437  21  0.843  19  0.664   0.525 Y  0.450      SignalP-TM
Conth1|Conth1_329636       0.255  30  0.437  25  0.953  14  0.873   0.642 Y  0.570      SignalP-noTM
Conth1|Conth1_329636       0.346  30  0.474  30  0.929  16  0.778   0.592 Y  0.450      SignalP-TM
Conth1|Conth1_329877       0.162  29  0.345  18  0.874  15  0.716   0.490 Y  0.450      SignalP-TM
Conth1|Conth1_329927       0.182  27  0.328  27  0.829  14  0.685   0.467 Y  0.450      SignalP-TM
Conth1|Conth1_330198       0.191  27  0.416  18  0.963  12  0.939   0.662 Y  0.570      SignalP-noTM
Conth1|Conth1_330198       0.262  27  0.462  27  0.935  15  0.843   0.610 Y  0.450      SignalP-TM
Conth1|Conth1_330251       0.202  33  0.413  23  0.910  17  0.841   0.614 Y  0.570      SignalP-noTM
Conth1|Conth1_330347       0.269  25  0.481  25  0.937  19  0.794   0.603 Y  0.450      SignalP-TM
Conth1|Conth1_330402       0.182  28  0.317  18  0.795  15  0.675   0.457 Y  0.450      SignalP-TM
Conth1|Conth1_330402       0.713  18  0.729  18  0.868   1  0.772   0.749 Y  0.570      SignalP-noTM
Conth1|Conth1_330533       0.500  29  0.644  29  0.899  22  0.655   0.648 Y  0.450      SignalP-TM
Conth1|Conth1_330533       0.694  26  0.791  26  0.932   9  0.898   0.841 Y  0.570      SignalP-noTM
Conth1|Conth1_330672       0.127  22  0.301  19  0.813  13  0.703   0.458 Y  0.450      SignalP-TM
Conth1|Conth1_330707       0.298  21  0.468  21  0.821  12  0.695   0.556 Y  0.450      SignalP-TM
Conth1|Conth1_330707       0.364  21  0.543  21  0.874   9  0.806   0.666 Y  0.570      SignalP-noTM
Conth1|Conth1_330807       0.212  21  0.437  21  0.940  17  0.822   0.587 Y  0.450      SignalP-TM
Conth1|Conth1_330807       0.279  21  0.501  21  0.965  18  0.880   0.679 Y  0.570      SignalP-noTM
Conth1|Conth1_330812       0.323  22  0.525  22  0.955  17  0.847   0.651 Y  0.450      SignalP-TM
Conth1|Conth1_330812       0.396  20  0.588  20  0.953  18  0.868   0.720 Y  0.570      SignalP-noTM
Conth1|Conth1_331302       0.408  22  0.528  22  0.822  11  0.701   0.609 Y  0.570      SignalP-noTM
Conth1|Conth1_33137        0.326  32  0.461  32  0.921  17  0.764   0.579 Y  0.450      SignalP-TM
Conth1|Conth1_331653       0.410  19  0.536  19  0.862  11  0.690   0.608 Y  0.570      SignalP-noTM
Conth1|Conth1_331717       0.395  25  0.513  25  0.820  12  0.684   0.579 Y  0.450      SignalP-TM
Conth1|Conth1_331948       0.257  21  0.429  21  0.875   1  0.747   0.578 Y  0.570      SignalP-noTM
Conth1|Conth1_331968       0.628  24  0.716  24  0.916  20  0.777   0.740 Y  0.450      SignalP-TM
Conth1|Conth1_331968       0.856  24  0.809  24  0.888   2  0.776   0.793 Y  0.570      SignalP-noTM
Conth1|Conth1_332184       0.236  24  0.413  24  0.832  16  0.722   0.533 Y  0.450      SignalP-TM
Conth1|Conth1_332421       0.277  30  0.368  30  0.810   3  0.628   0.470 Y  0.450      SignalP-TM
Conth1|Conth1_332590       0.508  20  0.642  20  0.913  17  0.824   0.727 Y  0.570      SignalP-noTM
Conth1|Conth1_332643       0.265  21  0.457  21  0.836  18  0.745   0.569 Y  0.450      SignalP-TM
Conth1|Conth1_332643       0.472  21  0.632  21  0.928  19  0.849   0.734 Y  0.570      SignalP-noTM
Conth1|Conth1_332696       0.153  23  0.322  23  0.847  11  0.712   0.475 Y  0.450      SignalP-TM
Conth1|Conth1_332867       0.347  21  0.476  21  0.869  19  0.613   0.529 Y  0.450      SignalP-TM
Conth1|Conth1_332867       0.797  21  0.740  21  0.818  19  0.653   0.699 Y  0.570      SignalP-noTM
Conth1|Conth1_332886       0.180  52  0.300  14  0.806  13  0.708   0.459 Y  0.450      SignalP-TM
Conth1|Conth1_332934       0.324  17  0.502  17  0.842  16  0.764   0.625 Y  0.570      SignalP-noTM
Conth1|Conth1_333231       0.213  26  0.357  26  0.693   3  0.624   0.461 Y  0.450      SignalP-TM
Conth1|Conth1_333339       0.215  25  0.348  25  0.774   3  0.626   0.457 Y  0.450      SignalP-TM
Conth1|Conth1_333339       0.525  21  0.669  21  0.921   1  0.851   0.754 Y  0.570      SignalP-noTM
Conth1|Conth1_333428       0.279  26  0.430  26  0.888  14  0.745   0.578 Y  0.570      SignalP-noTM
Conth1|Conth1_333428       0.317  26  0.472  26  0.860   8  0.752   0.581 Y  0.450      SignalP-TM
Conth1|Conth1_333437       0.252  26  0.434  26  0.880  18  0.737   0.552 Y  0.450      SignalP-TM
Conth1|Conth1_333459       0.176  25  0.360  25  0.839  21  0.741   0.509 Y  0.450      SignalP-TM
Conth1|Conth1_335190       0.275  22  0.445  22  0.852   1  0.736   0.582 Y  0.570      SignalP-noTM
Conth1|Conth1_336119       0.178  34  0.309  26  0.875   1  0.714   0.467 Y  0.450      SignalP-TM
Conth1|Conth1_336999       0.422  26  0.554  26  0.828  15  0.647   0.591 Y  0.450      SignalP-TM
Conth1|Conth1_337932       0.165  35  0.291  21  0.872  11  0.718   0.458 Y  0.450      SignalP-TM
Conth1|Conth1_337955       0.167  39  0.320  22  0.845   2  0.719   0.476 Y  0.450      SignalP-TM
Conth1|Conth1_337955       0.204  22  0.405  22  0.930  14  0.844   0.611 Y  0.570      SignalP-noTM
Conth1|Conth1_338766       0.259  21  0.454  21  0.854  18  0.772   0.578 Y  0.450      SignalP-TM
Conth1|Conth1_338766       0.410  21  0.585  21  0.912   4  0.856   0.712 Y  0.570      SignalP-noTM
Conth1|Conth1_338880       0.177  16  0.385  16  0.924  12  0.841   0.599 Y  0.570      SignalP-noTM
Conth1|Conth1_339317       0.397  21  0.601  21  0.980  13  0.907   0.745 Y  0.570      SignalP-noTM
Conth1|Conth1_33934        0.184  19  0.395  19  0.899  14  0.844   0.606 Y  0.570      SignalP-noTM
Conth1|Conth1_339359       0.231  26  0.424  26  0.872  18  0.783   0.564 Y  0.450      SignalP-TM
Conth1|Conth1_339409       0.299  28  0.378  28  0.857   1  0.590   0.461 Y  0.450      SignalP-TM
Conth1|Conth1_339490       0.250  35  0.409  19  0.970  17  0.955   0.622 Y  0.450      SignalP-TM
Conth1|Conth1_339490       0.508  19  0.690  19  0.967  17  0.936   0.806 Y  0.570      SignalP-noTM
Conth1|Conth1_339683       0.440  23  0.585  23  0.869   9  0.775   0.659 Y  0.450      SignalP-TM
Conth1|Conth1_339683       0.608  23  0.739  23  0.964  10  0.899   0.814 Y  0.570      SignalP-noTM
Conth1|Conth1_340033       0.397  29  0.543  29  0.876  22  0.613   0.570 Y  0.450      SignalP-TM
Conth1|Conth1_340082       0.274  29  0.447  29  0.891  21  0.697   0.545 Y  0.450      SignalP-TM
Conth1|Conth1_340209       0.225  34  0.434  31  0.974  23  0.809   0.580 Y  0.450      SignalP-TM
Conth1|Conth1_340256       0.517  27  0.550  27  0.717  16  0.542   0.547 Y  0.450      SignalP-TM
Conth1|Conth1_340288       0.317  21  0.503  21  0.911  18  0.803   0.620 Y  0.450      SignalP-TM
Conth1|Conth1_340288       0.778  21  0.764  21  0.865   1  0.768   0.766 Y  0.570      SignalP-noTM
Conth1|Conth1_340507       0.221  26  0.401  20  0.902  16  0.859   0.616 Y  0.570      SignalP-noTM
Conth1|Conth1_340507       0.265  26  0.476  26  0.951  18  0.806   0.605 Y  0.450      SignalP-TM
Conth1|Conth1_340531       0.278  27  0.442  27  0.872  21  0.685   0.537 Y  0.450      SignalP-TM
Conth1|Conth1_340531       0.335  22  0.472  22  0.882   1  0.700   0.579 Y  0.570      SignalP-noTM
Conth1|Conth1_340669       0.523  32  0.515  32  0.730   2  0.592   0.545 Y  0.450      SignalP-TM
Conth1|Conth1_340879       0.177  35  0.338  26  0.919   6  0.831   0.530 Y  0.450      SignalP-TM
Conth1|Conth1_340885       0.186  58  0.357  20  0.894  11  0.794   0.519 Y  0.510      SignalP-TM
Conth1|Conth1_340885       0.188  63  0.358  22  0.954  15  0.865   0.556 Y  0.450      SignalP-TM
Conth1|Conth1_340963       0.124  42  0.300  20  0.824  12  0.711   0.461 Y  0.450      SignalP-TM
Conth1|Conth1_341055       0.243  20  0.401  20  0.780   1  0.659   0.502 Y  0.450      SignalP-TM
Conth1|Conth1_341055       0.599  20  0.653  20  0.847  18  0.713   0.681 Y  0.570      SignalP-noTM
Conth1|Conth1_341070       0.343  26  0.473  26  0.874  12  0.709   0.565 Y  0.450      SignalP-TM
Conth1|Conth1_341698       0.235  17  0.443  17  0.906  11  0.825   0.623 Y  0.570      SignalP-noTM
Conth1|Conth1_341698       0.236  27  0.382  27  0.875  14  0.687   0.501 Y  0.450      SignalP-TM
Conth1|Conth1_341833       0.192  22  0.378  22  0.912  10  0.807   0.580 Y  0.570      SignalP-noTM
Conth1|Conth1_341833       0.268  31  0.405  22  0.874  17  0.803   0.560 Y  0.450      SignalP-TM
Conth1|Conth1_341906       0.415  21  0.536  21  0.779  10  0.649   0.580 Y  0.450      SignalP-TM
Conth1|Conth1_341906       0.801  21  0.769  21  0.839   4  0.759   0.764 Y  0.570      SignalP-noTM
Conth1|Conth1_341970       0.174  50  0.337  21  0.833  18  0.719   0.486 Y  0.450      SignalP-TM
Conth1|Conth1_341970       0.279  21  0.484  21  0.933  18  0.835   0.649 Y  0.570      SignalP-noTM
Conth1|Conth1_342075       0.218  22  0.419  22  0.914   3  0.839   0.583 Y  0.450      SignalP-TM
Conth1|Conth1_342075       0.637  22  0.767  22  0.982   9  0.940   0.848 Y  0.570      SignalP-noTM
Conth1|Conth1_342106       0.341  26  0.556  26  0.947  17  0.900   0.690 Y  0.450      SignalP-TM
Conth1|Conth1_342106       0.351  23  0.541  23  0.917  12  0.840   0.681 Y  0.570      SignalP-noTM
Conth1|Conth1_342154       0.208  19  0.418  19  0.932  17  0.852   0.587 Y  0.450      SignalP-TM
Conth1|Conth1_342241       0.133  57  0.278  13  0.830   9  0.782   0.475 Y  0.450      SignalP-TM
Conth1|Conth1_342274       0.547  29  0.707  29  0.964  22  0.737   0.719 Y  0.450      SignalP-TM
Conth1|Conth1_342274       0.769  26  0.850  26  0.959  24  0.918   0.882 Y  0.570      SignalP-noTM
Conth1|Conth1_342350       0.169  21  0.343  21  0.730  18  0.651   0.463 Y  0.450      SignalP-TM
Conth1|Conth1_342352       0.117  20  0.294  20  0.899   4  0.782   0.485 Y  0.450      SignalP-TM
Conth1|Conth1_342559       0.369  19  0.487  19  0.761   5  0.663   0.555 Y  0.450      SignalP-TM
Conth1|Conth1_342752       0.201  21  0.361  21  0.785  18  0.615   0.460 Y  0.450      SignalP-TM
Conth1|Conth1_342871       0.326  25  0.502  25  0.894  16  0.779   0.610 Y  0.450      SignalP-TM
Conth1|Conth1_342871       0.575  20  0.696  20  0.915  18  0.858   0.772 Y  0.570      SignalP-noTM
Conth1|Conth1_342932       0.450  27  0.507  18  0.912   1  0.822   0.655 Y  0.570      SignalP-noTM
Conth1|Conth1_342932       0.653  27  0.611  27  0.900   3  0.713   0.650 Y  0.450      SignalP-TM
Conth1|Conth1_343100       0.480  22  0.657  22  0.958  17  0.894   0.750 Y  0.450      SignalP-TM
Conth1|Conth1_343100       0.605  22  0.736  22  0.948  11  0.912   0.819 Y  0.570      SignalP-noTM
Conth1|Conth1_343110       0.230  20  0.414  20  0.848  12  0.771   0.581 Y  0.570      SignalP-noTM
Conth1|Conth1_343110       0.258  27  0.429  27  0.885   4  0.766   0.561 Y  0.450      SignalP-TM
Conth1|Conth1_343168       0.502  20  0.581  20  0.844  17  0.634   0.602 Y  0.450      SignalP-TM
Conth1|Conth1_343341       0.252  29  0.420  29  0.859  14  0.740   0.545 Y  0.450      SignalP-TM
Conth1|Conth1_343721       0.177  24  0.381  24  0.895  19  0.812   0.549 Y  0.450      SignalP-TM
Conth1|Conth1_343724       0.241  19  0.433  19  0.895   3  0.799   0.576 Y  0.450      SignalP-TM
Conth1|Conth1_343724       0.432  19  0.624  19  0.956   8  0.902   0.755 Y  0.570      SignalP-noTM
Conth1|Conth1_344401       0.177  20  0.363  20  0.887  16  0.755   0.516 Y  0.450      SignalP-TM
Conth1|Conth1_344852       0.239  18  0.438  18  0.868  12  0.790   0.604 Y  0.570      SignalP-noTM
Conth1|Conth1_344948       0.169  19  0.380  19  0.912  15  0.797   0.543 Y  0.450      SignalP-TM
Conth1|Conth1_344948       0.201  25  0.392  19  0.886  11  0.844   0.604 Y  0.570      SignalP-noTM
Conth1|Conth1_344953       0.165  19  0.377  19  0.921  14  0.809   0.546 Y  0.450      SignalP-TM
Conth1|Conth1_344953       0.213  25  0.419  19  0.918   9  0.881   0.636 Y  0.570      SignalP-noTM
Conth1|Conth1_345356       0.433  27  0.572  27  0.910  17  0.739   0.637 Y  0.450      SignalP-TM
Conth1|Conth1_345356       0.576  27  0.600  27  0.950  14  0.770   0.680 Y  0.570      SignalP-noTM
Conth1|Conth1_345753       0.113  23  0.276  11  0.778   1  0.759   0.464 Y  0.450      SignalP-TM
Conth1|Conth1_346015       0.309  30  0.472  30  0.973  15  0.821   0.608 Y  0.450      SignalP-TM
Conth1|Conth1_346087       0.187  30  0.311  23  0.914   8  0.723   0.472 Y  0.450      SignalP-TM
Conth1|Conth1_346235       0.198  22  0.364  22  0.819  16  0.665   0.482 Y  0.450      SignalP-TM
Conth1|Conth1_346235       0.234  20  0.423  20  0.884   1  0.770   0.586 Y  0.570      SignalP-noTM
Conth1|Conth1_346408       0.165  21  0.355  21  0.834   8  0.744   0.507 Y  0.450      SignalP-TM
Conth1|Conth1_346414       0.131  31  0.271  13  0.850   5  0.743   0.455 Y  0.450      SignalP-TM
Conth1|Conth1_346625       0.162  25  0.368  25  0.888  10  0.826   0.547 Y  0.450      SignalP-TM
Conth1|Conth1_346625       0.265  25  0.454  23  0.903   8  0.843   0.637 Y  0.570      SignalP-noTM
Conth1|Conth1_346646       0.143  60  0.331  23  0.917  18  0.680   0.467 Y  0.450      SignalP-TM
Conth1|Conth1_346764       0.226  69  0.434  22  0.961  11  0.899   0.653 Y  0.570      SignalP-noTM
Conth1|Conth1_346891       0.237  22  0.432  22  0.937  17  0.809   0.609 Y  0.570      SignalP-noTM
Conth1|Conth1_346893       0.210  27  0.389  27  0.901  17  0.705   0.512 Y  0.450      SignalP-TM
Conth1|Conth1_347004       0.144  27  0.334  21  0.918   4  0.843   0.573 Y  0.570      SignalP-noTM
Conth1|Conth1_347004       0.269  27  0.394  27  0.765  15  0.631   0.486 Y  0.450      SignalP-TM
Conth1|Conth1_347123       0.228  25  0.359  18  0.729   2  0.629   0.464 Y  0.450      SignalP-TM
Conth1|Conth1_347360       0.214  27  0.374  21  0.811  13  0.698   0.500 Y  0.450      SignalP-TM
Conth1|Conth1_347360       0.593  21  0.656  21  0.922   1  0.775   0.712 Y  0.570      SignalP-noTM
Conth1|Conth1_347570       0.150  21  0.337  21  0.812  17  0.741   0.495 Y  0.450      SignalP-TM
Conth1|Conth1_347785       0.480  18  0.557  18  0.719  17  0.637   0.588 Y  0.450      SignalP-TM
Conth1|Conth1_347844       0.333  19  0.484  19  0.785   2  0.719   0.571 Y  0.510      SignalP-TM
Conth1|Conth1_348124       0.377  22  0.535  22  0.866  13  0.737   0.630 Y  0.570      SignalP-noTM
Conth1|Conth1_348293       0.324  25  0.476  25  0.813  14  0.624   0.534 Y  0.450      SignalP-TM
Conth1|Conth1_348293       0.476  25  0.540  25  0.823  13  0.675   0.604 Y  0.570      SignalP-noTM
Conth1|Conth1_348360       0.323  20  0.538  20  0.929  18  0.868   0.667 Y  0.450      SignalP-TM
Conth1|Conth1_348360       0.448  20  0.619  20  0.903  18  0.852   0.729 Y  0.570      SignalP-noTM
Conth1|Conth1_348362       0.248  20  0.480  20  0.961   9  0.934   0.693 Y  0.570      SignalP-noTM
Conth1|Conth1_348362       0.271  29  0.475  29  0.959  18  0.888   0.636 Y  0.450      SignalP-TM
Conth1|Conth1_348530       0.154  17  0.368  17  0.905  15  0.881   0.609 Y  0.570      SignalP-noTM
Conth1|Conth1_348530       0.223  31  0.383  31  0.800   5  0.712   0.511 Y  0.450      SignalP-TM
Conth1|Conth1_348639       0.265  21  0.457  21  0.836  18  0.745   0.569 Y  0.450      SignalP-TM
Conth1|Conth1_348639       0.472  21  0.632  21  0.928  19  0.849   0.734 Y  0.570      SignalP-noTM
Conth1|Conth1_348780       0.362  23  0.487  23  0.813  18  0.633   0.544 Y  0.450      SignalP-TM
Conth1|Conth1_348892       0.243  26  0.370  26  0.807   1  0.597   0.459 Y  0.450      SignalP-TM
Conth1|Conth1_348919       0.154  21  0.366  18  0.951  10  0.914   0.624 Y  0.570      SignalP-noTM
Conth1|Conth1_348919       0.205  40  0.407  26  0.954  16  0.875   0.590 Y  0.450      SignalP-TM
Conth1|Conth1_348957       0.253  36  0.384  26  0.851  18  0.674   0.497 Y  0.450      SignalP-TM
Conth1|Conth1_348957       0.408  20  0.545  20  0.913   3  0.771   0.651 Y  0.570      SignalP-noTM
Conth1|Conth1_349021       0.347  23  0.548  23  0.940  13  0.873   0.675 Y  0.450      SignalP-TM
Conth1|Conth1_349021       0.410  23  0.588  23  0.934  11  0.875   0.723 Y  0.570      SignalP-noTM
Conth1|Conth1_349066       0.348  18  0.534  18  0.910  15  0.822   0.669 Y  0.570      SignalP-noTM
Conth1|Conth1_349202       0.349  23  0.547  23  0.936  19  0.782   0.639 Y  0.450      SignalP-TM
Conth1|Conth1_349202       0.508  23  0.690  23  0.974  15  0.938   0.807 Y  0.570      SignalP-noTM
Conth1|Conth1_349252       0.170  25  0.370  23  0.923  17  0.838   0.590 Y  0.570      SignalP-noTM
Conth1|Conth1_349252       0.181  27  0.341  27  0.882   8  0.709   0.484 Y  0.450      SignalP-TM
Conth1|Conth1_349437       0.236  26  0.374  26  0.888  19  0.627   0.473 Y  0.450      SignalP-TM
Conth1|Conth1_349437       0.373  20  0.566  20  0.918  18  0.853   0.701 Y  0.570      SignalP-noTM
Conth1|Conth1_349510       0.318  24  0.426  24  0.677  20  0.579   0.486 Y  0.450      SignalP-TM
Conth1|Conth1_349511       0.235  28  0.409  23  0.968  13  0.820   0.602 Y  0.570      SignalP-noTM
Conth1|Conth1_349511       0.431  28  0.487  28  0.807  13  0.611   0.536 Y  0.450      SignalP-TM
Conth1|Conth1_349568       0.252  24  0.390  24  0.761   2  0.639   0.488 Y  0.450      SignalP-TM
Conth1|Conth1_349568       0.281  16  0.454  16  0.808   1  0.746   0.591 Y  0.570      SignalP-noTM
Conth1|Conth1_349572       0.230  28  0.370  28  0.806  17  0.598   0.459 Y  0.450      SignalP-TM
Conth1|Conth1_349574       0.759  27  0.779  27  0.878  20  0.770   0.775 Y  0.450      SignalP-TM
Conth1|Conth1_349651       0.241  32  0.366  32  0.921   9  0.715   0.502 Y  0.450      SignalP-TM
Conth1|Conth1_349806       0.319  21  0.491  21  0.849   1  0.765   0.620 Y  0.570      SignalP-noTM
Conth1|Conth1_349806       0.356  26  0.441  26  0.830  19  0.531   0.476 Y  0.450      SignalP-TM
Conth1|Conth1_349892       0.484  24  0.630  24  0.953  12  0.836   0.727 Y  0.570      SignalP-noTM
Conth1|Conth1_349915       0.203  23  0.384  23  0.875  10  0.750   0.527 Y  0.450      SignalP-TM
Conth1|Conth1_349915       0.229  21  0.423  21  0.933  10  0.793   0.597 Y  0.570      SignalP-noTM
Conth1|Conth1_349946       0.184  32  0.374  22  0.919  16  0.856   0.562 Y  0.450      SignalP-TM
Conth1|Conth1_349946       0.826  20  0.888  20  0.979  18  0.942   0.914 Y  0.570      SignalP-noTM
Conth1|Conth1_349986       0.197  18  0.398  18  0.907   1  0.814   0.594 Y  0.570      SignalP-noTM
Conth1|Conth1_349986       0.227  25  0.460  25  0.960  12  0.912   0.636 Y  0.450      SignalP-TM
Conth1|Conth1_350127       0.163  31  0.329  24  0.849  22  0.671   0.462 Y  0.450      SignalP-TM
Conth1|Conth1_350127       0.198  26  0.402  26  0.945  19  0.814   0.596 Y  0.570      SignalP-noTM
Conth1|Conth1_350502       0.168  26  0.378  24  0.944  17  0.875   0.611 Y  0.570      SignalP-noTM
Conth1|Conth1_350502       0.229  25  0.424  25  0.841  20  0.791   0.567 Y  0.450      SignalP-TM
Conth1|Conth1_350535       0.663  22  0.790  22  0.969  20  0.928   0.855 Y  0.570      SignalP-noTM
Conth1|Conth1_350634       0.305  22  0.472  22  0.789   6  0.719   0.568 Y  0.450      SignalP-TM
Conth1|Conth1_350940       0.120  29  0.267  11  0.782   8  0.736   0.450 Y  0.450      SignalP-TM
Conth1|Conth1_350962       0.174  35  0.338  23  0.885  16  0.776   0.509 Y  0.450      SignalP-TM
Conth1|Conth1_350962       0.321  18  0.536  18  0.927  17  0.883   0.699 Y  0.570      SignalP-noTM
Conth1|Conth1_350970       0.192  18  0.395  18  0.873   5  0.821   0.561 Y  0.450      SignalP-TM
Conth1|Conth1_350970       0.438  18  0.620  18  0.933  17  0.880   0.742 Y  0.570      SignalP-noTM
Conth1|Conth1_351031       0.654  23  0.740  23  0.925  19  0.803   0.764 Y  0.450      SignalP-TM
Conth1|Conth1_351031       0.900  23  0.911  23  0.946  17  0.915   0.913 Y  0.570      SignalP-noTM
Conth1|Conth1_351033       0.691  23  0.763  23  0.934  19  0.796   0.776 Y  0.450      SignalP-TM
Conth1|Conth1_351033       0.839  23  0.863  23  0.936  18  0.882   0.872 Y  0.570      SignalP-noTM
Conth1|Conth1_351140       0.203  25  0.376  19  0.934   1  0.904   0.624 Y  0.570      SignalP-noTM
Conth1|Conth1_351140       0.241  25  0.357  25  0.931   5  0.670   0.479 Y  0.450      SignalP-TM
Conth1|Conth1_351462       0.119  30  0.320  30  0.916  25  0.784   0.501 Y  0.450      SignalP-TM
Conth1|Conth1_351563       0.228  28  0.389  28  0.877  18  0.716   0.517 Y  0.450      SignalP-TM
Conth1|Conth1_351563       0.265  21  0.485  21  0.945  18  0.897   0.679 Y  0.570      SignalP-noTM
Conth1|Conth1_351686       0.169  19  0.380  19  0.912  15  0.797   0.543 Y  0.450      SignalP-TM
Conth1|Conth1_351686       0.201  25  0.392  19  0.886  11  0.844   0.604 Y  0.570      SignalP-noTM
Conth1|Conth1_351713       0.211  25  0.402  25  0.854  22  0.729   0.530 Y  0.450      SignalP-TM
Conth1|Conth1_351930       0.203  25  0.376  19  0.934   1  0.904   0.624 Y  0.570      SignalP-noTM
Conth1|Conth1_351930       0.241  25  0.357  25  0.931   5  0.670   0.479 Y  0.450      SignalP-TM
Conth1|Conth1_352253       0.190  20  0.399  20  0.913  14  0.851   0.612 Y  0.570      SignalP-noTM
Conth1|Conth1_352253       0.297  28  0.355  28  0.872   5  0.617   0.457 Y  0.450      SignalP-TM
Conth1|Conth1_352915       0.383  27  0.467  27  0.918  17  0.735   0.593 Y  0.570      SignalP-noTM
Conth1|Conth1_352915       0.630  27  0.747  27  0.933  19  0.837   0.782 Y  0.450      SignalP-TM
Conth1|Conth1_352924       0.140  22  0.315  22  0.832  15  0.711   0.470 Y  0.450      SignalP-TM
Conth1|Conth1_352924       0.250  22  0.428  22  0.883  14  0.756   0.582 Y  0.570      SignalP-noTM
Conth1|Conth1_352929       0.266  24  0.455  24  0.920  14  0.822   0.627 Y  0.570      SignalP-noTM
Conth1|Conth1_353039       0.164  19  0.368  19  0.897  14  0.767   0.524 Y  0.450      SignalP-TM
Conth1|Conth1_353039       0.212  25  0.413  19  0.902   9  0.863   0.624 Y  0.570      SignalP-noTM
Conth1|Conth1_353163       0.159  25  0.331  19  0.852   4  0.728   0.486 Y  0.450      SignalP-TM
Conth1|Conth1_353163       0.205  20  0.407  20  0.885   2  0.822   0.602 Y  0.570      SignalP-noTM
Conth1|Conth1_353273       0.193  26  0.342  24  0.888  10  0.735   0.496 Y  0.450      SignalP-TM
Conth1|Conth1_353273       0.205  24  0.390  24  0.921  14  0.804   0.584 Y  0.570      SignalP-noTM
Conth1|Conth1_353277       0.467  34  0.409  22  0.801  16  0.601   0.484 Y  0.450      SignalP-TM
Conth1|Conth1_353418       0.250  33  0.417  33  0.894  22  0.600   0.488 Y  0.450      SignalP-TM
Conth1|Conth1_353512       0.231  24  0.411  24  0.844  19  0.618   0.492 Y  0.450      SignalP-TM
Conth1|Conth1_353612       0.258  26  0.409  26  0.823  11  0.707   0.525 Y  0.450      SignalP-TM
Conth1|Conth1_353612       0.515  18  0.668  18  0.921  17  0.872   0.764 Y  0.570      SignalP-noTM
Conth1|Conth1_353613       0.203  26  0.391  26  0.828  20  0.696   0.510 Y  0.450      SignalP-TM
Conth1|Conth1_353762       0.167  32  0.314  17  0.908  14  0.864   0.572 Y  0.570      SignalP-noTM
Conth1|Conth1_353762       0.213  32  0.344  32  0.836   9  0.687   0.477 Y  0.450      SignalP-TM
Conth1|Conth1_353793       0.309  32  0.438  32  0.907  17  0.741   0.556 Y  0.450      SignalP-TM
Conth1|Conth1_353903       0.229  25  0.349  25  0.785   2  0.616   0.453 Y  0.450      SignalP-TM
Conth1|Conth1_353903       0.241  22  0.426  22  0.914   1  0.803   0.604 Y  0.570      SignalP-noTM
Conth1|Conth1_353946       0.328  21  0.499  21  0.860  16  0.724   0.586 Y  0.450      SignalP-TM
Conth1|Conth1_353946       0.722  21  0.813  21  0.967  17  0.904   0.856 Y  0.570      SignalP-noTM
Conth1|Conth1_353961       0.345  29  0.482  29  0.925   9  0.784   0.600 Y  0.450      SignalP-TM
Conth1|Conth1_353967       0.170  26  0.326  26  0.834  13  0.647   0.451 Y  0.450      SignalP-TM
Conth1|Conth1_353967       0.177  23  0.373  23  0.931  12  0.807   0.577 Y  0.570      SignalP-noTM
Conth1|Conth1_353968       0.200  28  0.374  24  0.888  18  0.712   0.506 Y  0.450      SignalP-TM
Conth1|Conth1_353969       0.294  23  0.463  23  0.821  17  0.751   0.598 Y  0.570      SignalP-noTM
Conth1|Conth1_353969       0.307  30  0.456  30  0.906  19  0.731   0.563 Y  0.450      SignalP-TM
Conth1|Conth1_354023       0.230  53  0.355  21  0.790  10  0.713   0.495 Y  0.450      SignalP-TM
Conth1|Conth1_354123       0.421  27  0.515  27  0.798   9  0.682   0.580 Y  0.450      SignalP-TM
Conth1|Conth1_354123       0.533  25  0.651  25  0.965  11  0.865   0.751 Y  0.570      SignalP-noTM
Conth1|Conth1_354312       0.241  19  0.472  19  0.938  10  0.921   0.683 Y  0.570      SignalP-noTM
Conth1|Conth1_354312       0.349  49  0.377  22  0.959  16  0.913   0.586 Y  0.450      SignalP-TM
Conth1|Conth1_354436       0.238  22  0.411  22  0.880   1  0.741   0.539 Y  0.450      SignalP-TM
Conth1|Conth1_354436       0.263  22  0.433  22  0.881   2  0.749   0.582 Y  0.570      SignalP-noTM
Conth1|Conth1_354478       0.691  26  0.616  26  0.637  22  0.459   0.558 Y  0.510      SignalP-TM
Conth1|Conth1_354587       0.219  16  0.445  16  0.930  10  0.904   0.661 Y  0.570      SignalP-noTM
Conth1|Conth1_354587       0.263  31  0.416  22  0.869  17  0.784   0.559 Y  0.450      SignalP-TM
Conth1|Conth1_354620       0.306  26  0.424  26  0.839  11  0.678   0.523 Y  0.450      SignalP-TM
Conth1|Conth1_354661       0.155  20  0.333  20  0.835  11  0.677   0.467 Y  0.450      SignalP-TM
Conth1|Conth1_354791       0.182  20  0.379  20  0.879  14  0.798   0.576 Y  0.570      SignalP-noTM
Conth1|Conth1_354791       0.201  22  0.363  22  0.767  14  0.641   0.471 Y  0.450      SignalP-TM
Conth1|Conth1_355049       0.168  28  0.325  28  0.839  17  0.655   0.454 Y  0.450      SignalP-TM
Conth1|Conth1_355523       0.453  29  0.501  29  0.956  10  0.767   0.626 Y  0.570      SignalP-noTM
Conth1|Conth1_355523       0.542  29  0.661  29  0.948  10  0.868   0.742 Y  0.450      SignalP-TM
Conth1|Conth1_355525       0.461  19  0.591  19  0.898   1  0.785   0.682 Y  0.570      SignalP-noTM
Conth1|Conth1_355528       0.162  21  0.331  21  0.798  17  0.693   0.472 Y  0.450      SignalP-TM
Conth1|Conth1_355528       0.678  21  0.594  21  0.813   1  0.573   0.584 Y  0.570      SignalP-noTM
Conth1|Conth1_355530       0.312  20  0.513  20  0.906  15  0.822   0.627 Y  0.510      SignalP-TM
Conth1|Conth1_355530       0.380  20  0.519  20  0.812  15  0.677   0.580 Y  0.450      SignalP-TM
Conth1|Conth1_355608       0.298  19  0.459  19  0.813   3  0.712   0.578 Y  0.570      SignalP-noTM
Conth1|Conth1_355677       0.511  31  0.612  31  0.917  21  0.795   0.683 Y  0.450      SignalP-TM
Conth1|Conth1_355920       0.383  25  0.472  25  0.898  11  0.712   0.585 Y  0.570      SignalP-noTM
Conth1|Conth1_355920       0.437  25  0.616  25  0.911  17  0.865   0.713 Y  0.450      SignalP-TM
Conth1|Conth1_356019       0.205  20  0.432  20  0.960   2  0.920   0.661 Y  0.570      SignalP-noTM
Conth1|Conth1_356225       0.479  19  0.610  19  0.862  10  0.761   0.681 Y  0.570      SignalP-noTM
Conth1|Conth1_356225       0.547  19  0.551  19  0.624  17  0.518   0.539 Y  0.450      SignalP-TM
Conth1|Conth1_356255       0.380  23  0.563  23  0.871  14  0.779   0.648 Y  0.450      SignalP-TM
Conth1|Conth1_356255       0.752  23  0.828  23  0.952   8  0.895   0.859 Y  0.570      SignalP-noTM
Conth1|Conth1_356326       0.235  16  0.426  16  0.897  14  0.777   0.591 Y  0.570      SignalP-noTM
Conth1|Conth1_356326       0.291  28  0.379  28  0.737  14  0.563   0.451 Y  0.450      SignalP-TM
Conth1|Conth1_357283       0.336  41  0.405  20  0.805  13  0.719   0.528 Y  0.450      SignalP-TM
Conth1|Conth1_357285       0.206  32  0.394  18  0.939  11  0.873   0.581 Y  0.450      SignalP-TM
Conth1|Conth1_357285       0.332  20  0.550  20  0.943  17  0.898   0.713 Y  0.570      SignalP-noTM
Conth1|Conth1_357350       0.290  28  0.422  19  0.856  15  0.752   0.577 Y  0.570      SignalP-noTM
Conth1|Conth1_357350       0.385  26  0.517  26  0.784  15  0.672   0.578 Y  0.450      SignalP-TM
Conth1|Conth1_357441       0.173  20  0.373  20  0.889  11  0.804   0.576 Y  0.570      SignalP-noTM
Conth1|Conth1_357441       0.201  47  0.341  18  0.858  12  0.693   0.478 Y  0.450      SignalP-TM
Conth1|Conth1_357646       0.792  25  0.825  25  0.949  16  0.886   0.854 Y  0.570      SignalP-noTM
Conth1|Conth1_357646       0.814  25  0.750  25  0.762   9  0.698   0.730 Y  0.450      SignalP-TM
Conth1|Conth1_357709       0.189  55  0.328  22  0.811  17  0.718   0.480 Y  0.450      SignalP-TM
Conth1|Conth1_357886       0.264  26  0.407  26  0.805  12  0.682   0.514 Y  0.450      SignalP-TM
Conth1|Conth1_357930       0.238  22  0.410  22  0.877   1  0.738   0.538 Y  0.450      SignalP-TM
Conth1|Conth1_357930       0.264  22  0.433  22  0.879   2  0.746   0.580 Y  0.570      SignalP-noTM
Conth1|Conth1_358040       0.183  56  0.312  19  0.866  13  0.743   0.480 Y  0.450      SignalP-TM
Conth1|Conth1_358183       0.183  28  0.304  17  0.880  15  0.701   0.459 Y  0.450      SignalP-TM
Conth1|Conth1_358229       0.472  24  0.544  24  0.751  16  0.566   0.552 Y  0.450      SignalP-TM
Conth1|Conth1_358467       0.278  22  0.473  22  0.919  16  0.794   0.598 Y  0.450      SignalP-TM
Conth1|Conth1_358467       0.615  22  0.685  22  0.884  15  0.802   0.740 Y  0.570      SignalP-noTM
Conth1|Conth1_358486       0.254  31  0.408  19  0.863  18  0.718   0.529 Y  0.450      SignalP-TM
Conth1|Conth1_358486       0.457  19  0.613  19  0.900  15  0.833   0.716 Y  0.570      SignalP-noTM
Conth1|Conth1_358762       0.194  18  0.385  18  0.815   7  0.764   0.533 Y  0.450      SignalP-TM
Conth1|Conth1_358762       0.500  18  0.661  18  0.937  17  0.870   0.759 Y  0.570      SignalP-noTM
Conth1|Conth1_358853       0.212  19  0.450  19  0.972  14  0.951   0.686 Y  0.570      SignalP-noTM
Conth1|Conth1_358853       0.245  28  0.438  28  0.956   6  0.864   0.604 Y  0.450      SignalP-TM
Conth1|Conth1_358866       0.262  20  0.439  20  0.850   4  0.769   0.594 Y  0.570      SignalP-noTM
Conth1|Conth1_358866       0.303  22  0.459  22  0.855   2  0.731   0.565 Y  0.450      SignalP-TM
Conth1|Conth1_358867       0.135  21  0.313  21  0.843   8  0.731   0.476 Y  0.450      SignalP-TM
Conth1|Conth1_359215       0.208  22  0.385  22  0.801   1  0.735   0.522 Y  0.450      SignalP-TM
Conth1|Conth1_359215       0.279  22  0.480  22  0.899   1  0.825   0.642 Y  0.570      SignalP-noTM
Conth1|Conth1_359359       0.192  64  0.298  18  0.859  17  0.754   0.476 Y  0.450      SignalP-TM
Conth1|Conth1_359626       0.192  33  0.361  22  0.857   6  0.800   0.532 Y  0.450      SignalP-TM
Conth1|Conth1_359626       0.193  17  0.417  17  0.945  12  0.900   0.644 Y  0.570      SignalP-noTM
Conth1|Conth1_359710       0.278  22  0.497  22  0.949  17  0.892   0.683 Y  0.570      SignalP-noTM
Conth1|Conth1_359710       0.417  22  0.627  22  0.965  18  0.908   0.737 Y  0.450      SignalP-TM
Conth1|Conth1_359723       0.196  26  0.358  21  0.885  17  0.695   0.489 Y  0.450      SignalP-TM
Conth1|Conth1_359747       0.196  19  0.402  19  0.904  17  0.812   0.595 Y  0.570      SignalP-noTM
Conth1|Conth1_359769       0.171  36  0.329  24  0.791  13  0.665   0.460 Y  0.450      SignalP-TM
Conth1|Conth1_359773       0.211  21  0.405  21  0.904  11  0.797   0.590 Y  0.570      SignalP-noTM
Conth1|Conth1_359773       0.313  26  0.459  26  0.876   3  0.749   0.572 Y  0.450      SignalP-TM
Conth1|Conth1_359902       0.437  26  0.593  26  0.925  22  0.642   0.612 Y  0.450      SignalP-TM
Conth1|Conth1_359902       0.850  26  0.832  26  0.912  22  0.702   0.771 Y  0.570      SignalP-noTM
Conth1|Conth1_359987       0.176  27  0.394  27  0.960  17  0.896   0.630 Y  0.570      SignalP-noTM
Conth1|Conth1_359987       0.403  35  0.447  35  0.723  22  0.560   0.491 Y  0.450      SignalP-TM
Conth1|Conth1_360140       0.203  30  0.337  30  0.851  15  0.650   0.459 Y  0.450      SignalP-TM
Conth1|Conth1_360140       0.207  19  0.414  19  0.962  17  0.843   0.616 Y  0.570      SignalP-noTM
Conth1|Conth1_360201       0.165  23  0.360  18  0.930  10  0.899   0.613 Y  0.570      SignalP-noTM
Conth1|Conth1_360201       0.198  28  0.375  28  0.941   6  0.819   0.548 Y  0.450      SignalP-TM
Conth1|Conth1_360354       0.200  25  0.354  18  0.870   7  0.792   0.525 Y  0.450      SignalP-TM
Conth1|Conth1_360354       0.644  18  0.757  18  0.927  16  0.893   0.821 Y  0.570      SignalP-noTM
Conth1|Conth1_360366       0.218  18  0.368  18  0.878   1  0.655   0.480 Y  0.450      SignalP-TM
Conth1|Conth1_360366       0.590  18  0.700  18  0.914  17  0.833   0.762 Y  0.570      SignalP-noTM
Conth1|Conth1_360579       0.252  21  0.425  21  0.886  15  0.758   0.581 Y  0.570      SignalP-noTM
Conth1|Conth1_360583       0.234  18  0.382  18  0.737   1  0.641   0.483 Y  0.450      SignalP-TM
Conth1|Conth1_360583       0.395  18  0.518  18  0.800  17  0.698   0.603 Y  0.570      SignalP-noTM
Conth1|Conth1_360628       0.347  26  0.481  26  0.877  15  0.751   0.608 Y  0.570      SignalP-noTM
Conth1|Conth1_360628       0.482  26  0.640  26  0.928  17  0.850   0.722 Y  0.450      SignalP-TM
Conth1|Conth1_360774       0.132  64  0.287  23  0.852  12  0.743   0.465 Y  0.450      SignalP-TM
Conth1|Conth1_360879       0.196  22  0.348  22  0.808   4  0.678   0.477 Y  0.450      SignalP-TM
Conth1|Conth1_360879       0.605  22  0.738  22  0.970   8  0.921   0.824 Y  0.570      SignalP-noTM
Conth1|Conth1_361165       0.214  51  0.309  21  0.826  15  0.756   0.483 Y  0.450      SignalP-TM
Conth1|Conth1_361165       0.326  26  0.513  21  0.945  19  0.869   0.680 Y  0.570      SignalP-noTM
Conth1|Conth1_361374       0.133  22  0.312  22  0.812  18  0.736   0.477 Y  0.450      SignalP-TM
Conth1|Conth1_361401       0.289  19  0.464  19  0.819  11  0.723   0.565 Y  0.450      SignalP-TM
Conth1|Conth1_361401       0.332  19  0.480  19  0.850  15  0.686   0.577 Y  0.570      SignalP-noTM
Conth1|Conth1_361509       0.244  20  0.454  20  0.923  18  0.865   0.647 Y  0.570      SignalP-noTM
Conth1|Conth1_361509       0.382  47  0.383  28  0.949  17  0.823   0.555 Y  0.450      SignalP-TM
Conth1|Conth1_361521       0.188  31  0.367  28  0.871  21  0.685   0.491 Y  0.450      SignalP-TM
Conth1|Conth1_361523       0.220  33  0.381  21  0.918  19  0.709   0.509 Y  0.450      SignalP-TM
Conth1|Conth1_361523       0.327  21  0.526  21  0.903  19  0.797   0.654 Y  0.570      SignalP-noTM
Conth1|Conth1_361739       0.199  19  0.433  19  0.976  15  0.921   0.662 Y  0.570      SignalP-noTM
Conth1|Conth1_361739       0.276  36  0.422  36  0.877  17  0.744   0.548 Y  0.450      SignalP-TM
Conth1|Conth1_361798       0.288  20  0.486  20  0.947   1  0.839   0.652 Y  0.570      SignalP-noTM
Conth1|Conth1_361812       0.215  28  0.348  28  0.808  15  0.663   0.471 Y  0.450      SignalP-TM
Conth1|Conth1_361812       0.598  21  0.718  21  0.943  14  0.881   0.795 Y  0.570      SignalP-noTM
Conth1|Conth1_361813       0.167  27  0.333  27  0.886  15  0.689   0.472 Y  0.450      SignalP-TM
Conth1|Conth1_361813       0.291  21  0.508  21  0.960  15  0.900   0.692 Y  0.570      SignalP-noTM
Conth1|Conth1_361945       0.213  21  0.418  21  0.905  16  0.821   0.575 Y  0.450      SignalP-TM
Conth1|Conth1_361945       0.613  21  0.743  21  0.949  17  0.900   0.817 Y  0.570      SignalP-noTM
Conth1|Conth1_362063       0.144  18  0.338  18  0.860  13  0.771   0.507 Y  0.450      SignalP-TM
Conth1|Conth1_362171       0.296  68  0.297  11  0.865   2  0.831   0.505 Y  0.450      SignalP-TM
Conth1|Conth1_362363       0.497  37  0.517  37  0.672  26  0.513   0.515 Y  0.450      SignalP-TM
Conth1|Conth1_362386       0.286  29  0.427  29  0.923  12  0.746   0.551 Y  0.450      SignalP-TM
Conth1|Conth1_362403       0.145  44  0.289  14  0.903   9  0.823   0.497 Y  0.450      SignalP-TM
Conth1|Conth1_362639       0.299  23  0.451  23  0.863  14  0.735   0.585 Y  0.570      SignalP-noTM
Conth1|Conth1_362905       0.143  21  0.314  21  0.873   6  0.736   0.479 Y  0.450      SignalP-TM
Conth1|Conth1_363065       0.167  32  0.346  23  0.934   3  0.867   0.549 Y  0.450      SignalP-TM
Conth1|Conth1_363093       0.270  28  0.390  28  0.671  13  0.587   0.467 Y  0.450      SignalP-TM
Conth1|Conth1_363100       0.163  18  0.341  18  0.850   1  0.739   0.496 Y  0.450      SignalP-TM
Conth1|Conth1_363100       0.267  18  0.487  18  0.929   1  0.898   0.680 Y  0.570      SignalP-noTM
Conth1|Conth1_363226       0.303  24  0.442  24  0.782  19  0.609   0.507 Y  0.450      SignalP-TM
Conth1|Conth1_363575       0.283  19  0.469  19  0.843   5  0.788   0.594 Y  0.450      SignalP-TM
Conth1|Conth1_363575       0.345  19  0.537  19  0.899   2  0.851   0.685 Y  0.570      SignalP-noTM
Conth1|Conth1_363785       0.198  22  0.398  22  0.916   8  0.840   0.606 Y  0.570      SignalP-noTM
Conth1|Conth1_363906       0.141  36  0.326  36  0.831  33  0.757   0.494 Y  0.450      SignalP-TM
Conth1|Conth1_363965       0.204  27  0.359  27  0.807  18  0.651   0.473 Y  0.450      SignalP-TM
Conth1|Conth1_363989       0.184  28  0.355  28  0.835  17  0.653   0.471 Y  0.450      SignalP-TM
Conth1|Conth1_364016       0.223  18  0.443  18  0.965  16  0.873   0.611 Y  0.450      SignalP-TM
Conth1|Conth1_364523       0.432  26  0.552  26  0.822  11  0.668   0.597 Y  0.450      SignalP-TM
Conth1|Conth1_364591       0.363  26  0.475  26  0.887   1  0.704   0.583 Y  0.570      SignalP-noTM
Conth1|Conth1_364603       0.191  43  0.352  21  0.875  11  0.732   0.500 Y  0.450      SignalP-TM
Conth1|Conth1_364800       0.191  23  0.381  23  0.863  18  0.777   0.535 Y  0.450      SignalP-TM
Conth1|Conth1_364831       0.133  34  0.295  17  0.805   7  0.749   0.472 Y  0.450      SignalP-TM
Conth1|Conth1_364988       0.249  23  0.373  23  0.721  17  0.576   0.452 Y  0.450      SignalP-TM
Conth1|Conth1_365084       0.279  21  0.507  21  0.959  11  0.918   0.700 Y  0.570      SignalP-noTM
Conth1|Conth1_365084       0.471  30  0.572  30  0.892  14  0.774   0.651 Y  0.450      SignalP-TM
Conth1|Conth1_365222       0.219  22  0.419  22  0.885  19  0.778   0.559 Y  0.450      SignalP-TM
Conth1|Conth1_365222       0.309  21  0.482  21  0.867  19  0.774   0.619 Y  0.570      SignalP-noTM
Conth1|Conth1_365399       0.356  30  0.432  30  0.656  26  0.496   0.457 Y  0.450      SignalP-TM
Conth1|Conth1_365457       0.218  25  0.396  25  0.837  18  0.708   0.518 Y  0.450      SignalP-TM
Conth1|Conth1_365457       0.299  19  0.479  19  0.872  15  0.755   0.609 Y  0.570      SignalP-noTM
Conth1|Conth1_365531       0.284  23  0.486  23  0.924   8  0.865   0.664 Y  0.570      SignalP-noTM
Conth1|Conth1_365531       0.344  30  0.449  30  0.933   8  0.722   0.556 Y  0.450      SignalP-TM
Conth1|Conth1_365589       0.182  29  0.365  29  0.828  21  0.621   0.465 Y  0.450      SignalP-TM
Conth1|Conth1_365606       0.183  23  0.378  23  0.894   9  0.804   0.578 Y  0.570      SignalP-noTM
Conth1|Conth1_365606       0.195  25  0.387  25  0.922  12  0.759   0.532 Y  0.450      SignalP-TM
Conth1|Conth1_365611       0.122  20  0.300  20  0.884   5  0.777   0.486 Y  0.450      SignalP-TM
Conth1|Conth1_365611       0.466  20  0.667  20  0.966  17  0.948   0.799 Y  0.570      SignalP-noTM
Conth1|Conth1_365621       0.167  19  0.341  19  0.823  17  0.696   0.479 Y  0.450      SignalP-TM
Conth1|Conth1_365621       0.461  19  0.564  19  0.894   1  0.710   0.633 Y  0.570      SignalP-noTM
Conth1|Conth1_365782       0.280  23  0.429  23  0.736  16  0.639   0.511 Y  0.450      SignalP-TM
Conth1|Conth1_365832       0.230  24  0.436  24  0.923   1  0.833   0.623 Y  0.570      SignalP-noTM
Conth1|Conth1_365832       0.262  27  0.482  27  0.943  18  0.882   0.638 Y  0.450      SignalP-TM
Conth1|Conth1_365847       0.178  25  0.353  25  0.846   5  0.740   0.504 Y  0.450      SignalP-TM
Conth1|Conth1_366014       0.232  22  0.429  22  0.893   2  0.819   0.612 Y  0.570      SignalP-noTM
Conth1|Conth1_366014       0.358  26  0.558  26  0.943  15  0.870   0.680 Y  0.450      SignalP-TM
Conth1|Conth1_366054       0.413  19  0.564  19  0.886   1  0.776   0.664 Y  0.570      SignalP-noTM
Conth1|Conth1_366122       0.194  19  0.395  19  0.921   3  0.828   0.598 Y  0.570      SignalP-noTM
Conth1|Conth1_366122       0.405  20  0.555  20  0.902  18  0.761   0.635 Y  0.450      SignalP-TM
Conth1|Conth1_366136       0.142  29  0.315  14  0.826  12  0.700   0.466 Y  0.450      SignalP-TM
Conth1|Conth1_366151       0.143  24  0.309  24  0.791   9  0.701   0.462 Y  0.450      SignalP-TM
Conth1|Conth1_366274       0.265  24  0.357  24  0.824   3  0.601   0.453 Y  0.450      SignalP-TM
Conth1|Conth1_366293       0.186  28  0.373  28  0.925  12  0.801   0.540 Y  0.450      SignalP-TM
Conth1|Conth1_366395       0.216  25  0.365  25  0.722  11  0.610   0.461 Y  0.450      SignalP-TM
Conth1|Conth1_366518       0.568  25  0.658  25  0.854  21  0.682   0.667 Y  0.450      SignalP-TM
Conth1|Conth1_366518       0.809  25  0.756  25  0.886  13  0.738   0.748 Y  0.570      SignalP-noTM
Conth1|Conth1_366531       0.258  20  0.404  20  0.706  15  0.624   0.490 Y  0.450      SignalP-TM
Conth1|Conth1_366531       0.562  20  0.700  20  0.926  13  0.856   0.774 Y  0.570      SignalP-noTM
Conth1|Conth1_366570       0.349  30  0.512  30  0.920  23  0.694   0.597 Y  0.570      SignalP-noTM
Conth1|Conth1_366624       0.284  22  0.444  22  0.878  18  0.696   0.542 Y  0.450      SignalP-TM
Conth1|Conth1_366624       0.340  20  0.512  20  0.883  18  0.781   0.638 Y  0.570      SignalP-noTM
Conth1|Conth1_366632       0.271  20  0.406  20  0.798   1  0.631   0.494 Y  0.450      SignalP-TM
Conth1|Conth1_366632       0.829  18  0.753  18  0.769  16  0.685   0.721 Y  0.570      SignalP-noTM
Conth1|Conth1_366640       0.175  19  0.332  19  0.823  17  0.651   0.457 Y  0.450      SignalP-TM
Conth1|Conth1_366640       0.481  19  0.591  19  0.862  10  0.738   0.660 Y  0.570      SignalP-noTM
Conth1|Conth1_366674       0.269  25  0.443  25  0.915  16  0.751   0.563 Y  0.450      SignalP-TM
Conth1|Conth1_366709       0.261  21  0.403  21  0.712  16  0.635   0.493 Y  0.450      SignalP-TM
Conth1|Conth1_366709       0.430  21  0.566  21  0.912  17  0.717   0.637 Y  0.570      SignalP-noTM
Conth1|Conth1_367222       0.214  32  0.434  32  0.930  23  0.784   0.571 Y  0.450      SignalP-TM
Conth1|Conth1_367222       0.227  33  0.451  33  0.957  29  0.774   0.603 Y  0.570      SignalP-noTM
Conth1|Conth1_367244       0.224  19  0.421  19  0.919  15  0.779   0.590 Y  0.570      SignalP-noTM
Conth1|Conth1_367493       0.331  21  0.485  21  0.883   1  0.756   0.613 Y  0.570      SignalP-noTM
Conth1|Conth1_367510       0.155  20  0.353  20  0.897   1  0.826   0.575 Y  0.570      SignalP-noTM
Conth1|Conth1_367614       0.169  41  0.350  20  0.915  12  0.791   0.522 Y  0.450      SignalP-TM
Conth1|Conth1_367925       0.243  22  0.438  22  0.873   6  0.807   0.582 Y  0.450      SignalP-TM
Conth1|Conth1_367925       0.399  22  0.571  22  0.919  16  0.799   0.678 Y  0.570      SignalP-noTM
Conth1|Conth1_368125       0.228  45  0.362  18  0.876  13  0.824   0.542 Y  0.450      SignalP-TM
Conth1|Conth1_368125       0.411  18  0.603  18  0.930   4  0.896   0.741 Y  0.570      SignalP-noTM
Conth1|Conth1_368250       0.478  41  0.580  41  0.833  36  0.419   0.517 Y  0.450      SignalP-TM
Conth1|Conth1_368402       0.279  25  0.494  25  0.964  19  0.795   0.611 Y  0.450      SignalP-TM
Conth1|Conth1_368402       0.458  22  0.669  22  0.985  12  0.967   0.809 Y  0.570      SignalP-noTM
Conth1|Conth1_368463       0.199  22  0.348  22  0.701   2  0.619   0.453 Y  0.450      SignalP-TM
Conth1|Conth1_368463       0.472  22  0.637  22  0.932  17  0.880   0.751 Y  0.570      SignalP-noTM
Conth1|Conth1_368477       0.285  28  0.466  28  0.917  11  0.791   0.593 Y  0.450      SignalP-TM
Conth1|Conth1_368531       0.199  29  0.378  29  0.925  10  0.779   0.534 Y  0.450      SignalP-TM
Conth1|Conth1_368531       0.228  21  0.410  21  0.926   6  0.798   0.592 Y  0.570      SignalP-noTM
Conth1|Conth1_368537       0.198  29  0.371  29  0.911  10  0.753   0.520 Y  0.450      SignalP-TM
Conth1|Conth1_368537       0.226  21  0.402  21  0.915   6  0.779   0.579 Y  0.570      SignalP-noTM
Conth1|Conth1_368636       0.166  23  0.347  23  0.820  17  0.725   0.494 Y  0.450      SignalP-TM
Conth1|Conth1_368645       0.202  20  0.357  20  0.797   7  0.662   0.476 Y  0.450      SignalP-TM
Conth1|Conth1_368645       0.656  20  0.757  20  0.934  17  0.884   0.817 Y  0.570      SignalP-noTM
Conth1|Conth1_368821       0.444  23  0.624  23  0.935  14  0.811   0.712 Y  0.570      SignalP-noTM
Conth1|Conth1_368828       0.298  27  0.436  27  0.856   8  0.709   0.543 Y  0.450      SignalP-TM
Conth1|Conth1_368885       0.188  23  0.349  23  0.880   1  0.685   0.480 Y  0.450      SignalP-TM
Conth1|Conth1_368892       0.367  29  0.555  26  0.929  19  0.773   0.640 Y  0.450      SignalP-TM
Conth1|Conth1_368892       0.529  26  0.644  26  0.906  22  0.751   0.694 Y  0.570      SignalP-noTM
Conth1|Conth1_368986       0.224  23  0.425  23  0.921  10  0.827   0.614 Y  0.570      SignalP-noTM
Conth1|Conth1_369013       0.182  19  0.344  19  0.912   2  0.710   0.487 Y  0.450      SignalP-TM
Conth1|Conth1_369013       0.208  20  0.409  20  0.938   1  0.838   0.611 Y  0.570      SignalP-noTM
Conth1|Conth1_369111       0.129  43  0.295  15  0.912  11  0.833   0.505 Y  0.450      SignalP-TM
Conth1|Conth1_369116       0.242  35  0.401  19  0.973  16  0.953   0.617 Y  0.450      SignalP-TM
Conth1|Conth1_369116       0.526  19  0.709  19  0.973  17  0.950   0.822 Y  0.570      SignalP-noTM
Conth1|Conth1_369121       0.176  26  0.376  26  0.933   3  0.853   0.562 Y  0.450      SignalP-TM
Conth1|Conth1_369121       0.496  19  0.621  19  0.879  18  0.798   0.704 Y  0.570      SignalP-noTM
Conth1|Conth1_369128       0.289  22  0.434  22  0.755  16  0.648   0.518 Y  0.450      SignalP-TM
Conth1|Conth1_369128       0.317  22  0.491  22  0.901  13  0.782   0.628 Y  0.570      SignalP-noTM
Conth1|Conth1_37440        0.184  23  0.397  23  0.917  16  0.861   0.615 Y  0.570      SignalP-noTM
Conth1|Conth1_52284        0.415  19  0.610  19  0.956  13  0.889   0.741 Y  0.570      SignalP-noTM
Conth1|Conth1_68076        0.149  26  0.324  26  0.821  13  0.720   0.478 Y  0.450      SignalP-TM
Conth1|Conth1_6894         0.349  39  0.346  39  0.906  11  0.653   0.466 Y  0.450      SignalP-TM
Conth1|Conth1_69205        0.248  26  0.455  26  0.949  17  0.874   0.619 Y  0.450      SignalP-TM
Conth1|Conth1_71121        0.724  21  0.697  21  0.819  11  0.703   0.700 Y  0.570      SignalP-noTM
Conth1|Conth1_792          0.218  25  0.363  25  0.808   7  0.664   0.480 Y  0.450      SignalP-TM
Conth1|Conth1_9031         0.153  24  0.359  18  0.923  15  0.852   0.551 Y  0.450      SignalP-TM
Conth1|Conth1_9031         0.253  18  0.473  18  0.940  17  0.883   0.666 Y  0.570      SignalP-noTM
Conth1|Conth1_91943        0.387  23  0.552  23  0.898  18  0.790   0.645 Y  0.450      SignalP-TM
Conth1|Conth1_95019        0.437  18  0.590  18  0.882   3  0.808   0.692 Y  0.570      SignalP-noTM
