Gene ID	CAZy ID	% Identical	Length	Mismatches	Gap Open	Gene Start	Gene End	CAZy Start	CAZy End	E Value	Bit Score
DFQ31|DFQ31_000043-T1	CDS09314.1|GT39|	49.9	715	342	5	13	722	85	788	6.40e-240	694
DFQ31|DFQ31_000110-T1	CAP81259.1|GT24|	34.1	1515	865	38	9	1463	15	1456	4.20e-267	812
DFQ31|DFQ31_000151-T1	CCA15473.1|GH72|	54.8	389	171	5	1	385	565	952	6.39e-137	419
DFQ31|DFQ31_000201-T1	CDS05465.1|GH47|	52.1	486	221	2	1	474	10	495	3.85e-174	513
DFQ31|DFQ31_000377-T1	QBQ55243.1|CBM50|	32.2	816	464	18	13	807	10	757	2.69e-108	368
DFQ31|DFQ31_000381-T1	AWP09156.1|GT2|	72.9	236	64	0	3	238	19	254	5.72e-130	371
DFQ31|DFQ31_000421-T1	VUW72999.1|AA1|	45.0	451	229	8	331	769	182	625	7.54e-108	362
DFQ31|DFQ31_000549-T1	EAA65303.1|GT0|	45.5	866	448	11	30	884	727	1579	1.26e-238	719
DFQ31|DFQ31_000561-T1	CDS08031.1|GT2|	44.8	1705	834	28	25	1649	11	1687	0.0	1384
DFQ31|DFQ31_000649-T1	AIE96983.1|GT7|	30.5	1251	667	32	32	1140	7	1196	1.98e-152	506
DFQ31|DFQ31_000655-T1	BAA01021.1|CBM19|GH18|3.2.1.14	48.8	432	187	9	9	434	11	414	6.54e-115	352
DFQ31|DFQ31_000707-T1	AMJ52391.1|GH47|	41.7	470	240	7	70	508	98	564	5.03e-114	353
DFQ31|DFQ31_000788-T1	QBQ55243.1|CBM50|	34.1	979	536	24	13	975	4	889	1.87e-146	468
DFQ31|DFQ31_000831-T1	QBQ55251.1|CBM50|	31.4	916	536	19	50	944	30	874	1.38e-106	362
DFQ31|DFQ31_000839-T1	QKD58853.1|GH18|	55.8	462	188	8	2	453	394	849	3.36e-152	461
DFQ31|DFQ31_000853-T1	AIE96983.1|GT7|	30.4	1251	668	32	37	1145	7	1196	7.95e-152	505
DFQ31|DFQ31_000859-T1	BAA01021.1|CBM19|GH18|3.2.1.14	48.2	438	181	10	15	437	8	414	2.87e-111	343
DFQ31|DFQ31_000873-T1	CDS05327.1|GT2|	44.2	1729	850	30	2	1664	57	1736	0.0	1327
DFQ31|DFQ31_000998-T1	CDS06367.1|GH38|	45.6	1091	540	14	17	1070	25	1098	0.0	1011
DFQ31|DFQ31_001079-T1	CDS05640.1|GH20|	41.8	670	335	10	54	706	27	658	3.72e-164	499
DFQ31|DFQ31_001101-T1	EAA62683.1|GT20|2.4.1.15	65.2	474	162	1	1	471	1	474	1.53e-239	669
DFQ31|DFQ31_001192-T1	CDS11918.1|CBM43|GH72|	44.2	480	247	11	2	469	5	475	3.94e-132	397
DFQ31|DFQ31_001198-T1	CDS11918.1|CBM43|GH72|	43.2	484	257	11	10	482	12	488	8.43e-132	396
DFQ31|DFQ31_001344-T1	VUW72999.1|AA1|	45.4	447	225	8	338	772	182	621	3.31e-107	360
DFQ31|DFQ31_001378-T1	CDS11918.1|CBM43|GH72|	45.5	479	247	9	17	488	18	489	3.64e-137	410
DFQ31|DFQ31_001390-T1	AXG41146.1|GH6|	38.1	732	435	7	142	867	162	881	5.78e-150	469
DFQ31|DFQ31_001434-T1	QCE13289.1|CE8|	54.4	408	159	5	5	389	408	811	3.45e-135	425
DFQ31|DFQ31_001487-T1	CDS12794.1|GT39|	44.7	731	378	6	50	774	41	751	4.05e-222	646
DFQ31|DFQ31_001623-T1	VUW72999.1|AA1|	53.0	613	251	7	102	683	25	631	3.17e-197	595
DFQ31|DFQ31_001763-T1	QKD53806.1|AA3|	36.8	633	325	19	51	623	35	652	1.55e-109	352
DFQ31|DFQ31_001792-T1	QBQ55243.1|CBM50|	34.5	978	533	24	13	974	4	889	6.06e-149	475
DFQ31|DFQ31_001842-T1	ACP97758.1|GT2|	51.0	761	320	11	72	819	16	736	2.58e-253	728
DFQ31|DFQ31_001854-T1	AIE96983.1|GT7|	33.3	1307	681	32	104	1334	1	1192	4.32e-202	649
DFQ31|DFQ31_001896-T1	SVE85332.1|GH9|	46.9	918	460	9	6	907	418	1324	7.78e-109	370
DFQ31|DFQ31_001899-T1	CUI24525.1|GH19|	62.7	311	110	2	42	346	18	328	9.14e-121	384
DFQ31|DFQ31_001923-T1	CDS04796.1|CE9|	53.5	432	171	5	11	413	2	432	4.07e-159	459
DFQ31|DFQ31_001933-T1	VUW72999.1|AA1|	53.0	613	251	7	145	726	25	631	7.52e-196	593
DFQ31|DFQ31_001959-T1	QKD53806.1|AA3|	37.0	633	324	19	51	623	35	652	7.86e-110	353
DFQ31|DFQ31_002063-T1	AMJ52391.1|GH47|	41.0	478	244	9	67	508	89	564	1.38e-110	344
DFQ31|DFQ31_002072-T1	SAM82228.1|GT2|	53.2	849	376	12	665	1505	62	897	1.42e-298	889
DFQ31|DFQ31_002186-T1	CDS05746.1|GH5_9|	53.4	425	187	6	81	498	5	425	3.35e-174	501
DFQ31|DFQ31_002193-T1	CDS05746.1|GH5_9|	47.8	425	212	5	94	511	4	425	2.07e-145	429
DFQ31|DFQ31_002299-T1	QBQ55251.1|CBM50|	37.2	844	444	18	18	848	21	791	3.98e-146	468
DFQ31|DFQ31_002330-T1	AHX26715.1|GT2|	33.6	766	444	15	77	791	35	786	1.67e-112	401
DFQ31|DFQ31_002384-T1	CDS13455.1|GH63|	35.2	838	419	23	29	812	35	802	2.14e-150	465
DFQ31|DFQ31_002386-T1	CUI24525.1|GH19|	62.7	311	110	2	42	346	18	328	9.14e-121	384
DFQ31|DFQ31_002400-T1	QKD55908.1|GH18|	31.6	845	487	21	306	1110	1393	2186	3.68e-103	364
DFQ31|DFQ31_002410-T1	CED83340.1|GT31|	39.8	786	429	18	389	1139	1142	1918	1.40e-161	532
DFQ31|DFQ31_002466-T1	CDS13004.1|GT20|	51.8	761	351	7	15	766	25	778	5.71e-297	837
DFQ31|DFQ31_002535-T1	APU66165.1|GH18|	69.1	282	85	2	29	310	1	280	3.21e-143	415
DFQ31|DFQ31_002558-T1	AWP12516.1|GT29|	40.9	635	341	12	49	678	470	1075	9.63e-137	445
DFQ31|DFQ31_002666-T1	AIT18233.1|GT4|	44.9	494	244	9	10	497	11	482	3.02e-136	406
DFQ31|DFQ31_002714-T1	QGI86474.1|GH125|	46.6	468	191	8	81	503	37	490	1.27e-127	400
DFQ31|DFQ31_002750-T1	CDS04937.1|GH18|	28.4	2961	1814	58	322	3130	321	3127	0.0	1102
DFQ31|DFQ31_002923-T1	EGX49587.1|GT2|	53.7	998	400	18	141	1115	192	1150	0.0	994
DFQ31|DFQ31_002930-T1	ADK37844.1|GH16_4|	59.2	331	126	6	9	338	1	323	1.10e-146	421
DFQ31|DFQ31_002967-T1	CDS02746.1|GT4|	62.6	425	157	1	8	432	2	424	1.09e-194	551
DFQ31|DFQ31_003008-T1	CDS06367.1|GH38|	45.4	1092	540	14	17	1070	25	1098	0.0	1012
DFQ31|DFQ31_003044-T1	QBQ55251.1|CBM50|	31.4	916	536	20	50	944	30	874	9.58e-106	360
DFQ31|DFQ31_003057-T1	CDS08031.1|GT2|	43.7	1708	850	27	24	1653	13	1687	0.0	1340
DFQ31|DFQ31_003158-T1	CDS10110.1|GT15|	50.8	321	148	4	38	352	43	359	6.10e-117	348
DFQ31|DFQ31_003160-T1	CDS10110.1|GT15|	52.7	294	135	3	79	371	67	357	6.72e-114	342
DFQ31|DFQ31_003163-T1	CDS10110.1|GT15|	51.3	298	142	2	56	352	67	362	1.16e-113	340
DFQ31|DFQ31_003165-T1	CDS11103.1|GT66|	61.9	737	245	4	4	717	4	727	0.0	928
DFQ31|DFQ31_003196-T1	AWP04987.1|GT13|	41.0	712	374	14	41	751	80	746	7.95e-174	543
DFQ31|DFQ31_003217-T1	CDS11918.1|CBM43|GH72|	41.4	437	215	7	17	412	18	454	2.10e-107	331
DFQ31|DFQ31_003273-T1	AWP12516.1|GT29|	40.6	635	343	12	49	678	470	1075	1.75e-135	441
DFQ31|DFQ31_003321-T1	CDS08031.1|GT2|	44.5	1701	847	28	22	1651	13	1687	0.0	1347
DFQ31|DFQ31_003514-T1	QCW79542.1|GH101|	55.4	457	196	2	97	545	612	1068	1.01e-169	513
DFQ31|DFQ31_003578-T1	AVM55139.1|GH65|	39.2	710	391	16	4	702	679	1358	5.93e-147	467
DFQ31|DFQ31_003642-T1	QBQ55251.1|CBM50|	34.5	890	538	13	15	879	32	901	2.09e-150	476
DFQ31|DFQ31_003795-T1	ACZ81482.1|GT39|	47.3	744	347	9	64	799	58	764	1.27e-231	674
DFQ31|DFQ31_003839-T1	CAN65674.1|GH28|	37.7	573	316	11	111	674	89	629	4.55e-111	369
DFQ31|DFQ31_004288-T1	CAC9909034.1|GT8|	66.5	370	123	1	20	389	347	715	3.35e-171	500
DFQ31|DFQ31_004420-T1	QKX55086.1|GH55|	48.9	599	267	7	221	782	787	1383	2.67e-186	575
DFQ31|DFQ31_004481-T1	AWP09643.1|CBM13|GT27|	50.0	354	163	5	14	357	574	923	5.12e-107	340
DFQ31|DFQ31_004541-T1	AWO98658.1|GH37|	68.9	402	124	1	19	419	69	470	4.28e-192	571
DFQ31|DFQ31_004559-T1	APU66165.1|GH18|	69.9	282	83	2	29	310	1	280	1.71e-144	419
DFQ31|DFQ31_004587-T1	CBX90546.1|CBM48|GH13_8|	65.4	696	210	5	34	708	26	711	0.0	951
DFQ31|DFQ31_004624-T1	CED83340.1|GT31|	32.5	996	523	22	250	1111	959	1939	2.72e-135	457
DFQ31|DFQ31_004636-T1	APA13417.1|GT1|	34.4	1214	647	25	120	1217	208	1388	3.17e-215	666
DFQ31|DFQ31_004640-T1	QKX53460.1|AA4|	50.6	403	191	5	18	413	636	1037	3.24e-127	396
DFQ31|DFQ31_004677-T1	QCD96124.1|GH20|	40.7	550	291	12	21	544	35	575	1.46e-138	418
DFQ31|DFQ31_004763-T1	CDS08390.1|GH31|	45.6	954	480	11	12	945	11	945	1.82e-313	893
DFQ31|DFQ31_004833-T1	AAX19736.1|GH37|	63.9	710	239	4	26	735	7	699	0.0	941
DFQ31|DFQ31_004927-T1	CDS09089.1|GT41|	50.6	1255	482	24	310	1470	291	1501	0.0	1062
DFQ31|DFQ31_005016-T1	EGX49587.1|GT2|	45.8	1076	509	17	28	1057	103	1150	1.73e-303	887
DFQ31|DFQ31_005053-T1	SGZ55214.1|GT57|	41.4	500	238	9	37	496	62	546	8.87e-114	352
DFQ31|DFQ31_005097-T1	QDS71450.1|GH47|	52.4	317	143	2	5	320	1044	1353	1.58e-108	350
DFQ31|DFQ31_005135-T1	BAA01024.1|GT2|2.4.1.16	57.1	757	310	6	78	830	113	858	4.96e-289	823
DFQ31|DFQ31_005163-T1	APF18717.1|GH3|	40.6	736	411	10	35	758	26	747	2.56e-182	544
DFQ31|DFQ31_005199-T1	CBA03971.1|GT30|	67.3	394	126	2	7	399	4	395	4.68e-182	538
DFQ31|DFQ31_005204-T1	APF18717.1|GH3|	41.7	736	403	11	35	758	26	747	5.65e-190	563
DFQ31|DFQ31_005261-T1	CDS11918.1|CBM43|GH72|	43.5	480	250	11	2	469	5	475	9.83e-133	398
DFQ31|DFQ31_005339-T1	VWO94258.1|CBM1|GH5_5|	45.2	683	273	16	44	661	400	1046	4.29e-172	523
DFQ31|DFQ31_005401-T1	AHX26715.1|GT2|	34.4	787	428	22	70	789	35	800	1.09e-110	401
DFQ31|DFQ31_005464-T1	AAW42704.1|GT1|	37.3	1130	590	29	122	1182	385	1464	4.41e-212	662
DFQ31|DFQ31_005468-T1	QKX53460.1|AA4|	50.4	403	192	5	18	413	636	1037	8.36e-128	398
DFQ31|DFQ31_005487-T1	CDS05746.1|GH5_9|	51.6	430	197	6	92	514	3	428	2.76e-169	489
DFQ31|DFQ31_005488-T1	CDS05746.1|GH5_9|	51.3	427	197	6	83	502	3	425	5.10e-168	486
DFQ31|DFQ31_005506-T1	CBX99002.1|GH18|	55.9	299	108	5	1	275	1	299	3.48e-104	325
DFQ31|DFQ31_005553-T1	CDS05746.1|GH5_9|	52.3	426	190	7	81	498	5	425	5.87e-170	491
DFQ31|DFQ31_005554-T1	CDS05746.1|GH5_9|	48.3	429	209	8	101	521	4	427	4.40e-157	459
DFQ31|DFQ31_005560-T1	QKX60254.1|GH76|	49.0	764	366	9	184	933	25	778	8.69e-234	699
DFQ31|DFQ31_005599-T1	AXG41146.1|GH6|	36.7	735	441	8	142	867	162	881	7.53e-151	471
DFQ31|DFQ31_005620-T1	CDS08047.1|GT15|	55.3	331	143	1	32	357	51	381	1.95e-138	403
DFQ31|DFQ31_005622-T1	QHO50257.1|GH47|	44.2	448	234	8	25	464	123	562	5.19e-117	360
DFQ31|DFQ31_005665-T1	EGX49587.1|GT2|	47.4	1014	464	14	91	1059	161	1150	1.47e-302	884
DFQ31|DFQ31_005740-T1	EAA65303.1|GT0|	45.2	862	448	11	34	884	731	1579	4.13e-236	713
DFQ31|DFQ31_005851-T1	AVM55139.1|GH65|	40.5	694	370	17	21	702	696	1358	7.30e-158	496
DFQ31|DFQ31_005892-T1	EAA61171.1|AA3|	37.2	631	337	16	44	622	25	648	6.81e-116	365
DFQ31|DFQ31_005921-T1	APF18717.1|GH3|	40.8	737	408	11	35	758	26	747	6.42e-183	545
DFQ31|DFQ31_005925-T1	CDS08047.1|GT15|	55.3	331	143	1	32	357	51	381	1.12e-137	401
DFQ31|DFQ31_005927-T1	QHO50257.1|GH47|	44.0	448	235	8	25	464	123	562	1.03e-116	359
DFQ31|DFQ31_005955-T1	ALU92952.1|CBM51|GH31|	47.3	761	366	15	2	739	6	754	6.78e-236	689
DFQ31|DFQ31_005978-T1	QCE13289.1|CE8|	54.4	408	159	5	5	389	408	811	6.54e-136	427
DFQ31|DFQ31_005989-T1	AWP04987.1|GT13|	49.8	861	414	9	72	924	75	925	5.77e-295	867
DFQ31|DFQ31_006051-T1	QIW95080.1|GH47|	22.8	1905	1316	47	13	1821	744	2590	9.99e-109	392
DFQ31|DFQ31_006088-T1	QBQ55251.1|CBM50|	36.3	841	454	15	18	848	21	789	2.85e-146	468
DFQ31|DFQ31_006149-T1	AWP04987.1|GT13|	49.9	858	415	8	72	921	75	925	8.32e-297	871
DFQ31|DFQ31_006201-T1	CAN97272.1|GH81|	37.3	660	382	14	53	696	74	717	1.73e-132	412
DFQ31|DFQ31_006205-T1	AVI60826.1|GT22|	63.6	431	133	8	10	429	583	1000	2.25e-162	510
DFQ31|DFQ31_006223-T1	CDS05327.1|GT2|	44.1	1763	868	37	21	1717	25	1736	0.0	1338
DFQ31|DFQ31_006267-T1	CBX98352.1|GT48|	51.5	1780	740	22	177	1917	186	1880	0.0	1716
DFQ31|DFQ31_006377-T1	CDS06367.1|GH38|	48.2	1036	512	11	18	1044	26	1045	0.0	1027
DFQ31|DFQ31_006503-T1	CCA15473.1|GH72|	46.1	425	210	5	6	416	532	951	1.34e-116	367
DFQ31|DFQ31_006566-T1	QIW95080.1|GH47|	22.7	1902	1322	46	13	1821	744	2590	2.31e-108	391
DFQ31|DFQ31_006674-T1	CDS03326.1|GH47|	50.9	477	214	8	77	544	133	598	2.64e-158	469
DFQ31|DFQ31_006729-T1	QEO24085.1|GH47|	48.8	361	177	3	4	360	839	1195	1.33e-103	335
DFQ31|DFQ31_006916-T1	AFK25797.1|GT2|	47.0	836	342	16	429	1210	92	880	6.66e-226	684
DFQ31|DFQ31_006963-T1	QKD52993.1|GT35|	57.4	855	358	6	19	872	32	881	0.0	991
DFQ31|DFQ31_006968-T1	QGI58483.1|AA2|	61.1	321	118	6	27	345	26	341	6.39e-128	375
DFQ31|DFQ31_007170-T1	VWO94258.1|CBM1|GH5_5|	47.3	675	282	15	44	672	400	1046	7.01e-167	510
DFQ31|DFQ31_007176-T1	ADK37846.1|GH18|	55.8	294	128	1	156	449	1	292	2.18e-117	355
DFQ31|DFQ31_007188-T1	QDS71450.1|GH47|	61.9	318	112	3	8	322	1044	1355	2.08e-132	415
DFQ31|DFQ31_007240-T1	CDS05640.1|GH20|	42.2	670	335	9	54	709	27	658	3.09e-170	515
DFQ31|DFQ31_007246-T1	AHX26715.1|GT2|	34.4	787	428	22	70	789	35	800	1.09e-110	401
DFQ31|DFQ31_007251-T1	CDS04796.1|CE9|	53.5	432	171	5	11	413	2	432	8.19e-159	459
DFQ31|DFQ31_007265-T1	EAA61171.1|AA3|	36.3	633	340	19	44	622	25	648	6.05e-109	347
DFQ31|DFQ31_007285-T1	CED83340.1|GT31|	39.9	786	428	18	389	1139	1142	1918	1.17e-163	538
DFQ31|DFQ31_007424-T1	QCD96124.1|GH20|	40.5	550	292	12	21	544	35	575	4.12e-138	417
DFQ31|DFQ31_007714-T1	QKD62991.1|GH12|	35.5	577	363	4	163	739	1094	1661	7.14e-107	365
DFQ31|DFQ31_007748-T1	SDT63342.1|CBM51|GH31|	51.0	688	313	9	48	716	59	741	3.16e-235	694
DFQ31|DFQ31_007848-T1	AAK71510.1|GT39|	35.2	830	260	6	63	890	56	609	4.36e-160	490
DFQ31|DFQ31_007994-T1	CCA77894.1|GH13_25|GH133|	45.3	1558	786	19	47	1560	70	1604	0.0	1374
DFQ31|DFQ31_008219-T1	CDS08031.1|GT2|	44.9	1705	832	28	25	1649	11	1687	0.0	1385
DFQ31|DFQ31_008230-T1	AWK40335.1|GH6|	38.9	705	403	11	78	765	180	873	8.64e-146	454
DFQ31|DFQ31_008242-T1	CDS05274.1|GT2|	52.9	913	381	15	2	884	75	968	5.52e-303	877
DFQ31|DFQ31_008248-T1	ACZ81482.1|GT39|	47.4	744	346	10	64	799	58	764	8.08e-231	671
DFQ31|DFQ31_008259-T1	ATZ47545.1|GH5_12|	36.9	734	370	21	16	688	5	706	2.19e-137	428
DFQ31|DFQ31_008261-T1	EAA31326.1|GH71|	45.4	531	271	8	2	521	700	1222	1.63e-137	432
DFQ31|DFQ31_008263-T1	QEO24085.1|GH47|	50.1	375	172	5	28	394	837	1204	6.58e-120	380
DFQ31|DFQ31_008383-T1	AVM55139.1|GH65|	39.8	693	376	16	21	702	696	1358	4.69e-144	459
DFQ31|DFQ31_008498-T1	CBX98352.1|GT48|	51.2	1778	747	19	177	1917	186	1880	0.0	1719
DFQ31|DFQ31_008561-T1	QBQ55251.1|CBM50|	33.6	895	543	14	15	883	32	901	2.93e-146	465
DFQ31|DFQ31_008623-T1	ANB12754.1|GH5_9|	47.9	380	187	8	17	396	30	398	6.07e-122	364
DFQ31|DFQ31_008653-T1	CDS12794.1|GT39|	32.9	753	487	11	5	753	11	749	1.41e-132	415
DFQ31|DFQ31_008658-T1	CDS03806.1|GT48|	51.8	1789	787	21	133	1911	177	1900	0.0	1789
DFQ31|DFQ31_008842-T1	QKD62991.1|GH12|	35.7	577	362	4	116	692	1094	1661	5.11e-107	363
DFQ31|DFQ31_008867-T1	CDS07484.1|CBM43|GH72|	49.1	464	211	10	16	457	17	477	9.11e-145	431
DFQ31|DFQ31_008869-T1	CDS11918.1|CBM43|GH72|	48.9	448	213	7	17	450	18	463	2.72e-144	431
DFQ31|DFQ31_008911-T1	ADK37846.1|GH18|	55.8	294	128	1	27	320	1	292	7.77e-119	355
DFQ31|DFQ31_008912-T1	QKD62991.1|GH12|	36.8	589	361	4	209	797	1084	1661	4.80e-105	359
DFQ31|DFQ31_008913-T1	ADK37846.1|GH18|	73.5	294	76	1	32	325	1	292	3.02e-161	457
DFQ31|DFQ31_008973-T1	CCA14548.1|GT2|	52.7	317	146	3	5	319	440	754	1.00e-109	340
DFQ31|DFQ31_009133-T1	CDS03806.1|GT48|	53.4	1733	760	18	98	1808	189	1895	0.0	1790
DFQ31|DFQ31_009158-T1	SVE85332.1|GH9|	45.6	903	464	9	6	892	418	1309	5.68e-119	397
DFQ31|DFQ31_009213-T1	AWK40335.1|GH6|	38.5	703	409	10	78	766	180	873	1.67e-146	456
DFQ31|DFQ31_009502-T1	CDS08031.1|GT2|	44.3	1715	830	31	27	1652	13	1690	0.0	1343
DFQ31|DFQ31_009646-T1	CDS03806.1|GT48|	51.7	1789	789	21	133	1911	177	1900	0.0	1785
DFQ31|DFQ31_009650-T1	QKX55086.1|GH55|	48.4	599	270	7	221	782	787	1383	7.83e-185	572
DFQ31|DFQ31_009768-T1	ANB12754.1|GH5_9|	47.6	380	188	8	17	396	30	398	4.89e-121	362
DFQ31|DFQ31_009788-T1	QKD58853.1|GH18|	57.6	434	173	6	2	425	394	826	2.64e-151	459
DFQ31|DFQ31_009949-T1	CDS07813.1|GH37|	42.3	601	288	11	35	632	33	577	2.15e-163	484
DFQ31|DFQ31_010174-T1	CDS06367.1|GH38|	48.1	1036	513	11	18	1044	26	1045	0.0	1027
DFQ31|DFQ31_010290-T1	QDS71450.1|GH47|	61.9	318	112	3	8	322	1044	1355	2.08e-132	415
DFQ31|DFQ31_010335-T1	AYB47554.1|GH13_5|	57.9	477	199	2	3	477	4	480	1.29e-210	595
DFQ31|DFQ31_010382-T1	EAA31326.1|GH71|	44.3	583	306	8	109	680	648	1222	1.56e-148	467
DFQ31|DFQ31_010412-T1	AIT83212.1|GT4|	67.2	302	97	1	7	308	15	314	3.09e-137	411
DFQ31|DFQ31_010475-T1	CDS05746.1|GH5_9|	47.7	432	216	5	94	518	4	432	1.59e-147	434
DFQ31|DFQ31_010541-T1	EAA61171.1|AA3|	36.5	633	339	18	44	622	25	648	1.68e-108	346
DFQ31|DFQ31_010599-T1	QKX56076.1|GH51|	52.8	716	324	8	148	863	894	1595	5.05e-235	709
DFQ31|DFQ31_010624-T1	BBN14963.1|CBM20|	49.1	403	194	7	11	406	397	795	2.26e-122	378
DFQ31|DFQ31_010658-T1	CDS11918.1|CBM43|GH72|	43.9	478	250	10	16	482	18	488	9.29e-134	401
DFQ31|DFQ31_010695-T1	QBQ55243.1|CBM50|	32.4	816	463	19	13	807	10	757	2.84e-108	368
DFQ31|DFQ31_010712-T1	CAC9909034.1|GT8|	66.2	370	124	1	20	389	347	715	4.74e-171	499
DFQ31|DFQ31_010717-T1	CED83340.1|GT31|	32.1	999	531	21	246	1111	955	1939	1.29e-134	456
DFQ31|DFQ31_010789-T1	QGI58483.1|AA2|	60.4	321	120	6	27	345	26	341	2.97e-126	371
DFQ31|DFQ31_010847-T1	AVI60826.1|GT22|	63.3	431	134	8	10	429	583	1000	2.25e-162	510
DFQ31|DFQ31_010890-T1	AAX19736.1|GH37|	63.1	634	217	4	26	659	7	623	4.96e-292	819
DFQ31|DFQ31_011100-T1	QEO24085.1|GH47|	50.1	371	176	4	29	394	838	1204	1.28e-119	379
DFQ31|DFQ31_011141-T1	CCA14548.1|GT2|	53.0	317	145	3	5	319	440	754	3.60e-110	341
DFQ31|DFQ31_011143-T1	QKX56076.1|GH51|	52.8	716	324	8	149	864	894	1595	9.50e-236	711
DFQ31|DFQ31_011206-T1	AHX26715.1|GT2|	33.5	767	443	16	77	791	35	786	1.25e-111	398
DFQ31|DFQ31_011248-T1	QBS45783.1|GH31|	41.9	695	389	10	54	746	47	728	3.93e-194	573
DFQ31|DFQ31_011256-T1	CDS13004.1|GT20|	52.0	761	349	7	15	766	25	778	3.50e-298	840
DFQ31|DFQ31_011318-T1	QBQ55243.1|CBM50|	34.7	984	529	24	23	998	27	904	1.39e-142	458
DFQ31|DFQ31_011329-T1	QKD53806.1|AA3|	34.6	633	339	17	43	615	35	652	2.09e-103	333
DFQ31|DFQ31_011356-T1	ADK37844.1|GH16_4|	64.6	322	112	2	55	375	1	321	1.12e-163	465
DFQ31|DFQ31_011472-T1	QDH20989.1|GH13_5|	48.4	384	195	3	34	416	2	383	2.36e-130	389
DFQ31|DFQ31_011480-T1	QKD55908.1|GH18|	32.0	847	481	23	306	1110	1393	2186	1.13e-103	365
DFQ31|DFQ31_011496-T1	CCA77894.1|GH13_25|GH133|	46.7	1316	664	15	1	1299	299	1593	0.0	1216
DFQ31|DFQ31_011569-T1	CAC9909034.1|GT8|	72.5	229	63	0	1	229	494	722	6.73e-114	346
DFQ31|DFQ31_011632-T1	QEO24085.1|GH47|	49.6	365	176	4	3	363	835	1195	3.96e-105	339
DFQ31|DFQ31_011643-T1	QAV16303.1|GH13_5|	56.6	477	205	2	3	477	4	480	2.69e-209	592
DFQ31|DFQ31_011696-T1	CDS11918.1|CBM43|GH72|	45.5	479	247	9	17	488	18	489	4.54e-138	412
DFQ31|DFQ31_011813-T1	AAQ72769.1|GH16_2|	47.4	489	234	9	9	491	204	675	8.37e-138	417
DFQ31|DFQ31_011979-T1	QKX53450.1|GH81|	56.0	384	137	4	36	390	968	1348	3.30e-116	372
DFQ31|DFQ31_012039-T1	CAN65674.1|GH28|	37.9	573	315	11	111	674	89	629	6.41e-112	371
DFQ31|DFQ31_012045-T1	AKU79211.1|GH20|	35.4	632	299	16	9	538	6	630	2.25e-123	380
DFQ31|DFQ31_012074-T1	CAN80640.1|GT47|	53.8	426	191	4	8	428	937	1361	2.99e-154	475
DFQ31|DFQ31_012275-T1	CDS09089.1|GT41|	55.5	904	307	15	2	851	625	1487	1.18e-297	873
DFQ31|DFQ31_012320-T1	CBX90546.1|CBM48|GH13_8|	64.7	697	215	5	33	708	25	711	0.0	946
DFQ31|DFQ31_012322-T1	SMR56934.1|GT22|	53.9	531	230	7	9	526	608	1136	7.77e-187	562
DFQ31|DFQ31_012520-T1	CDS08390.1|GH31|	48.4	830	396	7	12	812	11	837	9.44e-291	830
DFQ31|DFQ31_012580-T1	QBZ54211.1|GH47|	49.8	841	360	13	7	802	631	1454	5.20e-223	673
DFQ31|DFQ31_012586-T1	BAA01024.1|GT2|2.4.1.16	56.9	757	311	6	78	830	113	858	6.14e-290	825
DFQ31|DFQ31_012620-T1	AFK25797.1|GT2|	47.0	836	342	16	428	1209	92	880	1.32e-226	684
DFQ31|DFQ31_012821-T1	APF18717.1|GH3|	41.6	736	404	11	35	758	26	747	1.59e-189	562
DFQ31|DFQ31_012929-T1	CDS03806.1|GT48|	57.6	1185	485	7	1	1172	715	1895	0.0	1393
DFQ31|DFQ31_013231-T1	CDS09097.1|GH15|	59.5	677	248	8	13	673	63	729	7.16e-287	806
DFQ31|DFQ31_013272-T1	QIS24209.1|GH31|	44.4	639	326	12	116	738	107	732	4.70e-188	557
DFQ31|DFQ31_013315-T1	CAN97272.1|GH81|	37.7	660	379	14	53	696	74	717	1.89e-135	419
DFQ31|DFQ31_013398-T1	CDS07813.1|GH37|	41.5	617	296	12	30	637	17	577	3.68e-160	476
DFQ31|DFQ31_013423-T1	CDS05746.1|GH5_9|	50.6	431	202	6	92	515	3	429	5.16e-167	484
DFQ31|DFQ31_013492-T1	VDD19117.1|GT95|	86.4	199	26	1	3	200	78	276	1.32e-115	348
DFQ31|DFQ31_013501-T1	CDS09097.1|GH15|	59.5	677	248	8	13	673	63	729	2.90e-286	805
DFQ31|DFQ31_013588-T1	BAA34296.1|GT4|	46.3	451	230	9	2	448	4	446	3.63e-126	378
DFQ31|DFQ31_013885-T1	CDS03326.1|GH47|	50.6	474	217	8	34	498	133	598	9.62e-157	463
DFQ31|DFQ31_013890-T1	QGI79035.1|GH43_30|	76.3	299	70	1	3	300	459	757	3.54e-154	475
DFQ31|DFQ31_014091-T1	CDS02746.1|GT4|	61.9	318	119	1	1	318	109	424	4.44e-137	400
DFQ31|DFQ31_014209-T1	QCW79542.1|GH101|	55.4	457	196	2	47	495	612	1068	3.34e-170	512
DFQ31|DFQ31_014227-T1	SMR56934.1|GT22|	51.5	421	192	4	1	410	717	1136	8.03e-138	430
DFQ31|DFQ31_014451-T1	AUB27626.1|GT3|	71.3	495	136	2	8	496	3	497	5.51e-268	751
