HMM Profile	Profile Length	Gene ID	Gene Length	E Value	Profile Start	Profile End	Gene Start	Gene End	Coverage
GT39.hmm	223	DFQ31|DFQ31_000043-T1	727	7.8e-69	4	223	51	291	0.9820627802690582
GH47.hmm	446	DFQ31|DFQ31_000099-T1	840	8.8e-119	2	435	51	469	0.9708520179372198
GT24.hmm	248	DFQ31|DFQ31_000110-T1	1513	1e-129	1	248	1196	1443	0.9959677419354839
AA6.hmm	195	DFQ31|DFQ31_000196-T1	950	8.5e-72	1	194	42	235	0.9897435897435898
GH47.hmm	446	DFQ31|DFQ31_000201-T1	682	2e-131	10	445	1	427	0.9753363228699552
GH18.hmm	296	DFQ31|DFQ31_000227-T1	430	3.8e-62	8	292	27	370	0.9594594594594594
GT2_Glycos_transf_2.hmm	170	DFQ31|DFQ31_000381-T1	238	8.5e-35	1	168	6	175	0.9823529411764705
AA11.hmm	191	DFQ31|DFQ31_000457-T1	586	1.2e-32	12	163	41	183	0.7905759162303665
GH25.hmm	177	DFQ31|DFQ31_000543-T1	233	4e-56	1	176	36	215	0.9887005649717514
GT2_Chitin_synth_2.hmm	527	DFQ31|DFQ31_000561-T1	1900	1.8e-233	4	527	1141	1650	0.9924098671726755
GT8.hmm	257	DFQ31|DFQ31_000626-T1	801	3.7e-33	24	256	476	774	0.9027237354085603
GH18.hmm	296	DFQ31|DFQ31_000655-T1	453	3.3e-24	3	282	27	304	0.9425675675675675
GH47.hmm	446	DFQ31|DFQ31_000697-T1	436	4e-114	48	446	1	430	0.8923766816143498
GH47.hmm	446	DFQ31|DFQ31_000707-T1	511	6.2e-144	1	444	82	507	0.9932735426008968
GH18.hmm	296	DFQ31|DFQ31_000859-T1	456	1.9e-24	3	282	27	304	0.9425675675675675
GT2_Chitin_synth_2.hmm	527	DFQ31|DFQ31_000873-T1	1749	2.6e-229	6	526	1128	1629	0.9867172675521821
GH18.hmm	296	DFQ31|DFQ31_000935-T1	940	4.7e-29	6	211	420	664	0.6925675675675675
GH132.hmm	303	DFQ31|DFQ31_000950-T1	400	3e-69	33	301	133	397	0.8844884488448845
GH38.hmm	269	DFQ31|DFQ31_000998-T1	1073	4.2e-87	2	255	267	519	0.9405204460966543
GH18.hmm	296	DFQ31|DFQ31_001007-T1	452	1.1e-57	6	285	2	378	0.9425675675675675
GT2_Chitin_synth_2.hmm	527	DFQ31|DFQ31_001040-T1	1195	2.3e-63	14	526	343	826	0.9715370018975332
GH16_19.hmm	174	DFQ31|DFQ31_001058-T1	217	1.7e-54	22	174	50	194	0.8735632183908046
GH20.hmm	337	DFQ31|DFQ31_001079-T1	846	3.5e-29	15	329	185	499	0.9317507418397626
GT20.hmm	475	DFQ31|DFQ31_001101-T1	473	3.7e-194	10	474	6	472	0.9768421052631578
GT1.hmm	382	DFQ31|DFQ31_001122-T1	512	8.6e-22	190	370	218	428	0.4712041884816754
GH72.hmm	312	DFQ31|DFQ31_001192-T1	497	2.9e-116	4	310	16	317	0.9807692307692307
GH72.hmm	312	DFQ31|DFQ31_001198-T1	499	1.8e-113	4	311	16	318	0.9839743589743589
AA11.hmm	191	DFQ31|DFQ31_001208-T1	189	6.3e-36	12	163	23	163	0.7905759162303665
AA11.hmm	191	DFQ31|DFQ31_001268-T1	205	1.6e-35	12	163	39	179	0.7905759162303665
GH18.hmm	296	DFQ31|DFQ31_001372-T1	405	1.5e-69	3	284	23	357	0.9493243243243243
GH72.hmm	312	DFQ31|DFQ31_001378-T1	503	1e-121	4	310	17	320	0.9807692307692307
GT39.hmm	223	DFQ31|DFQ31_001487-T1	781	3.9e-70	2	223	87	324	0.9910313901345291
AA6.hmm	195	DFQ31|DFQ31_001574-T1	251	1.2e-73	3	194	10	200	0.9794871794871794
CE16.hmm	267	DFQ31|DFQ31_001643-T1	307	8.1e-22	4	266	33	300	0.9812734082397003
GH132.hmm	303	DFQ31|DFQ31_001747-T1	398	7.1e-69	32	301	124	395	0.8877887788778878
AA3_2.hmm	568	DFQ31|DFQ31_001763-T1	769	2.4e-95	2	567	50	622	0.9947183098591549
GT2_Chitin_synth_2.hmm	527	DFQ31|DFQ31_001842-T1	839	4.2e-224	4	527	175	676	0.9924098671726755
GT1.hmm	382	DFQ31|DFQ31_001851-T1	559	1.5e-23	103	351	152	446	0.6492146596858639
GT1.hmm	382	DFQ31|DFQ31_001857-T1	570	3.5e-26	214	352	283	455	0.3612565445026178
GH63.hmm	570	DFQ31|DFQ31_001897-T1	207	2.5e-16	318	567	12	205	0.4368421052631579
CBM63.hmm	78	DFQ31|DFQ31_001906-T1	344	3.1e-20	2	76	119	192	0.9487179487179487
CE9.hmm	373	DFQ31|DFQ31_001923-T1	416	1.2e-122	1	373	23	408	0.9973190348525469
AA3_2.hmm	568	DFQ31|DFQ31_001959-T1	769	1.1e-95	2	567	50	622	0.9947183098591549
CBM21.hmm	107	DFQ31|DFQ31_002031-T1	332	4e-29	3	107	111	218	0.9719626168224299
GH47.hmm	446	DFQ31|DFQ31_002063-T1	511	8.7e-144	1	444	82	507	0.9932735426008968
GT2_Chitin_synth_2.hmm	527	DFQ31|DFQ31_002072-T1	1662	1.1e-230	6	526	999	1501	0.9867172675521821
GT76.hmm	407	DFQ31|DFQ31_002093-T1	353	4.5e-81	8	329	30	341	0.7886977886977887
GT32.hmm	90	DFQ31|DFQ31_002127-T1	284	1.5e-22	7	89	65	142	0.9111111111111111
GT1.hmm	382	DFQ31|DFQ31_002129-T1	540	1.3e-20	200	361	244	447	0.4214659685863874
GH16_19.hmm	174	DFQ31|DFQ31_002176-T1	387	3.9e-49	4	174	110	272	0.9770114942528736
GH5_9.hmm	303	DFQ31|DFQ31_002186-T1	506	1.2e-108	1	303	154	469	0.9966996699669967
GH5_9.hmm	303	DFQ31|DFQ31_002193-T1	518	1.6e-103	1	303	167	482	0.9966996699669967
GT57.hmm	481	DFQ31|DFQ31_002204-T1	360	8.7e-108	124	480	3	353	0.7401247401247402
GT8.hmm	257	DFQ31|DFQ31_002230-T1	310	3.6e-21	28	256	14	283	0.8871595330739299
CE4.hmm	130	DFQ31|DFQ31_002250-T1	343	1.4e-32	5	126	27	147	0.9307692307692308
GH17.hmm	311	DFQ31|DFQ31_002278-T1	311	1.9e-25	3	307	40	302	0.977491961414791
GH17.hmm	311	DFQ31|DFQ31_002280-T1	300	1.2e-28	15	306	40	291	0.9356913183279743
GH47.hmm	446	DFQ31|DFQ31_002359-T1	700	3.9e-103	2	446	227	696	0.9955156950672646
GH63.hmm	570	DFQ31|DFQ31_002384-T1	815	3.2e-26	316	567	602	812	0.44035087719298244
CBM63.hmm	78	DFQ31|DFQ31_002393-T1	328	2.6e-20	2	76	103	176	0.9487179487179487
GT20.hmm	475	DFQ31|DFQ31_002466-T1	767	1.3e-161	7	474	8	488	0.9831578947368421
GH47.hmm	446	DFQ31|DFQ31_002482-T1	474	2e-126	2	446	41	471	0.9955156950672646
GH18.hmm	296	DFQ31|DFQ31_002535-T1	465	1.3e-24	4	279	27	309	0.9290540540540541
CE16.hmm	267	DFQ31|DFQ31_002547-T1	301	1e-20	3	266	28	294	0.9850187265917603
GT4.hmm	160	DFQ31|DFQ31_002666-T1	498	5.2e-17	6	129	288	430	0.76875
GT1.hmm	382	DFQ31|DFQ31_002690-T1	531	4e-18	185	330	224	399	0.3795811518324607
AA7.hmm	458	DFQ31|DFQ31_002839-T1	492	6.5e-80	15	458	67	488	0.9672489082969432
GT2_Chitin_synth_2.hmm	527	DFQ31|DFQ31_002923-T1	1175	6.6e-281	13	527	601	1114	0.9753320683111955
GH16_4.hmm	316	DFQ31|DFQ31_002930-T1	339	1.1e-121	1	316	9	336	0.9968354430379747
GT4.hmm	160	DFQ31|DFQ31_002967-T1	448	5e-33	6	149	193	338	0.89375
GH38.hmm	269	DFQ31|DFQ31_003008-T1	1073	1.7e-86	2	254	267	518	0.9368029739776952
GT2_Chitin_synth_2.hmm	527	DFQ31|DFQ31_003057-T1	1865	5.4e-230	4	527	1147	1654	0.9924098671726755
GT32.hmm	90	DFQ31|DFQ31_003065-T1	334	5.6e-22	6	88	109	187	0.9111111111111111
GT15.hmm	273	DFQ31|DFQ31_003158-T1	378	1.7e-112	1	272	56	328	0.9926739926739927
GT15.hmm	273	DFQ31|DFQ31_003160-T1	399	9.1e-112	1	272	79	349	0.9926739926739927
GT15.hmm	273	DFQ31|DFQ31_003163-T1	375	9.4e-112	2	272	57	325	0.989010989010989
GT66.hmm	693	DFQ31|DFQ31_003165-T1	731	1.3e-186	11	601	16	658	0.8513708513708513
GH18.hmm	296	DFQ31|DFQ31_003212-T1	414	1.2e-75	3	284	23	355	0.9493243243243243
GH72.hmm	312	DFQ31|DFQ31_003217-T1	430	4.4e-95	5	310	18	294	0.9775641025641025
GT2_Chitin_synth_2.hmm	527	DFQ31|DFQ31_003321-T1	1863	1.1e-228	4	527	1145	1652	0.9924098671726755
CE1.hmm	227	DFQ31|DFQ31_003361-T1	291	2.3e-44	1	224	24	284	0.9823788546255506
CE16.hmm	267	DFQ31|DFQ31_003383-T1	300	3.9e-18	3	266	28	294	0.9850187265917603
GH16_19.hmm	174	DFQ31|DFQ31_003384-T1	387	4.2e-49	4	174	110	272	0.9770114942528736
CE16.hmm	267	DFQ31|DFQ31_003438-T1	307	9.5e-23	4	266	33	300	0.9812734082397003
AA1_1.hmm	303	DFQ31|DFQ31_003449-T1	579	1.6e-65	1	284	30	336	0.933993399339934
GH18.hmm	296	DFQ31|DFQ31_003489-T1	787	2.4e-21	3	197	28	271	0.6554054054054054
AA11.hmm	191	DFQ31|DFQ31_003503-T1	325	7.4e-39	1	155	22	173	0.806282722513089
AA11.hmm	191	DFQ31|DFQ31_003504-T1	321	7.8e-40	1	155	22	173	0.806282722513089
GT2_Chitin_synth_2.hmm	527	DFQ31|DFQ31_003510-T1	854	1.7e-26	190	506	308	612	0.5996204933586338
GT32.hmm	90	DFQ31|DFQ31_003672-T1	507	7.6e-20	5	89	70	150	0.9333333333333333
GT32.hmm	90	DFQ31|DFQ31_003674-T1	334	4.6e-22	6	89	109	188	0.9222222222222223
AA11.hmm	191	DFQ31|DFQ31_003712-T1	364	1.4e-38	11	162	40	178	0.7905759162303665
GT1.hmm	382	DFQ31|DFQ31_003751-T1	512	2.1e-22	194	378	222	436	0.4816753926701571
GT8.hmm	257	DFQ31|DFQ31_003760-T1	1557	1e-48	29	255	11	231	0.8793774319066148
GT39.hmm	223	DFQ31|DFQ31_003795-T1	848	3.9e-70	3	223	66	306	0.9865470852017937
AA1_1.hmm	303	DFQ31|DFQ31_003804-T1	579	3.6e-64	2	275	31	327	0.900990099009901
GH16_19.hmm	174	DFQ31|DFQ31_003988-T1	402	7.3e-54	9	174	213	378	0.9482758620689655
GH17.hmm	311	DFQ31|DFQ31_004067-T1	344	2.9e-29	11	302	83	331	0.9356913183279743
GH72.hmm	312	DFQ31|DFQ31_004071-T1	341	2.2e-17	171	308	14	153	0.4391025641025641
GH16_3.hmm	230	DFQ31|DFQ31_004122-T1	470	2.6e-65	1	230	195	464	0.9956521739130435
GH18.hmm	296	DFQ31|DFQ31_004283-T1	385	3.4e-80	3	284	2	374	0.9493243243243243
GT1.hmm	382	DFQ31|DFQ31_004361-T1	529	1.4e-20	221	365	279	462	0.3769633507853403
GH24.hmm	137	DFQ31|DFQ31_004500-T1	171	1.1e-33	2	137	24	161	0.9854014598540146
GH18.hmm	296	DFQ31|DFQ31_004501-T1	406	3e-75	2	285	23	364	0.956081081081081
GH132.hmm	303	DFQ31|DFQ31_004548-T1	269	3.5e-69	47	301	20	266	0.8382838283828383
GH18.hmm	296	DFQ31|DFQ31_004559-T1	471	6.1e-25	4	199	27	274	0.6587837837837838
AA11.hmm	191	DFQ31|DFQ31_004569-T1	201	1.6e-37	10	164	20	163	0.806282722513089
GH13_8.hmm	293	DFQ31|DFQ31_004587-T1	730	1.2e-149	1	293	259	552	0.9965870307167235
GT1.hmm	382	DFQ31|DFQ31_004636-T1	1230	4.2e-53	5	377	765	1172	0.9738219895287958
GH20.hmm	337	DFQ31|DFQ31_004677-T1	559	6.8e-96	7	336	157	495	0.9762611275964391
GH17.hmm	311	DFQ31|DFQ31_004686-T1	254	2.5e-26	28	304	3	243	0.887459807073955
GH17.hmm	311	DFQ31|DFQ31_004708-T1	365	6.7e-24	5	309	83	356	0.977491961414791
GT2_Glycos_transf_2.hmm	170	DFQ31|DFQ31_004752-T1	298	1.1e-25	1	164	44	221	0.9588235294117647
GH31.hmm	427	DFQ31|DFQ31_004763-T1	946	7.1e-159	2	427	348	791	0.9953161592505855
GH37.hmm	491	DFQ31|DFQ31_004833-T1	978	4.7e-144	3	489	159	715	0.9898167006109979
GT21.hmm	233	DFQ31|DFQ31_004894-T1	337	1.7e-89	1	233	63	294	0.9957081545064378
GT1.hmm	382	DFQ31|DFQ31_004900-T1	519	1.4e-25	209	352	254	443	0.3743455497382199
GH18.hmm	296	DFQ31|DFQ31_004951-T1	417	4.3e-75	3	284	23	355	0.9493243243243243
GT2_Chitin_synth_2.hmm	527	DFQ31|DFQ31_005016-T1	1218	1.1e-269	18	527	544	1056	0.9658444022770398
GT57.hmm	481	DFQ31|DFQ31_005053-T1	519	3.1e-129	2	480	43	498	0.9937629937629938
GT33.hmm	425	DFQ31|DFQ31_005086-T1	282	8e-89	181	424	21	278	0.571764705882353
GH17.hmm	311	DFQ31|DFQ31_005114-T1	300	9.1e-29	15	306	40	291	0.9356913183279743
GH17.hmm	311	DFQ31|DFQ31_005116-T1	311	1.8e-24	3	307	40	302	0.977491961414791
GT2_Chitin_synth_1.hmm	163	DFQ31|DFQ31_005135-T1	830	1.2e-78	1	163	156	318	0.9938650306748467
GT2_Chitin_synth_2.hmm	527	DFQ31|DFQ31_005135-T1	830	5.3e-23	204	391	296	489	0.3548387096774194
GH3.hmm	216	DFQ31|DFQ31_005163-T1	771	1.2e-58	3	211	121	346	0.9629629629629629
GH18.hmm	296	DFQ31|DFQ31_005190-T1	473	3.5e-75	3	286	24	365	0.956081081081081
GH3.hmm	216	DFQ31|DFQ31_005204-T1	771	1.6e-59	3	215	121	351	0.9814814814814815
GH72.hmm	312	DFQ31|DFQ31_005261-T1	497	3.5e-116	4	311	16	318	0.9839743589743589
AA7.hmm	458	DFQ31|DFQ31_005398-T1	490	2.4e-92	6	458	56	488	0.9868995633187773
GT1.hmm	382	DFQ31|DFQ31_005464-T1	1232	6.3e-53	5	377	766	1173	0.9738219895287958
GH5_9.hmm	303	DFQ31|DFQ31_005487-T1	520	1.7e-109	1	303	167	482	0.9966996699669967
GH5_9.hmm	303	DFQ31|DFQ31_005488-T1	504	4.6e-107	1	303	158	473	0.9966996699669967
GT22.hmm	389	DFQ31|DFQ31_005497-T1	279	6.5e-43	2	257	41	274	0.6555269922879178
CBM21.hmm	107	DFQ31|DFQ31_005501-T1	379	7.8e-28	4	107	118	227	0.9626168224299065
CBM21.hmm	107	DFQ31|DFQ31_005502-T1	353	3.5e-29	3	107	120	230	0.9719626168224299
CBM21.hmm	107	DFQ31|DFQ31_005503-T1	332	4.2e-29	4	107	112	218	0.9626168224299065
CE16.hmm	267	DFQ31|DFQ31_005529-T1	307	3.6e-20	4	266	33	300	0.9812734082397003
GH5_9.hmm	303	DFQ31|DFQ31_005553-T1	506	9.6e-108	1	303	154	469	0.9966996699669967
GH5_9.hmm	303	DFQ31|DFQ31_005554-T1	526	3.7e-104	1	303	174	490	0.9966996699669967
GT15.hmm	273	DFQ31|DFQ31_005620-T1	361	3e-123	1	273	50	321	0.9963369963369964
GH47.hmm	446	DFQ31|DFQ31_005622-T1	466	2.5e-146	2	446	34	464	0.9955156950672646
GT2_Chitin_synth_2.hmm	527	DFQ31|DFQ31_005665-T1	1220	5.1e-270	18	527	546	1058	0.9658444022770398
GH132.hmm	303	DFQ31|DFQ31_005873-T1	283	3.7e-55	52	301	45	280	0.8217821782178217
AA3_2.hmm	568	DFQ31|DFQ31_005892-T1	655	8.4e-95	1	567	42	615	0.9964788732394366
GH3.hmm	216	DFQ31|DFQ31_005921-T1	771	7.9e-57	3	210	121	345	0.9583333333333334
GT15.hmm	273	DFQ31|DFQ31_005925-T1	361	8.2e-123	1	273	50	321	0.9963369963369964
GH47.hmm	446	DFQ31|DFQ31_005927-T1	466	1.2e-146	2	446	34	464	0.9955156950672646
GH31.hmm	427	DFQ31|DFQ31_005955-T1	741	2e-72	197	427	358	591	0.5386416861826698
CE1.hmm	227	DFQ31|DFQ31_005987-T1	687	6.2e-16	4	208	430	655	0.8986784140969163
AA6.hmm	195	DFQ31|DFQ31_006160-T1	251	4.5e-73	3	194	10	200	0.9794871794871794
GH81.hmm	622	DFQ31|DFQ31_006201-T1	696	1.5e-169	8	622	65	692	0.9871382636655949
GT2_Chitin_synth_2.hmm	527	DFQ31|DFQ31_006223-T1	1802	5.9e-230	6	526	1181	1682	0.9867172675521821
GH18.hmm	296	DFQ31|DFQ31_006265-T1	316	4.8e-16	48	204	63	243	0.527027027027027
GT48.hmm	739	DFQ31|DFQ31_006267-T1	1940	4.7e-293	3	723	878	1647	0.9742895805142084
GH38.hmm	269	DFQ31|DFQ31_006377-T1	1071	7.1e-85	2	255	267	519	0.9405204460966543
AA11.hmm	191	DFQ31|DFQ31_006460-T1	568	5.7e-33	13	163	24	165	0.7853403141361257
CE4.hmm	130	DFQ31|DFQ31_006464-T1	326	1.3e-31	7	122	29	147	0.8846153846153846
CE4.hmm	130	DFQ31|DFQ31_006465-T1	294	1.5e-30	6	120	28	145	0.8769230769230769
GT2_Chitin_synth_2.hmm	527	DFQ31|DFQ31_006490-T1	854	1.7e-26	190	506	308	612	0.5996204933586338
GT1.hmm	382	DFQ31|DFQ31_006509-T1	531	1.6e-26	129	361	165	423	0.6073298429319371
CE4.hmm	130	DFQ31|DFQ31_006531-T1	314	2.6e-30	8	127	41	163	0.9153846153846154
GH16_3.hmm	230	DFQ31|DFQ31_006544-T1	470	2.6e-65	1	230	195	464	0.9956521739130435
GH47.hmm	446	DFQ31|DFQ31_006674-T1	545	7.6e-154	1	445	84	540	0.9955156950672646
AA6.hmm	195	DFQ31|DFQ31_006684-T1	251	2.2e-75	1	195	8	201	0.9948717948717949
AA3_2.hmm	568	DFQ31|DFQ31_006735-T1	650	2.3e-92	1	567	41	614	0.9964788732394366
AA1_2.hmm	337	DFQ31|DFQ31_006750-T1	601	1.2e-50	5	245	47	333	0.712166172106825
GT2_Chitin_synth_2.hmm	527	DFQ31|DFQ31_006916-T1	1488	1.6e-229	22	526	749	1241	0.9563567362428842
GT1.hmm	382	DFQ31|DFQ31_006931-T1	438	6.9e-19	216	352	253	423	0.35602094240837695
GT35.hmm	674	DFQ31|DFQ31_006963-T1	894	4.8e-274	3	674	155	871	0.9955489614243324
AA2.hmm	255	DFQ31|DFQ31_006968-T1	359	2.3e-56	14	254	103	343	0.9411764705882353
GT76.hmm	407	DFQ31|DFQ31_007032-T1	145	1.1e-41	46	195	2	144	0.36609336609336607
AA2.hmm	255	DFQ31|DFQ31_007044-T1	642	1.1e-47	14	254	23	262	0.9411764705882353
GH18.hmm	296	DFQ31|DFQ31_007082-T1	517	2.4e-21	3	204	27	269	0.6790540540540541
GH18.hmm	296	DFQ31|DFQ31_007175-T1	413	4.7e-76	3	284	24	403	0.9493243243243243
GH18.hmm	296	DFQ31|DFQ31_007176-T1	601	1.2e-66	4	284	149	588	0.9459459459459459
GH20.hmm	337	DFQ31|DFQ31_007240-T1	849	1.8e-28	15	327	185	495	0.9258160237388724
CE9.hmm	373	DFQ31|DFQ31_007251-T1	416	5.8e-123	1	373	23	408	0.9973190348525469
AA3_2.hmm	568	DFQ31|DFQ31_007265-T1	654	4.8e-93	1	567	42	615	0.9964788732394366
GH18.hmm	296	DFQ31|DFQ31_007342-T1	803	1e-20	3	197	28	271	0.6554054054054054
GT1.hmm	382	DFQ31|DFQ31_007376-T1	570	1.4e-27	214	352	283	455	0.3612565445026178
GH20.hmm	337	DFQ31|DFQ31_007424-T1	559	4.6e-96	7	336	157	495	0.9762611275964391
CE1.hmm	227	DFQ31|DFQ31_007549-T1	291	2.9e-45	1	224	24	284	0.9823788546255506
CE1.hmm	227	DFQ31|DFQ31_007562-T1	687	3.3e-16	4	208	430	655	0.8986784140969163
AA7.hmm	458	DFQ31|DFQ31_007600-T1	492	2.2e-79	15	458	67	488	0.9672489082969432
GH18.hmm	296	DFQ31|DFQ31_007619-T1	378	7.8e-68	29	284	4	368	0.8614864864864865
GH31.hmm	427	DFQ31|DFQ31_007748-T1	741	1e-72	197	427	358	591	0.5386416861826698
AA3_2.hmm	568	DFQ31|DFQ31_007819-T1	606	1.1e-85	2	535	48	606	0.9383802816901409
GT39.hmm	223	DFQ31|DFQ31_007848-T1	890	6.4e-69	2	223	72	310	0.9910313901345291
GT32.hmm	90	DFQ31|DFQ31_007917-T1	296	1.3e-19	6	89	66	145	0.9222222222222223
AA11.hmm	191	DFQ31|DFQ31_007991-T1	251	5.9e-20	85	163	66	140	0.4083769633507853
AA11.hmm	191	DFQ31|DFQ31_007992-T1	197	1.4e-32	24	163	38	163	0.7277486910994765
GH13_25.hmm	434	DFQ31|DFQ31_007994-T1	1720	5.1e-186	3	433	1098	1545	0.9907834101382489
GH18.hmm	296	DFQ31|DFQ31_008003-T1	472	3.4e-76	2	285	23	364	0.956081081081081
GT1.hmm	382	DFQ31|DFQ31_008083-T1	531	1.7e-26	160	361	196	423	0.5261780104712042
GH16_19.hmm	174	DFQ31|DFQ31_008119-T1	387	8.3e-50	4	174	110	272	0.9770114942528736
AA11.hmm	191	DFQ31|DFQ31_008196-T1	201	8.6e-37	10	164	20	163	0.806282722513089
GT2_Chitin_synth_2.hmm	527	DFQ31|DFQ31_008219-T1	1896	6e-234	4	527	1141	1650	0.9924098671726755
GT2_Chitin_synth_2.hmm	527	DFQ31|DFQ31_008242-T1	1004	5.8e-249	22	526	389	884	0.9563567362428842
GT39.hmm	223	DFQ31|DFQ31_008248-T1	841	2.8e-70	3	223	66	306	0.9865470852017937
GH5_12.hmm	539	DFQ31|DFQ31_008259-T1	756	3e-176	4	539	30	563	0.9925788497217068
GT1.hmm	382	DFQ31|DFQ31_008365-T1	569	4e-27	198	352	266	454	0.4031413612565445
GT1.hmm	382	DFQ31|DFQ31_008366-T1	569	9.7e-27	204	352	272	454	0.387434554973822
GH16_3.hmm	230	DFQ31|DFQ31_008410-T1	292	4.2e-54	2	230	28	290	0.991304347826087
AA11.hmm	191	DFQ31|DFQ31_008423-T1	323	3.9e-45	12	163	42	175	0.7905759162303665
GT48.hmm	739	DFQ31|DFQ31_008498-T1	1940	4.5e-293	3	722	877	1646	0.972936400541272
GH18.hmm	296	DFQ31|DFQ31_008499-T1	296	1.1e-16	48	204	43	223	0.527027027027027
GH132.hmm	303	DFQ31|DFQ31_008513-T1	410	5.4e-68	8	301	116	407	0.966996699669967
GH17.hmm	311	DFQ31|DFQ31_008536-T1	365	2.9e-25	4	309	82	356	0.9807073954983923
GH25.hmm	177	DFQ31|DFQ31_008549-T1	154	2.4e-17	13	92	61	142	0.4463276836158192
GH16_19.hmm	174	DFQ31|DFQ31_008621-T1	363	4.4e-60	3	174	112	280	0.9827586206896551
GH5_9.hmm	303	DFQ31|DFQ31_008623-T1	408	4.8e-117	1	303	76	382	0.9966996699669967
GH18.hmm	296	DFQ31|DFQ31_008627-T1	518	5.7e-22	3	200	27	265	0.6655405405405406
GH16_19.hmm	174	DFQ31|DFQ31_008650-T1	249	1.1e-49	22	174	82	226	0.8735632183908046
GT39.hmm	223	DFQ31|DFQ31_008653-T1	760	7.5e-61	2	223	70	309	0.9910313901345291
GT48.hmm	739	DFQ31|DFQ31_008658-T1	1921	1.8e-292	3	725	872	1646	0.9769959404600812
GH132.hmm	303	DFQ31|DFQ31_008693-T1	431	2.4e-28	31	267	148	378	0.7788778877887789
GH47.hmm	446	DFQ31|DFQ31_008827-T1	700	4.4e-105	2	446	227	696	0.9955156950672646
GH72.hmm	312	DFQ31|DFQ31_008867-T1	523	3.6e-119	4	310	18	314	0.9807692307692307
GH72.hmm	312	DFQ31|DFQ31_008869-T1	572	1.1e-117	4	311	17	313	0.9839743589743589
GH18.hmm	296	DFQ31|DFQ31_008911-T1	516	7.6e-67	2	284	18	462	0.9527027027027027
GH18.hmm	296	DFQ31|DFQ31_008913-T1	361	3.5e-56	2	234	23	357	0.7837837837837838
GT32.hmm	90	DFQ31|DFQ31_008914-T1	290	1.3e-20	9	89	70	146	0.8888888888888888
AA11.hmm	191	DFQ31|DFQ31_008955-T1	207	5.9e-35	12	163	41	181	0.7905759162303665
CE16.hmm	267	DFQ31|DFQ31_008986-T1	307	8.4e-20	4	266	33	300	0.9812734082397003
GH16_19.hmm	174	DFQ31|DFQ31_009084-T1	402	5.7e-54	9	174	213	378	0.9482758620689655
GH47.hmm	446	DFQ31|DFQ31_009101-T1	279	2e-78	3	277	1	276	0.6143497757847534
GT48.hmm	739	DFQ31|DFQ31_009133-T1	1821	1e-284	3	723	796	1569	0.9742895805142084
CE4.hmm	130	DFQ31|DFQ31_009352-T1	342	3.5e-32	5	119	27	142	0.8769230769230769
AA11.hmm	191	DFQ31|DFQ31_009380-T1	295	1.7e-43	6	163	13	156	0.8219895287958116
AA11.hmm	191	DFQ31|DFQ31_009384-T1	320	3e-45	12	163	42	175	0.7905759162303665
AA6.hmm	195	DFQ31|DFQ31_009445-T1	251	2.2e-75	1	195	8	201	0.9948717948717949
AA6.hmm	195	DFQ31|DFQ31_009447-T1	240	2.4e-66	9	193	1	185	0.9435897435897436
AA6.hmm	195	DFQ31|DFQ31_009448-T1	252	9.3e-64	1	194	8	200	0.9897435897435898
GT2_Chitin_synth_2.hmm	527	DFQ31|DFQ31_009502-T1	1813	8.2e-232	4	527	1141	1650	0.9924098671726755
AA11.hmm	191	DFQ31|DFQ31_009530-T1	321	5.8e-40	1	163	22	179	0.8481675392670157
GT32.hmm	90	DFQ31|DFQ31_009637-T1	161	9e-17	6	78	92	160	0.8
AA1_1.hmm	303	DFQ31|DFQ31_009639-T1	579	5.8e-65	1	284	30	336	0.933993399339934
GT48.hmm	739	DFQ31|DFQ31_009646-T1	1921	2.4e-292	3	725	872	1646	0.9769959404600812
GH5_9.hmm	303	DFQ31|DFQ31_009768-T1	408	2.1e-116	1	303	76	382	0.9966996699669967
AA1_2.hmm	337	DFQ31|DFQ31_009777-T1	601	6.1e-51	5	258	47	342	0.7507418397626113
GT15.hmm	273	DFQ31|DFQ31_009819-T1	339	2.2e-91	9	272	1	283	0.9633699633699634
CE4.hmm	130	DFQ31|DFQ31_009887-T1	327	4.3e-32	6	122	28	147	0.8923076923076924
GH37.hmm	491	DFQ31|DFQ31_009949-T1	632	1.9e-145	2	490	55	620	0.9938900203665988
GH132.hmm	303	DFQ31|DFQ31_009994-T1	411	1.3e-68	13	301	122	408	0.9504950495049505
GT39.hmm	223	DFQ31|DFQ31_010030-T1	341	1e-65	2	223	71	310	0.9910313901345291
GH16_19.hmm	174	DFQ31|DFQ31_010033-T1	249	2.2e-50	22	174	82	226	0.8735632183908046
CE4.hmm	130	DFQ31|DFQ31_010109-T1	301	1.3e-30	8	127	41	163	0.9153846153846154
GT32.hmm	90	DFQ31|DFQ31_010138-T1	284	2.3e-21	8	89	66	142	0.9
GH38.hmm	269	DFQ31|DFQ31_010174-T1	1071	7.6e-85	2	255	267	519	0.9405204460966543
GT2_Chitin_synth_2.hmm	527	DFQ31|DFQ31_010197-T1	1033	1.3e-63	14	526	339	822	0.9715370018975332
CBM63.hmm	78	DFQ31|DFQ31_010248-T1	211	3.1e-18	2	71	124	193	0.8846153846153846
GH13_5.hmm	342	DFQ31|DFQ31_010335-T1	481	7e-151	2	340	31	367	0.9883040935672515
GT1.hmm	382	DFQ31|DFQ31_010338-T1	495	1.7e-18	209	350	235	399	0.36910994764397903
GH5_9.hmm	303	DFQ31|DFQ31_010475-T1	518	1.9e-104	1	303	167	482	0.9966996699669967
AA3_2.hmm	568	DFQ31|DFQ31_010541-T1	654	6.5e-94	1	567	42	615	0.9964788732394366
GH18.hmm	296	DFQ31|DFQ31_010588-T1	476	2.2e-75	3	285	24	364	0.9527027027027027
CBM63.hmm	78	DFQ31|DFQ31_010639-T1	211	3.1e-18	2	71	124	193	0.8846153846153846
GH47.hmm	446	DFQ31|DFQ31_010644-T1	474	8.2e-125	2	446	41	471	0.9955156950672646
GH72.hmm	312	DFQ31|DFQ31_010658-T1	499	2.4e-113	4	311	16	318	0.9839743589743589
GH18.hmm	296	DFQ31|DFQ31_010693-T1	739	3.3e-22	4	203	338	585	0.6722972972972973
AA2.hmm	255	DFQ31|DFQ31_010789-T1	359	4.9e-56	14	254	103	343	0.9411764705882353
GH37.hmm	491	DFQ31|DFQ31_010890-T1	659	5.2e-130	3	442	159	659	0.8940936863543788
GH25.hmm	177	DFQ31|DFQ31_010919-T1	218	5.2e-56	1	176	21	200	0.9887005649717514
GT2_Glycos_transf_2.hmm	170	DFQ31|DFQ31_011007-T1	184	1.1e-25	1	118	44	175	0.6882352941176471
GT1.hmm	382	DFQ31|DFQ31_011017-T1	559	7.1e-24	113	351	162	446	0.6230366492146597
GT1.hmm	382	DFQ31|DFQ31_011045-T1	570	1.4e-27	216	352	285	455	0.35602094240837695
GH31.hmm	427	DFQ31|DFQ31_011248-T1	750	7e-70	197	427	364	597	0.5386416861826698
GT20.hmm	475	DFQ31|DFQ31_011256-T1	767	1.1e-161	7	474	8	488	0.9831578947368421
AA3_2.hmm	568	DFQ31|DFQ31_011316-T1	654	3e-88	1	567	41	614	0.9964788732394366
AA3_2.hmm	568	DFQ31|DFQ31_011329-T1	650	8.2e-93	1	567	41	614	0.9964788732394366
GT32.hmm	90	DFQ31|DFQ31_011343-T1	299	3e-21	4	87	60	139	0.9222222222222223
GH16_19.hmm	174	DFQ31|DFQ31_011351-T1	217	5.7e-54	22	174	50	194	0.8735632183908046
GH16_4.hmm	316	DFQ31|DFQ31_011356-T1	378	7.2e-125	1	316	55	375	0.9968354430379747
GH18.hmm	296	DFQ31|DFQ31_011420-T1	451	7.4e-57	7	285	2	377	0.9391891891891891
GH13_5.hmm	342	DFQ31|DFQ31_011472-T1	416	8e-129	2	342	64	404	0.9941520467836257
AA11.hmm	191	DFQ31|DFQ31_011494-T1	197	1.5e-32	24	163	38	163	0.7277486910994765
GH13_25.hmm	434	DFQ31|DFQ31_011496-T1	1470	8.9e-186	3	433	848	1295	0.9907834101382489
GT21.hmm	233	DFQ31|DFQ31_011641-T1	469	1.5e-84	1	233	33	264	0.9957081545064378
GH13_5.hmm	342	DFQ31|DFQ31_011643-T1	481	3.8e-151	2	340	31	367	0.9883040935672515
GH72.hmm	312	DFQ31|DFQ31_011696-T1	503	1.4e-122	4	310	17	320	0.9807692307692307
GH16_2.hmm	326	DFQ31|DFQ31_011813-T1	493	5.8e-132	1	326	119	440	0.9969325153374233
GT32.hmm	90	DFQ31|DFQ31_011873-T1	299	1.2e-21	9	87	65	139	0.8666666666666667
GT2_Glycos_transf_2.hmm	170	DFQ31|DFQ31_011911-T1	165	3.5e-32	1	157	6	164	0.9176470588235294
GH132.hmm	303	DFQ31|DFQ31_012005-T1	283	8.9e-56	52	301	45	280	0.8217821782178217
GH17.hmm	311	DFQ31|DFQ31_012015-T1	420	5.7e-28	2	306	147	411	0.977491961414791
GH20.hmm	337	DFQ31|DFQ31_012045-T1	539	4.3e-89	12	335	159	490	0.9584569732937686
GT21.hmm	233	DFQ31|DFQ31_012101-T1	470	1.2e-84	1	233	33	264	0.9957081545064378
GT32.hmm	90	DFQ31|DFQ31_012297-T1	261	4.3e-21	4	89	29	110	0.9444444444444444
GH13_8.hmm	293	DFQ31|DFQ31_012320-T1	730	1.3e-149	1	293	259	552	0.9965870307167235
AA11.hmm	191	DFQ31|DFQ31_012348-T1	316	8e-39	1	163	22	179	0.8481675392670157
GT1.hmm	382	DFQ31|DFQ31_012367-T1	552	3.2e-27	193	352	241	435	0.4162303664921466
GH72.hmm	312	DFQ31|DFQ31_012449-T1	701	5.4e-52	7	309	208	514	0.967948717948718
GH31.hmm	427	DFQ31|DFQ31_012520-T1	812	5e-153	2	427	348	781	0.9953161592505855
GT15.hmm	273	DFQ31|DFQ31_012542-T1	390	1.1e-94	4	272	47	334	0.9816849816849816
GT2_Chitin_synth_1.hmm	163	DFQ31|DFQ31_012586-T1	830	1.2e-78	1	163	156	318	0.9938650306748467
GT2_Chitin_synth_2.hmm	527	DFQ31|DFQ31_012586-T1	830	5.6e-23	204	391	296	489	0.3548387096774194
GT2_Chitin_synth_2.hmm	527	DFQ31|DFQ31_012620-T1	1412	3.5e-230	20	526	746	1240	0.9601518026565465
GT32.hmm	90	DFQ31|DFQ31_012622-T1	279	9.2e-21	9	89	70	146	0.8888888888888888
GH3.hmm	216	DFQ31|DFQ31_012821-T1	771	2.2e-59	3	215	121	351	0.9814814814814815
GT21.hmm	233	DFQ31|DFQ31_012916-T1	496	3e-89	1	233	63	294	0.9957081545064378
GT48.hmm	739	DFQ31|DFQ31_012929-T1	1185	7e-286	3	723	160	933	0.9742895805142084
GH16_19.hmm	174	DFQ31|DFQ31_012957-T1	387	9.8e-50	4	174	110	272	0.9770114942528736
AA11.hmm	191	DFQ31|DFQ31_013013-T1	315	1.4e-43	6	163	33	176	0.8219895287958116
CE4.hmm	130	DFQ31|DFQ31_013183-T1	327	1.1e-22	9	118	31	141	0.8384615384615385
GH15.hmm	361	DFQ31|DFQ31_013231-T1	674	3.9e-82	2	360	290	666	0.9916897506925207
GH31.hmm	427	DFQ31|DFQ31_013272-T1	740	1.4e-61	233	427	390	587	0.45433255269320844
GH81.hmm	622	DFQ31|DFQ31_013315-T1	697	7.7e-171	8	622	65	692	0.9871382636655949
AA6.hmm	195	DFQ31|DFQ31_013349-T1	252	7.8e-63	1	194	8	200	0.9897435897435898
GH37.hmm	491	DFQ31|DFQ31_013398-T1	637	1.1e-145	2	490	60	625	0.9938900203665988
GH5_9.hmm	303	DFQ31|DFQ31_013422-T1	346	2.8e-64	1	179	158	344	0.5874587458745875
GH5_9.hmm	303	DFQ31|DFQ31_013423-T1	520	5.7e-109	1	303	167	482	0.9966996699669967
AA7.hmm	458	DFQ31|DFQ31_013446-T1	490	6.8e-91	6	458	56	488	0.9868995633187773
GH15.hmm	361	DFQ31|DFQ31_013501-T1	674	2.6e-82	2	360	290	666	0.9916897506925207
GT32.hmm	90	DFQ31|DFQ31_013542-T1	299	3.9e-23	5	88	61	140	0.9222222222222223
GT4.hmm	160	DFQ31|DFQ31_013588-T1	461	8.4e-34	7	158	215	397	0.94375
GT1.hmm	382	DFQ31|DFQ31_013749-T1	403	1.1e-25	200	342	227	401	0.3717277486910995
AA11.hmm	191	DFQ31|DFQ31_013813-T1	315	2.4e-39	2	155	23	173	0.8010471204188482
GH16_19.hmm	174	DFQ31|DFQ31_013822-T1	370	2.4e-64	3	174	102	269	0.9827586206896551
GH132.hmm	303	DFQ31|DFQ31_013844-T1	249	8.2e-68	47	277	20	247	0.759075907590759
GH47.hmm	446	DFQ31|DFQ31_013885-T1	499	1.9e-153	1	445	41	494	0.9955156950672646
CE4.hmm	130	DFQ31|DFQ31_013894-T1	202	5.6e-32	9	125	35	154	0.8923076923076924
GT1.hmm	382	DFQ31|DFQ31_013922-T1	530	6.1e-26	216	353	267	455	0.3586387434554974
AA11.hmm	191	DFQ31|DFQ31_013973-T1	276	1.5e-43	12	172	40	183	0.837696335078534
GT4.hmm	160	DFQ31|DFQ31_014091-T1	334	2.4e-33	6	150	79	225	0.9
GH18.hmm	296	DFQ31|DFQ31_014444-T1	184	7.8e-32	152	286	1	175	0.4527027027027027
GT3.hmm	637	DFQ31|DFQ31_014451-T1	496	4e-234	1	486	17	496	0.7613814756671899
GH18.hmm	296	DFQ31|DFQ31_014564-T1	356	3e-62	3	253	56	352	0.8445945945945946
GT33.hmm	425	DFQ31|DFQ31_014639-T1	352	2.5e-112	2	336	2	352	0.7858823529411765
AA3_2.hmm	568	DFQ31|DFQ31_014725-T1	374	7.7e-64	232	567	1	336	0.5897887323943662
GT15.hmm	273	DFQ31|DFQ31_014957-T1	145	3.5e-35	55	204	6	145	0.5457875457875457
GH72.hmm	312	DFQ31|DFQ31_015000-T1	191	2.4e-58	175	310	15	149	0.4326923076923077
GH5_9.hmm	303	DFQ31|DFQ31_015129-T1	146	3.2e-36	63	199	1	145	0.44884488448844884
AA6.hmm	195	DFQ31|DFQ31_015315-T1	114	3.5e-31	99	194	2	95	0.48717948717948717
GH16_19.hmm	174	DFQ31|DFQ31_015433-T1	177	4.2e-20	3	67	112	177	0.367816091954023
GH72.hmm	312	DFQ31|DFQ31_015564-T1	163	8.2e-61	26	196	1	162	0.5448717948717948
GH16_4.hmm	316	DFQ31|DFQ31_015696-T1	154	6.8e-62	83	234	2	153	0.4778481012658228
