CAZy Family	PPR Subfamily	Gene ID	Frequency	Hits	Signature Peptides
CE4	38	DFQ31|DFQ31_013183-T1	3.78	7	LTFDDG,VKATFF,ALTFDD,GVKATF,VIALTF,TFDDGP,IALTFD
CE4	143	DFQ31|DFQ31_002250-T1	4.78	10	ALTFDD,TFDDGP,VALTFD,IASHTW,ASHTWS,QIASHT,SHTWSH,GHQIAS,LTFDDG,HQIASH
CE4	143	DFQ31|DFQ31_009352-T1	4.77	10	SHTWSH,VALTFD,QIASHT,GHQIAS,ALTFDD,LTFDDG,HQIASH,ASHTWS,TFDDGP,IASHTW
CE4	143	DFQ31|DFQ31_006465-T1	3.74	8	GHQIAS,QIASHT,ALTFDD,ASHTWS,LTFDDG,SHTWSH,IASHTW,HQIASH
CE4	143	DFQ31|DFQ31_009887-T1	3.74	8	QIASHT,IASHTW,SHTWSH,GHQIAS,HQIASH,ASHTWS,LTFDDG,ALTFDD
CE4	143	DFQ31|DFQ31_006464-T1	2.61	6	GHQIAS,QIASHT,ALTFDD,LTFDDG,IASHTW,HQIASH
CE9	48	DFQ31|DFQ31_001923-T1	4.03	8	LGAHLE,EGPFIS,LEGPFI,AHLEGP,GAHLEG,ILGAHL,GAEILG,HLEGPF
CE9	48	DFQ31|DFQ31_007251-T1	4.02	8	GAEILG,HLEGPF,EGPFIS,AHLEGP,LGAHLE,LEGPFI,ILGAHL,GAHLEG
GH13	25	DFQ31|DFQ31_010335-T1	12.4	22	TFVDNH,EFDQKG,KGTVRT,TVRTKY,FDVPLH,GEFDQK,LGEFDQ,GFRLDA,GTVRTK,FVDNHD,DNHDSQ,GNYDYL,VDNHDS,DLGEFD,VTFVDN,TKYGTK,NHDSQP,RTKYGT,QKGTVR,VRTKYG,AVTFVD,NYDYLM
GH13	25	DFQ31|DFQ31_011643-T1	12.4	22	EFDQKG,KGTVRT,FVDNHD,DLGEFD,DNHDSQ,TKYGTK,GFRLDA,FDVPLH,GTVRTK,LGEFDQ,GEFDQK,QKGTVR,VDNHDS,VTFVDN,NYDYLM,GNYDYL,RTKYGT,AVTFVD,TFVDNH,VRTKYG,TVRTKY,NHDSQP
GH13	25	DFQ31|DFQ31_011472-T1	4.25	6	FVDNHD,YDLGEF,AVTFVD,TFVDNH,VTFVDN,GNYDYL
GH13	94	DFQ31|DFQ31_004587-T1	24.8	39	FGHPEW,RFLLSN,YASFGY,VGDKTI,SHDQAL,GNEFGH,LRFLLS,LHKMIR,GFRFDG,EFGHPE,MAIMEH,DVSGMP,TLTNRR,FPREGN,EWAPNA,ALVGDK,ALHKMI,FDGVTS,DGVTSM,EDVSGM,YYASFG,FRFDGV,VTSMLY,DQALVG,GVTSML,GFDYRL,QALVGD,ESHDQA,HDQALV,FLLSNL,VHSHAS,DGFRFD,DFPREG,RFDGVT,NEFGHP,HKMIRL,AEDVSG,LVGDKT,SRLFNY
GH13	94	DFQ31|DFQ31_012320-T1	24.8	39	SHDQAL,DQALVG,EDVSGM,ALHKMI,DVSGMP,ESHDQA,FLLSNL,YYASFG,AEDVSG,VHSHAS,FDGVTS,FGHPEW,SRLFNY,MAIMEH,VTSMLY,ALVGDK,YASFGY,LHKMIR,FPREGN,EWAPNA,LVGDKT,LRFLLS,EFGHPE,GVTSML,DGFRFD,DGVTSM,GFRFDG,HKMIRL,GFDYRL,NEFGHP,GNEFGH,HDQALV,RFDGVT,VGDKTI,TLTNRR,QALVGD,FRFDGV,DFPREG,RFLLSN
GH132	2	DFQ31|DFQ31_000950-T1	7.18	9	AMSPDQ,GWAMSP,WCPYAC,EAMLIP,AMLIPT,GNEAML,WAMSPD,NEAMLI,PGNEAM
GH132	2	DFQ31|DFQ31_001747-T1	7.18	9	AMSPDQ,PGNEAM,WAMSPD,EAMLIP,GWAMSP,AMLIPT,NEAMLI,GNEAML,WCPYAC
GH132	2	DFQ31|DFQ31_013844-T1	5.43	7	GNEAML,GWAMSP,NGGWAM,NEAMLI,AMSPDQ,PGNEAM,WAMSPD
GH132	2	DFQ31|DFQ31_008513-T1	5.38	7	PGNEAM,WAMSPD,WCPYAC,AMSPDQ,NGGLYC,GGLYCD,GWAMSP
GH132	2	DFQ31|DFQ31_009994-T1	5.37	7	PGNEAM,WAMSPD,GWAMSP,WCPYAC,GGLYCD,AMSPDQ,NGGLYC
GH132	2	DFQ31|DFQ31_004548-T1	4.79	6	AMSPDQ,GWAMSP,GNEAML,PGNEAM,WAMSPD,NEAMLI
GH133	2	DFQ31|DFQ31_007994-T1	26.1	31	RCWGRD,NCHSTP,WMDKMG,LIREAM,PTQAWS,HQGPEW,IREAMQ,GFRIDN,TPRDGA,CTHDNE,NYHQGP,CGTWMD,RIDNCH,AGLPHF,YHQGPE,DCTHDN,TWMDKM,LFMDCT,NCGTWM,GTWMDK,SNSPYS,DNCHST,DKMGES,IDNCHS,VAPELF,REAMQA,MDKMGE,MDCTHD,SLIREA,AAGLPH,FMDCTH
GH133	2	DFQ31|DFQ31_011496-T1	26.1	31	WMDKMG,RCWGRD,TPRDGA,DCTHDN,MDCTHD,IDNCHS,YHQGPE,TWMDKM,NCHSTP,AGLPHF,AAGLPH,HQGPEW,NYHQGP,PTQAWS,MDKMGE,REAMQA,GTWMDK,NRRGIY,VAPELF,FMDCTH,RIDNCH,CTHDNE,GFRIDN,DKMGES,IREAMQ,NCGTWM,LIREAM,SLIREA,LFMDCT,CGTWMD,DNCHST
GH15	27	DFQ31|DFQ31_013231-T1	9.16	15	DMSIWE,NWDYRF,RNWDYR,LISAAF,AFNLDR,MCTFWL,AAFNLD,ISAAFN,SMCTFW,KQQYLP,ALISAA,FNLDRV,SAAFNL,DIYGEL,FSMCTF
GH15	27	DFQ31|DFQ31_013501-T1	9.16	15	SAAFNL,KQQYLP,ISAAFN,DIYGEL,ALISAA,DMSIWE,AFNLDR,NWDYRF,MCTFWL,SMCTFW,RNWDYR,FNLDRV,FSMCTF,LISAAF,AAFNLD
GH18	16	DFQ31|DFQ31_004283-T1	8.75	12	ISVGGW,YAFADI,NYAFAD,INYAFA,DGVDLD,VDLDWE,IMTYDF,GVDLDW,YLLTIA,SVGGWT,NIMTYD,HINYAF
GH18	27	DFQ31|DFQ31_005190-T1	5.16	6	LLLKDL,ISIGGW,HINYAF,LLKDLR,INYAFA,THINYA
GH18	32	DFQ31|DFQ31_007931-T1	5.34	6	TVRSVF,DFTPVC,SVFIID,TPVCTT,RSVFII,PVCTTE
GH18	44	DFQ31|DFQ31_008627-T1	4.72	14	PQCPFP,APQCPF,DAVLDG,FYNNYC,YWGQNS,QCPFPD,AVLDGI,QFYNNY,LWDASQ,GDAVLD,FIQFYN,AGSGYI,IQFYNN,VLDGID
GH18	44	DFQ31|DFQ31_007082-T1	4.42	13	DAVLDG,YWGQNS,VLDGID,QFYNNY,GDAVLD,AVLDGI,FIQFYN,QCPFPD,FYNNYC,PQCPFP,LWDASQ,APQCPF,IQFYNN
GH18	44	DFQ31|DFQ31_000655-T1	4.27	11	APQCPF,AAPQCP,GDAVLD,YWGQNS,FYNNYC,IQFYNN,QCPFPD,DAVLDG,QFYNNY,PQCPFP,FIQFYN
GH18	44	DFQ31|DFQ31_000859-T1	4.27	11	FIQFYN,IQFYNN,DAVLDG,APQCPF,AAPQCP,QCPFPD,PQCPFP,YWGQNS,GDAVLD,QFYNNY,FYNNYC
GH18	44	DFQ31|DFQ31_003489-T1	3.47	9	GGVMLW,YWGQNS,APQCPF,GKKVLL,PQCPFP,KKVLLS,VQFYNN,QCPFPD,AAPQCP
GH18	44	DFQ31|DFQ31_007342-T1	3.46	9	YWGQNS,AAPQCP,GKKVLL,KKVLLS,QCPFPD,PQCPFP,GGVMLW,APQCPF,VQFYNN
GH18	44	DFQ31|DFQ31_012643-T1	3.19	9	VQFYNN,YWGQNS,DAVLDG,QFYNNY,QCPFPD,PQCPFP,AVLDGI,VLDGID,GDAVLD
GH18	51	DFQ31|DFQ31_007175-T1	9.0	12	HINYAF,DGIDID,IDIDWE,THINYA,IDWEYP,GIDIDW,DWEYPG,LTHINY,INYAFG,DLDGID,DIDWEY,LDGIDI
GH18	51	DFQ31|DFQ31_007619-T1	9.0	12	DWEYPG,LTHINY,GIDIDW,THINYA,HINYAF,DGIDID,DLDGID,IDIDWE,INYAFG,DIDWEY,IDWEYP,LDGIDI
GH18	51	DFQ31|DFQ31_008003-T1	7.44	9	DWEYPG,GIDIDW,THINYA,HINYAF,DGIDID,IDIDWE,DIDWEY,IDWEYP,LDGIDI
GH18	51	DFQ31|DFQ31_007176-T1	7.25	11	DGIDID,LLSVGG,IDIDWE,KVLLSV,IDWEYP,VLLSVG,GIDIDW,DWEYPG,DIDWEY,LTHINY,LSVGGW
GH18	51	DFQ31|DFQ31_008911-T1	7.25	11	DGIDID,LTHINY,DWEYPG,DIDWEY,KVLLSV,IDWEYP,LSVGGW,IDIDWE,LLSVGG,GIDIDW,VLLSVG
GH18	51	DFQ31|DFQ31_001372-T1	6.25	8	DGIDID,DWEYPG,IDIDWE,IDWEYP,LTHINY,DIDWEY,GIDIDW,LDGIDI
GH18	51	DFQ31|DFQ31_003212-T1	5.75	7	LDGIDI,DWEYPG,GIDIDW,IDWEYP,IDIDWE,DIDWEY,DGIDID
GH18	51	DFQ31|DFQ31_004951-T1	5.75	7	DIDWEY,LDGIDI,IDWEYP,DWEYPG,GIDIDW,DGIDID,IDIDWE
GH18	53	DFQ31|DFQ31_014564-T1	5.38	6	IDWEFP,DWEFPG,GIDIDW,IDIDWE,DGIDID,DIDWEF
GH18	79	DFQ31|DFQ31_010588-T1	6.88	8	DGIDVD,IDVDWE,VGVPFY,DVDWEY,VDWEYP,GVPFYG,VVGVPF,GIDVDW
GH18	92	DFQ31|DFQ31_010693-T1	4.43	13	AAAPQC,YNNYCG,LGVPGS,APQCVF,FYNNYC,QCVFPD,PQCVFP,YWGQNS,QFYNNY,VYWGQN,CVFPDA,AAPQCV,RPFGSA
GH18	115	DFQ31|DFQ31_004501-T1	5.67	6	DGVDLD,DLDWEY,VDLDWE,ISIGGW,LDWEYP,GVDLDW
GH20	14	DFQ31|DFQ31_001079-T1	7.34	15	PFGWEV,CIQTLG,VYWDYY,YWDYYH,IQTLGH,KPFGWE,YTEDTY,QTLGHL,FGWEVL,LYTEDT,HIGMDE,IHIGMD,LVYWDY,IGMDEA,PMIWSD
GH20	14	DFQ31|DFQ31_007240-T1	7.34	15	HIGMDE,FGWEVL,VYWDYY,IGMDEA,LVYWDY,CIQTLG,IHIGMD,PMIWSD,IQTLGH,PFGWEV,QTLGHL,KPFGWE,LYTEDT,YWDYYH,YTEDTY
GH20	33	DFQ31|DFQ31_004677-T1	3.15	7	KRTIDA,EVLWSG,DIKRTI,IKRTID,WYLDCG,LDCGRG,YLDCGR
GH20	33	DFQ31|DFQ31_007424-T1	3.15	7	WYLDCG,EVLWSG,IKRTID,LDCGRG,YLDCGR,DIKRTI,KRTIDA
GH25	15	DFQ31|DFQ31_010919-T1	5.52	7	AYHFAR,RGAYHF,IRGAYH,YHFARP,VIYTTT,IYTTTS,GAYHFA
GH25	66	DFQ31|DFQ31_000543-T1	6.34	9	TLPGAL,GGGWSG,LPGALD,GAYHFA,NGGGWS,IRGAYH,GWSGDG,GGWSGD,RGAYHF
GH3	9	DFQ31|DFQ31_005163-T1	4.02	6	FGHGLS,HGLSYT,NPSGKL,PSGKLP,GHGLSY,VNPSGK
GH3	9	DFQ31|DFQ31_005921-T1	4.02	6	GHGLSY,FGHGLS,HGLSYT,VNPSGK,NPSGKL,PSGKLP
GH3	64	DFQ31|DFQ31_005204-T1	4.18	9	FGEDPY,FGHGLS,YETFGE,GLSYTT,HGLSYT,GHGLSY,TFGEDP,LSYTTF,ETFGED
GH3	64	DFQ31|DFQ31_012821-T1	4.18	9	GLSYTT,TFGEDP,FGEDPY,LSYTTF,GHGLSY,YETFGE,FGHGLS,HGLSYT,ETFGED
GH31	7	DFQ31|DFQ31_004763-T1	17.9	32	FRAHAH,GLLVKP,PFFRAH,EPSVFN,ADVGGF,DMNEPS,THWISE,RAHAHI,DVGGFF,KKYFTW,AHIDTK,YGSIPF,GSIPFM,NEPSVF,VFNGPE,FFRAHA,TKRREP,GADVGG,DTKRRE,MNEPSV,RAFFAG,WNDMNE,NDMNEP,HAHIDT,SVFNGP,PSVFNG,HQCRWN,IDTKRR,AHAHID,QCRWNY,HIDTKR,YHQCRW
GH31	7	DFQ31|DFQ31_012520-T1	17.9	32	DTKRRE,KKYFTW,THWISE,AHAHID,TKRREP,NDMNEP,SVFNGP,QCRWNY,WNDMNE,GLLVKP,FFRAHA,HAHIDT,GSIPFM,RAHAHI,DVGGFF,PFFRAH,HQCRWN,GADVGG,MNEPSV,DMNEPS,YHQCRW,IDTKRR,YGSIPF,EPSVFN,AHIDTK,HIDTKR,RAFFAG,NEPSVF,FRAHAH,ADVGGF,VFNGPE,PSVFNG
GH31	54	DFQ31|DFQ31_007748-T1	19.6	30	DTLPLF,DGIYLP,DKQPWR,PLDTLP,KLDVAW,WMLVND,FLVAPV,VNDGYG,LPLFVR,DVAWVG,RKLDVA,TLPLFV,GWMLVN,INRKYL,RDGIYL,DGYGCG,GYGCGY,PIYGLE,VRKLDV,LDTLPL,APLDTL,RVRKLD,NDGYGC,PPIYGL,LVNDGY,GVRVRK,LDVAWV,MTMSGW,VRVRKL,MLVNDG
GH31	54	DFQ31|DFQ31_005955-T1	19.1	29	PLDTLP,VNDGYG,MTMSGW,FLVAPV,LDTLPL,PPIYGL,GVRVRK,VRKLDV,NDGYGC,LVNDGY,DVAWVG,DTLPLF,RKLDVA,RDGIYL,LDVAWV,GYGCGY,APLDTL,WMLVND,RVRKLD,INRKYL,DGYGCG,MLVNDG,VRVRKL,TLPLFV,DGIYLP,DKQPWR,GWMLVN,KLDVAW,PIYGLE
GH37	2	DFQ31|DFQ31_004833-T1	28.5	33	VPGGRF,ILNANR,MLSNLL,LAYRWL,RQWDYP,LNANRS,RLAYRW,ESGHDT,GWAPHQ,SNLLQE,GTYMLS,LSNLLQ,ATIDLN,QPPFLT,NANRSY,PGGRFN,RGTYML,KILNAN,HDTTYR,VRESGH,YMLSNL,TYMLSN,LLYKYE,NLLQEL,GGRFNE,NRSYYL,YGWDSY,RSQPPF,SGHDTT,SQPPFL,RESGHD,GHDTTY,ANRSYY
GH37	2	DFQ31|DFQ31_010890-T1	28.5	33	ATIDLN,KILNAN,ESGHDT,RGTYML,GHDTTY,MLSNLL,SQPPFL,QPPFLT,GGRFNE,TYMLSN,HDTTYR,LLYKYE,VPGGRF,LNANRS,SNLLQE,SGHDTT,GTYMLS,YMLSNL,ILNANR,YGWDSY,LAYRWL,PGGRFN,ANRSYY,RESGHD,GWAPHQ,LSNLLQ,NANRSY,RSQPPF,NRSYYL,VRESGH,RLAYRW,NLLQEL,RQWDYP
GH37	4	DFQ31|DFQ31_009949-T1	8.5	21	PGGRFR,NRSQPP,FGWTNG,GWTNGV,PRPESY,RPESYR,PESYRE,LNRSQP,IPVDLN,GFGWTN,QTGFGW,KTFVDM,ESYRED,GAESGW,GGRFRE,RSQPPL,GGGGEY,AESGWD,VPGGRF,EFYYWD,SQPPLL
GH37	4	DFQ31|DFQ31_013398-T1	8.5	21	PESYRE,AESGWD,GAESGW,GFGWTN,ESYRED,RPESYR,GGRFRE,VPGGRF,FGWTNG,GWTNGV,PRPESY,GGGGEY,QTGFGW,IPVDLN,NRSQPP,SQPPLL,LNRSQP,KTFVDM,RSQPPL,EFYYWD,PGGRFR
GH38	5	DFQ31|DFQ31_006377-T1	12.3	29	DVLPGS,KLSWNN,FWLPDT,RLSLLR,HIDTAW,QFHDVL,LPDTFG,DGGGGP,IDTAWL,RGTYTS,DTFGYS,DTAWLW,TAWLWP,AKFEVC,HRGTYT,MRLSLL,LNQFHD,YETQFG,GDGGGG,TQKLSW,CHIDTA,QKLSWN,LSWNNI,WLPDTF,GELYLE,PDTFGY,FLKVEF,FHDVLP,HDVLPG
GH38	5	DFQ31|DFQ31_010174-T1	12.3	29	FLKVEF,FWLPDT,FHDVLP,YETQFG,GELYLE,QKLSWN,RLSLLR,LNQFHD,AKFEVC,QFHDVL,DTFGYS,TQKLSW,LSWNNI,DTAWLW,MRLSLL,DVLPGS,WLPDTF,CHIDTA,HRGTYT,GDGGGG,TAWLWP,IDTAWL,KLSWNN,LPDTFG,PDTFGY,HIDTAW,HDVLPG,RGTYTS,DGGGGP
GH38	5	DFQ31|DFQ31_000998-T1	12.2	29	IDTAWL,DVLPGS,YETQFG,GELYLE,DGGGGP,HRGTYT,FWLPDT,ETQFGI,FHDVLP,QFHDVL,HIDTAW,FLKVEF,GDGGGG,KLSWNN,CHIDTA,TAWLWP,LSWNNI,WLPDTF,LPDTFG,TQKLSW,DTAWLW,SWNNIN,QKLSWN,LNQFHD,RGTYTS,DTFGYS,AKFEVC,PDTFGY,HDVLPG
GH38	5	DFQ31|DFQ31_003008-T1	12.2	29	HRGTYT,LSWNNI,DTAWLW,HIDTAW,LPDTFG,KLSWNN,TQKLSW,DGGGGP,QKLSWN,DTFGYS,RGTYTS,IDTAWL,AKFEVC,YETQFG,DVLPGS,HDVLPG,QFHDVL,PDTFGY,FLKVEF,TAWLWP,CHIDTA,ETQFGI,WLPDTF,GDGGGG,FHDVLP,LNQFHD,GELYLE,SWNNIN,FWLPDT
GH47	1	DFQ31|DFQ31_013885-T1	5.13	12	AETLKY,PKMDHL,VFNTEA,FNTEAH,GSRGDS,YEYLLK,DHLVCF,KMDHLV,LGGLLS,NTEAHP,MDHLVC,LAETLK
GH47	1	DFQ31|DFQ31_002063-T1	4.2	8	GDSFYE,AETLKY,LAETLK,SFYEYL,TLKYLY,ETLKYL,LKYLYL,DSFYEY
GH47	1	DFQ31|DFQ31_000707-T1	4.19	8	TLKYLY,AETLKY,LAETLK,ETLKYL,DSFYEY,LKYLYL,GDSFYE,SFYEYL
GH47	2	DFQ31|DFQ31_005622-T1	4.07	10	RYLGGL,VFNTEA,FNTEAH,IRYLGG,LEFTRL,KYFYLI,YFYLIF,NTEAHP,TEAHPL,EFTRLS
GH47	2	DFQ31|DFQ31_005927-T1	4.07	10	RYLGGL,VFNTEA,FNTEAH,IRYLGG,LEFTRL,KYFYLI,YFYLIF,NTEAHP,TEAHPL,EFTRLS
GH47	2	DFQ31|DFQ31_000099-T1	4.02	10	LEFTRL,LVDSLD,TIRYLG,TLVDSL,EFTRLS,DSLDTL,RYLGGL,IRYLGG,VDSLDT,SLDTLW
GH47	2	DFQ31|DFQ31_002482-T1	2.88	7	VFNTEA,NTEAHP,EFTRLS,TLVDSL,TEAHPF,LEFTRL,FNTEAH
GH47	2	DFQ31|DFQ31_010644-T1	2.88	7	TEAHPF,TLVDSL,LEFTRL,FNTEAH,NTEAHP,EFTRLS,VFNTEA
GH47	3	DFQ31|DFQ31_000697-T1	3.8	10	MESFFL,FYEYLL,DSFYEY,YEYLLK,ESFFLA,DRMESF,RMESFF,SFFLAE,FFLAET,SFYEYL
GH47	11	DFQ31|DFQ31_006674-T1	10.9	13	RPETVE,DRHNLL,LRPETV,RHNLLR,TVESLF,NLLRPE,ETVESL,HNLLRP,PETVES,DKMETF,LDRHNL,LLRPET,METFFL
GH47	13	DFQ31|DFQ31_000201-T1	8.39	13	RLLPAF,FTTEGH,LGGLLS,SETLKY,ETLKYL,YPLRPE,TLKYLY,GGLLSG,GLLSGH,LTLVDS,RVQVFE,TLSRLT,LKYLYL
GH5	5	DFQ31|DFQ31_008623-T1	12.2	19	GFDNSG,GVNLGG,NGFDNS,IGYWAF,GARYDG,CTKWLN,PGSQNG,SQNGFD,DCTKWL,TDCTKW,VNLGGW,QNGFDN,GSQNGF,GGWLVL,LGGWLV,IPIGYW,PIGYWA,RIPIGY,GWLVLE
GH5	5	DFQ31|DFQ31_009768-T1	12.2	19	GARYDG,LGGWLV,CTKWLN,QNGFDN,GWLVLE,IGYWAF,GGWLVL,RIPIGY,VNLGGW,GVNLGG,GSQNGF,GFDNSG,DCTKWL,TDCTKW,NGFDNS,PIGYWA,SQNGFD,PGSQNG,IPIGYW
GH5	20	DFQ31|DFQ31_002186-T1	7.84	16	GSQNGW,VNLGGW,HGAPGS,RKYGLR,WNHSGR,QNGWNH,NGWNHS,GVNLGG,APGSQN,GWNHSG,GAPGSQ,PGSQNG,RGVNLG,SQNGWN,NLGGWL,KYGLRV
GH5	20	DFQ31|DFQ31_005553-T1	7.84	16	RKYGLR,NGWNHS,KYGLRV,GSQNGW,NLGGWL,RGVNLG,WNHSGR,PGSQNG,GAPGSQ,HGAPGS,APGSQN,QNGWNH,GVNLGG,GWNHSG,SQNGWN,VNLGGW
GH5	20	DFQ31|DFQ31_013422-T1	7.56	16	SQNGWN,APGSQN,GSQNGW,PGSQNG,HGAPGS,NGWNHS,GVNLGG,QNGWNH,VNLGGW,NHSGRQ,HSGRQG,RGVNLG,GWNHSG,GAPGSQ,NLGGWL,WNHSGR
GH5	20	DFQ31|DFQ31_013423-T1	6.96	14	SQNGWN,APGSQN,GSQNGW,PGSQNG,HGAPGS,NGWNHS,GVNLGG,QNGWNH,VNLGGW,RGVNLG,GWNHSG,GAPGSQ,NLGGWL,WNHSGR
GH5	20	DFQ31|DFQ31_005488-T1	6.93	14	NGWNHS,GSQNGW,NLGGWL,RGVNLG,WNHSGR,PGSQNG,NHSGRQ,APGSQN,QNGWNH,GVNLGG,GWNHSG,SQNGWN,HSGRQG,VNLGGW
GH5	20	DFQ31|DFQ31_005487-T1	6.33	12	NGWNHS,GSQNGW,NLGGWL,RGVNLG,WNHSGR,PGSQNG,APGSQN,QNGWNH,GVNLGG,GWNHSG,SQNGWN,VNLGGW
GH5	20	DFQ31|DFQ31_005554-T1	6.33	12	NGWNHS,GSQNGW,NLGGWL,RGVNLG,WNHSGR,PGSQNG,APGSQN,QNGWNH,GVNLGG,GWNHSG,SQNGWN,VNLGGW
GH5	20	DFQ31|DFQ31_002193-T1	5.97	11	GSQNGW,VNLGGW,WNHSGR,QNGWNH,NGWNHS,GVNLGG,GWNHSG,PGSQNG,RGVNLG,SQNGWN,NLGGWL
GH5	20	DFQ31|DFQ31_010475-T1	5.96	11	QNGWNH,NLGGWL,RGVNLG,GVNLGG,PGSQNG,VNLGGW,GWNHSG,GSQNGW,WNHSGR,SQNGWN,NGWNHS
GH5	20	DFQ31|DFQ31_015129-T1	4.61	8	SQNGWN,PGSQNG,GSQNGW,NGWNHS,QNGWNH,WNHSGR,GWNHSG,APGSQN
GH5	27	DFQ31|DFQ31_008259-T1	4.72	6	EDLSIY,WGFNFL,IDPHQD,DLSIYS,DTLNEP,TLNEPS
GH63	2	DFQ31|DFQ31_002384-T1	17.7	24	ANPPTL,ILGDEA,REQILG,SGLDDY,TSGLDD,WDEGFH,GLDDYP,GFLWDE,LDDYPR,EQILGD,LGDEAR,LWDEGF,FFPRGF,LTSGLD,RGFLWD,DEGFHQ,TAVPSR,EGFHQL,PRGFLW,PPTLFL,QILGDE,FPRGFL,NPPTLF,FLWDEG
GH63	2	DFQ31|DFQ31_007478-T1	13.8	19	WDEGFH,REQILG,FPRGFL,LWDEGF,DEGFHQ,GFLWDE,PRGFLW,RGFLWD,ILGDEA,TAVPSR,NPPTLF,PPTLFL,LGDEAR,QILGDE,FFPRGF,EQILGD,EGFHQL,FLWDEG,ANPPTL
GH72	2	DFQ31|DFQ31_008869-T1	7.19	12	KGVAYQ,LGFFAG,GFFAGN,KGSKFF,NDYGLV,NIYSWC,NTIRVY,IKGSKF,SGGIVY,IYSWCG,FFAGNE,FAGNEV
GH72	2	DFQ31|DFQ31_008867-T1	7.1	13	KGVAYQ,GFFAGN,IGFFAG,KGSKFF,LPPTPN,IKGSKF,NTIRVY,SGGIVY,WSGGIV,WCGDSS,FFAGNE,FAGNEV,VWSGGI
GH72	2	DFQ31|DFQ31_003217-T1	3.28	6	IKGSKF,KGSKFF,IYSWCG,NIYSWC,KGVAYQ,SGGIVY
GH72	2	DFQ31|DFQ31_015000-T1	3.04	6	SGGIVY,WSGGIV,IGFFAG,VWSGGI,LPPTPN,WCGDSS
GH72	3	DFQ31|DFQ31_001378-T1	2.72	7	SGGLMY,YGIVKI,NTIRVY,GINTIR,GGLMYE,GLMYEY,LGINTI
GH81	4	DFQ31|DFQ31_006201-T1	7.64	9	FHYGYF,HFHYGY,HHFHYG,NDHHFH,HSWASG,HYGYFL,DHHFHY,GYFLYA,YGYFLY
GH81	4	DFQ31|DFQ31_013315-T1	7.64	9	HFHYGY,DHHFHY,FHYGYF,YGYFLY,HSWASG,NDHHFH,HHFHYG,HYGYFL,GYFLYA
AA1	16	DFQ31|DFQ31_003804-T1	3.6	7	IIEADG,GQRYSV,DNPGAW,NPGAWF,KTYRLR,ADNPGA,QRYSVL
AA1	16	DFQ31|DFQ31_003824-T1	3.6	7	IIEADG,GQRYSV,DNPGAW,NPGAWF,KTYRLR,ADNPGA,QRYSVL
AA3	6	DFQ31|DFQ31_014725-T1	4.58	8	LDSKFR,SKFRVR,KFRVRG,FRVRGV,DSKFRV,VLDSKF,AVLDSK,MAVLDS
AA3	8	DFQ31|DFQ31_001763-T1	4.48	12	LMLSGI,MLSGIG,PQLLML,GAGSAG,VVGAGS,NTPQLL,LLLEAG,QLLMLS,VGAGSA,TPQLLM,IVVGAG,LLMLSG
AA3	8	DFQ31|DFQ31_001959-T1	4.48	12	LMLSGI,MLSGIG,PQLLML,GAGSAG,VVGAGS,NTPQLL,LLLEAG,QLLMLS,VGAGSA,TPQLLM,IVVGAG,LLMLSG
AA3	8	DFQ31|DFQ31_007265-T1	3.05	8	LMLSGI,NTPQLL,LLMLSG,MLSGIG,TPQLLM,IVVGGG,PQLLML,QLLMLS
AA3	8	DFQ31|DFQ31_010541-T1	3.05	8	IVVGGG,TPQLLM,MLSGIG,LMLSGI,QLLMLS,PQLLML,NTPQLL,LLMLSG
AA3	8	DFQ31|DFQ31_006735-T1	2.83	7	LMLSGI,LLMLSG,MLSGIG,TPQLLM,IVVGGG,PQLLML,QLLMLS
AA3	8	DFQ31|DFQ31_011316-T1	2.83	7	LLMLSG,IVVGGG,QLLMLS,PQLLML,LMLSGI,TPQLLM,MLSGIG
AA3	8	DFQ31|DFQ31_011329-T1	2.83	7	LLMLSG,IVVGGG,QLLMLS,PQLLML,LMLSGI,TPQLLM,MLSGIG
AA6	1	DFQ31|DFQ31_001574-T1	3.47	7	LFGIPT,GGSPWG,GGQEST,GSPWGA,IPTRFG,GIPTRF,FGIPTR
AA6	1	DFQ31|DFQ31_006160-T1	3.47	7	LFGIPT,GGQEST,GIPTRF,IPTRFG,GSPWGA,GGSPWG,FGIPTR
GT1	7	DFQ31|DFQ31_004636-T1	8.79	18	GGAGTT,HGGAGT,KPFFGD,TMPWTR,PHDWLF,MPWTRT,HHGGAG,IGFGSI,VPHDWL,WTRTRA,YIGFGS,HDWLFP,PFFGDQ,IKPFFG,PWTRTR,FTMPWT,GAGTTA,RGDVQP
GT1	7	DFQ31|DFQ31_005464-T1	8.79	18	TMPWTR,MPWTRT,PHDWLF,FTMPWT,IKPFFG,GAGTTA,KPFFGD,WTRTRA,YIGFGS,PFFGDQ,RGDVQP,PWTRTR,GGAGTT,VPHDWL,HHGGAG,HGGAGT,HDWLFP,IGFGSI
GT15	1	DFQ31|DFQ31_005620-T1	12.5	26	YRHMCR,YWRVEP,WTNFEI,LEDRFN,PYVFLN,TIPTLW,YNLCHF,GGFFYE,WGDAPV,RHMCRF,APVHSI,HFWTNF,CHFWTN,YVFLND,SYRHMC,ERWGDA,YERWGD,FFYERW,DAPVHS,GDAPVH,NLCHFW,RWGDAP,YPYVFL,GFFYER,FYERWG,FWTNFE
GT15	1	DFQ31|DFQ31_005925-T1	12.5	26	YRHMCR,YWRVEP,WTNFEI,LEDRFN,PYVFLN,TIPTLW,YNLCHF,GGFFYE,WGDAPV,RHMCRF,APVHSI,HFWTNF,CHFWTN,YVFLND,SYRHMC,ERWGDA,YERWGD,FFYERW,DAPVHS,GDAPVH,NLCHFW,RWGDAP,YPYVFL,GFFYER,FYERWG,FWTNFE
GT15	1	DFQ31|DFQ31_003158-T1	8.9	16	WGDAPV,KKYGFT,DAPVHS,LEDRFN,RWGDAP,GDAPVH,WSNFEI,YPYVFL,PYVFLN,FWSNFE,SNFEIG,NKKYGF,ERWGDA,HFWSNF,APVHSI,YWRVEP
GT15	1	DFQ31|DFQ31_003160-T1	8.9	16	WGDAPV,KKYGFT,DAPVHS,LEDRFN,RWGDAP,GDAPVH,WSNFEI,YPYVFL,PYVFLN,FWSNFE,SNFEIG,NKKYGF,ERWGDA,HFWSNF,APVHSI,YWRVEP
GT15	1	DFQ31|DFQ31_003163-T1	8.9	16	WGDAPV,KKYGFT,DAPVHS,LEDRFN,RWGDAP,GDAPVH,WSNFEI,YPYVFL,PYVFLN,FWSNFE,SNFEIG,NKKYGF,ERWGDA,HFWSNF,APVHSI,YWRVEP
GT15	1	DFQ31|DFQ31_009819-T1	5.89	9	RWGDAP,WGDAPV,NLCHFW,HFWTNF,ERWGDA,CHFWTN,YERWGD,YNLCHF,FYERWG
GT15	1	DFQ31|DFQ31_012542-T1	5.89	9	YNLCHF,RWGDAP,CHFWTN,YERWGD,WGDAPV,ERWGDA,NLCHFW,FYERWG,HFWTNF
GT2	9	DFQ31|DFQ31_005135-T1	24.7	41	WLNGSF,PGAFSA,RRRWLN,GAFSAY,SNILDK,SWGTKG,AFSAYR,DRILCF,GGACGE,DKPLES,LDKPLE,HDVSWG,ILDKPL,RRWLNG,RILCFE,TMYNED,YKMSNI,MSNILD,FEYKMS,QRRRWL,KMSNIL,EYKMSN,VLPGAF,ISQRRR,LPGAFS,RWLNGS,GACGEI,QNFEYK,AEDRIL,SQRRRW,NMYLAE,SVLPGA,LAEDRI,ISVLPG,DVSWGT,EDRILC,DIVISL,NILDKP,VSWGTK,YLAEDR,MYLAED
GT2	9	DFQ31|DFQ31_012586-T1	24.7	41	AEDRIL,QRRRWL,TMYNED,NMYLAE,VSWGTK,DKPLES,DIVISL,HDVSWG,GGACGE,PGAFSA,GACGEI,MYLAED,EDRILC,QNFEYK,AFSAYR,RILCFE,KMSNIL,YLAEDR,SVLPGA,LDKPLE,ILDKPL,RWLNGS,WLNGSF,RRWLNG,ISVLPG,FEYKMS,RRRWLN,EYKMSN,MSNILD,YKMSNI,SNILDK,SQRRRW,DVSWGT,DRILCF,VLPGAF,NILDKP,LPGAFS,LAEDRI,GAFSAY,ISQRRR,SWGTKG
GT2	122	DFQ31|DFQ31_000381-T1	13.9	29	NCDIVT,ITFVDR,LPTYNE,LTGSFR,GYVFQM,HHPKFI,GVSDLT,IVTGTR,SFRLYK,KGYVFQ,TGSFRL,DIVTGT,KLGLGT,YVFQME,PTYNER,SKGYVF,VSDLTG,SDLTGS,CDIVTG,SHHPKF,HPKFIP,DLTGSF,GLGTAY,PGVSDL,GKLGLG,VTGTRY,VFQMEM,LGLGTA,GSFRLY
GT2	122	DFQ31|DFQ31_011911-T1	8.18	19	DIVTGT,SHHPKF,SDLTGS,GKLGLG,PGVSDL,LPTYNE,PTYNER,GLGTAY,DLTGSF,NCDIVT,HPKFIP,IVTGTR,CDIVTG,LGLGTA,VTGTRY,HHPKFI,KLGLGT,GVSDLT,VSDLTG
GT2	161	DFQ31|DFQ31_002923-T1	37.3	58	SQRRRW,LSQRRR,KRHNMA,GLCGET,CGTFCF,CLPGCF,LLLLGE,GETKIA,RRWINS,LMVDAD,LLGEDR,NLLLLG,STVHNL,HKKNLL,INSTVH,FCFSMQ,LGEDRY,TKIANK,VLLSQR,NSTVHN,TCLPGC,QRRRWI,LCGTFC,PGNRGK,LLLGED,GNRGKR,TFPKRK,CGETKI,KNLLLL,KKNLLL,LCGETK,MVDADT,DADTKV,TFCFSM,DLCGTF,MGLCGE,ETKIAN,TLHKKN,LHKKNL,RRRWIN,WNFVLP,EYYISH,GEDRYL,WINSTV,RWINST,CFSMQF,GTFCFS,FSMQFV,FDDFSW,DDFSWG,KPGNRG,YYISHH,LLSQRR,VDADTK,VTCLPG,NRGKRD,RHNMAK,IQVFEY
GT2	161	DFQ31|DFQ31_005016-T1	35.9	54	IQVFEY,MVDADT,LCGTFC,KRHNMA,DDFSWG,FCFSMQ,RRRWIN,TFPKRK,TKIANK,RHNMAK,LMVDAD,GLCGET,STVHNL,VLLSQR,DLCGTF,ETKIAN,LGEDRY,LLSQRR,YYISHH,EYYISH,GEDRYL,CGTFCF,LLLLGE,QRRRWI,CFSMQF,LLGEDR,LLLGED,RWINST,PGCFSM,GNRGKR,NLLLLG,GKRDSQ,INSTVH,SQRRRW,NSTVHN,TFCFSM,CLPGCF,TCLPGC,GETKIA,LSQRRR,GTFCFS,NRGKRD,WINSTV,VTCLPG,RGKRDS,FDDFSW,KPGNRG,LCGETK,LPGCFS,RRWINS,KNLLLL,CGETKI,PGNRGK,MGLCGE
GT2	161	DFQ31|DFQ31_005665-T1	35.9	54	KPGNRG,RWINST,LGEDRY,KNLLLL,EYYISH,GETKIA,IQVFEY,GTFCFS,TFCFSM,VTCLPG,NLLLLG,PGCFSM,RRRWIN,GKRDSQ,MGLCGE,VLLSQR,ETKIAN,INSTVH,STVHNL,LPGCFS,DDFSWG,GLCGET,YYISHH,NSTVHN,RHNMAK,LCGTFC,TFPKRK,FCFSMQ,CGETKI,MVDADT,CFSMQF,LMVDAD,TCLPGC,LSQRRR,WINSTV,GEDRYL,CLPGCF,LLLLGE,CGTFCF,SQRRRW,LCGETK,TKIANK,GNRGKR,NRGKRD,RGKRDS,RRWINS,LLSQRR,PGNRGK,KRHNMA,QRRRWI,LLLGED,FDDFSW,LLGEDR,DLCGTF
GT2	161	DFQ31|DFQ31_008242-T1	29.3	44	ETKIAN,CGETKI,GLCGET,IMGLCG,SQRRRW,LMVDAD,TCLPGC,LCGETK,RGKRDS,KNLLLL,NLLLLG,FSMQFV,RRWINS,QRRRWI,VDADTK,LCGTFC,EYYISH,CGTFCF,LLSQRR,IQVFEY,YYISHH,LSQRRR,CLPGCF,TKIANK,TFCFSM,RRRWIN,FDDFSW,MVDADT,GKRDSQ,DDFSWG,LLLGED,LLGEDR,GETKIA,DADTKV,CFSMQF,FCFSMQ,GTFCFS,NRGKRD,VTCLPG,MGLCGE,LLLLGE,VLLSQR,GNRGKR,RWINST
GT2	161	DFQ31|DFQ31_000561-T1	29.1	40	VLLSQR,EYYISH,HKKNLL,LSQRRR,LMVDAD,PGNRGK,NRGKRD,GEDRYL,GLCGET,RRWINS,RGKRDS,MGLCGE,LGEDRY,RWINST,KPGNRG,SVTCLP,FDDFSW,LHKKNL,MVDADT,VTCLPG,INSTVH,LLSQRR,GKRDSQ,GSVTCL,NSTVHN,SQRRRW,IMGLCG,STVHNL,GNRGKR,RRRWIN,FGSVTC,WINSTV,MAWREK,QRRRWI,AKAFES,YYISHH,CLPGCF,TCLPGC,TLHKKN,DDFSWG
GT2	161	DFQ31|DFQ31_008219-T1	29.1	40	LHKKNL,MAWREK,GLCGET,IMGLCG,SQRRRW,LMVDAD,TCLPGC,RGKRDS,RRWINS,QRRRWI,PGNRGK,STVHNL,EYYISH,LLSQRR,LGEDRY,YYISHH,LSQRRR,CLPGCF,RWINST,RRRWIN,FDDFSW,MVDADT,HKKNLL,GKRDSQ,INSTVH,DDFSWG,SVTCLP,GEDRYL,AKAFES,FGSVTC,VTCLPG,NRGKRD,WINSTV,MGLCGE,VLLSQR,GNRGKR,KPGNRG,GSVTCL,TLHKKN,NSTVHN
GT2	161	DFQ31|DFQ31_006916-T1	29.0	41	LMVDAD,WNFVLP,CLPGCF,YYISHH,CGETKI,HKKNLL,INSTVH,QRRRWI,LLGEDR,MVDADT,GEDRYL,LCGETK,RGKRDS,FDDFSW,NLLLLG,LGEDRY,MGLCGE,TCLPGC,RRRWIN,KNLLLL,WINSTV,NSTVHN,RRWINS,TLHKKN,STVHNL,LLLLGE,GKRDSQ,GNRGKR,SQRRRW,GLCGET,NRGKRD,RWINST,LHKKNL,LLLGED,EYYISH,VTCLPG,LLSQRR,VLLSQR,LSQRRR,DDFSWG,KKNLLL
GT2	161	DFQ31|DFQ31_012620-T1	29.0	41	LMVDAD,MVDADT,CLPGCF,LLSQRR,LLLGED,QRRRWI,MGLCGE,STVHNL,RRWINS,RRRWIN,DDFSWG,NSTVHN,KKNLLL,TLHKKN,HKKNLL,GNRGKR,TCLPGC,WNFVLP,LHKKNL,VTCLPG,SQRRRW,CGETKI,YYISHH,WINSTV,INSTVH,GKRDSQ,LGEDRY,RGKRDS,GEDRYL,EYYISH,LLLLGE,RWINST,LCGETK,LLGEDR,NRGKRD,VLLSQR,KNLLLL,LSQRRR,NLLLLG,FDDFSW,GLCGET
GT2	161	DFQ31|DFQ31_003057-T1	26.9	36	SQRRRW,LSQRRR,GKRDSQ,AKAFES,CLPGCF,MAWREK,RRWINS,LMVDAD,LPGCFS,STVHNL,FGSVTC,INSTVH,LGEDRY,VLLSQR,PGCFSM,RGKRDS,TCLPGC,QRRRWI,NSTVHN,PGNRGK,GNRGKR,MVDADT,SVTCLP,TLHKKN,LHKKNL,RRRWIN,GEDRYL,RWINST,WINSTV,FDDFSW,DDFSWG,KPGNRG,LLSQRR,GSVTCL,VTCLPG,NRGKRD
GT2	161	DFQ31|DFQ31_003321-T1	26.9	36	SQRRRW,LSQRRR,GKRDSQ,AKAFES,CLPGCF,MAWREK,RRWINS,LMVDAD,LPGCFS,STVHNL,FGSVTC,INSTVH,LGEDRY,VLLSQR,PGCFSM,RGKRDS,TCLPGC,QRRRWI,NSTVHN,PGNRGK,GNRGKR,MVDADT,SVTCLP,TLHKKN,LHKKNL,RRRWIN,GEDRYL,RWINST,WINSTV,FDDFSW,DDFSWG,KPGNRG,LLSQRR,GSVTCL,VTCLPG,NRGKRD
GT2	161	DFQ31|DFQ31_001842-T1	24.6	32	RGKRDS,RRWINS,STVHNL,KPGNRG,FGSVTC,RRRWIN,GSVTCL,GNRGKR,RWINST,SVTCLP,DDFSWG,LPGCFS,GEDRYL,CLPGCF,LSQRRR,LGEDRY,MVDADT,TCLPGC,GKRDSQ,LLSQRR,QRRRWI,VTCLPG,LMVDAD,SQRRRW,WINSTV,PGCFSM,FDDFSW,INSTVH,NRGKRD,NSTVHN,PGNRGK,VLLSQR
GT2	161	DFQ31|DFQ31_009502-T1	24.6	32	NRGKRD,RRRWIN,NSTVHN,GNRGKR,GSVTCL,VTCLPG,STVHNL,RGKRDS,LGEDRY,DDFSWG,FDDFSW,SVTCLP,GEDRYL,KPGNRG,TCLPGC,SQRRRW,GKRDSQ,RWINST,LPGCFS,LMVDAD,RRWINS,LSQRRR,MVDADT,PGCFSM,WINSTV,FGSVTC,VLLSQR,QRRRWI,INSTVH,LLSQRR,PGNRGK,CLPGCF
GT2	161	DFQ31|DFQ31_000873-T1	23.4	33	GEDRYL,IMGLCG,PGCFSM,MVDADT,GKRDSQ,RRRWIN,GSVTCL,EYYISH,SVTCLP,MAWREK,SQRRRW,RRWINS,LPGCFS,QRRRWI,LGEDRY,TCLPGC,CLPGCF,FDDFSW,PGNRGK,MGLCGE,NRGKRD,AKAFES,LCGETK,LMVDAD,GNRGKR,YYISHH,KRDSQI,GLCGET,FGSVTC,DDFSWG,VTCLPG,RGKRDS,RWINST
GT2	161	DFQ31|DFQ31_006223-T1	23.4	33	TCLPGC,QRRRWI,CLPGCF,RWINST,GNRGKR,RGKRDS,SQRRRW,MAWREK,FDDFSW,PGCFSM,IMGLCG,GSVTCL,VTCLPG,SVTCLP,GEDRYL,LPGCFS,LCGETK,GLCGET,RRWINS,GKRDSQ,RRRWIN,MGLCGE,AKAFES,FGSVTC,PGNRGK,LGEDRY,KRDSQI,YYISHH,EYYISH,LMVDAD,NRGKRD,MVDADT,DDFSWG
GT2	161	DFQ31|DFQ31_002072-T1	22.7	30	LLSQRR,LSQRRR,KRDSQI,FDDFSW,GKRDSQ,HKKNLL,RGKRDS,MAWREK,GEDRYL,TCLPGC,GNRGKR,LHKKNL,DDFSWG,PGNRGK,GLCGET,LMVDAD,TLHKKN,NRGKRD,MVDADT,RRRWIN,CLPGCF,QRRRWI,SQRRRW,VLLSQR,VTCLPG,LGEDRY,AKAFES,RWINST,RRWINS,EYYISH
GT20	2	DFQ31|DFQ31_001101-T1	32.6	56	VDRLDY,SSEIYR,YARHFL,GMNLVS,LWPLFH,FPIGID,QVAVPS,FPSSEI,SEIYRI,EIYRIL,LFHYHP,YRILPV,DYARHF,VGRING,AAQSLN,PLFHYH,PFPSSE,DYIKGV,FHYHPG,RILPVR,AQSLNG,TRDGMN,ILWPLF,HDYHLM,LHTPFP,SSGGLV,NSILWP,FHTYDY,DGMNLV,HTYDYA,RLDYIK,ARHFLS,RDGMNL,NLVSYE,MNLVSY,LDYIKG,HTPFPS,MSSGGL,FLHTPF,YDYARH,PSSEIY,YIKGVP,GVDRLD,TYDYAR,VAVPSR,GAAQSL,STRDGM,DRLDYI,RHFLSS,HYHPGE,TPFPSS,IYRILP,VGVDRL,WPLFHY,SILWPL,GFHTYD
GT20	4	DFQ31|DFQ31_011256-T1	25.0	31	LFDYDG,LSAEHG,NKGEIV,LGLSAE,DGMNTT,DYDGTL,ISGRDQ,VLIQVS,DEDMFR,AEHGCF,ITSVRD,NIEVRP,TSVRDG,VRDGMN,SAEHGC,SVRDGM,KGEIVK,VVLIQV,TDEDMF,PLILSE,LITSVR,LTWHYR,LILSEF,IISGRD,WIISGR,FDYDGT,IWIHDY,RDGMNT,GEIVKR,GLSAEH,YDGTLT
GT20	4	DFQ31|DFQ31_002466-T1	23.5	29	LILSEF,AEHGCF,LGLSAE,DEDMFR,KGEIVK,VRDGMN,NKGEIV,TSVRDG,LITSVR,SVRDGM,TDEDMF,ISGRDQ,NIEVRP,RDGMNT,FDYDGT,DGMNTT,GEIVKR,ITSVRD,WIISGR,GLSAEH,SAEHGC,DYDGTL,PLILSE,LSAEHG,LFDYDG,LTWHYR,IWIHDY,YDGTLT,IISGRD
GT22	1	DFQ31|DFQ31_013677-T1	9.37	13	EESFNI,IQAIHD,NIQAIH,PGVVPR,KVEESF,VEESFN,TKVEES,GVVPRT,FNIQAI,SFNIQA,FPGVVP,VVPRTF,ESFNIQ
GT22	1	DFQ31|DFQ31_009526-T1	4.5	7	EWRFII,KEWRFI,HKEWRF,WRFIIY,YPGGEA,PGGEAL,NYPGGE
GT24	1	DFQ31|DFQ31_000110-T1	29.4	42	VKFWFI,FLDVLF,GYKILF,VIFVDA,WLWCET,AKTIDL,TIDLCN,LDVLFP,VASGHL,LYERFL,FVDADQ,ASGHLY,DLCNNP,YHISAL,SALYVV,NLGYFQ,ISALYV,LYVVDL,SGHLYE,WCETWC,KTIDLC,LFLDVL,HLYERF,WGYKIL,DVLFPL,HISALY,LWCETW,LDQDLP,PYHISA,GHLYER,EWLWCE,TKEPKL,YKILFL,ALYVVD,MANLGY,ILFLDV,IDLCNN,IFVDAD,KILFLD,KVIFVD,DQDLPN,NLDQDL
GT3	1	DFQ31|DFQ31_014451-T1	26.8	38	ERAAAH,VRGCHL,FTTHAT,THATLL,HLGVFP,LLKRKP,FHPEFL,HLLKRK,EHLLKR,CHLGVF,GHFYGH,GVFPSY,HEFQNL,IYHRYC,LKRKPD,GCHLGV,TTHATL,EFQNLH,TLLGRY,TIFTTH,FPSYYE,RYLCAG,RGHFYG,ATLLGR,EFVRGC,FQNLHA,VFTTVS,HATLLG,VFPSYY,LLGRYL,PNGLNV,IFTTHA,GRYLCA,FVRGCH,LGRYLC,RGCHLG,LGVFPS,PSYYEP
GT32	92	DFQ31|DFQ31_007917-T1	6.0	6	GVWTDA,VWTDAV,WTGPGV,GPGVWT,PGVWTD,TGPGVW
GT32	92	DFQ31|DFQ31_011873-T1	6.0	6	PGVWTD,TGPGVW,WTGPGV,GVWTDA,GPGVWT,VWTDAV
GT33	2	DFQ31|DFQ31_005086-T1	6.67	16	SGLDLP,VSSTSW,EDFSIL,WTPDED,STSWTP,ITGKGP,SSSGLD,TPDEDF,SSGLDL,LDLPMK,DEDFSI,SWTPDE,IITGKG,GLDLPM,TSWTPD,SSTSWT
GT33	2	DFQ31|DFQ31_014639-T1	4.72	12	ITGKGP,DEDFSI,SSTSWT,IITGKG,STSWTP,EDFSIL,TSWTPD,WTPDED,VSSTSW,DWHNFG,TPDEDF,SWTPDE
GT35	1	DFQ31|DFQ31_006963-T1	15.6	26	LGRLAA,ASGTSN,SGTSNM,IHEYKR,ALGNGG,GVAALH,GGLGRL,GTSNMK,NGGLGR,LNDTHP,KLKVVF,LGNGGL,HEYKRQ,GNGGLG,IQLNDT,GLGRLA,EASGTS,DKLKVV,NGVAAL,TSNMKF,VLYPND,GRLAAC,QLNDTH,KAAPGY,KRIHEY,RIHEYK
GT39	2	DFQ31|DFQ31_003795-T1	10.5	20	HPPLAK,FDVHPP,HHYLPA,VHFGKF,RLILLD,KFASYY,LHHYLP,VHPPLA,FASYYL,FDEVHF,FGKFAS,GKFASY,VFDEVH,DVHPPL,DEVHFG,VVFDEV,FLHHYL,HFGKFA,HDVASP,EVHFGK
GT39	2	DFQ31|DFQ31_008248-T1	10.5	20	EVHFGK,HDVASP,FGKFAS,HPPLAK,DVHPPL,HHYLPA,VHPPLA,VFDEVH,FASYYL,VVFDEV,RLILLD,FDVHPP,GKFASY,VHFGKF,HFGKFA,LHHYLP,DEVHFG,FLHHYL,FDEVHF,KFASYY
GT39	2	DFQ31|DFQ31_000043-T1	10.1	18	VFDEVH,VHFGGF,VHPPLA,HFGGFA,DVHPPL,SVVFDE,GYLHSH,FDVHPP,KWVGLF,FDEVHF,DEVHFG,FLHHYL,LHHYLP,EVHFGG,HHYLPA,HPPLAK,VVFDEV,GGYLHS
GT39	2	DFQ31|DFQ31_008653-T1	3.13	6	EVHFGK,VHFGKF,DVHPPL,VHPPLA,DEVHFG,HPPLAK
GT39	2	DFQ31|DFQ31_010030-T1	3.13	6	HPPLAK,DVHPPL,DEVHFG,VHPPLA,VHFGKF,EVHFGK
GT39	3	DFQ31|DFQ31_007848-T1	15.7	18	AHFGKF,HDVHPP,YHDVHP,HPPLGK,VHPPLG,HFGKFG,KMLVGL,GKMLVG,VVWDEA,PPLGKM,LGKMLV,FYHDVH,WDEAHF,PLGKML,DEAHFG,EAHFGK,VWDEAH,DVHPPL
GT39	3	DFQ31|DFQ31_001487-T1	14.9	17	PPLGKM,FILLDS,LLDSML,VHPPLG,HPPLGK,FGKFGS,CFKIHF,PLGKML,DVHPPL,HDVHPP,HFGKFG,LGKMLV,ILLDSM,GKMLVG,YHDVHP,LDSMLL,FYHDVH
GT4	109	DFQ31|DFQ31_002666-T1	6.23	11	YPTIST,DTMGYA,AQFRPE,YVHYPT,QFRPEK,TISTDM,PTISTD,VHYPTI,HYPTIS,MGYAFT,TMGYAF
GT4	145	DFQ31|DFQ31_013588-T1	11.1	14	DLGIGG,GGAERL,IHPDLG,PDLGIG,LGIGGA,EHFGIV,VNSNFT,HFGIVP,LAIKAF,FIHPDL,GIGGAE,SINRFE,IGGAER,HPDLGI
GT4	194	DFQ31|DFQ31_002967-T1	10.1	16	VHGHQA,EAASCG,IGGDGP,RLVYRK,SLTEAF,TEAFCI,LVYRKG,ICVSHT,IVHGHQ,AASCGL,LTEAFC,GDGPKR,EAFCIA,ENTVLR,FTDHSL,GGDGPK
GT4	194	DFQ31|DFQ31_014091-T1	9.0	14	ICVSHT,EAASCG,FTDHSL,GDGPKR,TEAFCI,LVYRKG,SLTEAF,ENTVLR,AASCGL,LTEAFC,RLVYRK,GGDGPK,IGGDGP,EAFCIA
GT41	17	DFQ31|DFQ31_004927-T1	30.5	35	WLLRFP,PTVLPF,GSLLKD,CNAHTT,VLPFHT,NAHTTA,AHTTAA,HTTAAD,PLAHLM,ECNAHT,FAGTLG,LYYLSL,NFNQLY,HLMQSV,AHLMQS,NHPLAH,EAVCGL,LGSLLK,TVLPFH,PFHTFT,NLNGYT,LAHLMQ,YVSSDF,LPFHTF,TNLGSL,LWLLRF,MQSVFG,GFAGTL,MGFAGT,FNQLYK,YKMCSR,LMQSVF,NLGSLL,GYVSSD,HPLAHL
GT41	17	DFQ31|DFQ31_012275-T1	30.5	35	LWLLRF,MQSVFG,HPLAHL,LYYLSL,NFNQLY,GSLLKD,GYVSSD,EAVCGL,NHPLAH,TVLPFH,TNLGSL,MGFAGT,FNQLYK,CNAHTT,LAHLMQ,PFHTFT,NLGSLL,PLAHLM,LMQSVF,AHLMQS,GFAGTL,HLMQSV,FAGTLG,LPFHTF,NLNGYT,YKMCSR,AHTTAA,VLPFHT,WLLRFP,HTTAAD,PTVLPF,ECNAHT,YVSSDF,LGSLLK,NAHTTA
GT48	1	DFQ31|DFQ31_008658-T1	31.2	41	HYGHPD,KSDNQN,LRTRIW,PILGDG,AGKEQT,LGDGKS,LNEDIY,QDNYLE,RLPKRI,GDGKSD,LHLNED,LPKRIY,GKGRDL,EDIYAG,ANQDNY,KEQTFG,QCGKGR,DNYLEE,NQDNYL,GKSDNQ,DGKSDN,HLNEDI,YIFSEN,GNPILG,GKEQTF,QTLYRT,EQTFGT,GLHLNE,EYIFSE,ILGDGK,YGHPDF,NEDIYA,QTFGTL,REYIFS,LHYGHP,AAGKEQ,DANQDN,KGRDLG,NPILGD,GRDLGF,CGKGRD
GT48	1	DFQ31|DFQ31_009646-T1	31.2	41	DGKSDN,EQTFGT,GDGKSD,GKSDNQ,QTLYRT,GLHLNE,KEQTFG,ILGDGK,CGKGRD,GRDLGF,LPKRIY,GKGRDL,LGDGKS,GNPILG,RLPKRI,YGHPDF,LHYGHP,REYIFS,GKEQTF,NQDNYL,PILGDG,LHLNED,LNEDIY,DANQDN,LRTRIW,HYGHPD,QTFGTL,EDIYAG,AGKEQT,QCGKGR,EYIFSE,AAGKEQ,NEDIYA,HLNEDI,YIFSEN,KGRDLG,NPILGD,QDNYLE,DNYLEE,ANQDNY,KSDNQN
GT48	1	DFQ31|DFQ31_009133-T1	29.0	38	EYIFSE,LRTRIW,GKGRDL,DNYLEE,LHYGHP,QCGKGR,QDNYLE,AAGKEQ,HLNEDI,HYGHPD,CGKGRD,PILGDG,NQDNYL,FFAQSL,QTLYRT,REYIFS,RLPKRI,YGHPDF,KLHYGH,LFFLDT,FFLDTY,LNEDIY,DANQDN,ANQDNY,EQTFGT,YIFSEN,LHLNED,KEQTFG,GGKLHY,AGKEQT,ILGDGK,GKEQTF,NEDIYA,EDIYAG,GRDLGF,GLHLNE,KGRDLG,GKLHYG
GT48	1	DFQ31|DFQ31_012929-T1	29.0	38	ANQDNY,GGKLHY,KEQTFG,HLNEDI,YGHPDF,ILGDGK,REYIFS,GKLHYG,NEDIYA,LHYGHP,EDIYAG,EYIFSE,EQTFGT,FFLDTY,AGKEQT,RLPKRI,DANQDN,KLHYGH,GKGRDL,QTLYRT,YIFSEN,GKEQTF,GLHLNE,LHLNED,CGKGRD,PILGDG,LRTRIW,NQDNYL,KGRDLG,HYGHPD,GRDLGF,QCGKGR,AAGKEQ,LNEDIY,DNYLEE,QDNYLE,LFFLDT,FFAQSL
GT48	1	DFQ31|DFQ31_006267-T1	28.1	37	PILGDG,FFLDTY,NPILGD,DANQDN,DGKSDN,KSDNQN,HYGHPD,EDIYAG,ANQDNY,YGHPDF,LRTRIW,GDGKSD,GKGRDL,QDNYLE,HLNEDI,LGDGKS,LDTYLW,NQDNYL,QTLYRT,GLHLNE,LHYGHP,GNPILG,FLDTYL,GKSDNQ,EYIFSE,LHLNED,GRDLGF,CGKGRD,YIFSEN,NEDIYA,QCGKGR,DTYLWY,KGRDLG,LNEDIY,REYIFS,DNYLEE,ILGDGK
GT48	1	DFQ31|DFQ31_008498-T1	28.1	37	HYGHPD,KSDNQN,LRTRIW,PILGDG,LGDGKS,LNEDIY,QDNYLE,GDGKSD,LHLNED,GKGRDL,EDIYAG,ANQDNY,NPILGD,QCGKGR,DNYLEE,NQDNYL,GKSDNQ,DGKSDN,HLNEDI,YIFSEN,GNPILG,LDTYLW,QTLYRT,GLHLNE,EYIFSE,ILGDGK,YGHPDF,NEDIYA,REYIFS,FFLDTY,LHYGHP,DANQDN,KGRDLG,DTYLWY,FLDTYL,GRDLGF,CGKGRD
GT57	1	DFQ31|DFQ31_005053-T1	23.1	30	FEDKVA,YDLQYW,FQVHEK,KVANFW,DHGHFQ,FFLFSF,EDKVAN,FSFQVH,LFSFQV,GLDYPP,FKQMAL,SFQVHE,LQYWGL,GHFQYN,YWGLDY,DKVANF,IDHGHF,GDFEAQ,FLFSFQ,VANFWC,FEAQRH,KQMALY,QYWGLD,QMALYY,DLQYWG,WGLDYP,EAQRHW,HGHFQY,SFFLFS,DFEAQR
GT57	1	DFQ31|DFQ31_003087-T1	8.69	11	GLDYPP,QYWGLD,DFEAQR,YDLQYW,FEAQRH,YWGLDY,DLQYWG,LQYWGL,EAQRHW,WGLDYP,GDFEAQ
GT57	2	DFQ31|DFQ31_002204-T1	16.3	20	HVHEKA,YFVFLL,GWHVHE,SRLFPF,HIHFQY,HAYWAP,AYWAPN,HFQYNG,DHIHFQ,KHIFLY,FGWHVH,FVFLLR,FQYNGF,FKHIFL,WHVHEK,HEKAIM,IHFQYN,LSRLFP,VHEKAI,LFGWHV
GT66	1	DFQ31|DFQ31_003165-T1	34.5	46	WWDYGY,GSYDNE,SVSEHQ,AWGGYV,AGSYDN,INKFLW,AGVMVR,IASVSE,VAGSYD,WDYGYQ,IPIIAS,NKFLWM,NNTWNN,DDFREA,DINKFL,WNNTHI,YSLWDT,EFDPWF,DDINKF,IIASVS,ASVSEH,DFREAY,DYGYQI,HEFDPW,DVDYVL,FDPWFN,DNNTWN,NNTHIA,REAYYW,TWNNTH,VDNNTW,WYPLGR,RSVAGS,GVMVRL,VSEHQP,IHEFDP,NTWNNT,YFAGVM,SRSVAG,PIIASV,AYYWLR,YFYMVS,EAYYWL,ISRSVA,FAGVMV,SVAGSY
GT8	39	DFQ31|DFQ31_003760-T1	12.5	16	WPDCFN,CFNSGV,GSFDGG,GDQGLL,LPFIYN,SFDGGD,DCFNSG,DGGDQG,GGDQGL,ADTLVL,DQGLLN,DADTLV,FNSGVF,PDCFNS,FDGGDQ,GWPDCF
CBM1	13	DFQ31|DFQ31_010693-T1	3.96	10	QFYNNY,LGVPGS,YNNYCG,PQCVFP,YWGQNS,CVFPDA,VYWGQN,FYNNYC,QCVFPD,AAPQCV
CBM1	13	DFQ31|DFQ31_000655-T1	3.47	8	WDNWAK,FYNNYC,PFGDAV,QFYNNY,YNNYCG,YWGQNS,AAPQCP,RPFGDA
CBM1	13	DFQ31|DFQ31_000859-T1	3.46	8	YWGQNS,QFYNNY,WDNWAK,FYNNYC,PFGDAV,AAPQCP,YNNYCG,RPFGDA
CBM1	13	DFQ31|DFQ31_012643-T1	3.0	6	QFYNNY,VQFYNN,WDNWAK,YWGQNS,PFGDAV,RPFGDA
CBM12	6	DFQ31|DFQ31_007175-T1	9.6	12	LTHINY,IDWEYP,GIDIDW,INYAFG,HINYAF,THINYA,IDIDWE,ISLGGW,SLGGWT,DGIDID,LISLGG,DIDWEY
CBM12	6	DFQ31|DFQ31_007619-T1	9.6	12	GIDIDW,LISLGG,HINYAF,SLGGWT,THINYA,ISLGGW,DIDWEY,LTHINY,INYAFG,IDWEYP,DGIDID,IDIDWE
CBM12	6	DFQ31|DFQ31_007176-T1	5.99	7	LTHINY,IDWEYP,GIDIDW,FDGIDI,IDIDWE,DGIDID,DIDWEY
CBM12	6	DFQ31|DFQ31_008911-T1	5.99	7	FDGIDI,IDWEYP,GIDIDW,DGIDID,LTHINY,DIDWEY,IDIDWE
CBM12	6	DFQ31|DFQ31_008003-T1	5.96	7	GIDIDW,HINYAF,THINYA,DIDWEY,IDWEYP,DGIDID,IDIDWE
CBM12	6	DFQ31|DFQ31_003212-T1	5.1	6	GIDIDW,DIDWEY,IDWEYP,DGIDID,SLGGWT,IDIDWE
CBM12	6	DFQ31|DFQ31_004951-T1	5.1	6	IDWEYP,DGIDID,DIDWEY,GIDIDW,IDIDWE,SLGGWT
CBM12	6	DFQ31|DFQ31_001372-T1	5.07	6	IDWEYP,GIDIDW,DGIDID,IDIDWE,DIDWEY,LTHINY
CBM12	11	DFQ31|DFQ31_004283-T1	8.25	10	GVDLDW,DGVDLD,VDLDWE,YLLTIA,ISVGGW,INYAFA,NYAFAD,IMTYDF,NIMTYD,YAFADI
CBM18	7	DFQ31|DFQ31_002250-T1	4.89	11	IASHTW,LTFDDG,GHQIAS,TFDDGP,ASHTWS,QIASHT,SHTWSH,EGHQIA,VALTFD,HQIASH,ALTFDD
CBM18	7	DFQ31|DFQ31_009352-T1	4.89	11	LTFDDG,TFDDGP,IASHTW,SHTWSH,QIASHT,ALTFDD,ASHTWS,HQIASH,EGHQIA,GHQIAS,VALTFD
CBM18	7	DFQ31|DFQ31_006465-T1	3.96	9	QIASHT,ASHTWS,GHQIAS,LTFDDG,ALTFDD,SHTWSH,EGHQIA,IASHTW,HQIASH
CBM18	7	DFQ31|DFQ31_009887-T1	3.96	9	IASHTW,EGHQIA,HQIASH,LTFDDG,QIASHT,ASHTWS,SHTWSH,GHQIAS,ALTFDD
CBM18	7	DFQ31|DFQ31_006464-T1	2.76	7	QIASHT,GHQIAS,LTFDDG,ALTFDD,EGHQIA,IASHTW,HQIASH
CBM19	1	DFQ31|DFQ31_010693-T1	7.21	8	QFYNNY,IQFYNN,LSLGGA,YWGQNS,FIQFYN,VYWGQN,FYNNYC,LLSLGG
CBM19	1	DFQ31|DFQ31_008627-T1	6.42	7	LWDASQ,YWGQNS,QFYNNY,FIQFYN,IQFYNN,AGSGYI,FYNNYC
CBM19	1	DFQ31|DFQ31_007082-T1	5.6	6	QFYNNY,FYNNYC,LWDASQ,FIQFYN,YWGQNS,IQFYNN
CBM19	1	DFQ31|DFQ31_000655-T1	5.57	6	FIQFYN,FYNNYC,QFYNNY,YWGQNS,AAPQCP,IQFYNN
CBM19	1	DFQ31|DFQ31_000859-T1	5.57	6	YWGQNS,QFYNNY,FIQFYN,FYNNYC,AAPQCP,IQFYNN
CBM19	1	DFQ31|DFQ31_002535-T1	5.24	6	YWGQNS,LSLGGA,SAAPQC,IQFYNN,AAGSGY,AGSGYI
CBM2	6	DFQ31|DFQ31_004283-T1	8.76	9	GVDLDW,SVGGWT,DGVDLD,VDLDWE,YLLTIA,ISVGGW,NFTLLL,IMTYDF,NIMTYD
CBM2	6	DFQ31|DFQ31_004501-T1	6.83	7	GVDLDW,DGVDLD,DWEYPG,VDLDWE,LDWEYP,GVPFYG,DLDWEY
CBM20	17	DFQ31|DFQ31_011472-T1	6.82	8	GEFNQK,YDLGEF,EFNQKG,FNQKGT,LGEFNQ,DLGEFN,ALWLPP,VDNHDT
CBM20	39	DFQ31|DFQ31_001101-T1	4.4	8	HDYHLM,PFPSSE,LWPLFH,DYARHF,FPSSEI,PSSEIY,ARHFLS,YARHFL
CBM20	39	DFQ31|DFQ31_002466-T1	3.4	7	SSEIFR,PFPSSE,HDYHLM,IGFFLH,LSEFTG,DYDGTL,FPSSEI
CBM20	39	DFQ31|DFQ31_011256-T1	3.4	7	PFPSSE,DYDGTL,HDYHLM,SSEIFR,LSEFTG,FPSSEI,IGFFLH
CBM32	11	DFQ31|DFQ31_005955-T1	6.04	7	DGYGCG,GYGCGY,WTGDQS,KLDVAW,NDGYGC,RFDAYY,FDAYYF
CBM32	11	DFQ31|DFQ31_007748-T1	6.04	7	GYGCGY,DGYGCG,NDGYGC,KLDVAW,RFDAYY,FDAYYF,WTGDQS
CBM39	5	DFQ31|DFQ31_011356-T1	11.0	13	SGEIDI,WIWPAI,DWIWPA,GDWIWP,ASGEID,IFEDNF,FEDNFD,WPASGE,NPIQSA,GGNWEF,IWPAIW,GGGNWE,PASGEI
CBM39	5	DFQ31|DFQ31_002930-T1	7.51	9	GGNWEF,WPAIWL,NFKYGK,FNFKYG,GGGNWE,WPASGE,ASGEID,PASGEI,SGEIDI
CBM4	2	DFQ31|DFQ31_011356-T1	2.96	6	SGEIDI,EIDIME,NVAVGG,ASGEID,WPAIWM,GEIDIM
CBM43	1	DFQ31|DFQ31_008867-T1	7.89	11	KIPVGY,VWSGGI,SGGIVY,GFFAGN,DFYGIN,FAGNEV,GNEVTN,ADFYGI,AGNEVT,WSGGIV,FFAGNE
CBM43	1	DFQ31|DFQ31_008869-T1	7.43	11	KADFYG,SGGIVY,GFFAGN,DFYGIN,FAGNEV,SEYGCN,ADFYGI,LGFFAG,VLGFFA,FFAGNE,NVLGFF
CBM43	1	DFQ31|DFQ31_003217-T1	4.37	7	VLGFFA,DFYGIN,ADFYGI,NVLGFF,SEYGCN,SGGIVY,KADFYG
CBM43	1	DFQ31|DFQ31_015000-T1	3.89	6	SGGIVY,DFYGIN,WSGGIV,ADFYGI,VWSGGI,KIPVGY
CBM48	20	DFQ31|DFQ31_004587-T1	29.1	42	LHKMIR,FGHPEW,SRLFNY,QALVGD,GFDYRL,EWAPNA,GVTSML,SFGYQV,YREWAP,FRFDGV,MAIMEH,EGYLNF,VGDKTI,YEAHVG,GNEFGH,EFGHPE,NEFGHP,YASFGY,IYEAHV,ALVGDK,SHDQAL,ASFGYQ,DGVTSM,ESHDQA,DQALVG,DGFRFD,HKMIRL,FPREGN,GEGYLN,HDQALV,VHSHAS,GFRFDG,DFPREG,VTSMLY,TLTNRR,RFDGVT,GDFNNW,FDGVTS,ALHKMI,YYASFG,LVGDKT,AEDVSG
CBM48	20	DFQ31|DFQ31_012320-T1	29.1	42	YASFGY,GFDYRL,EWAPNA,EFGHPE,FGHPEW,FRFDGV,AEDVSG,HKMIRL,ESHDQA,VHSHAS,ALVGDK,GDFNNW,EGYLNF,YYASFG,YEAHVG,SFGYQV,QALVGD,ASFGYQ,MAIMEH,SHDQAL,HDQALV,VTSMLY,DGVTSM,GVTSML,DGFRFD,IYEAHV,RFDGVT,ALHKMI,FDGVTS,GNEFGH,LVGDKT,SRLFNY,LHKMIR,TLTNRR,VGDKTI,GEGYLN,NEFGHP,DQALVG,FPREGN,YREWAP,DFPREG,GFRFDG
CBM5	9	DFQ31|DFQ31_004283-T1	9.98	11	GVDLDW,DGVDLD,VDLDWE,YLLTIA,ISVGGW,INYAFA,NYAFAD,HINYAF,IMTYDF,NIMTYD,YAFADI
CBM5	9	DFQ31|DFQ31_004501-T1	5.36	6	GVDLDW,DGVDLD,VDLDWE,LDWEYP,DLDWEY,HINYAF
CBM5	14	DFQ31|DFQ31_007175-T1	5.04	8	IDWEYP,GIDIDW,IDIDWE,ISLGGW,DWEYPG,SLGGWT,DGIDID,DIDWEY
CBM5	14	DFQ31|DFQ31_007619-T1	5.04	8	GIDIDW,SLGGWT,ISLGGW,DIDWEY,DWEYPG,IDWEYP,DGIDID,IDIDWE
CBM5	14	DFQ31|DFQ31_007176-T1	4.61	7	IDWEYP,GIDIDW,FDGIDI,IDIDWE,DGIDID,DWEYPG,DIDWEY
CBM5	14	DFQ31|DFQ31_008911-T1	4.61	7	FDGIDI,IDWEYP,GIDIDW,DGIDID,DIDWEY,IDIDWE,DWEYPG
CBM5	14	DFQ31|DFQ31_003212-T1	4.45	7	GIDIDW,DIDWEY,IDWEYP,DWEYPG,DGIDID,SLGGWT,IDIDWE
CBM5	14	DFQ31|DFQ31_004951-T1	4.45	7	IDWEYP,DGIDID,DIDWEY,GIDIDW,DWEYPG,IDIDWE,SLGGWT
CBM5	14	DFQ31|DFQ31_001372-T1	3.92	6	IDWEYP,GIDIDW,DGIDID,IDIDWE,DIDWEY,DWEYPG
CBM5	14	DFQ31|DFQ31_008003-T1	3.92	6	GIDIDW,DIDWEY,DWEYPG,IDWEYP,DGIDID,IDIDWE
CBM5	29	DFQ31|DFQ31_007299-T1	5.76	6	DSGGPI,CQGDSG,SCQGDS,GDSGGP,QGDSGG,DSCQGD
CBM5	29	DFQ31|DFQ31_009644-T1	5.76	6	CQGDSG,GDSGGP,QGDSGG,DSGGPI,DSCQGD,SCQGDS
CBM5	29	DFQ31|DFQ31_013666-T1	5.76	6	GDSGGP,SCQGDS,QGDSGG,DSCQGD,DSGGPI,CQGDSG
CBM5	49	DFQ31|DFQ31_001560-T1	7.31	8	GHGTHV,HGTHVA,SGTSMA,HVAGTI,VAGTIA,GTHVAG,THVAGT,ISGTSM
CBM5	49	DFQ31|DFQ31_001561-T1	7.31	8	GHGTHV,HGTHVA,SGTSMA,HVAGTI,VAGTIA,GTHVAG,THVAGT,ISGTSM
CBM5	49	DFQ31|DFQ31_009822-T1	7.31	8	GTHVAG,GHGTHV,HGTHVA,SGTSMA,VAGTIA,HVAGTI,ISGTSM,THVAGT
CBM5	49	DFQ31|DFQ31_006078-T1	6.27	7	NGHGTH,ISGTSM,THVAGT,GHGTHV,GTHVAG,SGTSMA,HGTHVA
CBM5	49	DFQ31|DFQ31_006432-T1	6.27	7	NGHGTH,ISGTSM,THVAGT,GHGTHV,GTHVAG,SGTSMA,HGTHVA
CBM5	49	DFQ31|DFQ31_001844-T1	5.44	7	GTSMAT,MATPHV,SGTSMA,NGHGTH,ISGTSM,TSMATP,SMATPH
CBM5	49	DFQ31|DFQ31_006003-T1	5.43	6	GTSMAT,GHGTHV,GTHVAG,SGTSMA,HGTHVA,TSMATP
CBM5	49	DFQ31|DFQ31_006028-T1	5.43	6	GTSMAT,GHGTHV,GTHVAG,SGTSMA,HGTHVA,TSMATP
CBM5	49	DFQ31|DFQ31_007290-T1	5.43	6	HGTHVA,GTSMAT,GTHVAG,SGTSMA,TSMATP,GHGTHV
CBM5	84	DFQ31|DFQ31_002473-T1	6.85	7	GWGLTS,ACNGDS,NGDSGG,VLTAAH,GDSGGP,CNGDSG,LTAAHC
CBM5	84	DFQ31|DFQ31_011344-T1	6.0	6	CNGDSG,VLTAAH,LTAAHC,GDSGGP,NGDSGG,ACNGDS
CBM5	84	DFQ31|DFQ31_011872-T1	6.0	6	ACNGDS,VLTAAH,NGDSGG,LTAAHC,GDSGGP,CNGDSG
CBM5	84	DFQ31|DFQ31_013493-T1	6.0	6	ACNGDS,NGDSGG,GDSGGP,VLTAAH,LTAAHC,CNGDSG
CBM51	2	DFQ31|DFQ31_005955-T1	8.28	9	TLYEDD,DGYGCG,GYGCGY,WTGDQS,KLDVAW,NDGYGC,RFDAYY,FDAYYF,LVAPVY
CBM51	2	DFQ31|DFQ31_007748-T1	8.28	9	GYGCGY,DGYGCG,NDGYGC,KLDVAW,RFDAYY,FDAYYF,LVAPVY,WTGDQS,TLYEDD
CBM54	1	DFQ31|DFQ31_011356-T1	3.78	6	SGEIDI,EIDIME,ASGEID,WPAIWM,IWPAIW,GEIDIM
CBM55	1	DFQ31|DFQ31_008003-T1	6.0	6	GIDIDW,LDGIDI,DIDWEY,IDWEYP,NLDGID,IDIDWE
CBM57	6	DFQ31|DFQ31_001294-T1	4.79	7	TSMASP,GTSMAS,PTDLNG,SMASPH,SGTSMA,DHNYNW,HGTHTM
CBM57	6	DFQ31|DFQ31_000084-T1	4.62	6	THTMGT,GTSMAS,SMASPH,HGTHTM,GTHTMG,TSMASP
CBM57	6	DFQ31|DFQ31_000088-T1	4.62	6	THTMGT,GTSMAS,SMASPH,HGTHTM,GTHTMG,TSMASP
CBM57	6	DFQ31|DFQ31_005159-T1	4.33	6	SMASPH,GTSMAS,TSMASP,DHNYNW,HGTHTM,SGTSMA
CBM57	16	DFQ31|DFQ31_003480-T1	12.8	14	GKTFTM,FAYGQT,DLAGSE,RNSKLT,IRVFCR,TFTMEG,NIRVFC,GNIRVF,SKTLMF,IFAYGQ,VCIFAY,KTLMFV,AYGQTG,KTFTME
CBM57	16	DFQ31|DFQ31_004168-T1	12.8	14	AYGQTG,FAYGQT,KTFTME,GKTFTM,IRVFCR,IFAYGQ,RNSKLT,GNIRVF,VCIFAY,TFTMEG,SKTLMF,KTLMFV,NIRVFC,DLAGSE
CBM57	16	DFQ31|DFQ31_013632-T1	10.7	11	SSRSHC,TGTGKT,RNSKLT,DLAGSE,YGQTGT,AYGQTG,QTGTGK,LVDLAG,GQTGTG,FAYGQT,VDLAGS
CBM57	16	DFQ31|DFQ31_000154-T1	8.87	9	QTGTGK,DLAGSE,YGQTGT,LVDLAG,VDLAGS,FAYGQT,TGTGKT,GQTGTG,AYGQTG
CBM57	16	DFQ31|DFQ31_003900-T1	6.76	7	GKTFTM,FAYGQT,DLAGSE,VDLAGS,SLSALG,LVDLAG,AYGQTG
CBM57	16	DFQ31|DFQ31_004204-T1	6.76	7	LAGSER,AYGQTG,VDLAGS,FAYGQT,IFAYGQ,LVDLAG,DLAGSE
CBM57	16	DFQ31|DFQ31_008591-T1	6.76	7	VDLAGS,LAGSER,FAYGQT,DLAGSE,AYGQTG,IFAYGQ,LVDLAG
CBM57	16	DFQ31|DFQ31_009269-T1	6.0	6	DLAGSE,LEVYNE,VDLAGS,LAGSER,LQDSLG,LLQDSL
CBM57	16	DFQ31|DFQ31_013576-T1	6.0	6	LQDSLG,DLAGSE,LAGSER,LLQDSL,VDLAGS,LEVYNE
CBM57	16	DFQ31|DFQ31_000417-T1	5.76	6	DLAGSE,LVDLAG,GKTFTM,VDLAGS,FAYGQT,AYGQTG
CBM57	16	DFQ31|DFQ31_012340-T1	5.76	6	GKTFTM,FAYGQT,DLAGSE,LVDLAG,VDLAGS,AYGQTG
CBM6	15	DFQ31|DFQ31_011356-T1	4.6	8	SGEIDI,EIDIME,NVAVGG,ASGEID,WPAIWM,WPASGE,GEIDIM,PASGEI
CBM6	15	DFQ31|DFQ31_002930-T1	4.11	8	NLAVGG,EIDIME,GWPASG,WPASGE,ASGEID,GEIDIM,PASGEI,SGEIDI
CBM73	8	DFQ31|DFQ31_007299-T1	5.94	6	DSGGPI,CQGDSG,SCQGDS,GDSGGP,QGDSGG,DSCQGD
CBM73	8	DFQ31|DFQ31_009644-T1	5.94	6	CQGDSG,GDSGGP,QGDSGG,DSGGPI,DSCQGD,SCQGDS
CBM73	8	DFQ31|DFQ31_013666-T1	5.94	6	GDSGGP,SCQGDS,QGDSGG,DSCQGD,DSGGPI,CQGDSG
