Gene ID	CAZy ID	% Identical	Length	Mismatches	Gap Open	Gene Start	Gene End	CAZy Start	CAZy End	E Value	Bit Score
EC985|EC985_000068-T1	CCA15473.1|GH72|	54.8	389	171	5	272	656	565	952	1.57e-133	420
EC985|EC985_000109-T1	CAP81259.1|GT24|	34.1	1515	865	38	9	1463	15	1456	2.99e-267	813
EC985|EC985_000184-T1	EAA65303.1|GT0|	45.5	866	448	11	30	884	727	1579	1.26e-238	719
EC985|EC985_000280-T1	QKX56076.1|GH51|	42.2	450	247	6	78	516	901	1348	2.35e-107	358
EC985|EC985_000339-T1	QHG77622.1|CBM50|	78.8	222	46	1	41	261	56	277	3.85e-125	366
EC985|EC985_000408-T1	CDS13455.1|GH63|	34.8	840	407	24	38	816	44	803	2.31e-147	458
EC985|EC985_000410-T1	CUI24525.1|GH19|	62.7	311	110	2	42	346	18	328	9.14e-121	384
EC985|EC985_000448-T1	VUW72999.1|AA1|	45.4	447	225	8	338	772	182	621	3.31e-107	360
EC985|EC985_000545-T1	QKD55908.1|GH18|	32.1	847	480	23	306	1110	1393	2186	4.64e-104	367
EC985|EC985_000617-T1	ADV22218.1|GT3|	67.3	695	203	8	8	688	3	687	0.0	956
EC985|EC985_000624-T1	QKX60254.1|GH76|	49.1	766	362	11	231	980	25	778	4.00e-233	699
EC985|EC985_000641-T1	CCD47155.1|GT35|	57.1	839	355	5	35	872	41	875	0.0	985
EC985|EC985_000731-T1	CDS02746.1|GT4|	62.6	425	157	1	8	432	2	424	1.09e-194	551
EC985|EC985_000783-T1	QBQ55251.1|CBM50|	34.1	998	541	19	7	998	24	910	1.51e-144	464
EC985|EC985_000907-T1	QBZ54211.1|GH47|	49.7	841	361	13	7	802	631	1454	1.03e-222	672
EC985|EC985_000974-T1	CED83340.1|GT31|	39.9	786	428	18	389	1139	1142	1918	2.81e-162	534
EC985|EC985_000982-T1	QDH20989.1|GH13_5|	45.5	484	257	5	34	515	2	480	1.88e-149	442
EC985|EC985_000989-T1	CDS03806.1|GT48|	52.9	1733	769	18	98	1808	189	1895	0.0	1784
EC985|EC985_000991-T1	AYB47554.1|GH13_5|	57.8	474	198	2	1	472	7	480	1.00e-208	590
EC985|EC985_001038-T1	QKX53119.1|GH72|	47.5	478	235	6	13	477	8	482	8.25e-135	434
EC985|EC985_001109-T1	APU66165.1|GH18|	69.5	282	84	2	29	310	1	280	8.81e-144	417
EC985|EC985_001142-T1	CDS04796.1|CE9|	53.7	432	170	5	11	413	2	432	2.03e-159	460
EC985|EC985_001183-T1	CDS05465.1|GH47|	51.9	495	226	2	11	493	1	495	4.36e-178	524
EC985|EC985_001288-T1	CDS10110.1|GT15|	50.8	321	148	4	62	376	43	359	1.00e-116	349
EC985|EC985_001290-T1	CDS10110.1|GT15|	52.7	294	135	3	79	371	67	357	6.72e-114	342
EC985|EC985_001293-T1	CDS10110.1|GT15|	51.3	298	142	2	56	352	67	362	1.16e-113	340
EC985|EC985_001295-T1	CDS11103.1|GT66|	61.9	737	245	4	4	717	4	727	0.0	928
EC985|EC985_001355-T1	QCD96124.1|GH20|	40.5	550	292	12	21	544	35	575	2.91e-138	417
EC985|EC985_001366-T1	BAA19857.1|GT2|2.4.1.16	56.5	772	315	7	67	830	83	841	9.72e-290	824
EC985|EC985_001371-T1	AAQ72769.1|GH16_2|	46.8	487	240	8	9	491	204	675	4.19e-135	410
EC985|EC985_001584-T1	CDS10611.1|GT21|	42.4	401	208	8	19	401	11	406	8.27e-105	323
EC985|EC985_001601-T1	CDS05327.1|GT2|	44.3	1767	858	38	21	1716	25	1736	0.0	1342
EC985|EC985_001641-T1	SMQ49199.1|AA3|	36.7	622	331	15	55	636	37	635	2.54e-109	347
EC985|EC985_001729-T1	CDS06114.1|GT2|	49.4	565	257	10	1	556	1351	1895	1.37e-157	498
EC985|EC985_001750-T1	CDS08031.1|GT2|	44.2	1704	849	29	24	1655	13	1687	0.0	1340
EC985|EC985_001825-T1	SGZ55214.1|GT57|	41.2	500	239	9	37	496	62	546	8.16e-113	349
EC985|EC985_001859-T1	QBQ55251.1|CBM50|	31.4	916	536	19	50	944	30	874	1.38e-106	362
EC985|EC985_001967-T1	EAA31326.1|GH71|	44.3	583	306	8	109	680	648	1222	1.56e-148	467
EC985|EC985_001969-T1	ATZ47545.1|GH5_12|	36.9	734	370	21	16	688	5	706	2.19e-137	428
EC985|EC985_002187-T1	CDS12794.1|GT39|	38.0	943	321	4	71	1012	74	753	3.60e-207	616
EC985|EC985_002268-T1	CDS08390.1|GH31|	45.9	954	477	11	12	945	11	945	7.33e-313	891
EC985|EC985_002285-T1	AWP09643.1|CBM13|GT27|	50.0	392	182	5	14	395	574	961	2.25e-119	378
EC985|EC985_002353-T1	CDS08031.1|GT2|	44.9	1705	832	28	25	1649	11	1687	0.0	1384
EC985|EC985_002438-T1	QBQ55251.1|CBM50|	36.6	845	452	16	18	851	21	792	7.78e-146	467
EC985|EC985_002479-T1	QEO24085.1|GH47|	48.8	361	177	3	4	360	839	1195	1.33e-103	335
EC985|EC985_002747-T1	EGX49587.1|GT2|	45.8	1076	509	17	28	1057	103	1150	1.73e-303	887
EC985|EC985_002827-T1	CDS05274.1|GT2|	52.2	913	388	15	2	885	75	968	8.08e-303	876
EC985|EC985_002947-T1	CBX98352.1|GT48|	51.4	1779	744	23	177	1918	186	1880	0.0	1714
EC985|EC985_002966-T1	CDS03631.1|GT57|	51.3	489	209	11	138	616	5	474	2.22e-142	427
EC985|EC985_003120-T1	BBN14963.1|CBM20|	49.6	403	192	7	11	406	397	795	5.75e-123	380
EC985|EC985_003132-T1	QGI79035.1|GH43_30|	73.6	386	101	1	3	387	459	844	1.35e-194	590
EC985|EC985_003139-T1	QHO50257.1|GH47|	44.4	448	233	8	25	464	123	562	1.84e-117	361
EC985|EC985_003141-T1	CDS08047.1|GT15|	55.6	331	142	1	32	357	51	381	1.37e-138	403
EC985|EC985_003145-T1	APF18717.1|GH3|	40.8	737	408	11	35	758	26	747	1.02e-184	550
EC985|EC985_003214-T1	QBS45783.1|GH31|	41.9	697	390	10	54	748	47	730	1.39e-194	574
EC985|EC985_003217-T1	AZQ75404.1|GH31|	49.7	588	279	9	104	686	95	670	7.23e-199	584
EC985|EC985_003224-T1	AHX26715.1|GT2|	34.3	794	427	23	70	796	35	800	6.69e-109	395
EC985|EC985_003403-T1	CDS11918.1|CBM43|GH72|	44.2	480	247	11	2	469	5	475	3.94e-132	397
EC985|EC985_003409-T1	CDS11918.1|CBM43|GH72|	43.5	483	253	12	10	481	12	485	3.27e-129	389
EC985|EC985_003426-T1	AVM55139.1|GH65|	39.8	693	376	16	21	702	696	1358	1.44e-146	466
EC985|EC985_003443-T1	QKX55086.1|GH55|	48.7	599	268	7	221	782	787	1383	2.03e-185	573
EC985|EC985_003754-T1	AXG41146.1|GH6|	38.5	735	428	8	142	867	162	881	1.49e-150	471
EC985|EC985_003787-T1	VDD19117.1|GT95|	81.6	299	53	2	3	300	78	375	3.06e-163	474
EC985|EC985_003790-T1	QKX53460.1|AA4|	51.4	403	192	4	18	417	636	1037	4.78e-133	412
EC985|EC985_003794-T1	AAW42704.1|GT1|	36.6	1126	602	26	121	1180	385	1464	4.39e-211	659
EC985|EC985_003866-T1	QKX56076.1|GH51|	52.7	716	325	8	153	868	894	1595	1.66e-234	708
EC985|EC985_004081-T1	QGI86474.1|GH125|	46.6	468	191	8	81	503	37	490	1.27e-127	400
EC985|EC985_004105-T1	AWO98658.1|GH37|	68.9	402	124	1	19	419	69	470	4.28e-192	571
EC985|EC985_004126-T1	CDS04937.1|GH18|	28.1	3223	1954	70	98	3133	82	3127	0.0	1129
EC985|EC985_004209-T1	CDS11918.1|CBM43|GH72|	48.7	448	214	7	17	450	18	463	8.19e-146	430
EC985|EC985_004211-T1	CDS07484.1|CBM43|GH72|	48.7	468	208	11	16	458	17	477	1.25e-142	426
EC985|EC985_004221-T1	CDS11918.1|CBM43|GH72|	53.7	315	138	3	17	323	18	332	1.22e-114	346
EC985|EC985_004255-T1	QBQ55243.1|CBM50|	34.4	979	533	26	13	975	4	889	2.61e-146	468
EC985|EC985_004322-T1	CDS05640.1|GH20|	41.9	670	337	9	54	709	27	658	5.37e-168	509
EC985|EC985_004426-T1	QKX56076.1|GH51|	52.8	716	324	8	149	864	894	1595	9.50e-236	711
EC985|EC985_004527-T1	AAX19736.1|GH37|	63.9	710	239	4	26	735	7	699	0.0	941
EC985|EC985_004534-T1	VUW72999.1|AA1|	53.2	613	250	7	145	726	25	631	1.92e-196	595
EC985|EC985_004672-T1	ADK37844.1|GH16_4|	64.0	322	114	2	55	375	1	321	4.81e-165	469
EC985|EC985_004701-T1	ADK37844.1|GH16_4|	59.2	331	126	6	54	383	1	323	4.20e-146	421
EC985|EC985_004709-T1	EGX49587.1|GT2|	53.7	998	400	18	141	1115	192	1150	0.0	994
EC985|EC985_004739-T1	CDS02746.1|GT4|	60.5	430	149	2	8	423	2	424	1.34e-183	523
EC985|EC985_004766-T1	VUW72999.1|AA1|	53.0	613	251	7	145	726	25	631	1.36e-196	595
EC985|EC985_004907-T1	AVM55139.1|GH65|	39.8	693	376	16	21	702	696	1358	3.36e-144	459
EC985|EC985_004961-T1	APF18717.1|GH3|	41.4	736	405	11	35	758	26	747	1.42e-190	565
EC985|EC985_004963-T1	BAA34296.1|GT4|	46.6	455	229	8	1	450	1	446	4.26e-128	383
EC985|EC985_005037-T1	CDS12794.1|GT39|	37.7	951	320	4	71	1020	74	753	1.82e-206	615
EC985|EC985_005049-T1	CCA15473.1|GH72|	46.1	425	210	5	6	416	532	951	1.34e-116	367
EC985|EC985_005096-T1	SVE85332.1|GH9|	46.9	918	460	9	6	907	418	1324	7.78e-109	370
EC985|EC985_005112-T1	AVM55139.1|GH65|	39.3	713	371	18	21	721	696	1358	8.57e-153	483
EC985|EC985_005119-T1	CAN97272.1|GH81|	37.6	660	380	14	53	696	74	717	3.76e-135	419
EC985|EC985_005130-T1	AXG41146.1|GH6|	36.7	735	441	8	142	867	162	881	7.53e-151	471
EC985|EC985_005139-T1	CDS11918.1|CBM43|GH72|	45.1	483	251	9	13	488	14	489	6.43e-138	412
EC985|EC985_005226-T1	CDS11918.1|CBM43|GH72|	45.5	479	247	9	17	488	18	489	3.64e-137	410
EC985|EC985_005329-T1	CDS05274.1|GT2|	54.4	914	366	15	2	884	75	968	7.54e-317	912
EC985|EC985_005498-T1	CDS03806.1|GT48|	51.7	1789	789	21	133	1911	177	1900	0.0	1785
EC985|EC985_005560-T1	EAA61171.1|AA3|	36.3	630	332	17	44	616	25	642	4.66e-108	345
EC985|EC985_005594-T1	CAC9909034.1|GT8|	66.2	370	124	1	20	389	347	715	4.74e-171	499
EC985|EC985_005609-T1	QDS71450.1|GH47|	61.9	318	112	3	8	322	1044	1355	2.08e-132	415
EC985|EC985_005636-T1	AWP04987.1|GT13|	37.8	897	490	18	41	927	80	918	4.53e-183	579
EC985|EC985_005687-T1	AHX26715.1|GT2|	33.5	767	443	16	77	791	35	786	9.39e-112	399
EC985|EC985_005765-T1	ALU92952.1|CBM51|GH31|	47.4	761	365	15	2	739	6	754	2.40e-236	691
EC985|EC985_005854-T1	QDS71450.1|GH47|	52.4	317	143	2	5	320	1044	1353	1.58e-108	350
EC985|EC985_005945-T1	ADK37844.1|GH16_4|	65.2	322	110	2	55	375	1	321	2.92e-166	472
EC985|EC985_005958-T1	QKD53806.1|AA3|	34.7	636	328	15	58	636	44	649	1.17e-108	346
EC985|EC985_006001-T1	CDS05640.1|GH20|	42.8	668	332	8	54	707	27	658	4.31e-176	530
EC985|EC985_006039-T1	CDS03806.1|GT48|	52.7	1733	771	18	98	1808	189	1895	0.0	1779
EC985|EC985_006041-T1	QAV16303.1|GH13_5|	56.6	477	205	2	3	477	4	480	4.68e-210	593
EC985|EC985_006114-T1	CDS06367.1|GH38|	50.1	335	164	2	7	340	26	358	4.21e-114	360
EC985|EC985_006141-T1	CED83340.1|GT31|	32.5	996	523	22	250	1111	959	1939	2.72e-135	457
EC985|EC985_006159-T1	AIT18233.1|GT4|	44.9	494	244	9	10	497	11	482	4.27e-136	406
EC985|EC985_006214-T1	CDS05746.1|GH5_9|	48.0	429	210	8	101	521	4	427	3.10e-157	459
EC985|EC985_006215-T1	CDS05746.1|GH5_9|	52.3	426	190	7	81	498	5	425	5.87e-170	491
EC985|EC985_006219-T1	QBQ55243.1|CBM50|	34.1	979	536	24	13	975	4	889	1.87e-146	468
EC985|EC985_006285-T1	QBQ55251.1|CBM50|	34.1	897	546	13	8	879	25	901	2.93e-150	475
EC985|EC985_006390-T1	CDS05746.1|GH5_9|	50.8	427	199	6	83	502	3	425	2.06e-167	484
EC985|EC985_006391-T1	CDS05746.1|GH5_9|	51.1	427	198	6	92	511	3	425	1.47e-166	483
EC985|EC985_006495-T1	AMJ52391.1|GH47|	42.2	476	241	8	59	503	92	564	2.44e-116	358
EC985|EC985_006611-T1	CDS05700.1|GT33|	45.2	447	224	12	6	443	53	487	7.29e-117	355
EC985|EC985_006679-T1	VWO94258.1|CBM1|GH5_5|	45.2	683	273	16	44	661	400	1046	4.29e-172	523
EC985|EC985_006700-T1	AIE96983.1|GT7|	36.0	705	342	12	54	704	543	1192	9.87e-128	422
EC985|EC985_006824-T1	ADK37846.1|GH18|	73.5	294	76	1	32	325	1	292	1.51e-158	457
EC985|EC985_006872-T1	SAM82228.1|GT2|	53.2	849	376	12	665	1505	62	897	7.15e-299	890
EC985|EC985_006891-T1	ADK37844.1|GH16_4|	59.5	331	125	6	54	383	1	323	8.96e-148	425
EC985|EC985_006900-T1	APF18717.1|GH3|	41.2	736	407	10	35	758	26	747	8.04e-187	555
EC985|EC985_007245-T1	CDS11918.1|CBM43|GH72|	48.2	463	219	8	17	465	18	473	1.22e-143	429
EC985|EC985_007272-T1	AVM55139.1|GH65|	40.3	695	370	18	51	732	696	1358	5.45e-156	492
EC985|EC985_007297-T1	CDS03326.1|GH47|	50.6	474	217	8	34	498	133	598	9.62e-157	463
EC985|EC985_007366-T1	QCW79542.1|GH101|	55.4	457	196	2	97	545	612	1068	1.01e-169	513
EC985|EC985_007437-T1	QKD53806.1|AA3|	34.6	633	339	17	43	615	35	652	2.09e-103	333
EC985|EC985_007461-T1	ANB11391.1|GT48|	53.7	1278	486	17	192	1427	219	1432	0.0	1305
EC985|EC985_007631-T1	EAA62683.1|GT20|2.4.1.15	65.2	474	162	1	1	471	1	474	1.08e-239	669
EC985|EC985_007827-T1	EAA62683.1|GT20|2.4.1.15	65.2	474	162	1	1	471	1	474	5.35e-240	670
EC985|EC985_007883-T1	CAB1329647.1|GT2|	72.2	212	59	0	1	212	39	250	2.31e-112	325
EC985|EC985_007953-T1	QKX53450.1|GH81|	56.0	384	137	4	36	390	968	1348	3.30e-117	375
EC985|EC985_008265-T1	VDC69778.1|CE8|	43.6	615	336	7	130	740	658	1265	2.62e-161	504
EC985|EC985_008332-T1	QEO24085.1|GH47|	50.1	371	176	4	29	394	838	1204	1.28e-119	379
EC985|EC985_008400-T1	CED83340.1|GT31|	32.6	996	522	22	95	956	959	1939	7.63e-136	454
EC985|EC985_008414-T1	CDS12794.1|GT39|	46.3	711	368	4	66	775	54	751	5.22e-223	649
EC985|EC985_008424-T1	AIT83212.1|GT4|	67.2	302	97	1	35	336	15	314	8.90e-137	411
EC985|EC985_008477-T1	QEO24085.1|GH47|	49.7	372	178	4	28	394	837	1204	1.79e-119	379
EC985|EC985_008501-T1	CDS09314.1|GT39|	49.9	713	343	4	13	720	85	788	1.85e-241	697
EC985|EC985_008521-T1	BAA01021.1|CBM19|GH18|3.2.1.14	48.8	432	187	9	9	434	11	414	6.54e-115	352
EC985|EC985_008658-T1	QKD58853.1|GH18|	57.6	434	173	6	2	425	394	826	2.64e-151	459
EC985|EC985_008706-T1	QBQ55251.1|CBM50|	31.6	916	535	20	50	944	30	874	5.21e-107	363
EC985|EC985_008737-T1	EAA61171.1|AA3|	36.7	633	338	18	44	622	25	648	3.65e-111	353
EC985|EC985_008818-T1	AIT18233.1|GT4|	45.6	489	243	8	10	492	11	482	2.78e-138	411
EC985|EC985_008831-T1	QKX55195.1|GT2|	47.9	1037	454	19	92	1059	414	1433	1.45e-302	894
EC985|EC985_008849-T1	QKD53806.1|AA3|	35.6	634	341	14	44	621	35	657	4.66e-112	355
EC985|EC985_009014-T1	QKD62991.1|GH12|	35.6	562	354	3	240	801	1094	1647	2.82e-104	358
EC985|EC985_009066-T1	CDS09089.1|GT41|	50.6	1255	482	24	331	1491	291	1501	0.0	1063
EC985|EC985_009104-T1	CDS05700.1|GT33|	44.3	447	228	12	6	443	53	487	6.56e-115	350
EC985|EC985_009115-T1	QKX60855.1|GT22|	69.5	292	86	1	33	324	568	856	5.09e-133	404
EC985|EC985_009234-T1	CBX99002.1|GH18|	55.9	299	108	5	1	275	1	299	8.89e-105	326
EC985|EC985_009258-T1	QKX55086.1|GH55|	48.9	599	267	7	221	782	787	1383	2.67e-186	575
EC985|EC985_009264-T1	ACZ81482.1|GT39|	46.0	744	335	9	64	777	58	764	8.78e-222	647
EC985|EC985_009278-T1	BBN14963.1|CBM20|	49.4	403	193	7	11	406	397	795	8.10e-123	379
EC985|EC985_009338-T1	ACZ81482.1|GT39|	47.3	744	347	9	64	799	58	764	1.01e-231	674
EC985|EC985_009360-T1	CDS07286.1|GT50|	44.7	456	209	5	11	430	13	461	5.01e-114	348
EC985|EC985_009435-T1	CDS09089.1|GT41|	51.0	1240	471	23	387	1532	291	1487	0.0	1063
EC985|EC985_009439-T1	CDS03326.1|GH47|	50.7	477	215	9	45	512	133	598	3.16e-156	462
EC985|EC985_009494-T1	CDS03631.1|GT57|	51.9	482	212	8	4	476	4	474	3.46e-148	436
EC985|EC985_009565-T1	QGI79035.1|GH43_30|	73.6	386	101	1	3	387	459	844	1.35e-194	590
EC985|EC985_009567-T1	CDS05746.1|GH5_9|	47.9	432	215	5	94	518	4	432	3.95e-148	436
EC985|EC985_009590-T1	AIT83212.1|GT4|	66.9	302	98	1	7	308	15	314	2.45e-136	409
EC985|EC985_009807-T1	CDS03806.1|GT48|	51.7	1789	789	21	133	1911	177	1900	0.0	1785
EC985|EC985_009810-T1	CDS06898.1|GH18|	42.4	394	212	7	53	436	24	412	4.11e-104	326
EC985|EC985_009861-T1	AWP04987.1|GT13|	53.7	428	194	3	72	498	75	499	1.07e-153	479
EC985|EC985_010039-T1	QDH20989.1|GH13_5|	43.5	504	258	5	41	542	2	480	1.11e-144	431
EC985|EC985_010051-T1	VWO94258.1|CBM1|GH5_5|	46.8	664	287	16	44	658	400	1046	1.26e-173	527
EC985|EC985_010067-T1	QCE13289.1|CE8|	54.4	408	159	5	5	389	408	811	3.45e-135	425
EC985|EC985_010078-T1	CDS07286.1|GT50|	45.6	452	211	7	11	430	13	461	2.51e-114	348
EC985|EC985_010233-T1	QCE13289.1|CE8|	54.4	408	159	5	5	389	408	811	4.69e-136	427
EC985|EC985_010459-T1	QBQ55243.1|CBM50|	32.2	816	464	19	84	878	10	757	1.43e-107	367
EC985|EC985_010462-T1	AWP12516.1|GT29|	40.8	635	342	12	49	678	470	1075	3.50e-136	443
EC985|EC985_010738-T1	CDS08031.1|GT2|	38.5	715	400	12	27	714	13	714	2.17e-148	478
EC985|EC985_010849-T1	CAN97272.1|GH81|	38.8	637	360	13	76	696	95	717	2.22e-133	414
EC985|EC985_010903-T1	CDS07813.1|GH37|	42.3	601	288	11	35	632	33	577	2.15e-163	484
EC985|EC985_010906-T1	CDS08047.1|GT15|	55.3	331	143	1	32	357	51	381	1.95e-138	403
EC985|EC985_010908-T1	QHO50257.1|GH47|	44.2	448	234	8	25	464	123	562	5.19e-117	360
EC985|EC985_011074-T1	QGI58483.1|AA2|	61.1	321	118	6	27	345	26	341	1.28e-127	374
EC985|EC985_011076-T1	CAC9909034.1|GT8|	66.2	370	124	1	20	389	347	715	4.74e-171	499
EC985|EC985_011161-T1	CCA77894.1|GH13_25|GH133|	45.1	1547	783	19	47	1549	70	1593	0.0	1353
EC985|EC985_011263-T1	CDS05746.1|GH5_9|	51.6	430	197	6	92	514	3	428	2.76e-169	489
EC985|EC985_011264-T1	CDS05746.1|GH5_9|	51.3	427	197	6	83	502	3	425	8.91e-169	488
EC985|EC985_011291-T1	CDS05746.1|GH5_9|	44.5	393	201	7	101	485	4	387	1.42e-126	379
EC985|EC985_011292-T1	CDS05746.1|GH5_9|	52.0	425	193	6	81	498	5	425	2.73e-168	486
EC985|EC985_011382-T1	CDS07813.1|GH37|	41.2	636	304	13	8	634	3	577	1.33e-159	475
EC985|EC985_011936-T1	CCA72950.1|GT2|	39.8	462	269	4	25	477	7	468	1.34e-103	344
EC985|EC985_012047-T1	SAM82228.1|GT2|	53.8	849	371	11	678	1518	62	897	4.60e-304	904
EC985|EC985_012091-T1	CDS12794.1|GT39|	45.6	654	330	6	50	697	41	674	3.81e-197	579
EC985|EC985_012156-T1	AIT18867.1|CBM18|CBM50|GH18|	32.8	720	379	24	159	799	173	866	2.06e-108	362
EC985|EC985_012228-T1	AVI60826.1|GT22|	63.3	431	134	8	10	429	583	1000	2.25e-162	510
EC985|EC985_012267-T1	BAA01021.1|CBM19|GH18|3.2.1.14	48.8	412	193	8	13	418	15	414	4.77e-116	354
EC985|EC985_012298-T1	CDS05746.1|GH5_9|	48.2	425	210	5	94	511	4	425	2.07e-145	429
EC985|EC985_012491-T1	ADK37846.1|GH18|	55.8	294	128	1	27	320	1	292	4.22e-111	355
EC985|EC985_012521-T1	SMR54147.1|GT2|	49.5	816	371	15	143	933	140	939	5.75e-249	735
EC985|EC985_012571-T1	AWK40335.1|GH6|	38.5	703	409	10	78	766	180	873	1.67e-146	456
EC985|EC985_012670-T1	AWK40335.1|GH6|	38.8	703	407	10	78	766	180	873	4.27e-147	457
EC985|EC985_012681-T1	CDS09314.1|GT39|	49.6	713	345	4	15	722	85	788	2.57e-239	692
EC985|EC985_012701-T1	EAA31326.1|GH71|	44.3	583	306	9	109	680	648	1222	1.12e-148	468
EC985|EC985_012703-T1	ATZ47545.1|GH5_12|	36.2	621	308	17	1	563	116	706	1.64e-108	348
EC985|EC985_012728-T1	QCW79542.1|GH101|	55.4	442	189	2	97	530	612	1053	1.84e-164	499
EC985|EC985_012898-T1	SMR56934.1|GT22|	54.6	531	226	7	9	526	608	1136	4.52e-189	568
EC985|EC985_013033-T1	SMR56934.1|GT22|	54.0	531	229	7	9	526	608	1136	3.54e-188	566
EC985|EC985_013128-T1	CDZ98664.1|CBM48|GH13_8|	67.5	530	151	3	1	512	165	691	9.07e-271	757
EC985|EC985_013187-T1	QKD62991.1|GH12|	36.6	590	361	5	326	914	1084	1661	7.73e-104	359
EC985|EC985_013687-T1	CDS08031.1|GT2|	39.3	1206	627	23	3	1131	181	1358	5.96e-258	785
EC985|EC985_013877-T1	AIE96983.1|GT7|	32.0	966	500	26	1	919	90	945	6.91e-130	436
EC985|EC985_013889-T1	QKX53450.1|GH81|	57.2	362	123	4	36	368	968	1326	4.78e-111	357
EC985|EC985_013988-T1	CDS09097.1|GH15|	68.0	334	107	0	1	334	394	727	6.35e-166	484
EC985|EC985_014026-T1	CDS09097.1|GH15|	67.6	321	104	0	3	323	409	729	1.43e-158	465
EC985|EC985_014130-T1	CAN65674.1|GH28|	37.7	549	302	11	6	543	100	619	1.81e-110	361
EC985|EC985_014245-T1	CDS06367.1|GH38|	43.5	441	234	7	1	434	408	840	3.25e-120	380
EC985|EC985_014247-T1	AJH76892.1|GT20|	50.9	346	167	3	1	344	96	440	5.18e-115	357
EC985|EC985_014265-T1	CDS13004.1|GT20|	59.4	313	125	1	1	313	402	712	3.67e-135	406
EC985|EC985_014281-T1	CBA03971.1|GT30|	70.9	306	88	1	7	311	4	309	2.38e-149	447
EC985|EC985_014504-T1	CAC9909034.1|GT8|	72.4	283	77	1	3	285	416	697	2.26e-135	404
EC985|EC985_014538-T1	CDS06367.1|GH38|	59.9	279	108	2	1	277	346	622	4.22e-119	371
