EV402|EV402_000013-T1      0.336  25  0.446  25  0.771  18  0.462   0.452 Y  0.450      SignalP-TM
EV402|EV402_000215-T1      0.187  33  0.286  14  0.844  10  0.813   0.491 Y  0.450      SignalP-TM
EV402|EV402_000235-T1      0.337  25  0.487  25  0.875  18  0.654   0.552 Y  0.450      SignalP-TM
EV402|EV402_000256-T1      0.444  48  0.587  48  0.876  31  0.663   0.617 Y  0.450      SignalP-TM
EV402|EV402_000284-T1      0.314  20  0.523  20  0.925  18  0.854   0.652 Y  0.450      SignalP-TM
EV402|EV402_000284-T1      0.723  20  0.815  20  0.969  18  0.915   0.862 Y  0.570      SignalP-noTM
EV402|EV402_000299-T1      0.113  37  0.278  15  0.778   5  0.721   0.451 Y  0.450      SignalP-TM
EV402|EV402_000305-T1      0.118  38  0.291  11  0.920   2  0.861   0.513 Y  0.450      SignalP-TM
EV402|EV402_000397-T1      0.343  23  0.442  23  0.736   7  0.607   0.506 Y  0.450      SignalP-TM
EV402|EV402_000504-T1      0.216  26  0.427  26  0.913  16  0.840   0.588 Y  0.450      SignalP-TM
EV402|EV402_000504-T1      0.307  24  0.542  24  0.982  14  0.945   0.732 Y  0.570      SignalP-noTM
EV402|EV402_000519-T1      0.191  27  0.344  27  0.809  13  0.636   0.458 Y  0.450      SignalP-TM
EV402|EV402_000552-T1      0.135  41  0.335  13  0.964  11  0.862   0.583 Y  0.570      SignalP-noTM
EV402|EV402_000552-T1      0.168  27  0.290  14  0.849  11  0.784   0.483 Y  0.450      SignalP-TM
EV402|EV402_000598-T1      0.327  49  0.478  49  0.851  31  0.678   0.556 Y  0.450      SignalP-TM
EV402|EV402_000700-T1      0.377  25  0.436  25  0.690   6  0.561   0.485 Y  0.450      SignalP-TM
EV402|EV402_000748-T1      0.207  27  0.350  26  0.910   1  0.682   0.479 Y  0.450      SignalP-TM
EV402|EV402_000756-T1      0.224  23  0.414  23  0.917  16  0.761   0.577 Y  0.570      SignalP-noTM
EV402|EV402_000756-T1      0.352  28  0.478  28  0.881  16  0.679   0.556 Y  0.450      SignalP-TM
EV402|EV402_000831-T1      0.358  32  0.458  32  0.792  14  0.538   0.489 Y  0.450      SignalP-TM
EV402|EV402_000849-T1      0.517  22  0.490  22  0.701   4  0.532   0.506 Y  0.450      SignalP-TM
EV402|EV402_000900-T1      0.202  22  0.399  22  0.892  17  0.811   0.593 Y  0.570      SignalP-noTM
EV402|EV402_001006-T1      0.193  17  0.352  17  0.708   9  0.646   0.466 Y  0.450      SignalP-TM
EV402|EV402_001014-T1      0.334  35  0.486  25  0.893  15  0.833   0.621 Y  0.450      SignalP-TM
EV402|EV402_001057-T1      0.358  17  0.449  17  0.758  10  0.545   0.486 Y  0.450      SignalP-TM
EV402|EV402_001080-T1      0.290  36  0.462  36  0.860  28  0.486   0.472 Y  0.450      SignalP-TM
EV402|EV402_001080-T1      0.366  36  0.529  36  0.944  25  0.681   0.601 Y  0.570      SignalP-noTM
EV402|EV402_001083-T1      0.205  18  0.387  18  0.851  17  0.717   0.516 Y  0.450      SignalP-TM
EV402|EV402_001083-T1      0.278  18  0.488  18  0.889  12  0.846   0.656 Y  0.570      SignalP-noTM
EV402|EV402_001135-T1      0.550  24  0.581  24  0.905  20  0.567   0.576 Y  0.450      SignalP-TM
EV402|EV402_001307-T1      0.172  22  0.323  22  0.773   6  0.658   0.454 Y  0.450      SignalP-TM
EV402|EV402_001307-T1      0.494  22  0.596  22  0.839  13  0.759   0.673 Y  0.570      SignalP-noTM
EV402|EV402_001334-T1      0.267  27  0.345  21  0.893  11  0.681   0.476 Y  0.450      SignalP-TM
EV402|EV402_001335-T1      0.212  26  0.412  26  0.870  16  0.779   0.555 Y  0.450      SignalP-TM
EV402|EV402_001335-T1      0.309  24  0.542  24  0.972  14  0.931   0.724 Y  0.570      SignalP-noTM
EV402|EV402_001338-T1      0.238  26  0.424  26  0.893  19  0.800   0.571 Y  0.450      SignalP-TM
EV402|EV402_001338-T1      0.264  24  0.465  24  0.951  17  0.855   0.649 Y  0.570      SignalP-noTM
EV402|EV402_001364-T1      0.517  19  0.599  19  0.814  18  0.633   0.615 Y  0.570      SignalP-noTM
EV402|EV402_001364-T1      0.656  19  0.596  19  0.762  17  0.480   0.551 Y  0.450      SignalP-TM
EV402|EV402_001387-T1      0.303  22  0.414  22  0.786   7  0.620   0.494 Y  0.450      SignalP-TM
EV402|EV402_001395-T1      0.393  32  0.433  32  0.939  11  0.740   0.577 Y  0.570      SignalP-noTM
EV402|EV402_001395-T1      0.453  32  0.554  32  0.889  14  0.762   0.635 Y  0.450      SignalP-TM
EV402|EV402_001405-T1      0.347  21  0.466  21  0.872   1  0.705   0.578 Y  0.570      SignalP-noTM
EV402|EV402_001427-T1      0.249  24  0.404  24  0.781  17  0.617   0.487 Y  0.450      SignalP-TM
EV402|EV402_001523-T1      0.579  27  0.519  27  0.610  26  0.385   0.466 Y  0.450      SignalP-TM
EV402|EV402_001575-T1      0.188  26  0.384  18  0.870  15  0.777   0.537 Y  0.450      SignalP-TM
EV402|EV402_001591-T1      0.293  21  0.459  21  0.853  17  0.727   0.585 Y  0.570      SignalP-noTM
EV402|EV402_001594-T1      0.307  22  0.509  22  0.944  16  0.798   0.621 Y  0.450      SignalP-TM
EV402|EV402_001778-T1      0.232  30  0.349  20  0.764  13  0.663   0.472 Y  0.450      SignalP-TM
EV402|EV402_001837-T1      0.316  39  0.424  39  0.850  10  0.698   0.531 Y  0.450      SignalP-TM
EV402|EV402_001923-T1      0.214  26  0.367  18  0.840   7  0.776   0.526 Y  0.450      SignalP-TM
EV402|EV402_001947-T1      0.196  24  0.385  24  0.881  15  0.762   0.532 Y  0.450      SignalP-TM
EV402|EV402_001947-T1      0.221  19  0.411  19  0.860  13  0.762   0.576 Y  0.570      SignalP-noTM
EV402|EV402_001966-T1      0.251  24  0.405  24  0.766  17  0.599   0.481 Y  0.450      SignalP-TM
EV402|EV402_001994-T1      0.176  18  0.342  18  0.776   6  0.672   0.470 Y  0.450      SignalP-TM
EV402|EV402_001994-T1      0.460  18  0.603  18  0.863  14  0.793   0.693 Y  0.570      SignalP-noTM
EV402|EV402_002021-T1      0.501  48  0.584  48  0.811  42  0.452   0.533 Y  0.450      SignalP-TM
EV402|EV402_002084-T1      0.136  29  0.275  11  0.841   9  0.772   0.469 Y  0.450      SignalP-TM
EV402|EV402_002212-T1      0.272  25  0.412  25  0.760  12  0.642   0.501 Y  0.450      SignalP-TM
EV402|EV402_002221-T1      0.260  38  0.424  20  0.858  11  0.657   0.515 Y  0.450      SignalP-TM
EV402|EV402_002258-T1      0.171  27  0.373  22  0.926  13  0.862   0.554 Y  0.510      SignalP-TM
EV402|EV402_002258-T1      0.269  27  0.476  27  0.966  19  0.871   0.630 Y  0.450      SignalP-TM
EV402|EV402_002276-T1      0.395  32  0.488  32  0.708  17  0.589   0.527 Y  0.450      SignalP-TM
EV402|EV402_002304-T1      0.194  23  0.382  23  0.838  18  0.734   0.519 Y  0.450      SignalP-TM
EV402|EV402_002360-T1      0.501  26  0.576  26  0.763  17  0.657   0.608 Y  0.450      SignalP-TM
EV402|EV402_002402-T1      0.134  22  0.308  22  0.865  10  0.701   0.461 Y  0.450      SignalP-TM
EV402|EV402_002462-T1      0.655  38  0.652  38  0.930  25  0.698   0.670 Y  0.450      SignalP-TM
EV402|EV402_002492-T1      0.272  43  0.341  34  0.861  18  0.650   0.461 Y  0.450      SignalP-TM
EV402|EV402_002567-T1      0.138  25  0.288  22  0.861   1  0.714   0.454 Y  0.450      SignalP-TM
EV402|EV402_002580-T1      0.239  21  0.463  21  0.943  10  0.901   0.669 Y  0.570      SignalP-noTM
EV402|EV402_002580-T1      0.393  54  0.431  31  0.962  16  0.801   0.575 Y  0.450      SignalP-TM
EV402|EV402_002623-T1      0.181  23  0.346  23  0.813  17  0.659   0.468 Y  0.450      SignalP-TM
EV402|EV402_002655-T1      0.314  20  0.521  20  0.922  18  0.846   0.648 Y  0.450      SignalP-TM
EV402|EV402_002655-T1      0.722  20  0.813  20  0.967  18  0.910   0.858 Y  0.570      SignalP-noTM
EV402|EV402_002735-T1      0.164  33  0.328  23  0.858  12  0.683   0.466 Y  0.450      SignalP-TM
EV402|EV402_002747-T1      0.128  24  0.324  19  0.892   9  0.833   0.522 Y  0.450      SignalP-TM
EV402|EV402_002747-T1      0.237  21  0.431  19  0.894   2  0.821   0.614 Y  0.570      SignalP-noTM
EV402|EV402_002750-T1      0.221  27  0.325  27  0.863   8  0.648   0.451 Y  0.450      SignalP-TM
EV402|EV402_002751-T1      0.303  27  0.422  27  0.837  16  0.655   0.513 Y  0.450      SignalP-TM
EV402|EV402_002760-T1      0.314  20  0.457  20  0.804   6  0.680   0.544 Y  0.450      SignalP-TM
EV402|EV402_002765-T1      0.172  22  0.323  22  0.773   6  0.658   0.454 Y  0.450      SignalP-TM
EV402|EV402_002765-T1      0.494  22  0.596  22  0.839  13  0.759   0.673 Y  0.570      SignalP-noTM
EV402|EV402_002779-T1      0.314  23  0.427  23  0.724   6  0.601   0.495 Y  0.450      SignalP-TM
EV402|EV402_002780-T1      0.270  26  0.375  26  0.768  12  0.585   0.457 Y  0.450      SignalP-TM
EV402|EV402_002822-T1      0.186  20  0.408  20  0.974  18  0.897   0.599 Y  0.450      SignalP-TM
EV402|EV402_002822-T1      0.420  20  0.593  20  0.911   1  0.835   0.707 Y  0.570      SignalP-noTM
EV402|EV402_002975-T1      0.149  27  0.276  14  0.831  11  0.725   0.451 Y  0.450      SignalP-TM
EV402|EV402_003071-T1      0.462  24  0.589  24  0.886  22  0.672   0.622 Y  0.450      SignalP-TM
EV402|EV402_003071-T1      0.685  24  0.718  24  0.860  13  0.773   0.744 Y  0.570      SignalP-noTM
EV402|EV402_003116-T1      0.150  21  0.310  21  0.814   2  0.684   0.456 Y  0.450      SignalP-TM
EV402|EV402_003173-T1      0.150  37  0.311  17  0.838   2  0.725   0.473 Y  0.450      SignalP-TM
EV402|EV402_003173-T1      0.180  17  0.378  17  0.899  15  0.798   0.575 Y  0.570      SignalP-noTM
EV402|EV402_003206-T1      0.133  35  0.304  18  0.856   1  0.767   0.485 Y  0.450      SignalP-TM
EV402|EV402_003211-T1      0.185  32  0.393  21  0.949  11  0.890   0.587 Y  0.450      SignalP-TM
EV402|EV402_003395-T1      0.411  24  0.586  24  0.943  12  0.875   0.722 Y  0.570      SignalP-noTM
EV402|EV402_003395-T1      0.423  24  0.604  24  0.921  13  0.832   0.693 Y  0.450      SignalP-TM
EV402|EV402_003399-T1      0.144  21  0.314  21  0.810  18  0.695   0.463 Y  0.450      SignalP-TM
EV402|EV402_003399-T1      0.253  21  0.426  21  0.832  11  0.733   0.571 Y  0.570      SignalP-noTM
EV402|EV402_003454-T1      0.272  26  0.383  26  0.861  10  0.647   0.486 Y  0.450      SignalP-TM
EV402|EV402_003454-T1      0.607  24  0.590  24  0.764   9  0.620   0.601 Y  0.510      SignalP-TM
EV402|EV402_003575-T1      0.493  27  0.567  27  0.806  25  0.592   0.577 Y  0.450      SignalP-TM
EV402|EV402_003576-T1      0.198  30  0.369  30  0.833  21  0.675   0.488 Y  0.450      SignalP-TM
EV402|EV402_003579-T1      0.376  32  0.439  32  0.637  16  0.470   0.451 Y  0.450      SignalP-TM
EV402|EV402_003585-T1      0.349  22  0.440  22  0.708  18  0.546   0.481 Y  0.450      SignalP-TM
EV402|EV402_003585-T1      0.525  22  0.573  22  0.787  18  0.612   0.591 Y  0.570      SignalP-noTM
EV402|EV402_003589-T1      0.167  19  0.351  19  0.856  13  0.725   0.497 Y  0.450      SignalP-TM
EV402|EV402_003638-T1      0.201  20  0.377  20  0.793   6  0.715   0.509 Y  0.450      SignalP-TM
EV402|EV402_003642-T1      0.139  64  0.272  12  0.801   5  0.729   0.450 Y  0.450      SignalP-TM
EV402|EV402_003710-T1      0.118  28  0.285  11  0.892   6  0.836   0.500 Y  0.450      SignalP-TM
EV402|EV402_003766-T1      0.128  22  0.330  22  0.923   2  0.870   0.584 Y  0.570      SignalP-noTM
EV402|EV402_003766-T1      0.163  31  0.334  22  0.933   8  0.851   0.536 Y  0.450      SignalP-TM
EV402|EV402_003788-T1      0.273  25  0.433  25  0.748  21  0.651   0.518 Y  0.450      SignalP-TM
EV402|EV402_003788-T1      0.395  22  0.495  22  0.720  12  0.584   0.528 Y  0.510      SignalP-TM
EV402|EV402_003929-T1      0.132  48  0.313  20  0.858  15  0.738   0.479 Y  0.450      SignalP-TM
EV402|EV402_003936-T1      0.155  27  0.291  17  0.865   7  0.704   0.452 Y  0.450      SignalP-TM
EV402|EV402_003950-T1      0.358  27  0.471  27  0.765  24  0.519   0.490 Y  0.450      SignalP-TM
EV402|EV402_004010-T1      0.130  30  0.293  13  0.922   4  0.865   0.516 Y  0.450      SignalP-TM
EV402|EV402_004074-T1      0.319  22  0.462  22  0.853  18  0.574   0.506 Y  0.450      SignalP-TM
EV402|EV402_004098-T1      0.137  48  0.295  16  0.901  14  0.842   0.508 Y  0.450      SignalP-TM
EV402|EV402_004135-T1      0.425  46  0.484  46  0.857  12  0.581   0.522 Y  0.450      SignalP-TM
EV402|EV402_004135-T1      0.479  25  0.615  25  0.963  12  0.847   0.724 Y  0.570      SignalP-noTM
EV402|EV402_004187-T1      0.259  29  0.463  29  0.953  10  0.869   0.621 Y  0.450      SignalP-TM
EV402|EV402_004187-T1      0.396  28  0.582  28  0.981  13  0.908   0.735 Y  0.570      SignalP-noTM
EV402|EV402_004299-T1      0.224  23  0.414  23  0.917  16  0.761   0.577 Y  0.570      SignalP-noTM
EV402|EV402_004299-T1      0.352  28  0.478  28  0.881  16  0.679   0.556 Y  0.450      SignalP-TM
EV402|EV402_004321-T1      0.176  53  0.289  20  0.908   9  0.753   0.470 Y  0.450      SignalP-TM
EV402|EV402_004333-T1      0.210  52  0.328  20  0.789  11  0.642   0.450 Y  0.450      SignalP-TM
EV402|EV402_004486-T1      0.194  33  0.395  24  0.961  14  0.863   0.578 Y  0.450      SignalP-TM
EV402|EV402_004486-T1      0.201  31  0.428  31  0.997  21  0.935   0.666 Y  0.570      SignalP-noTM
EV402|EV402_004491-T1      0.289  24  0.453  24  0.766  20  0.711   0.554 Y  0.450      SignalP-TM
EV402|EV402_004494-T1      0.135  22  0.321  22  0.878  13  0.659   0.452 Y  0.450      SignalP-TM
EV402|EV402_004494-T1      0.198  24  0.424  24  0.968  17  0.872   0.634 Y  0.570      SignalP-noTM
EV402|EV402_004548-T1      0.191  23  0.343  23  0.861   1  0.629   0.454 Y  0.450      SignalP-TM
EV402|EV402_004581-T1      0.328  30  0.387  30  0.881  11  0.662   0.494 Y  0.450      SignalP-TM
EV402|EV402_004611-T1      0.261  20  0.420  20  0.844  18  0.673   0.519 Y  0.450      SignalP-TM
EV402|EV402_004611-T1      0.364  20  0.483  20  0.827  18  0.676   0.574 Y  0.570      SignalP-noTM
EV402|EV402_004637-T1      0.293  19  0.440  19  0.763  15  0.652   0.523 Y  0.450      SignalP-TM
EV402|EV402_004659-T1      0.150  21  0.312  21  0.813   9  0.676   0.454 Y  0.450      SignalP-TM
EV402|EV402_004675-T1      0.590  31  0.569  31  0.669  30  0.477   0.533 Y  0.450      SignalP-TM
EV402|EV402_004722-T1      0.257  31  0.462  31  0.957  15  0.810   0.626 Y  0.570      SignalP-noTM
EV402|EV402_004756-T1      0.156  22  0.353  22  0.903  16  0.747   0.507 Y  0.450      SignalP-TM
EV402|EV402_004952-T1      0.274  54  0.360  20  0.935  10  0.878   0.603 Y  0.570      SignalP-noTM
EV402|EV402_004952-T1      0.507  54  0.457  54  0.943  16  0.550   0.493 Y  0.450      SignalP-TM
EV402|EV402_005035-T1      0.149  26  0.314  26  0.825  16  0.693   0.462 Y  0.450      SignalP-TM
EV402|EV402_005078-T1      0.369  22  0.567  22  0.904  13  0.821   0.661 Y  0.510      SignalP-TM
EV402|EV402_005078-T1      0.508  32  0.664  32  0.946  18  0.862   0.741 Y  0.450      SignalP-TM
EV402|EV402_005175-T1      0.338  24  0.542  24  0.936  16  0.836   0.657 Y  0.450      SignalP-TM
EV402|EV402_005175-T1      0.445  24  0.606  24  0.948  13  0.866   0.728 Y  0.570      SignalP-noTM
EV402|EV402_005227-T1      0.246  26  0.448  26  0.885  21  0.788   0.581 Y  0.450      SignalP-TM
EV402|EV402_005243-T1      0.345  21  0.469  21  0.773   3  0.668   0.547 Y  0.450      SignalP-TM
EV402|EV402_005243-T1      0.491  21  0.625  21  0.931  19  0.795   0.705 Y  0.570      SignalP-noTM
EV402|EV402_005292-T1      0.158  24  0.345  19  0.933   7  0.862   0.547 Y  0.450      SignalP-TM
EV402|EV402_005292-T1      0.243  19  0.467  19  0.939   1  0.905   0.673 Y  0.570      SignalP-noTM
EV402|EV402_005313-T1      0.240  22  0.431  22  0.903  10  0.760   0.559 Y  0.450      SignalP-TM
EV402|EV402_005431-T1      0.297  30  0.417  30  0.705  11  0.543   0.466 Y  0.450      SignalP-TM
EV402|EV402_005449-T1      0.332  25  0.487  25  0.822   2  0.749   0.589 Y  0.450      SignalP-TM
EV402|EV402_005543-T1      0.148  25  0.329  25  0.927   7  0.793   0.510 Y  0.450      SignalP-TM
EV402|EV402_005543-T1      0.315  23  0.533  23  0.945  14  0.910   0.710 Y  0.570      SignalP-noTM
EV402|EV402_005558-T1      0.247  28  0.390  28  0.748  25  0.592   0.469 Y  0.450      SignalP-TM
EV402|EV402_005630-T1      0.448  21  0.602  21  0.846  11  0.762   0.664 Y  0.450      SignalP-TM
EV402|EV402_005630-T1      0.741  21  0.775  21  0.880   9  0.801   0.785 Y  0.510      SignalP-TM
EV402|EV402_005653-T1      0.233  20  0.449  20  0.925   2  0.876   0.616 Y  0.450      SignalP-TM
EV402|EV402_005653-T1      0.351  20  0.565  20  0.951   8  0.916   0.730 Y  0.570      SignalP-noTM
EV402|EV402_005714-T1      0.140  31  0.286  14  0.836   7  0.791   0.483 Y  0.450      SignalP-TM
EV402|EV402_005722-T1      0.298  23  0.480  23  0.837  13  0.774   0.618 Y  0.570      SignalP-noTM
EV402|EV402_005730-T1      0.583  25  0.566  25  0.757  11  0.613   0.584 Y  0.450      SignalP-TM
EV402|EV402_005761-T1      0.163  22  0.354  22  0.837  16  0.766   0.514 Y  0.450      SignalP-TM
EV402|EV402_005782-T1      0.147  23  0.337  23  0.844   4  0.779   0.509 Y  0.450      SignalP-TM
EV402|EV402_005782-T1      0.278  24  0.492  24  0.930  20  0.879   0.674 Y  0.570      SignalP-noTM
EV402|EV402_005929-T1      0.315  26  0.502  26  0.938  15  0.838   0.633 Y  0.450      SignalP-TM
EV402|EV402_005958-T1      0.225  28  0.349  28  0.787   1  0.618   0.454 Y  0.450      SignalP-TM
EV402|EV402_005971-T1      0.705  34  0.563  34  0.791  20  0.441   0.516 Y  0.450      SignalP-TM
EV402|EV402_006092-T1      0.258  19  0.459  19  0.889  13  0.822   0.600 Y  0.450      SignalP-TM
EV402|EV402_006092-T1      0.658  19  0.620  19  0.722   2  0.611   0.617 Y  0.510      SignalP-TM
EV402|EV402_006172-T1      0.145  25  0.311  20  0.763  18  0.678   0.454 Y  0.450      SignalP-TM
EV402|EV402_006172-T1      0.220  20  0.414  20  0.815  19  0.733   0.532 Y  0.510      SignalP-TM
EV402|EV402_006229-T1      0.365  27  0.497  27  0.928  15  0.728   0.605 Y  0.570      SignalP-noTM
EV402|EV402_006232-T1      0.182  26  0.351  26  0.864  17  0.685   0.481 Y  0.450      SignalP-TM
EV402|EV402_006232-T1      0.307  22  0.457  22  0.878  10  0.739   0.590 Y  0.570      SignalP-noTM
EV402|EV402_006266-T1      0.106  14  0.278  14  0.802   8  0.726   0.453 Y  0.450      SignalP-TM
EV402|EV402_006301-T1      0.233  20  0.449  20  0.925   2  0.876   0.616 Y  0.450      SignalP-TM
EV402|EV402_006301-T1      0.351  20  0.565  20  0.951   8  0.916   0.730 Y  0.570      SignalP-noTM
EV402|EV402_006320-T1      0.445  26  0.523  26  0.842  16  0.657   0.575 Y  0.450      SignalP-TM
EV402|EV402_006393-T1      0.228  25  0.361  19  0.852   2  0.694   0.491 Y  0.450      SignalP-TM
EV402|EV402_006393-T1      0.523  19  0.644  19  0.874   3  0.812   0.723 Y  0.570      SignalP-noTM
EV402|EV402_006404-T1      0.282  30  0.439  19  0.854  12  0.719   0.548 Y  0.450      SignalP-TM
EV402|EV402_006404-T1      0.305  19  0.506  19  0.908  17  0.781   0.635 Y  0.570      SignalP-noTM
EV402|EV402_006405-T1      0.400  54  0.567  21  0.951  14  0.909   0.700 Y  0.450      SignalP-TM
EV402|EV402_006405-T1      0.518  21  0.648  21  0.919  10  0.837   0.737 Y  0.570      SignalP-noTM
EV402|EV402_006408-T1      0.506  48  0.494  48  0.801  10  0.572   0.524 Y  0.450      SignalP-TM
EV402|EV402_006450-T1      0.337  20  0.536  20  0.913  16  0.825   0.649 Y  0.450      SignalP-TM
EV402|EV402_006463-T1      0.281  36  0.455  36  0.852  14  0.758   0.573 Y  0.450      SignalP-TM
EV402|EV402_006535-T1      0.179  27  0.356  27  0.847  15  0.729   0.502 Y  0.450      SignalP-TM
EV402|EV402_006590-T1      0.532  25  0.529  25  0.792   8  0.606   0.559 Y  0.450      SignalP-TM
EV402|EV402_006620-T1      0.231  20  0.409  20  0.836  17  0.692   0.519 Y  0.450      SignalP-TM
EV402|EV402_006684-T1      0.200  61  0.271  15  0.836   5  0.731   0.450 Y  0.450      SignalP-TM
EV402|EV402_006774-T1      0.187  36  0.358  26  0.861  21  0.725   0.501 Y  0.450      SignalP-TM
EV402|EV402_006774-T1      0.437  28  0.447  28  0.836   7  0.625   0.513 Y  0.510      SignalP-TM
EV402|EV402_006813-T1      0.504  26  0.535  26  0.646  23  0.507   0.524 Y  0.450      SignalP-TM
EV402|EV402_006896-T1      0.338  46  0.434  46  0.772  13  0.591   0.496 Y  0.450      SignalP-TM
EV402|EV402_006905-T1      0.156  24  0.320  19  0.763  17  0.670   0.456 Y  0.450      SignalP-TM
EV402|EV402_006905-T1      0.339  19  0.527  19  0.922  18  0.830   0.669 Y  0.570      SignalP-noTM
EV402|EV402_006933-T1      0.244  64  0.354  24  0.850   6  0.792   0.525 Y  0.450      SignalP-TM
EV402|EV402_006933-T1      0.361  26  0.445  26  0.828   6  0.666   0.527 Y  0.510      SignalP-TM
EV402|EV402_006974-T1      0.118  48  0.280  17  0.849   7  0.722   0.453 Y  0.450      SignalP-TM
EV402|EV402_007039-T1      0.140  16  0.311  16  0.815   2  0.704   0.464 Y  0.450      SignalP-TM
EV402|EV402_007052-T1      0.207  40  0.296  24  0.904   7  0.796   0.491 Y  0.450      SignalP-TM
EV402|EV402_007086-T1      0.186  20  0.339  20  0.791   5  0.668   0.467 Y  0.450      SignalP-TM
EV402|EV402_007124-T1      0.164  19  0.322  19  0.806   9  0.659   0.453 Y  0.450      SignalP-TM
EV402|EV402_007125-T1      0.107  34  0.289  16  0.902   7  0.791   0.485 Y  0.450      SignalP-TM
EV402|EV402_007180-T1      0.171  26  0.380  16  0.955  10  0.939   0.643 Y  0.570      SignalP-noTM
EV402|EV402_007180-T1      0.171  28  0.363  26  0.928   9  0.848   0.552 Y  0.450      SignalP-TM
EV402|EV402_007201-T1      0.497  20  0.475  20  0.718  17  0.411   0.450 Y  0.450      SignalP-TM
EV402|EV402_007243-T1      0.200  29  0.356  29  0.814  11  0.687   0.485 Y  0.450      SignalP-TM
EV402|EV402_007303-T1      0.106  21  0.276  12  0.798   5  0.758   0.464 Y  0.450      SignalP-TM
EV402|EV402_007344-T1      0.163  24  0.369  22  0.936  15  0.882   0.610 Y  0.570      SignalP-noTM
EV402|EV402_007344-T1      0.188  29  0.319  29  0.846  17  0.657   0.451 Y  0.450      SignalP-TM
EV402|EV402_007403-T1      0.448  23  0.523  23  0.782  20  0.608   0.556 Y  0.450      SignalP-TM
EV402|EV402_007466-T1      0.184  23  0.371  20  0.928  10  0.831   0.587 Y  0.570      SignalP-noTM
EV402|EV402_007466-T1      0.198  23  0.363  23  0.734   5  0.667   0.482 Y  0.450      SignalP-TM
EV402|EV402_007510-T1      0.120  59  0.293  13  0.903   1  0.851   0.511 Y  0.450      SignalP-TM
EV402|EV402_007513-T1      0.313  26  0.492  26  0.889  23  0.646   0.552 Y  0.450      SignalP-TM
EV402|EV402_007580-T1      0.294  24  0.440  24  0.824   3  0.680   0.534 Y  0.450      SignalP-TM
EV402|EV402_007638-T1      0.213  36  0.367  36  0.949  18  0.767   0.523 Y  0.450      SignalP-TM
EV402|EV402_007690-T1      0.439  27  0.562  27  0.893  10  0.758   0.639 Y  0.450      SignalP-TM
EV402|EV402_007736-T1      0.211  19  0.402  19  0.820  14  0.761   0.542 Y  0.450      SignalP-TM
EV402|EV402_007736-T1      0.576  19  0.536  19  0.614   1  0.516   0.529 Y  0.510      SignalP-TM
EV402|EV402_007744-T1      0.403  23  0.484  23  0.769   7  0.629   0.540 Y  0.450      SignalP-TM
EV402|EV402_007800-T1      0.162  26  0.329  20  0.870   2  0.793   0.510 Y  0.450      SignalP-TM
EV402|EV402_007800-T1      0.200  24  0.400  19  0.943  12  0.910   0.640 Y  0.570      SignalP-noTM
EV402|EV402_007829-T1      0.345  29  0.434  29  0.761  17  0.583   0.492 Y  0.450      SignalP-TM
EV402|EV402_007829-T1      0.385  22  0.533  22  0.828   9  0.760   0.640 Y  0.570      SignalP-noTM
EV402|EV402_007833-T1      0.141  25  0.291  14  0.856   6  0.808   0.493 Y  0.450      SignalP-TM
EV402|EV402_007890-T1      0.294  30  0.415  30  0.870  15  0.709   0.530 Y  0.450      SignalP-TM
EV402|EV402_007890-T1      0.305  19  0.516  19  0.955  10  0.881   0.688 Y  0.570      SignalP-noTM
EV402|EV402_007891-T1      0.249  22  0.383  22  0.741  14  0.556   0.450 Y  0.450      SignalP-TM
EV402|EV402_007956-T1      0.614  42  0.631  42  0.778  30  0.540   0.595 Y  0.450      SignalP-TM
EV402|EV402_007959-T1      0.195  50  0.365  23  0.800  11  0.699   0.495 Y  0.450      SignalP-TM
EV402|EV402_008018-T1      0.138  25  0.290  22  0.827   1  0.717   0.457 Y  0.450      SignalP-TM
EV402|EV402_008027-T1      0.516  36  0.467  36  0.715  17  0.516   0.486 Y  0.450      SignalP-TM
EV402|EV402_008064-T1      0.121  40  0.275  12  0.857   2  0.741   0.457 Y  0.450      SignalP-TM
EV402|EV402_008073-T1      0.117  17  0.293  17  0.798  14  0.712   0.456 Y  0.450      SignalP-TM
EV402|EV402_008077-T1      0.220  34  0.359  26  0.952  16  0.810   0.535 Y  0.450      SignalP-TM
EV402|EV402_008077-T1      0.298  26  0.454  26  0.916  15  0.710   0.574 Y  0.570      SignalP-noTM
EV402|EV402_008083-T1      0.178  39  0.274  13  0.821  17  0.745   0.457 Y  0.450      SignalP-TM
EV402|EV402_008135-T1      0.168  24  0.333  24  0.785   7  0.674   0.466 Y  0.450      SignalP-TM
EV402|EV402_008181-T1      0.248  28  0.362  28  0.861   3  0.624   0.464 Y  0.450      SignalP-TM
EV402|EV402_008215-T1      0.233  52  0.435  52  0.920  50  0.478   0.452 Y  0.450      SignalP-TM
EV402|EV402_008254-T1      0.379  31  0.467  31  0.733  29  0.529   0.491 Y  0.450      SignalP-TM
EV402|EV402_008279-T1      0.184  25  0.351  25  0.839   1  0.723   0.496 Y  0.450      SignalP-TM
EV402|EV402_008279-T1      0.365  19  0.567  19  0.927   1  0.890   0.719 Y  0.570      SignalP-noTM
EV402|EV402_008311-T1      0.128  26  0.292  17  0.903   8  0.838   0.505 Y  0.450      SignalP-TM
EV402|EV402_008315-T1      0.156  26  0.346  26  0.834  20  0.635   0.459 Y  0.450      SignalP-TM
EV402|EV402_008340-T1      0.395  21  0.508  21  0.858  19  0.662   0.580 Y  0.570      SignalP-noTM
EV402|EV402_008396-T1      0.211  19  0.435  19  0.938  15  0.898   0.652 Y  0.570      SignalP-noTM
EV402|EV402_008396-T1      0.338  23  0.549  23  0.925  17  0.864   0.672 Y  0.450      SignalP-TM
EV402|EV402_008434-T1      0.401  49  0.462  49  0.902  28  0.572   0.505 Y  0.450      SignalP-TM
EV402|EV402_008522-T1      0.187  27  0.399  35  0.948  26  0.765   0.542 Y  0.450      SignalP-TM
EV402|EV402_008577-T1      0.131  21  0.314  21  0.850  11  0.703   0.465 Y  0.450      SignalP-TM
EV402|EV402_008591-T1      0.449  25  0.453  25  0.840   8  0.598   0.510 Y  0.450      SignalP-TM
EV402|EV402_008633-T1      0.175  49  0.322  24  0.908   4  0.751   0.490 Y  0.450      SignalP-TM
EV402|EV402_008645-T1      0.197  27  0.366  27  0.810  20  0.667   0.483 Y  0.450      SignalP-TM
EV402|EV402_008695-T1      0.183  29  0.345  29  0.825  13  0.717   0.490 Y  0.450      SignalP-TM
EV402|EV402_008695-T1      0.295  19  0.487  19  0.908  13  0.813   0.640 Y  0.570      SignalP-noTM
EV402|EV402_008699-T1      0.197  31  0.307  21  0.889  16  0.770   0.488 Y  0.450      SignalP-TM
EV402|EV402_008707-T1      0.188  42  0.326  26  0.918   6  0.829   0.522 Y  0.450      SignalP-TM
EV402|EV402_008730-T1      0.279  40  0.453  40  0.886  18  0.781   0.581 Y  0.450      SignalP-TM
EV402|EV402_008872-T1      0.174  29  0.293  13  0.829  11  0.744   0.468 Y  0.450      SignalP-TM
EV402|EV402_008973-T1      0.155  23  0.331  23  0.913  15  0.690   0.471 Y  0.450      SignalP-TM
EV402|EV402_008975-T1      0.212  41  0.361  25  0.930  13  0.861   0.556 Y  0.450      SignalP-TM
EV402|EV402_009024-T1      0.142  61  0.322  19  0.887   9  0.826   0.519 Y  0.450      SignalP-TM
EV402|EV402_009024-T1      0.236  21  0.429  19  0.889   2  0.817   0.611 Y  0.570      SignalP-noTM
EV402|EV402_009253-T1      0.186  24  0.373  23  0.875   6  0.796   0.572 Y  0.570      SignalP-noTM
EV402|EV402_009253-T1      0.321  24  0.499  24  0.898  10  0.809   0.620 Y  0.450      SignalP-TM
EV402|EV402_009282-T1      0.263  20  0.445  20  0.897  19  0.735   0.581 Y  0.570      SignalP-noTM
EV402|EV402_009385-T1      0.210  22  0.407  22  0.877  17  0.796   0.551 Y  0.510      SignalP-TM
EV402|EV402_009385-T1      0.246  42  0.446  19  0.944  17  0.844   0.601 Y  0.450      SignalP-TM
EV402|EV402_009393-T1      0.198  24  0.404  24  0.915  16  0.783   0.552 Y  0.450      SignalP-TM
EV402|EV402_009450-T1      0.239  27  0.414  21  0.970  13  0.876   0.631 Y  0.570      SignalP-noTM
EV402|EV402_009450-T1      0.373  27  0.580  27  0.971  15  0.886   0.699 Y  0.450      SignalP-TM
EV402|EV402_009492-T1      0.491  23  0.584  21  0.804  14  0.713   0.644 Y  0.570      SignalP-noTM
EV402|EV402_009492-T1      0.644  23  0.687  23  0.849  19  0.679   0.684 Y  0.450      SignalP-TM
EV402|EV402_009521-T1      0.276  23  0.408  23  0.805  14  0.622   0.491 Y  0.450      SignalP-TM
EV402|EV402_009596-T1      0.235  20  0.435  20  0.852   1  0.801   0.578 Y  0.450      SignalP-TM
EV402|EV402_009715-T1      0.359  33  0.477  33  0.835  22  0.620   0.533 Y  0.450      SignalP-TM
EV402|EV402_009730-T1      0.530  25  0.571  25  0.850  19  0.524   0.553 Y  0.450      SignalP-TM
EV402|EV402_009746-T1      0.175  26  0.353  26  0.860   8  0.732   0.501 Y  0.450      SignalP-TM
EV402|EV402_009746-T1      0.264  18  0.433  18  0.850   1  0.739   0.577 Y  0.570      SignalP-noTM
EV402|EV402_009754-T1      0.351  37  0.417  37  0.703  11  0.505   0.451 Y  0.450      SignalP-TM
EV402|EV402_009844-T1      0.291  20  0.410  20  0.701  16  0.528   0.456 Y  0.450      SignalP-TM
EV402|EV402_009859-T1      0.279  28  0.422  28  0.858   2  0.691   0.527 Y  0.450      SignalP-TM
EV402|EV402_010047-T1      0.282  22  0.439  22  0.814   2  0.706   0.543 Y  0.450      SignalP-TM
EV402|EV402_010047-T1      0.705  22  0.753  22  0.913   1  0.829   0.789 Y  0.570      SignalP-noTM
EV402|EV402_010058-T1      0.186  46  0.367  27  0.834  12  0.727   0.507 Y  0.450      SignalP-TM
EV402|EV402_010079-T1      0.529  25  0.567  25  0.845  19  0.514   0.546 Y  0.450      SignalP-TM
EV402|EV402_010080-T1      0.133  31  0.280  14  0.833   5  0.764   0.469 Y  0.450      SignalP-TM
EV402|EV402_010183-T1      0.234  23  0.464  23  0.939  18  0.881   0.627 Y  0.450      SignalP-TM
EV402|EV402_010183-T1      0.457  23  0.649  23  0.954   3  0.932   0.782 Y  0.570      SignalP-noTM
EV402|EV402_010238-T1      0.206  62  0.385  36  0.876  24  0.585   0.463 Y  0.450      SignalP-TM
EV402|EV402_010255-T1      0.290  34  0.415  29  0.781  21  0.569   0.475 Y  0.450      SignalP-TM
EV402|EV402_010391-T1      0.274  21  0.420  21  0.784  11  0.557   0.474 Y  0.450      SignalP-TM
EV402|EV402_010406-T1      0.176  32  0.343  32  0.818  12  0.706   0.485 Y  0.450      SignalP-TM
EV402|EV402_010443-T1      0.281  19  0.440  19  0.847   1  0.728   0.575 Y  0.570      SignalP-noTM
EV402|EV402_010443-T1      0.324  19  0.442  19  0.759   1  0.643   0.520 Y  0.450      SignalP-TM
EV402|EV402_010506-T1      0.155  27  0.305  14  0.889  11  0.818   0.505 Y  0.450      SignalP-TM
EV402|EV402_010544-T1      0.183  22  0.373  22  0.836  18  0.734   0.514 Y  0.450      SignalP-TM
EV402|EV402_010544-T1      0.260  22  0.456  22  0.913  18  0.822   0.628 Y  0.570      SignalP-noTM
EV402|EV402_010563-T1      0.141  23  0.321  23  0.891   8  0.754   0.490 Y  0.450      SignalP-TM
EV402|EV402_010571-T1      0.305  50  0.343  22  0.893  14  0.759   0.505 Y  0.450      SignalP-TM
EV402|EV402_010610-T1      0.162  28  0.347  26  0.860  22  0.732   0.497 Y  0.450      SignalP-TM
EV402|EV402_010643-T1      0.466  21  0.611  21  0.921  13  0.810   0.705 Y  0.570      SignalP-noTM
EV402|EV402_010643-T1      0.489  21  0.659  21  0.950  16  0.867   0.741 Y  0.450      SignalP-TM
EV402|EV402_010645-T1      0.399  48  0.480  48  0.647  38  0.446   0.467 Y  0.450      SignalP-TM
EV402|EV402_010662-T1      0.242  26  0.408  26  0.795  17  0.627   0.493 Y  0.450      SignalP-TM
EV402|EV402_010739-T1      0.195  27  0.341  27  0.807  12  0.676   0.472 Y  0.450      SignalP-TM
EV402|EV402_010778-T1      0.145  22  0.327  22  0.834  19  0.688   0.468 Y  0.450      SignalP-TM
EV402|EV402_010791-T1      0.327  24  0.514  24  0.890  14  0.746   0.605 Y  0.450      SignalP-TM
EV402|EV402_010850-T1      0.200  63  0.294  12  0.908   4  0.872   0.519 Y  0.450      SignalP-TM
EV402|EV402_010872-T1      0.201  26  0.361  26  0.811  23  0.672   0.482 Y  0.450      SignalP-TM
EV402|EV402_010876-T1      0.288  23  0.437  23  0.879   3  0.736   0.578 Y  0.570      SignalP-noTM
EV402|EV402_010978-T1      0.239  27  0.434  27  0.925  16  0.826   0.587 Y  0.450      SignalP-TM
EV402|EV402_010978-T1      0.382  25  0.584  25  0.980  14  0.917   0.741 Y  0.570      SignalP-noTM
EV402|EV402_010984-T1      0.368  32  0.469  32  0.911  15  0.748   0.577 Y  0.450      SignalP-TM
EV402|EV402_011000-T1      0.132  28  0.326  28  0.887  16  0.788   0.506 Y  0.450      SignalP-TM
EV402|EV402_011018-T1      0.459  64  0.564  48  0.919  42  0.725   0.626 Y  0.450      SignalP-TM
EV402|EV402_011062-T1      0.584  46  0.632  46  0.890  24  0.681   0.651 Y  0.450      SignalP-TM
EV402|EV402_011099-T1      0.167  45  0.289  12  0.873   5  0.835   0.502 Y  0.450      SignalP-TM
EV402|EV402_011206-T1      0.348  17  0.493  17  0.837  15  0.697   0.589 Y  0.570      SignalP-noTM
EV402|EV402_011238-T1      0.270  24  0.458  24  0.906  17  0.798   0.590 Y  0.450      SignalP-TM
EV402|EV402_011238-T1      0.520  22  0.555  22  0.839   1  0.623   0.587 Y  0.570      SignalP-noTM
EV402|EV402_011244-T1      0.221  44  0.372  21  0.791  19  0.684   0.494 Y  0.450      SignalP-TM
EV402|EV402_011244-T1      0.524  21  0.624  21  0.818  19  0.738   0.678 Y  0.570      SignalP-noTM
EV402|EV402_011269-T1      0.249  24  0.404  24  0.781  17  0.617   0.487 Y  0.450      SignalP-TM
EV402|EV402_011401-T1      0.436  23  0.622  23  0.941  17  0.895   0.729 Y  0.450      SignalP-TM
EV402|EV402_011401-T1      0.537  25  0.605  25  0.939  16  0.802   0.698 Y  0.570      SignalP-noTM
EV402|EV402_011430-T1      0.446  23  0.532  23  0.858  19  0.684   0.603 Y  0.570      SignalP-noTM
EV402|EV402_011430-T1      0.461  23  0.524  23  0.822  19  0.572   0.543 Y  0.450      SignalP-TM
EV402|EV402_011431-T1      0.488  24  0.643  24  0.930  18  0.858   0.744 Y  0.570      SignalP-noTM
EV402|EV402_011431-T1      0.504  24  0.679  24  0.939  16  0.890   0.761 Y  0.450      SignalP-TM
EV402|EV402_011436-T1      0.321  29  0.421  29  0.843  16  0.637   0.505 Y  0.450      SignalP-TM
EV402|EV402_011436-T1      0.350  18  0.549  18  0.914  17  0.850   0.690 Y  0.570      SignalP-noTM
EV402|EV402_011437-T1      0.167  25  0.360  17  0.908   1  0.832   0.582 Y  0.570      SignalP-noTM
EV402|EV402_011529-T1      0.112  30  0.277  13  0.833   4  0.745   0.459 Y  0.450      SignalP-TM
EV402|EV402_011588-T1      0.233  67  0.399  30  0.856  14  0.729   0.528 Y  0.450      SignalP-TM
EV402|EV402_011740-T1      0.352  23  0.447  23  0.741  20  0.565   0.493 Y  0.450      SignalP-TM
EV402|EV402_011765-T1      0.193  27  0.349  27  0.869  17  0.701   0.486 Y  0.450      SignalP-TM
EV402|EV402_011823-T1      0.215  35  0.417  21  0.927  16  0.823   0.575 Y  0.450      SignalP-TM
EV402|EV402_011823-T1      0.348  21  0.566  21  0.964  10  0.909   0.727 Y  0.570      SignalP-noTM
EV402|EV402_011843-T1      0.160  18  0.387  18  0.966  15  0.922   0.639 Y  0.570      SignalP-noTM
EV402|EV402_011843-T1      0.233  24  0.462  24  0.948  16  0.860   0.617 Y  0.450      SignalP-TM
EV402|EV402_011859-T1      0.208  19  0.355  19  0.762   1  0.637   0.465 Y  0.450      SignalP-TM
EV402|EV402_011860-T1      0.272  29  0.406  29  0.692  18  0.600   0.482 Y  0.450      SignalP-TM
EV402|EV402_011866-T1      0.108  29  0.294  21  0.876  16  0.797   0.490 Y  0.450      SignalP-TM
EV402|EV402_011882-T1      0.179  26  0.361  26  0.920  13  0.767   0.519 Y  0.450      SignalP-TM
EV402|EV402_011914-T1      0.181  20  0.369  20  0.831   4  0.763   0.523 Y  0.450      SignalP-TM
EV402|EV402_011914-T1      0.255  20  0.432  20  0.888   2  0.773   0.592 Y  0.570      SignalP-noTM
EV402|EV402_011915-T1      0.381  21  0.593  21  0.959  18  0.903   0.714 Y  0.450      SignalP-TM
EV402|EV402_011915-T1      0.433  21  0.616  21  0.925  12  0.881   0.741 Y  0.570      SignalP-noTM
EV402|EV402_011946-T1      0.214  17  0.417  17  0.898  20  0.802   0.567 Y  0.450      SignalP-TM
EV402|EV402_011980-T1      0.181  20  0.349  20  0.768  10  0.681   0.479 Y  0.450      SignalP-TM
EV402|EV402_011994-T1      0.249  57  0.355  21  0.896   8  0.776   0.519 Y  0.450      SignalP-TM
EV402|EV402_012177-T1      0.236  20  0.383  20  0.746   1  0.645   0.485 Y  0.450      SignalP-TM
EV402|EV402_012177-T1      0.346  20  0.546  20  0.942  16  0.845   0.687 Y  0.570      SignalP-noTM
EV402|EV402_012210-T1      0.113  39  0.274  14  0.810   9  0.745   0.458 Y  0.450      SignalP-TM
EV402|EV402_012268-T1      0.435  25  0.426  25  0.734  10  0.521   0.463 Y  0.450      SignalP-TM
EV402|EV402_012317-T1      0.365  28  0.494  28  0.777  19  0.616   0.542 Y  0.450      SignalP-TM
EV402|EV402_012398-T1      0.411  24  0.586  24  0.943  12  0.875   0.722 Y  0.570      SignalP-noTM
EV402|EV402_012398-T1      0.423  24  0.604  24  0.921  13  0.832   0.693 Y  0.450      SignalP-TM
EV402|EV402_012400-T1      0.238  24  0.437  24  0.868  22  0.729   0.551 Y  0.450      SignalP-TM
EV402|EV402_012401-T1      0.468  20  0.637  20  0.924   4  0.876   0.730 Y  0.450      SignalP-TM
EV402|EV402_012401-T1      0.808  20  0.866  20  0.940  14  0.926   0.894 Y  0.570      SignalP-noTM
EV402|EV402_012448-T1      0.228  34  0.340  34  0.934  15  0.732   0.493 Y  0.450      SignalP-TM
EV402|EV402_012458-T1      0.243  21  0.386  21  0.716   1  0.629   0.480 Y  0.450      SignalP-TM
EV402|EV402_012458-T1      0.484  21  0.577  21  0.832  13  0.706   0.637 Y  0.570      SignalP-noTM
EV402|EV402_012536-T1      0.265  26  0.428  23  0.946  10  0.827   0.616 Y  0.570      SignalP-noTM
EV402|EV402_012536-T1      0.291  28  0.431  28  0.909   1  0.749   0.555 Y  0.450      SignalP-TM
EV402|EV402_012572-T1      0.470  22  0.562  22  0.836   1  0.717   0.635 Y  0.570      SignalP-noTM
EV402|EV402_012584-T1      0.166  69  0.321  35  0.912  18  0.699   0.469 Y  0.450      SignalP-TM
EV402|EV402_012611-T1      0.503  29  0.603  24  0.876  21  0.801   0.680 Y  0.450      SignalP-TM
EV402|EV402_012611-T1      0.530  24  0.679  24  0.916   1  0.883   0.775 Y  0.570      SignalP-noTM
EV402|EV402_012832-T1      0.170  28  0.322  19  0.836  12  0.763   0.494 Y  0.450      SignalP-TM
EV402|EV402_012873-T1      0.381  22  0.546  22  0.905   1  0.799   0.644 Y  0.450      SignalP-TM
EV402|EV402_012873-T1      0.834  22  0.820  22  0.917   1  0.819   0.819 Y  0.570      SignalP-noTM
EV402|EV402_012886-T1      0.242  19  0.429  19  0.889   2  0.791   0.599 Y  0.570      SignalP-noTM
EV402|EV402_012888-T1      0.225  22  0.417  22  0.850  19  0.712   0.532 Y  0.450      SignalP-TM
EV402|EV402_012888-T1      0.404  28  0.510  28  0.878  11  0.689   0.576 Y  0.510      SignalP-TM
EV402|EV402_012901-T1      0.148  21  0.323  21  0.832   9  0.734   0.483 Y  0.450      SignalP-TM
EV402|EV402_012950-T1      0.170  28  0.302  19  0.779   8  0.706   0.459 Y  0.450      SignalP-TM
EV402|EV402_013096-T1      0.259  29  0.370  29  0.885   3  0.693   0.496 Y  0.450      SignalP-TM
EV402|EV402_013096-T1      0.323  29  0.474  19  0.910  12  0.863   0.657 Y  0.570      SignalP-noTM
EV402|EV402_013163-T1      0.154  29  0.280  11  0.867   2  0.774   0.473 Y  0.450      SignalP-TM
EV402|EV402_013291-T1      0.213  44  0.385  44  0.801  28  0.658   0.491 Y  0.450      SignalP-TM
EV402|EV402_013317-T1      0.357  27  0.414  27  0.677   7  0.520   0.455 Y  0.450      SignalP-TM
EV402|EV402_013523-T1      0.129  37  0.292  15  0.921   9  0.838   0.505 Y  0.450      SignalP-TM
EV402|EV402_013537-T1      0.182  27  0.332  27  0.854   3  0.691   0.472 Y  0.450      SignalP-TM
EV402|EV402_013537-T1      0.334  21  0.553  21  0.954  16  0.921   0.726 Y  0.570      SignalP-noTM
EV402|EV402_013540-T1      0.262  27  0.393  27  0.658  25  0.570   0.462 Y  0.450      SignalP-TM
EV402|EV402_013554-T1      0.143  27  0.303  15  0.866   4  0.818   0.504 Y  0.450      SignalP-TM
EV402|EV402_013670-T1      0.606  22  0.635  22  0.773  18  0.642   0.638 Y  0.450      SignalP-TM
EV402|EV402_013670-T1      0.760  22  0.796  22  0.904  13  0.832   0.813 Y  0.570      SignalP-noTM
EV402|EV402_013677-T1      0.140  28  0.285  16  0.844   8  0.729   0.458 Y  0.450      SignalP-TM
EV402|EV402_013742-T1      0.115  41  0.273  14  0.822  10  0.752   0.460 Y  0.450      SignalP-TM
EV402|EV402_013782-T1      0.428  20  0.628  20  0.961  18  0.904   0.735 Y  0.450      SignalP-TM
EV402|EV402_013782-T1      0.838  20  0.867  20  0.969  18  0.894   0.880 Y  0.570      SignalP-noTM
EV402|EV402_013822-T1      0.266  22  0.428  22  0.833  20  0.683   0.528 Y  0.450      SignalP-TM
EV402|EV402_013822-T1      0.322  22  0.497  22  0.885   1  0.785   0.633 Y  0.570      SignalP-noTM
EV402|EV402_013897-T1      0.146  26  0.329  26  0.929  15  0.794   0.510 Y  0.450      SignalP-TM
EV402|EV402_013922-T1      0.107  43  0.286  20  0.857   8  0.764   0.472 Y  0.450      SignalP-TM
EV402|EV402_013923-T1      0.493  32  0.479  32  0.738  31  0.410   0.452 Y  0.450      SignalP-TM
EV402|EV402_013954-T1      0.274  54  0.360  20  0.935  10  0.878   0.603 Y  0.570      SignalP-noTM
EV402|EV402_013954-T1      0.507  54  0.457  54  0.943  16  0.550   0.493 Y  0.450      SignalP-TM
EV402|EV402_013983-T1      0.138  37  0.272  13  0.802   7  0.743   0.456 Y  0.450      SignalP-TM
EV402|EV402_014093-T1      0.243  34  0.393  21  0.951  14  0.911   0.595 Y  0.450      SignalP-TM
EV402|EV402_014093-T1      0.253  21  0.470  21  0.942  14  0.888   0.666 Y  0.570      SignalP-noTM
EV402|EV402_014094-T1      0.191  32  0.413  21  0.964  17  0.928   0.614 Y  0.450      SignalP-TM
EV402|EV402_014094-T1      0.268  21  0.496  21  0.959  14  0.925   0.698 Y  0.570      SignalP-noTM
EV402|EV402_014095-T1      0.232  55  0.373  26  0.945   7  0.786   0.534 Y  0.450      SignalP-TM
EV402|EV402_014095-T1      0.297  18  0.522  18  0.941  15  0.917   0.708 Y  0.570      SignalP-noTM
EV402|EV402_014100-T1      0.117  27  0.277  15  0.812  13  0.725   0.452 Y  0.450      SignalP-TM
EV402|EV402_014215-T1      0.186  20  0.361  20  0.863   1  0.730   0.505 Y  0.450      SignalP-TM
EV402|EV402_014215-T1      0.407  20  0.534  20  0.878   1  0.730   0.626 Y  0.570      SignalP-noTM
EV402|EV402_014345-T1      0.329  20  0.489  20  0.790  12  0.673   0.561 Y  0.450      SignalP-TM
EV402|EV402_014345-T1      0.518  20  0.620  20  0.817  15  0.734   0.674 Y  0.570      SignalP-noTM
EV402|EV402_014374-T1      0.163  30  0.285  14  0.891   9  0.776   0.476 Y  0.450      SignalP-TM
EV402|EV402_014380-T1      0.584  19  0.562  19  0.724   1  0.580   0.570 Y  0.570      SignalP-noTM
EV402|EV402_014400-T1      0.144  58  0.317  22  0.927  13  0.826   0.515 Y  0.450      SignalP-TM
EV402|EV402_014410-T1      0.202  31  0.406  23  0.920  22  0.886   0.593 Y  0.450      SignalP-TM
EV402|EV402_014410-T1      0.326  23  0.555  23  0.967  16  0.940   0.736 Y  0.570      SignalP-noTM
EV402|EV402_014432-T1      0.321  21  0.462  21  0.813  14  0.683   0.548 Y  0.450      SignalP-TM
EV402|EV402_014432-T1      0.376  21  0.517  21  0.866   1  0.740   0.622 Y  0.570      SignalP-noTM
EV402|EV402_014449-T1      0.295  30  0.419  30  0.726  17  0.627   0.500 Y  0.450      SignalP-TM
EV402|EV402_014459-T1      0.154  29  0.280  11  0.867   2  0.774   0.473 Y  0.450      SignalP-TM
EV402|EV402_014615-T1      0.134  41  0.308  21  0.912  11  0.787   0.495 Y  0.450      SignalP-TM
EV402|EV402_014726-T1      0.251  33  0.397  33  0.829  30  0.548   0.456 Y  0.450      SignalP-TM
EV402|EV402_014798-T1      0.369  26  0.437  26  0.645  22  0.489   0.457 Y  0.450      SignalP-TM
EV402|EV402_014914-T1      0.435  24  0.473  24  0.652  18  0.517   0.490 Y  0.450      SignalP-TM
EV402|EV402_014947-T1      0.328  21  0.499  21  0.897  19  0.775   0.629 Y  0.570      SignalP-noTM
EV402|EV402_014947-T1      0.472  31  0.514  31  0.896  19  0.727   0.597 Y  0.450      SignalP-TM
EV402|EV402_014981-T1      0.292  43  0.419  26  0.764  24  0.628   0.500 Y  0.450      SignalP-TM
EV402|EV402_015024-T1      0.187  53  0.341  21  0.959  14  0.872   0.590 Y  0.570      SignalP-noTM
EV402|EV402_015024-T1      0.355  53  0.530  53  0.979  16  0.835   0.649 Y  0.450      SignalP-TM
EV402|EV402_015054-T1      0.549  21  0.654  21  0.941  18  0.726   0.682 Y  0.450      SignalP-TM
EV402|EV402_015134-T1      0.344  25  0.516  25  0.872  12  0.780   0.619 Y  0.450      SignalP-TM
EV402|EV402_015147-T1      0.276  27  0.434  27  0.785  14  0.575   0.489 Y  0.450      SignalP-TM
EV402|EV402_015149-T1      0.139  26  0.273  11  0.868   6  0.756   0.461 Y  0.450      SignalP-TM
EV402|EV402_015186-T1      0.153  32  0.312  27  0.919  15  0.798   0.502 Y  0.450      SignalP-TM
EV402|EV402_015206-T1      0.164  28  0.320  23  0.764  13  0.695   0.466 Y  0.450      SignalP-TM
EV402|EV402_015208-T1      0.453  29  0.520  29  0.737  16  0.575   0.542 Y  0.450      SignalP-TM
EV402|EV402_015216-T1      0.217  32  0.399  25  0.944  16  0.881   0.587 Y  0.450      SignalP-TM
EV402|EV402_015216-T1      0.222  32  0.417  19  0.947  17  0.925   0.656 Y  0.570      SignalP-noTM
EV402|EV402_015369-T1      0.182  20  0.361  20  0.900   6  0.755   0.515 Y  0.450      SignalP-TM
EV402|EV402_015418-T1      0.173  32  0.281  14  0.785  10  0.746   0.462 Y  0.450      SignalP-TM
EV402|EV402_015509-T1      0.137  22  0.324  21  0.935  11  0.806   0.512 Y  0.450      SignalP-TM
EV402|EV402_015609-T1      0.178  27  0.306  21  0.897  11  0.704   0.461 Y  0.450      SignalP-TM
EV402|EV402_015616-T1      0.270  32  0.467  40  0.916  39  0.748   0.576 Y  0.450      SignalP-TM
EV402|EV402_015616-T1      0.709  40  0.829  40  0.992  27  0.858   0.843 Y  0.570      SignalP-noTM
EV402|EV402_015635-T1      0.180  24  0.328  24  0.805   2  0.641   0.450 Y  0.450      SignalP-TM
EV402|EV402_015655-T1      0.210  46  0.318  20  0.855  12  0.740   0.482 Y  0.450      SignalP-TM
EV402|EV402_015664-T1      0.233  49  0.392  18  0.855  16  0.701   0.513 Y  0.450      SignalP-TM
EV402|EV402_015664-T1      0.305  18  0.480  18  0.867  16  0.744   0.604 Y  0.570      SignalP-noTM
EV402|EV402_015672-T1      0.418  18  0.580  18  0.907  16  0.783   0.675 Y  0.570      SignalP-noTM
EV402|EV402_015700-T1      0.166  19  0.325  19  0.794   3  0.657   0.454 Y  0.450      SignalP-TM
EV402|EV402_015758-T1      0.218  49  0.291  22  0.786  12  0.701   0.451 Y  0.450      SignalP-TM
EV402|EV402_015894-T1      0.244  21  0.401  21  0.873  11  0.700   0.518 Y  0.450      SignalP-TM
EV402|EV402_015901-T1      0.528  27  0.566  27  0.740  19  0.586   0.574 Y  0.450      SignalP-TM
EV402|EV402_015987-T1      0.262  30  0.371  23  0.685   2  0.591   0.457 Y  0.450      SignalP-TM
EV402|EV402_015987-T1      0.680  23  0.671  23  0.855   1  0.682   0.676 Y  0.570      SignalP-noTM
EV402|EV402_015992-T1      0.116  45  0.294  15  0.838   5  0.778   0.483 Y  0.450      SignalP-TM
EV402|EV402_016010-T1      0.656  23  0.677  23  0.797  13  0.590   0.643 Y  0.450      SignalP-TM
EV402|EV402_016136-T1      0.195  18  0.362  18  0.821  17  0.666   0.481 Y  0.450      SignalP-TM
EV402|EV402_016136-T1      0.391  18  0.565  18  0.936  17  0.821   0.686 Y  0.570      SignalP-noTM
EV402|EV402_016164-T1      0.218  17  0.367  17  0.787  10  0.603   0.459 Y  0.450      SignalP-TM
EV402|EV402_016165-T1      0.163  27  0.308  21  0.863  11  0.763   0.485 Y  0.450      SignalP-TM
EV402|EV402_016220-T1      0.332  28  0.478  28  0.907  12  0.710   0.569 Y  0.450      SignalP-TM
EV402|EV402_016238-T1      0.716  29  0.723  29  0.856  22  0.722   0.723 Y  0.450      SignalP-TM
EV402|EV402_016241-T1      0.122  39  0.284  14  0.873   8  0.792   0.482 Y  0.450      SignalP-TM
EV402|EV402_016295-T1      0.240  27  0.354  27  0.795  11  0.612   0.454 Y  0.450      SignalP-TM
EV402|EV402_016303-T1      0.272  18  0.399  18  0.828  17  0.593   0.475 Y  0.450      SignalP-TM
EV402|EV402_016303-T1      0.669  18  0.687  18  0.814  17  0.710   0.698 Y  0.570      SignalP-noTM
EV402|EV402_016335-T1      0.127  26  0.290  15  0.887   8  0.813   0.494 Y  0.450      SignalP-TM
EV402|EV402_016399-T1      0.448  18  0.601  18  0.924   1  0.820   0.704 Y  0.570      SignalP-noTM
EV402|EV402_016399-T1      0.473  26  0.634  26  0.938   2  0.870   0.726 Y  0.450      SignalP-TM
EV402|EV402_016401-T1      0.301  24  0.426  24  0.855  18  0.606   0.496 Y  0.450      SignalP-TM
EV402|EV402_016401-T1      0.324  19  0.485  19  0.894   1  0.753   0.611 Y  0.570      SignalP-noTM
EV402|EV402_016424-T1      0.446  26  0.534  26  0.849  16  0.676   0.589 Y  0.450      SignalP-TM
EV402|EV402_016462-T1      0.185  21  0.372  21  0.838  19  0.694   0.497 Y  0.450      SignalP-TM
EV402|EV402_016565-T1      0.101   5  0.272  11  0.869   4  0.769   0.466 Y  0.450      SignalP-TM
EV402|EV402_016720-T1      0.137  58  0.311  32  0.890  21  0.761   0.487 Y  0.450      SignalP-TM
EV402|EV402_016735-T1      0.190  25  0.355  25  0.819  16  0.675   0.480 Y  0.450      SignalP-TM
EV402|EV402_016816-T1      0.205  20  0.374  20  0.799  17  0.678   0.492 Y  0.450      SignalP-TM
EV402|EV402_016816-T1      0.485  20  0.575  20  0.865  17  0.716   0.641 Y  0.570      SignalP-noTM
EV402|EV402_016850-T1      0.117  50  0.287  18  0.842  10  0.729   0.459 Y  0.450      SignalP-TM
EV402|EV402_016855-T1      0.177  33  0.359  21  0.908  12  0.854   0.592 Y  0.570      SignalP-noTM
EV402|EV402_016855-T1      0.214  33  0.340  21  0.904   1  0.805   0.521 Y  0.450      SignalP-TM
EV402|EV402_016955-T1      0.206  24  0.380  24  0.843  15  0.735   0.519 Y  0.450      SignalP-TM
EV402|EV402_017010-T1      0.193  32  0.390  32  0.948  16  0.806   0.552 Y  0.450      SignalP-TM
EV402|EV402_017010-T1      0.329  24  0.520  24  0.870  16  0.775   0.615 Y  0.510      SignalP-TM
EV402|EV402_017052-T1      0.169  17  0.336  17  0.738  11  0.652   0.459 Y  0.450      SignalP-TM
EV402|EV402_017088-T1      0.422  19  0.583  19  0.927  18  0.813   0.691 Y  0.570      SignalP-noTM
EV402|EV402_017177-T1      0.147  28  0.303  26  0.839   8  0.708   0.461 Y  0.450      SignalP-TM
EV402|EV402_017178-T1      0.270  26  0.397  26  0.831  13  0.670   0.503 Y  0.450      SignalP-TM
EV402|EV402_017179-T1      0.273  22  0.402  22  0.837   3  0.674   0.508 Y  0.450      SignalP-TM
EV402|EV402_017219-T1      0.570  24  0.523  24  0.751  19  0.388   0.470 Y  0.450      SignalP-TM
EV402|EV402_017347-T1      0.129  31  0.284  12  0.856   6  0.806   0.487 Y  0.450      SignalP-TM
EV402|EV402_017353-T1      0.224  20  0.427  20  0.861  10  0.786   0.596 Y  0.570      SignalP-noTM
EV402|EV402_017353-T1      0.383  32  0.509  20  0.874  16  0.707   0.586 Y  0.450      SignalP-TM
EV402|EV402_017414-T1      0.625  18  0.628  18  0.742   1  0.640   0.634 Y  0.570      SignalP-noTM
EV402|EV402_017431-T1      0.122  27  0.278  18  0.833   1  0.736   0.457 Y  0.450      SignalP-TM
EV402|EV402_017457-T1      0.324  31  0.491  31  0.860  20  0.741   0.588 Y  0.450      SignalP-TM
EV402|EV402_017646-T1      0.528  26  0.468  26  0.621  11  0.438   0.456 Y  0.450      SignalP-TM
EV402|EV402_017674-T1      0.261  21  0.427  21  0.792   9  0.670   0.522 Y  0.450      SignalP-TM
EV402|EV402_017689-T1      0.398  23  0.486  23  0.830  19  0.529   0.503 Y  0.450      SignalP-TM
EV402|EV402_017691-T1      0.370  22  0.568  22  0.937  10  0.888   0.718 Y  0.570      SignalP-noTM
EV402|EV402_017691-T1      0.383  24  0.566  24  0.913  21  0.845   0.675 Y  0.450      SignalP-TM
EV402|EV402_017709-T1      0.164  21  0.326  21  0.740   6  0.647   0.451 Y  0.450      SignalP-TM
EV402|EV402_017715-T1      0.362  28  0.411  28  0.653  14  0.522   0.454 Y  0.450      SignalP-TM
EV402|EV402_017735-T1      0.409  27  0.589  27  0.919  19  0.824   0.681 Y  0.450      SignalP-TM
EV402|EV402_017735-T1      0.601  27  0.648  27  0.929  18  0.779   0.710 Y  0.570      SignalP-noTM
EV402|EV402_017783-T1      0.163  35  0.331  19  0.824  13  0.771   0.503 Y  0.450      SignalP-TM
EV402|EV402_017787-T1      0.226  25  0.406  25  0.832  23  0.584   0.475 Y  0.450      SignalP-TM
EV402|EV402_017811-T1      0.371  21  0.558  21  0.919  17  0.757   0.636 Y  0.450      SignalP-TM
EV402|EV402_017811-T1      0.861  21  0.902  21  0.967  12  0.937   0.919 Y  0.570      SignalP-noTM
EV402|EV402_017863-T1      0.231  28  0.384  25  0.820  11  0.662   0.492 Y  0.450      SignalP-TM
EV402|EV402_017889-T1      0.117  28  0.271  13  0.817   8  0.741   0.454 Y  0.450      SignalP-TM
EV402|EV402_017889-T1      0.332  22  0.531  22  0.935  17  0.864   0.688 Y  0.570      SignalP-noTM
EV402|EV402_017939-T1      0.175  22  0.382  22  0.928  18  0.842   0.598 Y  0.570      SignalP-noTM
EV402|EV402_017939-T1      0.242  45  0.336  29  0.870   3  0.702   0.479 Y  0.450      SignalP-TM
EV402|EV402_017941-T1      0.349  23  0.539  23  0.912  17  0.835   0.678 Y  0.570      SignalP-noTM
EV402|EV402_017941-T1      0.506  23  0.654  23  0.939  19  0.790   0.707 Y  0.450      SignalP-TM
EV402|EV402_017964-T1      0.264  25  0.430  25  0.870  18  0.605   0.498 Y  0.450      SignalP-TM
EV402|EV402_017999-T1      0.264  18  0.490  18  0.950  15  0.900   0.650 Y  0.450      SignalP-TM
EV402|EV402_017999-T1      0.368  18  0.586  18  0.959  13  0.925   0.746 Y  0.570      SignalP-noTM
EV402|EV402_018033-T1      0.133  21  0.303  21  0.782  19  0.704   0.460 Y  0.450      SignalP-TM
EV402|EV402_018060-T1      0.316  45  0.410  45  0.716   2  0.581   0.477 Y  0.450      SignalP-TM
EV402|EV402_018074-T1      0.226  20  0.427  20  0.931  12  0.836   0.620 Y  0.570      SignalP-noTM
EV402|EV402_018143-T1      0.203  27  0.330  14  0.912  11  0.856   0.535 Y  0.450      SignalP-TM
EV402|EV402_018162-T1      0.222  26  0.375  26  0.762   6  0.676   0.492 Y  0.450      SignalP-TM
EV402|EV402_018164-T1      0.156  27  0.308  13  0.915  11  0.859   0.523 Y  0.450      SignalP-TM
EV402|EV402_018177-T1      0.275  24  0.450  24  0.931  13  0.776   0.603 Y  0.570      SignalP-noTM
EV402|EV402_018221-T1      0.167  27  0.304  13  0.906  11  0.839   0.513 Y  0.450      SignalP-TM
EV402|EV402_018230-T1      0.148  29  0.306  14  0.887  10  0.849   0.518 Y  0.450      SignalP-TM
EV402|EV402_018262-T1      0.158  28  0.303  21  0.874   1  0.723   0.467 Y  0.450      SignalP-TM
EV402|EV402_018262-T1      0.195  21  0.391  21  0.929   1  0.820   0.593 Y  0.570      SignalP-noTM
EV402|EV402_018319-T1      0.197  27  0.355  27  0.838  22  0.617   0.457 Y  0.450      SignalP-TM
EV402|EV402_018521-T1      0.165  21  0.368  21  0.926  18  0.814   0.542 Y  0.450      SignalP-TM
EV402|EV402_018521-T1      0.183  20  0.405  20  0.936  13  0.898   0.637 Y  0.570      SignalP-noTM
EV402|EV402_018529-T1      0.511  25  0.504  25  0.877   2  0.645   0.559 Y  0.450      SignalP-TM
EV402|EV402_018599-T1      0.303  29  0.441  29  0.836  15  0.660   0.526 Y  0.450      SignalP-TM
EV402|EV402_018606-T1      0.186  27  0.386  27  0.916  22  0.774   0.537 Y  0.450      SignalP-TM
EV402|EV402_018668-T1      0.182  23  0.369  23  0.884  10  0.743   0.515 Y  0.450      SignalP-TM
EV402|EV402_018776-T1      0.157  42  0.285  13  0.869   5  0.799   0.485 Y  0.450      SignalP-TM
EV402|EV402_018776-T1      0.188  17  0.390  17  0.885   1  0.818   0.591 Y  0.570      SignalP-noTM
EV402|EV402_018884-T1      0.403  32  0.577  32  0.925  24  0.804   0.665 Y  0.450      SignalP-TM
EV402|EV402_018884-T1      0.532  20  0.682  20  0.904  17  0.873   0.771 Y  0.570      SignalP-noTM
EV402|EV402_018927-T1      0.282  23  0.413  23  0.699   4  0.615   0.492 Y  0.450      SignalP-TM
EV402|EV402_018927-T1      0.333  20  0.485  20  0.797  16  0.691   0.582 Y  0.570      SignalP-noTM
EV402|EV402_018981-T1      0.183  29  0.392  21  0.933  16  0.871   0.579 Y  0.450      SignalP-TM
EV402|EV402_018981-T1      0.324  21  0.538  21  0.966  10  0.898   0.707 Y  0.570      SignalP-noTM
EV402|EV402_019013-T1      0.198  21  0.427  21  0.968  15  0.869   0.599 Y  0.450      SignalP-TM
EV402|EV402_019013-T1      0.560  38  0.414  21  0.950  10  0.868   0.627 Y  0.570      SignalP-noTM
EV402|EV402_019015-T1      0.156  28  0.325  20  0.927   2  0.843   0.527 Y  0.450      SignalP-TM
EV402|EV402_019015-T1      0.195  19  0.410  19  0.903  13  0.863   0.623 Y  0.570      SignalP-noTM
EV402|EV402_019073-T1      0.492  30  0.658  30  0.963  17  0.883   0.746 Y  0.450      SignalP-TM
EV402|EV402_019073-T1      0.516  28  0.624  28  0.964  13  0.860   0.735 Y  0.570      SignalP-noTM
EV402|EV402_019084-T1      0.152  64  0.279  21  0.853  17  0.801   0.483 Y  0.450      SignalP-TM
EV402|EV402_019094-T1      0.283  43  0.381  19  0.689   7  0.623   0.476 Y  0.450      SignalP-TM
EV402|EV402_019270-T1      0.168  24  0.317  14  0.791   1  0.725   0.476 Y  0.450      SignalP-TM
EV402|EV402_019373-T1      0.632  50  0.583  50  0.819  18  0.571   0.578 Y  0.450      SignalP-TM
EV402|EV402_019374-T1      0.340  19  0.551  19  0.974  17  0.877   0.678 Y  0.450      SignalP-TM
EV402|EV402_019374-T1      0.429  19  0.606  19  0.907  13  0.824   0.708 Y  0.570      SignalP-noTM
EV402|EV402_019408-T1      0.155  67  0.284  20  0.877   9  0.736   0.460 Y  0.450      SignalP-TM
EV402|EV402_019416-T1      0.291  26  0.389  26  0.866   5  0.657   0.493 Y  0.450      SignalP-TM
EV402|EV402_019416-T1      0.437  26  0.507  26  0.913   1  0.743   0.618 Y  0.570      SignalP-noTM
EV402|EV402_019546-T1      0.198  26  0.362  26  0.844  24  0.646   0.473 Y  0.450      SignalP-TM
EV402|EV402_019557-T1      0.488  20  0.584  20  0.873   2  0.753   0.663 Y  0.570      SignalP-noTM
EV402|EV402_019630-T1      0.281  25  0.493  25  0.905  11  0.862   0.637 Y  0.450      SignalP-TM
EV402|EV402_019788-T1      0.383  55  0.511  55  0.891  51  0.412   0.473 Y  0.450      SignalP-TM
EV402|EV402_019796-T1      0.194  26  0.360  26  0.851  15  0.718   0.500 Y  0.450      SignalP-TM
EV402|EV402_019951-T1      0.239  41  0.416  41  0.812  35  0.718   0.534 Y  0.450      SignalP-TM
EV402|EV402_020037-T1      0.626  52  0.660  52  0.918  10  0.773   0.704 Y  0.450      SignalP-TM
EV402|EV402_020061-T1      0.104  70  0.286  11  0.881   8  0.845   0.504 Y  0.450      SignalP-TM
EV402|EV402_020083-T1      0.209  20  0.370  20  0.842  19  0.641   0.476 Y  0.450      SignalP-TM
EV402|EV402_020083-T1      0.537  20  0.589  20  0.808   1  0.658   0.621 Y  0.570      SignalP-noTM
EV402|EV402_020141-T1      0.617  20  0.761  20  0.980  16  0.941   0.831 Y  0.450      SignalP-TM
EV402|EV402_020141-T1      0.792  20  0.867  20  0.965  15  0.942   0.902 Y  0.570      SignalP-noTM
EV402|EV402_020143-T1      0.469  22  0.560  22  0.778  15  0.655   0.605 Y  0.570      SignalP-noTM
EV402|EV402_020264-T1      0.227  25  0.388  25  0.750  16  0.629   0.482 Y  0.450      SignalP-TM
EV402|EV402_020264-T1      0.510  25  0.617  25  0.912  21  0.654   0.635 Y  0.570      SignalP-noTM
EV402|EV402_020290-T1      0.173  27  0.380  27  0.930  20  0.796   0.542 Y  0.450      SignalP-TM
EV402|EV402_020314-T1      0.228  24  0.388  24  0.803  18  0.618   0.477 Y  0.450      SignalP-TM
EV402|EV402_020330-T1      0.289  17  0.484  17  0.881  10  0.807   0.636 Y  0.570      SignalP-noTM
EV402|EV402_020346-T1      0.176  48  0.346  30  0.880  11  0.717   0.491 Y  0.450      SignalP-TM
EV402|EV402_020465-T1      0.159  18  0.348  18  0.826   7  0.763   0.510 Y  0.450      SignalP-TM
EV402|EV402_020465-T1      0.331  18  0.540  18  0.922  14  0.875   0.697 Y  0.570      SignalP-noTM
EV402|EV402_020537-T1      0.183  28  0.339  17  0.830   9  0.741   0.496 Y  0.450      SignalP-TM
EV402|EV402_020549-T1      0.222  25  0.379  25  0.805  11  0.656   0.487 Y  0.450      SignalP-TM
EV402|EV402_020619-T1      0.119  31  0.271  11  0.793   3  0.731   0.450 Y  0.450      SignalP-TM
EV402|EV402_020700-T1      0.151  17  0.354  17  0.882  15  0.835   0.580 Y  0.570      SignalP-noTM
EV402|EV402_020712-T1      0.153  67  0.317  16  0.803   7  0.714   0.472 Y  0.450      SignalP-TM
EV402|EV402_020712-T1      0.403  16  0.536  16  0.778   6  0.702   0.597 Y  0.510      SignalP-TM
EV402|EV402_020753-T1      0.370  23  0.539  23  0.891  16  0.804   0.642 Y  0.450      SignalP-TM
EV402|EV402_020753-T1      0.574  23  0.582  23  0.899   6  0.719   0.647 Y  0.570      SignalP-noTM
EV402|EV402_020758-T1      0.138  30  0.289  16  0.820   9  0.744   0.466 Y  0.450      SignalP-TM
EV402|EV402_020769-T1      0.149  26  0.324  16  0.820   2  0.749   0.489 Y  0.450      SignalP-TM
EV402|EV402_020793-T1      0.181  22  0.353  22  0.841  11  0.659   0.472 Y  0.450      SignalP-TM
EV402|EV402_020852-T1      0.520  25  0.631  25  0.847  20  0.637   0.633 Y  0.450      SignalP-TM
EV402|EV402_020878-T1      0.299  31  0.454  26  0.947  17  0.886   0.622 Y  0.450      SignalP-TM
EV402|EV402_020878-T1      0.485  26  0.572  26  0.925  11  0.779   0.670 Y  0.570      SignalP-noTM
EV402|EV402_020975-T1      0.173  24  0.379  21  0.941  14  0.892   0.620 Y  0.570      SignalP-noTM
EV402|EV402_020975-T1      0.195  35  0.384  24  0.953   7  0.889   0.581 Y  0.450      SignalP-TM
EV402|EV402_020976-T1      0.159  24  0.328  24  0.891   7  0.746   0.491 Y  0.450      SignalP-TM
EV402|EV402_020976-T1      0.228  24  0.420  21  0.911   1  0.858   0.626 Y  0.570      SignalP-noTM
EV402|EV402_021000-T1      0.161  22  0.333  14  0.886  10  0.800   0.515 Y  0.450      SignalP-TM
EV402|EV402_021009-T1      0.109  32  0.275  11  0.807   9  0.773   0.469 Y  0.450      SignalP-TM
EV402|EV402_021020-T1      0.300  51  0.354  19  0.822  11  0.741   0.505 Y  0.450      SignalP-TM
EV402|EV402_021080-T1      0.136  24  0.325  24  0.892  18  0.763   0.496 Y  0.450      SignalP-TM
EV402|EV402_021113-T1      0.254  32  0.396  32  0.829  20  0.603   0.477 Y  0.450      SignalP-TM
EV402|EV402_021115-T1      0.244  29  0.430  29  0.904  14  0.778   0.565 Y  0.450      SignalP-TM
EV402|EV402_021128-T1      0.178  28  0.379  28  0.909  19  0.790   0.539 Y  0.450      SignalP-TM
EV402|EV402_021128-T1      0.261  26  0.447  20  0.903  10  0.844   0.633 Y  0.570      SignalP-noTM
EV402|EV402_021129-T1      0.314  21  0.482  21  0.881  19  0.734   0.600 Y  0.570      SignalP-noTM
EV402|EV402_021274-T1      0.273  30  0.394  30  0.657  27  0.552   0.456 Y  0.450      SignalP-TM
EV402|EV402_021324-T1      0.220  21  0.429  21  0.949  17  0.800   0.603 Y  0.570      SignalP-noTM
EV402|EV402_021409-T1      0.295  25  0.486  18  0.920  10  0.890   0.676 Y  0.570      SignalP-noTM
EV402|EV402_021409-T1      0.357  25  0.514  25  0.863  10  0.731   0.599 Y  0.450      SignalP-TM
EV402|EV402_021585-T1      0.210  28  0.347  28  0.867   1  0.680   0.477 Y  0.450      SignalP-TM
EV402|EV402_021585-T1      0.247  19  0.457  19  0.905   2  0.859   0.606 Y  0.510      SignalP-TM
EV402|EV402_021623-T1      0.178  22  0.352  22  0.781  12  0.668   0.475 Y  0.450      SignalP-TM
EV402|EV402_021626-T1      0.181  28  0.329  28  0.895  14  0.701   0.474 Y  0.450      SignalP-TM
EV402|EV402_021631-T1      0.216  17  0.393  17  0.788   8  0.712   0.511 Y  0.510      SignalP-TM
EV402|EV402_021633-T1      0.320  21  0.466  21  0.889   1  0.697   0.575 Y  0.570      SignalP-noTM
EV402|EV402_021636-T1      0.217  22  0.410  22  0.888  16  0.781   0.555 Y  0.450      SignalP-TM
EV402|EV402_021678-T1      0.150  30  0.339  30  0.881  13  0.767   0.506 Y  0.450      SignalP-TM
EV402|EV402_021706-T1      0.285  17  0.456  17  0.820  11  0.718   0.558 Y  0.450      SignalP-TM
EV402|EV402_021711-T1      0.325  19  0.511  19  0.902  15  0.782   0.639 Y  0.570      SignalP-noTM
EV402|EV402_021751-T1      0.612  26  0.545  26  0.607   1  0.422   0.497 Y  0.450      SignalP-TM
EV402|EV402_021774-T1      0.174  23  0.350  23  0.794  22  0.669   0.474 Y  0.450      SignalP-TM
EV402|EV402_021825-T1      0.244  21  0.406  21  0.895  10  0.732   0.533 Y  0.450      SignalP-TM
EV402|EV402_021839-T1      0.248  26  0.415  26  0.873  11  0.741   0.542 Y  0.450      SignalP-TM
EV402|EV402_021879-T1      0.206  27  0.380  18  0.901  14  0.812   0.583 Y  0.570      SignalP-noTM
EV402|EV402_021879-T1      0.210  27  0.351  27  0.850   1  0.683   0.480 Y  0.450      SignalP-TM
EV402|EV402_021925-T1      0.287  20  0.482  20  0.876  12  0.802   0.632 Y  0.570      SignalP-noTM
EV402|EV402_021925-T1      0.455  23  0.594  23  0.873  18  0.756   0.657 Y  0.450      SignalP-TM
EV402|EV402_021961-T1      0.397  21  0.495  21  0.803   3  0.658   0.572 Y  0.570      SignalP-noTM
EV402|EV402_021965-T1      0.159  19  0.361  19  0.927  12  0.831   0.582 Y  0.570      SignalP-noTM
EV402|EV402_021965-T1      0.164  25  0.314  25  0.878   2  0.695   0.463 Y  0.450      SignalP-TM
EV402|EV402_021997-T1      0.292  25  0.407  25  0.919   2  0.665   0.508 Y  0.450      SignalP-TM
EV402|EV402_021997-T1      0.385  25  0.494  25  0.943  10  0.778   0.627 Y  0.570      SignalP-noTM
EV402|EV402_022120-T1      0.200  17  0.438  17  0.973  16  0.952   0.680 Y  0.570      SignalP-noTM
EV402|EV402_022120-T1      0.228  33  0.298  13  0.941   6  0.896   0.531 Y  0.450      SignalP-TM
EV402|EV402_022207-T1      0.160  19  0.326  19  0.799   6  0.688   0.467 Y  0.450      SignalP-TM
EV402|EV402_022207-T1      0.193  19  0.379  19  0.894   3  0.787   0.571 Y  0.570      SignalP-noTM
EV402|EV402_022216-T1      0.136  32  0.315  24  0.907   9  0.787   0.499 Y  0.450      SignalP-TM
EV402|EV402_022267-T1      0.471  23  0.561  23  0.744  15  0.616   0.582 Y  0.450      SignalP-TM
EV402|EV402_022372-T1      0.396  35  0.433  35  0.852  16  0.621   0.506 Y  0.450      SignalP-TM
EV402|EV402_022372-T1      0.526  35  0.497  25  0.886  10  0.753   0.617 Y  0.570      SignalP-noTM
EV402|EV402_022412-T1      0.183  20  0.358  20  0.821  16  0.646   0.471 Y  0.450      SignalP-TM
EV402|EV402_022413-T1      0.415  24  0.597  24  0.947  22  0.727   0.647 Y  0.450      SignalP-TM
EV402|EV402_022461-T1      0.407  20  0.537  20  0.878  18  0.651   0.581 Y  0.450      SignalP-TM
EV402|EV402_022473-T1      0.107  66  0.272  11  0.773  12  0.746   0.457 Y  0.450      SignalP-TM
EV402|EV402_022488-T1      0.169  21  0.360  21  0.937   6  0.821   0.540 Y  0.450      SignalP-TM
EV402|EV402_022488-T1      0.294  20  0.497  20  0.939   1  0.867   0.671 Y  0.570      SignalP-noTM
EV402|EV402_022526-T1      0.236  22  0.393  22  0.753  21  0.607   0.477 Y  0.450      SignalP-TM
EV402|EV402_022553-T1      0.293  27  0.477  27  0.927  10  0.797   0.602 Y  0.450      SignalP-TM
EV402|EV402_022567-T1      0.226  40  0.278  11  0.838   2  0.765   0.468 Y  0.450      SignalP-TM
EV402|EV402_022686-T1      0.211  23  0.414  23  0.866   9  0.816   0.603 Y  0.570      SignalP-noTM
EV402|EV402_022686-T1      0.282  29  0.416  29  0.866  20  0.626   0.498 Y  0.450      SignalP-TM
EV402|EV402_022801-T1      0.386  27  0.459  27  0.683  12  0.557   0.497 Y  0.450      SignalP-TM
EV402|EV402_022824-T1      0.329  26  0.559  18  0.985  13  0.966   0.750 Y  0.570      SignalP-noTM
EV402|EV402_022824-T1      0.419  27  0.625  27  0.982  11  0.942   0.749 Y  0.450      SignalP-TM
EV402|EV402_022826-T1      0.125  35  0.273  12  0.806   8  0.760   0.463 Y  0.450      SignalP-TM
EV402|EV402_022847-T1      0.219  25  0.403  25  0.783  13  0.653   0.501 Y  0.450      SignalP-TM
EV402|EV402_022849-T1      0.233  26  0.444  26  0.933  17  0.863   0.608 Y  0.450      SignalP-TM
EV402|EV402_022849-T1      0.483  26  0.551  26  0.916  11  0.750   0.644 Y  0.570      SignalP-noTM
EV402|EV402_022870-T1      0.231  22  0.395  22  0.808  18  0.651   0.495 Y  0.450      SignalP-TM
EV402|EV402_022971-T1      0.117  28  0.298  19  0.872  10  0.746   0.473 Y  0.450      SignalP-TM
EV402|EV402_022986-T1      0.663  48  0.673  48  0.855  31  0.628   0.656 Y  0.450      SignalP-TM
EV402|EV402_022992-T1      0.489  22  0.516  22  0.631  19  0.526   0.520 Y  0.450      SignalP-TM
EV402|EV402_023001-T1      0.287  29  0.471  29  0.941  20  0.759   0.583 Y  0.450      SignalP-TM
EV402|EV402_023001-T1      0.540  24  0.651  24  0.904  20  0.801   0.722 Y  0.570      SignalP-noTM
EV402|EV402_023033-T1      0.425  52  0.562  52  0.927  10  0.791   0.651 Y  0.450      SignalP-TM
EV402|EV402_023035-T1      0.416  26  0.536  26  0.792  17  0.705   0.602 Y  0.450      SignalP-TM
EV402|EV402_023035-T1      0.540  26  0.568  26  0.887   2  0.717   0.638 Y  0.570      SignalP-noTM
EV402|EV402_023085-T1      0.138  22  0.315  22  0.841  18  0.718   0.472 Y  0.450      SignalP-TM
EV402|EV402_023103-T1      0.207  31  0.380  31  0.817  15  0.628   0.476 Y  0.450      SignalP-TM
EV402|EV402_023300-T1      0.192  32  0.408  32  0.956  22  0.787   0.556 Y  0.450      SignalP-TM
EV402|EV402_023300-T1      0.305  24  0.544  24  0.983  17  0.945   0.733 Y  0.570      SignalP-noTM
EV402|EV402_023323-T1      0.323  29  0.403  29  0.817  10  0.600   0.480 Y  0.450      SignalP-TM
EV402|EV402_023323-T1      0.512  22  0.655  22  0.923  13  0.867   0.755 Y  0.570      SignalP-noTM
EV402|EV402_023343-T1      0.201  34  0.320  20  0.810   7  0.732   0.481 Y  0.450      SignalP-TM
EV402|EV402_023343-T1      0.356  21  0.554  21  0.924  12  0.871   0.703 Y  0.570      SignalP-noTM
EV402|EV402_023345-T1      0.169  21  0.348  21  0.895   3  0.771   0.513 Y  0.450      SignalP-TM
EV402|EV402_023345-T1      0.256  20  0.486  20  0.962  18  0.921   0.691 Y  0.570      SignalP-noTM
EV402|EV402_023361-T1      0.358  28  0.402  28  0.837  11  0.595   0.477 Y  0.450      SignalP-TM
EV402|EV402_023388-T1      0.287  24  0.454  19  0.898  11  0.837   0.634 Y  0.570      SignalP-noTM
EV402|EV402_023388-T1      0.346  30  0.483  30  0.937  18  0.781   0.599 Y  0.450      SignalP-TM
EV402|EV402_023470-T1      0.226  26  0.374  26  0.858   7  0.701   0.501 Y  0.450      SignalP-TM
EV402|EV402_023470-T1      0.481  26  0.579  26  0.913   1  0.775   0.671 Y  0.570      SignalP-noTM
EV402|EV402_023523-T1      0.570  52  0.603  52  0.916  31  0.715   0.647 Y  0.450      SignalP-TM
EV402|EV402_023617-T1      0.192  23  0.388  23  0.940  10  0.819   0.556 Y  0.450      SignalP-TM
EV402|EV402_023629-T1      0.513  27  0.703  27  0.978  23  0.937   0.794 Y  0.450      SignalP-TM
EV402|EV402_023629-T1      0.853  27  0.900  27  0.972  23  0.939   0.918 Y  0.570      SignalP-noTM
EV402|EV402_023641-T1      0.276  23  0.445  23  0.762  22  0.588   0.500 Y  0.450      SignalP-TM
EV402|EV402_023643-T1      0.180  31  0.305  19  0.885  14  0.767   0.485 Y  0.450      SignalP-TM
EV402|EV402_023722-T1      0.218  21  0.416  21  0.895  18  0.779   0.557 Y  0.450      SignalP-TM
EV402|EV402_023722-T1      0.287  19  0.468  19  0.868  17  0.748   0.600 Y  0.570      SignalP-noTM
EV402|EV402_023813-T1      0.430  20  0.503  20  0.697   9  0.564   0.527 Y  0.450      SignalP-TM
EV402|EV402_023881-T1      0.293  21  0.475  21  0.855  12  0.749   0.604 Y  0.570      SignalP-noTM
EV402|EV402_023881-T1      0.323  23  0.466  23  0.857  19  0.664   0.543 Y  0.450      SignalP-TM
EV402|EV402_023901-T1      0.106  53  0.297  13  0.918   4  0.873   0.522 Y  0.450      SignalP-TM
EV402|EV402_023902-T1      0.107  42  0.283  14  0.836   7  0.790   0.480 Y  0.450      SignalP-TM
EV402|EV402_023905-T1      0.684  23  0.642  23  0.752  15  0.575   0.611 Y  0.570      SignalP-noTM
EV402|EV402_023972-T1      0.217  26  0.390  26  0.771  21  0.608   0.475 Y  0.450      SignalP-TM
EV402|EV402_024087-T1      0.177  36  0.344  18  0.931  16  0.887   0.556 Y  0.450      SignalP-TM
EV402|EV402_024087-T1      0.331  25  0.520  18  0.957  15  0.894   0.696 Y  0.570      SignalP-noTM
EV402|EV402_024104-T1      0.245  32  0.383  32  0.685  29  0.611   0.472 Y  0.450      SignalP-TM
EV402|EV402_024104-T1      0.693  23  0.613  23  0.732  20  0.532   0.583 Y  0.510      SignalP-TM
EV402|EV402_024156-T1      0.159  40  0.282  11  0.838   4  0.778   0.476 Y  0.450      SignalP-TM
EV402|EV402_024314-T1      0.182  22  0.350  22  0.877  12  0.714   0.492 Y  0.450      SignalP-TM
EV402|EV402_024320-T1      0.225  56  0.403  28  0.961  14  0.898   0.596 Y  0.450      SignalP-TM
EV402|EV402_024320-T1      0.323  28  0.378  20  0.950   2  0.865   0.607 Y  0.570      SignalP-noTM
EV402|EV402_024586-T1      0.288  26  0.409  26  0.719  23  0.538   0.459 Y  0.450      SignalP-TM
EV402|EV402_024687-T1      0.342  18  0.494  18  0.859  17  0.694   0.588 Y  0.570      SignalP-noTM
EV402|EV402_024710-T1      0.207  25  0.364  25  0.807   1  0.692   0.492 Y  0.450      SignalP-TM
EV402|EV402_024727-T1      0.298  27  0.424  27  0.811  16  0.640   0.508 Y  0.450      SignalP-TM
EV402|EV402_024780-T1      0.236  60  0.420  23  0.888  18  0.781   0.589 Y  0.570      SignalP-noTM
EV402|EV402_024780-T1      0.314  54  0.520  32  0.912  16  0.784   0.623 Y  0.450      SignalP-TM
EV402|EV402_024860-T1      0.146  18  0.323  18  0.835   2  0.740   0.486 Y  0.450      SignalP-TM
EV402|EV402_024883-T1      0.138  22  0.331  22  0.910   2  0.816   0.520 Y  0.450      SignalP-TM
EV402|EV402_024917-T1      0.249  22  0.420  22  0.841  18  0.705   0.531 Y  0.450      SignalP-TM
EV402|EV402_025021-T1      0.202  41  0.294  19  0.894  10  0.815   0.497 Y  0.450      SignalP-TM
EV402|EV402_025022-T1      0.177  22  0.364  22  0.797  17  0.753   0.516 Y  0.450      SignalP-TM
EV402|EV402_025022-T1      0.198  22  0.390  22  0.846   5  0.783   0.575 Y  0.570      SignalP-noTM
EV402|EV402_025072-T1      0.189  25  0.379  25  0.927  15  0.800   0.577 Y  0.570      SignalP-noTM
EV402|EV402_025072-T1      0.228  28  0.361  28  0.815  14  0.641   0.471 Y  0.450      SignalP-TM
EV402|EV402_025073-T1      0.177  25  0.377  25  0.926   6  0.844   0.559 Y  0.450      SignalP-TM
EV402|EV402_025074-T1      0.695  48  0.710  48  0.834  31  0.654   0.688 Y  0.450      SignalP-TM
EV402|EV402_025077-T1      0.463  20  0.562  20  0.772   9  0.651   0.597 Y  0.450      SignalP-TM
EV402|EV402_025085-T1      0.159  44  0.274  12  0.781   6  0.741   0.456 Y  0.450      SignalP-TM
EV402|EV402_025103-T1      0.261  61  0.285  15  0.892   6  0.810   0.490 Y  0.450      SignalP-TM
EV402|EV402_025334-T1      0.198  24  0.379  24  0.901  12  0.769   0.531 Y  0.450      SignalP-TM
EV402|EV402_025526-T1      0.122  27  0.288  12  0.876   3  0.823   0.497 Y  0.450      SignalP-TM
EV402|EV402_025792-T1      0.582  27  0.668  27  0.903  17  0.748   0.699 Y  0.450      SignalP-TM
EV402|EV402_025812-T1      0.226  27  0.418  23  0.927   7  0.832   0.579 Y  0.450      SignalP-TM
EV402|EV402_025812-T1      0.274  21  0.489  21  0.918  15  0.877   0.671 Y  0.570      SignalP-noTM
EV402|EV402_025880-T1      0.167  24  0.343  24  0.863   1  0.726   0.492 Y  0.450      SignalP-TM
EV402|EV402_025880-T1      0.187  21  0.397  21  0.933  17  0.871   0.620 Y  0.570      SignalP-noTM
EV402|EV402_026033-T1      0.308  27  0.477  27  0.821  20  0.717   0.570 Y  0.450      SignalP-TM
EV402|EV402_026223-T1      0.122  22  0.308  17  0.864   2  0.830   0.511 Y  0.450      SignalP-TM
EV402|EV402_026228-T1      0.308  33  0.372  33  0.961  17  0.689   0.496 Y  0.450      SignalP-TM
EV402|EV402_026230-T1      0.204  26  0.340  26  0.824   1  0.671   0.469 Y  0.450      SignalP-TM
EV402|EV402_026230-T1      0.359  21  0.548  21  0.927   3  0.857   0.693 Y  0.570      SignalP-noTM
EV402|EV402_026233-T1      0.177  22  0.385  22  0.932  20  0.844   0.601 Y  0.570      SignalP-noTM
EV402|EV402_026233-T1      0.193  25  0.370  25  0.807  20  0.666   0.486 Y  0.450      SignalP-TM
EV402|EV402_026252-T1      0.575  21  0.618  21  0.791  17  0.678   0.642 Y  0.450      SignalP-TM
EV402|EV402_026252-T1      0.707  21  0.757  21  0.884   1  0.832   0.792 Y  0.570      SignalP-noTM
EV402|EV402_026294-T1      0.194  26  0.364  26  0.861  16  0.689   0.491 Y  0.450      SignalP-TM
EV402|EV402_026294-T1      0.296  19  0.488  19  0.861  14  0.802   0.635 Y  0.570      SignalP-noTM
EV402|EV402_026362-T1      0.208  24  0.412  24  0.863  17  0.804   0.565 Y  0.450      SignalP-TM
EV402|EV402_026362-T1      0.552  24  0.691  24  0.917  22  0.875   0.778 Y  0.570      SignalP-noTM
EV402|EV402_026390-T1      0.164  26  0.333  20  0.872  16  0.780   0.507 Y  0.450      SignalP-TM
EV402|EV402_026420-T1      0.247  24  0.444  24  0.867  15  0.781   0.575 Y  0.450      SignalP-TM
EV402|EV402_026420-T1      0.388  24  0.466  24  0.840   7  0.661   0.538 Y  0.510      SignalP-TM
