Gene ID	CAZy ID	% Identical	Length	Mismatches	Gap Open	Gene Start	Gene End	CAZy Start	CAZy End	E Value	Bit Score
K7432|K7432_000033-T1	AAX19735.1|GH37|	68.1	702	219	3	1	702	1	697	0.0	1006
K7432|K7432_000070-T1	CBX97977.1|GH5_12|	43.9	701	353	12	7	672	8	703	2.67e-205	601
K7432|K7432_000153-T1	QKX55086.1|GH55|	51.6	607	248	9	28	593	782	1383	3.51e-201	609
K7432|K7432_000267-T1	CED83340.1|GT31|	42.4	978	452	19	111	989	946	1911	1.16e-218	682
K7432|K7432_000273-T1	QCD84628.1|CBM43|	55.2	1088	453	5	35	1122	105	1158	0.0	1219
K7432|K7432_000352-T1	VUW72999.1|AA1|	50.3	622	270	6	131	724	28	638	1.04e-190	580
K7432|K7432_000370-T1	AIT83212.1|GT4|	66.7	303	99	1	1	303	14	314	5.44e-143	426
K7432|K7432_000442-T1	CDS08031.1|GT2|	47.2	1710	828	28	1	1656	1	1689	0.0	1488
K7432|K7432_000467-T1	CAC9909034.1|GT8|	64.7	377	132	1	20	396	347	722	1.61e-171	501
K7432|K7432_000476-T1	CDS05327.1|GT2|	47.4	1762	846	33	12	1718	4	1740	0.0	1541
K7432|K7432_000483-T1	AAM33305.1|CBM48|GH13_8|	71.9	669	186	2	32	699	15	682	0.0	1031
K7432|K7432_000699-T1	QAA64968.1|GH13_5|	55.8	482	207	5	1	481	1	477	2.86e-199	566
K7432|K7432_000716-T1	AHX26715.1|GT2|	33.5	785	455	16	62	793	17	787	1.04e-116	414
K7432|K7432_000717-T1	CDS03631.1|GT57|	53.4	481	212	5	13	490	4	475	5.74e-169	490
K7432|K7432_000737-T1	BAD97445.1|GH5_9|3.2.1.58	43.9	387	203	9	26	404	32	412	3.95e-103	316
K7432|K7432_000790-T1	CED83340.1|GT31|	39.2	1108	538	26	140	1126	829	1921	1.77e-214	676
K7432|K7432_000860-T1	AVI60826.1|GT22|	65.2	425	116	6	10	409	583	1000	3.14e-175	545
K7432|K7432_000885-T1	CDS13453.1|PL38|	46.5	374	200	0	16	389	32	405	3.01e-114	346
K7432|K7432_000888-T1	QBQ55251.1|CBM50|	34.2	990	532	19	18	1002	35	910	1.86e-148	474
K7432|K7432_000910-T1	CDS09089.1|GT41|	51.1	1261	450	23	533	1691	292	1488	0.0	1097
K7432|K7432_000937-T1	AIE96983.1|GT7|	32.1	1228	677	35	54	1162	7	1196	1.81e-161	532
K7432|K7432_000964-T1	QHG77622.1|CBM50|	75.7	226	54	1	56	280	52	277	1.14e-119	353
K7432|K7432_000994-T1	CCA70650.1|GT48|	52.4	370	171	1	1	365	1385	1754	1.44e-112	365
K7432|K7432_000996-T1	CDI52508.1|GT48|	56.1	1661	701	11	183	1821	120	1774	0.0	1816
K7432|K7432_001035-T1	ADV23959.1|GT2|	65.6	468	134	5	1	462	1	447	3.25e-223	625
K7432|K7432_001060-T1	QBQ55243.1|CBM50|	32.5	813	466	19	77	871	10	757	1.01e-103	357
K7432|K7432_001069-T1	CDS06248.1|GT2|	71.5	407	112	1	1	407	1	403	6.08e-221	618
K7432|K7432_001081-T1	CDS13455.1|GH63|	52.0	810	357	9	19	811	10	804	7.59e-298	842
K7432|K7432_001126-T1	QBQ55243.1|CBM50|	33.1	810	465	20	78	872	10	757	1.16e-105	362
K7432|K7432_001157-T1	QCE13289.1|CE8|	58.9	406	141	4	7	389	409	811	4.90e-153	472
K7432|K7432_001189-T1	BAY30132.1|GT2|	40.2	557	296	11	18	543	3018	3568	4.59e-105	352
K7432|K7432_001211-T1	CDS09314.1|GT39|	52.4	699	322	4	54	745	117	811	6.86e-255	733
K7432|K7432_001248-T1	AWP12516.1|GT29|	42.6	669	363	11	19	683	425	1076	1.13e-159	507
K7432|K7432_001249-T1	CDS10470.1|GT2|	73.4	414	102	3	1	406	1	414	1.11e-224	629
K7432|K7432_001298-T1	EGX46445.1|GT35|	63.5	823	297	3	40	860	52	873	0.0	1070
K7432|K7432_001299-T1	AHX26715.1|GT2|	32.9	768	438	14	82	793	35	781	4.40e-109	391
K7432|K7432_001335-T1	ATU90724.1|CBM50|	37.7	541	312	10	14	541	9	537	1.17e-111	350
K7432|K7432_001437-T1	CDS13587.1|GT31|GT32|	35.4	982	558	21	24	946	21	985	1.14e-202	612
K7432|K7432_001523-T1	BAY90071.1|GT2|	23.9	3247	1995	101	1505	4546	312	3287	2.01e-174	615
K7432|K7432_001546-T1	CBX99002.1|GH18|	54.3	300	114	4	1	277	1	300	3.69e-108	335
K7432|K7432_001572-T1	AIE96983.1|GT7|	33.4	1264	687	22	27	1213	7	1192	1.90e-216	683
K7432|K7432_001588-T1	CDS11103.1|GT66|	69.3	729	220	2	4	728	4	732	0.0	1004
K7432|K7432_001591-T1	QBZ54211.1|GH47|	50.3	868	348	13	7	828	631	1461	7.31e-253	751
K7432|K7432_001593-T1	QKX60254.1|GH76|	54.0	780	333	6	166	931	19	786	1.87e-272	798
K7432|K7432_001620-T1	QKD62991.1|GH12|	37.2	581	352	3	263	843	1094	1661	3.70e-104	362
K7432|K7432_001708-T1	QBQ55251.1|CBM50|	38.2	825	448	15	13	835	20	784	6.40e-148	472
K7432|K7432_001721-T1	QKD55908.1|GH18|	28.8	1185	620	24	24	1008	1014	2174	3.48e-129	438
K7432|K7432_001812-T1	QBQ55251.1|CBM50|	37.2	887	513	12	19	877	25	895	1.62e-161	505
K7432|K7432_001823-T1	CDS11938.1|GT1|	37.4	988	494	18	118	1013	4	959	2.42e-222	664
K7432|K7432_001844-T1	AGV00788.1|CBM48|GH13_8|2.4.1.18	63.0	670	245	3	16	683	26	694	0.0	900
K7432|K7432_001875-T1	VDD15082.1|CBM48|GH13_8|	28.6	1323	841	28	94	1361	118	1392	1.20e-141	486
K7432|K7432_001904-T1	QBQ55251.1|CBM50|	37.1	836	462	16	13	846	19	792	2.84e-141	455
K7432|K7432_001905-T1	CDS03190.1|GH0|	52.0	1237	483	13	11	1153	16	1235	0.0	1163
K7432|K7432_001905-T2	CDS03190.1|GH0|	51.1	1187	469	13	2	1094	66	1235	0.0	1085
K7432|K7432_001979-T1	CDS09935.1|AA1_2|	53.0	553	254	3	28	580	31	577	9.29e-211	603
K7432|K7432_001981-T1	EAU93428.2|CBM5|GH18|3.2.1.14	51.3	503	213	9	24	504	19	511	8.81e-140	422
K7432|K7432_002023-T1	QKX56076.1|GH51|	43.1	425	234	4	114	531	918	1341	8.85e-107	356
K7432|K7432_002148-T1	CUI24525.1|GH19|	58.2	325	126	3	30	344	4	328	1.23e-116	372
K7432|K7432_002301-T1	CDS05327.1|GT2|	47.8	1723	807	31	27	1678	22	1722	0.0	1503
K7432|K7432_002429-T1	CDI51946.1|GT3|	71.3	655	173	3	5	647	11	662	0.0	976
K7432|K7432_002437-T1	CDS05640.1|GH20|	58.8	594	209	5	2	560	153	745	2.90e-251	711
K7432|K7432_002437-T2	CDS05640.1|GH20|	54.4	745	278	8	6	711	24	745	1.57e-288	812
K7432|K7432_002437-T3	CDS05640.1|GH20|	56.9	677	249	7	4	641	73	745	2.94e-275	776
K7432|K7432_002513-T1	QKD52213.1|GT2|	38.1	620	304	8	23	598	50	633	1.31e-126	395
K7432|K7432_002575-T1	CAC9915063.1|GH47|	28.8	1061	698	22	1	1020	442	1486	1.19e-127	427
K7432|K7432_002632-T1	CDS07813.1|GH37|	41.8	574	301	8	55	628	33	573	1.97e-162	482
K7432|K7432_002712-T1	ATY61147.1|GH89|	32.1	807	438	20	49	844	42	749	6.53e-129	409
K7432|K7432_002735-T1	SVE85332.1|GH9|	52.9	915	411	5	6	908	418	1324	1.64e-146	472
K7432|K7432_002851-T1	CDS13453.1|PL38|	46.1	384	207	0	19	402	22	405	2.14e-115	350
K7432|K7432_002861-T1	VDD15082.1|CBM48|GH13_8|	27.0	1339	825	35	136	1401	142	1400	4.85e-117	414
K7432|K7432_002934-T1	ATU90724.1|CBM50|	37.6	550	313	10	1	539	5	535	2.97e-112	351
K7432|K7432_002962-T1	CDS06217.1|GT49|	47.6	414	203	1	8	407	10	423	2.14e-152	443
K7432|K7432_002970-T1	QGI67417.1|GH18|	59.7	457	176	6	2	450	380	836	3.16e-169	504
K7432|K7432_003008-T1	ADK37846.1|GH18|	68.7	294	89	2	30	322	1	292	6.48e-143	416
K7432|K7432_003103-T1	VDD15082.1|CBM48|GH13_8|	30.3	1117	690	29	1	1078	328	1394	5.43e-126	433
K7432|K7432_003144-T1	SMR56934.1|GT22|	49.9	651	302	7	65	704	499	1136	3.62e-209	624
K7432|K7432_003242-T1	CDS07345.1|CE4|	52.5	322	145	4	21	337	52	370	6.59e-116	349
K7432|K7432_003256-T1	CDR38041.1|GT2|	53.6	995	394	12	82	1024	294	1272	0.0	1006
K7432|K7432_003274-T1	AWP09643.1|CBM13|GT27|	54.7	296	127	3	1	292	673	965	2.64e-107	342
K7432|K7432_003323-T1	VDD15082.1|CBM48|GH13_8|	28.0	1316	826	32	105	1354	131	1390	1.38e-119	421
K7432|K7432_003376-T1	QHG77622.1|CBM50|	75.4	199	48	1	1	198	78	276	3.66e-103	307
K7432|K7432_003376-T2	QHG77622.1|CBM50|	76.0	221	52	1	39	258	56	276	3.35e-118	348
K7432|K7432_003391-T1	CDS14181.1|GH18|	55.8	396	162	4	2	386	7	400	1.36e-158	456
K7432|K7432_003453-T1	CDZ96241.1|GT0|	39.4	564	282	9	2	507	28	589	3.91e-120	382
K7432|K7432_003465-T1	AIT83212.1|GT4|	67.7	303	96	1	1	303	14	314	4.13e-145	431
K7432|K7432_003488-T1	CDS09314.1|GT39|	57.9	684	280	3	43	722	109	788	1.85e-292	832
K7432|K7432_003503-T1	CDS04937.1|GH18|	37.8	688	318	19	2308	2957	2363	2978	2.78e-108	395
K7432|K7432_003505-T1	AMJ52391.1|GH47|	50.6	480	222	8	111	578	92	568	7.81e-156	462
K7432|K7432_003505-T2	AMJ52391.1|GH47|	48.4	401	195	5	111	502	92	489	4.87e-122	374
K7432|K7432_003516-T1	QHG77622.1|CBM50|	76.4	203	47	1	1	202	78	280	2.52e-106	315
K7432|K7432_003516-T2	QHG77622.1|CBM50|	76.0	229	54	1	33	260	52	280	3.00e-121	356
K7432|K7432_003531-T1	AGC24356.1|GH3|3.2.1.52	50.3	863	403	9	8	863	12	855	1.16e-302	859
K7432|K7432_003775-T1	AGP40408.1|GH81|	36.8	666	389	12	1	652	53	700	4.57e-139	427
K7432|K7432_003880-T1	QBQ55251.1|CBM50|	30.2	983	565	20	71	1039	21	896	2.97e-107	365
K7432|K7432_003881-T1	AVM55139.1|GH65|	39.5	692	381	16	55	741	696	1354	2.45e-153	486
K7432|K7432_004020-T1	CDS12806.1|GH31|	44.6	854	439	10	31	856	34	881	3.09e-261	754
K7432|K7432_004026-T1	CDS04796.1|CE9|	50.6	429	181	5	3	401	5	432	3.87e-148	431
K7432|K7432_004031-T1	ABG81487.1|GT31|	49.9	437	181	9	5	431	7	415	3.86e-121	385
K7432|K7432_004031-T2	ABG81487.1|GT31|	49.9	437	181	9	5	431	7	415	2.27e-122	385
K7432|K7432_004097-T1	CBX99002.1|GH18|	64.0	300	86	4	4	281	2	301	1.23e-129	390
K7432|K7432_004141-T1	QGI86474.1|GH125|	50.2	474	204	6	26	476	28	492	3.19e-145	444
K7432|K7432_004210-T1	QCY28126.1|GH13_5|	61.7	481	177	2	3	480	4	480	4.79e-229	642
K7432|K7432_004212-T1	QKX64719.1|GT31|	41.4	517	276	10	14	507	12	524	2.06e-120	380
K7432|K7432_004236-T1	CDS11283.1|GH8|	46.7	368	168	8	5	352	4	363	5.63e-114	340
K7432|K7432_004248-T1	CDS08390.1|GH31|	52.0	894	398	11	2	873	59	943	0.0	972
K7432|K7432_004262-T1	CDS03721.1|GT4|	53.5	441	201	4	12	449	6	445	1.41e-161	468
K7432|K7432_004302-T1	AMJ52391.1|GH47|	38.2	477	263	8	103	557	95	561	2.61e-105	332
K7432|K7432_004364-T1	VDD19117.1|GT95|	83.3	222	35	2	2	223	75	294	9.09e-122	365
K7432|K7432_004418-T1	CDS09009.1|GT20|	51.6	752	341	11	108	846	145	886	1.12e-274	788
K7432|K7432_004501-T1	CDS12333.1|GH5_7|	43.3	404	209	7	12	398	40	440	2.73e-115	348
K7432|K7432_004582-T1	CDS07813.1|GH37|	48.9	570	264	9	29	596	33	577	9.09e-196	566
K7432|K7432_004652-T1	BAC78196.1|GT2|	54.4	978	377	17	248	1174	218	1177	0.0	974
K7432|K7432_004665-T1	QBQ55251.1|CBM50|	34.3	1000	528	20	18	1011	35	911	5.71e-150	478
K7432|K7432_004725-T1	QBZ54211.1|GH47|	47.0	861	387	13	7	824	631	1465	1.93e-228	688
K7432|K7432_004736-T1	CDS09884.1|GT49|	49.9	389	164	2	3	391	34	391	4.11e-144	419
K7432|K7432_004753-T1	BBN14963.1|CBM20|	47.9	405	199	8	11	407	397	797	4.11e-119	370
K7432|K7432_004769-T1	BAF41225.1|GT2|	55.6	974	384	11	156	1088	198	1164	0.0	1014
K7432|K7432_004782-T1	CCA15473.1|GH72|	51.9	395	182	3	38	430	564	952	2.79e-129	400
K7432|K7432_004787-T1	CDS08707.1|AA5_1|	44.0	507	267	9	22	517	36	536	1.04e-142	426
K7432|K7432_004793-T1	CCA67749.1|GT22|	40.6	630	318	13	45	627	55	675	3.06e-147	446
K7432|K7432_004794-T1	QKX60855.1|GT22|	70.5	302	86	1	25	326	567	865	2.10e-135	410
K7432|K7432_004869-T2	QDS71101.1|GT1|	38.0	537	303	6	124	636	1459	1989	2.66e-104	353
K7432|K7432_004869-T3	QDS71101.1|GT1|	39.4	573	317	6	124	672	1459	2025	1.52e-118	400
K7432|K7432_004917-T1	CDS02746.1|GT4|	77.2	426	95	1	7	432	1	424	1.44e-243	675
K7432|K7432_004917-T2	CDS02746.1|GT4|	77.3	339	56	1	7	345	1	318	2.93e-187	528
K7432|K7432_004923-T1	CDS08707.1|AA5_1|	44.1	506	266	9	21	515	37	536	1.43e-142	426
K7432|K7432_004980-T1	AKU79211.1|GH20|	34.5	632	321	13	22	579	19	631	2.11e-118	369
K7432|K7432_005001-T1	ARF90664.1|GT4|	54.2	312	141	1	75	384	440	751	2.44e-112	350
K7432|K7432_005024-T1	CDS06289.1|GT49|	49.5	422	201	4	2	412	1	421	7.45e-156	451
K7432|K7432_005054-T1	EAA31326.1|GH71|	47.1	586	278	7	89	655	629	1201	7.88e-171	525
K7432|K7432_005110-T1	BAY30132.1|GT2|	28.4	1280	777	35	2537	3744	2082	3294	2.11e-125	453
K7432|K7432_005144-T1	BAY30132.1|GT2|	36.7	1144	656	23	72	1178	2452	3564	1.35e-200	653
K7432|K7432_005173-T1	BAJ08814.1|GT2|	56.5	752	306	9	61	799	120	863	1.12e-292	831
K7432|K7432_005178-T1	AFK25797.1|GT2|	44.5	843	377	14	415	1203	75	880	2.50e-217	662
K7432|K7432_005198-T1	VDC69778.1|CE8|	48.0	614	308	8	165	773	658	1265	1.79e-194	592
K7432|K7432_005232-T1	AIT83212.1|GT4|	63.8	320	96	1	56	375	15	314	2.21e-139	419
K7432|K7432_005426-T1	CDS08550.1|GT20|	73.5	761	197	3	12	770	11	768	0.0	1167
K7432|K7432_005451-T1	BAY30132.1|GT2|	29.0	1081	661	33	1330	2361	2269	3292	1.80e-103	380
K7432|K7432_005457-T1	CDS11918.1|CBM43|GH72|	52.0	460	205	7	16	466	14	466	2.35e-159	466
K7432|K7432_005476-T1	CDS09580.1|GH20|	40.8	603	285	14	15	555	16	608	5.85e-146	438
K7432|K7432_005516-T1	AFZ04852.1|GT2|	30.8	924	539	27	1505	2379	309	1181	9.53e-105	376
K7432|K7432_005551-T1	CDI52508.1|GT48|	53.6	880	380	12	179	1036	116	989	1.55e-304	902
K7432|K7432_005552-T1	CDS10867.1|GT2|	72.3	499	137	1	2	500	682	1179	3.33e-260	754
K7432|K7432_005662-T1	CUI24525.1|GH19|	61.1	311	115	2	42	346	18	328	1.94e-120	382
K7432|K7432_005672-T1	CDS13004.1|GT20|	52.4	765	350	6	19	779	25	779	1.61e-292	827
K7432|K7432_005781-T1	CDR47418.1|GH13_25|GH133|	43.6	693	343	11	6	663	45	724	2.53e-182	564
K7432|K7432_005895-T1	QDS71450.1|GH47|	54.8	332	141	4	2	325	1026	1356	2.12e-116	372
K7432|K7432_005945-T1	CDS09935.1|AA1_2|	50.3	559	246	6	22	559	25	572	9.54e-194	560
K7432|K7432_005981-T1	CUI24525.1|GH19|	61.4	311	114	2	44	348	18	328	1.97e-121	385
K7432|K7432_006023-T1	EAA64589.1|GT39|	53.1	736	310	11	51	758	45	773	1.66e-254	729
K7432|K7432_006119-T1	CAN65674.1|GH28|	37.5	546	305	10	146	682	111	629	8.30e-104	349
K7432|K7432_006144-T1	CDS03806.1|GT48|	55.6	1151	461	12	157	1295	190	1302	0.0	1258
K7432|K7432_006152-T1	CDS03326.1|GH47|	52.6	475	208	9	51	516	96	562	5.36e-163	480
K7432|K7432_006174-T1	AIT83212.1|GT4|	69.0	303	92	1	1	303	14	314	5.10e-149	441
K7432|K7432_006200-T1	BAA01024.1|GT2|2.4.1.16	53.7	758	324	9	270	1015	116	858	2.18e-267	775
K7432|K7432_006216-T1	AAM33305.1|CBM48|GH13_8|	71.7	669	186	3	33	699	15	682	0.0	1020
K7432|K7432_006256-T1	AFZ04852.1|GT2|	36.0	1007	568	18	34	984	323	1309	4.38e-174	554
K7432|K7432_006363-T1	CDS13093.1|GT57|	53.1	431	193	3	53	481	1	424	1.63e-157	459
K7432|K7432_006415-T1	EAA65303.1|GT0|	57.4	855	354	4	47	891	727	1581	0.0	972
K7432|K7432_006444-T1	BAA01021.1|CBM19|GH18|3.2.1.14	43.1	554	263	13	8	550	10	522	8.56e-114	353
K7432|K7432_006470-T1	QHG77622.1|CBM50|	76.3	224	52	1	29	251	52	275	1.76e-119	351
K7432|K7432_006518-T1	QBQ55251.1|CBM50|	31.3	998	557	27	75	1054	10	896	4.57e-111	375
K7432|K7432_006560-T1	CDS05797.1|GT24|	40.0	1529	790	38	26	1515	22	1461	0.0	1032
K7432|K7432_006560-T2	CDS05797.1|GT24|	43.3	1212	611	24	2	1193	306	1461	0.0	937
K7432|K7432_006577-T1	SJX61105.1|GT3|	74.5	636	152	3	4	629	7	642	0.0	991
K7432|K7432_006581-T1	QKX64719.1|GT31|	41.9	489	259	8	52	517	38	524	2.35e-118	375
K7432|K7432_006613-T1	CDS10611.1|GT21|	49.3	400	189	4	26	412	6	404	3.76e-125	377
K7432|K7432_006708-T1	AWP12516.1|GT29|	45.2	617	322	10	44	655	473	1078	6.58e-163	515
K7432|K7432_006730-T1	ADK37846.1|GH18|	67.0	294	92	4	35	325	1	292	2.71e-135	397
K7432|K7432_006735-T1	BAY90071.1|GT2|	28.8	3272	1628	69	376	2971	303	3549	0.0	1131
K7432|K7432_006749-T1	CDS05274.1|GT2|	58.7	890	330	12	3	855	84	972	0.0	1028
K7432|K7432_006752-T1	BAA01021.1|CBM19|GH18|3.2.1.14	40.6	549	280	13	8	545	10	523	1.40e-107	337
K7432|K7432_006777-T1	CDS03326.1|GH47|	56.7	471	192	6	86	550	133	597	7.16e-185	537
K7432|K7432_006897-T1	AWP09643.1|CBM13|GT27|	51.1	413	192	5	19	427	574	980	2.28e-137	426
K7432|K7432_006933-T1	QCE13289.1|CE8|	57.9	406	145	4	7	389	409	811	2.76e-151	467
K7432|K7432_006935-T1	CDS08707.1|AA5_1|	43.8	507	268	9	20	515	36	536	7.83e-140	419
K7432|K7432_007082-T1	AZQ26801.1|GT2|	42.8	509	277	8	7	503	14	520	8.35e-120	392
K7432|K7432_007116-T1	QIW95080.1|GH47|	28.4	2137	1317	58	85	2118	574	2599	2.46e-227	749
K7432|K7432_007149-T1	CDS12794.1|GT39|	55.3	721	312	3	21	731	33	753	2.22e-293	826
K7432|K7432_007204-T1	ADK37846.1|GH18|	69.4	294	87	2	38	330	1	292	1.10e-149	431
K7432|K7432_007242-T1	CDS13004.1|GT20|	58.8	776	294	6	14	785	25	778	0.0	947
K7432|K7432_007264-T1	CDS02875.1|GH9|	52.0	481	204	9	24	495	17	479	4.03e-170	497
K7432|K7432_007268-T1	QGI86474.1|GH125|	48.7	474	217	5	22	476	26	492	6.42e-141	433
K7432|K7432_007299-T1	BAZ00088.1|GT2|	30.1	933	583	28	1	899	1206	2103	9.50e-104	375
K7432|K7432_007386-T1	EAA64118.1|CBM20|GH15|	42.8	538	283	9	7	528	696	1224	8.02e-146	456
K7432|K7432_007469-T1	QCD84628.1|CBM43|	47.5	1088	535	7	35	1120	105	1158	0.0	1056
K7432|K7432_007496-T1	AMJ52391.1|GH47|	48.3	478	222	6	99	558	92	562	7.45e-149	444
K7432|K7432_007496-T2	AMJ52391.1|GH47|	47.1	414	194	6	1	396	156	562	9.70e-121	366
K7432|K7432_007496-T3	AMJ52391.1|GH47|	45.4	390	190	5	99	472	92	474	2.28e-107	334
K7432|K7432_007595-T1	VDD15082.1|CBM48|GH13_8|	29.0	1256	773	28	175	1364	190	1392	4.74e-140	482
K7432|K7432_007648-T1	VBB76690.1|AA3|	39.0	630	312	15	33	602	27	644	2.69e-132	406
K7432|K7432_007775-T1	QGJ02120.1|AA0|	36.3	727	420	12	12	715	7	713	1.94e-136	423
K7432|K7432_007832-T1	CDS06183.1|GT0|	37.2	729	357	12	26	659	80	802	2.08e-138	429
K7432|K7432_007862-T1	EAU93428.2|CBM5|GH18|3.2.1.14	52.4	433	175	9	3	414	89	511	9.89e-114	352
K7432|K7432_007862-T2	EAU93428.2|CBM5|GH18|3.2.1.14	52.1	518	213	10	9	505	8	511	9.03e-146	434
K7432|K7432_007902-T1	CDS08031.1|GT2|	46.6	1715	837	26	10	1675	4	1689	0.0	1457
K7432|K7432_007910-T1	CDS07813.1|GH37|	41.6	570	305	9	48	616	33	575	2.77e-158	471
K7432|K7432_007974-T1	CDS04937.1|GH18|	34.3	3049	1690	59	118	3075	129	2955	0.0	1631
K7432|K7432_007984-T1	CDS13453.1|PL38|	46.6	384	205	0	31	414	24	407	9.50e-116	351
K7432|K7432_008027-T1	CDS12794.1|GT39|	50.0	632	309	3	1	626	123	753	2.23e-225	649
K7432|K7432_008162-T1	VBB76690.1|AA3|	41.5	646	297	21	15	595	15	644	2.38e-141	429
K7432|K7432_008171-T1	AWO98658.1|GH37|	72.2	410	113	1	17	425	69	478	7.01e-205	602
K7432|K7432_008171-T2	AWO98658.1|GH37|	71.4	371	105	1	1	370	108	478	2.37e-181	539
K7432|K7432_008189-T1	AWK40831.1|GH23|	27.4	1694	1031	53	39	1611	307	1922	2.36e-159	540
K7432|K7432_008211-T1	ADV23959.1|GT2|	70.7	413	117	1	1	409	1	413	1.06e-215	607
K7432|K7432_008213-T1	CUI24525.1|GH19|	63.1	301	105	2	39	333	17	317	6.29e-122	374
K7432|K7432_008243-T1	SMQ54725.1|GH16_2|	49.8	416	190	8	96	505	428	830	2.27e-132	408
K7432|K7432_008314-T1	CDS09097.1|GH15|	51.8	656	285	10	1	626	77	731	2.57e-237	678
K7432|K7432_008314-T2	CDS09097.1|GH15|	53.0	504	218	7	49	534	229	731	2.07e-182	535
K7432|K7432_008314-T3	CDS09097.1|GH15|	50.4	561	249	8	1	533	77	636	1.72e-195	568
K7432|K7432_008364-T1	CDS05274.1|GT2|	58.9	896	318	15	3	855	84	972	0.0	1029
K7432|K7432_008391-T1	EGX46445.1|GT35|	62.9	821	303	2	42	861	54	873	0.0	1060
K7432|K7432_008446-T1	QBJ27663.1|CBM18|GH18|	37.3	485	251	6	47	522	54	494	1.09e-114	357
K7432|K7432_008507-T1	ADK37846.1|GH18|	65.0	294	99	3	31	322	1	292	3.96e-136	399
K7432|K7432_008546-T1	VUW72999.1|AA1|	51.7	549	223	6	121	641	19	553	4.70e-168	517
K7432|K7432_008564-T1	CBX98021.1|GH32|	39.4	630	336	17	27	630	59	668	2.26e-146	444
K7432|K7432_008600-T1	CDS08206.1|GH31|	43.2	824	432	14	36	852	50	844	1.65e-230	677
K7432|K7432_008626-T1	QGA18874.1|GT2|	54.8	977	407	17	5	950	222	1194	0.0	978
K7432|K7432_008696-T1	AWP04987.1|GT13|	45.3	982	517	11	73	1041	79	1053	5.27e-297	874
K7432|K7432_008735-T1	CDR38041.1|GT2|	55.3	993	420	14	96	1068	294	1282	0.0	1019
K7432|K7432_008741-T1	VDD15082.1|CBM48|GH13_8|	29.0	1325	821	30	100	1358	122	1392	1.06e-144	495
K7432|K7432_008771-T1	QDI60973.1|GH13_5|	53.5	480	219	4	3	481	4	480	3.46e-194	553
K7432|K7432_008781-T1	CDZ96241.1|GT0|	37.4	569	300	7	2	514	28	596	1.51e-119	380
K7432|K7432_008824-T1	CDS02875.1|GH9|	51.1	315	139	7	28	334	21	328	3.04e-105	323
K7432|K7432_008853-T1	BAA19857.1|GT2|2.4.1.16	53.4	777	323	11	35	790	83	841	1.22e-269	771
K7432|K7432_008871-T1	CDS04796.1|CE9|	48.2	423	189	5	7	401	11	431	3.02e-140	411
K7432|K7432_008882-T1	CDS08031.1|GT2|	37.0	787	458	13	2	765	4	775	2.30e-155	501
K7432|K7432_008888-T1	ADV23959.1|GT2|	69.9	428	125	1	1	424	1	428	8.30e-214	602
K7432|K7432_009060-T1	EGX53418.1|GH31|	39.8	593	335	10	25	608	49	628	2.33e-154	472
K7432|K7432_009099-T1	VUW72999.1|AA1|	41.5	479	254	9	320	781	160	629	2.23e-104	352
K7432|K7432_009099-T2	VUW72999.1|AA1|	41.5	479	254	9	240	701	160	629	2.74e-105	352
K7432|K7432_009125-T1	QKX53119.1|GH72|	48.8	424	203	5	1	413	73	493	5.52e-127	408
K7432|K7432_009125-T2	QKX53119.1|GH72|	50.4	496	229	6	2	483	1	493	4.97e-162	503
K7432|K7432_009125-T4	QKX53119.1|GH72|	50.4	496	229	6	2	483	1	493	3.09e-163	503
K7432|K7432_009213-T1	CDS05746.1|GH5_9|	54.3	427	187	4	59	480	2	425	4.36e-191	543
K7432|K7432_009278-T1	CDS12806.1|GH31|	44.5	854	440	11	30	855	34	881	8.49e-269	773
K7432|K7432_009296-T1	CBX99002.1|GH18|	63.8	301	85	4	3	279	2	302	4.01e-128	387
K7432|K7432_009346-T1	QCW79542.1|GH101|	54.3	457	201	2	104	552	612	1068	1.63e-163	497
K7432|K7432_009354-T1	EAA64118.1|CBM20|GH15|	42.2	434	223	7	26	439	713	1138	4.43e-112	362
K7432|K7432_009418-T1	CDS05465.1|GH47|	55.6	538	225	2	47	570	1	538	8.47e-215	613
K7432|K7432_009451-T1	CAP79887.1|GT2|	60.9	660	219	11	408	1032	542	1197	1.05e-261	774
K7432|K7432_009574-T1	CCA15473.1|GH72|	46.3	395	200	8	1	392	565	950	2.65e-108	344
K7432|K7432_009812-T1	EAU93428.2|CBM5|GH18|3.2.1.14	43.4	502	220	7	30	476	19	511	3.66e-133	404
K7432|K7432_009877-T1	CDS08031.1|GT2|	45.9	1693	842	24	15	1651	13	1687	0.0	1439
K7432|K7432_009890-T1	VDD15082.1|CBM48|GH13_8|	28.9	1367	859	34	57	1363	81	1394	7.35e-141	484
K7432|K7432_009943-T1	BAZ00088.1|GT2|	27.6	1316	785	41	262	1489	2056	3291	3.22e-114	416
K7432|K7432_009984-T1	QGI58483.1|AA2|	59.0	344	125	6	28	368	25	355	6.20e-136	396
K7432|K7432_009991-T1	CBA03971.1|GT30|	62.5	392	146	1	8	398	4	395	6.30e-170	507
K7432|K7432_010046-T1	QEO24085.1|GH47|	52.2	368	167	4	50	412	841	1204	4.46e-121	384
K7432|K7432_010095-T1	BAE60253.1|GH5_27|	49.2	465	222	4	28	491	41	492	1.53e-163	477
K7432|K7432_010104-T1	CDS08832.1|GT58|	53.1	390	171	3	22	406	14	396	7.00e-130	384
K7432|K7432_010233-T1	CDS03765.1|GT4|	51.8	625	286	6	21	633	25	646	5.52e-233	666
K7432|K7432_010251-T1	CDS08031.1|GT2|	47.5	1689	818	24	15	1648	13	1687	0.0	1494
K7432|K7432_010267-T1	VWO94258.1|CBM1|GH5_5|	47.3	677	274	15	35	653	395	1046	1.77e-168	513
K7432|K7432_010299-T1	QGI86474.1|GH125|	47.5	474	220	6	22	473	26	492	3.75e-134	416
K7432|K7432_010304-T1	CDS04796.1|CE9|	49.3	428	188	4	1	400	4	430	5.69e-148	431
K7432|K7432_010333-T1	QDS71101.1|GT1|	38.9	661	376	9	39	675	1373	2029	3.44e-131	436
K7432|K7432_010368-T1	AWK40831.1|GH23|	32.7	1853	1153	33	215	2009	62	1878	2.99e-297	940
K7432|K7432_010395-T1	CDS09009.1|GT20|	46.0	893	419	15	7	845	3	886	1.82e-278	798
K7432|K7432_010618-T1	QDS71450.1|GH47|	59.9	327	130	1	7	332	1038	1364	7.52e-133	417
K7432|K7432_010635-T1	BAZ00088.1|GT2|	31.6	1511	895	40	1076	2501	2110	3566	1.01e-174	608
K7432|K7432_010757-T1	CDS05274.1|GT2|	56.2	943	378	15	7	921	79	1014	0.0	1033
K7432|K7432_010757-T2	CDS05274.1|GT2|	56.6	860	342	13	7	838	79	935	0.0	955
K7432|K7432_010792-T1	BAY90071.1|GT2|	34.7	906	531	20	364	1235	361	1239	1.15e-134	478
K7432|K7432_010794-T1	CAN80640.1|GT47|	51.4	424	201	3	5	423	939	1362	2.42e-148	459
K7432|K7432_010796-T1	AWP04987.1|GT13|	40.0	984	532	18	41	1010	99	1038	3.15e-241	729
K7432|K7432_010816-T1	AHX26715.1|GT2|	32.4	784	448	19	88	807	35	800	5.28e-107	389
K7432|K7432_010863-T1	QKS72910.1|GH13_5|	54.7	481	215	2	3	483	7	484	5.80e-205	581
K7432|K7432_010931-T1	CDS02615.1|GT2|	28.2	1032	523	27	3	829	246	1264	1.41e-108	366
K7432|K7432_010938-T1	BBN14963.1|CBM20|	47.7	405	200	8	11	407	397	797	3.42e-118	368
K7432|K7432_010938-T2	BBN14963.1|CBM20|	47.8	400	197	8	1	392	402	797	4.41e-117	364
K7432|K7432_010981-T1	BBN14963.1|CBM20|	47.3	406	202	8	10	407	396	797	9.60e-116	362
K7432|K7432_010989-T1	SJX61105.1|GT3|	74.7	636	151	3	4	629	7	642	0.0	993
K7432|K7432_011052-T1	CDS05024.1|CE4|	55.6	320	140	2	18	335	51	370	8.15e-131	386
K7432|K7432_011061-T1	CED83340.1|GT31|	41.2	913	435	18	107	928	935	1836	8.94e-195	615
K7432|K7432_011061-T2	CED83340.1|GT31|	40.8	872	420	16	107	892	935	1796	2.90e-184	585
K7432|K7432_011067-T1	CDS11938.1|GT1|	39.2	954	491	18	124	1008	4	937	1.31e-225	673
K7432|K7432_011082-T1	ADK37846.1|GH18|	65.3	294	98	3	35	326	1	292	2.21e-130	385
K7432|K7432_011135-T1	CDS03403.1|GH9|	54.7	528	232	2	42	563	26	552	1.30e-215	620
K7432|K7432_011207-T1	CDS05327.1|GT2|	39.9	1261	678	23	24	1233	23	1254	2.73e-274	834
K7432|K7432_011265-T1	EGX47988.1|GH16_2|	47.8	423	196	9	121	534	294	700	3.00e-131	402
K7432|K7432_011267-T1	AAQ72769.1|GH16_2|	49.0	416	192	8	101	514	278	675	1.07e-131	402
K7432|K7432_011299-T1	CEI70513.1|GT1|	54.2	343	134	6	274	601	44	378	1.69e-120	381
K7432|K7432_011299-T2	CEI70513.1|GT1|	54.2	343	134	6	168	495	44	378	5.52e-122	381
K7432|K7432_011321-T1	CDS05274.1|GT2|	56.5	950	358	17	3	907	82	1021	0.0	994
K7432|K7432_011335-T1	CDS09097.1|GH15|	58.8	674	249	6	8	653	61	733	1.30e-291	817
K7432|K7432_011368-T1	VDC85335.1|GT22|	42.9	527	256	8	6	503	43	553	3.52e-134	404
K7432|K7432_011449-T1	ADK37846.1|GH18|	65.6	294	97	3	35	326	1	292	3.82e-131	387
K7432|K7432_011468-T1	ADK37844.1|GH16_4|	59.5	321	128	2	28	346	1	321	7.02e-150	429
K7432|K7432_011485-T1	ACX49739.1|GH4|	26.3	1447	892	37	217	1561	465	1838	4.27e-111	403
K7432|K7432_011651-T1	BAC57563.1|GH31|3.2.1.20	47.5	914	452	12	51	937	32	944	1.50e-288	835
K7432|K7432_011803-T1	AOY79580.1|GH9|	42.5	454	222	13	92	530	33	462	1.02e-105	330
K7432|K7432_011825-T1	QKX56076.1|GH51|	66.7	384	124	3	281	664	834	1213	5.80e-158	499
K7432|K7432_011984-T1	ANZ43180.1|PL31|	47.3	640	279	16	8	638	20	610	1.74e-181	550
K7432|K7432_012030-T1	QBZ55420.1|CBM18|GH18|	39.1	504	249	9	20	511	44	501	3.78e-112	350
K7432|K7432_012035-T1	VDD15082.1|CBM48|GH13_8|	28.2	1323	844	30	49	1313	118	1392	1.86e-140	482
K7432|K7432_012181-T1	CDS09097.1|GH15|	57.7	539	199	5	11	521	64	601	4.87e-222	635
K7432|K7432_012220-T1	BBN14963.1|CBM20|	48.0	400	196	8	1	392	402	797	5.47e-118	367
K7432|K7432_012238-T1	CDS11283.1|GH8|	45.5	369	173	8	4	352	3	363	2.41e-110	330
K7432|K7432_012259-T1	AMJ52391.1|GH47|	50.1	471	223	7	102	560	92	562	1.02e-146	439
K7432|K7432_012384-T1	AKU79211.1|GH20|	35.9	630	311	14	24	579	21	631	3.25e-124	384
K7432|K7432_012419-T1	CDS05700.1|GT33|	49.8	440	215	4	26	463	51	486	3.34e-145	429
K7432|K7432_012541-T1	QKD52213.1|GT2|	35.7	669	337	13	23	635	50	681	1.35e-123	388
K7432|K7432_012546-T1	VDD19117.1|GT95|	77.4	301	67	1	3	303	75	374	9.32e-161	468
K7432|K7432_012550-T1	CDS10867.1|GT2|	70.9	244	70	1	1	244	934	1176	8.25e-113	357
K7432|K7432_012551-T1	CCA67161.1|GT2|	38.0	881	455	19	34	851	36	888	8.32e-162	513
K7432|K7432_012629-T1	CDR38041.1|GT2|	50.5	1037	431	21	115	1085	293	1313	0.0	946
K7432|K7432_012715-T1	QEO24085.1|GH47|	51.1	413	184	6	5	409	802	1204	8.67e-127	399
K7432|K7432_012782-T1	BAA01021.1|CBM19|GH18|3.2.1.14	38.9	601	284	17	9	598	11	539	1.83e-106	335
K7432|K7432_012788-T1	QKX53460.1|AA4|	51.5	412	196	3	31	438	626	1037	1.08e-144	443
K7432|K7432_012808-T1	CDS10611.1|GT21|	50.3	340	156	3	4	330	72	411	2.47e-115	347
K7432|K7432_012815-T1	VDD29961.1|CE13|	38.3	527	306	9	31	548	5	521	2.27e-110	356
K7432|K7432_012815-T2	VDD29961.1|CE13|	38.7	504	290	9	31	525	5	498	9.85e-107	345
K7432|K7432_012832-T1	CDI52508.1|GT48|	55.1	1688	722	13	166	1828	100	1776	0.0	1798
K7432|K7432_013034-T1	CDS02615.1|GT2|	30.1	967	543	23	109	948	2	962	4.29e-132	440
K7432|K7432_013185-T1	CDS11483.1|GT59|	41.5	463	242	10	25	473	16	463	4.00e-105	325
K7432|K7432_013287-T1	CDS08550.1|GT20|	73.2	771	202	3	1	769	1	768	0.0	1177
K7432|K7432_013352-T1	AIT18233.1|GT4|	53.2	312	143	2	13	323	11	320	4.78e-113	340
K7432|K7432_013394-T1	VDD15082.1|CBM48|GH13_8|	28.6	1333	825	31	98	1361	118	1392	1.62e-141	486
K7432|K7432_013484-T1	QGI79035.1|GH43_30|	76.5	395	92	1	15	408	456	850	1.20e-211	635
K7432|K7432_013494-T1	CDS09935.1|AA1_2|	53.7	356	158	3	28	379	31	383	3.06e-126	380
K7432|K7432_013516-T1	AHX26715.1|GT2|	32.2	782	452	18	88	807	35	800	1.59e-109	390
K7432|K7432_013559-T1	CDS03190.1|GH0|	58.6	563	186	7	1	544	158	692	1.59e-211	630
K7432|K7432_013590-T1	BAA01024.1|GT2|2.4.1.16	66.2	376	125	1	182	557	116	489	2.80e-174	519
K7432|K7432_013615-T1	BAA01024.1|GT2|2.4.1.16	54.4	754	326	7	101	847	116	858	3.38e-273	783
K7432|K7432_013626-T1	CDZ98670.1|GH13_25|GH133|	51.4	860	409	5	1	851	789	1648	2.04e-316	921
K7432|K7432_013640-T1	BAZ00088.1|GT2|	27.8	2127	1268	68	1	2000	642	2628	3.02e-167	577
K7432|K7432_013670-T1	AKU79211.1|GH20|	38.3	642	286	12	11	562	9	630	2.32e-148	446
K7432|K7432_013683-T1	CDS06114.1|GT2|	47.6	1145	510	19	34	1138	801	1895	0.0	979
K7432|K7432_013776-T1	BAY90071.1|GT2|	33.4	1474	851	28	41	1398	2095	3554	7.09e-211	691
K7432|K7432_013818-T1	AWP12966.1|GT68|	28.0	1202	703	30	1	1064	2415	3591	1.81e-114	397
K7432|K7432_013860-T1	BBT94078.1|GH0|	43.1	504	251	9	5	501	185	659	5.68e-131	401
K7432|K7432_013883-T1	BAY90071.1|GT2|	36.4	686	400	11	229	889	354	1028	5.00e-114	390
K7432|K7432_013905-T1	CDS12794.1|GT39|	59.0	466	186	3	54	514	74	539	1.28e-193	563
K7432|K7432_013919-T1	QIW95080.1|GH47|	29.7	1177	734	28	10	1155	737	1851	1.72e-139	475
K7432|K7432_013943-T1	QKD55908.1|GH18|	38.0	650	306	16	136	716	1549	2170	7.59e-113	381
K7432|K7432_013981-T1	QDS71450.1|GH47|	64.4	267	90	2	1	262	1089	1355	2.88e-117	370
K7432|K7432_014102-T1	CDS05755.1|GT2|	49.9	509	180	6	1	504	1394	1832	2.89e-148	470
K7432|K7432_014104-T1	AIE96983.1|GT7|	37.3	582	291	9	2	541	555	1104	4.77e-114	379
K7432|K7432_014120-T1	CDS03403.1|GH9|	55.0	529	231	2	43	565	27	554	2.17e-212	612
K7432|K7432_014129-T1	AHX26715.1|GT2|	33.8	760	435	15	81	786	35	780	3.95e-113	402
K7432|K7432_014288-T1	CDS05746.1|GH5_9|	54.1	425	187	4	73	492	4	425	3.41e-188	536
K7432|K7432_014308-T1	BAZ00088.1|GT2|	31.0	1241	755	30	3	1195	2105	3292	1.78e-137	480
K7432|K7432_014497-T1	CDS06114.1|GT2|	49.6	1054	458	16	1	1028	889	1895	0.0	950
K7432|K7432_014546-T1	QBQ55243.1|CBM50|	33.1	789	459	19	94	867	23	757	6.93e-105	360
K7432|K7432_014685-T1	AIT18894.1|GH18|	44.7	376	194	6	2	366	57	429	4.92e-106	326
K7432|K7432_014698-T1	AKU79211.1|GH20|	44.0	418	188	6	1	374	215	630	1.93e-123	374
K7432|K7432_014757-T1	BAA01024.1|GT2|2.4.1.16	53.8	771	322	8	155	919	109	851	1.20e-278	800
K7432|K7432_014804-T1	CDS05274.1|GT2|	58.1	904	332	14	3	864	82	980	0.0	1008
K7432|K7432_014810-T1	CDS06792.1|CBM5|GH18|	41.5	518	226	10	249	699	15	522	8.18e-128	397
K7432|K7432_014831-T1	AOA64404.1|GH16_2|	53.1	320	140	4	1	312	332	649	3.50e-114	348
K7432|K7432_014895-T1	BAZ00088.1|GT2|	37.4	657	365	15	24	640	2891	3541	6.94e-122	405
K7432|K7432_015133-T1	BAY90071.1|GT2|	43.2	533	272	12	12	518	3016	3543	1.34e-117	387
K7432|K7432_015203-T1	BAZ00088.1|GT2|	40.0	916	473	20	37	896	2665	3559	3.35e-172	560
K7432|K7432_015273-T1	SVE72798.1|GH63|	32.5	815	447	12	21	737	19	828	5.35e-126	417
K7432|K7432_015291-T1	CDS06114.1|GT2|	50.9	1039	450	17	1	1011	889	1895	0.0	988
K7432|K7432_015337-T1	VBB76690.1|AA3|	37.7	645	338	17	7	595	9	645	3.67e-122	379
K7432|K7432_015407-T1	QDS73620.1|GT8|	52.1	470	200	9	39	491	842	1303	3.10e-112	366
K7432|K7432_015542-T1	BAJ08814.1|GT2|	52.8	477	213	6	1	468	390	863	1.98e-158	475
K7432|K7432_015581-T1	AZQ26801.1|GT2|	45.3	426	223	5	10	426	17	441	4.24e-109	358
K7432|K7432_015635-T1	AWP09643.1|CBM13|GT27|	56.2	313	128	4	1	309	673	980	8.20e-112	354
K7432|K7432_015704-T1	CDS06248.1|GT2|	73.0	307	82	1	1	306	1	307	3.52e-166	472
K7432|K7432_015855-T1	EAA65303.1|GT0|	56.8	803	337	4	48	840	731	1533	2.60e-309	900
K7432|K7432_015883-T1	QBQ55243.1|CBM50|	36.1	729	406	16	22	729	9	698	1.93e-127	410
K7432|K7432_015953-T1	EAU93428.2|CBM5|GH18|3.2.1.14	43.4	489	247	7	1	468	32	511	6.37e-129	388
K7432|K7432_015999-T1	BAY90071.1|GT2|	44.7	716	375	10	5	710	378	1082	2.44e-179	574
K7432|K7432_016153-T1	AWO98658.1|GH37|	72.9	410	110	1	17	425	69	478	2.80e-206	607
K7432|K7432_016252-T1	BAY90071.1|GT2|	30.7	900	550	26	36	897	312	1175	2.40e-104	364
K7432|K7432_016256-T1	AFZ04852.1|GT2|	30.4	908	536	31	41	901	323	1181	5.46e-107	369
K7432|K7432_016318-T1	AIE96983.1|GT7|	40.4	495	257	6	1	469	710	1192	4.50e-110	363
K7432|K7432_016336-T1	CDS02659.1|GT0|	66.8	259	84	2	81	337	74	332	1.72e-126	381
K7432|K7432_016667-T1	AKU79211.1|GH20|	44.0	434	197	5	2	391	199	630	8.89e-130	391
K7432|K7432_016790-T1	BAZ00088.1|GT2|	42.9	725	395	11	1	710	2693	3413	1.32e-165	535
K7432|K7432_017044-T1	BAZ00088.1|GT2|	39.2	743	416	8	5	713	2118	2858	1.52e-162	525
K7432|K7432_017059-T1	CDS07813.1|GH37|	53.7	356	149	5	31	386	33	372	6.67e-133	397
K7432|K7432_017132-T1	BAY30132.1|GT2|	41.5	566	311	9	10	558	473	1035	1.06e-121	405
K7432|K7432_017196-T1	CDS03806.1|GT48|	52.3	595	275	3	1	586	1293	1887	6.60e-200	614
K7432|K7432_017201-T1	AFZ04852.1|GT2|	39.2	546	289	11	1	510	647	1185	4.34e-104	352
K7432|K7432_017264-T1	BAZ00088.1|GT2|	40.9	638	360	6	2	623	2172	2808	5.65e-143	465
K7432|K7432_017285-T1	AWK40831.1|GH23|	35.2	697	412	12	3	674	583	1264	5.96e-117	390
K7432|K7432_017482-T1	CAC9909034.1|GT8|	69.6	352	106	1	14	365	340	690	2.34e-167	489
K7432|K7432_017587-T1	AXG41146.1|GH6|	45.2	577	302	4	1	574	187	752	3.60e-152	465
K7432|K7432_017741-T1	EGX49587.1|GT2|	70.3	431	127	1	2	432	755	1184	5.29e-209	615
K7432|K7432_018323-T1	AKU79211.1|GH20|	43.7	396	177	5	2	353	199	592	7.53e-115	352
K7432|K7432_018672-T1	QKX56076.1|GH51|	44.1	465	251	4	165	621	885	1348	2.83e-112	377
