CAZy Family	PPR Subfamily	Gene ID	Frequency	Hits	Signature Peptides
CE4	36	K7432|K7432_007754-T1	6.93	7	RPPYGE,LTFDDG,ALTFDD,FIRPPY,IRPPYG,TFDDGP,NVKATF
CE4	36	K7432|K7432_009550-T1	6.93	7	FIRPPY,NVKATF,LTFDDG,TFDDGP,RPPYGE,IRPPYG,ALTFDD
CE4	36	K7432|K7432_003858-T1	5.95	6	ALTFDD,RPPYGE,IRPPYG,TFDDGP,LTFDDG,NVKATF
CE4	36	K7432|K7432_012851-T1	5.95	6	ALTFDD,TFDDGP,LTFDDG,NVKATF,RPPYGE,IRPPYG
CE4	36	K7432|K7432_016140-T1	5.95	6	RPPYGE,NVKATF,ALTFDD,IRPPYG,TFDDGP,LTFDDG
CE4	36	K7432|K7432_004638-T1	5.94	6	RPPYGE,TFDDGP,NVKATF,LTFDDG,ALTFDD,IRPPYG
CE4	36	K7432|K7432_006040-T1	5.94	6	FIRPPY,RPPYGE,IRPPYG,ALTFDD,TFDDGP,LTFDDG
CE4	38	K7432|K7432_010710-T1	4.37	9	LMHDIH,IALTFD,ALTFDD,DDGPGP,GPGPYT,DGPGPY,LTFDDG,TFDDGP,FDDGPG
CE4	38	K7432|K7432_017160-T1	3.92	7	DDGPGP,LTFDDG,FDDGPG,MRPPYG,ALTFDD,VKATFF,TFDDGP
CE4	38	K7432|K7432_008605-T1	3.38	6	MRPPYG,TFDDGP,ALTFDD,FDDGPG,LTFDDG,DDGPGP
CE4	43	K7432|K7432_008620-T1	4.04	6	ALTFDD,TFDDGP,LTFDDG,IKATFF,RPPYGN,GIKATF
CE4	50	K7432|K7432_008841-T1	4.91	6	VKATFF,ALTFDD,TFDDGP,LTFDDG,FDDGPS,DDGPSE
CE4	50	K7432|K7432_017339-T1	4.91	6	LTFDDG,FDDGPS,ALTFDD,DDGPSE,VKATFF,TFDDGP
CE4	67	K7432|K7432_014127-T1	2.93	6	DTLDWK,LDWKTK,TLDWKT,LTFDDG,TFDDGP,ALTFDD
CE4	84	K7432|K7432_004827-T1	3.42	6	DDGPSP,TFDDGP,FDDGPS,DGPSPY,LTFDDG,GPSPYT
CE4	86	K7432|K7432_003513-T1	5.27	6	LTFDDG,VALTFD,TFDDGP,ATFFVV,TFFVVG,ALTFDD
CE4	93	K7432|K7432_017344-T1	8.0	8	ATFFVL,TFFVLG,LTFDDG,FDDGPS,KATFFV,ALTFDD,VKATFF,TFDDGP
CE4	93	K7432|K7432_007609-T1	6.0	6	LTFDDG,ALTFDD,TFFVLG,ATFFVL,TFDDGP,FDDGPS
CE4	93	K7432|K7432_008602-T1	6.0	6	TFDDGP,ALTFDD,ATFFVL,LTFDDG,TFFVLG,FDDGPS
CE4	93	K7432|K7432_013309-T1	6.0	6	KATFFV,VKATFF,TFFVLG,TFDDGP,LTFDDG,ATFFVL
CE4	112	K7432|K7432_008447-T1	3.09	6	VKAGDT,TVKAGD,KYTVKA,YTVKAG,YTVKSG,TVKSGD
CE4	119	K7432|K7432_017516-T1	5.28	6	IALTFD,FDDGPS,LTFDDG,ALTFDD,KIALTF,TFDDGP
CE4	128	K7432|K7432_004826-T1	4.4	6	TFDDGP,ATFLMV,LTFDDG,KATFLM,VKATFL,TFLMVG
CE4	128	K7432|K7432_004828-T1	4.4	6	TFDDGP,ATFLMV,LTFDDG,KATFLM,VKATFL,TFLMVG
CE4	143	K7432|K7432_010310-T1	5.18	9	TYMRPP,HQIASH,TFDDGP,GHQIAS,QIASHT,YMRPPY,LTFDDG,ALTFDD,PTYMRP
CE4	143	K7432|K7432_015223-T1	4.51	9	SHTWSH,IASHTW,ALTFDD,LTFDDG,GHQIAS,TFDDGP,HQIASH,QIASHT,ASHTWS
CE4	143	K7432|K7432_004252-T1	4.45	8	ALTFDD,GHQIAS,TYMRPP,QIASHT,PTYMRP,LTFDDG,TFDDGP,HQIASH
CE4	143	K7432|K7432_009062-T1	3.03	6	GHQIAS,HQIASH,LTFDDG,TFDDGP,QIASHT,ALTFDD
CE4	143	K7432|K7432_010631-T1	3.03	6	QIASHT,ALTFDD,GHQIAS,LTFDDG,HQIASH,TFDDGP
CE4	145	K7432|K7432_011052-T1	9.11	24	CWRPPY,DDGPNC,RPPYGD,VHTWSH,HTWSHP,LTYDDG,ICVHTW,SDPDCW,DRVRAI,TYDDGP,AELYYT,GLTYDD,PPYGDV,WRPPYG,PYGDVD,WGLTYD,VDDRVR,DDRVRA,RVRAIA,DPDCWW,DVDDRV,GDVDDR,CVHTWS,PDCWWT
CE4	145	K7432|K7432_003242-T1	7.99	19	PYGDVD,PDCWWT,SDPDCW,DDRVRA,HTWSHP,DPDCWW,YIGSNV,WGLTFD,DVDDRV,GDVDDR,VDDRVR,PPYGDV,DRVRAI,CWRPPY,RPPYGD,WRPPYG,RVRAIA,FYIGSN,MFYIGS
CE4	145	K7432|K7432_002100-T1	2.62	9	CVHTWS,LTFDDG,VHTWSH,RPPFGD,WGLTFD,GLTFDD,PFGDVD,ICVHTW,TFDDGP
CE4	145	K7432|K7432_013509-T1	2.62	9	RPPFGD,PFGDVD,CVHTWS,GLTFDD,ICVHTW,TFDDGP,LTFDDG,VHTWSH,WGLTFD
CE9	30	K7432|K7432_010304-T1	3.72	7	GPFISP,TDAMSA,VHLEGP,HLEGPF,LEGPFI,EGPFIS,GVHLEG
CE9	48	K7432|K7432_004026-T1	4.16	8	HLEGPF,GPFISP,GAHLEG,EGPFIS,LGAHLE,AHLEGP,LEGPFI,ILGAHL
CE9	56	K7432|K7432_008871-T1	8.0	8	RDPGII,HHRDPG,HLFNAM,HRDPGI,DPGIIG,THLFNA,LFNAMR,FHHRDP
GH0	32	K7432|K7432_016147-T1	5.43	8	FRPLHE,LYNVPP,AFFRPL,DAFFRP,FFRPLH,FAHGMQ,PLHERL,RPLHER
GH0	32	K7432|K7432_013860-T1	4.25	7	LIGASH,FHDSIV,NSWFLD,YNSWFL,DSIVTT,FAHGMQ,HDSIVT
GH13	25	K7432|K7432_004210-T1	13.2	28	PCVFYG,NYDYLM,FDVPLH,GEFDQK,CVFYGD,VLNHKA,FVDNHD,DLGEFD,DNHDSQ,WTKFTF,TFVDNH,TKYGTK,VTFVDN,FTFPGR,YLMFAN,YGVYDL,AVTFVD,GNYDYL,DVPLHY,EFGNYD,DYLMFA,YDYLMF,GYGVYD,VDNHDS,FGNYDY,LGEFDQ,IDLFDV,NHDSQP
GH13	25	K7432|K7432_000699-T1	8.71	17	YALILL,NHKAGA,RTKYGT,AVTFVD,DLGEFD,VRTKYG,FVDNHD,EIEGWT,ALILLR,VTFVDN,LGEFDQ,TFVDNH,EFDQKG,PCVFYG,VLNHKA,CVFYGD,GEFDQK
GH13	25	K7432|K7432_010863-T1	8.35	17	AYALIL,IDLFDV,VLNHKA,YDYLMF,GNYDYL,FDVPLH,FVDNHD,DVPLHY,VTFVDN,VDNHDS,DNHDSQ,NHDSQP,GFRLDA,YALILL,NYDYLM,ALILLR,TFVDNH
GH13	25	K7432|K7432_008771-T1	5.43	10	TFVDNH,RTKYGT,NHKAGA,VLNHKA,VRTKYG,YALILL,ALILLR,FVDNHD,VTFVDN,AVTFVD
GH13	94	K7432|K7432_006216-T1	23.5	38	DGFRFD,SHDQAL,GNEFGH,FLLSNL,GFRFDG,AEDVSG,VGDKTI,DQALVG,TLTNRR,SSRFGT,ALVGDK,RFDGVT,LVGDKT,GTPEDL,SRFGTP,QALVGD,SRLFNY,DGVTSM,GFDYRL,FGHPEW,EFGHPE,MAIMEH,ESHDQA,VHSHAS,TPEDLK,YASFGY,EDVSGM,FDGVTS,RFLLSN,LRFLLS,NEFGHP,YYASFG,FDYRLA,HDQALV,FRFDGV,DVSGMP,DYRLAM,EWAPNA
GH13	94	K7432|K7432_000483-T1	21.2	33	TPEDLK,DGFRFD,ALVGDK,GFRFDG,GNEFGH,SRLFNY,MAIMEH,DGVTSM,GFDYRL,FGHPEW,FLLSNL,QALVGD,FRFDGV,YYASFG,GTPEDL,VHSHAS,YASFGY,FDGVTS,DQALVG,RFLLSN,EDVSGM,AEDVSG,HDQALV,RFDGVT,EFGHPE,DVSGMP,VGDKTI,NEFGHP,SHDQAL,ESHDQA,TLTNRR,LVGDKT,LRFLLS
GH13	94	K7432|K7432_001844-T1	14.7	25	SHDQAL,RFLLSN,NEFGHP,YASFGY,ESHDQA,DQALVG,DGFRFD,HDQALV,GTPEDL,VHSHAS,FPREGN,SSRFGT,GNEFGH,HKMIRL,FDGFRF,EFGHPE,SRLFNY,LHKMIR,YYASFG,VTNFFA,TPEDLK,DFPREG,GGIGFD,SRFGTP,FGHPEW
GH133	2	K7432|K7432_013626-T1	20.2	24	NYHQGP,PTQAWS,TWMDKM,VAPELF,YHQGPE,AGLPHF,RCWGRD,GRDVFI,GLPHFS,MDCTHD,CWGRDV,DKMGES,GTWMDK,CGTWMD,DCTHDN,WMDKMG,GPEWVW,NCGTWM,WGRDVF,HQGPEW,MDKMGE,CTHDNE,TPRDGA,AAGLPH
GH133	2	K7432|K7432_005781-T1	15.7	20	CVKLRY,DCVKLR,LRREVI,VKLRYG,ANNGWI,SLIREA,DNCHST,IREAMQ,NCHSTP,GFRIDN,RREVIV,NNGWIW,IDNCHS,LANNGW,YLRREV,SNSPYS,REVIVW,LIREAM,RIDNCH,REAMQA
GH15	2	K7432|K7432_012181-T1	7.55	11	CWVALD,DYRYTW,WDYRYT,WVALDR,NWDYRY,QLDIYG,LDIYGE,PVRIGN,RNWDYR,VALDRA,MCWVAL
GH15	27	K7432|K7432_011335-T1	12.5	20	AFNLDR,GLIGNM,LISAAF,PEKGGL,AAPTFS,RNWDYR,SAAFNL,LIGNMR,IGNMRT,ISAAFN,AAFNLD,ALISAA,KQQYLP,GYLPIE,FWLVEA,DIYGEL,FNLDRV,IYLYNK,CTFWLV,TFWLVE
GH15	27	K7432|K7432_008314-T1	9.04	14	KQQYLP,IIAAPT,PTGAII,AIIAAP,PVRVGN,AAPTFS,IAAPTF,CTFWLV,TFWLVE,GAIIAA,FWLVEA,TGAIIA,FVQSYE,DIYGEL
GH15	27	K7432|K7432_008314-T2	8.48	13	IIAAPT,PTGAII,AIIAAP,PVRVGN,AAPTFS,IAAPTF,CTFWLV,TFWLVE,GAIIAA,FWLVEA,TGAIIA,FVQSYE,DIYGEL
GH15	27	K7432|K7432_008314-T3	7.14	11	KQQYLP,IIAAPT,PTGAII,AIIAAP,PVRVGN,AAPTFS,IAAPTF,GAIIAA,TGAIIA,FVQSYE,DIYGEL
GH152	1	K7432|K7432_015345-T1	5.7	12	YDVSLV,SYAYDD,RFWGRT,TSTFTC,DFYDVS,GRFWGR,VSLVDG,LVDGYN,FYDVSL,DVSLVD,YSYAYD,SLVDGY
GH152	1	K7432|K7432_009074-T1	5.28	12	YDVSLV,SYAYDD,PQYCCT,VSLVDG,QYCCTG,YSYAYD,GRFWGR,SLVDGY,ACKSAC,DVSLVD,LVDGYN,RFWGRT
GH152	1	K7432|K7432_015659-T1	5.1	12	SYAYDD,RFWGRT,YDISLV,TSTFTC,SLVDGY,YSYAYD,DISLVD,LVDGYN,DFYDIS,ISLVDG,FYDISL,GRFWGR
GH152	1	K7432|K7432_007965-T1	5.1	11	DVSLVD,DFYDVS,GRFWGR,FYDVSL,VSLVDG,LVDGYN,RFWGRT,SLVDGY,SYAYDD,YSYAYD,YDVSLV
GH152	1	K7432|K7432_004834-T1	4.22	9	GRFWGR,DVSLVD,SYAYDD,RFWGRT,SLVDGY,LVDGYN,YDVSLV,YSYAYD,VSLVDG
GH152	3	K7432|K7432_011549-T1	4.33	12	VGCKSA,LVDGYN,GCKSAC,VDGYNL,DGYNLP,YSYAYD,VVGCKS,VSLVDG,YDVSLV,SLVDGY,DVSLVD,SYAYDD
GH18	6	K7432|K7432_005454-T1	5.93	6	GIDLDW,DGIDLD,NLMTYD,IDLDWE,INLMTY,LDGIDL
GH18	20	K7432|K7432_003391-T1	5.62	13	IDWEYP,GHQANL,ILYAFA,LSIGGW,LDIDWE,YAFANV,SIGGWT,THILYA,DGLDID,GLDIDW,HILYAF,LYAFAN,DIDWEY
GH18	28	K7432|K7432_008993-T1	8.04	9	LISIGG,VPFYGR,IDWEFP,GVDIDW,DIDWEF,VDIDWE,DGVDID,GVPFYG,ISIGGW
GH18	32	K7432|K7432_009491-T1	6.22	7	TVRSVF,SVFIID,RSVFII,DFTPVC,TPVCTT,VLFSHP,PVCTTE
GH18	32	K7432|K7432_014939-T1	6.22	7	TPVCTT,VLFSHP,SVFIID,PVCTTE,DFTPVC,TVRSVF,RSVFII
GH18	44	K7432|K7432_004123-T1	2.75	7	PQCPFP,IQFYNN,APQCPF,VLDGID,AAPQCP,AVLDGI,QCPFPD
GH18	51	K7432|K7432_003008-T1	6.25	8	IDWEYP,LDGIDI,DIDWEY,DGIDID,DLDGID,DWEYPG,IDIDWE,GIDIDW
GH18	51	K7432|K7432_015311-T1	6.25	8	IDIDWE,DIDWEY,GIDIDW,IDWEYP,DWEYPG,DGIDID,DLDGID,LDGIDI
GH18	51	K7432|K7432_006730-T1	5.75	7	DLDGID,IDIDWE,IDWEYP,GIDIDW,LDGIDI,DIDWEY,DGIDID
GH18	51	K7432|K7432_011082-T1	5.75	7	GIDIDW,LDGIDI,DLDGID,IDWEYP,DIDWEY,IDIDWE,DGIDID
GH18	51	K7432|K7432_011449-T1	5.75	7	LDGIDI,IDIDWE,IDWEYP,DGIDID,DLDGID,DIDWEY,GIDIDW
GH18	56	K7432|K7432_008507-T1	5.47	11	IDWEYP,DWEYPA,DIDWEY,KVLISV,GPNAPF,LISVGG,IDIDWE,GIDIDW,DGIDID,ISVGGW,VLISVG
GH18	56	K7432|K7432_007204-T1	5.01	11	ITHINY,IDIDWE,KITHIN,GPNAPF,IDWEYP,DIDWEY,GIDIDW,DGIDID,DKITHI,YDINGA,DWEYPA
GH18	88	K7432|K7432_008446-T1	7.84	8	GLDIDW,IDWEYP,QWVGYD,DGLDID,FDGLDI,DIDWEY,LDIDWE,GGAMVW
GH18	88	K7432|K7432_014685-T1	6.92	7	FDGLDI,GGAMVW,IDWEYP,DGLDID,LDIDWE,DIDWEY,GLDIDW
GH18	88	K7432|K7432_012030-T1	6.0	6	LDIDWE,FDGLDI,DIDWEY,DGLDID,IDWEYP,GLDIDW
GH18	92	K7432|K7432_006444-T1	4.19	11	YWGQNS,PFGSAV,SFGGVM,FVQFYN,VQFYNN,QFYNNY,FYNNYC,RPFGSA,SSFGGV,LGVPGS,YNNYCG
GH18	92	K7432|K7432_007862-T2	4.04	10	AAPQCV,RPFGSA,VQFYNN,SSFGGV,FVQFYN,PFGSAV,SFGGVM,FSSFGG,QFYNNP,YWGQNS
GH18	92	K7432|K7432_006752-T1	3.95	10	YNNYCG,YWGQNS,PFGSAV,LGVPGS,SFGGVM,RPFGSA,VQFYNN,SSFGGV,FYNNYC,QFYNNY
GH18	92	K7432|K7432_012782-T1	3.88	10	LGVPGS,FYNNYC,PFGSAV,SSFGGV,SFGGVM,VQFYNN,RPFGSA,YWGQNS,QFYNNY,FVQFYN
GH18	92	K7432|K7432_007862-T1	3.67	9	AAPQCV,RPFGSA,VQFYNN,SSFGGV,FVQFYN,PFGSAV,SFGGVM,FSSFGG,QFYNNP
GH18	92	K7432|K7432_001981-T1	3.08	8	SFGGVM,AAPQCV,AAAPQC,FVQFYN,SSFGGV,QFYNNP,VQFYNN,FSSFGG
GH18	92	K7432|K7432_014810-T1	3.08	8	QFYNNP,VQFYNN,FSSFGG,SSFGGV,SFGGVM,FVQFYN,AAAPQC,AAPQCV
GH18	92	K7432|K7432_000541-T1	3.04	8	QFYNNY,SSFGGV,YWGQNS,FVQFYN,LGVPGS,FYNNYC,SFGGVM,VQFYNN
GH20	14	K7432|K7432_002437-T1	8.59	19	IGMDEA,PMIWSD,GMDEAH,MIWSDM,YTEDTY,TEDTYE,CIQTLG,LYTEDT,EDTYEI,IPCIQT,FGWEVL,IHIGMD,PCIQTL,KPFGWE,RIHIGM,QTLGHL,IQTLGH,HIGMDE,PFGWEV
GH20	14	K7432|K7432_002437-T2	8.59	19	IGMDEA,PMIWSD,GMDEAH,MIWSDM,YTEDTY,TEDTYE,CIQTLG,LYTEDT,EDTYEI,IPCIQT,FGWEVL,IHIGMD,PCIQTL,KPFGWE,RIHIGM,QTLGHL,IQTLGH,HIGMDE,PFGWEV
GH20	14	K7432|K7432_002437-T3	8.59	19	IGMDEA,PMIWSD,GMDEAH,MIWSDM,YTEDTY,TEDTYE,CIQTLG,LYTEDT,EDTYEI,IPCIQT,FGWEVL,IHIGMD,PCIQTL,KPFGWE,RIHIGM,QTLGHL,IQTLGH,HIGMDE,PFGWEV
GH20	18	K7432|K7432_013670-T1	3.33	7	ALRGLE,NVLHWH,GALRGL,LVIGGE,VLHWHI,KLNVLH,LNVLHW
GH20	18	K7432|K7432_013669-T1	2.85	6	NVLHWH,LHWHIV,HWHIVD,VLHWHI,KLNVLH,LNVLHW
GH20	18	K7432|K7432_017416-T1	2.83	6	VLHWHI,LNVLHW,ALRGLE,NVLHWH,KLNVLH,GALRGL
GH20	18	K7432|K7432_016667-T1	2.65	6	NVLHWH,VIGGEA,LVIGGE,KLNVLH,LNVLHW,VLHWHI
GH25	35	K7432|K7432_014148-T1	5.1	11	GRTLPG,WSADGR,RGAYHF,ADGRTL,GWSADG,GGWSAD,GGGWSA,SADGRT,GAYHFA,DGRTLP,IRGAYH
GH3	11	K7432|K7432_003531-T1	8.43	13	GNMALG,HFPGHG,KHFPGH,NMALGA,PVIGVR,PGNMAL,NPVIGV,PGHGDT,GHGDTA,IGVRSF,VIGVRS,FPGHGD,GVRSFG
GH31	7	K7432|K7432_004248-T1	16.7	29	TKRREP,HQCRWN,FRAHAH,DVGGFF,YGIPEH,PFFRAH,THWISE,GADVGG,YHQCRW,QCRWNY,IDTKRR,AHIDTK,DTKRRE,WNDMNE,RWYQAG,YGSIPF,VYGIPE,RAHAHI,NEPSVF,GSIPFM,HAHIDT,ADVGGF,MNEPSV,HIDTKR,DMNEPS,NDMNEP,AHAHID,FFRAHA,GIPEHA
GH31	20	K7432|K7432_011651-T1	11.2	26	LNSNGM,WTDIDY,WIDMNE,TTEELC,SNGMDV,YGSHPF,VGADIC,HGVFLL,MWTDID,DIDYMD,ADICGF,GFHQCR,YKVIGG,HWTGDN,GADICG,FLLNSN,TYKVIG,QLGAFY,GAFYPF,NSNGMD,LGAFYP,LSRSTF,LLNSNG,TDIDYM,GSHPFY,VFLLNS
GH31	20	K7432|K7432_009278-T1	8.28	17	RSTFAG,LGAFYP,HQCRYG,LWIDMN,GFHQCR,GAFYPF,QLGAFY,QCRYGY,WIDMNE,ADICGF,HWTGDN,GGVLDF,IDMNEP,DGLWID,GLWIDM,GADICG,TTEELC
GH31	20	K7432|K7432_004020-T1	7.86	16	TDIDYM,IDMNEP,LWIDMN,GGVLDF,ADICGF,WTDIDY,DGLWID,GADICG,VGADIC,DIDYMD,TTEELC,MWTDID,HWTGDN,GLWIDM,WIDMNE,DMNEPS
GH31	20	K7432|K7432_009060-T1	2.76	7	LSRSTF,GFHQCR,NSNGMD,YGSHPF,DIDYMD,HWLGDN,GSHPFY
GH37	2	K7432|K7432_000033-T1	31.4	37	GGRFNE,LAYRWL,TYMLSN,ANRSYY,VRESGH,ESGHDT,MLSNLL,TTYRFE,NANRSY,HDTTYR,SNLLQE,YMLSNL,NRSYYL,SGHDTT,LATIDL,PRIYVP,QPPFLT,RLAYRW,SQPPFL,GWAPHQ,RSQPPF,RGTYML,DTTYRF,NLLQEL,ATIDLN,VPGGRF,RQWDYP,LSNLLQ,GHDTTY,GTYMLS,PGGRFN,KILNAN,RESGHD,LNANRS,LLYKYE,YGWDSY,ILNANR
GH37	4	K7432|K7432_004582-T1	6.46	17	GGRFRE,GGEYEV,GGGGEY,QWDFPN,YLNRSQ,AESGWD,GFGWTN,GAESGW,FGWTNG,GWTNGV,DSKTFV,YYLNRS,LNRSQP,NRSQPP,PGGRFR,PRPESY,SKTFVD
GH37	4	K7432|K7432_002632-T1	6.34	15	QPPLLT,YLNRSQ,DSKTFV,NRSQPP,YYLNRS,GFGWTN,RSQPPL,FGWTNG,GGGGEY,QWDFPN,SQPPLL,LNRSQP,PRPESY,SKTFVD,GWTNGV
GH37	4	K7432|K7432_007910-T1	6.34	15	FGWTNG,QWDFPN,GGGGEY,SQPPLL,YYLNRS,YLNRSQ,GWTNGV,QPPLLT,NRSQPP,RSQPPL,PRPESY,GFGWTN,SKTFVD,LNRSQP,DSKTFV
GH37	4	K7432|K7432_017059-T1	5.46	14	YYLNRS,RSQPPL,SKTFVD,GGRFRE,LNRSQP,YLNRSQ,NRSQPP,GAESGW,AESGWD,DSKTFV,PGGRFR,SQPPLL,PRPESY,QPPLLT
GH38	15	K7432|K7432_014161-T1	3.62	6	GAYIFR,QIDPFG,GWQIDP,IDPFGH,WQIDPF,SGAYIF
GH38	15	K7432|K7432_014161-T2	3.62	6	GAYIFR,QIDPFG,GWQIDP,IDPFGH,WQIDPF,SGAYIF
GH47	2	K7432|K7432_003505-T1	8.71	20	LAETLK,DTLWIM,IRYLGG,AETLKY,TLWIMG,NTEAHP,TEAHPL,GGLLSA,RYLGGL,VFNTEA,ETTIRY,YEYLIK,TIRYLG,FETTIR,TTIRYL,YLGGLL,LDTLWI,LGGLLS,GLLSAY,FNTEAH
GH47	2	K7432|K7432_007496-T1	6.02	15	LGGLLS,GLLSAY,FETTIR,LSDLTG,TEAHPL,RYLGGL,YILRPE,TIRYLG,DSLDTL,YLGGLL,GWGATL,IRYLGG,TTIRYL,GGLLSA,ETTIRY
GH47	2	K7432|K7432_007496-T2	5.41	13	LGGLLS,GLLSAY,FETTIR,LSDLTG,TEAHPL,RYLGGL,YILRPE,TIRYLG,YLGGLL,IRYLGG,TTIRYL,GGLLSA,ETTIRY
GH47	2	K7432|K7432_007496-T3	5.38	13	LGGLLS,GLLSAY,FETTIR,LSDLTG,RYLGGL,TIRYLG,DSLDTL,YLGGLL,GWGATL,IRYLGG,TTIRYL,GGLLSA,ETTIRY
GH47	3	K7432|K7432_009418-T1	8.33	22	LYQATK,PYPRVN,DRMESF,GGLLSA,YPLRPE,GAGVDS,IRVLGG,YLYLLF,TTEGHP,LYLLFD,RLLPAF,TEGHPL,PLRPEF,TLIDSL,GLLSAH,KYLYLL,PRVNLR,YPRVNL,DSFYEY,LTLIDS,FTTEGH,AGAGSL
GH47	6	K7432|K7432_006777-T1	6.92	16	SPSGIP,EYLLKQ,RVLGGL,DSYYEY,YLLKQW,YYEYLL,LGGLLS,IRVLGG,SYYEYL,YEYLLK,VLGGLL,GLVPIF,NLLRPE,LLRPET,LVPIFI,HNLLRP
GH47	9	K7432|K7432_012259-T1	4.15	8	DSYYEY,YEYLLK,SYYEYL,YYEYLL,PETIES,IRYLGG,FNGWGA,RPETIE
GH47	11	K7432|K7432_006152-T1	9.82	12	METFFL,DIIIKP,ETVESL,LRPETV,RPETVE,LLRPET,TVESLF,KYREWG,HNLLRP,PETVES,YREWGW,NLLRPE
GH47	11	K7432|K7432_003505-T2	7.83	8	VESLFV,ETVESL,RPETVE,ESLFVL,TVESLF,LLRPET,PETVES,LRPETV
GH5	5	K7432|K7432_000737-T1	5.79	7	PGSQNG,SQNGFD,GARYDG,NGFDNS,QNGFDN,GFDNSG,GSQNGF
GH5	5	K7432|K7432_003187-T1	5.79	7	SQNGFD,QNGFDN,GARYDG,GFDNSG,NGFDNS,PGSQNG,GSQNGF
GH5	20	K7432|K7432_014288-T1	8.61	19	ARKYGL,PGSQNG,HGAPGS,SQNGWN,GSQNGW,AGLDHV,KYGLRV,APGSQN,RKYGLR,LDHVRI,WNHSGR,GLDHVR,WARKYG,LHGAPG,GWNHSG,NGWNHS,GAPGSQ,DHVRIP,QNGWNH
GH5	20	K7432|K7432_009213-T1	7.26	16	SQNGWN,DHVRIP,AGLDHV,GWNHSG,PGSQNG,GLDHVR,GSQNGW,GAPGSQ,LDHVRI,APGSQN,HGAPGS,WNHSGR,NGWNHS,WARKYG,LHGAPG,QNGWNH
GH5	27	K7432|K7432_000070-T1	12.9	16	WSRFTG,WGFNFL,HQDVWS,QDVWSR,DPHQDV,APGWTL,DTLNEP,FIDPHQ,LRGVNL,GAPGWT,PHQDVW,IDPHQD,DVWSRF,TLNEPS,SRFTGG,VWSRFT
GH63	2	K7432|K7432_001081-T1	19.5	26	LDDYPR,TSGLDD,LTSGLD,DEGFHQ,RGFLWD,GFLWDE,EGFHQL,TLTSGL,PRGFLW,REQILG,WDEGFH,FFPRGF,FLWDEG,LRSLSK,FPRGFL,GLDDYP,YRWRGR,LWDEGF,GLRSLS,YGLRSL,DDYPRA,ARSKVP,ANPPTL,EARSKV,DYPRAS,SGLDDY
GH72	2	K7432|K7432_005457-T1	7.52	12	YSWCGD,KGVAYQ,NTIRVY,FFAGNE,GFFAGN,NIYSWC,FAGNEV,GYNIYS,YNIYSW,IYSWCG,SGGIVY,LGFFAG
GH72	8	K7432|K7432_014066-T1	3.28	6	FFIKGV,QFFIKG,IKGVAY,FIKGVA,SEFGCN,KGVAYQ
GH8	7	K7432|K7432_004236-T1	4.29	11	TDGDLD,HGYGML,EAHGYG,ATDGDL,GDLDIA,AHGYGM,TRPSDF,CRVPWR,SEAHGY,DGDLDI,RVPWRL
GH81	7	K7432|K7432_003775-T1	5.56	6	NDHHYH,HHYHYG,DHHYHY,YNDHHY,HYHYGY,DYATWF
GH85	1	K7432|K7432_011784-T1	5.56	8	KNGVPV,HKNGVP,FAGIDV,GVPVLG,NGVPVL,VPVLGT,YGFDGW,AHKNGV
GH9	1	K7432|K7432_011803-T1	6.07	16	ALAAAS,GGYYDA,EAQRSG,VDYILG,RSGKLP,YYDAGD,AQRSGK,GALVGG,ALVGGP,QRSGKL,YEAQRS,AALAAA,YGALVG,GYYDAG,FYEAQR,LYGALV
GH9	1	K7432|K7432_011135-T1	3.13	8	LVGGPD,GALVGG,QRSGKL,ALVGGP,YGALVG,DYNAGF,LYGALV,RSGKLP
GH9	19	K7432|K7432_007264-T1	6.72	13	DYNAPF,VDNNYW,GYYDAG,FYEAQR,LDYNAP,GGYYDA,YEAQRS,DNNYWG,ALDYNA,YYDAGD,WFYEAQ,YDAGDY,EAQRSG
GH9	19	K7432|K7432_008824-T1	5.0	10	WFYEAQ,GGYYDA,DNNYWG,EAQRSG,YDAGDY,GYYDAG,YYDAGD,FYEAQR,VDNNYW,YEAQRS
GH9	19	K7432|K7432_013350-T1	4.39	9	DLSGGY,LSGGYY,YDAGDY,YYDAGD,EAQRSG,YEAQRS,GYYDAG,FYEAQR,GGYYDA
GH9	19	K7432|K7432_016434-T1	3.26	6	LDYNAP,ALDYNA,SPQNPH,DYNAPF,HVLYGA,NSPQNP
GH9	19	K7432|K7432_013445-T1	2.73	6	DLSGGY,LSGGYY,YYDAGD,EAQRSG,GYYDAG,GGYYDA
AA1	16	K7432|K7432_001979-T1	7.16	16	HCHIEW,FHLHGH,AEPVPD,AQRYSV,IEADGV,DGLRAP,HPFHLH,YVDGLR,GAEPVP,CHIEWH,IIEADG,RADNPG,QRYSVL,VDGLRA,PFHLHG,RYSVLV
AA1	16	K7432|K7432_005945-T1	6.5	16	RYSVLV,VDGLRA,HCHIEW,IIEADG,IEADGV,VIGVNG,QRYSVL,PFHLHG,RRVIGV,DGLRAP,YVDGLR,CHIEWH,AQRYSV,RVIGVN,HPFHLH,FHLHGH
AA1	16	K7432|K7432_008838-T1	4.86	9	TYRLRI,EPGKTY,GQRYSV,GKTYRL,KTYRLR,RYSVLV,QRYSVL,PGKTYR,YSVLVT
AA1	16	K7432|K7432_013494-T1	4.49	11	DGLRAP,RYSVLV,RRVIGV,VDGLRA,QRYSVL,AQRYSV,VIGVNG,YVDGLR,NYYDGA,IIEVDG,RVIGVN
AA1	16	K7432|K7432_016420-T1	3.6	7	FHLHGH,DNPGAW,ADNPGA,PFHLHG,PGKTYR,HPFHLH,IIEADG
AA1	16	K7432|K7432_010820-T1	3.52	6	PGKTYR,QRYSVL,EPGKTY,GQRYSV,YSVLVT,RYSVLV
AA1	36	K7432|K7432_011258-T1	2.97	9	HPMHLH,PGVWPL,NVYNFG,PMHLHG,GVWPLH,VWPLHC,LHCHIA,MHLHGH,HLHGHD
AA1	38	K7432|K7432_003501-T1	5.2	6	TMTVIE,PFHLHG,DNPGVW,HPFHLH,FHLHGH,ADNPGV
AA12	1	K7432|K7432_005174-T1	5.48	13	HGSWNR,FHGSWN,GSWNRD,SFHGSW,VSFHGS,APLDIK,VGLAFD,PLDIKF,LNHGIA,CFRPVG,RPVGLA,PVGLAF,FRPVGL
AA3	6	K7432|K7432_008162-T1	9.99	20	VVGSGA,LDSKFR,NMQDRY,AVLDSK,VDASVF,VGSGAG,TLLIEA,MQDRYE,KFRVRG,RVVDAS,SKFRVR,DSKFRV,SGAGGG,LLIEAG,VLDSKF,DASVFP,MAVLDS,GSGAGG,LRVVDA,VVDASV
AA3	6	K7432|K7432_007648-T1	6.85	14	RVVDAS,YIVVGS,IVVGSG,TLLIEA,VVGSGA,SGAGGG,FPKIPG,GAGGGP,LLIEAG,GSGAGG,AGGGPL,LRVVDA,GGGPLA,VGSGAG
AA3	6	K7432|K7432_015337-T1	6.73	14	RVVDAS,LLIEAG,VDASVF,GSGAGG,MQDRYE,VGSGAG,LRVVDA,VVDASV,VVGSGA,YIVVGS,IVVGSG,NMQDRY,TLLIEA,SGAGGG
AA3	6	K7432|K7432_017310-T1	4.95	11	GAGGGP,TLLIEA,YIVVGS,GGGPLA,LLIEAG,IVVGSG,VVGSGA,VGSGAG,SGAGGG,AGGGPL,GSGAGG
AA3	11	K7432|K7432_016877-T1	3.4	9	MLSGIG,GLRVVD,RVVDAS,PQLLML,LRVVDA,LLMLSG,QLLMLS,TPQLLM,LMLSGI
AA3	11	K7432|K7432_013876-T1	3.15	7	IIVGGG,LLMLSG,GGGTAG,IVGGGT,YIIVGG,VGGGTA,DYIIVG
AA6	1	K7432|K7432_008310-T1	4.5	8	GGSPWG,FGIPTR,LFGIPT,FLFGIP,GSPWGA,SPWGAG,PWGAGT,GGQEST
AA6	3	K7432|K7432_010998-T1	6.02	12	HGGQET,GSAYGA,GDGSRQ,SAYGAG,GQETTA,QHGGQE,SQHGGQ,ETTALT,GGQETT,DGSRQP,GGSAYG,AYGAGT
AA6	3	K7432|K7432_003484-T1	5.01	10	GQETTA,SQHGGQ,QHGGQE,ASQHGG,GGQETT,TASQHG,ETTALT,HGGQET,DGSRQP,STASQH
AA7	2	K7432|K7432_017294-T1	3.08	9	ALRGAG,VGGGVR,GGGVRL,DLFWAL,WALRGA,VGVGGH,FWALRG,SGGHSY,LFWALR
AA7	2	K7432|K7432_003327-T1	2.7	7	SGGHSY,VGIGGH,LFWALR,DLFWAL,ALRGAG,WALRGA,FWALRG
PL14	3	K7432|K7432_011457-T1	6.99	10	DFVKGG,KGGKLP,KLPGLY,VKGGKL,GGKLPG,PGLYGG,FVKGGK,FDFVKG,GKLPGL,LPGLYG
PL14	3	K7432|K7432_003463-T1	4.25	7	FVKGGK,DFVKGG,VKGGKL,KGGKLP,TFFGGS,FDFVKG,GGKLPG
PL14	3	K7432|K7432_011455-T1	4.25	7	DFVKGG,KGGKLP,VKGGKL,GGKLPG,FVKGGK,FDFVKG,TFFGGS
PL14	3	K7432|K7432_011456-T1	4.22	8	CFSTRF,TRFMWR,STRFMW,KGGKLP,VKGGKL,GGKLPG,FSTRFM,FVKGGK
PL14	6	K7432|K7432_009805-T1	5.56	8	SSFFGG,GKLPGL,VKGGKL,KGGKLP,GGKLPG,WVKGGK,FFGGST,SFFGGS
PL14	8	K7432|K7432_003382-T1	9.14	10	TRLMWR,KGGKLP,STRLMW,GKLPGL,FSTRLM,GEVYAY,CFSTRL,EVYAYI,VYAYIP,GGKLPG
PL14	8	K7432|K7432_007651-T1	7.32	8	STFFGG,FSTFFG,FSTRLM,CFSTRL,TRLMWR,GKLPGL,GGKLPG,STRLMW
PL14	8	K7432|K7432_009205-T1	7.32	8	STFFGG,GKLPGL,CFSTRL,FSTFFG,GGKLPG,STRLMW,TRLMWR,FSTRLM
PL14	8	K7432|K7432_002240-T1	6.83	7	GEVYAY,KGGKLP,EVYAYI,VYAYIP,STFFGG,GGKLPG,FSTFFG
PL14	8	K7432|K7432_003547-T1	6.83	7	KGGKLP,STFFGG,EVYAYI,GEVYAY,FSTFFG,VYAYIP,GGKLPG
PL14	8	K7432|K7432_005456-T1	6.32	7	CFSTRL,FSTFFG,TRLMWR,STRLMW,FSTRLM,STFFGG,GGKLPG
GT1	7	K7432|K7432_011067-T1	14.2	31	GYWFLD,IKPFFG,DVQPYI,PWTRTR,YIGFGS,HDWLFP,DWLFPQ,GDVQPY,KPFFGD,FGDQFF,GGAGTT,RGDVQP,ESPSAM,IGFGSI,MPWTRT,IESPSA,HHGGAG,GFGSIV,FGSIVV,VHHGGA,HGGAGT,FFGDQF,VPHDWL,VYIGFG,FTMPWT,TMPWTR,VQPYIA,QPYIAL,PHDWLF,LIESPS,PFFGDQ
GT1	7	K7432|K7432_001823-T1	13.0	28	DWLFPQ,KPFFGD,HGGAGT,PHDWLF,GDVQPY,RGDVQP,GFGSIV,YIGFGS,PFFGDQ,GGAGTT,QPYIAL,VYIGFG,IKPFFG,GYWFLD,TMPWTR,FGSIVV,VQPYIA,FGDQFF,DVQPYI,IGFGSI,HHGGAG,VPHDWL,MPWTRT,ESPSAM,FTMPWT,PWTRTR,HDWLFP,FFGDQF
GT1	92	K7432|K7432_011645-T1	5.12	7	VGFGSM,GFGSML,HGGAGT,VYVGFG,HHGGAG,VHHGGA,YVGFGS
GT1	112	K7432|K7432_011299-T1	6.4	10	RGDVQP,HRVRLA,GDVQPF,IIANPP,RLATHA,RVRLAT,AIIANP,GHRVRL,DAIIAN,VRLATH
GT1	112	K7432|K7432_011299-T2	6.4	10	RGDVQP,HRVRLA,GDVQPF,IIANPP,RLATHA,RVRLAT,AIIANP,GHRVRL,DAIIAN,VRLATH
GT17	1	K7432|K7432_016979-T1	6.81	9	DVDEIP,GWHCSF,AGWHCS,HCSFCF,SDVDEI,DAGWHC,IMSDVD,MSDVDE,WHCSFC
GT17	1	K7432|K7432_009540-T1	3.9	6	IMSDVD,SDVDEI,SWRASV,DVDEIP,DAGWHC,MSDVDE
GT2	9	K7432|K7432_006200-T1	25.2	42	MYLAED,GACGEI,QNFEYK,HDVSWG,FEYKMS,EFISQR,SQRRRW,SVLPGA,EDRILC,RRWLNG,SWGTKG,PGAFSA,YLAEDR,RWLNGS,DVSWGT,LDKPLE,MSNILD,DKPLES,ISQRRR,VSWGTK,NMYLAE,GAFSAY,SNILDK,GGACGE,LAEDRI,DRILCF,FISQRR,RILCFE,AEDRIL,KMSNIL,ISVLPG,LNPLVA,QRRRWL,EYKMSN,RRRWLN,VLPGAF,LLNPLV,NILDKP,ILDKPL,YKMSNI,AFSAYR,LPGAFS
GT2	9	K7432|K7432_014757-T1	25.1	42	HDVSWG,ISVLPG,SVLPGA,EFISQR,RRRWLN,LAEDRI,FISQRR,PGAFSA,YLAEDR,GACGEI,ISQRRR,DRILCF,NMYLAE,TMYNED,YLDPWH,EDRILC,MSNILD,MYLAED,SWGTKG,VLPGAF,DKPLES,QRRRWL,RRWLNG,AEDRIL,KMSNIL,SNILDK,YKMSNI,GAFSAY,DVSWGT,AFSAYR,QNFEYK,VSWGTK,RWLNGS,GGACGE,NILDKP,LDKPLE,LPGAFS,ILDKPL,RILCFE,EYKMSN,SQRRRW,FEYKMS
GT2	9	K7432|K7432_005173-T1	24.7	41	SWGTKG,QRRRWL,GAFSAY,MYLAED,YKMSNI,QNFEYK,LAEDRI,NMYLAE,AEDRIL,KMSNIL,NILDKP,FISQRR,EYKMSN,DVSWGT,MSNILD,YLAEDR,AFSAYR,ISQRRR,LPGAFS,GACGEI,PGAFSA,SNILDK,DKPLES,ILDKPL,EFISQR,VLPGAF,RWLNGS,LDKPLE,RRWLNG,SVLPGA,SQRRRW,TMYNED,HDVSWG,FEYKMS,RRRWLN,EDRILC,RILCFE,DRILCF,GGACGE,VSWGTK,ISVLPG
GT2	9	K7432|K7432_008853-T1	24.7	41	VSWGTK,KMSNIL,AEDRIL,YLAEDR,VLPGAF,ILDKPL,QRRRWL,GAFSAY,MYLAED,RILCFE,ISVLPG,EDRILC,ISQRRR,FEYKMS,LPGAFS,RRWLNG,RRRWLN,PGAFSA,YKMSNI,NMYLAE,MSNILD,LDKPLE,EFISQR,FISQRR,QNFEYK,HDVSWG,AFSAYR,SNILDK,GACGEI,DVSWGT,DKPLES,NILDKP,GGACGE,RWLNGS,TMYNED,LAEDRI,DRILCF,SVLPGA,SQRRRW,SWGTKG,EYKMSN
GT2	9	K7432|K7432_013615-T1	24.7	41	DKPLES,ISVLPG,DRILCF,TMYNED,GGACGE,AEDRIL,PGAFSA,YKMSNI,LAEDRI,SWGTKG,QNFEYK,FISQRR,RWLNGS,RILCFE,SNILDK,RRRWLN,EYKMSN,SVLPGA,NILDKP,LDKPLE,QRRRWL,SQRRRW,AFSAYR,ISQRRR,GAFSAY,ILDKPL,FEYKMS,MYLAED,VSWGTK,EDRILC,MSNILD,RRWLNG,VLPGAF,KMSNIL,DVSWGT,GACGEI,EFISQR,HDVSWG,NMYLAE,LPGAFS,YLAEDR
GT2	9	K7432|K7432_015542-T1	20.5	33	AEDRIL,EDRILC,DRILCF,SNILDK,QRRRWL,ILDKPL,NMYLAE,EFISQR,RILCFE,NILDKP,DKPLES,ISQRRR,SVLPGA,MSNILD,DVSWGT,SWGTKG,HDVSWG,PGAFSA,MYLAED,GAFSAY,YLAEDR,RRRWLN,LAEDRI,RWLNGS,SQRRRW,FISQRR,VSWGTK,LPGAFS,ISVLPG,VLPGAF,AFSAYR,RRWLNG,LDKPLE
GT2	9	K7432|K7432_013590-T1	17.7	29	DKPLES,ISVLPG,DRILCF,TMYNED,GGACGE,AEDRIL,PGAFSA,NMYLAE,YKMSNI,LAEDRI,QNFEYK,RILCFE,SNILDK,EYKMSN,SVLPGA,NILDKP,LDKPLE,AFSAYR,GAFSAY,MYLAED,ILDKPL,FEYKMS,EDRILC,VLPGAF,KMSNIL,GACGEI,LPGAFS,MSNILD,YLAEDR
GT2	9	K7432|K7432_012321-T1	7.42	13	HDVSWG,RRRWLN,QRRRWL,SQRRRW,YLDPWH,SWGTKG,RRWLNG,RWLNGS,EFISQR,DVSWGT,ISQRRR,VSWGTK,FISQRR
GT2	29	K7432|K7432_015686-T1	4.77	11	NSHRWF,KKLNSH,NVCILL,VCILLD,WFFNAF,LNSHRW,RWFFNA,KLNSHR,PNVCIL,HRWFFN,SHRWFF
GT2	161	K7432|K7432_004769-T1	40.1	62	LSQRRR,TLHKKN,FCFSMQ,GTFCFS,IMGLCG,FSMQFV,STVHNL,CLPGCF,GLCGET,TFPKRK,RRWINS,CFSMQF,VLLSQR,GKRDSQ,LCGTFC,IQVFEY,MVDADT,QRRRWI,LHKKNL,LMVDAD,RGKRDS,LLLGED,KNLLLL,NSTVHN,RRRWIN,KRDSQI,LLGEDR,PGNRGK,KPGNRG,EYYISH,NLLLLG,ETKIAN,VDADTK,GNRGKR,FDDFSW,KKNLLL,WNFVLP,WINSTV,KRHNMA,INSTVH,DADTKV,GETKIA,LGEDRY,LLLLGE,CGETKI,TCLPGC,LCGETK,RHNMAK,GEDRYL,NRGKRD,YYISHH,TFCFSM,CGTFCF,TKIANK,DDFSWG,HKKNLL,DLCGTF,MGLCGE,LLSQRR,RWINST,VTCLPG,SQRRRW
GT2	161	K7432|K7432_008626-T1	38.5	59	MGLCGE,TFPKRK,NLLLLG,YYISHH,KKNLLL,DLCGTF,FSMQFV,FCFSMQ,KRDSQI,ETKIAN,IMGLCG,PGNRGK,KPGNRG,LCGETK,CGETKI,VDADTK,DDFSWG,GTFCFS,CFSMQF,RWINST,LLSQRR,LMVDAD,KRHNMA,IQVFEY,WINSTV,VLLSQR,TFCFSM,QRRRWI,GETKIA,VTCLPG,NSTVHN,CGTFCF,LLLLGE,KNLLLL,LLGEDR,RRWINS,TCLPGC,MVDADT,RRRWIN,FDDFSW,EYYISH,LHKKNL,LLLGED,RHNMAK,TLHKKN,NRGKRD,DADTKV,STVHNL,CLPGCF,TKIANK,INSTVH,GLCGET,HKKNLL,LCGTFC,SQRRRW,GNRGKR,RGKRDS,GKRDSQ,LSQRRR
GT2	161	K7432|K7432_004652-T1	37.6	57	LSQRRR,TLHKKN,FCFSMQ,GTFCFS,STVHNL,TFPKRK,FSMQFV,CLPGCF,GLCGET,IMGLCG,RRWINS,CFSMQF,VLLSQR,LCGTFC,GKRDSQ,IQVFEY,MVDADT,QRRRWI,LHKKNL,LMVDAD,LLLGED,RGKRDS,KNLLLL,NSTVHN,RRRWIN,LLGEDR,KRDSQI,EYYISH,KPGNRG,PGNRGK,NLLLLG,ETKIAN,VDADTK,GNRGKR,FDDFSW,KKNLLL,WINSTV,INSTVH,DADTKV,GETKIA,LLLLGE,CGETKI,LCGETK,TCLPGC,NRGKRD,YYISHH,TFCFSM,CGTFCF,TKIANK,DDFSWG,HKKNLL,DLCGTF,MGLCGE,LLSQRR,RWINST,VTCLPG,SQRRRW
GT2	161	K7432|K7432_003256-T1	36.7	57	VLLSQR,RWINST,EYYISH,TLHKKN,KKNLLL,LMVDAD,TCLPGC,TKIANK,ETKIAN,GETKIA,KPGNRG,GKRDSQ,KRDSQI,LLSQRR,LCGETK,FCFSMQ,IMGLCG,GNRGKR,RRRWIN,LHKKNL,LLLGED,GTFCFS,MVDADT,NLLLLG,FDDFSW,VDADTK,PGNRGK,CLPGCF,HKKNLL,VTCLPG,LCGTFC,FSMQFV,LLLLGE,DLCGTF,KRHNMA,LSQRRR,TFCFSM,CFSMQF,KNLLLL,RRWINS,LLGEDR,TFPKRK,PGCFSM,MGLCGE,SQRRRW,NRGKRD,DDFSWG,DADTKV,CGTFCF,QRRRWI,CGETKI,RHNMAK,YYISHH,GLCGET,LPGCFS,IQVFEY,RGKRDS
GT2	161	K7432|K7432_017741-T1	36.1	55	YYISHH,WINSTV,FCFSMQ,LCGTFC,FDDFSW,TKIANK,DDFSWG,GNRGKR,FSMQFV,GETKIA,RWINST,LLLLGE,VTCLPG,GKRDSQ,GTFCFS,TFPKRK,DLCGTF,VLLSQR,RRWINS,LHKKNL,TLHKKN,IMGLCG,LLSQRR,RGKRDS,LCGETK,INSTVH,STVHNL,MVDADT,NRGKRD,QRRRWI,MGLCGE,NSTVHN,CLPGCF,LSQRRR,SQRRRW,RRRWIN,CFSMQF,LLGEDR,EYYISH,DADTKV,NLLLLG,VDADTK,CGTFCF,IQVFEY,HKKNLL,TCLPGC,KKNLLL,LMVDAD,CGETKI,LLLGED,KRDSQI,ETKIAN,GLCGET,TFCFSM,KNLLLL
GT2	161	K7432|K7432_005552-T1	36.0	54	HKKNLL,MGLCGE,TCLPGC,MVDADT,LCGETK,GLCGET,YYISHH,LSQRRR,DLCGTF,TFPKRK,LHKKNL,KRDSQI,CFSMQF,IMGLCG,VDADTK,GKRDSQ,NSTVHN,STVHNL,QRRRWI,CGTFCF,DDFSWG,INSTVH,CGETKI,PGNRGK,FDDFSW,LLGEDR,NLLLLG,DADTKV,WINSTV,KNLLLL,SQRRRW,CLPGCF,LLLGED,GETKIA,FSMQFV,VTCLPG,LLLLGE,LCGTFC,KPGNRG,GNRGKR,EYYISH,LLSQRR,LMVDAD,TFCFSM,TLHKKN,RRRWIN,RWINST,IQVFEY,RRWINS,NRGKRD,GTFCFS,RGKRDS,KKNLLL,FCFSMQ
GT2	161	K7432|K7432_012629-T1	36.0	54	RGKRDS,GKRDSQ,MGLCGE,GLCGET,TCLPGC,GNRGKR,RRWINS,QRRRWI,TFCFSM,IMGLCG,IQVFEY,KPGNRG,LLGEDR,NSTVHN,INSTVH,LLLLGE,KRDSQI,YYISHH,LSQRRR,STVHNL,DLCGTF,NRGKRD,RWINST,NLLLLG,CLPGCF,TFPKRK,CGTFCF,FCFSMQ,VTCLPG,PGCFSM,LGEDRY,WINSTV,GETKIA,MVDADT,VLLSQR,CFSMQF,LCGTFC,LCGETK,KNLLLL,RRRWIN,GEDRYL,FDDFSW,SQRRRW,LLLGED,DDFSWG,ETKIAN,EYYISH,PGNRGK,LLSQRR,TKIANK,CGETKI,LMVDAD,GTFCFS,LPGCFS
GT2	161	K7432|K7432_008735-T1	35.2	53	MGLCGE,TFPKRK,YYISHH,FSMQFV,DLCGTF,FCFSMQ,KRDSQI,ETKIAN,IMGLCG,PGNRGK,KPGNRG,LCGETK,CGETKI,VDADTK,DDFSWG,GTFCFS,CFSMQF,RWINST,LLSQRR,LMVDAD,KRHNMA,IQVFEY,WINSTV,VLLSQR,TFCFSM,QRRRWI,GETKIA,VTCLPG,NSTVHN,CGTFCF,LLGEDR,RRWINS,TCLPGC,MVDADT,RRRWIN,FDDFSW,EYYISH,LHKKNL,RHNMAK,TLHKKN,NRGKRD,DADTKV,STVHNL,CLPGCF,TKIANK,INSTVH,GLCGET,LCGTFC,SQRRRW,GNRGKR,RGKRDS,GKRDSQ,LSQRRR
GT2	161	K7432|K7432_009451-T1	31.7	50	GLCGET,RRWINS,CGTFCF,RRRWIN,GEDRYL,MGLCGE,NLLLLG,IMGLCG,DDFSWG,LLGEDR,LCGTFC,LHKKNL,FSMQFV,KKNLLL,FCFSMQ,EYYISH,DADTKV,TKIANK,LMVDAD,DLCGTF,GNRGKR,GETKIA,GTFCFS,LLLLGE,LLLGED,VTCLPG,CLPGCF,LLSQRR,YYISHH,TFPKRK,RHNMAK,TLHKKN,LCGETK,RWINST,LGEDRY,HKKNLL,SQRRRW,VDADTK,CGETKI,QRRRWI,MVDADT,TCLPGC,TFCFSM,CFSMQF,NRGKRD,LSQRRR,KNLLLL,ETKIAN,FDDFSW,IQVFEY
GT2	161	K7432|K7432_006749-T1	29.3	44	LLLGED,DADTKV,MGLCGE,VLLSQR,RWINST,GNRGKR,TKIANK,EYYISH,KNLLLL,TCLPGC,RRRWIN,ETKIAN,FCFSMQ,LLLLGE,CGETKI,RGKRDS,IQVFEY,LCGETK,YYISHH,RRWINS,CFSMQF,NRGKRD,GTFCFS,SQRRRW,CLPGCF,LLGEDR,GKRDSQ,FDDFSW,LMVDAD,FSMQFV,DDFSWG,GETKIA,IMGLCG,LLSQRR,CGTFCF,QRRRWI,NLLLLG,MVDADT,GLCGET,VTCLPG,VDADTK,LSQRRR,LCGTFC,TFCFSM
GT2	161	K7432|K7432_008364-T1	29.3	44	MGLCGE,NLLLLG,YYISHH,FSMQFV,FCFSMQ,ETKIAN,IMGLCG,LCGETK,CGETKI,VDADTK,DDFSWG,GTFCFS,CFSMQF,RWINST,LLSQRR,LMVDAD,IQVFEY,VLLSQR,TFCFSM,QRRRWI,GETKIA,VTCLPG,CGTFCF,LLLLGE,KNLLLL,LLGEDR,RRWINS,TCLPGC,MVDADT,RRRWIN,FDDFSW,EYYISH,LLLGED,GLCGET,NRGKRD,DADTKV,TKIANK,CLPGCF,LCGTFC,SQRRRW,GNRGKR,RGKRDS,GKRDSQ,LSQRRR
GT2	161	K7432|K7432_010757-T1	29.0	42	LMVDAD,VTCLPG,IQVFEY,FDDFSW,CGTFCF,EYYISH,TFCFSM,VDADTK,IMGLCG,LLLGED,DDFSWG,QRRRWI,GLCGET,YYISHH,LSQRRR,GNRGKR,PGNRGK,RRRWIN,FSMQFV,DADTKV,RRWINS,CLPGCF,GTFCFS,KRDSQI,LLSQRR,SQRRRW,NRGKRD,FCFSMQ,MGLCGE,VLLSQR,RGKRDS,KNLLLL,TCLPGC,RWINST,MVDADT,KPGNRG,LLGEDR,LLLLGE,CFSMQF,LCGTFC,GKRDSQ,NLLLLG
GT2	161	K7432|K7432_010757-T2	29.0	42	LMVDAD,VTCLPG,IQVFEY,FDDFSW,CGTFCF,EYYISH,TFCFSM,VDADTK,IMGLCG,LLLGED,DDFSWG,QRRRWI,GLCGET,YYISHH,LSQRRR,GNRGKR,PGNRGK,RRRWIN,FSMQFV,DADTKV,RRWINS,CLPGCF,GTFCFS,KRDSQI,LLSQRR,SQRRRW,NRGKRD,FCFSMQ,MGLCGE,VLLSQR,RGKRDS,KNLLLL,TCLPGC,RWINST,MVDADT,KPGNRG,LLGEDR,LLLLGE,CFSMQF,LCGTFC,GKRDSQ,NLLLLG
GT2	161	K7432|K7432_014804-T1	29.0	42	TCLPGC,QRRRWI,CGTFCF,NLLLLG,VTCLPG,CFSMQF,KPGNRG,RWINST,FCFSMQ,FDDFSW,PGNRGK,RRWINS,DDFSWG,DADTKV,RGKRDS,LLLLGE,RRRWIN,GLCGET,LMVDAD,IMGLCG,VDADTK,NRGKRD,LLGEDR,TFCFSM,LCGTFC,LLLGED,VLLSQR,CLPGCF,YYISHH,LLSQRR,MVDADT,IQVFEY,FSMQFV,EYYISH,GNRGKR,MGLCGE,WNFVLP,GKRDSQ,KNLLLL,SQRRRW,LSQRRR,GTFCFS
GT2	161	K7432|K7432_002301-T1	27.5	37	DDFSWG,GKRDSQ,GSVTCL,RRWINS,TLHKKN,SVTCLP,FGSVTC,VLLSQR,GNRGKR,PGNRGK,RWINST,INSTVH,EYYISH,KRDSQI,YYISHH,MVDADT,VTCLPG,LLSQRR,RRRWIN,GLCGET,LMVDAD,GEDRYL,NRGKRD,CLPGCF,QRRRWI,LHKKNL,LGEDRY,FDDFSW,RGKRDS,STVHNL,TCLPGC,SQRRRW,AKAFES,NSTVHN,WINSTV,HKKNLL,LSQRRR
GT2	161	K7432|K7432_013683-T1	27.3	37	GSVTCL,LLSQRR,RWINST,RRWINS,INSTVH,TCLPGC,GNRGKR,CLPGCF,RRRWIN,QRRRWI,STVHNL,GKRDSQ,RGKRDS,FGSVTC,VTCLPG,PGCFSM,SVTCLP,IMGLCG,VLLSQR,SQRRRW,DDFSWG,HKKNLL,LGEDRY,WINSTV,PGNRGK,LPGCFS,NRGKRD,KPGNRG,GEDRYL,FDDFSW,MGLCGE,TLHKKN,NSTVHN,AKAFES,GLCGET,LSQRRR,LHKKNL
GT2	161	K7432|K7432_011321-T1	27.2	39	RRRWIN,NRGKRD,CGTFCF,TCLPGC,LCGTFC,IMGLCG,KPGNRG,GLCGET,VTCLPG,FSMQFV,LLSQRR,FCFSMQ,YYISHH,KNLLLL,RRWINS,DADTKV,LSQRRR,LLLGED,DDFSWG,WNFVLP,GKRDSQ,TFCFSM,FDDFSW,PGNRGK,CLPGCF,CFSMQF,VLLSQR,EYYISH,GNRGKR,SQRRRW,RWINST,LLGEDR,LLLLGE,GTFCFS,NLLLLG,QRRRWI,IQVFEY,MGLCGE,RGKRDS
GT2	161	K7432|K7432_000476-T1	26.8	36	DDFSWG,LSQRRR,GSVTCL,SVTCLP,LMVDAD,LLSQRR,RRRWIN,GKRDSQ,WINSTV,YYISHH,GNRGKR,CLPGCF,RWINST,RRWINS,HKKNLL,LHKKNL,NSTVHN,NRGKRD,AKAFES,TCLPGC,VTCLPG,FDDFSW,TLHKKN,QRRRWI,FGSVTC,INSTVH,KRDSQI,PGNRGK,GLCGET,GEDRYL,EYYISH,RGKRDS,STVHNL,MVDADT,LGEDRY,SQRRRW
GT2	161	K7432|K7432_005178-T1	26.2	36	MGLCGE,TCLPGC,MVDADT,LCGETK,GLCGET,YYISHH,LSQRRR,TFPKRK,GKRDSQ,LGEDRY,NSTVHN,VLLSQR,STVHNL,QRRRWI,DDFSWG,INSTVH,FDDFSW,LLGEDR,NLLLLG,WINSTV,SQRRRW,KNLLLL,CLPGCF,LLLGED,LLLLGE,VTCLPG,GNRGKR,EYYISH,LLSQRR,LMVDAD,RRRWIN,RWINST,RRWINS,NRGKRD,RGKRDS,GEDRYL
GT2	161	K7432|K7432_014497-T1	25.8	34	TCLPGC,QRRRWI,VTCLPG,RWINST,FDDFSW,WINSTV,PGNRGK,RRWINS,LGEDRY,PGCFSM,DDFSWG,RGKRDS,RRRWIN,SVTCLP,LMVDAD,NSTVHN,NRGKRD,LHKKNL,HKKNLL,VLLSQR,CLPGCF,LLSQRR,MVDADT,GSVTCL,LPGCFS,GEDRYL,TLHKKN,GNRGKR,INSTVH,GKRDSQ,FGSVTC,STVHNL,SQRRRW,LSQRRR
GT2	161	K7432|K7432_007902-T1	24.7	32	PGNRGK,RGKRDS,GNRGKR,GKRDSQ,HKKNLL,MVDADT,RWINST,TLHKKN,GSVTCL,TCLPGC,RRRWIN,RRWINS,LLSQRR,DDFSWG,FDDFSW,GEDRYL,LMVDAD,VLLSQR,VTCLPG,SVTCLP,FGSVTC,QRRRWI,LGEDRY,LHKKNL,SQRRRW,LSQRRR,INSTVH,NSTVHN,WINSTV,STVHNL,NRGKRD,CLPGCF
GT2	161	K7432|K7432_015291-T1	24.7	32	GNRGKR,FDDFSW,GSVTCL,NSTVHN,QRRRWI,PGNRGK,WINSTV,FGSVTC,LGEDRY,GEDRYL,INSTVH,GKRDSQ,LSQRRR,HKKNLL,VLLSQR,CLPGCF,TLHKKN,TCLPGC,VTCLPG,RRWINS,STVHNL,RRRWIN,NRGKRD,DDFSWG,SVTCLP,RGKRDS,LLSQRR,RWINST,SQRRRW,LHKKNL,LMVDAD,MVDADT
GT2	161	K7432|K7432_000442-T1	23.8	32	DDFSWG,LSQRRR,GSVTCL,SVTCLP,LMVDAD,LLSQRR,RRRWIN,GKRDSQ,IMGLCG,CLPGCF,GNRGKR,HKKNLL,RWINST,RRWINS,LHKKNL,MGLCGE,NRGKRD,TCLPGC,VTCLPG,FDDFSW,VLLSQR,TLHKKN,QRRRWI,FGSVTC,PGNRGK,GLCGET,GEDRYL,MAWREK,RGKRDS,MVDADT,LGEDRY,SQRRRW
GT2	161	K7432|K7432_009877-T1	21.8	28	LGEDRY,CLPGCF,PGNRGK,NRGKRD,LLSQRR,LHKKNL,GEDRYL,LSQRRR,SVTCLP,FGSVTC,GSVTCL,DDFSWG,FDDFSW,SQRRRW,TCLPGC,LMVDAD,GKRDSQ,GNRGKR,MVDADT,HKKNLL,QRRRWI,RRRWIN,RWINST,VTCLPG,VLLSQR,TLHKKN,RGKRDS,RRWINS
GT2	161	K7432|K7432_010251-T1	21.8	28	LGEDRY,CLPGCF,PGNRGK,NRGKRD,LLSQRR,LHKKNL,GEDRYL,LSQRRR,SVTCLP,FGSVTC,GSVTCL,DDFSWG,FDDFSW,SQRRRW,TCLPGC,LMVDAD,GKRDSQ,GNRGKR,MVDADT,HKKNLL,QRRRWI,RRRWIN,RWINST,VTCLPG,VLLSQR,TLHKKN,RGKRDS,RRWINS
GT2	161	K7432|K7432_014102-T1	20.5	28	GSVTCL,LLSQRR,RWINST,RRWINS,INSTVH,TCLPGC,CLPGCF,RRRWIN,QRRRWI,STVHNL,FGSVTC,VTCLPG,SVTCLP,IMGLCG,VLLSQR,SQRRRW,DDFSWG,HKKNLL,LGEDRY,WINSTV,GEDRYL,FDDFSW,MGLCGE,TLHKKN,NSTVHN,GLCGET,LSQRRR,LHKKNL
GT2	161	K7432|K7432_005435-T1	18.1	26	HKKNLL,LSQRRR,TFPKRK,LHKKNL,LGEDRY,NSTVHN,VLLSQR,STVHNL,QRRRWI,DDFSWG,INSTVH,FDDFSW,LLGEDR,NLLLLG,WINSTV,KNLLLL,SQRRRW,LLLGED,LLLLGE,LLSQRR,TLHKKN,RRRWIN,RWINST,RRWINS,GEDRYL,KKNLLL
GT2	161	K7432|K7432_012550-T1	16.5	24	HKKNLL,KKNLLL,RRWINS,QRRRWI,LLGEDR,NSTVHN,INSTVH,LLLLGE,RWINST,NLLLLG,TFPKRK,FCFSMQ,LGEDRY,WINSTV,CFSMQF,KNLLLL,RRRWIN,GEDRYL,TLHKKN,SQRRRW,LLLGED,LHKKNL,LLSQRR,LSQRRR
GT2	161	K7432|K7432_012606-T1	11.4	14	QRRRWI,RRRWIN,RWINST,SQRRRW,FDDFSW,WINSTV,NSTVHN,INSTVH,DDFSWG,STVHNL,LLSQRR,VLLSQR,LSQRRR,RRWINS
GT2	161	K7432|K7432_012551-T1	8.65	13	RGKRDS,GKRDSQ,GNRGKR,DADTKV,KPGNRG,KRDSQI,GETKIA,ETKIAN,PGNRGK,VDADTK,NRGKRD,TKIANK,CGETKI
GT2	161	K7432|K7432_005434-T1	6.46	9	MGLCGE,MVDADT,GKRDSQ,LMVDAD,LCGETK,GLCGET,GNRGKR,NRGKRD,RGKRDS
GT2	241	K7432|K7432_001138-T1	9.51	10	RGLSSA,ERGLSS,CMDADL,DADLQH,MDADLQ,LSSAVL,ADLQHP,GLSSAV,DLQHPP,LQHPPE
GT20	2	K7432|K7432_005426-T1	36.2	64	STRDGM,MSSGGL,DGMNLV,VGRING,IYRILP,RLDYIK,VAVPSR,FPSSEI,AAQSLN,GFHTYD,PSSEIY,FHYHPG,GMNLVS,DYHLML,MNLVSY,ARHFLS,SEIYRI,HTPFPS,DYIKGV,SILWPL,GVDRLD,NSILWP,DVEEYQ,DYARHF,YDYARH,PLFHYH,FPIGID,HTYDYA,ILWPLF,TYDYAR,LHTPFP,DRLDYI,KVVLVQ,NELVGR,LVSYEY,VDRLDY,LVGRIN,RILPVR,FHTYDY,HYHPGE,RHFLSS,AQSLNG,YIKGVP,QVAVPS,TRDGMN,EIYRIL,WPLFHY,VGVDRL,SSGGLV,FLHTPF,GAAQSL,RDGMNL,LFHYHP,VNELVG,SSEIYR,PFPSSE,NLVSYE,TPFPSS,LWPLFH,LDYIKG,YRILPV,YARHFL,GKVVLV,ELVGRI
GT20	2	K7432|K7432_013287-T1	36.2	64	VGVDRL,VDRLDY,LVGRIN,TYDYAR,FPSSEI,NLVSYE,GFHTYD,TRDGMN,PSSEIY,EIYRIL,ELVGRI,DYHLML,RHFLSS,AQSLNG,IYRILP,LVSYEY,TPFPSS,SEIYRI,QVAVPS,NELVGR,NSILWP,STRDGM,FPIGID,YDYARH,DGMNLV,PFPSSE,MNLVSY,MSSGGL,RILPVR,VAVPSR,HTYDYA,WPLFHY,GMNLVS,YRILPV,HTPFPS,SILWPL,PLFHYH,FHYHPG,GKVVLV,LFHYHP,DYIKGV,RDGMNL,ILWPLF,DRLDYI,SSEIYR,FHTYDY,ARHFLS,VGRING,DYARHF,RLDYIK,YIKGVP,GVDRLD,LWPLFH,DVEEYQ,VNELVG,AAQSLN,LHTPFP,GAAQSL,HYHPGE,FLHTPF,KVVLVQ,YARHFL,SSGGLV,LDYIKG
GT20	4	K7432|K7432_007242-T1	21.7	27	KGEIVK,LILSEF,LGLSAE,DEDMFR,GEIVKR,SVRDGM,TSVRDG,ITSVRD,LITSVR,LTWHYR,RLFLFD,SAEHGC,LFDYDG,DYDGTL,YDGTLT,PLILSE,AEHGCF,GLSAEH,NKGEIV,FLFDYD,RDGMNT,LFLFDY,VRDGMN,TDEDMF,LSAEHG,DGMNTT,FDYDGT
GT20	4	K7432|K7432_005672-T1	14.7	17	LILSEF,DEDMFR,ISGRDQ,TDEDMF,DGTLTP,YDGTLT,KGEIVK,PLILSE,LFDYDG,NKGEIV,GTLTPI,FDYDGT,DGMNTT,SAEHGC,RDGMNT,AEHGCF,DYDGTL
GT20	15	K7432|K7432_004418-T1	9.73	18	GRDKLD,YLALLT,PSSEIF,SEIFRC,IASLFL,SSEIFR,ALLTVA,FSQYLA,MNLTSH,EIFRCL,KGVRQK,FPIGID,ASLFLP,GMNLTS,QYLALL,SQYLAL,FPSSEI,NLTSHE
GT20	15	K7432|K7432_010395-T1	8.62	16	GMNLTS,SSEIFR,SQYLAL,PSSEIF,FPSSEI,KGVRQK,FPIGID,QYLALL,YLALLT,NLTSHE,FSQYLA,MNLTSH,ALLTVA,SEIFRC,GRDKLD,EIFRCL
GT21	13	K7432|K7432_006613-T1	5.76	9	PKINNL,YLAEDN,GVNPKI,SIDSCV,NPKINN,GVSILR,VNPKIN,VGLVHH,VSILRP
GT21	13	K7432|K7432_012808-T1	3.76	6	VGLVHH,GVNPKI,PKINNL,VNPKIN,NPKINN,YLAEDN
GT22	1	K7432|K7432_013710-T1	8.43	11	KEWRFI,VEESFN,HKEWRF,APFTKV,KVEESF,TKVEES,FPGVVP,VDSYFW,PGVVPR,FTKVEE,PFTKVE
GT22	2	K7432|K7432_004793-T1	7.72	9	KEERFL,QPHKEE,QTWEYS,ISDCDE,PHKEER,TWEYSP,GPNIFG,SDCDET,HKEERF
GT22	5	K7432|K7432_011368-T1	5.72	13	FLMPCH,GYLTWE,EFRFIY,KEFRFI,LMPCHS,PDEYWQ,PCHSTP,YGYLTW,GYGYLT,GFLMPC,HKEFRF,MPCHST,YLTWEW
GT24	1	K7432|K7432_006560-T1	31.5	47	QTEKQR,IDLCNN,SGHLYE,FLDVLF,KTIDLC,KILFLD,VKFWFI,LDQDLP,NLDQDL,PYHISA,ISALYV,LFLDVL,LDVLFP,KVIFVD,FVDADQ,HLYERF,YHISAL,WLWCET,EWLWCE,GHLYER,DVLFPL,FSVASG,IFVDAD,TIDLCN,HISALY,DQDLPN,IWGYKI,AAGDRL,TKEPKL,AKTIDL,WCETWC,VASGHL,GYKILF,GFRFWK,AGDRLR,SVASGH,LWCETW,ASGHLY,MANLGY,QDLPNN,CETWCS,ILFLDV,WGYKIL,YKILFL,LYERFL,DLCNNP,VIFVDA
GT24	1	K7432|K7432_006560-T2	31.5	47	QTEKQR,IDLCNN,SGHLYE,FLDVLF,KTIDLC,KILFLD,VKFWFI,LDQDLP,NLDQDL,PYHISA,ISALYV,LFLDVL,LDVLFP,KVIFVD,FVDADQ,HLYERF,YHISAL,WLWCET,EWLWCE,GHLYER,DVLFPL,FSVASG,IFVDAD,TIDLCN,HISALY,DQDLPN,IWGYKI,AAGDRL,TKEPKL,AKTIDL,WCETWC,VASGHL,GYKILF,GFRFWK,AGDRLR,SVASGH,LWCETW,ASGHLY,MANLGY,QDLPNN,CETWCS,ILFLDV,WGYKIL,YKILFL,LYERFL,DLCNNP,VIFVDA
GT3	1	K7432|K7432_006577-T1	34.4	52	AEHLLK,GHFYGH,PWGYTP,NRTERL,YYEPWG,EFQNLH,PAECTV,WGYTPA,GYTPAE,EAEHLL,IFHPEF,EPWGYT,SYYEPW,AGRYEF,LKRKPD,LGRYLC,IYHRYC,CHLGVF,VFTTVS,ECTVMG,EHLLKR,VRGCHL,FQNLHA,FVRGHF,RTERLS,ATLLGR,FHPEFL,HATLLG,YTPAEC,GRYLCA,TLLGRY,VRGHFY,PNGLNV,HLLKRK,TPAECT,RGHFYG,THATLL,RNRTER,AECTVM,GCHLGV,QRNRTE,HEFQNL,TIFTTH,LLKRKP,FVRGCH,RGCHLG,RYLCAG,LLGRYL,YEPWGY,FTTHAT,IFTTHA,TTHATL
GT3	1	K7432|K7432_010989-T1	34.4	52	TTHATL,LLGRYL,SYYEPW,RGCHLG,VRGHFY,EFQNLH,GHFYGH,FTTHAT,LGRYLC,NRTERL,VFTTVS,AECTVM,YTPAEC,RGHFYG,GYTPAE,AGRYEF,PNGLNV,TLLGRY,HATLLG,GCHLGV,QRNRTE,TPAECT,THATLL,YEPWGY,VRGCHL,PWGYTP,PAECTV,RYLCAG,IFTTHA,EPWGYT,CHLGVF,IYHRYC,RTERLS,FVRGCH,EHLLKR,FHPEFL,LLKRKP,YYEPWG,ECTVMG,GRYLCA,WGYTPA,RNRTER,AEHLLK,HEFQNL,LKRKPD,FVRGHF,HLLKRK,EAEHLL,IFHPEF,TIFTTH,FQNLHA,ATLLGR
GT3	1	K7432|K7432_002429-T1	33.6	53	ECTVMG,LLGRYL,EAEHLL,VRGCHL,YTPAEC,LGRYLC,IYHRYC,TTHATL,NRTERL,WGYTPA,AECTVM,TLLGRY,SYYEPW,AEHLLK,EFVRGC,FPSYYE,RYLCAG,YYEPWG,GHFYGH,TPAECT,RNRTER,PAECTV,VFPSYY,PWGYTP,AGRYEF,YEPWGY,GRYLCA,LGVFPS,HLLKRK,IFTTHA,TIFTTH,FVRGHF,QRNRTE,PNGLNV,ATLLGR,FVRGCH,HLGVFP,RTERLS,LLKRKP,THATLL,FTTHAT,RGCHLG,HATLLG,GVFPSY,RGHFYG,EPWGYT,LKRKPD,GCHLGV,CHLGVF,GYTPAE,EHLLKR,VRGHFY,PSYYEP
GT33	2	K7432|K7432_012419-T1	12.3	28	GLDLPM,SSSGLD,SPRMQY,DIGRSP,IGRSPR,PRMQYH,SSTSWT,LGDIGR,RMQYHA,GDIGRS,ADLGVC,LGVCLH,DWHNFG,ITGKGP,LPMKVV,SSGLDL,MQYHAL,TSWTED,DLPMKV,LDLPMK,VLGDIG,SGLDLP,RSPRMQ,IITGKG,QYHALS,GRSPRM,STSWTE,DLGVCL
GT35	1	K7432|K7432_001298-T1	18.5	31	MEFLIG,ASGTSN,LGRLAA,DGANVE,SMEFLI,LGNGGL,HEYKRQ,NGVAAL,GTSNMK,TPRRWL,GNGGLG,EFLIGR,ALGNGG,KRIHEY,RIHEYK,GRLAAC,GVAALH,IHEYKR,GANVEI,KAAPGY,QLNDTH,GYGIRY,TSNMKF,SGTSNM,EASGTS,VLYPND,NGGLGR,GLGRLA,LNDTHP,IQLNDT,GGLGRL
GT35	1	K7432|K7432_008391-T1	17.1	29	EFLIGR,LGRLAA,TPRRWL,EASGTS,IQLNDT,KRIHEY,VLYPND,GNGGLG,SMEFLI,NGGLGR,GTSNMK,IHEYKR,LGNGGL,KAAPGY,TSNMKF,GLGRLA,SGTSNM,QLNDTH,RIHEYK,GRLAAC,ALGNGG,HEYKRQ,GVAALH,GYGIRY,MEFLIG,ASGTSN,NGVAAL,GGLGRL,LNDTHP
GT39	2	K7432|K7432_003488-T1	12.8	24	FMDVHP,GGYLHS,VHFGGF,DEVHFG,VHPPLA,LHHYLP,QQQITL,QQEVTC,RLILLD,HFGGFA,KWVGLF,VFDEVH,FLHHYL,HPPLAK,QQITLY,FDEVHF,HHYLPA,VVFDEV,RLHSHD,SVVFDE,EVHFGG,GYLHSH,MDVHPP,DVHPPL
GT39	2	K7432|K7432_006023-T1	10.5	20	FDVHPP,HHYLPA,RLILLD,GKFASY,EVHFGK,HPPLAK,LHHYLP,HDVASP,DVHPPL,HFGKFA,FLHHYL,KFASYY,FDEVHF,VHFGKF,VHPPLA,VFDEVH,FGKFAS,VVFDEV,DEVHFG,FASYYL
GT39	2	K7432|K7432_001211-T1	10.4	19	VHPPLA,VVFDEV,GYLHSH,HHYLPA,SVVFDE,EVHFGG,LHHYLP,FMDVHP,VHFGGF,KWVGLF,DVHPPL,HPPLAK,VFDEVH,DEVHFG,FLHHYL,MDVHPP,FDEVHF,HFGGFA,GGYLHS
GT39	2	K7432|K7432_015931-T1	6.83	13	VHFGGF,SVVFDE,MDVHPP,EVHFGG,FDEVHF,VVFDEV,VHPPLA,HPPLAK,HFGGFA,DVHPPL,DEVHFG,FMDVHP,VFDEVH
GT39	2	K7432|K7432_014368-T1	6.43	12	FDVHPP,VFDEVH,HFGKFA,EVHFGK,FGKFAS,VHFGKF,GKFASY,VVFDEV,DVHPPL,KFASYY,DEVHFG,FDEVHF
GT39	3	K7432|K7432_007149-T1	23.8	27	PPLGKM,GKFGSY,PALYFA,WDEAHF,VVWDEA,FGKFGS,PLGKML,FILLDS,HPPLGK,FGSYYL,VWDEAH,FYHDVH,DVHPPL,KFGSYY,DEAHFG,VHPPLG,HDVHPP,ILLDSM,LDSMLL,EAHFGK,NNALVP,NALVPD,YHDVHP,LLDSML,AHFGKF,LGKMLV,HFGKFG
GT39	3	K7432|K7432_013905-T1	22.2	25	AHFGKF,DVHPPL,VHPPLG,FILLDS,EAHFGK,FGKFGS,VWDEAH,PLGKML,KFGSYY,FGSYYL,EFYHDV,LDSMLL,FYHDVH,HDVHPP,GKFGSY,LGKMLV,LLDSML,PPLGKM,ILLDSM,VVWDEA,DEAHFG,HPPLGK,HFGKFG,WDEAHF,YHDVHP
GT4	109	K7432|K7432_013352-T1	13.7	27	AQFRPE,FTLLGQ,GQSLGS,LGWEAL,LGQSLG,PTISTD,TLLGQS,FHPYCN,ISTDML,PYCNAG,MGYAFT,YVHYPT,VHYPTI,YPTIST,NAGGGG,YCNAGG,VYPPCD,QFRPEK,CNAGGG,DTMGYA,LLGQSL,YPPCDT,AGGGGE,TISTDM,TMGYAF,HYPTIS,HPYCNA
GT4	145	K7432|K7432_004262-T1	13.7	16	HPDLGI,DLGIGG,HFGIVP,IGGAER,ERLVVD,ENVEYL,GGAERL,LGIGGA,GAERLV,PDLGIG,SINRFE,GIGGAE,EHFGIV,AERLVV,YCHFPD,FYCHFP
GT4	194	K7432|K7432_004917-T1	9.41	16	LTEAFC,ICMVSD,LVYRKG,RLVYRK,MVSDFF,SDFFYP,GDGPKR,CMVSDF,DFFYPN,SLTEAF,ICVSHT,VSDFFY,VHGHQA,TEAFCI,FTDHSL,ENTVLR
GT4	194	K7432|K7432_004917-T2	9.41	16	LTEAFC,ICMVSD,LVYRKG,RLVYRK,MVSDFF,SDFFYP,GDGPKR,CMVSDF,DFFYPN,SLTEAF,ICVSHT,VSDFFY,VHGHQA,TEAFCI,FTDHSL,ENTVLR
GT41	17	K7432|K7432_000910-T1	23.1	27	LYYLSL,PTVLPF,DLFLDT,LMQSVF,NLNGYT,TVLPFH,LGSLLK,VLPFHT,LWLLRF,NLGSLL,GYVSSD,SDFNNH,TNLGSL,PFHTFT,SSDFNN,FNNHPL,LPFHTF,HLMQSV,YVSSDF,WLLRFP,GSLLKD,MQSVFG,FNQLYK,DFNNHP,APTVLP,NQLYKI,NFNQLY
GT48	1	K7432|K7432_000996-T1	33.6	44	LNEDIY,FLDTYL,EYIFSE,LFFLDT,EDIYAG,LHYGHP,HYGHPD,DGKSDN,GNPILG,YGHPDF,KLHYGH,QTLYRT,CGKGRD,GLHLNE,GKSDNQ,QDNYLE,DANQDN,ILGDGK,GKGRDL,PILGDG,FFLDTY,GRDLGF,NEDIYA,GKLHYG,IYSKIL,NQDNYL,HLNEDI,QCGKGR,YIFSEN,YSKILA,LGDGKS,GGKLHY,DNYLEE,REYIFS,SKILAT,LDTYLW,LRTRIW,LHLNED,DTYLWY,KSDNQN,GDGKSD,NPILGD,ANQDNY,KGRDLG
GT48	1	K7432|K7432_012832-T1	29.8	39	YGHPDF,ILGDGK,PILGDG,LHYGHP,QTLYRT,NEDIYA,QCGKGR,NPILGD,KSDNQN,HYGHPD,EYIFSE,LNEDIY,GLHLNE,FLDTYL,LFFLDT,CGKGRD,GKGRDL,GKSDNQ,YIFSEN,GKLHYG,EDIYAG,FFLDTY,DGKSDN,LGDGKS,KLHYGH,ANQDNY,GDGKSD,DTYLWY,GNPILG,REYIFS,LHLNED,DANQDN,GGKLHY,LRTRIW,KGRDLG,GRDLGF,HLNEDI,AAGKEQ,LDTYLW
GT48	1	K7432|K7432_006144-T1	29.2	38	LGDGKS,ANQDNY,LHYGHP,GKLHYG,QDNYLE,GGKLHY,GDGKSD,GKSDNQ,HYGHPD,FLDTYL,LRTRIW,NEDIYA,LDTYLW,DANQDN,FFLDTY,EYIFSE,LNEDIY,GNPILG,ILGDGK,DTYLWY,PILGDG,QTLYRT,KLHYGH,DNYLEE,FFAQSL,GLHLNE,NPILGD,DGKSDN,YGHPDF,HLNEDI,LFFLDT,KSDNQN,LHLNED,NQDNYL,EDIYAG,RLPKRI,LPKRIY,REYIFS
GT48	1	K7432|K7432_005551-T1	5.67	7	LDTYLW,FFLDTY,LFFLDT,LRTRIW,DTYLWY,QTLYRT,FLDTYL
GT48	4	K7432|K7432_017196-T1	4.01	6	LYSRFA,GFHINN,PGFHIN,GGARYI,HPGFHI,TGRGFA
GT49	3	K7432|K7432_004736-T1	15.0	22	GANKAA,STNYTR,EPYVIF,ERFIGY,DFLIHQ,HGSTNY,YVIFKK,RFIGYG,PYVIFK,KAACLY,GHGSTN,GYGANK,NKAACL,ACLYEI,LYEIYL,YEPYVI,AACLYE,YGANKA,SYEPYV,ANKAAC,CLYEIY,GSTNYT
GT49	3	K7432|K7432_005024-T1	9.16	13	SYEPYV,KAACLY,ACLYEI,ERFIGY,CLYEIY,GHGSTN,HGSTNY,LYEIYL,YEPYVI,AACLYE,RFIGYG,NKAACL,GSTNYT
GT49	3	K7432|K7432_002962-T1	4.39	7	YVDIHL,DYWVLP,ERFIGY,YEPYVI,NKAACL,RFIGYG,SYEPYV
GT50	1	K7432|K7432_007119-T1	5.95	8	YTDIDY,ISTRGN,TRGNAE,RGNAES,STRGNA,YRYTPL,RYTPLL,TYRYTP
GT57	1	K7432|K7432_006363-T1	21.3	28	VHEKTI,LQYWGL,GHFQYN,WGLDYP,EDKVAN,DLQYWG,FLFSFQ,LFSFQV,YWGLDY,FQVHEK,QYWGLD,SFFLFS,LDYPPL,GLDYPP,RHWMEI,YDLQYW,FFLFSF,EAQRHW,HFQYNS,SFQVHE,AQRHWM,YPPLTA,FSFQVH,HWMEIT,DYPPLT,HEKTIL,QRHWME,QVHEKT
GT57	2	K7432|K7432_000717-T1	27.1	32	WHVHEK,HIHFQY,DYPPFF,RNWLAI,YPPFFA,SFLFGW,YNGFLF,DHIHFQ,AYWAPN,QYNGFL,TLDYPP,HFQYNG,FGWHVH,YWAPNF,APNFWA,FQYNGF,PNFWAL,HRNWLA,LDYPPF,FLFGWH,WAPNFW,VHEKAI,HAYWAP,HVHEKA,NFWALY,IHFQYN,VHRNWL,IDHIHF,LFGWHV,GWHVHE,NWLAIT,WTLDYP
GT58	2	K7432|K7432_010104-T1	6.35	15	LVYPAG,LFNDPV,AYMQEV,VYPAGF,YPAGFV,PLVYPA,RLFNDP,KMNVLL,YTEIDW,GPLVYP,FNDPVA,TGPLVY,LRLFND,DTGPLV,GDTGPL
GT59	2	K7432|K7432_013185-T1	6.66	18	ITTPPG,RYFILP,LQRFMW,YMDEIF,DPMITT,FHVPQA,GDKSNH,PPGLYL,WDPMIT,MDEIFH,IFHVPQ,HVPQAQ,TPPGLY,TTPPGL,FLYYTD,EIFHVP,VLGDKS,DEIFHV
GT66	1	K7432|K7432_001588-T1	47.0	64	NTWNNT,VDNNTW,GVMVRL,AWGGYV,WNNTHI,WDYGYQ,PWTGRF,LVDNNT,HEFDPW,AYSSPS,PGYISR,LMLTLT,GSYDNE,TWNNTH,REAYYW,VSEHQP,NKFLWM,YSLWDT,MVRLML,GRFYSL,DDFREA,SVAGSY,YFYMVS,PIIASV,DNNTWN,RSVAGS,IHEFDP,AYYWLR,DFREAY,DINKFL,VMVRLM,SVSEHQ,FDPWFN,EFDPWF,WWDYGY,AGSYDN,YISRSV,TGRFYS,RLMLTL,AGVMVR,FAGVMV,EAYYWL,ISRSVA,IASVSE,ASVSEH,INKFLW,RFYSLW,WTGRFY,NNTWNN,WYPLGR,SRSVAG,FYSLWD,WGGYVF,GYISRS,DDINKF,VAGSYD,DYGYQI,NNTHIA,YFAGVM,GGYVFI,IPIIAS,IIASVS,NLIPLH,AGLLAA
GT8	39	K7432|K7432_007010-T1	11.6	14	GWPDCF,DQGLLN,CFNSGV,DCFNSG,FNSGVF,FDGGDQ,NSGVFV,WPDCFN,GGDQGL,GDQGLL,DGGDQG,GSFDGG,PDCFNS,SFDGGD
GT8	39	K7432|K7432_007010-T2	11.6	14	GWPDCF,DQGLLN,CFNSGV,DCFNSG,FNSGVF,FDGGDQ,NSGVFV,WPDCFN,GGDQGL,GDQGLL,DGGDQG,GSFDGG,PDCFNS,SFDGGD
GT8	50	K7432|K7432_004994-T1	5.04	7	ADMLVL,YIYNAL,LDADML,ACRCNP,DADMLV,IYNALK,FLDADM
CBM1	13	K7432|K7432_006444-T1	4.43	8	YNNYCG,SSFGGV,LGVPGS,QFYNNY,FYNNYC,YWGQNS,SFGGVM,VQFYNN
CBM1	13	K7432|K7432_006752-T1	4.43	8	YWGQNS,FYNNYC,SFGGVM,LGVPGS,YNNYCG,QFYNNY,VQFYNN,SSFGGV
CBM1	13	K7432|K7432_000541-T1	4.05	7	FYNNYC,SSFGGV,VQFYNN,YWGQNS,LGVPGS,QFYNNY,SFGGVM
CBM1	13	K7432|K7432_012782-T1	4.05	7	SFGGVM,YWGQNS,LGVPGS,FYNNYC,VQFYNN,SSFGGV,QFYNNY
CBM1	13	K7432|K7432_007862-T2	3.75	6	VQFYNN,SSFGGV,SFGGVM,YWGQNS,FSSFGG,AAPQCV
CBM1	13	K7432|K7432_001981-T1	3.33	6	AAPQCV,SFGGVM,SSFGGV,RPFGDA,FSSFGG,VQFYNN
CBM1	13	K7432|K7432_014810-T1	3.33	6	VQFYNN,SSFGGV,RPFGDA,FSSFGG,SFGGVM,AAPQCV
CBM12	6	K7432|K7432_007204-T1	7.8	10	SLGGWT,IDIDWE,DGIDID,LISLGG,IDWEYP,KVLISL,GIDIDW,ISLGGW,VLISLG,DIDWEY
CBM12	6	K7432|K7432_015311-T1	6.55	8	IDWEYP,DIDWEY,ISLGGW,LISLGG,SLGGWT,IDIDWE,GIDIDW,DGIDID
CBM12	6	K7432|K7432_008507-T1	5.3	6	IDWEYP,FDGIDI,GIDIDW,DGIDID,IDIDWE,DIDWEY
CBM12	17	K7432|K7432_006254-T1	7.8	8	PGINDN,NDNGSG,NGSGSA,GPGIND,DNGSGS,GINDNG,INDNGS,AGPGIN
CBM12	17	K7432|K7432_007111-T1	7.8	8	DNGSGS,AGPGIN,GPGIND,GINDNG,NGSGSA,PGINDN,INDNGS,NDNGSG
CBM12	17	K7432|K7432_014539-T1	7.8	8	PGINDN,GINDNG,NDNGSG,AGPGIN,DNGSGS,INDNGS,GPGIND,NGSGSA
CBM12	17	K7432|K7432_015794-T1	7.8	8	NGSGSA,GINDNG,NDNGSG,PGINDN,INDNGS,GPGIND,AGPGIN,DNGSGS
CBM12	17	K7432|K7432_017256-T1	6.93	7	DNGSGS,INDNGS,PGINDN,AGPGIN,NDNGSG,GPGIND,GINDNG
CBM12	17	K7432|K7432_012383-T1	5.93	6	NDNGSG,PGINDN,AGPGIN,INDNGS,GPGIND,GINDNG
CBM14	26	K7432|K7432_008446-T1	7.82	8	IDWEYP,LDIDWE,FDGLDI,GLDIDW,GGAMVW,DIDWEY,DGLDID,QWVGYD
CBM14	26	K7432|K7432_014685-T1	6.91	7	LDIDWE,FDGLDI,DGLDID,DIDWEY,GGAMVW,IDWEYP,GLDIDW
CBM14	26	K7432|K7432_012030-T1	6.0	6	LDIDWE,DGLDID,DIDWEY,FDGLDI,IDWEYP,GLDIDW
CBM18	6	K7432|K7432_008446-T1	7.72	15	IDWEYP,LGFYGR,HTNLTE,YGRSFT,LNVCCS,FYGRSF,GFYGRS,PLNVCC,LGLGFY,DWEYPG,GLGFYG,WYLRHF,CPLNVC,DIDWEY,WEYPGA
CBM18	6	K7432|K7432_012030-T1	6.02	14	HTNLTE,FYGRSF,WYLRHF,YLRHFD,DWEYPG,LGLGFY,YGRSFT,LGFYGR,MVWAID,GFYGRS,GLGFYG,WEYPGA,IDWEYP,DIDWEY
CBM18	6	K7432|K7432_014685-T1	6.02	14	WYLRHF,DWEYPG,LGFYGR,LGLGFY,GLGFYG,WEYPGA,YLRHFD,HTNLTE,DIDWEY,FYGRSF,IDWEYP,MVWAID,YGRSFT,GFYGRS
CBM18	7	K7432|K7432_010310-T1	5.27	10	PTYMRP,LTFDDG,TYMRPP,ALTFDD,HQIASH,YMRPPY,TFDDGP,GHQIAS,IPTYMR,QIASHT
CBM18	7	K7432|K7432_003858-T1	4.68	10	GHQIAS,SHTWSH,HQIASH,TFDDGP,LTFDDG,IASHTW,QIASHT,ASHTWS,ALTFDD,EGHQIA
CBM18	7	K7432|K7432_012851-T1	4.68	10	IASHTW,TFDDGP,ALTFDD,ASHTWS,LTFDDG,GHQIAS,SHTWSH,HQIASH,QIASHT,EGHQIA
CBM18	7	K7432|K7432_015223-T1	4.68	10	SHTWSH,ASHTWS,GHQIAS,LTFDDG,IASHTW,QIASHT,TFDDGP,HQIASH,EGHQIA,ALTFDD
CBM18	7	K7432|K7432_016140-T1	4.68	10	LTFDDG,ASHTWS,SHTWSH,TFDDGP,GHQIAS,IASHTW,QIASHT,EGHQIA,HQIASH,ALTFDD
CBM18	7	K7432|K7432_004252-T1	4.65	9	GHQIAS,PTYMRP,HQIASH,TFDDGP,LTFDDG,QIASHT,ALTFDD,TYMRPP,EGHQIA
CBM18	7	K7432|K7432_017160-T1	3.55	7	QIASHT,LTFDDG,ALTFDD,GHQIAS,HQIASH,YMRPPY,TFDDGP
CBM18	7	K7432|K7432_008620-T1	3.33	8	HQIASH,AEGHQI,TFDDGP,ALTFDD,EGHQIA,QIASHT,LTFDDG,GHQIAS
CBM18	7	K7432|K7432_013309-T1	3.24	7	TFDDGP,LTFDDG,YMRPPY,HQIASH,GHQIAS,QIASHT,EGHQIA
CBM18	7	K7432|K7432_008841-T1	3.13	7	HQIASH,TFDDGP,ALTFDD,QIASHT,EGHQIA,LTFDDG,GHQIAS
CBM18	7	K7432|K7432_010631-T1	3.13	7	GHQIAS,QIASHT,EGHQIA,TFDDGP,HQIASH,LTFDDG,ALTFDD
CBM18	7	K7432|K7432_017339-T1	3.13	7	QIASHT,LTFDDG,ALTFDD,HQIASH,GHQIAS,TFDDGP,EGHQIA
CBM18	7	K7432|K7432_009062-T1	2.86	6	TFDDGP,HQIASH,ALTFDD,QIASHT,LTFDDG,GHQIAS
CBM18	7	K7432|K7432_017344-T1	2.86	6	QIASHT,LTFDDG,ALTFDD,HQIASH,GHQIAS,TFDDGP
CBM18	14	K7432|K7432_013121-T1	4.27	8	SQWGYC,GAGCQS,CGAGCQ,CCSQWG,QWGYCG,YCGAGC,CSQWGY,LCCSQW
CBM2	82	K7432|K7432_011984-T1	7.0	7	VFKWAA,SRVWDS,LRHFTF,GSRVWD,NKGKGG,SHPIVT,RHFTFQ
CBM2	85	K7432|K7432_011135-T1	3.2	6	RSGKLP,GALVGG,ALVGGP,YNAGFQ,DYNAGF,LVGGPD
CBM2	85	K7432|K7432_014120-T1	3.2	6	ALVGGP,LVGGPD,DLSGGW,DYNAGF,GALVGG,YNAGFQ
CBM20	17	K7432|K7432_004210-T1	5.41	7	GYPCVF,YPCVFY,GYGVYD,TKYGTK,NYDYLM,DVGYGV,VGYGVY
CBM20	17	K7432|K7432_010863-T1	4.82	6	GEFNQK,NYDYLM,DLGEFN,EFNQKG,GFRLDA,LGEFNQ
CBM20	39	K7432|K7432_005426-T1	5.2	10	ADPEFG,EFGSWQ,PSSEIY,DYDGTL,LWPLFH,FPSSEI,PFPSSE,DYARHF,ARHFLS,YARHFL
CBM20	39	K7432|K7432_013287-T1	5.2	10	PFPSSE,FPSSEI,ADPEFG,LWPLFH,EFGSWQ,DYARHF,ARHFLS,PSSEIY,DYDGTL,YARHFL
CBM20	39	K7432|K7432_004418-T1	4.8	10	FPSSEI,RTDEDM,IGFFLH,KIGFFL,IPFPSS,PFPSSE,HIPFPS,DYDGTL,SSEIFR,FTCTVG
CBM20	39	K7432|K7432_010395-T1	3.99	8	DYDGTL,HIPFPS,FPSSEI,PFPSSE,IPFPSS,SSEIFR,FTCTVG,RTDEDM
CBM20	39	K7432|K7432_007242-T1	3.0	6	LSEFTG,PFPSSE,IGFFLH,SSEIFR,DYDGTL,FPSSEI
CBM21	14	K7432|K7432_004025-T1	5.99	8	LVRKKS,RLVRKK,VRKKSG,RKKSGE,GEIVKP,KKSGEI,SGEIVK,KSGEIV
CBM32	4	K7432|K7432_011784-T1	5.79	8	NGVPVL,KNGVPV,GVPVLG,FAGIDV,VPVLGT,YGFDGW,HKNGVP,AHKNGV
CBM39	5	K7432|K7432_011468-T1	14.0	18	WPASGE,NWEFEY,GGGNWE,IWPAIW,WEFEYY,NPIQSA,IKPTLT,GGNWEF,SGEIDI,WIWPAI,ASGEID,GNWEFE,DWIWPA,NRSNSY,GDWIWP,VESRGN,FEDNFD,PASGEI
CBM43	1	K7432|K7432_005457-T1	5.36	8	SGGIVY,NVLGFF,LGFFAG,GFFAGN,FFAGNE,FAGNEV,SEYGCN,VLGFFA
CBM48	20	K7432|K7432_006216-T1	28.5	42	FRFDGV,LVGDKT,ALVGDK,GNEFGH,RFDGVT,SRLFNY,FDYRLA,TLTNRR,QLMAIM,RFGTPE,FDGVTS,HDQALV,NEFGHP,GFDYRL,QALVGD,MAIMEH,DGFRFD,DGVTSM,VGDKTI,DQALVG,FGHPEW,AEDVSG,VHSHAS,SHDQAL,GFRFDG,YASFGY,EGYLNF,GIALHK,SFGYQV,DYRLAM,YREWAP,EFGHPE,YYASFG,EWAPNA,SSRFGT,SRFGTP,RGIALH,ASFGYQ,ESHDQA,GEGYLN,LMAIME,IQLMAI
CBM48	20	K7432|K7432_000483-T1	26.8	39	GFDYRL,SHDQAL,VGDKTI,EGYLNF,DGVTSM,NEFGHP,GIALHK,FRFDGV,AEDVSG,FDGVTS,FGHPEW,VHSHAS,GDFNNW,SFGYQV,IQLMAI,YEAHVG,QALVGD,DQALVG,MAIMEH,TLTNRR,HDQALV,GNEFGH,IYEAHV,RGIALH,ESHDQA,QLMAIM,GFRFDG,YASFGY,YREWAP,RFDGVT,SRLFNY,LMAIME,ASFGYQ,EFGHPE,DGFRFD,LVGDKT,YYASFG,GEGYLN,ALVGDK
CBM48	20	K7432|K7432_001844-T1	19.0	29	EFGHPE,SFGYQV,DFPREG,GDFNNW,IYEAHV,GEGYLN,SRLFNY,YYASFG,SHDQAL,SRFGTP,NEFGHP,YEAHVG,DQALVG,GNEFGH,RFGTPE,HKMIRL,ASFGYQ,YREWAP,YASFGY,VHSHAS,EGYLNF,ESHDQA,HDQALV,FDGFRF,FPREGN,SSRFGT,DGFRFD,FGHPEW,LHKMIR
CBM49	1	K7432|K7432_013445-T1	6.26	8	EAQRSG,GGYYDA,FFEAQR,LFFEAQ,GYYDAG,YYDAGD,FEAQRS,KTPGGL
CBM5	2	K7432|K7432_008993-T1	5.06	6	VDIDWE,DIDWEF,GVDIDW,IDWEFP,DWEFPG,DGVDID
CBM5	14	K7432|K7432_015311-T1	5.04	8	IDWEYP,DIDWEY,ISLGGW,SLGGWT,IDIDWE,GIDIDW,DGIDID,DWEYPG
CBM5	14	K7432|K7432_007204-T1	4.59	7	SLGGWT,IDIDWE,DGIDID,IDWEYP,GIDIDW,ISLGGW,DIDWEY
CBM5	14	K7432|K7432_008507-T1	4.58	7	IDWEYP,FDGIDI,GIDIDW,DGIDID,IDIDWE,AKWWTQ,DIDWEY
CBM5	14	K7432|K7432_003008-T1	3.92	6	IDWEYP,DIDWEY,GIDIDW,DWEYPG,DGIDID,IDIDWE
CBM5	14	K7432|K7432_006730-T1	3.88	6	IDIDWE,DGIDID,IDWEYP,AKWWTQ,GIDIDW,DIDWEY
CBM5	14	K7432|K7432_011082-T1	3.88	6	IDWEYP,DIDWEY,AKWWTQ,GIDIDW,DGIDID,IDIDWE
CBM5	14	K7432|K7432_011449-T1	3.88	6	DGIDID,AKWWTQ,DIDWEY,IDIDWE,GIDIDW,IDWEYP
CBM5	49	K7432|K7432_016003-T1	10.0	12	GTSMAT,GHGTHV,SMATPH,SISGTS,THVAGT,GTHVAG,TSMATP,HGTHVA,SGTSMA,ISGTSM,MATPHV,NGHGTH
CBM5	49	K7432|K7432_015040-T1	7.95	9	GHGTHV,HGTHVA,MATPHV,TSMATP,GTHVAG,GTSMAT,THVAGT,SGTSMA,SMATPH
CBM5	49	K7432|K7432_003124-T1	7.67	9	GHGTHV,HGTHVA,NGHGTH,GNGHGT,DGNGHG,GTHVAG,ISGTSM,SGTSMA,THVAGT
CBM5	49	K7432|K7432_011409-T1	6.27	7	NGHGTH,GTHVAG,THVAGT,GHGTHV,SGTSMA,ISGTSM,HGTHVA
CBM5	49	K7432|K7432_014864-T1	6.27	7	GHGTHV,HGTHVA,ISGTSM,SGTSMA,GTHVAG,NGHGTH,THVAGT
CBM5	49	K7432|K7432_016899-T1	6.27	7	GHGTHV,NGHGTH,THVAGT,GTHVAG,SGTSMA,ISGTSM,HGTHVA
CBM5	49	K7432|K7432_011140-T1	5.57	6	GHGTHV,SGTSMA,HGTHVA,NGHGTH,GTHVAG,THVAGT
CBM5	49	K7432|K7432_016432-T1	5.57	6	GHGTHV,THVAGT,GTHVAG,HGTHVA,SGTSMA,NGHGTH
CBM5	49	K7432|K7432_016476-T1	5.57	6	GHGTHV,THVAGT,GTHVAG,HGTHVA,SGTSMA,NGHGTH
CBM5	49	K7432|K7432_008463-T1	5.44	7	TPHVSG,MATPHV,SGTSMA,ATPHVS,GTSMAT,SMATPH,TSMATP
CBM5	49	K7432|K7432_009157-T1	5.44	7	TSMATP,SMATPH,TPHVSG,ATPHVS,SGTSMA,MATPHV,GTSMAT
CBM5	49	K7432|K7432_013654-T1	5.17	6	NGHGTH,GTSMAT,HGTHVA,TSMATP,GHGTHV,GTHVAG
CBM50	144	K7432|K7432_001335-T1	5.06	6	MTVGNH,NHEFDD,VGGHSH,TVGNHE,GNHEFD,VGNHEF
CBM50	144	K7432|K7432_002934-T1	5.06	6	MTVGNH,NHEFDD,VGGHSH,GNHEFD,VGNHEF,TVGNHE
CBM55	1	K7432|K7432_006730-T1	6.0	6	DWEYPA,IDIDWE,IDWEYP,LDGIDI,GIDIDW,DIDWEY
CBM55	1	K7432|K7432_007204-T1	6.0	6	DWEYPA,IDIDWE,IDWEYP,LDGIDI,GIDIDW,DIDWEY
CBM55	1	K7432|K7432_011082-T1	6.0	6	IDWEYP,LDGIDI,DIDWEY,DWEYPA,GIDIDW,IDIDWE
CBM55	1	K7432|K7432_011449-T1	6.0	6	LDGIDI,DWEYPA,DIDWEY,IDIDWE,GIDIDW,IDWEYP
CBM57	16	K7432|K7432_002678-T1	13.8	15	DLAGSE,AYGQTG,GKTFTM,NIRVFC,RNSKLT,FAYGQT,VCIFAY,IFAYGQ,KTFTME,GNIRVF,TFTMEG,KTLMFV,LAGSER,SKTLMF,IRVFCR
CBM57	16	K7432|K7432_009111-T1	13.8	15	IFAYGQ,AYGQTG,FAYGQT,NIRVFC,KTFTME,LAGSER,KTLMFV,GKTFTM,SKTLMF,DLAGSE,VCIFAY,RNSKLT,IRVFCR,TFTMEG,GNIRVF
CBM57	16	K7432|K7432_015609-T1	13.8	15	SKTLMF,NIRVFC,FAYGQT,AYGQTG,KTLMFV,LAGSER,RNSKLT,IFAYGQ,KTFTME,IRVFCR,TFTMEG,GNIRVF,VCIFAY,GKTFTM,DLAGSE
CBM57	16	K7432|K7432_002116-T1	12.7	13	DLAGSE,YGQTGT,IFAYGQ,FAYGQT,AYGQTG,TGTGKT,VDLAGS,LQDSLG,LVDLAG,GQTGTG,QDSLGG,QTGTGK,LLQDSL
CBM57	16	K7432|K7432_004408-T1	12.7	13	LLQDSL,IFAYGQ,YGQTGT,LQDSLG,QTGTGK,DLAGSE,TGTGKT,LVDLAG,FAYGQT,VDLAGS,QDSLGG,AYGQTG,GQTGTG
CBM57	16	K7432|K7432_005603-T1	12.7	13	DLAGSE,GQTGTG,VDLAGS,TGTGKT,FAYGQT,LVDLAG,YGQTGT,QDSLGG,QTGTGK,LQDSLG,IFAYGQ,LLQDSL,AYGQTG
CBM57	16	K7432|K7432_006753-T1	12.0	13	GNIRVF,DLAGSE,GKTFTM,RNSKLT,SKTLMF,KTLMFV,AYGQTG,KTFTME,NIRVFC,LAGSER,TFTMEG,IFAYGQ,FAYGQT
CBM57	16	K7432|K7432_009111-T2	11.9	13	IFAYGQ,AYGQTG,FAYGQT,NIRVFC,KTFTME,LAGSER,GKTFTM,DLAGSE,VCIFAY,RNSKLT,IRVFCR,TFTMEG,GNIRVF
CBM57	16	K7432|K7432_010746-T1	6.88	7	GKTFTM,LQDSLG,QDSLGG,LLQDSL,DLAGSE,LAGSER,VDLAGS
CBM57	16	K7432|K7432_012004-T1	6.88	7	VDLAGS,DLAGSE,GKTFTM,LAGSER,LQDSLG,QDSLGG,LLQDSL
CBM57	16	K7432|K7432_001914-T1	6.76	7	DLAGSE,IFAYGQ,AYGQTG,FAYGQT,LAGSER,VDLAGS,LVDLAG
CBM57	16	K7432|K7432_002085-T1	6.76	7	DLAGSE,IFAYGQ,AYGQTG,FAYGQT,LAGSER,VDLAGS,LVDLAG
CBM57	16	K7432|K7432_011241-T1	6.76	7	DLAGSE,LVDLAG,VDLAGS,LAGSER,FAYGQT,AYGQTG,IFAYGQ
CBM57	16	K7432|K7432_000427-T1	6.64	7	VDLAGS,IFAYGQ,DLAGSE,GKTFTM,LVDLAG,FAYGQT,LAGSER
CBM6	15	K7432|K7432_011468-T1	2.9	6	WPASGE,NVAVGG,SGEIDI,WPAIWM,ASGEID,PASGEI
