CAZy Family	PPR Subfamily	Gene ID	Frequency	Hits	Signature Peptides
CE4	39	Zoorad1|Zoorad1_857810	5.08	7	TFDDGP,VKATFF,LTFDDG,ALTFDD,ATFFVV,TFFVVG,KATFFV
CE4	80	Zoorad1|Zoorad1_480339	5.19	6	TFFVIG,ATFFVI,KATFFV,ALTFDD,LTFDDG,TFDDGP
CE4	93	Zoorad1|Zoorad1_387898	6.0	6	ALTFDD,LTFDDG,VKATFF,KATFFV,TFDDGP,FDDGPS
CE4	93	Zoorad1|Zoorad1_419223	6.0	6	ALTFDD,FDDGPS,KATFFV,VKATFF,TFDDGP,LTFDDG
CE4	108	Zoorad1|Zoorad1_474976	8.02	9	VLNYEE,FVLNYE,YTGRQS,LNYEEG,YEEGGE,GWYTGR,WYTGRQ,NYEEGG,EEGGEN
CE9	56	Zoorad1|Zoorad1_435944	6.0	6	FHHRDP,RDPGII,PGIIGV,DPGIIG,HHRDPG,HRDPGI
GH13	25	Zoorad1|Zoorad1_467871	7.97	14	CVFYGD,PCVFYG,GTVRTK,FVDNHD,NYDYLM,KGTVRT,GNYDYL,TFVDNH,RTKYGT,TVRTKY,VTFVDN,VRTKYG,QKGTVR,TKYGTK
GH13	94	Zoorad1|Zoorad1_400523	23.0	37	YYASFG,QALVGD,SHDQAL,TLTNRR,IGFDYR,FDGVTS,VGDKTI,SRLFNY,ESHDQA,GGIGFD,DFPREG,LRFLLS,YASFGY,DVSGMP,GIGFDY,EDVSGM,NEFGHP,RFDGVT,DQALVG,HDQALV,AEDVSG,FPREGN,HKMIRL,LVGDKT,GFDYRL,FRFDGV,GNEFGH,EFGHPE,DGVTSM,FLLSNL,FGHPEW,DGFRFD,MAIMEH,ALVGDK,EWAPNA,GFRFDG,RFLLSN
GH132	2	Zoorad1|Zoorad1_486244	7.19	9	EAMLIP,AMLIPT,NEAMLI,GWAMSP,PGNEAM,WAMSPD,WCPYAC,AMSPDQ,GNEAML
GH132	2	Zoorad1|Zoorad1_489885	7.19	9	EAMLIP,AMLIPT,NEAMLI,GWAMSP,PGNEAM,WAMSPD,WCPYAC,AMSPDQ,GNEAML
GH15	27	Zoorad1|Zoorad1_41708	9.61	15	MCTFWL,LISAAF,FNLDRV,TFWLVE,AAPTFS,DMSIWE,CTFWLV,ISAAFN,DIYGEL,RNWDYR,ALISAA,AAFNLD,SAAFNL,FWLVEA,AFNLDR
GH17	35	Zoorad1|Zoorad1_473020	3.28	6	IAETGW,GITVGN,LYGSDC,ITVGNE,AETGWP,RLYGSD
GH18	24	Zoorad1|Zoorad1_420835	3.96	6	NIMAYD,KLTHIN,GKLLTA,LTHINY,KLLTAA,LLTAAV
GH18	28	Zoorad1|Zoorad1_471933	12.6	14	PFYGRG,GVPFYG,DIDWEF,FYGRGF,FDGVDI,GVDIDW,LVLGVP,VDIDWE,IDWEFP,DWEFPV,LGVPFY,DGVDID,VLGVPF,VPFYGR
GH18	32	Zoorad1|Zoorad1_442911	5.34	6	RSVFII,TPVCTT,TVRSVF,SVFIID,PVCTTE,DFTPVC
GH18	44	Zoorad1|Zoorad1_391936	4.55	12	IQFYNN,FIQFYN,QFYNNY,VLLSLG,LSLGGA,KVLLSL,GKKVLL,VYWGQN,KKVLLS,LLSLGG,YWGQNS,FYNNYC
GH18	44	Zoorad1|Zoorad1_388981	3.24	8	PQCPFP,AAPQCP,VQFYNN,DAVLDG,GDAVLD,APQCPF,QCPFPD,YWGQNS
GH18	51	Zoorad1|Zoorad1_420830	6.75	9	IDIDWE,DLDGID,DWEYPG,LTHINY,IDWEYP,LDGIDI,DGIDID,GIDIDW,DIDWEY
GH18	51	Zoorad1|Zoorad1_466492	6.2	8	GIDIDW,IDWEYP,IDIDWE,NIMTYD,DGIDID,DIDWEY,DWEYPG,LDGIDI
GH18	51	Zoorad1|Zoorad1_486832	5.95	9	VLLSVG,LLSVGG,DGIDID,IDIDWE,KVLLSV,LDGIDI,LTHINY,LSVGGW,GIDIDW
GH18	51	Zoorad1|Zoorad1_445657	5.6	7	IDIDWE,GAMYWD,DIDWEY,LDGIDI,IDWEYP,GIDIDW,DGIDID
GH18	127	Zoorad1|Zoorad1_470024	7.0	10	GLDIDW,WEYPGR,LDGLDI,DWEYPG,LISIGG,DIDWEY,LDIDWE,ISIGGW,IDWEYP,DGLDID
GH20	14	Zoorad1|Zoorad1_422954	5.55	14	CIQTLG,VPCIQT,MIWSDM,PFGWEV,IQTLGH,TEDTYE,YTEDTY,PCIQTL,KPFGWE,LYTEDT,PMIWSD,FGWEVL,EDTYEI,QTLGHL
GH20	17	Zoorad1|Zoorad1_679617	3.54	6	VRVIPE,LWSEQV,WSEQVD,GVRVIP,RGVRVI,RVIPEI
GH20	33	Zoorad1|Zoorad1_673924	4.3	10	LGGEVA,WYLDCG,LDCGRG,IKRTID,KRTIDA,RTIDAM,EVLWSG,YLDCGR,DIKRTI,VLGGEV
GH20	33	Zoorad1|Zoorad1_516009	3.7	8	WYLDCG,IKRTID,LDCGRG,DIKRTI,YLDCGR,DCGRGQ,EVLWSG,CGRGQW
GH20	33	Zoorad1|Zoorad1_455542	3.69	8	CGRGQW,DIKRTI,WYLDCG,EVLWSG,YLDCGR,DCGRGQ,LDCGRG,IKRTID
GH20	33	Zoorad1|Zoorad1_455564	3.69	8	CGRGQW,DIKRTI,WYLDCG,EVLWSG,YLDCGR,DCGRGQ,LDCGRG,IKRTID
GH20	33	Zoorad1|Zoorad1_455562	3.32	7	CGRGQW,DIKRTI,WYLDCG,EVLWSG,YLDCGR,DCGRGQ,LDCGRG
GH20	33	Zoorad1|Zoorad1_495232	2.81	6	WYLDCG,IKRTID,DIKRTI,YLDCGR,LDCGRG,EVLWSG
GH20	75	Zoorad1|Zoorad1_436502	3.6	6	NVFHWH,MNVFHW,LDCGHG,YLDCGH,NKMNVF,KMNVFH
GH3	55	Zoorad1|Zoorad1_454773	4.3	6	SVRRIL,GHGLSY,NPSGKL,FGHGLS,PSGKLP,HGLSYT
GH3	64	Zoorad1|Zoorad1_396136	7.06	17	GLSYTT,FGEDPY,HGLSYT,HGANYV,YETFGE,LSYTTF,SYTTFE,VNPSGR,TFGEDP,NPSGRL,PSGRLP,GEDPYL,GQMTQL,YTTFEY,ETFGED,GHGLSY,FGHGLS
GH3	64	Zoorad1|Zoorad1_474852	7.06	17	ETFGED,TFGEDP,NPSGRL,FGHGLS,YTTFEY,SYTTFE,GEDPYL,GHGLSY,GLSYTT,GQMTQL,HGLSYT,PSGRLP,VNPSGR,YETFGE,LSYTTF,HGANYV,FGEDPY
GH3	64	Zoorad1|Zoorad1_390705	5.31	12	DMSMVP,HGLSYT,LSYTTF,YETFGE,GLSYTT,EGRPRV,FGHGLS,FGEDPY,GEDPYL,ETFGED,GHGLSY,TFGEDP
GH3	64	Zoorad1|Zoorad1_421358	4.85	11	ETFGED,GLSYTT,FGEDPY,HGANYV,YETFGE,LSYTTF,DMSMVP,TFGEDP,HGLSYT,GHGLSY,FGHGLS
GH3	64	Zoorad1|Zoorad1_453244	4.58	10	ETFGED,GEDPYL,YETFGE,GHGLSY,FGHGLS,GLSYTT,LSYTTF,TFGEDP,FGEDPY,HGLSYT
GH3	64	Zoorad1|Zoorad1_49368	4.58	10	GHGLSY,TFGEDP,FGHGLS,ETFGED,LSYTTF,HGLSYT,GEDPYL,YETFGE,GLSYTT,FGEDPY
GH31	7	Zoorad1|Zoorad1_442352	13.2	23	DTKRRE,WNDMNE,SVFNGP,RWYQAG,DVGGFF,QCRWNY,HQCRWN,TKRREP,YHQCRW,EPSVFN,NEPSVF,ADVGGF,GSIPFM,PSVFNG,YGSIPF,GADVGG,DMNEPS,LLVKPV,VFNGPE,NDMNEP,LVKPVT,GYHQCR,MNEPSV
GH31	20	Zoorad1|Zoorad1_427218	5.07	10	TTEELC,DGLWID,GFHQCR,LWIDMN,WIDMNE,LSRSTF,DIDYMD,GLWIDM,HWLGDN,IDMNEP
GH31	20	Zoorad1|Zoorad1_477200	4.7	11	MWTDID,LPYLYT,DMNEPS,HWLGDN,IDMNEP,LSRSTF,TDIDYM,TTEELC,PYLYTL,WIDMNE,WTDIDY
GH31	54	Zoorad1|Zoorad1_446383	12.6	20	LPLFVR,NDGYGC,WMLVND,MLVNDG,ERLLPY,DGYGCG,GWMLVN,IDGIFG,DGIFGG,GVRVRK,VRVRKL,LYEDDG,PPIYGL,RVRKLD,VRKLDV,GYGCGY,DIDGIF,DKQPWR,VNDGYG,LVNDGY
GH37	2	Zoorad1|Zoorad1_477829	30.9	36	YMLSNL,NLLQEL,RLAYRW,ILNANR,NSLLYK,VRESGH,SQPPFL,ANRSYY,RGTYML,SLLYKY,LLYKYE,LNSLLY,SNLLQE,GGRFNE,HDTTYR,MLSNLL,DLNSLL,LSNLLQ,RESGHD,NRSYYL,RQWDYP,ESGHDT,TYMLSN,QPPFLT,YGWDSY,LAYRWL,SGHDTT,GHDTTY,GTYMLS,NANRSY,LNANRS,GWAPHQ,PGGRFN,KILNAN,RSQPPF,VPGGRF
GH37	4	Zoorad1|Zoorad1_449478	8.12	19	FGWTNG,ESYRED,GGRFRE,IIPVDL,EFYYWD,LNRSQP,PRPESY,PGGRFR,GWTNGV,GFGWTN,NRSQPP,YYWDSY,PESYRE,IPVDLN,RSQPPL,RPESYR,QTGFGW,SQPPLL,GGGGEY
GH37	4	Zoorad1|Zoorad1_486686	7.91	22	YYLNRS,IVPGGR,PRPESY,LNRSQP,WDFSSR,EFYYWD,GWDFSS,RPESYR,QTGFGW,ESYRED,GGRFRE,GFGWTN,PGGRFR,FGWTNG,NRSQPP,QWDFPN,YLNRSQ,DFSSRW,PESYRE,GWTNGV,GGGGEY,VPGGRF
GH37	4	Zoorad1|Zoorad1_445110	6.43	17	EFYYWD,FGWTNG,QTGFGW,YYLNRS,NRSQPP,PRPESY,IIPVDL,VPGGRF,IPVDLN,GFGWTN,YLNRSQ,PESYRE,ESYRED,LNRSQP,GGGGEY,RPESYR,GWTNGV
GH38	5	Zoorad1|Zoorad1_396934	12.0	28	TQKLSW,RLSLLR,DTFGYS,HIDTAW,MRLSLL,CHIDTA,LNQFHD,WLPDTF,HDVLPG,FWLPDT,LKVEFP,PDTFGY,KLSWNN,TAWLWP,AKFEVC,HRGTYT,IDTAWL,FHDVLP,LSWNNI,FLKVEF,QFHDVL,LPDTFG,QKLSWN,GELYLE,DGGGGP,GDGGGG,DVLPGS,DTAWLW
GH38	5	Zoorad1|Zoorad1_686646	12.0	28	QFHDVL,QKLSWN,HRGTYT,KLSWNN,DTFGYS,FWLPDT,MRLSLL,DTAWLW,LKVEFP,FLKVEF,GELYLE,WLPDTF,IDTAWL,TAWLWP,LPDTFG,HIDTAW,TQKLSW,LSWNNI,HDVLPG,GDGGGG,CHIDTA,FHDVLP,PDTFGY,AKFEVC,DVLPGS,RLSLLR,DGGGGP,LNQFHD
GH47	1	Zoorad1|Zoorad1_391502	5.57	13	FETTIR,VFNTEA,GSRGDS,DHLVCF,NTEAHP,VFETTI,MDHLVC,PKMDHL,FNTEAH,LAETLK,AETLKY,YEYLLK,KMDHLV
GH47	2	Zoorad1|Zoorad1_481358	4.99	13	RYLGGL,LGGLLS,LSAYDL,DTLWIM,IRYLGG,TEAHPL,LDTLWI,TLWIMG,LLSAYD,GLLSAY,GGLLSA,TIRYLG,YLGGLL
GH47	2	Zoorad1|Zoorad1_470745	4.4	10	TEAHPF,EFTRLS,TLVDSL,GWGATL,FNTEAH,ATLVDS,NTEAHP,RYLGGL,VFNTEA,IRYLGG
GH47	2	Zoorad1|Zoorad1_472087	3.74	10	TEAHPF,LGGLLS,FNTEAH,LLSAYD,NTEAHP,GLLSAY,GGLLSA,DSLDTL,VFNTEA,LSAYDL
GH47	2	Zoorad1|Zoorad1_685437	3.74	10	VFNTEA,TEAHPF,FNTEAH,GGLLSA,LLSAYD,LSAYDL,LGGLLS,GLLSAY,DSLDTL,NTEAHP
GH47	2	Zoorad1|Zoorad1_475514	3.73	10	LLSAYD,DSLDTL,LSAYDL,GGLLSA,TEAHPF,VFNTEA,LGGLLS,FNTEAH,GLLSAY,NTEAHP
GH47	3	Zoorad1|Zoorad1_473597	8.49	20	MFYHAY,LYLLFD,FTTEGH,RLLPAF,LLSAHL,SFFLAE,GGLLSA,GLLSAH,YPLRPE,YEYLLK,MESFFL,YLYLLF,DRMESF,FFLAET,ESFFLA,PGLQVL,PLRPEF,FFPGLQ,KYLYLL,RMESFF
GH47	5	Zoorad1|Zoorad1_394935	9.0	9	FYEYLL,AMGDSF,SFYEYL,GDSFYE,DSFYEY,YEYLLK,GAMGDS,MGDSFY,FGAMGD
GH47	5	Zoorad1|Zoorad1_461335	9.0	9	GAMGDS,FYEYLL,SFYEYL,MGDSFY,YEYLLK,FGAMGD,GDSFYE,AMGDSF,DSFYEY
GH47	5	Zoorad1|Zoorad1_853369	9.0	9	FYEYLL,AMGDSF,FGAMGD,GAMGDS,SFYEYL,YEYLLK,DSFYEY,MGDSFY,GDSFYE
GH47	5	Zoorad1|Zoorad1_470456	8.0	8	GAMGDS,YEYLLK,DSFYEY,GDSFYE,MGDSFY,SFYEYL,FYEYLL,AMGDSF
GH5	5	Zoorad1|Zoorad1_466087	10.2	14	GGWLVL,GFDNSG,GSQNGF,PGSQNG,IPIGYW,PIGYWA,SQNGFD,ITPSLF,RIPIGY,NGFDNS,GARYDG,IGYWAF,GWLVLE,QNGFDN
GH5	5	Zoorad1|Zoorad1_480129	9.82	15	QNGFDN,LGGWLV,GGWLVL,GVNLGG,ITPSLF,SQNGFD,PIGYWA,GFDNSG,NGFDNS,VNLGGW,GWLVLE,IGYWAF,PGSQNG,TPSLFE,GSQNGF
GH5	5	Zoorad1|Zoorad1_681553	9.52	13	VNLGGW,GSQNGF,AGSQNG,NGFDNS,QNGFDN,GFDNSG,LVRIPI,IPIGYW,RIPIGY,VRIPIG,GVNLGG,SQNGFD,NLVRIP
GH5	5	Zoorad1|Zoorad1_478370	8.93	13	GWLVLE,GSQNGF,PGSQNG,IGYWAF,GFDNSG,QNGFDN,GGWLVL,SQNGFD,ITPSLF,LGGWLV,TPSLFE,PIGYWA,NGFDNS
GH5	5	Zoorad1|Zoorad1_512302	8.93	13	GSQNGF,TPSLFE,ITPSLF,PGSQNG,SQNGFD,IGYWAF,PIGYWA,GGWLVL,LGGWLV,NGFDNS,QNGFDN,GFDNSG,GWLVLE
GH5	5	Zoorad1|Zoorad1_680438	8.42	11	VNLGGW,GSQNGF,PGSQNG,NGFDNS,QNGFDN,GFDNSG,IPIGYW,RIPIGY,GVNLGG,SQNGFD,PIGYWA
GH5	5	Zoorad1|Zoorad1_455097	6.97	10	NLVRIP,GFDNSG,SQNGFD,VNLGGW,AGSQNG,GSQNGF,QNGFDN,NGFDNS,GVNLGG,LGGWLV
GH5	5	Zoorad1|Zoorad1_466106	6.62	9	GVNLGG,GFDNSG,GSQNGF,PGSQNG,SQNGFD,VNLGGW,ITPSLF,NGFDNS,QNGFDN
GH5	5	Zoorad1|Zoorad1_232493	6.01	9	GVNLGG,LGGWLV,VRIPIG,GSQNGF,VNLGGW,RIPIGY,ITPSLF,PIGYWA,IPIGYW
GH5	5	Zoorad1|Zoorad1_387905	6.01	9	VNLGGW,GVNLGG,GSQNGF,IPIGYW,PIGYWA,VRIPIG,ITPSLF,RIPIGY,LGGWLV
GH5	5	Zoorad1|Zoorad1_443991	6.01	9	GSQNGF,VRIPIG,VNLGGW,LGGWLV,PIGYWA,IPIGYW,RIPIGY,ITPSLF,GVNLGG
GH5	5	Zoorad1|Zoorad1_443976	5.59	8	GSQNGF,VRIPIG,VNLGGW,PIGYWA,IPIGYW,RIPIGY,ITPSLF,GVNLGG
GH5	5	Zoorad1|Zoorad1_65823	5.02	6	GSQNGF,SQNGFD,NGFDNS,QNGFDN,AGSQNG,GFDNSG
GH5	5	Zoorad1|Zoorad1_481861	4.89	8	GVNLGG,RIPIGY,ITPSLF,PIGYWA,VNLGGW,IPIGYW,PGSQNG,TPSLFE
GH5	20	Zoorad1|Zoorad1_444005	7.2	14	GSQNGW,APGSQN,QNGWNH,WNHSGR,PGSQNG,RGVNLG,GWNHSG,SQNGWN,RKYGLR,VNLGGW,NGWNHS,KYGLRV,NLGGWL,GVNLGG
GH5	20	Zoorad1|Zoorad1_475648	7.2	14	QNGWNH,RKYGLR,PGSQNG,KYGLRV,GSQNGW,NLGGWL,VNLGGW,SQNGWN,NGWNHS,APGSQN,GVNLGG,GWNHSG,RGVNLG,WNHSGR
GH5	27	Zoorad1|Zoorad1_176222	4.68	6	IDPHQD,GETGIP,TLNEPS,EDLSIY,DTLNEP,FIDPHQ
GH5	58	Zoorad1|Zoorad1_392651	6.37	10	GRPFPL,GAPGWT,SGAPGW,YAPHWY,APHWYD,APGWTF,GSGAPG,SGGSGA,PHWYDL,GGSGAP
GH5	84	Zoorad1|Zoorad1_403679	3.13	6	TLFFGG,ATMFTL,PGIYDE,GPGIYD,TMFTLF,MFTLFF
GH5	135	Zoorad1|Zoorad1_680436	5.64	8	LHGAPG,IRGVNL,IPVGYW,VGEWSL,KIRGVN,VRIPVG,RGVNLG,RIPVGY
GH5	135	Zoorad1|Zoorad1_680435	5.28	7	IRGVNL,IPVGYW,VGEWSL,KIRGVN,VRIPVG,RGVNLG,RIPVGY
GH63	2	Zoorad1|Zoorad1_449057	16.1	21	LDDYPR,PRGFLW,LTSGLD,ANPPTL,LWDEGF,ARSKVP,FPRGFL,GLDDYP,TSGLDD,FLWDEG,GFLWDE,YRWRGR,RGFLWD,SGLDDY,NPPTLF,YGLRSL,REQILG,FFPRGF,GLRSLS,WDEGFH,EARSKV
GH72	1	Zoorad1|Zoorad1_461270	3.67	7	FFAGNE,LGFFAG,GLVYEY,GGLVYE,GFFAGN,SEYGCN,SGGLVY
GH72	1	Zoorad1|Zoorad1_481867	3.04	8	GNEVTN,NNYGLV,RKIPVG,KIPVGY,ADFYGI,DFYGIN,AGNEVT,SEYGCN
GH72	8	Zoorad1|Zoorad1_379184	5.85	12	FFIKGV,IPVGYA,GGIVYE,GNEVTN,LPPTPS,QFFIKG,SGGIVY,FIKGVA,AGNEVT,IKGVAY,SEFGCN,KGVAYQ
GH72	8	Zoorad1|Zoorad1_438584	4.7	9	YGCNLV,IKGVAY,IPVGYA,KGVAYQ,QFFIKG,FIKGVA,SEYGCN,FFIKGV,FIAGNE
GH72	8	Zoorad1|Zoorad1_438588	3.7	7	YGCNLV,IKGVAY,KGVAYQ,QFFIKG,FIKGVA,SEYGCN,FFIKGV
GH72	8	Zoorad1|Zoorad1_438596	3.42	7	SEFGCN,AGNEVT,GNEVTN,IPVGYA,QFFIKG,IAGNEV,FIAGNE
GH72	8	Zoorad1|Zoorad1_448040	3.29	7	GNEVTN,IAGNEV,AGNEVT,LPPTPS,IPVGYA,FIAGNE,SEYGCN
GH72	8	Zoorad1|Zoorad1_481432	3.01	7	FFSEFG,IPVGYA,SEFGCN,RGNKFF,NTVRVY,FSEFGC,LPPTPS
GH81	4	Zoorad1|Zoorad1_457835	7.64	9	HSWASG,GYFLYA,DHHFHY,NDHHFH,YGYFLY,FHYGYF,HYGYFL,HFHYGY,HHFHYG
GH81	4	Zoorad1|Zoorad1_479335	7.22	9	YGYFLY,DHHFHY,GYFLYA,FHYGYF,HYGYFL,HHFHYG,HFHYGY,NDHHFH,YFGGKA
AA1	38	Zoorad1|Zoorad1_133201	8.2	9	IEADGT,DGTLVE,GTLVEP,GQFPGP,GTHWYH,NGQFPG,TVIEAD,VIEADG,QRYSVI
AA1	38	Zoorad1|Zoorad1_386920	8.2	9	IEADGT,GTLVEP,TVIEAD,QRYSVI,GQFPGP,DGTLVE,VIEADG,GTHWYH,NGQFPG
AA1	38	Zoorad1|Zoorad1_418272	8.2	9	GTLVEP,DGTLVE,NGQFPG,TVIEAD,GQFPGP,IEADGT,VIEADG,QRYSVI,GTHWYH
AA1	38	Zoorad1|Zoorad1_418274	8.2	9	GTLVEP,DGTLVE,NGQFPG,TVIEAD,GQFPGP,IEADGT,VIEADG,QRYSVI,GTHWYH
AA1	38	Zoorad1|Zoorad1_418281	8.2	9	GTLVEP,DGTLVE,NGQFPG,TVIEAD,GQFPGP,IEADGT,VIEADG,QRYSVI,GTHWYH
AA1	38	Zoorad1|Zoorad1_677853	7.39	8	DGTLVE,NGQFPG,TVIEAD,QRYSVI,VIEADG,GQFPGP,IEADGT,GTLVEP
AA1	38	Zoorad1|Zoorad1_858476	7.19	8	VIEADG,NGQFPG,GTLVEP,QRYSVI,IEADGT,GTHWYH,DGTLVE,GQFPGP
AA1	38	Zoorad1|Zoorad1_386872	6.19	7	IEADGT,GTLVEP,TVIEAD,QRYSVI,DGTLVE,VIEADG,GTHWYH
AA1	38	Zoorad1|Zoorad1_677885	5.8	6	NGQFPG,TVIEAD,VIEADG,GTHWYH,GQFPGP,IEADGT
AA11	1	Zoorad1|Zoorad1_406327	5.14	9	GNREMY,NKIGNR,EMYMNC,AVHGGG,KIGNRE,NREMYM,MYMNCA,IGNREM,REMYMN
AA3	6	Zoorad1|Zoorad1_510402	6.32	15	YIVVGS,AWGHHA,SGPGGG,GSGPGG,PRAGTL,IVVGSG,AGTLGG,LLIEAG,RVVDAS,GTLGGC,RAGTLG,FPKIPG,LRVVDA,YPRAGT,VGSGPG
AA3	6	Zoorad1|Zoorad1_418465	6.0	14	AWGHHA,RVVDAS,PRAGTL,YPRAGT,AGTLGG,VGSGPG,LLIEAG,LRVVDA,SGPGGG,GSGPGG,RAGTLG,YIVVGS,GTLGGC,IVVGSG
AA3	6	Zoorad1|Zoorad1_390919	5.69	11	RVVDAS,LKLSGI,TLLIEA,KLSGIG,DLPGVG,GLRVVD,LLIEAG,AWGHHA,NTPQIL,FPKIPG,LRVVDA
AA3	6	Zoorad1|Zoorad1_673879	4.99	10	NTPQIL,AWGHHA,KLSGIG,RVVDAS,LKLSGI,LRVVDA,TLLIEA,DLPGVG,LLIEAG,FPKIPG
AA3	6	Zoorad1|Zoorad1_440768	4.78	10	GSGPGG,RVVDAS,DPLDVP,VGSGPG,SGPGGG,AWGHHA,IVVGSG,LLIEAG,YIVVGS,LRVVDA
AA3	6	Zoorad1|Zoorad1_149350	4.52	9	LRVVDA,VGSGPG,SGPGGG,IVVGSG,GSGPGG,AWGHHA,RVVDAS,LLIEAG,YIVVGS
AA3	6	Zoorad1|Zoorad1_515469	4.05	8	AWGHHA,LLIEAG,NTPQIL,RVVDAS,DLPGVG,GLRVVD,LRVVDA,TLLIEA
AA3	6	Zoorad1|Zoorad1_671632	4.05	8	NTPQIL,AWGHHA,RVVDAS,LRVVDA,GLRVVD,TLLIEA,DLPGVG,LLIEAG
AA3	6	Zoorad1|Zoorad1_440766	3.88	8	RVVDAS,VGSGPG,IVVGSG,AWGHHA,LLIEAG,YIVVGS,LRVVDA,NTPQIL
AA6	2	Zoorad1|Zoorad1_451873	5.14	9	TRFGMM,GGSPYG,LFGFPT,FPTRFG,GGQETT,PTRFGM,GSPYGA,FGFPTR,GFPTRF
PL0	8	Zoorad1|Zoorad1_439343	3.72	6	QGPKGD,PQGPKG,QGPPGP,PKGDTG,GPQGPK,GPKGDT
GT1	7	Zoorad1|Zoorad1_503152	9.24	21	VPHDWL,VHHGGA,GGAGTT,MPWTRT,WLFPRV,IKPFFG,HDWLFP,DWLFPR,KPFFGD,DVQPYI,VQPYIA,ESPSAM,PFFGDQ,PHDWLF,WTRTRA,HGGAGT,PWTRTR,HHGGAG,QPYIAL,GDVQPY,GAGTTA
GT15	1	Zoorad1|Zoorad1_439789	16.2	32	APVHSI,DAPVHS,ERWGDA,FYERWG,FWSNFE,CHFWSN,YPYVFL,YVFLND,GFFYER,LCHFWS,GGFFYE,RHMCRF,YNLCHF,SYRHMC,WGDAPV,NKKYGF,FFYERW,HFWSNF,YWRVEP,PKEHWS,SNFEIA,RWGDAP,KKYGFT,YERWGD,NLCHFW,GDAPVH,LEDRFN,PYVFLN,YRHMCR,TIPTLW,SGFFFR,WSNFEI
GT15	1	Zoorad1|Zoorad1_845602	15.5	29	SYRHMC,DAPVHS,RWGDAP,GFFYER,ERWGDA,TIPTLW,NLCHFW,RHMCRF,YWRVEP,YERWGD,GGFFYE,LEDRFN,HFWSNF,SGFFFR,FYERWG,FFYERW,PYVFLN,YNLCHF,NKKYGF,YRHMCR,FWSNFE,WSNFEI,WGDAPV,SNFEIA,GDAPVH,LCHFWS,CHFWSN,YPYVFL,APVHSI
GT15	1	Zoorad1|Zoorad1_412880	14.9	28	FFYERW,TIPTLW,ERWGDA,GFFYER,RWGDAP,GDAPVH,FWSNFE,FYERWG,APVHSI,DAPVHS,MCRFNS,WGDAPV,HFWSNF,PKEHWS,PYVFLN,LCHFWS,CRFNSG,YPYVFL,FNSGFF,WSNFEI,SNFEIA,WRVEPD,GGFFYE,YERWGD,YWRVEP,NLCHFW,CHFWSN,YNLCHF
GT15	1	Zoorad1|Zoorad1_508140	14.8	27	FYERWG,DAPVHS,GGFFYE,RWGDAP,NLCHFW,KKYGFT,LCHFWS,WSNFEI,WGDAPV,ERWGDA,FFYERW,YPYVFL,YNLCHF,CHFWSN,HFWSNF,GDAPVH,YRHMCR,TIPTLW,SYRHMC,PKEHWS,PYVFLN,FWSNFE,GFFYER,YERWGD,APVHSI,SNFEIA,YVFLND
GT15	1	Zoorad1|Zoorad1_860054	14.4	26	FFYERW,PYVFLN,GFFYER,APVHSI,NLCHFW,FYERWG,WSNFEI,YPYVFL,DAPVHS,PKEHWS,YNLCHF,HFWSNF,GDAPVH,SNFEIA,WGDAPV,ERWGDA,YERWGD,YVFLND,YWRVEP,KKYGFT,CHFWSN,FWSNFE,TIPTLW,GGFFYE,RWGDAP,LCHFWS
GT15	1	Zoorad1|Zoorad1_439717	13.8	24	APVHSI,DAPVHS,ERWGDA,FYERWG,FWSNFE,CHFWSN,GFFYER,LCHFWS,GGFFYE,YNLCHF,SNFEIG,WGDAPV,FFYERW,HFWSNF,YWRVEP,PKEHWS,WRVEPD,RWGDAP,YERWGD,NLCHFW,GDAPVH,LEDRFN,TIPTLW,WSNFEI
GT15	1	Zoorad1|Zoorad1_449029	13.7	27	YVFLND,TIPTLW,FYERWG,SNFEIA,HFWSNF,FWSNFE,YRHMCR,DAPVHS,WGDAPV,RWGDAP,SYRHMC,GGFFYE,YWRVEP,ERWGDA,YPYVFL,LEDRFN,PKEHWS,WSNFEI,APVHSI,PYVFLN,FFYERW,GFFYER,GDAPVH,KKYGFT,SGFFFR,CHFWSN,YERWGD
GT15	1	Zoorad1|Zoorad1_439716	13.5	23	APVHSI,DAPVHS,ERWGDA,FYERWG,FWSNFE,CHFWSN,GFFYER,LCHFWS,GGFFYE,YNLCHF,SNFEIG,WGDAPV,FFYERW,HFWSNF,YWRVEP,PKEHWS,RWGDAP,YERWGD,NLCHFW,GDAPVH,LEDRFN,TIPTLW,WSNFEI
GT15	1	Zoorad1|Zoorad1_443625	13.3	25	WSNFEI,YRHMCR,HFWSNF,GFFYER,FFYERW,WRVEPD,YWRVEP,YERWGD,FYERWG,SGFFFR,CRFYSG,MCRFYS,GDAPVH,APVHSI,SYRHMC,PKEHWS,ERWGDA,RWGDAP,WGDAPV,FWSNFE,CHFWSN,GGFFYE,RHMCRF,DAPVHS,SNFEIA
GT15	1	Zoorad1|Zoorad1_386696	13.1	22	APVHSI,GFFYER,YNLCHF,CHFWSN,FYERWG,FFYERW,LCHFWS,DAPVHS,ERWGDA,LEDRFN,WGDAPV,WSNFEI,GDAPVH,YWRVEP,NLCHFW,FWSNFE,SNFEIG,YERWGD,HFWSNF,RWGDAP,GGFFYE,PKEHWS
GT15	1	Zoorad1|Zoorad1_403075	12.9	24	FFYERW,TIPTLW,ERWGDA,GFFYER,RWGDAP,GDAPVH,SGFFFR,FWSNFE,FYERWG,SYRHMC,APVHSI,DAPVHS,SNFEIG,WGDAPV,YRHMCR,HFWSNF,WSNFEI,WRVEPD,GGFFYE,YERWGD,LEDRFN,RHMCRF,YWRVEP,CHFWSN
GT15	1	Zoorad1|Zoorad1_439707	12.9	24	APVHSI,DAPVHS,ERWGDA,FYERWG,FWSNFE,CHFWSN,GFFYER,GGFFYE,RHMCRF,SNFEIG,SYRHMC,WGDAPV,FFYERW,HFWSNF,YWRVEP,WRVEPD,RWGDAP,YERWGD,GDAPVH,LEDRFN,YRHMCR,TIPTLW,SGFFFR,WSNFEI
GT15	1	Zoorad1|Zoorad1_676704	12.2	22	LEDRFN,ERWGDA,RWGDAP,CHFWSN,YWRVEP,APVHSI,FYERWG,SNFEIG,TIPTLW,WSNFEI,DAPVHS,GDAPVH,YERWGD,FFYERW,HFWSNF,FWSNFE,SGFFFR,WGDAPV,GGFFYE,GFFYER,PKEHWS,WRVEPD
GT15	1	Zoorad1|Zoorad1_439709	11.8	20	APVHSI,DAPVHS,ERWGDA,FYERWG,FWSNFE,CHFWSN,GFFYER,GGFFYE,SNFEIG,WGDAPV,FFYERW,HFWSNF,YWRVEP,WRVEPD,RWGDAP,YERWGD,GDAPVH,TIPTLW,SGFFFR,WSNFEI
GT15	1	Zoorad1|Zoorad1_411834	11.3	24	FFYERW,TIPTLW,ERWGDA,GFFYER,HFWTNF,RWGDAP,GDAPVH,SGFFFR,FYERWG,SYRHMC,APVHSI,DAPVHS,WGDAPV,FWTNFE,YRHMCR,PKEHWS,WTNFEI,WRVEPD,GGFFYE,YERWGD,LEDRFN,RHMCRF,YWRVEP,CHFWTN
GT15	1	Zoorad1|Zoorad1_849784	11.3	18	GDAPVH,GGFFYE,GFFYER,FWSNFE,KKYGFT,NKKYGF,HFWSNF,FYERWG,WSNFEI,DAPVHS,FFYERW,SNFEIA,YERWGD,ERWGDA,RWGDAP,CHFWSN,WGDAPV,APVHSI
GT15	1	Zoorad1|Zoorad1_434752	10.6	22	ERWGDA,FYERWG,FWSNFE,CHFWSN,YPYVFL,YVFLND,GFFYER,GGFFYE,RHMCRF,SYRHMC,FFYERW,YWRVEP,HFWSNF,PKEHWS,SNFEIA,RWGDAP,YERWGD,LEDRFN,PYVFLN,YRHMCR,TIPTLW,WSNFEI
GT15	1	Zoorad1|Zoorad1_116848	9.48	19	LEDRFN,GFFYER,SNFEIG,FYERWG,ERWGDA,HFWSNF,WSNFEI,CHFWSN,WRVEPD,FWSNFE,SGFFFR,YWRVEP,RWGDAP,SYRHMC,FFYERW,YERWGD,YRHMCR,RHMCRF,TIPTLW
GT15	1	Zoorad1|Zoorad1_459229	8.73	15	HFWSNF,SNFEIA,ERWGDA,YYERWG,FYYERW,WSNFEI,FWSNFE,NLCHFW,RWGDAP,GGFYYE,CHFWSN,PKEHWS,YERWGD,LCHFWS,GFYYER
GT15	1	Zoorad1|Zoorad1_493967	2.94	7	FYERWG,YERWGD,LEDRFN,YPYVFL,GFFYER,FFYERW,GGFFYE
GT2	9	Zoorad1|Zoorad1_396723	25.5	42	KMSNIL,LLNPLV,ILDKPL,RILCFE,ISVLPG,QRRRWL,YLAEDR,TMYNED,LAEDRI,SNILDK,EDRILC,HDVSWG,VLPGAF,MSNILD,FEYKMS,ISQRRR,SWGTKG,LPGAFS,LNPLVA,DKPLES,RRRWLN,SVLPGA,GGACGE,DVSWGT,EYKMSN,SQRRRW,NMYLAE,VSWGTK,QNFEYK,DRILCF,PGAFSA,GAFSAY,AEDRIL,GACGEI,LDKPLE,MYLAED,NILDKP,RWLNGS,WLNGSF,RRWLNG,AFSAYR,YKMSNI
GT2	9	Zoorad1|Zoorad1_482286	24.7	41	RWLNGS,LAEDRI,SWGTKG,NMYLAE,RRWLNG,RILCFE,DRILCF,DIVISL,HDVSWG,LPGAFS,VLPGAF,GAFSAY,TMYNED,FEYKMS,AFSAYR,EYKMSN,YLAEDR,RRRWLN,ILDKPL,MYLAED,WLNGSF,SNILDK,YKMSNI,KMSNIL,AEDRIL,GACGEI,PGAFSA,VSWGTK,MSNILD,SVLPGA,EDRILC,DKPLES,DVSWGT,ISQRRR,GGACGE,LDKPLE,NILDKP,QRRRWL,ISVLPG,QNFEYK,SQRRRW
GT2	9	Zoorad1|Zoorad1_392902	24.3	40	MYLAED,SNILDK,QNFEYK,EYKMSN,AFSAYR,EDRILC,DKPLES,RWLNGS,ILDKPL,GAFSAY,LDKPLE,RRRWLN,YLAEDR,DVSWGT,VLPGAF,RRWLNG,GGACGE,LPGAFS,RILCFE,QRRRWL,KMSNIL,TMYNED,ISQRRR,NMYLAE,NILDKP,AEDRIL,PGAFSA,FEYKMS,MSNILD,SWGTKG,DRILCF,YKMSNI,HDVSWG,ISVLPG,LAEDRI,SQRRRW,WLNGSF,VSWGTK,SVLPGA,GACGEI
GT2	122	Zoorad1|Zoorad1_470353	13.0	27	GSFRLY,VTGTRY,ITFVDR,GKLGLG,VSDLTG,PTYNER,HHPKFI,KGYVFQ,GVSDLT,TGSFRL,GLGSAY,SFRLYK,SDLTGS,SHHPKF,YVFQME,KLGLGS,DIVTGT,LTGSFR,GYVFQM,PGVSDL,VFQMEM,DLTGSF,SKGYVF,LPTYNE,LGLGSA,IVTGTR,HPKFIP
GT2	161	Zoorad1|Zoorad1_62901	35.9	55	SQRRRW,MGLCGE,MVDADT,CFSMQF,RRRWIN,GNRGKR,TLHKKN,LCGTFC,DLCGTF,LMVDAD,TKIANK,TFPKRK,STVHNL,CLPGCF,VLLSQR,YYISHH,NRGKRD,TFCFSM,IQVFEY,LLLLGE,DADTKV,TCLPGC,KKNLLL,NLLLLG,ETKIAN,GLCGET,RWINST,KNLLLL,VDADTK,GETKIA,NSTVHN,CGETKI,INSTVH,LHKKNL,QRRRWI,LSQRRR,GTFCFS,LLGEDR,LCGETK,LLSQRR,VTCLPG,GEDRYL,WINSTV,CGTFCF,DDFSWG,LGEDRY,FDDFSW,FSMQFV,EYYISH,HKKNLL,LLLGED,RRWINS,PGNRGK,FCFSMQ,KPGNRG
GT2	161	Zoorad1|Zoorad1_423863	35.4	53	LLLGED,INSTVH,TCLPGC,CLPGCF,LCGETK,IQVFEY,LLGEDR,CFSMQF,LGEDRY,TKIANK,KPGNRG,RRWINS,PGNRGK,CGTFCF,STVHNL,LLSQRR,LMVDAD,NRGKRD,LPGCFS,ETKIAN,GNRGKR,LSQRRR,KNLLLL,GETKIA,WNFVLP,DDFSWG,NSTVHN,LCGTFC,VTCLPG,GKRDSQ,RRRWIN,TFPKRK,WINSTV,GEDRYL,RWINST,FDDFSW,CGETKI,NLLLLG,DLCGTF,SQRRRW,PGCFSM,RGKRDS,MVDADT,YYISHH,MGLCGE,LLLLGE,FCFSMQ,VLLSQR,TFCFSM,GLCGET,QRRRWI,GTFCFS,EYYISH
GT2	161	Zoorad1|Zoorad1_403028	29.8	45	FSMQFV,LLLGED,TCLPGC,CLPGCF,LCGETK,IQVFEY,LLGEDR,CFSMQF,TKIANK,RRWINS,CGTFCF,LLSQRR,LMVDAD,NRGKRD,ETKIAN,GNRGKR,LSQRRR,KNLLLL,GETKIA,WNFVLP,DDFSWG,GKRDSQ,LCGTFC,VTCLPG,RRRWIN,RWINST,FDDFSW,CGETKI,NLLLLG,VDADTK,SQRRRW,IMGLCG,RGKRDS,MVDADT,DADTKV,YYISHH,MGLCGE,LLLLGE,FCFSMQ,VLLSQR,TFCFSM,GLCGET,QRRRWI,GTFCFS,EYYISH
GT2	161	Zoorad1|Zoorad1_437294	29.4	42	TCLPGC,NRGKRD,KNLLLL,CLPGCF,LLLGED,GEDRYL,DDFSWG,LLGEDR,IMGLCG,LSQRRR,RRRWIN,HKKNLL,TLHKKN,QRRRWI,LHKKNL,MGLCGE,STVHNL,MVDADT,GLCGET,EYYISH,RGKRDS,LLSQRR,LMVDAD,LGEDRY,RWINST,WNFVLP,SQRRRW,YYISHH,CGETKI,NSTVHN,KKNLLL,RRWINS,VLLSQR,GNRGKR,GKRDSQ,LCGETK,NLLLLG,LLLLGE,VTCLPG,FDDFSW,INSTVH,WINSTV
GT2	161	Zoorad1|Zoorad1_197368	26.4	35	QRRRWI,RRRWIN,GKRDSQ,VTCLPG,FGSVTC,RGKRDS,LGEDRY,GSVTCL,INSTVH,TCLPGC,HKKNLL,MVDADT,STVHNL,LLSQRR,NRGKRD,PGNRGK,GEDRYL,SVTCLP,NSTVHN,KPGNRG,RWINST,FDDFSW,WINSTV,RRWINS,TLHKKN,MAWREK,GNRGKR,AKAFES,CLPGCF,LSQRRR,LHKKNL,LMVDAD,DDFSWG,SQRRRW,VLLSQR
GT2	161	Zoorad1|Zoorad1_247297	25.1	33	QRRRWI,RRRWIN,GKRDSQ,VTCLPG,FGSVTC,RGKRDS,LGEDRY,GSVTCL,INSTVH,TCLPGC,MVDADT,STVHNL,LLSQRR,NRGKRD,LPGCFS,PGNRGK,GEDRYL,SVTCLP,NSTVHN,KPGNRG,PGCFSM,RWINST,FDDFSW,WINSTV,RRWINS,MAWREK,GNRGKR,CLPGCF,LSQRRR,LMVDAD,DDFSWG,SQRRRW,VLLSQR
GT2	161	Zoorad1|Zoorad1_22380	24.8	34	QRRRWI,RRRWIN,GKRDSQ,VTCLPG,RGKRDS,LGEDRY,MGLCGE,YYISHH,TCLPGC,HKKNLL,MVDADT,LLSQRR,NRGKRD,LPGCFS,PGNRGK,GEDRYL,RWINST,EYYISH,FDDFSW,RRWINS,TLHKKN,GLCGET,MAWREK,GNRGKR,AKAFES,CLPGCF,LSQRRR,IMGLCG,LHKKNL,KRDSQI,LMVDAD,DDFSWG,SQRRRW,VLLSQR
GT2	161	Zoorad1|Zoorad1_853860	24.8	33	INSTVH,VTCLPG,QRRRWI,GKRDSQ,CLPGCF,STVHNL,NRGKRD,LGEDRY,YYISHH,RGKRDS,TCLPGC,EYYISH,PGNRGK,LPGCFS,SVTCLP,SQRRRW,LSQRRR,FGSVTC,PGCFSM,RWINST,LLSQRR,RRWINS,FDDFSW,KPGNRG,MAWREK,GNRGKR,WINSTV,GEDRYL,NSTVHN,GSVTCL,AKAFES,DDFSWG,RRRWIN
GT2	161	Zoorad1|Zoorad1_402943	24.6	32	INSTVH,MAWREK,GSVTCL,SVTCLP,TCLPGC,CLPGCF,FGSVTC,KPGNRG,LGEDRY,RRWINS,PGNRGK,STVHNL,LLSQRR,LMVDAD,NRGKRD,LPGCFS,GNRGKR,LSQRRR,DDFSWG,NSTVHN,GKRDSQ,VTCLPG,WINSTV,RRRWIN,GEDRYL,RWINST,FDDFSW,SQRRRW,RGKRDS,MVDADT,VLLSQR,QRRRWI
GT2	161	Zoorad1|Zoorad1_417330	21.8	28	GSVTCL,SVTCLP,TCLPGC,CLPGCF,FGSVTC,KPGNRG,LGEDRY,RRWINS,PGNRGK,LLSQRR,LMVDAD,NRGKRD,LPGCFS,GNRGKR,LSQRRR,DDFSWG,GKRDSQ,VTCLPG,RRRWIN,GEDRYL,RWINST,FDDFSW,SQRRRW,PGCFSM,RGKRDS,MVDADT,VLLSQR,QRRRWI
GT2	161	Zoorad1|Zoorad1_519841	5.08	6	GNRGKR,SVTCLP,PGNRGK,RGKRDS,GKRDSQ,NRGKRD
GT20	2	Zoorad1|Zoorad1_458140	30.7	52	VGVDRL,PFPSSE,GKVVLV,ILWPLF,YIKGVP,RLDYIK,LFHYHP,PLFHYH,DGMNLV,GAAQSL,AQSLNG,MSSGGL,TRDGMN,VHDYHL,NSILWP,RDGMNL,DYARHF,HYHPGE,GFHTYD,FHYHPG,MNLVSY,YARHFL,FPIGID,YDYARH,FLHTPF,DRLDYI,WPLFHY,PSSEIY,GVDRLD,AAQSLN,FHTYDY,STRDGM,HTYDYA,WVHDYH,DYIKGV,LDYIKG,TPFPSS,NLVSYE,SSGGLV,VDRLDY,RHFLSS,LHTPFP,HDYHLM,TYDYAR,SILWPL,ARHFLS,KVVLVQ,LWPLFH,FPSSEI,SSEIYR,HTPFPS,GMNLVS
GT20	4	Zoorad1|Zoorad1_470397	19.7	24	ITSVRD,RDGMNT,DEDMFR,IISGRD,KGEIVK,VRDGMN,PLILSE,LILSEF,TSVRDG,YDGTLT,NKGEIV,EIVKRL,WIISGR,FDYDGT,SVRDGM,ISGRDQ,SAEHGC,TDEDMF,LITSVR,GEIVKR,DYDGTL,NIEVRP,DGMNTT,AEHGCF
GT20	4	Zoorad1|Zoorad1_492811	18.6	23	LGLSAE,FDYDGT,VLIQVS,GLSAEH,YDGTLT,TDEDMF,LSAEHG,IISGRD,VVLIQV,LTWHYR,ISGRDQ,LFDYDG,ITSVRD,SAEHGC,DYDGTL,DEDMFR,NIEVRP,WIISGR,TSVRDG,LITSVR,KGEIVK,AEHGCF,NKGEIV
GT22	1	Zoorad1|Zoorad1_471916	9.8	13	PGGEAL,SFNIQA,VVPRTF,YPGGEA,KVEESF,ESFNIQ,PGVVPR,VEESFN,EESFNI,HKEWRF,NYPGGE,GVVPRT,TKVEES
GT22	5	Zoorad1|Zoorad1_249505	5.03	11	GYLTWE,YLTWEW,MPCHST,PDEYWQ,PCHSTP,LMPCHS,DEYWQS,GYGYLT,GFLMPC,FLMPCH,YGYLTW
GT22	6	Zoorad1|Zoorad1_460835	7.76	17	WYRFPS,LQTWEY,CDEVFN,KEERFM,DCDEVF,LPSSFA,QTWEYS,GLQTWE,LFLNFN,NLFLNF,QPHKEE,TWEYSP,PSSFAM,EWYRFP,YAIRSW,PHKEER,HKEERF
GT24	1	Zoorad1|Zoorad1_445199	32.7	48	YHISAL,VKFWFI,YKILFL,DVLFPL,NLGYFQ,SALYVV,WCETWC,VASGHL,DQDLPN,NLDQDL,KVIFVD,VIFVDA,SGHLYE,PQEWLW,AKTIDL,TKEPKL,IDLCNN,PYHISA,LPQEWL,HISALY,IFVDAD,ILFLDV,LYERFL,LYVVDL,IWGYKI,ASGHLY,ISALYV,QEWLWC,KTIDLC,SLPQEW,TIDLCN,GHLYER,WLWCET,DLCNNP,LWCETW,LFLDVL,FLDVLF,WGYKIL,KILFLD,MANLGY,LDVLFP,ALYVVD,QTEKQR,GYKILF,LDQDLP,HLYERF,FVDADQ,EWLWCE
GT3	1	Zoorad1|Zoorad1_484667	29.3	44	ALARLN,LLGRYL,LGRYLC,TIFTTH,LLKRKP,RGCHLG,VRGHFY,EPWGYT,FVRGCH,THATLL,GRYLCA,EFVRGC,HATLLG,SYYEPW,YEPWGY,FPSYYE,GVFPSY,RYLCAG,VFTTVS,ATLLGR,TLLGRY,VFPSYY,HLLKRK,EALARL,CHLGVF,GHFYGH,IFTTHA,IYHRYC,FHPEFL,HLGVFP,FVRGHF,LGVFPS,PSYYEP,YYEPWG,TTHATL,PNGLNV,LKRKPD,FTTHAT,PWGYTP,RGHFYG,ECTVMG,GCHLGV,EHLLKR,VRGCHL
GT33	2	Zoorad1|Zoorad1_440004	7.95	16	VITGKG,PMKVVD,LPMKVV,DLPMKV,WTPDED,ITGKGP,SSTSWT,STSWTP,DWHNFG,TPDEDF,TSWTPD,LVQNPP,SWTPDE,LDLPMK,MKVVDM,VSSTSW
GT35	1	Zoorad1|Zoorad1_404970	15.2	25	EASGTS,LNDTHP,GGLGRL,GNGGLG,IQLNDT,HEYKRQ,LGRLAA,ASGTSN,DKLKVV,IHEYKR,GLGRLA,QLNDTH,RIHEYK,KRIHEY,ALGNGG,LGNGGL,GVAALH,GRLAAC,SGTSNM,NGVAAL,GTSNMK,NGGLGR,KLKVVF,TSNMKF,KAAPGY
GT39	2	Zoorad1|Zoorad1_487443	8.75	15	DVHPPL,HPPLAK,VVFDEV,VHPPLA,EVHFGK,FLHHYL,FDVHPP,FDEVHF,RLILLD,LHHYLP,HDVASP,VFDEVH,HHYLPA,VHFGKF,DEVHFG
GT39	3	Zoorad1|Zoorad1_475378	17.1	20	FGKFGS,ILLDSM,GSYYLR,FYHDVH,FILLDS,PLGKML,LGKMLV,KFGSYY,GKFGSY,PALYFA,HPPLGK,LLDSML,PPLGKM,YHDVHP,HDVHPP,LDSMLL,VHPPLG,HFGKFG,FGSYYL,DVHPPL
GT39	3	Zoorad1|Zoorad1_508111	15.3	19	HDVHPP,PPLGKM,FILLDS,MLVGLS,EFYHDV,LGKMLV,LDSMLL,PLGKML,ILLDSM,LLDSML,VHPPLG,GKMLVG,HPPLGK,KMLVGL,PALYFA,LVGLSG,FYHDVH,YHDVHP,DVHPPL
GT39	3	Zoorad1|Zoorad1_475313	9.48	10	FGKFGS,EAHFGK,KFGSYY,GKFGSY,HDVHPP,WDEAHF,HFGKFG,DEAHFG,AHFGKF,DVHPPL
GT4	109	Zoorad1|Zoorad1_466611	10.6	21	HYPTIS,ISTDML,CNAGGG,AQFRPE,PYCNAG,YCNAGG,HPYCNA,QFRPEK,NAGGGG,DTMGYA,GQSLGS,QSLGSL,LGQSLG,TISTDM,LGWEAL,AGGGGE,MGYAFT,FHPYCN,YPTIST,TMGYAF,PTISTD
GT4	145	Zoorad1|Zoorad1_460757	12.2	15	YCHFPD,PDLGIG,EHFGIV,SINRFE,VNNGGP,HFGIVP,LGIGGA,GGAERL,FYCHFP,IGGAER,LSINRF,AVNNGG,DLGIGG,GIGGAE,HPDLGI
GT4	169	Zoorad1|Zoorad1_435148	11.5	14	LKVYHV,GIPEVL,FTDHSL,NGLKVY,SVIPNA,GLKVYH,VGGIPE,VEAASC,LTNGLK,SLTEAF,TNGLKV,GGIPEV,KVYHVP,IPEVLP
GT41	17	Zoorad1|Zoorad1_504504	33.9	39	CNAHTT,PTVLPF,NLNGYT,TVLPFH,FAGTLG,HTTAAD,NFNQLY,ECNAHT,AHTTAA,LAHLMQ,NAHTTA,NHPLAH,VLPFHT,NLGSLL,DFNNHP,LGSLLK,LMQSVF,PLAHLM,HPLAHL,NQLYKI,MGFAGT,TNLGSL,GYVSSD,SDFNNH,GFAGTL,YVSSDF,FNNHPL,PFHTFT,LWLLRF,HLMQSV,NNHPLA,WLLRFP,AHLMQS,FNQLYK,MQSVFG,SSDFNN,LPFHTF,EAVCGL,GSLLKD
GT48	1	Zoorad1|Zoorad1_393694	31.2	41	GKGRDL,NQDNYL,DANQDN,DGKSDN,GLHLNE,GDGKSD,QTLYRT,LRTRIW,DNYLEE,RLPKRI,LHLNED,PILGDG,LHYGHP,AGKEQT,LGDGKS,AAGKEQ,REYIFS,KEQTFG,GKEQTF,QDNYLE,YGHPDF,HYGHPD,QTFGTL,EDIYAG,NPILGD,QCGKGR,ANQDNY,GKSDNQ,GNPILG,KSDNQN,HLNEDI,YIFSEN,EYIFSE,NEDIYA,CGKGRD,KGRDLG,ILGDGK,LNEDIY,GRDLGF,LPKRIY,EQTFGT
GT48	1	Zoorad1|Zoorad1_409393	30.6	40	KSDNQN,KEQTFG,RLPKRI,YGHPDF,DGKSDN,LHYGHP,PILGDG,DANQDN,CGKGRD,REYIFS,GRDLGF,ILGDGK,GLHLNE,HYGHPD,NQDNYL,GKEQTF,ANQDNY,EQTFGT,EYIFSE,QTLYRT,LFFLDT,GGKLHY,FFLDTY,GKLHYG,GKGRDL,LRTRIW,LHLNED,DNYLEE,LGDGKS,GDGKSD,YIFSEN,HLNEDI,KGRDLG,QCGKGR,FFAQSL,GKSDNQ,QDNYLE,AGKEQT,AAGKEQ,KLHYGH
GT48	1	Zoorad1|Zoorad1_403356	29.1	38	KSDNQN,KEQTFG,RLPKRI,YGHPDF,DGKSDN,LHYGHP,PILGDG,CGKGRD,REYIFS,GRDLGF,ILGDGK,GLHLNE,HYGHPD,NQDNYL,GKEQTF,EQTFGT,EYIFSE,QTLYRT,LFFLDT,GGKLHY,FFLDTY,GKLHYG,GKGRDL,LRTRIW,LHLNED,DNYLEE,LGDGKS,GDGKSD,YIFSEN,HLNEDI,KGRDLG,QCGKGR,FFAQSL,GKSDNQ,QDNYLE,AGKEQT,AAGKEQ,KLHYGH
GT48	1	Zoorad1|Zoorad1_485812	28.9	38	HYGHPD,KGRDLG,LRTRIW,GNPILG,GKGRDL,NPILGD,GDGKSD,DNYLEE,ILGDGK,YGHPDF,EDIYAG,ANQDNY,GLHLNE,LDTYLW,LHLNED,NEDIYA,CGKGRD,GKSDNQ,LHYGHP,DANQDN,NQDNYL,FLDTYL,DGKSDN,LGDGKS,HLNEDI,KSDNQN,DTYLWY,REYIFS,QDNYLE,EYIFSE,PILGDG,YIFSEN,GRDLGF,QCGKGR,LNEDIY,QTLYRT,TYLWYI,FFLDTY
GT48	1	Zoorad1|Zoorad1_686067	26.7	35	QDNYLE,GLHLNE,EYIFSE,REYIFS,HYGHPD,GRDLGF,KGRDLG,NPILGD,GNPILG,DGKSDN,YIFSEN,GDGKSD,LHLNED,QTLYRT,TYLWYI,LDTYLW,HLNEDI,DTYLWY,LHYGHP,DNYLEE,GKGRDL,DANQDN,CGKGRD,LGDGKS,KSDNQN,ILGDGK,NQDNYL,QCGKGR,LRTRIW,GKSDNQ,YGHPDF,ANQDNY,FFLDTY,PILGDG,FLDTYL
GT50	1	Zoorad1|Zoorad1_468007	13.2	17	CTSQYF,DHRHNF,RGNAES,TYRYTP,FKIYPI,TRGNAE,YRYTPL,VCTSQY,YTDIDY,STRGNA,HFKIYP,RHNFSV,NKVCTS,HRHNFS,KVCTSQ,RYTPLL,ISTRGN
GT57	1	Zoorad1|Zoorad1_456546	17.8	22	DHGHFQ,HEKTIL,HWMEIT,GHFQYN,QRHWME,GLDYPP,IDHGHF,AQRHWM,EDKVAN,FKQMAL,LIDHGH,DYPPLT,LDYPPL,HGHFQY,KQMALY,VHEKTI,EAQRHW,WGLDYP,QVHEKT,YPPLTA,RHWMEI,FQVHEK
GT57	2	Zoorad1|Zoorad1_452636	22.2	25	HVHEKA,LFGWHV,WTLDYP,HRNWLA,FGWHVH,NWLAIT,VHRNWL,RNWLAI,LDYPPF,VHEKAI,HEKAIM,AYWAPN,HAYWAP,SRLFPF,FQYNGF,EKAIML,DYPPFF,YPPFFA,HIHFQY,WHVHEK,GWHVHE,TLDYPP,IHFQYN,HFQYNG,DHIHFQ
GT58	2	Zoorad1|Zoorad1_447699	10.7	28	VKMNIL,TVNWRF,YTEIDW,DPIAML,LVYPAG,RSLHYQ,LAVSVK,RIHSIF,YPAGFV,DTGPLV,VSVKMN,KWTVNW,GPLVYP,LFNDPI,VYPAGF,SVKMNI,TGPLVY,AVSVKM,SLAVSV,NDPIAM,AYMQEV,FNDPIA,LRLFND,SLHYQF,PLVYPA,RLFNDP,WTVNWR,GDTGPL
GT66	1	Zoorad1|Zoorad1_398440	41.6	56	YFYMVS,YSLWDT,HEFDPW,IIASVS,AYYWLR,AGSYDN,NNTWNN,AWGGYV,IHEFDP,YISRSV,NNTHIA,VSEHQP,AGVMVR,DDFREA,DNNTWN,GYISRS,EFDPWF,TWNNTH,DINKFL,WNNTHI,FAGVMV,PIIASV,SVSEHQ,FYSLWD,NTWNNT,WDYGYQ,GVMVRL,DFREAY,GSYDNE,DVDYVL,SVAGSY,DDINKF,REAYYW,PGYISR,FDPWFN,DYGYQI,ASVSEH,VAGSYD,IPIIAS,PWTGRF,INKFLW,YFAGVM,RFYSLW,WWDYGY,TGRFYS,WTGRFY,EAYYWL,NKFLWM,RSVAGS,VDNNTW,GRFYSL,SRSVAG,ISRSVA,NLIPLH,IASVSE,WYPLGR
GT8	39	Zoorad1|Zoorad1_103172	12.6	16	GDQGLL,SFDGGD,CFNSGV,GGDQGL,GWPDCF,PGWPDC,PDPGWP,DPGWPD,FNSGVF,PDCFNS,DGGDQG,DQGLLN,FDGGDQ,WPDCFN,GSFDGG,DCFNSG
GT8	39	Zoorad1|Zoorad1_103442	12.6	16	GDQGLL,SFDGGD,CFNSGV,GGDQGL,GWPDCF,PGWPDC,PDPGWP,DPGWPD,FNSGVF,PDCFNS,DGGDQG,DQGLLN,FDGGDQ,WPDCFN,GSFDGG,DCFNSG
CBM1	13	Zoorad1|Zoorad1_391936	3.3	8	YWGQNS,QCVFPD,PQCVFP,FYNNYC,QFYNNY,YNNYCG,CVFPDA,VYWGQN
CBM12	6	Zoorad1|Zoorad1_420830	8.5	11	LTHINY,KVLISL,VLISLG,LISLGG,IDWEYP,GIDIDW,DGIDID,ISLGGW,DIDWEY,SLGGWT,IDIDWE
CBM12	6	Zoorad1|Zoorad1_466492	7.81	10	ISLGGW,IDWEYP,LISLGG,VLISLG,DIDWEY,DGIDID,KVLISL,GIDIDW,SLGGWT,IDIDWE
CBM12	6	Zoorad1|Zoorad1_445657	5.1	6	GIDIDW,DIDWEY,SLGGWT,IDIDWE,IDWEYP,DGIDID
CBM12	6	Zoorad1|Zoorad1_471933	4.03	6	LTHINY,INVMTY,THINYA,HINYAF,VMTYDF,NVMTYD
CBM18	7	Zoorad1|Zoorad1_480339	3.55	8	LTFDDG,FDDGPY,ALTFDD,AKATFF,EGHQIA,GHQIAS,HQIASH,TFDDGP
CBM18	7	Zoorad1|Zoorad1_508235	2.97	8	FDDGPY,HQIASH,NAKATF,EGHQIA,TFDDGP,AKATFF,GHQIAS,QIASHT
CBM18	7	Zoorad1|Zoorad1_387898	2.86	6	TFDDGP,GHQIAS,HQIASH,LTFDDG,ALTFDD,QIASHT
CBM18	7	Zoorad1|Zoorad1_419223	2.86	6	GHQIAS,TFDDGP,HQIASH,LTFDDG,ALTFDD,QIASHT
CBM19	1	Zoorad1|Zoorad1_391936	11.4	13	WDASQA,YWGQNS,IQFYNN,FYNNYC,QFYNNY,GKKVLL,LSLGGA,KVLLSL,FIQFYN,VLLSLG,KKVLLS,VYWGQN,LLSLGG
CBM20	17	Zoorad1|Zoorad1_467871	4.27	6	GYPCVF,NYDYLM,VDNHDT,YPCVFY,RTKYGT,TKYGTK
CBM20	39	Zoorad1|Zoorad1_458140	5.2	10	HDYHLM,VHDYHL,YARHFL,LWPLFH,PFPSSE,ARHFLS,WVHDYH,FPSSEI,PSSEIY,DYARHF
CBM20	39	Zoorad1|Zoorad1_470397	4.6	10	PFPSSE,IGFFLH,SSEIFR,KIGFFL,HDYHLM,DYDGTL,FPSSEI,WVHDYH,LSEFTG,VHDYHL
CBM20	39	Zoorad1|Zoorad1_492811	4.6	10	KIGFFL,LSEFTG,FPSSEI,SSEIFR,IGFFLH,DYDGTL,ADPEFG,HDYHLM,PFPSSE,RTDEDM
CBM32	11	Zoorad1|Zoorad1_446383	5.23	6	GYGCGY,LYEDDG,WTGDQS,GDADCY,DGYGCG,NDGYGC
CBM32	72	Zoorad1|Zoorad1_457835	4.57	6	FHYGYF,SSSEAI,NQESSS,QESSSE,HFHYGY,ESSSEA
CBM32	72	Zoorad1|Zoorad1_479335	4.57	6	NQESSS,ESSSEA,FHYGYF,QESSSE,HFHYGY,SSSEAI
CBM38	6	Zoorad1|Zoorad1_457835	6.0	6	FHYGYF,SSSEAI,NQESSS,QESSSE,HFHYGY,ESSSEA
CBM38	6	Zoorad1|Zoorad1_479335	6.0	6	NQESSS,ESSSEA,FHYGYF,QESSSE,HFHYGY,SSSEAI
CBM39	3	Zoorad1|Zoorad1_671773	4.43	8	AKLPKG,FDQEFY,DQEFYL,EIRAKL,IRAKLP,PFDQEF,RAKLPK,KLPKGD
CBM39	5	Zoorad1|Zoorad1_466318	10.3	13	WPASGE,WIWPAI,FEDNFD,VESRGN,WPAIWL,PASGEI,IFEDNF,GGNWEF,IWPAIW,GDWIWP,ASGEID,DWIWPA,GGGNWE
CBM39	5	Zoorad1|Zoorad1_474538	10.3	13	DWIWPA,WPAIWL,GDWIWP,WPASGE,IWPAIW,ASGEID,VESRGN,IFEDNF,PASGEI,GGGNWE,GGNWEF,FEDNFD,WIWPAI
CBM39	5	Zoorad1|Zoorad1_444006	7.99	9	ASGEID,KLFIKP,GKLFIK,WPAIWL,GGNWEF,DGKLFI,PASGEI,GGGNWE,WPASGE
CBM39	5	Zoorad1|Zoorad1_393802	7.85	10	DWIWPA,GDWIWP,SGEIDI,PASGEI,WPASGE,WPAIWL,IWPAIW,WIWPAI,GGGNWE,ASGEID
CBM39	5	Zoorad1|Zoorad1_397105	7.85	10	WIWPAI,PASGEI,DWIWPA,GGGNWE,WPAIWL,GDWIWP,ASGEID,SGEIDI,IWPAIW,WPASGE
CBM39	5	Zoorad1|Zoorad1_443098	7.51	9	VDYIRV,ASGEID,GDWIWP,GGNWEF,TLDLWG,PASGEI,DWIWPA,GGGNWE,WPASGE
CBM39	5	Zoorad1|Zoorad1_373134	7.34	9	GGNWEF,VESRGN,SGGGNW,PASGEI,WPASGE,WPAIWL,ASGGGN,GGGNWE,ASGEID
CBM39	5	Zoorad1|Zoorad1_466300	7.34	9	ASGGGN,WPASGE,VESRGN,WPAIWL,PASGEI,GGNWEF,ASGEID,GGGNWE,SGGGNW
CBM39	5	Zoorad1|Zoorad1_478571	6.66	7	WPASGE,ASGEID,IFEDNF,PASGEI,GGGNWE,GGNWEF,FEDNFD
CBM39	5	Zoorad1|Zoorad1_426563	6.34	8	PASGEI,GGGNWE,VESRGN,WPAIWL,ASGGGN,SGGGNW,GGNWEF,WPASGE
CBM39	5	Zoorad1|Zoorad1_684834	5.68	8	GGNWEF,GGGNWE,IWPAIW,GDWIWP,WIWPAI,WPAIWL,DWIWPA,VESRGN
CBM39	5	Zoorad1|Zoorad1_436958	5.66	6	NPIQSA,IFEDNF,WPASGE,FEDNFD,PASGEI,ASGEID
CBM43	12	Zoorad1|Zoorad1_481867	4.68	11	TPRPFT,AGNEVT,PRPFTE,IYSWCG,ASAYVK,KGVAYQ,GNEVTN,SAYVKA,AYVKAA,KGSKFF,NIYSWC
CBM43	12	Zoorad1|Zoorad1_379184	4.13	10	QFFIKG,SEFGCN,GNEVTN,GGIVYE,AGNEVT,NIYSWC,KGVAYQ,IYSWCG,KGSKFF,SGGIVY
CBM43	12	Zoorad1|Zoorad1_448040	2.86	6	KGSKFF,ASAYVK,AGNEVT,SAYVKA,GNEVTN,AYVKAA
CBM48	20	Zoorad1|Zoorad1_400523	27.1	39	YYASFG,LVGDKT,GFDYRL,ESHDQA,AEDVSG,FPREGN,YREWAP,GNEFGH,GFRFDG,ASFGYQ,YASFGY,IQLMAI,NEFGHP,LMAIME,EGYLNF,SHDQAL,HKMIRL,SFGYQV,HDQALV,RFDGVT,DGVTSM,FGHPEW,SRLFNY,DQALVG,DFPREG,FRFDGV,YEAHVG,FDGVTS,EFGHPE,QLMAIM,GEGYLN,TLTNRR,VGDKTI,ALVGDK,EWAPNA,IYEAHV,QALVGD,DGFRFD,MAIMEH
CBM5	2	Zoorad1|Zoorad1_471933	4.83	6	GVDIDW,FDGVDI,DGVDID,IDWEFP,DIDWEF,VDIDWE
CBM5	14	Zoorad1|Zoorad1_420830	5.04	8	IDWEYP,GIDIDW,DGIDID,ISLGGW,DIDWEY,SLGGWT,IDIDWE,DWEYPG
CBM5	14	Zoorad1|Zoorad1_466492	5.04	8	ISLGGW,IDWEYP,DIDWEY,DWEYPG,DGIDID,GIDIDW,SLGGWT,IDIDWE
CBM5	14	Zoorad1|Zoorad1_445657	4.0	6	GIDIDW,DIDWEY,SLGGWT,IDIDWE,IDWEYP,DGIDID
CBM5	29	Zoorad1|Zoorad1_422588	8.57	9	GIDSCQ,SCQGDS,QGDSGG,DSGGPI,GDSGGP,GGIDSC,DSCQGD,CQGDSG,IDSCQG
CBM5	29	Zoorad1|Zoorad1_516151	6.76	7	LTAAHC,GDSGGP,DSCQGD,CQGDSG,QGDSGG,VLTAAH,SCQGDS
CBM5	29	Zoorad1|Zoorad1_213892	5.76	6	DSCQGD,DSGGPI,GDSGGP,SCQGDS,CQGDSG,QGDSGG
CBM5	29	Zoorad1|Zoorad1_386293	5.76	6	SCQGDS,CQGDSG,DSGGPI,GDSGGP,DSCQGD,QGDSGG
CBM5	29	Zoorad1|Zoorad1_387862	5.76	6	SCQGDS,TAAHCV,CQGDSG,GDSGGP,DSCQGD,QGDSGG
CBM5	29	Zoorad1|Zoorad1_407609	5.76	6	SCQGDS,QGDSGG,DSGGPI,DSCQGD,CQGDSG,GDSGGP
CBM5	29	Zoorad1|Zoorad1_417381	5.76	6	VSWGIG,WGIGCA,QGDSGG,SWGIGC,CQGDSG,GDSGGP
CBM5	29	Zoorad1|Zoorad1_436449	5.76	6	VSWGIG,CQGDSG,GDSGGP,WGIGCA,SWGIGC,QGDSGG
CBM5	29	Zoorad1|Zoorad1_438373	5.76	6	SCQGDS,CQGDSG,GDSGGP,DSCQGD,DSGGPI,QGDSGG
CBM5	29	Zoorad1|Zoorad1_438376	5.76	6	SCQGDS,CQGDSG,GDSGGP,DSCQGD,DSGGPI,QGDSGG
CBM5	29	Zoorad1|Zoorad1_443152	5.76	6	DSGGPI,QGDSGG,SCQGDS,DSCQGD,CQGDSG,GDSGGP
CBM5	29	Zoorad1|Zoorad1_443153	5.76	6	DSGGPI,QGDSGG,SCQGDS,DSCQGD,CQGDSG,GDSGGP
CBM5	29	Zoorad1|Zoorad1_469149	5.76	6	DSGGPI,QGDSGG,DSCQGD,SCQGDS,CQGDSG,GDSGGP
CBM5	29	Zoorad1|Zoorad1_675559	5.76	6	SCQGDS,GDSGGP,QGDSGG,DSCQGD,DSGGPI,CQGDSG
CBM5	29	Zoorad1|Zoorad1_675561	5.76	6	SCQGDS,GDSGGP,QGDSGG,DSCQGD,DSGGPI,CQGDSG
CBM5	29	Zoorad1|Zoorad1_676849	5.76	6	SCQGDS,GDSGGP,QGDSGG,DSCQGD,DSGGPI,CQGDSG
CBM5	29	Zoorad1|Zoorad1_681979	5.76	6	SCQGDS,GDSGGP,QGDSGG,DSCQGD,DSGGPI,CQGDSG
CBM5	29	Zoorad1|Zoorad1_683105	5.76	6	SCQGDS,GDSGGP,QGDSGG,DSCQGD,DSGGPI,CQGDSG
CBM5	29	Zoorad1|Zoorad1_859006	5.76	6	SCQGDS,QGDSGG,CQGDSG,GDSGGP,DSCQGD,DSGGPI
CBM5	49	Zoorad1|Zoorad1_420465	11.0	13	SMATPH,GTSMAT,HGTHVA,THVAGT,SGTSMA,MATPHV,TSMATP,ATPHVS,HVAGTI,GHGTHV,NGHGTH,TPHVSG,GTHVAG
CBM5	49	Zoorad1|Zoorad1_446027	8.01	9	HVAGTI,NGHGTH,ISGTSM,HGTHVA,VAGTIA,THVAGT,SGTSMA,GHGTHV,GTHVAG
CBM5	49	Zoorad1|Zoorad1_678035	6.27	7	NGHGTH,ISGTSM,THVAGT,GHGTHV,SGTSMA,GTHVAG,HGTHVA
CBM5	49	Zoorad1|Zoorad1_263280	6.14	8	GTSMAT,ISGTSM,TSMATP,MATPHV,SMSLGG,SISGTS,SGTSMA,SMATPH
CBM5	49	Zoorad1|Zoorad1_477659	6.14	8	MATPHV,SMSLGG,GTSMAT,NGHGTH,SMATPH,SGTSMA,ISGTSM,TSMATP
CBM5	49	Zoorad1|Zoorad1_677914	5.87	6	THVAGT,SGTSMA,GHGTHV,GTHVAG,HVAGTI,HGTHVA
CBM5	49	Zoorad1|Zoorad1_431059	5.57	6	HGTHVA,THVAGT,SGTSMA,PHVSGV,GHGTHV,GTHVAG
CBM5	49	Zoorad1|Zoorad1_494282	5.57	6	GHGTHV,THVAGT,SGTSMA,HGTHVA,NGHGTH,GTHVAG
CBM5	49	Zoorad1|Zoorad1_41350	5.44	7	SMATPH,GTSMAT,ISGTSM,SGTSMA,MATPHV,TSMATP,SMSLGG
CBM5	49	Zoorad1|Zoorad1_458125	5.43	6	GTSMAT,HGTHVA,TSMATP,GHGTHV,GTHVAG,SGTSMA
CBM50	144	Zoorad1|Zoorad1_459569	5.06	6	MTVGNH,VGNHEF,NHEFDD,TVGNHE,VGGHSH,GNHEFD
CBM51	2	Zoorad1|Zoorad1_446383	5.45	6	GYGCGY,LYEDDG,WTGDQS,GDADCY,DGYGCG,NDGYGC
CBM55	1	Zoorad1|Zoorad1_466492	6.0	6	IDWEYP,NLDGID,DIDWEY,LDGIDI,GIDIDW,IDIDWE
CBM56	1	Zoorad1|Zoorad1_457835	5.28	6	NDHHFH,FHYGYF,DHHFHY,HHFHYG,HFHYGY,ESSSEA
CBM56	1	Zoorad1|Zoorad1_479335	5.28	6	ESSSEA,FHYGYF,NDHHFH,HHFHYG,HFHYGY,DHHFHY
CBM57	6	Zoorad1|Zoorad1_517933	4.25	6	SGTSMA,HGTHTM,GTSMAS,SMASPH,PTDLNG,TSMASP
CBM57	16	Zoorad1|Zoorad1_440690	12.8	14	GNIRVF,TFTMEG,NIRVFC,KTLMFV,DLAGSE,RNSKLT,AYGQTG,IRVFCR,GKTFTM,SKTLMF,KTFTME,IFAYGQ,FAYGQT,VCIFAY
CBM57	16	Zoorad1|Zoorad1_441057	11.7	12	LVDLAG,TGTGKT,QTGTGK,GQTGTG,DLAGSE,QDSLGG,VDLAGS,AYGQTG,FAYGQT,YGQTGT,LQDSLG,SSRSHC
CBM57	16	Zoorad1|Zoorad1_6482	11.7	12	LQDSLG,GQTGTG,YGQTGT,VDLAGS,QDSLGG,FAYGQT,DLAGSE,AYGQTG,TGTGKT,QTGTGK,SSRSHC,LVDLAG
CBM57	16	Zoorad1|Zoorad1_506869	9.76	10	GQTGTG,YGQTGT,VDLAGS,FAYGQT,DLAGSE,AYGQTG,IFAYGQ,TGTGKT,QTGTGK,LVDLAG
CBM57	16	Zoorad1|Zoorad1_444777	8.87	9	LVDLAG,TGTGKT,GQTGTG,QTGTGK,DLAGSE,VDLAGS,AYGQTG,FAYGQT,YGQTGT
CBM57	16	Zoorad1|Zoorad1_204699	6.76	7	VDLAGS,DLAGSE,LVDLAG,FAYGQT,SLSALG,AYGQTG,GKTFTM
CBM57	16	Zoorad1|Zoorad1_389796	6.76	7	VDLAGS,IFAYGQ,LAGSER,DLAGSE,LVDLAG,AYGQTG,FAYGQT
CBM57	16	Zoorad1|Zoorad1_463451	6.76	7	SLSALG,AYGQTG,FAYGQT,DLAGSE,LVDLAG,GKTFTM,VDLAGS
CBM57	16	Zoorad1|Zoorad1_159782	5.88	6	VDLAGS,DLAGSE,FAYGQT,LAGSER,AYGQTG,RNSKLT
CBM6	13	Zoorad1|Zoorad1_457835	2.98	7	NDHHFH,FHYGYF,DHHFHY,NQESSS,HHFHYG,QESSSE,HFHYGY
CBM6	13	Zoorad1|Zoorad1_479335	2.98	7	NQESSS,FHYGYF,NDHHFH,HHFHYG,QESSSE,HFHYGY,DHHFHY
CBM73	8	Zoorad1|Zoorad1_422588	8.91	9	GIDSCQ,SCQGDS,QGDSGG,DSGGPI,GDSGGP,GGIDSC,DSCQGD,CQGDSG,IDSCQG
CBM73	8	Zoorad1|Zoorad1_516151	6.93	7	LTAAHC,GDSGGP,DSCQGD,CQGDSG,QGDSGG,VLTAAH,SCQGDS
CBM73	8	Zoorad1|Zoorad1_213892	5.94	6	DSCQGD,DSGGPI,GDSGGP,SCQGDS,CQGDSG,QGDSGG
CBM73	8	Zoorad1|Zoorad1_386293	5.94	6	SCQGDS,CQGDSG,DSGGPI,GDSGGP,DSCQGD,QGDSGG
CBM73	8	Zoorad1|Zoorad1_387862	5.94	6	SCQGDS,TAAHCV,CQGDSG,GDSGGP,DSCQGD,QGDSGG
CBM73	8	Zoorad1|Zoorad1_407609	5.94	6	SCQGDS,QGDSGG,DSGGPI,DSCQGD,CQGDSG,GDSGGP
CBM73	8	Zoorad1|Zoorad1_417381	5.94	6	VSWGIG,WGIGCA,QGDSGG,SWGIGC,CQGDSG,GDSGGP
CBM73	8	Zoorad1|Zoorad1_436449	5.94	6	VSWGIG,CQGDSG,GDSGGP,WGIGCA,SWGIGC,QGDSGG
CBM73	8	Zoorad1|Zoorad1_438373	5.94	6	SCQGDS,CQGDSG,GDSGGP,DSCQGD,DSGGPI,QGDSGG
CBM73	8	Zoorad1|Zoorad1_438376	5.94	6	SCQGDS,CQGDSG,GDSGGP,DSCQGD,DSGGPI,QGDSGG
CBM73	8	Zoorad1|Zoorad1_443152	5.94	6	DSGGPI,QGDSGG,SCQGDS,DSCQGD,CQGDSG,GDSGGP
CBM73	8	Zoorad1|Zoorad1_443153	5.94	6	DSGGPI,QGDSGG,SCQGDS,DSCQGD,CQGDSG,GDSGGP
CBM73	8	Zoorad1|Zoorad1_469149	5.94	6	DSGGPI,QGDSGG,DSCQGD,SCQGDS,CQGDSG,GDSGGP
CBM73	8	Zoorad1|Zoorad1_675559	5.94	6	SCQGDS,GDSGGP,QGDSGG,DSCQGD,DSGGPI,CQGDSG
CBM73	8	Zoorad1|Zoorad1_675561	5.94	6	SCQGDS,GDSGGP,QGDSGG,DSCQGD,DSGGPI,CQGDSG
CBM73	8	Zoorad1|Zoorad1_676849	5.94	6	SCQGDS,GDSGGP,QGDSGG,DSCQGD,DSGGPI,CQGDSG
CBM73	8	Zoorad1|Zoorad1_681979	5.94	6	SCQGDS,GDSGGP,QGDSGG,DSCQGD,DSGGPI,CQGDSG
CBM73	8	Zoorad1|Zoorad1_683105	5.94	6	SCQGDS,GDSGGP,QGDSGG,DSCQGD,DSGGPI,CQGDSG
CBM73	8	Zoorad1|Zoorad1_859006	5.94	6	SCQGDS,QGDSGG,CQGDSG,GDSGGP,DSCQGD,DSGGPI
