Gene ID	CAZy ID	% Identical	Length	Mismatches	Gap Open	Gene Start	Gene End	CAZy Start	CAZy End	E Value	Bit Score
Scas|Scas_39	QKX64719.1|GT31|	38.8	536	280	12	11	515	6	524	1.20e-106	344
Scas|Scas_79	QKX60855.1|GT22|	65.1	335	99	3	30	358	537	859	3.05e-136	414
Scas|Scas_116	ADK37844.1|GH16_4|	89.8	323	33	0	55	377	1	323	1.43e-233	642
Scas|Scas_125	ADK37844.1|GH16_4|	49.7	346	148	5	104	448	1	321	2.76e-121	360
Scas|Scas_168	AFP64569.1|AA3_2|	91.3	253	22	0	1	253	28	280	3.56e-173	493
Scas|Scas_247	AUP42574.1|CBM14|CE0|	93.7	538	32	1	1	538	1	536	0.0	1088
Scas|Scas_354	ALC48451.1|GT39|	71.4	420	108	3	1	408	239	658	6.34e-222	629
Scas|Scas_459	AFP63734.1|GT24|	78.1	429	93	1	33	461	33	460	8.41e-224	663
Scas|Scas_497	ALC43714.1|GT43|	80.0	205	40	1	1	205	105	308	3.96e-118	342
Scas|Scas_644	ALC40882.1|CBM48|GH13_8|	83.9	688	111	0	2	689	3	690	0.0	1251
Scas|Scas_783	SVE84708.1|GH9|	52.1	915	416	8	6	906	418	1324	7.28e-116	389
Scas|Scas_912	QDS71450.1|GH47|	55.0	329	138	2	9	336	1044	1363	1.63e-120	383
Scas|Scas_916	AAF57802.1|GT4|	57.5	351	130	5	1	349	140	473	1.03e-121	363
Scas|Scas_1002	CDS07286.1|GT50|	50.0	468	206	7	28	470	7	471	5.04e-130	390
Scas|Scas_1054	ARA90547.1|GH18|	85.7	454	65	0	1	454	1	454	2.38e-307	837
Scas|Scas_1187	AVI60826.1|GT22|	63.2	424	140	7	60	473	583	1000	6.07e-162	511
Scas|Scas_1241	VDD19117.1|GT95|	81.1	291	51	3	6	295	81	368	1.71e-158	462
Scas|Scas_1273	CAB95998.1|GT20|2.4.1.15	66.8	464	152	1	13	474	19	482	1.87e-238	666
Scas|Scas_1306	ALC45304.1|AA3_2|	83.6	335	55	0	1	335	278	612	4.66e-206	582
Scas|Scas_1457	AXG41146.1|GH6|	39.4	654	378	6	1	652	215	852	8.25e-136	426
Scas|Scas_1465	AEP00550.1|GH13_5|	49.3	485	233	5	1	477	1	480	1.16e-171	496
Scas|Scas_1604	AFP59162.1|GT2|	97.7	341	8	0	2	342	1	341	5.57e-245	670
Scas|Scas_1886	CCA15473.1|GH72|	52.4	389	180	4	1	385	565	952	9.34e-130	400
Scas|Scas_1974	QKD62991.1|GH12|	37.5	589	354	5	250	837	1086	1661	3.99e-111	378
Scas|Scas_2059	AFP61348.1|GH31|	77.1	572	131	0	75	646	2	573	0.0	988
Scas|Scas_2082	ADK37846.1|GH18|	70.4	294	85	1	26	319	1	292	5.63e-154	441
Scas|Scas_2207	CAN80640.1|GT47|	52.8	424	194	4	6	424	940	1362	2.92e-151	467
Scas|Scas_2213	CDS05274.1|GT2|	55.6	916	356	14	6	889	85	981	0.0	957
Scas|Scas_2337	AFP61190.1|GT66|	91.0	778	64	4	1	774	1	776	0.0	1397
Scas|Scas_2785	QDS71450.1|GH47|	56.6	279	115	2	1	273	1032	1310	7.23e-105	340
Scas|Scas_2837	QKX56076.1|GH51|	58.9	492	194	4	224	708	894	1384	1.65e-184	575
Scas|Scas_2866	AIT83212.1|GT4|	64.5	313	108	2	23	334	4	314	3.65e-132	399
Scas|Scas_2873	QET95489.1|CE4|	51.6	320	132	5	15	334	17	313	3.77e-108	322
Scas|Scas_2933	CAC9909034.1|GT8|	64.9	396	137	2	7	402	329	722	5.99e-176	512
Scas|Scas_3037	QHG77622.1|CBM50|	84.2	253	38	2	8	259	22	273	1.29e-134	390
Scas|Scas_3050	ADK37846.1|GH18|	79.1	177	37	0	1	177	60	236	1.58e-103	303
Scas|Scas_3087	CBQ70430.1|GT3|	66.2	701	220	7	6	689	4	704	0.0	934
Scas|Scas_3115	AFP60297.1|GT1|	74.5	529	129	2	1	527	1	525	4.70e-296	815
Scas|Scas_3168	ADD19004.1|GT4|	89.3	373	40	0	21	393	1	373	8.73e-265	724
Scas|Scas_3278	QHG77622.1|CBM50|	77.7	220	48	1	36	254	56	275	1.28e-121	357
Scas|Scas_3290	EGX47988.1|GH16_2|	47.3	376	178	6	40	398	240	612	6.25e-110	342
Scas|Scas_3384	AGW52172.1|AA3_2|	71.4	245	70	0	1	245	389	633	1.60e-133	394
Scas|Scas_3536	QGI67417.1|GH18|	56.1	440	182	6	2	431	380	818	2.14e-152	461
Scas|Scas_3800	ADK37849.1|CBM18|CE4|	81.7	290	52	1	1	289	1	290	1.72e-177	498
Scas|Scas_3871	AWK40335.1|GH6|	37.8	701	404	8	48	728	164	852	1.88e-144	450
Scas|Scas_3950	AFP63269.1|GT31|	63.2	302	91	7	1	282	440	741	5.11e-124	375
Scas|Scas_4072	AAF49195.1|GT1|	48.4	541	253	9	25	553	18	544	4.63e-160	478
Scas|Scas_4102	CDS13004.1|GT20|	50.6	620	299	4	11	626	22	638	1.70e-228	657
Scas|Scas_4329	ALC44609.1|GT54|	76.1	586	117	2	1	586	1	563	0.0	904
Scas|Scas_4386	ADK37844.1|GH16_4|	55.3	340	133	5	52	391	1	321	3.73e-138	401
Scas|Scas_4449	AAD30975.1|GT2|2.4.1.83	73.3	236	63	0	3	238	31	266	1.59e-125	360
Scas|Scas_4529	ALC42125.1|GT47|GT64|	78.9	237	50	0	1	237	363	599	1.53e-124	380
Scas|Scas_4546	CAI53949.1|GT10|	47.2	398	198	5	68	460	44	434	9.37e-131	389
Scas|Scas_4580	QCE13289.1|CE8|	54.8	407	157	5	6	389	409	811	9.80e-133	419
Scas|Scas_4649	AGC38392.1|GT2|	77.9	412	82	4	1	405	947	1356	2.12e-207	613
Scas|Scas_4792	CDS11103.1|GT66|	63.2	722	253	3	7	716	7	727	0.0	919
Scas|Scas_4964	SMR56934.1|GT22|	54.6	531	227	6	10	528	608	1136	8.14e-192	575
Scas|Scas_5059	ARF90664.1|GT4|	55.4	307	135	1	110	414	445	751	3.24e-108	342
Scas|Scas_5157	QBQ55243.1|CBM50|	33.2	988	545	20	22	1003	26	904	2.02e-143	461
Scas|Scas_5204	CDS05746.1|GH5_9|	51.3	425	197	5	84	501	4	425	5.24e-160	465
Scas|Scas_5224	AWO98658.1|GH37|	66.7	402	133	1	24	424	69	470	4.73e-185	553
Scas|Scas_5263	AFP59701.1|CBM47|	97.0	200	6	0	1	200	140	339	1.54e-135	411
Scas|Scas_5369	ALC42009.1|GT29|	82.2	241	43	0	119	359	3	243	6.24e-143	414
Scas|Scas_5500	CUI24525.1|GH19|	61.4	311	114	2	41	345	18	328	5.51e-119	379
Scas|Scas_5671	AFP62645.1|GT1|	65.8	368	123	1	1	365	1	368	1.55e-181	518
Scas|Scas_5735	AWO98658.1|GH37|	73.8	405	103	2	29	432	68	470	2.67e-208	608
Scas|Scas_5817	QGI79035.1|GH43_30|	72.4	391	107	1	4	393	458	848	1.48e-191	582
Scas|Scas_5853	CDS03322.1|GT2|	72.9	221	60	0	1	221	1166	1386	6.70e-113	358
Scas|Scas_5855	CCA72950.1|GT2|	33.7	976	516	22	2	850	368	1339	8.26e-148	483
Scas|Scas_5921	AFP63273.1|CBM13|GT27|	98.4	191	3	0	1	191	253	443	4.33e-140	407
Scas|Scas_5922	AFP63273.1|CBM13|GT27|	85.2	257	37	1	1	257	1	256	7.67e-158	455
Scas|Scas_6202	ALC46725.1|AA3_2|	73.2	418	108	1	1	418	200	613	4.37e-226	637
Scas|Scas_6297	CDS09097.1|GH15|	56.6	668	266	7	14	660	65	729	8.60e-265	749
Scas|Scas_6579	QEO24085.1|GH47|	51.3	374	173	4	32	400	835	1204	8.67e-118	374
Scas|Scas_6580	AAF56419.1|GT22|	74.2	620	148	3	1	611	1	617	0.0	943
Scas|Scas_6776	AAN13920.1|GT90|2.4.1.-|2.4.2.-	61.7	389	142	3	47	433	21	404	4.01e-184	523
Scas|Scas_6931	AFP63734.1|GT24|	84.7	1069	160	2	1	1066	461	1528	0.0	1848
Scas|Scas_6990	QBZ54211.1|GH47|	48.4	861	364	18	7	810	631	1468	1.79e-233	700
Scas|Scas_7000	CDS08390.1|GH31|	45.1	970	470	12	20	963	12	944	8.08e-317	902
Scas|Scas_7074	AFP63081.1|CBM57|	61.6	331	104	4	18	332	27	350	1.40e-137	398
Scas|Scas_7257	AHX26715.1|GT2|	32.8	775	433	17	77	786	35	786	7.89e-108	386
Scas|Scas_7342	CAC9909034.1|GT8|	64.3	378	134	1	20	397	347	723	7.63e-170	496
Scas|Scas_7382	AFP59417.1|GT31|	80.4	316	61	1	43	357	1	316	3.02e-196	546
Scas|Scas_7532	AMJ52391.1|GH47|	43.7	471	229	11	24	464	99	563	3.11e-118	362
Scas|Scas_7597	CCA15473.1|GH72|	47.0	406	210	3	18	419	548	952	7.17e-126	391
Scas|Scas_7641	AAX19735.1|GH37|	67.3	660	205	5	73	731	48	697	0.0	941
Scas|Scas_7662	EAA12302.4|GT90|	51.9	489	222	8	24	506	32	513	1.87e-178	515
Scas|Scas_7738	QBZ54211.1|GH47|	49.8	502	233	6	1	488	741	1237	7.92e-147	471
Scas|Scas_7764	CDS05700.1|GT33|	44.6	455	236	11	15	463	47	491	3.04e-112	344
Scas|Scas_7778	ATZ47545.1|GH5_12|	39.0	734	369	22	26	710	18	721	6.09e-153	468
Scas|Scas_7842	EGX46445.1|GT35|	58.6	841	339	6	41	878	36	870	0.0	1003
Scas|Scas_7897	AFP61884.1|CBM14|	87.2	484	62	0	3	486	5	488	0.0	933
Scas|Scas_8153	AWP04987.1|GT13|	38.6	947	515	22	3	929	139	1039	3.21e-194	604
Scas|Scas_8209	AWP09643.1|CBM13|GT27|	49.4	389	192	3	14	398	574	961	3.60e-124	391
Scas|Scas_8254	ABO77640.1|GH13_15|	69.8	494	147	1	18	511	10	501	2.02e-263	731
Scas|Scas_8280	AFK25797.1|GT2|	50.7	667	284	14	107	773	90	711	6.06e-210	619
Scas|Scas_8367	AFP61814.1|GT1|	64.1	516	185	0	6	521	8	523	8.30e-256	714
Scas|Scas_8492	CDS07813.1|GH37|	41.7	566	298	10	16	580	32	566	4.61e-155	462
Scas|Scas_8529	AAF48079.1|GT23|2.4.1.68	79.6	450	89	2	1	448	171	619	6.72e-274	759
Scas|Scas_8568	ADK37846.1|GH18|	67.3	294	93	2	40	332	1	292	2.93e-139	409
Scas|Scas_8596	VUW72999.1|AA1|	44.8	647	300	14	151	760	26	652	4.71e-156	490
Scas|Scas_8922	QGI86474.1|GH125|	55.1	294	130	1	2	295	201	492	2.41e-113	354
Scas|Scas_8955	BAE59904.1|GH16_2|	47.7	411	201	7	74	473	250	657	3.23e-130	396
Scas|Scas_8957	ARA90555.1|CBM14|GH18|	77.5	494	100	3	1	492	1	485	3.43e-293	805
Scas|Scas_8968	ALC43719.1|GT59|	56.9	448	189	4	6	450	5	451	1.31e-178	511
Scas|Scas_8999	SMR56096.1|GT22|	37.2	623	340	19	36	640	13	602	1.38e-111	353
Scas|Scas_9009	AVI60826.1|GT22|	58.4	433	143	7	11	415	583	1006	1.20e-151	479
Scas|Scas_9061	QDS71450.1|GH47|	59.9	324	121	1	9	332	1044	1358	2.37e-131	413
Scas|Scas_9124	ALC41820.1|GT65|	72.4	380	102	1	15	391	20	399	1.05e-218	608
Scas|Scas_9150	ADD20393.1|CBM14|	92.9	254	17	1	1	254	1	253	1.31e-191	528
Scas|Scas_9156	ALC47423.1|GH84|	61.7	1012	328	16	1	1007	36	992	0.0	1134
Scas|Scas_9190	ARA90538.1|GH0|	84.8	400	59	2	5	403	22	420	2.32e-258	710
Scas|Scas_9310	AWP04987.1|GT13|	50.9	878	408	10	64	929	77	943	1.17e-301	883
Scas|Scas_9325	AAF52172.2|GH2|	59.1	888	343	11	26	905	32	907	0.0	1078
Scas|Scas_9371	AFP60385.1|CBM14|	84.5	258	40	0	11	268	1	258	1.12e-181	506
Scas|Scas_9492	AFP60636.1|CBM20|	73.0	679	179	2	1	676	7	684	0.0	1048
Scas|Scas_9527	AAF47795.2|GT22|	70.9	530	154	0	1	530	1	530	4.85e-287	795
Scas|Scas_9652	CDS11918.1|CBM43|GH72|	45.7	488	241	14	3	478	1	476	7.70e-133	399
Scas|Scas_9716	EAA65303.1|GT0|	48.6	872	418	7	34	894	727	1579	1.15e-272	808
Scas|Scas_9912	AFP61517.1|CBM14|	91.7	218	18	0	8	225	10	227	1.15e-165	460
Scas|Scas_9944	CDS09314.1|GT39|	47.2	685	351	4	40	718	109	788	1.79e-213	626
Scas|Scas_9948	EDV36089.1|GT92|	60.8	467	179	3	1	466	1	464	6.15e-215	605
Scas|Scas_9987	QKD55908.1|GH18|	29.1	1183	664	29	13	1047	1033	2188	3.87e-131	445
Scas|Scas_10052	AEO60811.1|GT15|	56.0	316	135	2	66	379	94	407	9.98e-132	388
Scas|Scas_10061	XP_395660.4|GT24|	47.2	432	133	3	59	490	1634	1970	3.91e-106	352
Scas|Scas_10166	CBX99002.1|GH18|	54.2	301	113	4	7	282	4	304	6.19e-106	330
Scas|Scas_10176	CCA14548.1|GT2|	51.1	313	151	2	7	318	443	754	5.89e-105	328
Scas|Scas_10188	CAC9909034.1|GT8|	62.6	390	144	2	11	400	335	722	8.55e-170	496
Scas|Scas_10270	ADD19632.1|GT1|	50.3	523	248	6	15	535	1	513	2.53e-168	491
Scas|Scas_10285	QBQ55251.1|CBM50|	35.3	986	532	21	19	993	21	911	2.91e-151	481
Scas|Scas_10371	ADD19890.1|GT8|	68.1	367	107	2	1	367	1	357	6.66e-189	530
Scas|Scas_10490	AAN10370.1|CBM13|GT27|2.4.1.41	57.2	516	220	1	2	516	143	658	2.69e-229	650
Scas|Scas_10548	AFP60297.1|GT1|	68.1	458	146	0	15	472	18	475	1.32e-238	667
Scas|Scas_10573	QKX56076.1|GH51|	42.9	436	241	4	134	562	917	1351	2.54e-106	356
Scas|Scas_10642	ALC38019.1|GT2|	84.3	236	37	0	3	238	6	241	1.70e-151	425
Scas|Scas_10690	AFP59290.1|CBM39|GH16|	54.4	410	179	5	1	409	20	422	4.20e-157	454
Scas|Scas_10692	AHX26715.1|GT2|	33.1	789	436	21	71	790	35	800	1.07e-103	379
Scas|Scas_10695	AFP59116.1|CBM14|	78.6	234	48	2	1	233	1	233	4.87e-146	411
Scas|Scas_10696	AAL39176.1|CBM14|	72.2	241	66	1	1	240	1	241	4.03e-137	389
Scas|Scas_10953	CAD31110.1|GH5_9|	43.0	388	199	10	17	391	37	415	2.57e-112	340
Scas|Scas_11044	CDS13005.1|GT2|	40.0	690	345	15	112	748	106	779	1.74e-153	470
Scas|Scas_11070	CED83340.1|GT31|	36.2	989	500	21	258	1135	962	1930	1.93e-178	578
Scas|Scas_11112	AAF54441.1|GT22|	69.8	506	151	1	1	506	1	504	2.90e-257	726
Scas|Scas_11339	AAF52723.1|GT31|	53.3	368	155	5	13	378	22	374	2.09e-136	399
Scas|Scas_11346	CEF62930.1|GT2|	43.5	444	155	7	96	538	429	777	2.10e-108	346
Scas|Scas_11359	AFP61232.1|AA3_2|	87.2	623	79	1	1	622	1	623	0.0	1126
Scas|Scas_11382	AFP60254.1|GT66|	96.4	363	12	1	1	362	255	617	3.91e-254	705
Scas|Scas_11383	ALC48548.1|GT66|	91.2	362	28	2	1	358	1	362	2.53e-229	647
Scas|Scas_11443	QKX53119.1|GH72|	39.5	539	295	11	11	529	8	535	8.75e-107	355
Scas|Scas_11446	CDS12806.1|GH31|	43.5	786	414	10	55	816	65	844	1.42e-231	678
Scas|Scas_11648	SJX65865.1|GT39|	47.7	730	353	7	61	778	58	770	5.62e-219	641
Scas|Scas_11842	QKD59010.1|AA3|	36.6	642	330	17	30	620	24	639	6.86e-113	357
Scas|Scas_11862	ARA90545.1|GH18|	79.3	439	90	1	2	439	9	447	8.59e-270	741
Scas|Scas_11863	ARA90546.1|GH18|	83.8	439	71	0	1	439	5	443	1.58e-287	786
Scas|Scas_11920	CDS13004.1|GT20|	53.2	755	343	7	14	762	25	775	2.14e-293	828
Scas|Scas_11999	AFP60311.1|GT47|GT64|	81.5	712	126	4	1	712	1	706	0.0	1216
Scas|Scas_12184	AFP64454.1|GT4|	79.4	413	85	0	2	414	1	413	4.25e-249	687
Scas|Scas_12188	ALC45844.1|GH30_1|	63.5	444	160	1	9	450	94	537	6.66e-222	624
Scas|Scas_12433	AAF57454.1|GT13|2.4.1.101	67.2	478	131	4	1	472	1	458	1.06e-237	662
Scas|Scas_12456	AIE96983.1|GT7|	30.8	1236	695	32	25	1140	1	1196	4.71e-155	514
Scas|Scas_12518	CAN65674.1|GH28|	37.8	564	314	10	119	673	94	629	3.15e-112	372
Scas|Scas_12533	ARA90550.1|GH18|	89.6	441	46	0	1	441	5	445	4.95e-306	833
Scas|Scas_12650	CDS10110.1|GT15|	54.9	308	136	2	78	384	67	372	7.16e-121	359
Scas|Scas_12941	QGI79035.1|GH43_30|	66.4	393	131	1	27	418	453	845	3.22e-178	549
Scas|Scas_12959	CDS11918.1|CBM43|GH72|	49.9	447	210	5	7	440	9	454	2.06e-150	441
Scas|Scas_13087	ALC42055.1|GT8|	71.2	448	112	6	3	448	629	1061	5.73e-159	481
Scas|Scas_13104	AAF49977.1|CBM14|	50.1	545	218	14	2	514	262	784	2.63e-197	580
Scas|Scas_13142	ABI95429.1|CBM14|	94.4	533	30	0	1	533	1	533	0.0	1100
Scas|Scas_13153	AAF55509.2|GH20|	59.5	733	262	9	2	725	1	707	2.27e-315	880
Scas|Scas_13188	AAF56377.1|GT7|2.4.1.133	73.6	322	72	3	1	309	1	322	6.34e-176	493
Scas|Scas_13240	AAF44871.1|CBM13|GT27|2.4.1.41	70.4	587	168	4	3	583	24	610	9.17e-312	862
Scas|Scas_13257	QEC79975.1|GH3|	37.8	724	425	13	45	753	35	748	6.19e-147	453
Scas|Scas_13277	QKX53460.1|AA4|	43.9	419	225	5	28	437	620	1037	4.19e-121	381
Scas|Scas_13287	AFP64889.1|GT1|	68.8	378	116	2	79	454	1	378	3.51e-196	556
Scas|Scas_13304	ALC46507.1|GT33|	70.2	450	134	0	1	450	1	450	6.47e-250	692
Scas|Scas_13365	AOA62335.1|GT57|	39.7	501	257	8	66	532	51	540	1.40e-111	347
Scas|Scas_13379	CDS13578.1|GH5_12|	46.1	688	331	10	280	938	18	694	7.02e-203	605
Scas|Scas_13419	CDS05327.1|GT2|	37.1	1634	890	35	76	1681	36	1559	1.24e-311	947
Scas|Scas_13515	QKX53460.1|AA4|	52.0	417	193	6	30	442	624	1037	1.04e-138	427
Scas|Scas_13566	AFP59102.1|CBM13|GT27|	80.2	622	116	4	1	618	1	619	0.0	1011
Scas|Scas_13577	QKX53119.1|GH72|	41.8	555	297	8	19	557	6	550	8.17e-132	426
Scas|Scas_13628	QBQ55251.1|CBM50|	35.0	902	541	13	9	883	22	905	2.58e-160	502
Scas|Scas_13671	CAB1353150.1|CBM21|	50.0	406	164	9	1	393	23	402	2.61e-119	364
Scas|Scas_13678	APU66165.1|GH18|	91.4	280	24	0	26	305	1	280	2.05e-197	554
Scas|Scas_13705	ALC42309.1|GT50|	63.3	447	153	3	16	462	20	455	1.97e-190	542
Scas|Scas_13786	AFP61716.1|GT8|	87.7	332	39	1	1	330	1	332	4.15e-217	600
Scas|Scas_13810	CDS05465.1|GH47|	52.9	518	226	4	53	554	1	516	5.13e-184	540
Scas|Scas_13820	ALC41255.1|CBM13|GT27|	76.6	668	153	2	1	666	1	667	0.0	1080
Scas|Scas_13840	BBN14963.1|CBM20|	48.4	403	197	7	11	406	397	795	1.99e-119	370
Scas|Scas_13847	AFP63688.1|GH13_25|GH133|	83.3	1535	257	0	1	1535	1	1535	0.0	2729
Scas|Scas_13871	AFP62021.1|GH13_17|	73.8	580	151	1	1	579	1	580	0.0	936
Scas|Scas_13874	SVE69682.1|GT61|	70.7	334	96	2	24	355	484	817	2.73e-169	496
Scas|Scas_13886	CDS08031.1|GT2|	44.2	1713	827	34	25	1645	11	1686	0.0	1359
Scas|Scas_13954	ADD19871.1|GT2|	72.8	320	87	0	7	326	3	322	2.82e-176	495
Scas|Scas_14005	AFP60809.1|AA3_2|	59.1	589	239	2	46	632	29	617	8.10e-256	721
Scas|Scas_14055	ARA90534.1|GH18|	81.7	480	88	0	1	480	1	480	3.37e-309	844
Scas|Scas_14058	CAN65674.1|GH28|	38.8	541	299	12	148	678	111	629	1.09e-109	365
Scas|Scas_14061	VDD20314.1|GH3|	58.9	314	128	1	21	333	990	1303	1.38e-113	362
Scas|Scas_14077	AFP62176.1|CBM48|	66.8	361	101	2	1	360	1	343	8.42e-135	392
Scas|Scas_14085	AKU79211.1|GH20|	35.6	615	306	13	11	538	21	632	2.33e-130	399
Scas|Scas_14089	BAA01023.1|GT2|2.4.1.16	57.4	568	224	5	1	558	184	743	2.17e-229	660
Scas|Scas_14168	QKX60855.1|GT22|	70.3	306	89	1	22	327	565	868	8.24e-141	424
Scas|Scas_14394	AAG22262.1|GT76|	50.8	451	212	5	8	450	1	449	3.33e-151	441
Scas|Scas_14493	AVM55139.1|GH65|	36.8	720	420	18	47	757	661	1354	3.77e-145	464
Scas|Scas_14516	SVE87487.1|GT8|	60.9	299	115	2	3	300	173	470	3.72e-128	377
Scas|Scas_14526	CDS06367.1|GH38|	47.6	1089	519	15	20	1068	24	1100	0.0	1020
Scas|Scas_14531	AWP12516.1|GT29|	38.3	629	357	9	36	657	471	1075	1.31e-131	430
Scas|Scas_14708	QCD84628.1|CBM43|	28.9	1116	673	31	51	1128	107	1140	3.15e-122	411
Scas|Scas_14727	ALC49422.1|AA3_2|	68.1	599	189	2	19	617	23	619	2.43e-309	856
Scas|Scas_14799	CCA67805.1|GT1|	37.8	1052	578	20	122	1117	238	1269	4.41e-224	686
Scas|Scas_14861	CCA77894.1|GH13_25|GH133|	45.1	1546	761	27	5	1482	73	1598	0.0	1279
Scas|Scas_14878	CDS05640.1|GH20|	49.5	402	193	3	4	404	262	654	8.88e-135	414
Scas|Scas_14983	QGI67417.1|GH18|	57.1	427	175	5	5	423	382	808	8.12e-144	439
Scas|Scas_14998	AFP62022.1|GT3|	93.6	689	44	0	1	689	1	689	0.0	1344
Scas|Scas_14999	AAW43562.1|GH5_9|	40.7	393	216	8	18	401	34	418	9.57e-109	331
Scas|Scas_15009	ADD19801.1|GT4|	79.9	472	94	1	4	474	4	475	2.85e-284	781
Scas|Scas_15028	AFP62361.1|GH27|	88.3	384	45	0	31	414	1	384	2.53e-269	737
Scas|Scas_15082	AFP61158.1|GT92|	94.1	559	32	1	1	559	1	558	0.0	1103
Scas|Scas_15170	SVE92252.1|GH63|	50.1	826	359	10	28	811	21	835	4.64e-260	778
Scas|Scas_15196	CDS05274.1|GT2|	55.8	938	366	17	6	913	85	1003	0.0	951
Scas|Scas_15234	AFW99833.1|GT20|	98.0	815	16	0	1	815	1	815	0.0	1652
Scas|Scas_15261	AFP61383.1|GH31|	82.8	728	124	1	1	728	72	798	0.0	1270
Scas|Scas_15325	AFP61466.1|GH13|	75.4	553	128	6	81	630	1	548	1.52e-307	849
Scas|Scas_15530	ADK37849.1|CBM18|CE4|	58.6	278	106	4	230	503	17	289	2.28e-107	327
Scas|Scas_15671	CAN80640.1|GT47|	50.8	425	203	4	28	448	939	1361	2.05e-142	445
Scas|Scas_15695	CDS12794.1|GT39|	44.2	747	362	6	64	807	55	749	2.71e-204	602
Scas|Scas_15727	BAJ46211.1|GH25|	51.0	392	178	7	50	438	30	410	8.46e-118	388
Scas|Scas_15728	AAF52930.2|GT57|	51.7	466	218	2	16	479	11	471	6.88e-150	441
Scas|Scas_15757	VUW72999.1|AA1|	46.1	445	220	8	307	741	191	625	4.40e-106	356
Scas|Scas_15786	ALC38238.1|CBM13|GT27|	84.5	647	82	4	1	641	1	635	0.0	1105
Scas|Scas_15807	AAF53070.2|GH39|	47.3	621	305	10	5	609	2	616	4.02e-202	584
Scas|Scas_15850	VDC66178.1|GH9|	56.8	403	161	6	249	646	683	1077	3.03e-151	469
Scas|Scas_15897	AFP59656.1|CBM13|GT27|	77.6	697	126	4	1	694	1	670	0.0	1113
Scas|Scas_15907	AAF46205.1|GT57|	61.3	491	184	5	27	514	2	489	2.12e-204	584
Scas|Scas_15948	AFP59562.1|GH13_17|	80.2	212	42	0	1	212	127	338	3.68e-132	387
Scas|Scas_15957	ADK37844.1|GH16_4|	52.4	334	145	5	65	397	1	321	2.18e-120	356
Scas|Scas_15995	QKX60254.1|GH76|	45.1	759	395	6	17	757	24	778	1.16e-209	630
Scas|Scas_16023	ALC46198.1|GH47|	63.2	684	193	9	33	707	32	665	3.76e-299	836
Scas|Scas_16057	CBA03971.1|GT30|	58.7	395	159	4	4	395	2	395	6.21e-153	463
Scas|Scas_16082	AFP60402.1|CBM50|	70.6	350	77	8	1	329	1	345	8.85e-144	414
Scas|Scas_16208	QCD84628.1|CBM43|	45.9	795	365	9	1	785	419	1158	1.32e-233	690
Scas|Scas_16228	CDS09169.1|GH35|	36.0	1030	560	31	35	1048	31	977	1.65e-194	597
Scas|Scas_16304	AFP60453.1|GT25|	69.8	640	190	2	1	637	1	640	0.0	937
Scas|Scas_16305	QBQ55243.1|CBM50|	33.8	798	441	19	41	818	27	757	1.16e-116	389
Scas|Scas_16328	AIT18233.1|GT4|	49.2	459	216	7	41	496	37	481	7.82e-145	428
Scas|Scas_16356	AAF47138.1|GT8|	60.9	343	112	3	100	441	137	458	7.40e-145	425
Scas|Scas_16393	QIW95080.1|GH47|	25.8	1268	795	32	40	1203	1367	2592	1.48e-107	380
Scas|Scas_16404	ARA90539.1|GH18|	71.0	303	88	0	1	303	16	318	5.08e-160	457
Scas|Scas_16408	AAV36953.1|GH13_17|	71.9	302	85	0	1	302	136	437	8.14e-170	489
Scas|Scas_16431	CAA54835.1|GT58|	65.3	518	162	5	2	518	1	501	1.67e-227	641
Scas|Scas_16439	ABC25094.1|GH18|	80.1	221	44	0	1	221	102	322	1.21e-133	382
Scas|Scas_16440	ARA90540.1|GH18|	80.4	230	39	1	1	230	10	233	2.72e-136	394
Scas|Scas_16454	CDS03696.1|GH37|	34.8	597	348	8	27	604	30	604	2.79e-125	386
Scas|Scas_16541	ARA90551.1|GH18|	81.3	434	80	1	1	433	1	434	4.85e-269	739
Scas|Scas_16559	ARA90559.1|GH20|	86.7	610	80	1	1	610	10	618	0.0	1135
Scas|Scas_16726	AFP62024.1|GT35|	94.3	844	48	0	1	844	1	844	0.0	1638
Scas|Scas_16752	ALC49449.1|GH47|	46.4	815	341	14	1	796	213	950	1.86e-228	670
Scas|Scas_16774	CDS07484.1|CBM43|GH72|	49.4	466	211	10	14	456	15	478	2.83e-149	442
Scas|Scas_16786	AFP64100.1|GH63|	91.7	168	14	0	9	176	701	868	1.17e-109	336
Scas|Scas_16787	AFP64349.1|GH63|	89.8	703	69	2	1	703	1	700	0.0	1258
Scas|Scas_16803	AWP12516.1|GT29|	39.2	627	353	10	47	669	473	1075	4.00e-136	443
Scas|Scas_16833	CUI24525.1|GH19|	61.2	312	114	3	54	359	18	328	3.74e-119	380
Scas|Scas_16834	AFP61899.1|AA3_2|	59.1	252	103	0	2	253	352	603	1.93e-107	327
Scas|Scas_16876	ADK37846.1|GH18|	88.4	292	34	0	29	320	1	292	4.89e-192	541
Scas|Scas_16894	BAA34296.1|GT4|	48.0	427	204	10	1	415	6	426	1.72e-119	361
Scas|Scas_16914	AFP63115.1|GT1|	67.3	499	160	2	48	545	1	497	5.59e-240	672
Scas|Scas_16946	VDC69778.1|CE8|	43.7	613	336	7	142	749	657	1265	7.49e-165	513
Scas|Scas_16995	CBA03971.1|GT30|	67.3	395	124	3	7	399	4	395	1.18e-179	532
Scas|Scas_16999	QIR39058.1|GH0|	35.7	1077	594	15	53	1059	10	1057	2.90e-201	614
Scas|Scas_17027	AFP62917.1|GH30_1|	78.4	439	95	0	118	556	3	441	5.62e-276	762
Scas|Scas_17061	ADK37849.1|CBM18|CE4|	62.5	280	94	5	48	322	17	290	2.62e-113	336
Scas|Scas_17131	AWP04987.1|GT13|	43.9	838	424	13	47	849	100	926	6.36e-220	672
Scas|Scas_17167	AIK23241.1|GH1|	76.1	473	113	0	29	501	24	496	9.79e-287	790
Scas|Scas_17246	AWP05996.1|GT25|	40.6	609	353	6	53	658	44	646	1.84e-156	491
Scas|Scas_17276	AAD45831.1|GT0|2.4.1.66	44.4	705	377	9	52	745	38	738	1.27e-220	640
Scas|Scas_17295	BAA01024.1|GT2|2.4.1.16	55.2	756	322	6	57	805	113	858	1.20e-280	800
Scas|Scas_17344	AWP04987.1|GT13|	42.5	690	365	10	1	668	358	1037	8.77e-186	572
Scas|Scas_17367	AHN49714.1|GH37|	92.2	587	45	1	18	604	1	586	0.0	1141
Scas|Scas_17394	AFP63905.1|GH47|	89.6	795	83	0	32	826	3	797	0.0	1419
Scas|Scas_17457	AAM33305.1|CBM48|GH13_8|	64.4	694	229	6	18	708	3	681	0.0	942
Scas|Scas_17531	ABG81487.1|GT31|	72.1	359	96	1	10	368	12	366	1.38e-166	502
Scas|Scas_17540	EAA65303.1|GT0|	46.7	876	416	11	52	912	737	1576	2.37e-252	756
Scas|Scas_17688	AMJ52391.1|GH47|	42.6	481	261	7	78	556	95	562	4.89e-126	385
Scas|Scas_17746	ADD18516.1|CBM20|	64.7	645	219	4	24	665	20	658	5.49e-314	872
Scas|Scas_17772	CAG87338.1|GT15|	53.2	340	154	3	39	376	71	407	5.48e-131	386
Scas|Scas_17794	AWP09643.1|CBM13|GT27|	63.1	390	144	0	22	411	573	962	8.09e-177	528
Scas|Scas_17906	CDS12794.1|GT39|	45.9	479	228	6	2	478	304	753	1.68e-140	426
Scas|Scas_17986	QKD62991.1|GH12|	37.8	577	347	5	251	825	1095	1661	7.00e-110	376
Scas|Scas_18056	QKD55908.1|GH18|	30.1	1148	575	29	40	1034	1114	2187	9.11e-123	420
Scas|Scas_18095	CAA54732.1|GH38|3.2.1.114	61.6	1155	390	16	1	1149	1	1108	0.0	1460
Scas|Scas_18115	ALC42124.1|GH2|	71.7	651	184	0	7	657	9	659	0.0	1010
Scas|Scas_18116	AFP59583.1|GH2|	71.3	683	179	8	1	672	2	678	0.0	1012
Scas|Scas_18154	AYV99610.1|GH20|	48.3	484	242	3	34	511	22	503	8.46e-167	486
Scas|Scas_18227	SVE84708.1|GH9|	72.5	924	246	3	9	931	412	1328	1.84e-276	811
Scas|Scas_18231	AAC39095.1|GH13_15|	70.0	476	142	1	25	500	18	492	1.67e-266	738
Scas|Scas_18232	AWP12516.1|GT29|	48.5	664	328	9	45	700	418	1075	3.27e-205	629
Scas|Scas_18366	SMR56934.1|GT22|	46.1	544	263	9	192	718	605	1135	4.60e-140	469
Scas|Scas_18369	QBQ55243.1|CBM50|	34.3	785	452	19	42	812	27	761	1.81e-111	377
Scas|Scas_18388	AIE96983.1|GT7|	35.5	1235	666	29	24	1173	3	1192	4.05e-219	689
Scas|Scas_18401	SDS23379.1|GH3|	39.6	528	300	8	1	520	232	748	3.14e-115	362
Scas|Scas_18434	QKX56076.1|GH51|	53.0	723	294	8	15	715	897	1595	9.44e-239	713
Scas|Scas_18447	CDS08031.1|GT2|	37.3	1363	711	36	24	1278	11	1337	2.02e-266	812
Scas|Scas_18451	CDS08031.1|GT2|	45.4	1547	736	24	17	1469	10	1541	0.0	1271
Scas|Scas_18452	ACP97758.1|GT2|	49.5	507	223	6	1	505	270	745	3.35e-156	468
Scas|Scas_18554	CDS02746.1|GT4|	65.2	425	146	1	8	432	2	424	3.83e-200	565
Scas|Scas_18555	AFP59880.1|GT41|	95.3	1074	47	2	1	1073	1	1072	0.0	1178
Scas|Scas_18637	AAM50292.1|GH29|3.2.1.51	69.1	463	139	2	48	508	33	493	4.30e-263	729
Scas|Scas_18650	AFP60510.1|GT1|	47.0	372	186	5	1	363	40	409	1.04e-106	326
Scas|Scas_18703	CDS03648.1|GT2|	41.5	1768	880	39	1	1637	1	1744	0.0	1222
Scas|Scas_18717	QEO24085.1|GH47|	51.1	372	173	4	6	372	837	1204	6.39e-118	374
Scas|Scas_18741	ADY41384.1|GT0|	45.5	694	311	13	11	660	363	1033	7.67e-150	465
Scas|Scas_18755	VUW72999.1|AA1|	50.3	618	268	8	174	762	28	635	8.90e-187	572
Scas|Scas_18780	AFP62166.1|GH13_17|	75.1	397	99	0	1	397	166	562	3.22e-217	611
Scas|Scas_18853	AWP02669.1|GH47|	87.8	172	21	0	1	172	1	172	7.72e-105	322
Scas|Scas_18876	AFP62856.1|GT43|	83.2	346	56	1	53	398	1	344	2.47e-217	603
Scas|Scas_18879	ADK37849.1|CBM18|CE4|	60.0	275	102	4	311	580	16	287	1.96e-107	330
Scas|Scas_18920	AFP62181.1|GT1|	79.9	503	98	2	4	503	6	508	2.42e-313	858
Scas|Scas_18948	ADD20616.1|GT1|	74.0	507	132	0	9	515	11	517	1.91e-295	813
Scas|Scas_18999	AAM50308.1|GH13_17|3.2.1.20	67.9	576	182	1	1	576	1	573	8.83e-306	844
Scas|Scas_19002	CDS10611.1|GT21|	44.3	402	211	4	19	407	11	412	4.06e-115	350
Scas|Scas_19022	AFP62244.1|GH31|	85.4	512	74	1	73	583	407	918	0.0	965
Scas|Scas_19023	AFP62244.1|GH31|	83.5	411	67	1	1	410	1	411	3.25e-251	711
Scas|Scas_19025	QKX55086.1|GH55|	47.8	604	268	8	222	784	787	1384	1.59e-184	571
Scas|Scas_19052	AHX26715.1|GT2|	32.6	789	446	15	88	815	34	797	4.59e-109	394
Scas|Scas_19077	AHX26704.1|GT2|	33.6	769	429	15	19	722	4	755	1.79e-114	395
Scas|Scas_19080	AFP61790.1|GH13_17|	77.2	460	104	1	1	459	117	576	5.15e-280	773
Scas|Scas_19095	CDS03806.1|GT48|	52.1	1752	783	17	76	1802	175	1894	0.0	1760
Scas|Scas_19098	CCA70650.1|GT48|	56.2	1138	455	10	24	1157	537	1635	0.0	1242
Scas|Scas_19160	CDS13455.1|GH63|	41.9	864	416	15	6	856	14	804	3.11e-230	672
Scas|Scas_19195	AFP59260.1|GH13_15|	80.4	500	96	1	1	498	1	500	8.93e-312	852
Scas|Scas_19214	AHX26715.1|GT2|	33.0	820	442	20	24	783	8	780	9.10e-114	399
Scas|Scas_19308	ABL63820.1|GT48|	51.0	1778	735	20	187	1924	192	1872	0.0	1693
Scas|Scas_19312	CCA70650.1|GT48|	51.6	1817	776	23	116	1910	20	1754	0.0	1772
Scas|Scas_19320	CDS12794.1|GT39|	38.3	634	352	9	1	626	150	752	4.13e-140	430
Scas|Scas_19386	ARA90557.1|CE9|	78.1	401	86	1	1	399	1	401	2.34e-240	664
Scas|Scas_19482	CDP26593.1|AA3|	38.0	632	296	19	2	571	45	642	1.24e-121	377
Scas|Scas_19485	VBB76690.1|AA3|	39.6	664	301	18	6	605	15	642	6.21e-133	408
Scas|Scas_19510	AFP60893.1|GH1|	83.1	526	85	1	1	522	3	528	0.0	931
Scas|Scas_19539	AFP62077.1|GH35|	72.2	652	178	3	34	683	1	651	0.0	1003
Scas|Scas_19569	QEL52208.1|AA1|	66.5	624	204	4	103	722	106	728	0.0	896
Scas|Scas_19699	VDC69778.1|CE8|	43.2	628	334	8	224	847	657	1265	2.73e-165	518
Scas|Scas_19749	AFP62428.1|GT1|	70.0	516	154	1	4	518	7	522	1.49e-272	755
Scas|Scas_19786	SVE94106.1|GT32|	48.6	669	325	5	5	655	113	780	6.73e-212	619
Scas|Scas_19805	AIE96983.1|GT7|	31.5	1268	710	27	125	1315	7	1192	5.26e-184	599
Scas|Scas_19821	AFP59562.1|GH13_17|	75.2	544	135	0	34	577	24	567	0.0	903
Scas|Scas_19834	EAA31326.1|GH71|	46.3	609	299	8	24	615	625	1222	1.76e-165	509
Scas|Scas_19897	VUW72999.1|AA1|	51.1	618	261	8	137	719	27	638	4.18e-189	575
Scas|Scas_19916	AWP12966.1|GT68|	28.4	1614	956	25	202	1682	2040	3587	3.80e-190	639
Scas|Scas_19933	QKX55086.1|GH55|	44.0	605	294	9	247	813	788	1385	2.36e-155	501
Scas|Scas_19954	AKH61981.1|AA1|	43.4	835	294	10	183	1014	93	751	4.64e-237	697
Scas|Scas_20019	ABC25063.1|CBM39|GH16_4|	46.3	482	243	5	27	495	9	487	6.37e-152	446
Scas|Scas_20022	AFP60283.1|GH13_17|	62.8	567	206	3	11	574	13	577	5.24e-282	783
Scas|Scas_20023	AFP60283.1|GH13_17|	80.4	577	113	0	1	577	1	577	0.0	993
Scas|Scas_20036	AFP59846.1|GT1|	68.7	469	147	0	52	520	2	470	1.66e-247	689
Scas|Scas_20042	AFP62365.1|GH13_17|	81.8	433	79	0	1	433	44	476	6.19e-280	768
Scas|Scas_20072	CDS05871.1|GT2|	54.6	773	330	5	44	808	93	852	4.99e-302	855
Scas|Scas_20073	QKX60254.1|GH76|	47.5	773	379	9	178	936	25	784	1.06e-227	683
Scas|Scas_20083	AFP61899.1|AA3_2|	61.1	609	236	1	23	630	1	609	2.67e-287	801
Scas|Scas_20118	AWP05996.1|GT25|	45.0	627	335	6	134	755	24	645	1.06e-176	548
Scas|Scas_20142	AFP62178.1|GH38|	74.5	1003	250	4	8	1007	10	1009	0.0	1536
Scas|Scas_20143	ALC39282.1|GH38|	67.3	1077	335	7	11	1083	10	1073	0.0	1488
Scas|Scas_20185	ALC43562.1|CBM14|	40.5	2037	927	41	258	2184	1	1862	0.0	1372
Scas|Scas_20298	CDS05797.1|GT24|	36.3	1513	834	35	29	1502	22	1443	5.26e-285	859
Scas|Scas_20348	QKX55195.1|GT2|	50.9	1050	430	21	14	997	420	1449	0.0	974
Scas|Scas_20349	CAC95228.2|GT2|	80.8	224	43	0	1	224	78	301	5.02e-137	397
Scas|Scas_20355	BBG97388.1|CE8|	32.4	973	588	18	76	1025	278	1203	1.34e-140	460
Scas|Scas_20406	QEC79975.1|GH3|	37.8	740	433	10	22	753	28	748	2.33e-165	500
Scas|Scas_20426	AHX26715.1|GT2|	36.8	777	400	18	72	775	35	793	4.23e-139	466
Scas|Scas_20459	CDS05327.1|GT2|	44.7	1722	876	23	37	1702	40	1741	0.0	1371
Scas|Scas_20555	CDS09089.1|GT41|	49.6	1242	475	19	76	1219	294	1482	0.0	1034
Scas|Scas_20605	CAN65410.1|GH38|	32.8	747	443	14	5	734	1075	1779	5.45e-119	400
Scas|Scas_20648	APF18717.1|GH3|	40.3	779	413	17	13	772	2	747	2.37e-186	555
Scas|Scas_20664	CDS03190.1|GH0|	41.5	889	398	15	5	774	352	1237	1.90e-196	607
Scas|Scas_20665	CDS03190.1|GH0|	74.2	345	89	0	12	356	16	360	7.36e-179	533
Scas|Scas_20753	AFP61393.1|CBM20|	76.6	692	155	4	3	692	6	692	0.0	1102
Scas|Scas_20814	AFP63393.1|CBM14|	50.7	888	355	14	48	865	52	926	1.50e-285	833
Scas|Scas_20871	CDS04937.1|GH18|	31.2	2151	1283	42	2	2023	1058	3141	5.66e-292	941
Scas|Scas_20973	AFP63940.1|GT31|	86.9	426	51	3	19	442	1	423	1.36e-277	760
Scas|Scas_21123	QDS71450.1|GH47|	57.9	330	129	2	2	328	1034	1356	7.98e-131	412
Scas|Scas_21131	QCL91286.1|CBM50|	39.3	488	273	9	36	522	27	492	5.04e-105	335
Scas|Scas_21143	CDS03631.1|GT57|	52.1	501	214	9	1	501	1	475	2.06e-161	471
Scas|Scas_21198	CCA15473.1|GH72|	56.6	389	165	4	1	386	565	952	2.21e-139	425
Scas|Scas_21295	ARA90545.1|GH18|	48.6	333	160	3	2	323	9	341	2.85e-107	324
Scas|Scas_21364	ADK37844.1|GH16_4|	50.3	334	150	8	29	359	1	321	1.09e-118	350
Scas|Scas_21420	AFP62963.1|GT21|	81.7	240	23	1	1	219	192	431	5.63e-140	402
Scas|Scas_21517	CAN65410.1|GH38|	37.0	519	307	6	86	602	1386	1886	2.46e-103	349
Scas|Scas_21590	ADK37854.1|GT2|	66.0	250	78	3	26	272	1	246	7.74e-111	328
Scas|Scas_21625	AAN10370.1|CBM13|GT27|2.4.1.41	54.1	652	285	4	6	654	19	659	4.02e-265	747
Scas|Scas_21651	ALC49763.1|CBM47|	65.2	486	75	7	1	396	505	986	1.03e-175	523
Scas|Scas_21677	CDS06898.1|GH18|	44.8	406	209	8	191	585	23	424	4.86e-113	354
Scas|Scas_21926	CDS03326.1|GH47|	51.2	473	217	7	80	544	133	599	3.34e-158	472
Scas|Scas_22106	CAC9909034.1|GT8|	66.7	402	132	2	14	414	322	722	3.77e-183	531
Scas|Scas_22289	ARA90555.1|CBM14|GH18|	71.2	281	81	0	1	281	88	368	3.19e-150	433
Scas|Scas_22298	ADD19474.1|GT31|	78.3	387	83	1	1	386	1	387	1.10e-232	643
Scas|Scas_22607	AAO41192.2|GH116|	88.7	372	42	0	1	372	466	837	1.38e-252	714
Scas|Scas_22845	AGP40408.1|GH81|	38.0	661	385	10	68	714	53	702	8.77e-148	451
Scas|Scas_22860	EGX49587.1|GT2|	66.6	440	140	3	67	499	645	1084	1.25e-202	600
Scas|Scas_23288	ABW09416.1|CBM47|	93.8	161	10	0	23	183	29	189	1.41e-103	326
Scas|Scas_23539	AFP65037.1|CBM14|GH18|	93.0	171	12	0	1	171	1421	1591	3.25e-111	351
Scas|Scas_24340	ADG50350.1|CBM47|	93.8	224	14	0	1	224	26	249	8.76e-170	471
Scas|Scas_24988	AKU79211.1|GH20|	35.8	617	306	11	14	544	21	633	3.48e-125	386
Scas|Scas_25078	AFP62402.1|GT49|	63.9	296	103	2	13	304	67	362	8.89e-140	406
Scas|Scas_25137	CAJ42055.1|GT10|	71.6	518	125	6	1	515	1	499	1.04e-276	764
Scas|Scas_25288	ADK37846.1|GH18|	64.1	290	103	1	27	315	1	290	6.72e-136	395
Scas|Scas_25357	AFP59701.1|CBM47|	87.8	312	36	2	1	311	823	1133	4.94e-193	565
Scas|Scas_25373	ARA90537.1|GH18|	91.7	363	30	0	1	363	1	363	4.68e-259	713
Scas|Scas_25498	CDS04796.1|CE9|	53.7	423	166	6	23	416	11	432	1.66e-153	445
Scas|Scas_25529	ALC41889.1|GT22|	64.1	688	244	3	1	686	1	687	0.0	933
Scas|Scas_25560	AFP60748.1|GT43|	87.7	308	38	0	1	308	1	308	7.75e-205	566
Scas|Scas_25682	BBG97388.1|CE8|	29.9	951	546	22	11	911	215	1094	3.60e-103	354
Scas|Scas_25758	QHG77622.1|CBM50|	75.9	220	52	1	34	252	56	275	1.88e-118	348
Scas|Scas_25825	ADK37847.1|GH18|	66.1	286	92	3	124	408	1	282	1.46e-129	379
Scas|Scas_25994	ALC44725.1|GT39|	69.2	354	109	0	1	354	230	583	7.51e-172	505
Scas|Scas_26068	ADK37842.1|GH16_19|	53.1	290	133	2	34	323	16	302	4.17e-112	333
Scas|Scas_26357	ALC44725.1|GT39|	62.1	311	117	1	1	310	584	894	2.17e-140	422
Scas|Scas_26411	QGI86474.1|GH125|	41.7	496	242	11	20	504	27	486	1.37e-103	337
Scas|Scas_26735	QKX53450.1|GH81|	54.9	377	146	4	63	415	970	1346	6.50e-113	364
Scas|Scas_27035	ADK37842.1|GH16_19|	53.9	271	119	3	26	294	18	284	5.53e-103	307
Scas|Scas_27106	CDS05746.1|GH5_9|	43.9	426	226	7	109	525	4	425	3.67e-135	403
Scas|Scas_27819	AFP62835.1|GT31|	78.6	224	47	1	1	223	1	224	8.67e-136	390
Scas|Scas_27903	AFP59090.1|GH85|	85.0	173	26	0	1	173	275	447	4.30e-105	312
