CAZy Family	PPR Subfamily	Gene ID	Frequency	Hits	Signature Peptides
CE0	15	EC936|EC936_002707-T1	4.7	6	GDSLSD,DSLSDT,TLHPTT,DTLHPT,FGDSLS,GRFSNG
CE4	84	EC936|EC936_005500-T1	3.42	6	GPSPYT,TFDDGP,FDDGPS,LTFDDG,DGPSPY,DDGPSP
CE4	108	EC936|EC936_003330-T1	8.02	9	GWYTGR,EEGGEN,WYTGRQ,NYEEGG,LNYEEG,YEEGGE,VLNYEE,FVLNYE,YTGRQS
CE9	48	EC936|EC936_008880-T1	5.03	11	GAEILG,DGVHVH,VTHLFN,GVHVHP,GAHLEG,AHLEGP,HLEGPF,LGAHLE,HLFNAM,THLFNA,ILGAHL
GH13	25	EC936|EC936_008701-T1	14.9	30	GTVRTK,RTKYGT,AVWIPP,TFVDNH,GYGVYD,QKGTVR,VDNHDS,ALILLR,VRTKYG,KGTVRT,VTFVDN,FDVPLH,TVRTKY,TKYGTK,AYALIL,GFRLDA,NYDYLM,DVPLHY,LGEFDQ,DNHDSQ,PCVFYG,CVFYGD,DLGEFD,YFDHPN,GNYDYL,YALILL,FVDNHD,EFDQKG,GEFDQK,NHDSQP
GH13	94	EC936|EC936_005526-T1	24.8	39	VVHSHA,DVSGMP,AEDVSG,SRLFNY,GFRFDG,ALHKMI,EWAPNA,GNEFGH,DGFRFD,YASFGY,TLTNRR,LHKMIR,DFPREG,GVTSML,VTSMLY,NEFGHP,QALVGD,FPREGN,ESHDQA,GIGFDY,LVGDKT,FGHPEW,HDQALV,EDVSGM,GGIGFD,FDGVTS,FLLSNL,ALVGDK,RFDGVT,YYASFG,DGVTSM,DQALVG,EFGHPE,SHDQAL,IGFDYR,DVVHSH,GFDYRL,FRFDGV,MAIMEH
GH132	2	EC936|EC936_001602-T1	7.19	9	WAMSPD,WCPYAC,AMLIPT,GWAMSP,GNEAML,AMSPDQ,PGNEAM,EAMLIP,NEAMLI
GH132	2	EC936|EC936_003546-T1	7.0	9	AMLIPT,CSIDPS,GNEAML,LPCSID,PCSIDP,NEAMLI,EAMLIP,GLPCSI,PGNEAM
GH133	2	EC936|EC936_002873-T1	29.0	35	YVVAEL,RCWGRD,VAPELF,DYQLRP,NCHSTP,LANNGW,IREAMQ,LIPNLL,SLIREA,HGLIPN,GTWMDK,CGTWMD,YHQGPE,TWMDKM,DKMGES,YQLRPN,DNCHST,WMDKMG,LIREAM,DCTHDN,GFRIDN,GLIPNL,QLRPNF,IDNCHS,DCVKLR,NYHQGP,RIDNCH,VVAELF,GLPHFS,NCGTWM,AAGLPH,AGLPHF,CTHDNE,HQGPEW,MDKMGE
GH15	27	EC936|EC936_004076-T1	14.5	24	AFNLDR,DIYGEL,FWLVEA,SKPVRV,PEKGGL,SAAFNL,TFWLVE,SMCTFW,FNLDRV,AAFNLD,DMSIWE,NWDYRF,IGNMRT,EKGGLT,EGAFSM,GAFSMC,FSMCTF,AFSMCT,AAPTFS,PVRVGN,KPVRVG,CTFWLV,MCTFWL,RNWDYR
GH18	32	EC936|EC936_007105-T1	6.22	7	SVFIID,VLFSHP,DFTPVC,TPVCTT,TVRSVF,PVCTTE,RSVFII
GH18	32	EC936|EC936_007089-T1	5.7	6	GIDIDW,IDIDWE,DGIDID,DIDWEY,IDWEYP,LDGIDI
GH18	44	EC936|EC936_006428-T1	4.23	9	VQFYNN,QFYNNP,CPYPDA,APQCPY,YWGQNS,AAPQCP,QCPYPD,PYPDAS,PQCPYP
GH18	44	EC936|EC936_006210-T1	2.99	8	VLDGID,AVLDGI,LLSLGG,IQFYNN,AAGSGY,YWGQNS,FIQFYN,LSLGGA
GH18	49	EC936|EC936_005596-T1	4.18	6	IDLDWE,DGIDLD,GLDGID,LDGIDL,GIDLDW,DLDWEY
GH18	51	EC936|EC936_001112-T1	9.65	14	VLLSVG,HINYAF,GIDIDW,LSVGGW,DGIDID,IDIDWE,DIDWEY,KVLLSV,THINYA,INYAFG,DWEYPG,GIPFYG,IDWEYP,LLSVGG
GH18	51	EC936|EC936_002641-T1	6.25	8	DGIDID,DIDWEY,DLDGID,LDGIDI,GIDIDW,IDWEYP,LTHINY,IDIDWE
GH18	51	EC936|EC936_007091-T1	6.2	8	GIDIDW,IDIDWE,DFVNIM,DIDWEY,DGIDID,DLDGID,IDWEYP,LDGIDI
GH18	72	EC936|EC936_001113-T1	7.9	8	GIDIDW,DGIDID,FDGIDI,WGFDGI,DIDWEY,GFDGID,IDIDWE,IDWEYP
GH18	97	EC936|EC936_001062-T1	7.72	8	SIGGWS,DLDWEF,FDGIDL,IDLDWE,GIDLDW,GFDGID,LDWEFP,DGIDLD
GH18	102	EC936|EC936_006593-T1	10.5	24	TNGCIS,LHGQWD,IDWEYP,YDLHGQ,PDIPGI,EYPGAP,PGAPDI,QWDYGN,NGCISN,PASYWY,GAPDIP,LKGFPI,HGQWDY,DIPGIP,DWEYPG,GQWDYG,ASYWYL,SYWYLK,WYLKGF,DLHGQW,YPGAPD,GCISNC,WEYPGA,YLKGFP
GH18	102	EC936|EC936_005883-T1	9.87	19	DWEYPG,DIDWEY,PLNACC,MTYDLH,HGQWDY,SIAAPA,TYDLHG,DLHGQW,APASYW,IAAPAS,AAPASY,PASYWY,LHGQWD,CPLNAC,TGAPGT,ASYWYL,SYWYLK,YDLHGQ,IDWEYP
GH18	102	EC936|EC936_007782-T1	3.1	8	YIVYMT,IAAPAS,VYMTYD,LRSHVN,SIAAPA,DYIVYM,IVYMTY,FDWEYP
GH18	102	EC936|EC936_006587-T1	2.88	6	SYWYLK,IDWEYP,EYPGAP,WEYPGA,DWEYPG,TGAPGT
GH18	127	EC936|EC936_003656-T1	2.8	6	WEYPGR,KILISI,ILISIG,DWEYPG,ISIGGW,LISIGG
GH20	14	EC936|EC936_002890-T1	6.45	15	KPFGWE,PCIQTL,FGYMRG,MIWSDM,LVYWDY,YWDYYH,VPCIQT,YTEDTY,MLYTED,LYTEDT,IQTLGH,VYWDYY,QTLGHL,PMIWSD,CIQTLG
GH20	18	EC936|EC936_000822-T1	4.23	9	ALRGLE,LLDTSR,DTSRHY,GALRGL,WGALRG,LDTSRH,VWGALR,NVFHWH,LRGLET
GH25	66	EC936|EC936_007666-T1	5.18	7	TLPGAL,NGGGWS,DGKTLP,LPGALD,KTLPGA,GKTLPG,GAYHFA
GH3	9	EC936|EC936_000004-T1	5.35	8	NPSGKL,VNPSGK,HGLSYT,SGKLPV,GKLPVT,GHGLSY,FGHGLS,PSGKLP
GH3	9	EC936|EC936_000005-T1	5.08	8	NPSGKL,VNPSGK,HGLSYT,KVNPSG,GKVNPS,GHGLSY,FGHGLS,PSGKLP
GH3	9	EC936|EC936_000006-T1	5.08	8	NPSGKL,VNPSGK,HGLSYT,KVNPSG,GKVNPS,GHGLSY,FGHGLS,PSGKLP
GH31	7	EC936|EC936_008061-T1	16.7	29	AHIDTK,PFFRAH,NDMNEP,EPSVFN,HQCRWN,DTKRRE,TKRREP,RWYQAG,DVGGFF,PSVFNG,HAHIDT,QCRWNY,SVFNGP,KKYFTW,VFNGPE,YHQCRW,HIDTKR,LLVKPV,ADVGGF,RAHAHI,WNDMNE,DMNEPS,GADVGG,AHAHID,FFRAHA,IDTKRR,MNEPSV,NEPSVF,FRAHAH
GH31	54	EC936|EC936_003306-T1	17.6	28	GWMLVN,LDVAWV,DIDGIF,DGYGCG,FLVAPV,DKQPWR,GVRVRK,GIFGGS,NSDARG,NDGYGC,VRVRKL,DGIFGG,RVRKLD,INRKYL,LVNDGY,VRKLDV,NTFAPG,MTMSGW,WMLVND,RKLDVA,GDIDGI,GYGCGY,IDGIFG,VNDGYG,KLDVAW,MLVNDG,RNTFAP,DVAWVG
GH31	54	EC936|EC936_003305-T1	4.12	7	VRVRKL,DKQPWR,RVRKLD,INRKYL,GVRVRK,RNTFAP,NTFAPG
GH35	18	EC936|EC936_002043-T1	3.94	6	SGEFHY,GGFPLW,YGGTNW,GEFHYW,EFHYWR,GGTNWG
GH37	2	EC936|EC936_004839-T1	26.8	31	SNLLQE,NLLQEL,RSQPPF,VPGGRF,GHDTTY,HDTTYR,NRSYYL,YMLSNL,YGWDSY,PGGRFN,SQPPFL,RGTYML,GGRFNE,LAYRWL,SGHDTT,TYMLSN,KILNAN,ESGHDT,ANRSYY,RLAYRW,GTYMLS,GWAPHQ,VRESGH,MLSNLL,LNANRS,LSNLLQ,QPPFLT,NANRSY,RQWDYP,RESGHD,ILNANR
GH37	4	EC936|EC936_006147-T1	9.04	24	PRPESY,GGEYEV,KTFVDM,NRSQPP,PVDLNA,VPGGRF,SKTFVD,LNRSQP,QTGFGW,YLNRSQ,IPVDLN,GWTNGV,GGRFRE,YYLNRS,DSKTFV,GGGGEY,PGGRFR,FGWTNG,RSQPPL,QPPLLS,GFGWTN,EFYYWD,GFVPNG,SQPPLL
GH38	5	EC936|EC936_006912-T1	10.0	23	DTAWLW,CHIDTA,DGGGGP,LPDTFG,FLKVEF,LSWNNI,FHDVLP,WLPDTF,HDVLPG,SWNNIN,IDTAWL,FWLPDT,HIDTAW,PDTFGY,QFHDVL,GDGGGG,TAWLWP,KLSWNN,AKFEVC,QKLSWN,TQKLSW,HRGTYT,RLSLLR
GH38	5	EC936|EC936_008572-T1	9.69	23	GDGGGG,TAWLWP,IDTAWL,LKVEFP,DTFGYS,CHIDTA,NDCKYG,WLPDTF,LNDCKY,DGGGGP,LPDTFG,DTAWLW,FGYSSQ,PDTFGY,FHDVLP,HIDTAW,AKFEVC,QFHDVL,SWNNIN,TFGYSS,FWLPDT,HDVLPG,HRGTYT
GH47	1	EC936|EC936_004339-T1	7.27	15	VFETTI,AETLKY,FYEYLL,LKYLYL,TLKYLY,ETLKYL,VFNTEA,NTEAHP,SFYEYL,FETTIR,DSFYEY,GDSFYE,LAETLK,FNTEAH,YEYLLK
GH47	1	EC936|EC936_008138-T1	5.74	11	AETLKY,GDSFYE,FNTEAH,LAETLK,NTEAHP,VFNTEA,ETLKYL,DSFYEY,LKYLYL,SFYEYL,TLKYLY
GH47	2	EC936|EC936_005588-T1	5.05	12	VLNTEA,ETLKYF,YEYLIK,NTEAHP,TLKYFY,LKYFYL,LAETLK,FETTIR,LNTEAH,LGGLLS,VFETTI,AETLKY
GH47	5	EC936|EC936_006163-T1	7.0	7	GAMGDS,AMGDSF,FGAMGD,SFYEYL,DSFYEY,MGDSFY,GDSFYE
GH47	13	EC936|EC936_004952-T1	10.7	17	LKYLYL,TGIPFA,LGGLLS,LVDSLD,TLKYLY,ETLKYL,GLLSGH,GIPFAR,LTLVDS,SETLKY,VDSLDT,TLVDSL,PTGIPF,RLLPAF,YPLRPE,GGLLSG,TLSRLT
GH5	5	EC936|EC936_001573-T1	10.3	15	IPIGYW,GWLVLE,GFDNSG,VNLGGW,SQNGFD,RIPIGY,GVNLGG,PGSQNG,QNGFDN,GSQNGF,LGGWLV,GGWLVL,NGFDNS,PIGYWA,IGYWAF
GH5	5	EC936|EC936_001534-T1	8.74	13	GFDNSG,PIGYWA,NGFDNS,PGSQNG,GSQNGF,VNLGGW,GVNLGG,SQNGFD,IGYWAF,QNGFDN,GGWLVL,GWLVLE,LGGWLV
GH5	5	EC936|EC936_004953-T1	7.98	12	GFDNSG,VNLGGW,PGSQNG,ITPSLF,NGFDNS,SQNGFD,QNGFDN,GWLVLE,LGGWLV,GSQNGF,GGWLVL,GVNLGG
GH5	19	EC936|EC936_003693-T1	7.96	10	HQDVWS,VWSRFS,DPHQDV,RFSGGS,FSGGSG,SRFSGG,PHQDVW,QDVWSR,DVWSRF,WSRFSG
GH5	20	EC936|EC936_005700-T1	10.3	22	WNHSGR,NLGGWL,HGAPGS,FITPSL,VNLGGW,PFITPS,ITPSLF,GWNHSG,KYGLRV,APGSQN,RGVNLG,RKYGLR,WARKYG,EPFITP,QNGWNH,GAPGSQ,NGWNHS,SQNGWN,GVNLGG,GSQNGW,PGSQNG,ARKYGL
GH5	20	EC936|EC936_007862-T1	6.33	12	VNLGGW,WNHSGR,NGWNHS,PGSQNG,GSQNGW,GWNHSG,NLGGWL,APGSQN,RGVNLG,SQNGWN,QNGWNH,GVNLGG
GH5	20	EC936|EC936_007863-T1	5.82	11	VNLGGW,NGWNHS,PGSQNG,GSQNGW,GWNHSG,NLGGWL,APGSQN,RGVNLG,SQNGWN,QNGWNH,GVNLGG
GH63	2	EC936|EC936_006021-T1	15.5	21	DEGFHQ,QILGDE,FFPRGF,ANPPTL,LWDEGF,FLWDEG,RGFLWD,GFLWDE,PREQIL,WIPREQ,IPREQI,EGFHQL,EQILGD,GWIPRE,PRGFLW,ILGDEA,REQILG,FPRGFL,WDEGFH,TAVPSR,LGDEAR
GH72	1	EC936|EC936_008596-T1	4.14	10	FFSEYG,IYLILD,GIYLIL,FSEYGC,PVFFSE,VFSGGL,IPVFFS,YQPGGS,SEYGCN,FAGNEV
GH72	1	EC936|EC936_008597-T1	4.14	8	FFSEYG,FSEYGC,PVFFSE,IPVFFS,YQPGGS,SEYGCN,IPVGYS,FAGNEV
GH72	1	EC936|EC936_008593-T1	4.03	9	FFSEYG,FSEYGC,PVFFSE,VFSGGL,IPVFFS,YQPGGS,SEYGCN,FAGNEV,NNYGLV
GH72	2	EC936|EC936_008598-T1	6.11	11	NTIRVY,NIYSWC,AGIYVI,SWCGDS,GYNIYS,IYSWCG,YNIYSW,FAGNEV,DAGIYV,KGVAYQ,YSWCGD
GH81	4	EC936|EC936_008198-T1	5.47	6	HHFHYG,FHYGYF,HFHYGY,NDHHFH,HSWASG,DHHFHY
AA3	6	EC936|EC936_005710-T1	2.62	6	IVVGSG,RVRGVK,TLLIEA,FRVRGV,YIVVGS,LLIEAG
AA6	2	EC936|EC936_008951-T1	4.24	7	GGSPYG,GSPYGA,FPTRFG,LFGFPT,GGQETT,FGFPTR,GFPTRF
PL0	8	EC936|EC936_000930-T1	3.19	6	EAGPPG,AGPPGP,PKGDTG,GPKGDT,GEAGPP,QGPPGP
GT1	94	EC936|EC936_003035-T1	11.5	12	SAVVHH,GAGTTA,HHGGAG,YIGFGS,VYIGFG,PPVYIG,PVYIGF,AVVHHG,GGAGTT,VVHHGG,VHHGGA,HGGAGT
GT15	1	EC936|EC936_002095-T1	13.9	28	WSNFEI,KKYGFT,NKKYGF,RHMCRF,CHFWSN,DAPVHS,RWGDAP,APVHSI,FWSNFE,YRHMCR,WRVEPD,PYVFLN,FYERWG,FFYERW,YWRVEP,SNFEIG,LEDRFN,SYRHMC,YERWGD,GDAPVH,GFFYER,YPYVFL,ERWGDA,TIPTLW,WGDAPV,GGFFYE,SGFFFR,HFWSNF
GT15	1	EC936|EC936_002791-T1	13.4	25	YRHMCR,SNFEIA,PYVFLN,GDAPVH,LEDRFN,WGDAPV,TIPTLW,YWRVEP,GFFYER,ERWGDA,FYERWG,RWGDAP,SYRHMC,APVHSI,YPYVFL,RHMCRF,DAPVHS,GGFFYE,HFWSNF,FFYERW,CHFWSN,YERWGD,WSNFEI,YVFLND,FWSNFE
GT15	1	EC936|EC936_002094-T1	11.2	25	KKYGFT,WTNFEI,DAPVHS,RWGDAP,APVHSI,YRHMCR,WRVEPD,PYVFLN,FYERWG,FFYERW,YWRVEP,LEDRFN,FWTNFE,HFWTNF,SYRHMC,YERWGD,GDAPVH,GFFYER,YPYVFL,ERWGDA,SGFFFR,WGDAPV,CHFWTN,GGFFYE,PKEHWS
GT15	1	EC936|EC936_002097-T1	11.0	25	WYWRVE,KKYGFT,RHMCRF,WTNFEI,DAPVHS,RWGDAP,YRHMCR,WRVEPD,FYERWG,FFYERW,YWRVEP,LEDRFN,YEWYWR,FWTNFE,HFWTNF,SYRHMC,YERWGD,GDAPVH,GFFYER,ERWGDA,TIPTLW,WGDAPV,CHFWTN,GGFFYE,SGFFFR
GT15	1	EC936|EC936_002100-T1	10.1	21	WSNFEI,RHMCRF,RWGDAP,YRHMCR,YVFLND,WRVEPD,PYVFLN,FYERWG,FFYERW,YWRVEP,SYRHMC,SNFEIA,YERWGD,GDAPVH,GFFYER,YPYVFL,ERWGDA,TIPTLW,WGDAPV,GGFFYE,SGFFFR
GT15	1	EC936|EC936_008053-T1	9.58	20	WGDAPV,APVHSI,ERWGDA,DAPVHS,WTNFEI,YRHMCR,YPYVFL,SGFFFR,FWTNFE,HFWTNF,YWRVEP,GDAPVH,PYVFLN,YERWGD,RHMCRF,CHFWTN,FYERWG,YVFLND,SYRHMC,RWGDAP
GT15	1	EC936|EC936_007251-T1	9.0	16	ERWGDA,SNFEIA,WSNFEI,CHFWSN,YRHMCR,SYRHMC,FYERWG,HFWSNF,YERWGD,RWGDAP,GGFFYE,GFFYER,WRVEPD,FWSNFE,YWRVEP,FFYERW
GT15	1	EC936|EC936_002093-T1	8.34	21	KKYGFT,NKKYGF,WTNFEI,RWGDAP,YRHMCR,YVFLND,WRVEPD,PYVFLN,FYERWG,FFYERW,YWRVEP,FWTNFE,HFWTNF,SYRHMC,YERWGD,GFFYER,YPYVFL,ERWGDA,CHFWTN,GGFFYE,SGFFFR
GT15	1	EC936|EC936_007250-T1	7.05	16	ERWGDA,PYVFLN,RHMCRF,YRHMCR,YPYVFL,SYRHMC,FYERWG,YVFLND,YERWGD,RWGDAP,GGFFYE,NKKYGF,GFFYER,KKYGFT,YWRVEP,FFYERW
GT15	1	EC936|EC936_007249-T1	6.82	15	ERWGDA,PYVFLN,CRFYSG,RHMCRF,YRHMCR,YPYVFL,SYRHMC,FYERWG,MCRFYS,YERWGD,RWGDAP,GGFFYE,GFFYER,YWRVEP,FFYERW
GT15	1	EC936|EC936_008363-T1	3.88	6	CHFWSN,HFWSNF,NLCHFW,YNLCHF,LCHFWS,FWSNFE
GT2	9	EC936|EC936_006298-T1	25.5	42	QNFEYK,VSWGTK,NILDKP,HDVSWG,LAEDRI,EDRILC,KMSNIL,SVLPGA,ISQRRR,ISVLPG,MYLAED,VLPGAF,GACGEI,DKPLES,LLNPLV,AEDRIL,LDKPLE,YLAEDR,EYKMSN,TMYNED,SNILDK,RWLNGS,MSNILD,YKMSNI,GAFSAY,GGACGE,SQRRRW,QRRRWL,DRILCF,AFSAYR,PGAFSA,ILDKPL,FEYKMS,RILCFE,DVSWGT,NMYLAE,SWGTKG,RRRWLN,WLNGSF,LPGAFS,RRWLNG,LNPLVA
GT2	122	EC936|EC936_001181-T1	11.1	22	PTYNER,KLGLGT,GKLGLG,SFRLYK,VTGTRY,HHPKFI,KGYVFQ,HPKFIP,TDLTGS,DLTGSF,LTGSFR,YVFQME,GYVFQM,ITFVDR,VFQMEM,LGLGTA,GSFRLY,LPTYNE,SHHPKF,SKGYVF,TGSFRL,GLGTAY
GT2	161	EC936|EC936_003780-T1	36.2	56	LGEDRY,KKNLLL,INSTVH,GLCGET,HKKNLL,GEDRYL,YYISHH,LLLLGE,CGTFCF,KNLLLL,TKIANK,KPGNRG,TLHKKN,DADTKV,LHKKNL,FDDFSW,CLPGCF,RWINST,LMVDAD,STVHNL,KRHNMA,CGETKI,LLGEDR,FCFSMQ,LCGTFC,EYYISH,WINSTV,VDADTK,NLLLLG,TFPKRK,ETKIAN,DDFSWG,VTCLPG,NSTVHN,IQVFEY,DLCGTF,CFSMQF,QRRRWI,GNRGKR,TFCFSM,LCGETK,NRGKRD,SQRRRW,RRWINS,LLSQRR,TCLPGC,GETKIA,LLLGED,LSQRRR,MVDADT,RHNMAK,PGNRGK,MGLCGE,RRRWIN,GTFCFS,FSMQFV
GT2	161	EC936|EC936_007864-T1	32.5	48	RGKRDS,LSQRRR,VTCLPG,WNFVLP,TCLPGC,TKIANK,PGNRGK,LLSQRR,KPGNRG,EYYISH,DADTKV,NLLLLG,GLCGET,SQRRRW,LCGTFC,GKRDSQ,CGTFCF,MGLCGE,GNRGKR,CFSMQF,LCGETK,GTFCFS,IQVFEY,YYISHH,RWINST,CLPGCF,RRRWIN,TFCFSM,QRRRWI,KNLLLL,INSTVH,RRWINS,LMVDAD,NRGKRD,FCFSMQ,WINSTV,STVHNL,LLLGED,VDADTK,FSMQFV,CGETKI,VLLSQR,LLGEDR,MVDADT,NSTVHN,ETKIAN,LLLLGE,GETKIA
GT2	161	EC936|EC936_003268-T1	29.1	43	LCGETK,SQRRRW,RRWINS,LSQRRR,IQVFEY,GETKIA,CGTFCF,GKRDSQ,LLLLGE,CLPGCF,CGETKI,VLLSQR,GLCGET,RRRWIN,FCFSMQ,GTFCFS,TCLPGC,LLLGED,LLGEDR,TFCFSM,LMVDAD,NRGKRD,KNLLLL,RWINST,VDADTK,QRRRWI,NLLLLG,IMGLCG,GNRGKR,LLSQRR,EYYISH,CFSMQF,MGLCGE,DADTKV,VTCLPG,KPGNRG,RGKRDS,LCGTFC,PGNRGK,YYISHH,TKIANK,ETKIAN,MVDADT
GT2	161	EC936|EC936_000352-T1	25.9	36	LMVDAD,DDFSWG,NRGKRD,KRDSQI,FDDFSW,LLSQRR,MVDADT,LGEDRY,GEDRYL,YYISHH,FGSVTC,SQRRRW,LPGCFS,MGLCGE,PGCFSM,QRRRWI,RWINST,TLHKKN,AKAFES,GNRGKR,GSVTCL,TCLPGC,PGNRGK,CLPGCF,HKKNLL,RRWINS,LSQRRR,MAWREK,EYYISH,GKRDSQ,LHKKNL,GLCGET,VTCLPG,RRRWIN,SVTCLP,RGKRDS
GT2	161	EC936|EC936_000355-T1	25.9	36	LMVDAD,DDFSWG,NRGKRD,KRDSQI,FDDFSW,LLSQRR,MVDADT,LGEDRY,GEDRYL,YYISHH,FGSVTC,SQRRRW,LPGCFS,MGLCGE,PGCFSM,QRRRWI,RWINST,TLHKKN,AKAFES,GNRGKR,GSVTCL,TCLPGC,PGNRGK,CLPGCF,HKKNLL,RRWINS,LSQRRR,MAWREK,EYYISH,GKRDSQ,LHKKNL,GLCGET,VTCLPG,RRRWIN,SVTCLP,RGKRDS
GT2	161	EC936|EC936_006664-T1	25.6	35	TLHKKN,SVTCLP,GSVTCL,GKRDSQ,RWINST,QRRRWI,VTCLPG,RRRWIN,LPGCFS,MAWREK,LLSQRR,KRDSQI,RRWINS,EYYISH,HKKNLL,LMVDAD,MVDADT,LSQRRR,TCLPGC,NRGKRD,GEDRYL,PGNRGK,VLLSQR,SQRRRW,FDDFSW,GNRGKR,DDFSWG,MGLCGE,CLPGCF,FGSVTC,GLCGET,RGKRDS,LHKKNL,LGEDRY,YYISHH
GT2	161	EC936|EC936_000771-T1	24.6	34	VLLSQR,DDFSWG,LLSQRR,RGKRDS,LMVDAD,KKNLLL,SQRRRW,MGLCGE,YYISHH,FDDFSW,KNLLLL,QRRRWI,MVDADT,CLPGCF,VTCLPG,LGEDRY,GNRGKR,LLGEDR,RRWINS,LLLGED,TCLPGC,LLLLGE,GEDRYL,NLLLLG,RRRWIN,RWINST,HKKNLL,TLHKKN,LHKKNL,GKRDSQ,GLCGET,NRGKRD,LSQRRR,EYYISH
GT2	161	EC936|EC936_002083-T1	23.9	31	RGKRDS,AKAFES,LMVDAD,DDFSWG,MAWREK,RRWINS,VLLSQR,STVHNL,VTCLPG,TLHKKN,RWINST,INSTVH,LLSQRR,CLPGCF,GKRDSQ,TCLPGC,LGEDRY,QRRRWI,GEDRYL,MVDADT,LSQRRR,SQRRRW,FDDFSW,NRGKRD,PGNRGK,LHKKNL,GNRGKR,HKKNLL,WINSTV,NSTVHN,RRRWIN
GT2	161	EC936|EC936_004265-T1	23.9	31	MVDADT,GNRGKR,RRRWIN,PGNRGK,MAWREK,AKAFES,LLSQRR,CLPGCF,RGKRDS,HKKNLL,VLLSQR,NSTVHN,INSTVH,NRGKRD,VTCLPG,GEDRYL,TLHKKN,LGEDRY,LHKKNL,LMVDAD,WINSTV,SQRRRW,FDDFSW,DDFSWG,STVHNL,RRWINS,RWINST,GKRDSQ,LSQRRR,TCLPGC,QRRRWI
GT2	161	EC936|EC936_002843-T1	20.5	26	RGKRDS,KRDSQI,VTCLPG,GEDRYL,YYISHH,KPGNRG,VLLSQR,RWINST,QRRRWI,EYYISH,GKRDSQ,DDFSWG,LGEDRY,RRWINS,MVDADT,LLSQRR,TCLPGC,CLPGCF,RRRWIN,LMVDAD,GLCGET,LSQRRR,SQRRRW,NRGKRD,GNRGKR,PGNRGK
GT2	161	EC936|EC936_003377-T1	16.8	21	FDDFSW,DDFSWG,SQRRRW,RRWINS,CLPGCF,RRRWIN,TCLPGC,GSVTCL,NRGKRD,FGSVTC,RWINST,LGEDRY,QRRRWI,GEDRYL,GNRGKR,SVTCLP,VTCLPG,RGKRDS,PGNRGK,MAWREK,GKRDSQ
GT20	2	EC936|EC936_002316-T1	28.7	50	HTPFPS,LFHYHP,GVDRLD,LHTPFP,SSEIYR,FPSSEI,DYIKGV,DYHLML,PSSEIY,DVEEYQ,QVAVPS,PLFHYH,HDYHLM,FHTYDY,LDYIKG,RHFLSS,VGVDRL,VDRLDY,SSGGLV,YRILPV,PFPSSE,IYRILP,YIKGVP,KVVLVQ,VAVPSR,DGMNLV,LWPLFH,MSSGGL,VGRING,ILWPLF,GFHTYD,GMNLVS,STRDGM,TPFPSS,RDGMNL,RILPVR,GAAQSL,SEIYRI,RLDYIK,MNLVSY,WPLFHY,FLHTPF,GKVVLV,SILWPL,TRDGMN,EIYRIL,NSILWP,DRLDYI,FPIGID,NLVSYE
GT20	4	EC936|EC936_002369-T1	19.8	24	LGLSAE,KGEIVK,AEHGCF,SAEHGC,RDGMNT,WIISGR,ISGRDQ,GLSAEH,LSAEHG,LILSEF,SVRDGM,TSVRDG,YDGTLT,FDYDGT,DGMNTT,VRDGMN,TDEDMF,DEDMFR,LTWHYR,NIEVRP,DYDGTL,LFDYDG,NKGEIV,IISGRD
GT22	2	EC936|EC936_000276-T1	11.5	13	ETFNYW,DETFNY,ILGWPF,TWEYSP,FNYWEP,HKEERF,KEERFL,PHKEER,QTWEYS,TFNYWE,EERFLY,CDETFN,QPHKEE
GT24	1	EC936|EC936_003835-T1	32.3	47	PQEWLW,NLGYFQ,LDVLFP,YKILFL,KILFLD,ISALYV,ASGHLY,VKFWFI,QEWLWC,HISALY,LYVVDL,IWGYKI,ILFLDV,SLPQEW,VIFVDA,DQDLPN,AKTIDL,FVDADQ,MANLGY,GHLYER,SALYVV,LFLDVL,VASGHL,SGHLYE,IDLCNN,HLYERF,ALYVVD,PYHISA,EWLWCE,LPQEWL,LWCETW,KVIFVD,WGYKIL,GYKILF,DLCNNP,YHISAL,DVLFPL,LYERFL,IFVDAD,KTIDLC,WCETWC,WLWCET,FLDVLF,LDQDLP,TIDLCN,TKEPKL,NLDQDL
GT3	1	EC936|EC936_001516-T1	35.7	55	HLGVFP,FVRGCH,LLGRYL,YTPAEC,SYYEPW,TTHATL,YYEPWG,ATLLGR,FHPEFL,RNRTER,RYLCAG,ERAAAH,PNGLNV,EPWGYT,FQNLHA,LLKRKP,HLLKRK,NRTERL,PAECTV,GHFYGH,YEPWGY,PWGYTP,THATLL,TPAECT,VFTTVS,QRNRTE,LKRKPD,PSYYEP,GYTPAE,TLLGRY,AGRYEF,CHLGVF,EHLLKR,EFVRGC,WGYTPA,RGCHLG,HEFQNL,EFQNLH,IFHPEF,RGHFYG,FTTHAT,IFTTHA,IYHRYC,HATLLG,VRGCHL,ECTVMG,FPSYYE,VFPSYY,LGVFPS,RTERLS,LGRYLC,AECTVM,GCHLGV,GVFPSY,GRYLCA
GT33	2	EC936|EC936_004162-T1	11.4	22	GDIGRS,PRMQYH,GLDLPM,ITGKGP,IGRSPR,LDLPMK,MKVVDM,RMQYHA,DIGRSP,SSTSWT,GRSPRM,SGLDLP,IITGKG,RSPRMQ,SSGLDL,SSSGLD,LPMKVV,PMKVVD,VLGDIG,DLPMKV,LGDIGR,SPRMQY
GT39	2	EC936|EC936_001690-T1	10.2	19	LHHYLP,DVHPPL,FDEVHF,FLHHYL,VFDEVH,EVHFGK,FGKFAS,VHFGKF,HFGKFA,HDVASP,HHYLPA,VHPPLA,FDVHPP,HPPLAK,KFASYY,RLILLD,DEVHFG,VVFDEV,GKFASY
GT39	2	EC936|EC936_007815-T1	7.9	16	VVFDEV,DVHPPL,DEVHFG,KWVGLF,FDEVHF,HFGGFA,EVHFGG,SVVFDE,VFDEVH,FDVHPP,WVGLFT,VHPPLA,QQQITL,HPPLAK,QQITLY,VHFGGF
GT39	3	EC936|EC936_003405-T1	20.1	23	WDEAHF,VWDEAH,VVWDEA,PALYFA,HDVHPP,YHDVHP,FYHDVH,GKMLVG,DVHPPL,PPLGKM,PLGKML,HFGKFG,EAHFGK,VHPPLG,KFGSYY,FILLDS,LGKMLV,DEAHFG,HPPLGK,AHFGKF,GKFGSY,FGKFGS,KMLVGL
GT39	3	EC936|EC936_001144-T1	11.0	13	GKMLVG,LGKMLV,PPLGKM,YHDVHP,FYHDVH,HPPLGK,PALYFA,VHPPLG,HFGKFG,PLGKML,FGKFGS,HDVHPP,DVHPPL
GT4	15	EC936|EC936_004171-T1	4.06	10	SYHTRF,QVNGVV,FTTSYH,YHTRFP,TSYHTR,HTRFPE,PFTTSY,PQVNGV,TTSYHT,VVGDGP
GT4	109	EC936|EC936_001352-T1	5.91	11	QFRPEK,AGGGGE,FFHPYC,AQFRPE,TLLGQS,VYPPCD,YVHYPT,LLGQSL,HYPTIS,VHYPTI,GFFHPY
GT4	145	EC936|EC936_004708-T1	15.5	22	DLGIGG,GGYDER,GGAERL,PDLGIG,GDFLPT,YCHFPD,IHPDLG,FIHPDL,GGPLET,GYDERV,EHFGIV,LGIGGA,GIGGAE,ENVEYL,IGGAER,AFIHPD,HFGIVP,FYCHFP,HPDLGI,IAFIHP,SINRFE,PVLAVN
GT4	169	EC936|EC936_005493-T1	8.67	10	FTDHSL,GGIPEV,VVIITH,VIPNAV,GIPEVL,IPNAVV,IPEVLP,SLTEAF,VGGIPE,SVIPNA
GT41	17	EC936|EC936_007570-T1	22.8	26	HLMQSV,LGSLLK,YVSSDF,SDFNNH,TNLGSL,LMQSVF,SSDFNN,PTVLPF,GSLLKD,FNNHPL,FNQLYK,GYVSSD,CNAHTT,DFNNHP,NAHTTA,PFHTFT,NQLYKI,TVLPFH,ECNAHT,MQSVFG,LPFHTF,VLPFHT,LYYLSL,NLGSLL,NFNQLY,NLNGYT
GT48	1	EC936|EC936_008854-T1	35.2	46	GLHLNE,KEQTFG,FLDTYL,GKGRDL,REYIFS,HLNEDI,LHYGHP,YGHPDF,TYLWYI,PILGDG,RLPKRI,KSDNQN,CGKGRD,QTFGTL,NPILGD,GKSDNQ,DGKSDN,DNYLEE,GNPILG,GKEQTF,LDTYLW,DTYLWY,QCGKGR,ILGDGK,LHLNED,EYIFSE,DANQDN,LGDGKS,AGKEQT,LPKRIY,ANQDNY,AAGKEQ,LNEDIY,QTLYRT,EQTFGT,GRDLGF,HYGHPD,FFLDTY,GDGKSD,KGRDLG,LRTRIW,NQDNYL,QDNYLE,NEDIYA,EDIYAG,YIFSEN
GT48	1	EC936|EC936_004099-T1	33.0	43	LHYGHP,GGKLHY,AAGKEQ,PILGDG,LHLNED,ANQDNY,SMYREH,GLHLNE,HYGHPD,REYIFS,LFFLDT,QCGKGR,QDNYLE,QTLYRT,GKEQTF,YIFSEN,GRDLGF,DNYLEE,AGKEQT,EQTFGT,NEDIYA,FFLDTY,GKGRDL,KEQTFG,LRTRIW,EYIFSE,KGRDLG,ISMYRE,YREHLL,GKLHYG,MYREHL,KLHYGH,ILGDGK,LNEDIY,EDIYAG,CGKGRD,FFAQSL,SILTPW,YGHPDF,HLNEDI,RLPKRI,DANQDN,NQDNYL
GT57	1	EC936|EC936_001206-T1	22.5	29	YPPLTA,GLDYPP,IDHGHF,HWMEIT,LDYPPL,GDFEAQ,QRHWME,GHFQYN,WGLDYP,PLLKKD,FQVHEK,LIDHGH,DFEAQR,DHGHFQ,AQRHWM,EDKVAN,FEAQRH,RHWMEI,HEKTIL,LLKKDG,VHEKTI,PLLPIT,QVHEKT,LKKDGL,YWGLDY,HGHFQY,DYPPLT,SFQVHE,EAQRHW
GT57	2	EC936|EC936_002948-T1	20.6	24	APNFWA,SRLFPF,HAYWAP,WAPNFW,DYPPFF,LFGWHV,PNFWAL,FGWHVH,YPPFFA,NFWALY,NWLAIT,TLDYPP,FQYNGF,AYWAPN,HVHEKA,GWHVHE,HRNWLA,RNWLAI,WHVHEK,VHRNWL,YWAPNF,HFQYNG,WTLDYP,LDYPPF
GT59	2	EC936|EC936_005475-T1	3.27	7	YMDEIF,TTPPGL,TPPGLY,GDKSNH,PYMDEI,VLGDKS,MDEIFH
GT66	1	EC936|EC936_008550-T1	40.9	55	FDPWFN,WDYGYQ,IIASVS,PIIASV,RSVAGS,DFREAY,IHEFDP,YFYMVS,PGYISR,AGVMVR,GVMVRL,SVAGSY,DINKFL,IPIIAS,GRFYSL,PWTGRF,GSYDNE,WWDYGY,TWNNTH,DVDYVL,ISRSVA,YFAGVM,YISRSV,VAGSYD,DDFREA,NKFLWM,AGSYDN,TGRFYS,INKFLW,VSEHQP,RFYSLW,GYISRS,HIPIIA,FAGVMV,YSLWDT,DDINKF,IASVSE,VDNNTW,EAYYWL,HEFDPW,REAYYW,AWGGYV,ASVSEH,WYPLGR,SVSEHQ,DNNTWN,SRSVAG,NTWNNT,WTGRFY,NNTHIA,EFDPWF,FYSLWD,NNTWNN,WNNTHI,AYYWLR
GT8	39	EC936|EC936_008861-T1	12.5	17	WPDCFN,FNSGVF,DGGDQG,FDGGDQ,ADTLVL,DADTLV,GGDQGL,DCFNSG,PDCFNS,GWPDCF,CFNSGV,PELGVT,GDQGLL,RPELGV,DQGLLN,GSFDGG,SFDGGD
CBM1	13	EC936|EC936_006428-T1	5.68	10	VQFYNN,DNWAKT,AAPQCP,SFGGVM,PQCPYP,SSFGGV,QCPYPD,YWGQNS,APQCPY,WDNWAK
CBM12	6	EC936|EC936_001112-T1	7.66	9	FDGIDI,HINYAF,GIDIDW,DIDWEY,IDWEYP,THINYA,IDIDWE,DGIDID,INYAFG
CBM12	6	EC936|EC936_007089-T1	6.55	8	LISLGG,SLGGWT,GIDIDW,ISLGGW,DIDWEY,DGIDID,IDWEYP,IDIDWE
CBM12	6	EC936|EC936_007091-T1	6.55	8	LISLGG,SLGGWT,GIDIDW,ISLGGW,DIDWEY,DGIDID,IDWEYP,IDIDWE
CBM12	6	EC936|EC936_001113-T1	5.3	6	FDGIDI,GIDIDW,DIDWEY,IDWEYP,IDIDWE,DGIDID
CBM12	6	EC936|EC936_002641-T1	5.07	6	IDWEYP,DGIDID,GIDIDW,IDIDWE,LTHINY,DIDWEY
CBM14	14	EC936|EC936_000693-T1	6.07	15	TTTTTT,TPTTTT,TTTPTT,TATTTT,PTTTTA,TTTTAT,TTTTTE,TTTATP,TTTTTP,ITTTTT,PTTTTT,ATTTTT,EPTTTT,TTPTTT,TTTTTA
CBM14	14	EC936|EC936_007169-T1	5.56	12	TTPTTT,TPTTTT,ITTTTT,ATTTTT,TTTTTT,TTTTAT,TTTTPA,TTTTTP,PTTTTT,TATTTT,TTTTTE,TTTTTA
CBM14	14	EC936|EC936_003388-T1	3.91	10	PPPTTT,TTTTTP,SSSSSS,TTTTEK,PPPPPT,ATTTTT,TTTTPV,TTTTPA,TTTTTT,PPPPTT
CBM14	14	EC936|EC936_006888-T1	3.2	7	TTTPAP,TTTTEA,TTTTPA,TTTTTP,TTTTAT,PTTTTT,EPTTTT
CBM18	5	EC936|EC936_005883-T1	9.97	18	TYDLHG,CPLNAC,DLHGQW,DIDWEY,PASYWY,MTYDLH,IAAPAS,AAPASY,DWEYPG,SYWYLK,TGAPGT,LHGQWD,PLNACC,HGQWDY,IDWEYP,ASYWYL,APASYW,YDLHGQ
CBM18	5	EC936|EC936_006593-T1	9.65	18	YPGAPD,PASYWY,NGCISN,GCISNC,WEYPGA,HGQWDY,DLHGQW,YDLHGQ,PDIPGI,ASYWYL,LHGQWD,GAPDIP,PGAPDI,SYWYLK,DIPGIP,DWEYPG,EYPGAP,IDWEYP
CBM18	5	EC936|EC936_006587-T1	3.26	6	WEYPGA,TGAPGT,SYWYLK,DWEYPG,EYPGAP,IDWEYP
CBM18	5	EC936|EC936_007782-T1	2.72	7	VYMTYD,LRSHVN,IAAPAS,YIVYMT,IVYMTY,DYIVYM,FDWEYP
CBM18	8	EC936|EC936_006443-T1	3.3	6	VVTAFI,VTAFIL,SDVKDE,DVKDEI,GVVTAF,VKDEID
CBM18	8	EC936|EC936_006444-T1	3.3	6	VVTAFI,VTAFIL,SDVKDE,DVKDEI,GVVTAF,VKDEID
CBM18	8	EC936|EC936_006446-T1	3.3	6	VVTAFI,VTAFIL,SDVKDE,DVKDEI,GVVTAF,VKDEID
CBM19	1	EC936|EC936_006428-T1	6.15	7	PYPDAS,AAPQCP,PQCPYP,QCPYPD,CPYPDA,YWGQNS,APQCPY
CBM19	1	EC936|EC936_006210-T1	5.32	6	AAGSGY,LLSLGG,IQFYNN,LSLGGA,FIQFYN,YWGQNS
CBM19	1	EC936|EC936_003092-T1	5.13	6	KKVLLS,LLSLGG,YWGQNS,VLLSLG,GKKVLL,KVLLSL
CBM2	59	EC936|EC936_001062-T1	6.33	10	IPFYGR,GIDLDW,GIPFYG,FDGIDL,IDLDWE,LNYAFA,NYAFAN,YAFANI,DGIDLD,LGIPFY
CBM2	60	EC936|EC936_003242-T1	3.6	6	SSSSSN,SSNSSS,SSSNSS,SSSSGS,SNSSSS,SSSSNS
CBM20	17	EC936|EC936_008701-T1	8.22	11	NYDYLM,RTKYGT,YPCVFY,VGYGVY,DVGYGV,GYPCVF,TKYGTK,GFRLDA,VDNHDT,GYGVYD,DGFRLD
CBM20	39	EC936|EC936_002369-T1	3.8	8	FPSSEI,SSEIFR,PFPSSE,IGFFLH,KIGFFL,HDYHLM,LSEFTG,DYDGTL
CBM32	11	EC936|EC936_003306-T1	6.75	8	FDAYYF,NDGYGC,RFDAYY,GYGCGY,KLDVAW,DGYGCG,WTGDQS,GDADCY
CBM39	5	EC936|EC936_005787-T1	13.5	19	VESRGN,YYTNNR,NPIQSA,GGNWEF,GGGNWE,NWEFEY,IFEDNF,IWPAIW,FEDNFD,DWIWPA,GDWIWP,WEFEYY,WIWPAI,QWYPTW,EFEYYT,SGEIDI,EYYTNN,GNWEFE,FEYYTN
CBM43	1	EC936|EC936_008598-T1	4.86	8	EYGCNE,FSEYGC,FFSEYG,YGCNEV,PVFFSE,SEYGCN,IPVFFS,FAGNEV
CBM43	1	EC936|EC936_008597-T1	4.74	7	FSEYGC,IPVGYS,FFSEYG,PVFFSE,SEYGCN,IPVFFS,FAGNEV
CBM43	1	EC936|EC936_008593-T1	3.96	6	FSEYGC,FFSEYG,PVFFSE,SEYGCN,IPVFFS,FAGNEV
CBM43	1	EC936|EC936_008596-T1	3.96	6	FSEYGC,FFSEYG,PVFFSE,SEYGCN,IPVFFS,FAGNEV
CBM48	20	EC936|EC936_005526-T1	28.8	41	FGHPEW,VTSMLY,IQLMAI,ASFGYQ,LHKMIR,FDGVTS,TLTNRR,GFDYRL,DGVTSM,ALVGDK,EWAPNA,SRLFNY,EGYLNF,DGFRFD,SFGYQV,GNEFGH,HDQALV,GVTSML,MAIMEH,DQALVG,FPREGN,QLMAIM,DVVHSH,VVHSHA,FRFDGV,GEGYLN,AEDVSG,ALHKMI,LVGDKT,RFDGVT,LMAIME,EFGHPE,NEFGHP,YASFGY,SHDQAL,YEAHVG,GFRFDG,DFPREG,ESHDQA,QALVGD,YYASFG
CBM5	14	EC936|EC936_001112-T1	4.6	7	FDGIDI,DWEYPG,GIDIDW,DIDWEY,IDWEYP,IDIDWE,DGIDID
CBM5	14	EC936|EC936_001113-T1	4.6	7	FDGIDI,DWEYPG,GIDIDW,DIDWEY,IDWEYP,IDIDWE,DGIDID
CBM5	14	EC936|EC936_007089-T1	4.59	7	SLGGWT,GIDIDW,ISLGGW,DIDWEY,DGIDID,IDWEYP,IDIDWE
CBM5	14	EC936|EC936_007091-T1	4.59	7	SLGGWT,GIDIDW,ISLGGW,DIDWEY,DGIDID,IDWEYP,IDIDWE
CBM5	14	EC936|EC936_005883-T1	3.92	6	IDIDWE,DIDWEY,GIDIDW,DGIDID,DWEYPG,IDWEYP
CBM5	29	EC936|EC936_003069-T1	10.5	11	GGIDSC,GIDSCQ,CQGDSG,IDSCQG,TAAHCV,SCQGDS,QGDSGG,GDSGGP,LTAAHC,DSCQGD,VLTAAH
CBM5	49	EC936|EC936_008327-T1	9.41	11	HVAGTI,ISGTSM,GTHVAG,GNGHGT,HGTHVA,SGTSMA,GHGTHV,VAGTIA,DGNGHG,THVAGT,NGHGTH
CBM5	49	EC936|EC936_003955-T1	6.14	8	SMSLGG,SMATPH,TSMATP,GTSMAT,SGTSMA,ISGTSM,MATPHV,NGHGTH
CBM5	49	EC936|EC936_003956-T1	5.44	7	SMSLGG,SMATPH,TSMATP,GTSMAT,SGTSMA,MATPHV,ISGTSM
CBM5	49	EC936|EC936_003960-T1	5.44	7	SMSLGG,SMATPH,TSMATP,GTSMAT,SGTSMA,MATPHV,ISGTSM
CBM5	49	EC936|EC936_004248-T1	5.44	7	SMATPH,TSMATP,NGHGTH,GTSMAT,SGTSMA,MATPHV,ISGTSM
CBM5	49	EC936|EC936_005450-T1	5.43	6	GTSMAT,GHGTHV,GTHVAG,HGTHVA,TSMATP,SGTSMA
CBM5	49	EC936|EC936_004250-T1	4.74	6	SMATPH,TSMATP,GTSMAT,SGTSMA,MATPHV,ISGTSM
CBM5	49	EC936|EC936_004257-T1	4.74	6	SMATPH,TSMATP,GTSMAT,MATPHV,SGTSMA,ISGTSM
CBM51	2	EC936|EC936_003306-T1	8.37	9	FDAYYF,LVAPVY,NDGYGC,RFDAYY,GYGCGY,KLDVAW,DGYGCG,WTGDQS,GDADCY
CBM55	1	EC936|EC936_005883-T1	7.0	7	IDIDWE,TYDLHG,DIDWEY,GIDIDW,MTYDLH,LDGIDI,IDWEYP
CBM55	1	EC936|EC936_002641-T1	6.0	6	IDWEYP,LDGIDI,GIDIDW,IDIDWE,DWEYPA,DIDWEY
CBM55	1	EC936|EC936_007089-T1	6.0	6	LDGIDI,GIDIDW,DIDWEY,DWEYPA,IDWEYP,IDIDWE
CBM55	1	EC936|EC936_007091-T1	6.0	6	LDGIDI,GIDIDW,DIDWEY,DWEYPA,IDWEYP,IDIDWE
CBM57	16	EC936|EC936_005612-T1	15.4	16	AYGQTG,VDLAGS,DLAGSE,LQDSLG,TGTGKT,NEHSSR,QDSLGG,LLQDSL,QTGTGK,GQTGTG,SSRSHC,EHSSRS,YGQTGT,FAYGQT,HSSRSH,LVDLAG
CBM57	16	EC936|EC936_005307-T1	13.8	15	GNIRVF,RNSKLT,NIRVFC,LAGSER,VCIFAY,SKTLMF,KTFTME,IRVFCR,DLAGSE,GKTFTM,AYGQTG,KTLMFV,TFTMEG,IFAYGQ,FAYGQT
CBM57	16	EC936|EC936_002557-T1	10.8	11	FAYGQT,DLAGSE,QTGTGK,AYGQTG,LVDLAG,LQDSLG,TGTGKT,VDLAGS,YGQTGT,GQTGTG,QDSLGG
CBM57	16	EC936|EC936_005013-T1	7.64	8	AYGQTG,FAYGQT,DLAGSE,LVDLAG,VDLAGS,IFAYGQ,GKTFTM,SLSALG
CBM57	16	EC936|EC936_006041-T1	7.0	7	QDSLGG,LQDSLG,VDLAGS,LAGSER,LLQDSL,RNSKLT,DLAGSE
CBM57	16	EC936|EC936_007440-T1	6.76	7	DLAGSE,AYGQTG,LVDLAG,IFAYGQ,VDLAGS,LAGSER,FAYGQT
CBM57	16	EC936|EC936_002497-T1	5.88	6	SSRSHC,DLAGSE,LVDLAG,SKLTHL,VDLAGS,KLTHLL
CBM73	8	EC936|EC936_003069-T1	10.8	11	GGIDSC,GIDSCQ,CQGDSG,IDSCQG,TAAHCV,SCQGDS,QGDSGG,GDSGGP,LTAAHC,DSCQGD,VLTAAH
