EC936|EC936_000002-T1      0.241  32  0.347  32  0.862  12  0.623   0.455 Y  0.450      SignalP-TM
EC936|EC936_000006-T1      0.356  20  0.475  20  0.759   2  0.646   0.541 Y  0.450      SignalP-TM
EC936|EC936_000006-T1      0.404  20  0.512  20  0.779   3  0.666   0.585 Y  0.570      SignalP-noTM
EC936|EC936_000018-T1      0.317  32  0.432  32  0.695  28  0.529   0.470 Y  0.450      SignalP-TM
EC936|EC936_000023-T1      0.156  22  0.360  22  0.907   9  0.841   0.547 Y  0.450      SignalP-TM
EC936|EC936_000023-T1      0.224  22  0.428  22  0.885  18  0.833   0.618 Y  0.570      SignalP-noTM
EC936|EC936_000024-T1      0.143  21  0.352  21  0.890  17  0.812   0.531 Y  0.450      SignalP-TM
EC936|EC936_000024-T1      0.161  23  0.378  21  0.940  19  0.877   0.613 Y  0.570      SignalP-noTM
EC936|EC936_000032-T1      0.126  15  0.314  15  0.835  13  0.785   0.498 Y  0.450      SignalP-TM
EC936|EC936_000032-T1      0.225  23  0.404  23  0.935  10  0.794   0.587 Y  0.570      SignalP-noTM
EC936|EC936_000033-T1      0.126  15  0.318  15  0.850  13  0.805   0.508 Y  0.450      SignalP-TM
EC936|EC936_000033-T1      0.226  23  0.410  23  0.945  10  0.811   0.599 Y  0.570      SignalP-noTM
EC936|EC936_000037-T1      0.132  31  0.300  15  0.834  13  0.767   0.482 Y  0.450      SignalP-TM
EC936|EC936_000066-T1      0.149  54  0.314  23  0.831  14  0.757   0.487 Y  0.450      SignalP-TM
EC936|EC936_000093-T1      0.242  20  0.397  20  0.755   6  0.664   0.501 Y  0.450      SignalP-TM
EC936|EC936_000162-T1      0.219  42  0.358  24  0.840   6  0.777   0.521 Y  0.450      SignalP-TM
EC936|EC936_000194-T1      0.180  22  0.358  22  0.827  20  0.685   0.485 Y  0.450      SignalP-TM
EC936|EC936_000194-T1      0.293  21  0.483  21  0.918  17  0.795   0.630 Y  0.570      SignalP-noTM
EC936|EC936_000195-T1      0.289  25  0.383  20  0.746   1  0.640   0.483 Y  0.450      SignalP-TM
EC936|EC936_000198-T1      0.256  25  0.392  20  0.883   1  0.753   0.533 Y  0.450      SignalP-TM
EC936|EC936_000198-T1      0.353  20  0.520  20  0.920   2  0.820   0.661 Y  0.570      SignalP-noTM
EC936|EC936_000199-T1      0.231  23  0.374  23  0.820   3  0.665   0.487 Y  0.450      SignalP-TM
EC936|EC936_000226-T1      0.284  30  0.367  30  0.829   7  0.630   0.469 Y  0.450      SignalP-TM
EC936|EC936_000238-T1      0.196  32  0.396  27  0.864  18  0.727   0.525 Y  0.450      SignalP-TM
EC936|EC936_000248-T1      0.169  23  0.356  23  0.901  19  0.739   0.505 Y  0.450      SignalP-TM
EC936|EC936_000252-T1      0.196  28  0.374  28  0.948  17  0.767   0.527 Y  0.450      SignalP-TM
EC936|EC936_000252-T1      0.290  19  0.487  19  0.895  17  0.813   0.640 Y  0.570      SignalP-noTM
EC936|EC936_000272-T1      0.328  24  0.436  24  0.686  20  0.548   0.480 Y  0.450      SignalP-TM
EC936|EC936_000318-T1      0.217  18  0.403  18  0.846   5  0.752   0.539 Y  0.450      SignalP-TM
EC936|EC936_000318-T1      0.294  18  0.462  18  0.874  10  0.736   0.591 Y  0.570      SignalP-noTM
EC936|EC936_000327-T1      0.241  28  0.373  28  0.730  11  0.602   0.463 Y  0.450      SignalP-TM
EC936|EC936_000328-T1      0.606  22  0.536  22  0.721   6  0.528   0.533 Y  0.450      SignalP-TM
EC936|EC936_000328-T1      0.692  22  0.708  22  0.896   1  0.759   0.732 Y  0.570      SignalP-noTM
EC936|EC936_000329-T1      0.354  24  0.486  24  0.776  18  0.644   0.547 Y  0.450      SignalP-TM
EC936|EC936_000330-T1      0.341  22  0.483  22  0.858   4  0.735   0.581 Y  0.450      SignalP-TM
EC936|EC936_000330-T1      0.603  22  0.612  22  0.912   1  0.706   0.656 Y  0.570      SignalP-noTM
EC936|EC936_000331-T1      0.261  21  0.462  21  0.936  18  0.795   0.592 Y  0.450      SignalP-TM
EC936|EC936_000331-T1      0.319  21  0.470  21  0.886  17  0.707   0.581 Y  0.570      SignalP-noTM
EC936|EC936_000332-T1      0.149  19  0.336  19  0.848  18  0.751   0.498 Y  0.450      SignalP-TM
EC936|EC936_000348-T1      0.231  18  0.433  18  0.896  14  0.794   0.603 Y  0.570      SignalP-noTM
EC936|EC936_000364-T1      0.162  21  0.346  21  0.886  12  0.759   0.507 Y  0.450      SignalP-TM
EC936|EC936_000387-T1      0.235  21  0.457  21  0.927  15  0.873   0.619 Y  0.450      SignalP-TM
EC936|EC936_000387-T1      0.332  21  0.518  21  0.869  19  0.821   0.661 Y  0.570      SignalP-noTM
EC936|EC936_000391-T1      0.155  17  0.321  17  0.791  15  0.660   0.453 Y  0.450      SignalP-TM
EC936|EC936_000427-T1      0.367  22  0.504  22  0.803  20  0.641   0.557 Y  0.450      SignalP-TM
EC936|EC936_000427-T1      0.725  22  0.783  22  0.921  18  0.839   0.809 Y  0.570      SignalP-noTM
EC936|EC936_000433-T1      0.184  15  0.386  15  0.896  11  0.811   0.585 Y  0.570      SignalP-noTM
EC936|EC936_000433-T1      0.226  25  0.366  25  0.661   1  0.585   0.452 Y  0.450      SignalP-TM
EC936|EC936_000434-T1      0.174  26  0.358  26  0.908  12  0.790   0.527 Y  0.450      SignalP-TM
EC936|EC936_000434-T1      0.297  19  0.522  19  0.954  13  0.910   0.704 Y  0.570      SignalP-noTM
EC936|EC936_000462-T1      0.299  19  0.453  19  0.805  18  0.697   0.548 Y  0.450      SignalP-TM
EC936|EC936_000462-T1      0.672  19  0.691  19  0.915  18  0.701   0.696 Y  0.570      SignalP-noTM
EC936|EC936_000480-T1      0.143  31  0.276  11  0.847   1  0.750   0.461 Y  0.450      SignalP-TM
EC936|EC936_000493-T1      0.245  20  0.417  20  0.802  15  0.644   0.505 Y  0.450      SignalP-TM
EC936|EC936_000514-T1      0.175  30  0.321  30  0.835  11  0.663   0.454 Y  0.450      SignalP-TM
EC936|EC936_000569-T1      0.153  17  0.375  17  0.950  11  0.903   0.623 Y  0.570      SignalP-noTM
EC936|EC936_000569-T1      0.227  31  0.333  31  0.920  16  0.670   0.464 Y  0.450      SignalP-TM
EC936|EC936_000582-T1      0.208  32  0.419  32  0.943  12  0.859   0.591 Y  0.450      SignalP-TM
EC936|EC936_000595-T1      0.224  30  0.399  30  0.940  14  0.778   0.547 Y  0.450      SignalP-TM
EC936|EC936_000595-T1      0.256  25  0.426  25  0.947  11  0.786   0.595 Y  0.570      SignalP-noTM
EC936|EC936_000597-T1      0.127  25  0.297  18  0.878  15  0.822   0.501 Y  0.450      SignalP-TM
EC936|EC936_000597-T1      0.366  18  0.516  18  0.880   1  0.752   0.627 Y  0.570      SignalP-noTM
EC936|EC936_000598-T1      0.182  24  0.339  24  0.867  17  0.663   0.465 Y  0.450      SignalP-TM
EC936|EC936_000640-T1      0.240  27  0.395  27  0.881  16  0.719   0.522 Y  0.450      SignalP-TM
EC936|EC936_000641-T1      0.240  27  0.392  27  0.884  16  0.714   0.518 Y  0.450      SignalP-TM
EC936|EC936_000684-T1      0.204  24  0.389  24  0.826  16  0.638   0.486 Y  0.450      SignalP-TM
EC936|EC936_000687-T1      0.151  31  0.329  24  0.955   7  0.845   0.530 Y  0.450      SignalP-TM
EC936|EC936_000695-T1      0.385  20  0.580  20  0.933  16  0.879   0.721 Y  0.570      SignalP-noTM
EC936|EC936_000698-T1      0.332  25  0.504  25  0.883  21  0.662   0.566 Y  0.450      SignalP-TM
EC936|EC936_000741-T1      0.136  37  0.301  24  0.828  16  0.691   0.453 Y  0.450      SignalP-TM
EC936|EC936_000776-T1      0.271  24  0.411  24  0.783  17  0.629   0.496 Y  0.450      SignalP-TM
EC936|EC936_000776-T1      0.506  19  0.668  19  0.948  17  0.880   0.768 Y  0.570      SignalP-noTM
EC936|EC936_000801-T1      0.254  25  0.448  25  0.845  17  0.755   0.568 Y  0.450      SignalP-TM
EC936|EC936_000803-T1      0.125  43  0.285  19  0.879  14  0.771   0.475 Y  0.450      SignalP-TM
EC936|EC936_000803-T1      0.241  23  0.425  20  0.931  15  0.870   0.634 Y  0.570      SignalP-noTM
EC936|EC936_000807-T1      0.160  18  0.372  18  0.905   6  0.872   0.607 Y  0.570      SignalP-noTM
EC936|EC936_000807-T1      0.267  31  0.374  31  0.952  17  0.740   0.517 Y  0.450      SignalP-TM
EC936|EC936_000843-T1      0.114  36  0.286  22  0.842  10  0.727   0.458 Y  0.450      SignalP-TM
EC936|EC936_000851-T1      0.278  21  0.453  21  0.879  15  0.758   0.597 Y  0.570      SignalP-noTM
EC936|EC936_000855-T1      0.407  23  0.456  23  0.734  19  0.530   0.485 Y  0.450      SignalP-TM
EC936|EC936_000861-T1      0.461  21  0.583  21  0.891  17  0.758   0.665 Y  0.570      SignalP-noTM
EC936|EC936_000862-T1      0.196  21  0.397  21  0.871  17  0.807   0.590 Y  0.570      SignalP-noTM
EC936|EC936_000870-T1      0.209  36  0.328  19  0.798  12  0.726   0.483 Y  0.450      SignalP-TM
EC936|EC936_000872-T1      0.264  20  0.430  20  0.791  15  0.667   0.522 Y  0.450      SignalP-TM
EC936|EC936_000874-T1      0.179  47  0.312  20  0.819   6  0.683   0.457 Y  0.450      SignalP-TM
EC936|EC936_000880-T1      0.505  24  0.598  24  0.815  15  0.629   0.611 Y  0.450      SignalP-TM
EC936|EC936_000928-T1      0.355  22  0.535  22  0.908  20  0.814   0.644 Y  0.450      SignalP-TM
EC936|EC936_000928-T1      0.610  22  0.735  22  0.932   1  0.899   0.812 Y  0.570      SignalP-noTM
EC936|EC936_000929-T1      0.360  22  0.547  22  0.924  20  0.843   0.662 Y  0.450      SignalP-TM
EC936|EC936_000929-T1      0.674  22  0.783  22  0.937   1  0.916   0.846 Y  0.570      SignalP-noTM
EC936|EC936_000930-T1      0.333  27  0.489  27  0.859  18  0.725   0.581 Y  0.450      SignalP-TM
EC936|EC936_000930-T1      0.541  22  0.685  22  0.905  19  0.845   0.760 Y  0.570      SignalP-noTM
EC936|EC936_000931-T1      0.254  21  0.439  21  0.832   5  0.762   0.565 Y  0.450      SignalP-TM
EC936|EC936_000931-T1      0.431  21  0.618  21  0.931  19  0.890   0.745 Y  0.570      SignalP-noTM
EC936|EC936_000946-T1      0.522  26  0.579  26  0.747  11  0.636   0.601 Y  0.450      SignalP-TM
EC936|EC936_000959-T1      0.277  25  0.384  25  0.760  13  0.599   0.468 Y  0.450      SignalP-TM
EC936|EC936_000973-T1      0.382  24  0.509  24  0.871  20  0.593   0.542 Y  0.450      SignalP-TM
EC936|EC936_000973-T1      0.587  22  0.644  22  0.789  20  0.659   0.651 Y  0.570      SignalP-noTM
EC936|EC936_000977-T1      0.359  21  0.524  21  0.879  18  0.774   0.641 Y  0.570      SignalP-noTM
EC936|EC936_000977-T1      0.477  21  0.609  21  0.878  18  0.761   0.669 Y  0.450      SignalP-TM
EC936|EC936_000980-T1      0.445  20  0.507  20  0.657   2  0.572   0.533 Y  0.450      SignalP-TM
EC936|EC936_000981-T1      0.238  20  0.391  20  0.793  18  0.610   0.476 Y  0.450      SignalP-TM
EC936|EC936_001010-T1      0.190  19  0.347  19  0.794  15  0.665   0.471 Y  0.450      SignalP-TM
EC936|EC936_001023-T1      0.176  24  0.314  24  0.861   9  0.670   0.453 Y  0.450      SignalP-TM
EC936|EC936_001065-T1      0.179  23  0.355  23  0.890  17  0.670   0.478 Y  0.450      SignalP-TM
EC936|EC936_001065-T1      0.360  21  0.516  21  0.861  16  0.741   0.622 Y  0.570      SignalP-noTM
EC936|EC936_001083-T1      0.182  41  0.341  18  0.839  15  0.773   0.509 Y  0.450      SignalP-TM
EC936|EC936_001100-T1      0.343  33  0.448  23  0.862   2  0.798   0.613 Y  0.570      SignalP-noTM
EC936|EC936_001100-T1      0.529  33  0.542  33  0.930  21  0.725   0.613 Y  0.450      SignalP-TM
EC936|EC936_001174-T1      0.169  17  0.369  17  0.856  14  0.811   0.577 Y  0.570      SignalP-noTM
EC936|EC936_001186-T1      0.327  29  0.435  29  0.835  18  0.595   0.498 Y  0.450      SignalP-TM
EC936|EC936_001223-T1      0.288  18  0.460  18  0.820   9  0.730   0.565 Y  0.450      SignalP-TM
EC936|EC936_001274-T1      0.206  42  0.314  19  0.822  12  0.709   0.468 Y  0.450      SignalP-TM
EC936|EC936_001296-T1      0.154  28  0.331  21  0.910  17  0.754   0.496 Y  0.450      SignalP-TM
EC936|EC936_001296-T1      0.206  20  0.410  20  0.913   1  0.841   0.613 Y  0.570      SignalP-noTM
EC936|EC936_001298-T1      0.617  24  0.662  24  0.872   3  0.730   0.694 Y  0.570      SignalP-noTM
EC936|EC936_001298-T1      0.740  24  0.620  24  0.702   5  0.577   0.603 Y  0.450      SignalP-TM
EC936|EC936_001361-T1      0.230  21  0.383  21  0.772  15  0.587   0.463 Y  0.450      SignalP-TM
EC936|EC936_001365-T1      0.335  18  0.456  18  0.730   2  0.641   0.528 Y  0.450      SignalP-TM
EC936|EC936_001365-T1      0.442  18  0.558  18  0.812   2  0.723   0.636 Y  0.570      SignalP-noTM
EC936|EC936_001372-T1      0.281  18  0.443  18  0.798  13  0.717   0.550 Y  0.450      SignalP-TM
EC936|EC936_001372-T1      0.343  18  0.508  18  0.834  10  0.762   0.627 Y  0.570      SignalP-noTM
EC936|EC936_001374-T1      0.261  19  0.444  19  0.852  13  0.687   0.538 Y  0.450      SignalP-TM
EC936|EC936_001376-T1      0.333  18  0.466  18  0.745  13  0.668   0.545 Y  0.450      SignalP-TM
EC936|EC936_001376-T1      0.441  18  0.566  18  0.820   2  0.739   0.647 Y  0.570      SignalP-noTM
EC936|EC936_001381-T1      0.363  18  0.521  18  0.860  14  0.737   0.605 Y  0.450      SignalP-TM
EC936|EC936_001381-T1      0.450  18  0.575  18  0.825  13  0.737   0.651 Y  0.570      SignalP-noTM
EC936|EC936_001399-T1      0.156  18  0.329  18  0.753   5  0.688   0.469 Y  0.450      SignalP-TM
EC936|EC936_001411-T1      0.370  26  0.429  26  0.840   1  0.564   0.481 Y  0.450      SignalP-TM
EC936|EC936_001413-T1      0.337  26  0.421  26  0.803   1  0.606   0.493 Y  0.450      SignalP-TM
EC936|EC936_001414-T1      0.311  26  0.453  26  0.818   1  0.681   0.542 Y  0.450      SignalP-TM
EC936|EC936_001420-T1      0.207  64  0.273  12  0.761   9  0.728   0.451 Y  0.450      SignalP-TM
EC936|EC936_001465-T1      0.418  26  0.426  26  0.683  15  0.501   0.455 Y  0.450      SignalP-TM
EC936|EC936_001481-T1      0.290  28  0.442  28  0.809  17  0.686   0.537 Y  0.450      SignalP-TM
EC936|EC936_001494-T1      0.359  23  0.573  23  0.947  15  0.870   0.689 Y  0.450      SignalP-TM
EC936|EC936_001494-T1      0.395  23  0.604  23  0.960  15  0.916   0.751 Y  0.570      SignalP-noTM
EC936|EC936_001518-T1      0.293  25  0.476  25  0.937  21  0.825   0.640 Y  0.570      SignalP-noTM
EC936|EC936_001518-T1      0.343  25  0.540  25  0.913  11  0.849   0.661 Y  0.450      SignalP-TM
EC936|EC936_001534-T1      0.130  24  0.326  24  0.926  17  0.780   0.503 Y  0.450      SignalP-TM
EC936|EC936_001581-T1      0.422  26  0.545  26  0.771  16  0.651   0.587 Y  0.450      SignalP-TM
EC936|EC936_001581-T1      0.858  26  0.815  26  0.889  23  0.783   0.800 Y  0.570      SignalP-noTM
EC936|EC936_001584-T1      0.174  31  0.382  20  0.912  19  0.865   0.570 Y  0.450      SignalP-TM
EC936|EC936_001584-T1      0.395  22  0.560  22  0.858  11  0.803   0.674 Y  0.570      SignalP-noTM
EC936|EC936_001601-T1      0.168  16  0.382  16  0.900   1  0.869   0.611 Y  0.570      SignalP-noTM
EC936|EC936_001601-T1      0.302  23  0.461  23  0.878   4  0.760   0.578 Y  0.450      SignalP-TM
EC936|EC936_001602-T1      0.336  32  0.469  21  0.894   1  0.708   0.581 Y  0.570      SignalP-noTM
EC936|EC936_001602-T1      0.650  32  0.529  32  0.863  14  0.638   0.572 Y  0.450      SignalP-TM
EC936|EC936_001623-T1      0.376  21  0.432  21  0.661  20  0.504   0.460 Y  0.450      SignalP-TM
EC936|EC936_001639-T1      0.245  19  0.421  19  0.852   3  0.749   0.549 Y  0.450      SignalP-TM
EC936|EC936_001639-T1      0.777  19  0.788  19  0.918   9  0.835   0.810 Y  0.570      SignalP-noTM
EC936|EC936_001641-T1      0.584  25  0.637  25  0.913  17  0.745   0.688 Y  0.570      SignalP-noTM
EC936|EC936_001641-T1      0.706  25  0.707  25  0.818  18  0.679   0.696 Y  0.450      SignalP-TM
EC936|EC936_001643-T1      0.281  26  0.482  26  0.919  18  0.837   0.620 Y  0.450      SignalP-TM
EC936|EC936_001643-T1      0.356  19  0.562  19  0.923  14  0.884   0.713 Y  0.570      SignalP-noTM
EC936|EC936_001680-T1      0.209  19  0.371  19  0.752  14  0.625   0.470 Y  0.450      SignalP-TM
EC936|EC936_001682-T1      0.197  55  0.390  25  0.947  10  0.872   0.578 Y  0.450      SignalP-TM
EC936|EC936_001682-T1      0.205  32  0.404  25  0.985  12  0.935   0.654 Y  0.570      SignalP-noTM
EC936|EC936_001702-T1      0.256  16  0.451  16  0.866   2  0.804   0.589 Y  0.450      SignalP-TM
EC936|EC936_001702-T1      0.345  16  0.566  16  0.971  10  0.921   0.733 Y  0.570      SignalP-noTM
EC936|EC936_001704-T1      0.328  24  0.441  24  0.699   8  0.602   0.504 Y  0.450      SignalP-TM
EC936|EC936_001706-T1      0.225  16  0.430  16  0.876  15  0.826   0.616 Y  0.570      SignalP-noTM
EC936|EC936_001706-T1      0.265  26  0.374  16  0.761   5  0.726   0.511 Y  0.450      SignalP-TM
EC936|EC936_001707-T1      0.248  26  0.394  26  0.900   5  0.748   0.532 Y  0.450      SignalP-TM
EC936|EC936_001708-T1      0.128  16  0.342  16  0.939  10  0.912   0.610 Y  0.570      SignalP-noTM
EC936|EC936_001708-T1      0.219  26  0.369  26  0.929   2  0.760   0.522 Y  0.450      SignalP-TM
EC936|EC936_001745-T1      0.158  26  0.345  20  0.829   7  0.733   0.496 Y  0.450      SignalP-TM
EC936|EC936_001770-T1      0.241  26  0.395  26  0.720  18  0.556   0.458 Y  0.450      SignalP-TM
EC936|EC936_001826-T1      0.306  24  0.412  24  0.877   8  0.657   0.508 Y  0.450      SignalP-TM
EC936|EC936_001851-T1      0.572  21  0.675  21  0.887   5  0.825   0.746 Y  0.570      SignalP-noTM
EC936|EC936_001853-T1      0.373  21  0.505  21  0.851  17  0.704   0.599 Y  0.570      SignalP-noTM
EC936|EC936_001853-T1      0.414  27  0.475  27  0.680  18  0.545   0.502 Y  0.450      SignalP-TM
EC936|EC936_001873-T1      0.185  22  0.377  22  0.855  16  0.751   0.523 Y  0.450      SignalP-TM
EC936|EC936_001886-T1      0.382  31  0.411  24  0.721  18  0.612   0.489 Y  0.450      SignalP-TM
EC936|EC936_001887-T1      0.159  22  0.334  22  0.863   2  0.738   0.492 Y  0.450      SignalP-TM
EC936|EC936_001894-T1      0.349  24  0.489  24  0.815  21  0.594   0.528 Y  0.510      SignalP-TM
EC936|EC936_001908-T1      0.297  29  0.358  29  0.864  12  0.635   0.466 Y  0.450      SignalP-TM
EC936|EC936_001947-T1      0.155  24  0.317  19  0.832   1  0.730   0.478 Y  0.450      SignalP-TM
EC936|EC936_001967-T1      0.354  33  0.397  33  0.837  12  0.631   0.488 Y  0.450      SignalP-TM
EC936|EC936_001984-T1      0.192  20  0.370  20  0.875  17  0.657   0.482 Y  0.450      SignalP-TM
EC936|EC936_001984-T1      0.357  20  0.497  20  0.850  15  0.706   0.595 Y  0.570      SignalP-noTM
EC936|EC936_001985-T1      0.544  20  0.601  20  0.874  17  0.608   0.604 Y  0.450      SignalP-TM
EC936|EC936_002045-T1      0.484  25  0.646  25  0.921  23  0.834   0.734 Y  0.570      SignalP-noTM
EC936|EC936_002051-T1      0.439  21  0.507  21  0.856   2  0.647   0.573 Y  0.570      SignalP-noTM
EC936|EC936_002105-T1      0.497  25  0.614  25  0.849  16  0.677   0.638 Y  0.450      SignalP-TM
EC936|EC936_002129-T1      0.249  35  0.454  35  0.974  15  0.898   0.627 Y  0.450      SignalP-TM
EC936|EC936_002129-T1      0.571  20  0.740  20  0.982  15  0.952   0.839 Y  0.570      SignalP-noTM
EC936|EC936_002130-T1      0.174  33  0.368  33  0.943  11  0.853   0.557 Y  0.450      SignalP-TM
EC936|EC936_002151-T1      0.361  22  0.531  22  0.853  15  0.758   0.620 Y  0.450      SignalP-TM
EC936|EC936_002151-T1      0.491  22  0.632  22  0.912  11  0.810   0.716 Y  0.570      SignalP-noTM
EC936|EC936_002153-T1      0.265  21  0.496  21  0.977  17  0.913   0.659 Y  0.450      SignalP-TM
EC936|EC936_002153-T1      0.500  21  0.646  21  0.931  17  0.857   0.745 Y  0.570      SignalP-noTM
EC936|EC936_002154-T1      0.361  29  0.509  29  0.828  25  0.706   0.586 Y  0.450      SignalP-TM
EC936|EC936_002162-T1      0.199  22  0.434  22  0.972  19  0.939   0.631 Y  0.450      SignalP-TM
EC936|EC936_002162-T1      0.336  22  0.560  22  0.970   2  0.941   0.739 Y  0.570      SignalP-noTM
EC936|EC936_002168-T1      0.273  41  0.372  41  0.768  12  0.596   0.459 Y  0.450      SignalP-TM
EC936|EC936_002207-T1      0.148  21  0.341  21  0.877  19  0.772   0.509 Y  0.450      SignalP-TM
EC936|EC936_002207-T1      0.544  21  0.701  21  0.931  15  0.901   0.795 Y  0.570      SignalP-noTM
EC936|EC936_002212-T1      0.314  30  0.428  30  0.895  14  0.714   0.539 Y  0.450      SignalP-TM
EC936|EC936_002224-T1      0.114  19  0.294  13  0.885   3  0.825   0.501 Y  0.450      SignalP-TM
EC936|EC936_002231-T1      0.218  22  0.391  22  0.853   6  0.745   0.529 Y  0.450      SignalP-TM
EC936|EC936_002232-T1      0.304  25  0.456  25  0.863  19  0.682   0.544 Y  0.450      SignalP-TM
EC936|EC936_002232-T1      0.356  20  0.498  20  0.821  12  0.701   0.594 Y  0.570      SignalP-noTM
EC936|EC936_002233-T1      0.557  23  0.636  23  0.796  11  0.646   0.640 Y  0.450      SignalP-TM
EC936|EC936_002234-T1      0.406  23  0.500  23  0.724  17  0.572   0.529 Y  0.450      SignalP-TM
EC936|EC936_002251-T1      0.142  29  0.315  25  0.873  12  0.720   0.473 Y  0.450      SignalP-TM
EC936|EC936_002253-T1      0.157  26  0.332  26  0.867  19  0.720   0.483 Y  0.450      SignalP-TM
EC936|EC936_002254-T1      0.147  24  0.332  24  0.830  20  0.651   0.457 Y  0.450      SignalP-TM
EC936|EC936_002256-T1      0.206  26  0.375  26  0.854  20  0.664   0.487 Y  0.450      SignalP-TM
EC936|EC936_002256-T1      0.594  21  0.663  21  0.824   3  0.750   0.704 Y  0.570      SignalP-noTM
EC936|EC936_002258-T1      0.206  26  0.379  26  0.863  20  0.682   0.497 Y  0.450      SignalP-TM
EC936|EC936_002258-T1      0.594  21  0.668  21  0.832   3  0.760   0.711 Y  0.570      SignalP-noTM
EC936|EC936_002259-T1      0.603  24  0.694  24  0.927  19  0.833   0.759 Y  0.570      SignalP-noTM
EC936|EC936_002259-T1      0.679  24  0.744  24  0.932  19  0.796   0.764 Y  0.450      SignalP-TM
EC936|EC936_002282-T1      0.111  20  0.275  12  0.828   1  0.731   0.453 Y  0.450      SignalP-TM
EC936|EC936_002285-T1      0.575  29  0.575  29  0.913  18  0.719   0.631 Y  0.450      SignalP-TM
EC936|EC936_002286-T1      0.220  20  0.413  20  0.834  17  0.764   0.550 Y  0.450      SignalP-TM
EC936|EC936_002286-T1      0.455  20  0.606  20  0.883  16  0.808   0.701 Y  0.570      SignalP-noTM
EC936|EC936_002289-T1      0.175  24  0.336  24  0.861  18  0.630   0.451 Y  0.450      SignalP-TM
EC936|EC936_002294-T1      0.660  44  0.475  24  0.856  18  0.662   0.548 Y  0.450      SignalP-TM
EC936|EC936_002295-T1      0.155  25  0.341  25  0.828  22  0.700   0.481 Y  0.450      SignalP-TM
EC936|EC936_002295-T1      0.219  19  0.432  19  0.934  17  0.828   0.618 Y  0.570      SignalP-noTM
EC936|EC936_002311-T1      0.306  46  0.384  25  0.815  15  0.709   0.511 Y  0.450      SignalP-TM
EC936|EC936_002312-T1      0.401  25  0.587  25  0.957  17  0.836   0.684 Y  0.450      SignalP-TM
EC936|EC936_002312-T1      0.472  18  0.655  18  0.948  11  0.899   0.770 Y  0.570      SignalP-noTM
EC936|EC936_002313-T1      0.354  44  0.381  18  0.939  17  0.795   0.542 Y  0.450      SignalP-TM
EC936|EC936_002313-T1      0.594  18  0.700  18  0.888   1  0.831   0.762 Y  0.570      SignalP-noTM
EC936|EC936_002323-T1      0.120  24  0.274  13  0.793   5  0.731   0.452 Y  0.450      SignalP-TM
EC936|EC936_002335-T1      0.725  28  0.774  28  0.897  26  0.705   0.747 Y  0.450      SignalP-TM
EC936|EC936_002335-T1      0.862  28  0.894  28  0.976  19  0.929   0.911 Y  0.570      SignalP-noTM
EC936|EC936_002336-T1      0.284  26  0.418  26  0.812  10  0.673   0.517 Y  0.450      SignalP-TM
EC936|EC936_002336-T1      0.479  26  0.589  26  0.877  14  0.780   0.679 Y  0.570      SignalP-noTM
EC936|EC936_002337-T1      0.485  32  0.526  32  0.742  28  0.455   0.498 Y  0.450      SignalP-TM
EC936|EC936_002351-T1      0.224  24  0.388  24  0.910   1  0.760   0.533 Y  0.450      SignalP-TM
EC936|EC936_002373-T1      0.164  20  0.394  20  0.972  18  0.945   0.653 Y  0.570      SignalP-noTM
EC936|EC936_002373-T1      0.168  30  0.369  20  0.968  18  0.923   0.585 Y  0.450      SignalP-TM
EC936|EC936_002392-T1      0.206  22  0.347  22  0.784   2  0.638   0.460 Y  0.450      SignalP-TM
EC936|EC936_002394-T1      0.325  26  0.435  26  0.742  14  0.605   0.501 Y  0.450      SignalP-TM
EC936|EC936_002403-T1      0.607  29  0.758  29  0.981  14  0.944   0.845 Y  0.570      SignalP-noTM
EC936|EC936_002403-T1      0.859  31  0.880  31  0.957  27  0.820   0.857 Y  0.450      SignalP-TM
EC936|EC936_002404-T1      0.344  30  0.510  30  0.831  28  0.625   0.554 Y  0.450      SignalP-TM
EC936|EC936_002404-T1      0.736  30  0.645  30  0.641  28  0.477   0.583 Y  0.510      SignalP-TM
EC936|EC936_002423-T1      0.255  21  0.396  21  0.734   1  0.605   0.478 Y  0.450      SignalP-TM
EC936|EC936_002498-T1      0.276  27  0.443  27  0.866   1  0.758   0.566 Y  0.450      SignalP-TM
EC936|EC936_002532-T1      0.201  60  0.365  19  0.785   9  0.698   0.495 Y  0.450      SignalP-TM
EC936|EC936_002558-T1      0.204  20  0.378  20  0.818  13  0.658   0.487 Y  0.450      SignalP-TM
EC936|EC936_002558-T1      0.298  20  0.476  20  0.867  19  0.767   0.613 Y  0.570      SignalP-noTM
EC936|EC936_002559-T1      0.214  16  0.422  16  0.923  14  0.837   0.617 Y  0.570      SignalP-noTM
EC936|EC936_002602-T1      0.505  27  0.540  29  0.740  21  0.418   0.492 Y  0.450      SignalP-TM
EC936|EC936_002644-T1      0.156  32  0.289  14  0.915  10  0.806   0.491 Y  0.450      SignalP-TM
EC936|EC936_002709-T1      0.161  24  0.331  24  0.794  13  0.672   0.464 Y  0.450      SignalP-TM
EC936|EC936_002710-T1      0.217  45  0.332  22  0.861  14  0.743   0.492 Y  0.450      SignalP-TM
EC936|EC936_002710-T1      0.581  22  0.621  22  0.884  10  0.723   0.669 Y  0.570      SignalP-noTM
EC936|EC936_002722-T1      0.476  66  0.497  24  0.736  18  0.494   0.496 Y  0.450      SignalP-TM
EC936|EC936_002750-T1      0.404  21  0.444  21  0.795  17  0.493   0.463 Y  0.450      SignalP-TM
EC936|EC936_002751-T1      0.294  21  0.523  21  0.970  17  0.919   0.709 Y  0.570      SignalP-noTM
EC936|EC936_002751-T1      0.364  30  0.397  30  0.880  10  0.610   0.480 Y  0.450      SignalP-TM
EC936|EC936_002764-T1      0.310  22  0.479  22  0.803  10  0.693   0.562 Y  0.450      SignalP-TM
EC936|EC936_002764-T1      0.321  22  0.540  22  0.938  17  0.906   0.712 Y  0.570      SignalP-noTM
EC936|EC936_002778-T1      0.159  20  0.357  20  0.870  15  0.776   0.520 Y  0.450      SignalP-TM
EC936|EC936_002779-T1      0.262  19  0.470  19  0.888   2  0.849   0.618 Y  0.450      SignalP-TM
EC936|EC936_002779-T1      0.431  21  0.570  21  0.896   6  0.800   0.678 Y  0.570      SignalP-noTM
EC936|EC936_002806-T1      0.277  25  0.432  25  0.837  13  0.733   0.549 Y  0.450      SignalP-TM
EC936|EC936_002814-T1      0.312  24  0.498  24  0.871  21  0.793   0.613 Y  0.450      SignalP-TM
EC936|EC936_002866-T1      0.153  35  0.326  20  0.958   7  0.887   0.545 Y  0.450      SignalP-TM
EC936|EC936_002866-T1      0.173  35  0.355  23  0.977  14  0.945   0.633 Y  0.570      SignalP-noTM
EC936|EC936_002879-T1      0.207  20  0.376  20  0.841   5  0.713   0.508 Y  0.450      SignalP-TM
EC936|EC936_002879-T1      0.315  21  0.499  21  0.901  19  0.804   0.643 Y  0.570      SignalP-noTM
EC936|EC936_002880-T1      0.488  20  0.636  20  0.871   4  0.832   0.712 Y  0.450      SignalP-TM
EC936|EC936_002880-T1      0.719  20  0.810  20  0.952  12  0.909   0.856 Y  0.570      SignalP-noTM
EC936|EC936_002885-T1      0.159  21  0.355  21  0.880  17  0.795   0.527 Y  0.450      SignalP-TM
EC936|EC936_002885-T1      0.440  19  0.628  19  0.962  17  0.888   0.750 Y  0.570      SignalP-noTM
EC936|EC936_002896-T1      0.147  30  0.288  21  0.880   1  0.742   0.465 Y  0.450      SignalP-TM
EC936|EC936_002910-T1      0.317  26  0.485  20  0.953  11  0.883   0.672 Y  0.570      SignalP-noTM
EC936|EC936_002910-T1      0.417  26  0.528  26  0.916  16  0.730   0.607 Y  0.450      SignalP-TM
EC936|EC936_002915-T1      0.318  18  0.452  18  0.726  14  0.637   0.524 Y  0.450      SignalP-TM
EC936|EC936_002962-T1      0.230  25  0.407  25  0.894  13  0.756   0.543 Y  0.450      SignalP-TM
EC936|EC936_002983-T1      0.216  24  0.386  24  0.826   1  0.705   0.510 Y  0.450      SignalP-TM
EC936|EC936_002997-T1      0.197  23  0.391  23  0.896  15  0.746   0.530 Y  0.450      SignalP-TM
EC936|EC936_003045-T1      0.336  21  0.463  21  0.771  17  0.653   0.537 Y  0.450      SignalP-TM
EC936|EC936_003048-T1      0.234  17  0.395  17  0.834   5  0.671   0.503 Y  0.450      SignalP-TM
EC936|EC936_003087-T1      0.332  25  0.499  25  0.840   4  0.769   0.604 Y  0.450      SignalP-TM
EC936|EC936_003091-T1      0.160  15  0.365  15  0.867   2  0.839   0.588 Y  0.570      SignalP-noTM
EC936|EC936_003091-T1      0.208  25  0.413  25  0.926   2  0.861   0.588 Y  0.450      SignalP-TM
EC936|EC936_003092-T1      0.191  23  0.359  23  0.792  19  0.628   0.464 Y  0.450      SignalP-TM
EC936|EC936_003092-T1      0.528  23  0.550  23  0.841  22  0.620   0.583 Y  0.570      SignalP-noTM
EC936|EC936_003103-T1      0.338  17  0.510  17  0.865  12  0.764   0.630 Y  0.570      SignalP-noTM
EC936|EC936_003103-T1      0.396  28  0.465  28  0.875  16  0.647   0.536 Y  0.450      SignalP-TM
EC936|EC936_003104-T1      0.352  24  0.558  24  0.947  16  0.831   0.664 Y  0.450      SignalP-TM
EC936|EC936_003126-T1      0.314  27  0.439  27  0.882  17  0.640   0.518 Y  0.450      SignalP-TM
EC936|EC936_003157-T1      0.287  27  0.447  27  0.859  12  0.708   0.549 Y  0.450      SignalP-TM
EC936|EC936_003158-T1      0.224  33  0.333  25  0.876  10  0.762   0.500 Y  0.450      SignalP-TM
EC936|EC936_003160-T1      0.185  28  0.364  28  0.891  17  0.761   0.519 Y  0.450      SignalP-TM
EC936|EC936_003161-T1      0.252  24  0.441  24  0.862  18  0.681   0.534 Y  0.450      SignalP-TM
EC936|EC936_003161-T1      0.402  20  0.579  20  0.923  16  0.831   0.698 Y  0.570      SignalP-noTM
EC936|EC936_003164-T1      0.233  24  0.396  24  0.842   5  0.717   0.521 Y  0.450      SignalP-TM
EC936|EC936_003164-T1      0.262  24  0.445  22  0.921   8  0.861   0.640 Y  0.570      SignalP-noTM
EC936|EC936_003169-T1      0.619  22  0.645  22  0.765  12  0.574   0.617 Y  0.450      SignalP-TM
EC936|EC936_003169-T1      0.880  22  0.844  22  0.952  20  0.816   0.831 Y  0.570      SignalP-noTM
EC936|EC936_003173-T1      0.185  29  0.340  29  0.789   6  0.686   0.475 Y  0.450      SignalP-TM
EC936|EC936_003174-T1      0.201  18  0.408  18  0.890  13  0.837   0.610 Y  0.570      SignalP-noTM
EC936|EC936_003174-T1      0.221  29  0.376  29  0.767  20  0.628   0.475 Y  0.450      SignalP-TM
EC936|EC936_003194-T1      0.233  22  0.390  22  0.787  13  0.647   0.490 Y  0.450      SignalP-TM
EC936|EC936_003195-T1      0.288  31  0.387  31  0.877  16  0.615   0.476 Y  0.450      SignalP-TM
EC936|EC936_003202-T1      0.270  20  0.463  20  0.898  17  0.776   0.585 Y  0.450      SignalP-TM
EC936|EC936_003202-T1      0.469  20  0.638  20  0.940  17  0.868   0.746 Y  0.570      SignalP-noTM
EC936|EC936_003217-T1      0.609  20  0.618  20  0.789  16  0.645   0.628 Y  0.450      SignalP-TM
EC936|EC936_003217-T1      0.753  20  0.763  20  0.867   1  0.784   0.773 Y  0.570      SignalP-noTM
EC936|EC936_003225-T1      0.195  19  0.397  19  0.900   9  0.819   0.595 Y  0.570      SignalP-noTM
EC936|EC936_003225-T1      0.205  19  0.392  19  0.884  13  0.739   0.527 Y  0.450      SignalP-TM
EC936|EC936_003235-T1      0.150  28  0.291  18  0.877   9  0.790   0.486 Y  0.450      SignalP-TM
EC936|EC936_003239-T1      0.124  19  0.299  19  0.810  10  0.706   0.458 Y  0.450      SignalP-TM
EC936|EC936_003242-T1      0.229  25  0.444  25  0.936  18  0.834   0.596 Y  0.450      SignalP-TM
EC936|EC936_003271-T1      0.343  25  0.481  25  0.863  18  0.715   0.572 Y  0.450      SignalP-TM
EC936|EC936_003293-T1      0.221  44  0.399  44  0.893  25  0.735   0.530 Y  0.450      SignalP-TM
EC936|EC936_003297-T1      0.186  23  0.380  23  0.928  11  0.830   0.555 Y  0.450      SignalP-TM
EC936|EC936_003297-T1      0.224  19  0.452  19  0.946   7  0.915   0.669 Y  0.570      SignalP-noTM
EC936|EC936_003303-T1      0.125  36  0.300  23  0.876  10  0.706   0.458 Y  0.450      SignalP-TM
EC936|EC936_003306-T1      0.252  22  0.418  22  0.835  18  0.705   0.530 Y  0.450      SignalP-TM
EC936|EC936_003312-T1      0.227  26  0.388  26  0.870   5  0.735   0.523 Y  0.450      SignalP-TM
EC936|EC936_003352-T1      0.218  27  0.373  27  0.801  20  0.611   0.466 Y  0.450      SignalP-TM
EC936|EC936_003355-T1      0.191  23  0.357  23  0.776  13  0.656   0.474 Y  0.450      SignalP-TM
EC936|EC936_003363-T1      0.136  27  0.272  11  0.836   4  0.749   0.458 Y  0.450      SignalP-TM
EC936|EC936_003392-T1      0.106  24  0.286  11  0.875   3  0.820   0.494 Y  0.450      SignalP-TM
EC936|EC936_003400-T1      0.249  34  0.398  34  0.799  27  0.603   0.478 Y  0.450      SignalP-TM
EC936|EC936_003427-T1      0.167  69  0.342  24  0.838  13  0.722   0.490 Y  0.450      SignalP-TM
EC936|EC936_003463-T1      0.258  25  0.422  25  0.860  17  0.618   0.498 Y  0.450      SignalP-TM
EC936|EC936_003465-T1      0.208  31  0.347  17  0.901  16  0.767   0.511 Y  0.450      SignalP-TM
EC936|EC936_003465-T1      0.464  20  0.610  20  0.901  16  0.819   0.708 Y  0.570      SignalP-noTM
EC936|EC936_003466-T1      0.248  31  0.380  31  0.834  16  0.646   0.484 Y  0.450      SignalP-TM
EC936|EC936_003466-T1      0.314  18  0.514  18  0.899   7  0.840   0.667 Y  0.570      SignalP-noTM
EC936|EC936_003467-T1      0.134  20  0.335  20  0.914   8  0.845   0.534 Y  0.450      SignalP-TM
EC936|EC936_003467-T1      0.328  20  0.539  20  0.953  16  0.892   0.705 Y  0.570      SignalP-noTM
EC936|EC936_003483-T1      0.303  22  0.410  22  0.660  15  0.521   0.453 Y  0.450      SignalP-TM
EC936|EC936_003519-T1      0.128  47  0.289  16  0.839  13  0.778   0.479 Y  0.450      SignalP-TM
EC936|EC936_003523-T1      0.617  23  0.541  23  0.643  18  0.511   0.529 Y  0.450      SignalP-TM
EC936|EC936_003525-T1      0.230  22  0.351  22  0.765   2  0.608   0.451 Y  0.450      SignalP-TM
EC936|EC936_003525-T1      0.320  22  0.497  22  0.870  11  0.803   0.641 Y  0.570      SignalP-noTM
EC936|EC936_003529-T1      0.209  21  0.375  21  0.772  19  0.615   0.469 Y  0.450      SignalP-TM
EC936|EC936_003541-T1      0.249  23  0.440  23  0.913  17  0.736   0.555 Y  0.450      SignalP-TM
EC936|EC936_003543-T1      0.262  26  0.441  26  0.904  19  0.732   0.555 Y  0.450      SignalP-TM
EC936|EC936_003543-T1      0.327  21  0.493  21  0.852  19  0.771   0.624 Y  0.570      SignalP-noTM
EC936|EC936_003545-T1      0.249  21  0.473  21  0.978  10  0.900   0.674 Y  0.570      SignalP-noTM
EC936|EC936_003545-T1      0.396  21  0.600  21  0.958  12  0.892   0.714 Y  0.450      SignalP-TM
EC936|EC936_003583-T1      0.645  29  0.740  29  0.924  24  0.739   0.739 Y  0.450      SignalP-TM
EC936|EC936_003583-T1      0.855  29  0.902  29  0.971  20  0.928   0.914 Y  0.570      SignalP-noTM
EC936|EC936_003599-T1      0.155  70  0.284  12  0.899   4  0.820   0.493 Y  0.450      SignalP-TM
EC936|EC936_003602-T1      0.188  24  0.350  24  0.865   4  0.716   0.493 Y  0.450      SignalP-TM
EC936|EC936_003602-T1      0.220  21  0.411  19  0.901   1  0.801   0.594 Y  0.570      SignalP-noTM
EC936|EC936_003604-T1      0.379  26  0.580  26  0.970  17  0.864   0.690 Y  0.450      SignalP-TM
EC936|EC936_003604-T1      0.539  26  0.608  26  0.945  15  0.800   0.698 Y  0.570      SignalP-noTM
EC936|EC936_003608-T1      0.242  18  0.450  18  0.902  17  0.841   0.603 Y  0.450      SignalP-TM
EC936|EC936_003608-T1      0.382  18  0.585  18  0.942  10  0.898   0.732 Y  0.570      SignalP-noTM
EC936|EC936_003646-T1      0.429  26  0.529  26  0.773   4  0.661   0.580 Y  0.450      SignalP-TM
EC936|EC936_003648-T1      0.328  22  0.435  22  0.788  18  0.609   0.503 Y  0.450      SignalP-TM
EC936|EC936_003648-T1      0.618  22  0.619  22  0.889   2  0.676   0.646 Y  0.570      SignalP-noTM
EC936|EC936_003650-T1      0.330  20  0.420  20  0.790  18  0.590   0.486 Y  0.450      SignalP-TM
EC936|EC936_003656-T1      0.360  22  0.468  22  0.794   7  0.668   0.546 Y  0.450      SignalP-TM
EC936|EC936_003674-T1      0.274  25  0.409  25  0.864  18  0.617   0.490 Y  0.450      SignalP-TM
EC936|EC936_003675-T1      0.412  20  0.579  20  0.885   3  0.827   0.676 Y  0.450      SignalP-TM
EC936|EC936_003675-T1      0.809  20  0.837  20  0.932  18  0.867   0.851 Y  0.570      SignalP-noTM
EC936|EC936_003741-T1      0.143  37  0.321  19  0.852  14  0.700   0.469 Y  0.450      SignalP-TM
EC936|EC936_003743-T1      0.155  36  0.303  22  0.868  21  0.812   0.501 Y  0.450      SignalP-TM
EC936|EC936_003757-T1      0.158  36  0.307  15  0.753   3  0.710   0.464 Y  0.450      SignalP-TM
EC936|EC936_003793-T1      0.733  22  0.622  22  0.724   7  0.581   0.606 Y  0.450      SignalP-TM
EC936|EC936_003793-T1      0.899  22  0.798  22  0.851  18  0.739   0.770 Y  0.570      SignalP-noTM
EC936|EC936_003912-T1      0.154  22  0.377  22  0.957   8  0.927   0.591 Y  0.450      SignalP-TM
EC936|EC936_003912-T1      0.209  20  0.438  20  0.951  16  0.916   0.662 Y  0.570      SignalP-noTM
EC936|EC936_003927-T1      0.468  21  0.566  21  0.860  19  0.713   0.623 Y  0.450      SignalP-TM
EC936|EC936_003927-T1      0.826  21  0.704  21  0.815   1  0.662   0.684 Y  0.570      SignalP-noTM
EC936|EC936_003955-T1      0.367  18  0.535  18  0.874  16  0.781   0.651 Y  0.570      SignalP-noTM
EC936|EC936_003959-T1      0.226  22  0.386  22  0.782  16  0.657   0.492 Y  0.450      SignalP-TM
EC936|EC936_003959-T1      0.253  17  0.460  17  0.885  10  0.833   0.635 Y  0.570      SignalP-noTM
EC936|EC936_003963-T1      0.205  21  0.362  21  0.705  15  0.644   0.472 Y  0.450      SignalP-TM
EC936|EC936_004010-T1      0.355  28  0.481  28  0.802  19  0.620   0.535 Y  0.450      SignalP-TM
EC936|EC936_004011-T1      0.162  31  0.334  24  0.820   9  0.734   0.490 Y  0.450      SignalP-TM
EC936|EC936_004011-T1      0.271  22  0.453  22  0.847   2  0.772   0.603 Y  0.570      SignalP-noTM
EC936|EC936_004012-T1      0.252  19  0.413  19  0.900  16  0.670   0.514 Y  0.450      SignalP-TM
EC936|EC936_004023-T1      0.170  30  0.329  17  0.862  16  0.814   0.518 Y  0.450      SignalP-TM
EC936|EC936_004024-T1      0.159  31  0.350  21  0.860  15  0.785   0.520 Y  0.450      SignalP-TM
EC936|EC936_004025-T1      0.357  27  0.538  27  0.921  18  0.767   0.627 Y  0.450      SignalP-TM
EC936|EC936_004025-T1      0.628  20  0.737  20  0.925  10  0.862   0.796 Y  0.570      SignalP-noTM
EC936|EC936_004026-T1      0.345  29  0.453  29  0.823  15  0.652   0.531 Y  0.450      SignalP-TM
EC936|EC936_004033-T1      0.202  17  0.387  17  0.848  10  0.709   0.513 Y  0.450      SignalP-TM
EC936|EC936_004043-T1      0.286  26  0.412  26  0.816   9  0.655   0.507 Y  0.450      SignalP-TM
EC936|EC936_004056-T1      0.143  27  0.287  22  0.850   8  0.707   0.451 Y  0.450      SignalP-TM
EC936|EC936_004089-T1      0.505  25  0.499  25  0.695   1  0.558   0.522 Y  0.450      SignalP-TM
EC936|EC936_004132-T1      0.160  21  0.331  21  0.785  19  0.686   0.469 Y  0.450      SignalP-TM
EC936|EC936_004132-T1      0.219  20  0.421  20  0.933   1  0.836   0.616 Y  0.570      SignalP-noTM
EC936|EC936_004223-T1      0.568  34  0.498  34  0.682  16  0.452   0.480 Y  0.450      SignalP-TM
EC936|EC936_004224-T1      0.378  20  0.526  20  0.822  18  0.685   0.588 Y  0.450      SignalP-TM
EC936|EC936_004224-T1      0.616  20  0.770  20  0.980  11  0.934   0.847 Y  0.570      SignalP-noTM
EC936|EC936_004225-T1      0.281  23  0.455  23  0.874  13  0.760   0.574 Y  0.450      SignalP-TM
EC936|EC936_004228-T1      0.502  19  0.623  19  0.929  11  0.753   0.684 Y  0.570      SignalP-noTM
EC936|EC936_004229-T1      0.441  26  0.465  26  0.768  17  0.567   0.505 Y  0.450      SignalP-TM
EC936|EC936_004229-T1      0.505  19  0.617  19  0.886  11  0.769   0.688 Y  0.570      SignalP-noTM
EC936|EC936_004255-T1      0.161  23  0.344  23  0.834  19  0.680   0.475 Y  0.450      SignalP-TM
EC936|EC936_004257-T1      0.398  21  0.491  21  0.855  17  0.669   0.574 Y  0.570      SignalP-noTM
EC936|EC936_004271-T1      0.176  25  0.370  17  0.888  13  0.817   0.580 Y  0.570      SignalP-noTM
EC936|EC936_004271-T1      0.370  25  0.531  25  0.903   1  0.799   0.636 Y  0.450      SignalP-TM
EC936|EC936_004273-T1      0.429  26  0.524  26  0.932  16  0.747   0.629 Y  0.570      SignalP-noTM
EC936|EC936_004273-T1      0.598  26  0.732  26  0.944  17  0.839   0.774 Y  0.450      SignalP-TM
EC936|EC936_004275-T1      0.316  21  0.495  21  0.894  17  0.718   0.582 Y  0.450      SignalP-TM
EC936|EC936_004278-T1      0.165  23  0.353  23  0.889  17  0.728   0.499 Y  0.450      SignalP-TM
EC936|EC936_004278-T1      0.257  21  0.437  21  0.903   1  0.759   0.588 Y  0.570      SignalP-noTM
EC936|EC936_004279-T1      0.162  23  0.344  23  0.877  17  0.719   0.490 Y  0.450      SignalP-TM
EC936|EC936_004279-T1      0.292  21  0.471  21  0.919   1  0.779   0.616 Y  0.570      SignalP-noTM
EC936|EC936_004280-T1      0.161  23  0.339  23  0.866  17  0.700   0.480 Y  0.450      SignalP-TM
EC936|EC936_004280-T1      0.291  21  0.470  21  0.919   1  0.779   0.615 Y  0.570      SignalP-noTM
EC936|EC936_004295-T1      0.482  23  0.556  23  0.747  16  0.591   0.570 Y  0.450      SignalP-TM
EC936|EC936_004296-T1      0.140  36  0.282  18  0.848  10  0.738   0.459 Y  0.450      SignalP-TM
EC936|EC936_004393-T1      0.269  23  0.401  23  0.685  20  0.567   0.466 Y  0.450      SignalP-TM
EC936|EC936_004427-T1      0.160  24  0.330  24  0.756   8  0.673   0.464 Y  0.450      SignalP-TM
EC936|EC936_004428-T1      0.412  19  0.572  19  0.855  11  0.796   0.677 Y  0.570      SignalP-noTM
EC936|EC936_004474-T1      0.196  39  0.285  13  0.844   9  0.803   0.487 Y  0.450      SignalP-TM
EC936|EC936_004548-T1      0.201  67  0.353  25  0.888  17  0.671   0.477 Y  0.450      SignalP-TM
EC936|EC936_004548-T1      0.400  19  0.552  19  0.920  17  0.777   0.658 Y  0.570      SignalP-noTM
EC936|EC936_004549-T1      0.239  22  0.393  22  0.747  20  0.559   0.457 Y  0.450      SignalP-TM
EC936|EC936_004570-T1      0.297  22  0.457  22  0.851  18  0.708   0.575 Y  0.570      SignalP-noTM
EC936|EC936_004612-T1      0.282  25  0.476  25  0.924  18  0.805   0.604 Y  0.450      SignalP-TM
EC936|EC936_004642-T1      0.197  18  0.349  18  0.778  15  0.614   0.453 Y  0.450      SignalP-TM
EC936|EC936_004653-T1      0.456  24  0.479  24  0.683   3  0.563   0.512 Y  0.450      SignalP-TM
EC936|EC936_004653-T1      0.662  24  0.565  24  0.806   1  0.567   0.566 Y  0.510      SignalP-TM
EC936|EC936_004696-T1      0.201  30  0.321  30  0.910  17  0.671   0.458 Y  0.450      SignalP-TM
EC936|EC936_004736-T1      0.598  23  0.630  23  0.758  15  0.670   0.646 Y  0.450      SignalP-TM
EC936|EC936_004736-T1      0.660  23  0.634  23  0.773   2  0.658   0.645 Y  0.570      SignalP-noTM
EC936|EC936_004737-T1      0.172  21  0.352  21  0.877   1  0.746   0.506 Y  0.450      SignalP-TM
EC936|EC936_004737-T1      0.287  21  0.481  21  0.917  17  0.808   0.634 Y  0.570      SignalP-noTM
EC936|EC936_004739-T1      0.238  31  0.433  31  0.975  15  0.876   0.606 Y  0.450      SignalP-TM
EC936|EC936_004739-T1      0.385  21  0.611  21  0.983  17  0.957   0.773 Y  0.570      SignalP-noTM
EC936|EC936_004813-T1      0.605  24  0.613  24  0.889   1  0.715   0.652 Y  0.450      SignalP-TM
EC936|EC936_004813-T1      0.632  24  0.610  24  0.914  10  0.736   0.669 Y  0.570      SignalP-noTM
EC936|EC936_004820-T1      0.460  20  0.556  20  0.824   1  0.674   0.611 Y  0.570      SignalP-noTM
EC936|EC936_004826-T1      0.170  18  0.385  18  0.917  10  0.870   0.613 Y  0.570      SignalP-noTM
EC936|EC936_004826-T1      0.187  24  0.345  24  0.877   1  0.710   0.488 Y  0.450      SignalP-TM
EC936|EC936_004855-T1      0.362  23  0.437  23  0.681  15  0.505   0.464 Y  0.450      SignalP-TM
EC936|EC936_004866-T1      0.390  24  0.527  24  0.976  11  0.819   0.664 Y  0.570      SignalP-noTM
EC936|EC936_004866-T1      0.435  23  0.592  23  0.862  21  0.799   0.673 Y  0.450      SignalP-TM
EC936|EC936_004867-T1      0.162  25  0.286  13  0.861   4  0.752   0.468 Y  0.450      SignalP-TM
EC936|EC936_004869-T1      0.142  19  0.321  19  0.886   4  0.765   0.494 Y  0.450      SignalP-TM
EC936|EC936_004869-T1      0.245  21  0.450  21  0.934   2  0.854   0.640 Y  0.570      SignalP-noTM
EC936|EC936_004871-T1      0.182  25  0.358  25  0.845  17  0.697   0.490 Y  0.450      SignalP-TM
EC936|EC936_004878-T1      0.251  22  0.450  22  0.861  18  0.801   0.587 Y  0.450      SignalP-TM
EC936|EC936_004878-T1      0.276  22  0.444  22  0.871   9  0.767   0.596 Y  0.570      SignalP-noTM
EC936|EC936_004963-T1      0.365  52  0.481  46  0.870  41  0.523   0.497 Y  0.450      SignalP-TM
EC936|EC936_004964-T1      0.277  58  0.302  18  0.798   1  0.738   0.472 Y  0.450      SignalP-TM
EC936|EC936_004966-T1      0.221  34  0.374  34  0.814  18  0.647   0.481 Y  0.450      SignalP-TM
EC936|EC936_004994-T1      0.526  29  0.620  29  0.932  25  0.694   0.655 Y  0.570      SignalP-noTM
EC936|EC936_005005-T1      0.495  25  0.576  25  0.900   1  0.771   0.668 Y  0.570      SignalP-noTM
EC936|EC936_005006-T1      0.409  23  0.506  23  0.691  10  0.597   0.542 Y  0.450      SignalP-TM
EC936|EC936_005006-T1      0.448  23  0.602  23  0.934  18  0.819   0.704 Y  0.570      SignalP-noTM
EC936|EC936_005033-T1      0.239  21  0.407  21  0.828  16  0.707   0.524 Y  0.450      SignalP-TM
EC936|EC936_005035-T1      0.272  19  0.490  19  0.931   1  0.892   0.679 Y  0.570      SignalP-noTM
EC936|EC936_005035-T1      0.301  19  0.515  19  0.932  16  0.884   0.659 Y  0.450      SignalP-TM
EC936|EC936_005051-T1      0.354  19  0.521  19  0.921   3  0.802   0.630 Y  0.450      SignalP-TM
EC936|EC936_005061-T1      0.327  25  0.504  25  0.861  24  0.749   0.599 Y  0.450      SignalP-TM
EC936|EC936_005061-T1      0.462  25  0.559  25  0.956  12  0.775   0.660 Y  0.570      SignalP-noTM
EC936|EC936_005062-T1      0.244  22  0.460  22  0.918  16  0.837   0.600 Y  0.510      SignalP-TM
EC936|EC936_005062-T1      0.244  24  0.464  24  0.926  17  0.855   0.616 Y  0.450      SignalP-TM
EC936|EC936_005063-T1      0.367  22  0.576  22  0.983  11  0.916   0.736 Y  0.570      SignalP-noTM
EC936|EC936_005063-T1      0.531  24  0.640  24  0.897  15  0.782   0.696 Y  0.450      SignalP-TM
EC936|EC936_005064-T1      0.294  22  0.483  22  0.926  10  0.813   0.638 Y  0.570      SignalP-noTM
EC936|EC936_005064-T1      0.342  24  0.471  24  0.798  16  0.688   0.556 Y  0.450      SignalP-TM
EC936|EC936_005227-T1      0.327  21  0.483  21  0.780  13  0.700   0.568 Y  0.450      SignalP-TM
EC936|EC936_005227-T1      0.521  21  0.680  21  0.948  18  0.837   0.754 Y  0.570      SignalP-noTM
EC936|EC936_005229-T1      0.244  22  0.447  22  0.899   1  0.818   0.621 Y  0.570      SignalP-noTM
EC936|EC936_005233-T1      0.232  23  0.435  20  0.933  17  0.831   0.590 Y  0.450      SignalP-TM
EC936|EC936_005233-T1      0.646  20  0.766  20  0.933   1  0.908   0.833 Y  0.570      SignalP-noTM
EC936|EC936_005236-T1      0.231  49  0.356  23  0.914  16  0.779   0.521 Y  0.450      SignalP-TM
EC936|EC936_005251-T1      0.200  19  0.392  19  0.844   1  0.782   0.575 Y  0.570      SignalP-noTM
EC936|EC936_005251-T1      0.244  26  0.454  26  0.913  16  0.852   0.609 Y  0.450      SignalP-TM
EC936|EC936_005266-T1      0.106  60  0.280  12  0.847   7  0.746   0.462 Y  0.450      SignalP-TM
EC936|EC936_005275-T1      0.162  25  0.349  25  0.855  17  0.714   0.491 Y  0.450      SignalP-TM
EC936|EC936_005276-T1      0.164  32  0.333  23  0.875  17  0.752   0.496 Y  0.450      SignalP-TM
EC936|EC936_005277-T1      0.252  20  0.421  20  0.810  18  0.698   0.529 Y  0.450      SignalP-TM
EC936|EC936_005277-T1      0.331  20  0.497  20  0.849  12  0.720   0.602 Y  0.570      SignalP-noTM
EC936|EC936_005280-T1      0.203  32  0.363  24  0.916  17  0.682   0.487 Y  0.450      SignalP-TM
EC936|EC936_005289-T1      0.356  26  0.461  26  0.804  14  0.639   0.530 Y  0.450      SignalP-TM
EC936|EC936_005295-T1      0.226  44  0.284  17  0.884  10  0.790   0.481 Y  0.450      SignalP-TM
EC936|EC936_005296-T1      0.196  22  0.417  22  0.916   9  0.869   0.593 Y  0.450      SignalP-TM
EC936|EC936_005296-T1      0.725  22  0.819  22  0.962  17  0.921   0.867 Y  0.570      SignalP-noTM
EC936|EC936_005304-T1      0.186  24  0.318  22  0.910   7  0.721   0.475 Y  0.450      SignalP-TM
EC936|EC936_005312-T1      0.196  34  0.336  16  0.820   8  0.687   0.473 Y  0.450      SignalP-TM
EC936|EC936_005357-T1      0.269  21  0.419  21  0.757  16  0.593   0.487 Y  0.450      SignalP-TM
EC936|EC936_005384-T1      0.132  35  0.282  12  0.858   9  0.775   0.474 Y  0.450      SignalP-TM
EC936|EC936_005396-T1      0.204  27  0.324  18  0.756   7  0.659   0.455 Y  0.450      SignalP-TM
EC936|EC936_005396-T1      0.465  18  0.644  18  0.941  17  0.886   0.757 Y  0.570      SignalP-noTM
EC936|EC936_005402-T1      0.139  29  0.308  20  0.865  12  0.751   0.480 Y  0.450      SignalP-TM
EC936|EC936_005415-T1      0.164  22  0.344  22  0.853  18  0.703   0.484 Y  0.450      SignalP-TM
EC936|EC936_005415-T1      0.463  22  0.618  22  0.909  19  0.798   0.703 Y  0.570      SignalP-noTM
EC936|EC936_005421-T1      0.189  31  0.273  11  0.803   3  0.747   0.458 Y  0.450      SignalP-TM
EC936|EC936_005449-T1      0.181  24  0.357  24  0.800  19  0.643   0.469 Y  0.450      SignalP-TM
EC936|EC936_005451-T1      0.168  41  0.305  23  0.892   1  0.739   0.474 Y  0.450      SignalP-TM
EC936|EC936_005463-T1      0.434  20  0.555  20  0.839  16  0.731   0.637 Y  0.570      SignalP-noTM
EC936|EC936_005477-T1      0.165  28  0.371  20  0.941  16  0.831   0.550 Y  0.450      SignalP-TM
EC936|EC936_005477-T1      0.166  28  0.361  22  0.952  16  0.875   0.602 Y  0.570      SignalP-noTM
EC936|EC936_005478-T1      0.364  31  0.436  31  0.868   1  0.645   0.518 Y  0.450      SignalP-TM
EC936|EC936_005484-T1      0.321  17  0.455  17  0.820  15  0.589   0.507 Y  0.450      SignalP-TM
EC936|EC936_005498-T1      0.149  43  0.286  12  0.839   1  0.799   0.486 Y  0.450      SignalP-TM
EC936|EC936_005500-T1      0.200  53  0.310  22  0.822  12  0.692   0.459 Y  0.450      SignalP-TM
EC936|EC936_005511-T1      0.259  26  0.407  26  0.824  18  0.671   0.510 Y  0.450      SignalP-TM
EC936|EC936_005531-T1      0.276  30  0.403  30  0.875  19  0.553   0.461 Y  0.450      SignalP-TM
EC936|EC936_005581-T1      0.121  59  0.288  15  0.878   5  0.808   0.491 Y  0.450      SignalP-TM
EC936|EC936_005593-T1      0.276  32  0.435  23  0.867  21  0.577   0.490 Y  0.450      SignalP-TM
EC936|EC936_005621-T1      0.172  26  0.337  23  0.850  14  0.685   0.472 Y  0.450      SignalP-TM
EC936|EC936_005652-T1      0.366  21  0.508  19  0.862   1  0.777   0.634 Y  0.570      SignalP-noTM
EC936|EC936_005652-T1      0.378  21  0.458  21  0.872   1  0.619   0.521 Y  0.450      SignalP-TM
EC936|EC936_005667-T1      0.143  22  0.362  22  0.944  16  0.911   0.577 Y  0.450      SignalP-TM
EC936|EC936_005667-T1      0.191  20  0.410  20  0.923  16  0.887   0.634 Y  0.570      SignalP-noTM
EC936|EC936_005668-T1      0.315  23  0.462  23  0.772  11  0.670   0.543 Y  0.450      SignalP-TM
EC936|EC936_005668-T1      0.432  23  0.603  23  0.964  11  0.876   0.731 Y  0.570      SignalP-noTM
EC936|EC936_005670-T1      0.181  25  0.408  25  0.961  16  0.883   0.593 Y  0.450      SignalP-TM
EC936|EC936_005670-T1      0.334  30  0.468  26  0.951  11  0.847   0.608 Y  0.510      SignalP-TM
EC936|EC936_005674-T1      0.253  24  0.441  24  0.862  22  0.786   0.603 Y  0.570      SignalP-noTM
EC936|EC936_005675-T1      0.197  21  0.385  21  0.914  11  0.790   0.575 Y  0.570      SignalP-noTM
EC936|EC936_005690-T1      0.142  23  0.301  23  0.824  16  0.691   0.453 Y  0.450      SignalP-TM
EC936|EC936_005692-T1      0.146  18  0.324  18  0.816  16  0.718   0.478 Y  0.450      SignalP-TM
EC936|EC936_005693-T1      0.142  18  0.323  18  0.833  16  0.732   0.483 Y  0.450      SignalP-TM
EC936|EC936_005694-T1      0.367  24  0.516  18  0.844  11  0.779   0.640 Y  0.570      SignalP-noTM
EC936|EC936_005694-T1      0.517  24  0.641  24  0.903  16  0.799   0.703 Y  0.450      SignalP-TM
EC936|EC936_005740-T1      0.343  22  0.524  22  0.899   1  0.833   0.669 Y  0.570      SignalP-noTM
EC936|EC936_005740-T1      0.349  25  0.510  25  0.858  17  0.746   0.602 Y  0.450      SignalP-TM
EC936|EC936_005795-T1      0.149  38  0.286  18  0.841  11  0.726   0.458 Y  0.450      SignalP-TM
EC936|EC936_005807-T1      0.120  19  0.298  19  0.774  17  0.721   0.463 Y  0.450      SignalP-TM
EC936|EC936_005817-T1      0.157  29  0.323  18  0.850  16  0.710   0.474 Y  0.450      SignalP-TM
EC936|EC936_005817-T1      0.396  23  0.499  23  0.856  12  0.682   0.585 Y  0.570      SignalP-noTM
EC936|EC936_005824-T1      0.392  21  0.588  21  0.923  18  0.867   0.697 Y  0.450      SignalP-TM
EC936|EC936_005824-T1      0.496  21  0.652  21  0.940  17  0.847   0.743 Y  0.570      SignalP-noTM
EC936|EC936_005826-T1      0.179  20  0.359  20  0.796  19  0.693   0.490 Y  0.450      SignalP-TM
EC936|EC936_005866-T1      0.595  26  0.610  26  0.785  25  0.549   0.587 Y  0.510      SignalP-TM
EC936|EC936_005883-T1      0.440  22  0.544  22  0.816  19  0.705   0.620 Y  0.570      SignalP-noTM
EC936|EC936_005929-T1      0.280  27  0.414  27  0.799  18  0.609   0.490 Y  0.450      SignalP-TM
EC936|EC936_005946-T1      0.252  25  0.439  25  0.910  21  0.729   0.552 Y  0.450      SignalP-TM
EC936|EC936_005946-T1      0.555  25  0.656  25  0.905   3  0.811   0.729 Y  0.570      SignalP-noTM
EC936|EC936_005995-T1      0.178  19  0.357  19  0.852   1  0.743   0.508 Y  0.450      SignalP-TM
EC936|EC936_005995-T1      0.269  19  0.465  19  0.903   1  0.822   0.633 Y  0.570      SignalP-noTM
EC936|EC936_005997-T1      0.151  21  0.355  21  0.941  12  0.858   0.592 Y  0.570      SignalP-noTM
EC936|EC936_005997-T1      0.232  27  0.424  27  0.909  15  0.824   0.580 Y  0.450      SignalP-TM
EC936|EC936_006004-T1      0.216  24  0.408  24  0.819  15  0.729   0.533 Y  0.450      SignalP-TM
EC936|EC936_006007-T1      0.213  22  0.381  22  0.863   4  0.725   0.515 Y  0.450      SignalP-TM
EC936|EC936_006035-T1      0.250  20  0.431  20  0.819  18  0.749   0.555 Y  0.450      SignalP-TM
EC936|EC936_006035-T1      0.779  20  0.833  20  0.939   3  0.903   0.866 Y  0.570      SignalP-noTM
EC936|EC936_006036-T1      0.321  21  0.457  21  0.855  17  0.602   0.513 Y  0.450      SignalP-TM
EC936|EC936_006036-T1      0.529  21  0.618  21  0.914  17  0.748   0.679 Y  0.570      SignalP-noTM
EC936|EC936_006037-T1      0.156  29  0.370  29  0.956  16  0.863   0.562 Y  0.450      SignalP-TM
EC936|EC936_006037-T1      0.260  19  0.455  19  0.884  14  0.772   0.604 Y  0.570      SignalP-noTM
EC936|EC936_006057-T1      0.220  24  0.378  24  0.788  12  0.665   0.490 Y  0.450      SignalP-TM
EC936|EC936_006060-T1      0.268  23  0.472  23  0.919   5  0.858   0.623 Y  0.450      SignalP-TM
EC936|EC936_006060-T1      0.411  23  0.580  23  0.955  10  0.866   0.715 Y  0.570      SignalP-noTM
EC936|EC936_006061-T1      0.274  24  0.480  24  0.897  13  0.849   0.624 Y  0.450      SignalP-TM
EC936|EC936_006061-T1      0.543  24  0.652  24  0.979   7  0.867   0.753 Y  0.570      SignalP-noTM
EC936|EC936_006062-T1      0.209  22  0.435  22  0.935  20  0.901   0.617 Y  0.450      SignalP-TM
EC936|EC936_006062-T1      0.229  22  0.442  22  0.948  12  0.880   0.648 Y  0.570      SignalP-noTM
EC936|EC936_006069-T1      0.598  27  0.580  27  0.786   4  0.630   0.600 Y  0.450      SignalP-TM
EC936|EC936_006077-T1      0.364  18  0.438  18  0.718  16  0.515   0.468 Y  0.450      SignalP-TM
EC936|EC936_006138-T1      0.195  20  0.368  20  0.762   9  0.659   0.481 Y  0.450      SignalP-TM
EC936|EC936_006158-T1      0.366  22  0.592  22  0.971  17  0.934   0.725 Y  0.450      SignalP-TM
EC936|EC936_006158-T1      0.598  22  0.766  22  0.985  14  0.968   0.861 Y  0.570      SignalP-noTM
EC936|EC936_006159-T1      0.233  26  0.348  26  0.809   7  0.631   0.459 Y  0.450      SignalP-TM
EC936|EC936_006182-T1      0.309  25  0.545  25  0.980  17  0.954   0.705 Y  0.450      SignalP-TM
EC936|EC936_006182-T1      0.647  22  0.781  22  0.966  20  0.943   0.857 Y  0.570      SignalP-noTM
EC936|EC936_006202-T1      0.184  26  0.386  26  0.900  20  0.762   0.533 Y  0.450      SignalP-TM
EC936|EC936_006214-T1      0.133  22  0.326  22  0.871  15  0.761   0.495 Y  0.450      SignalP-TM
EC936|EC936_006221-T1      0.558  29  0.557  29  0.897  15  0.691   0.620 Y  0.570      SignalP-noTM
EC936|EC936_006221-T1      0.771  29  0.734  29  0.824  10  0.720   0.728 Y  0.450      SignalP-TM
EC936|EC936_006242-T1      0.401  22  0.595  22  0.937  14  0.888   0.710 Y  0.450      SignalP-TM
EC936|EC936_006242-T1      0.407  22  0.589  22  0.944   8  0.885   0.728 Y  0.570      SignalP-noTM
EC936|EC936_006245-T1      0.171  30  0.306  18  0.840   1  0.712   0.464 Y  0.450      SignalP-TM
EC936|EC936_006246-T1      0.171  30  0.306  18  0.840   1  0.712   0.464 Y  0.450      SignalP-TM
EC936|EC936_006287-T1      0.453  22  0.557  22  0.819  17  0.589   0.569 Y  0.450      SignalP-TM
EC936|EC936_006292-T1      0.198  22  0.363  22  0.733  11  0.627   0.466 Y  0.450      SignalP-TM
EC936|EC936_006320-T1      0.261  25  0.448  25  0.942   7  0.839   0.600 Y  0.450      SignalP-TM
EC936|EC936_006341-T1      0.184  25  0.356  25  0.857   2  0.702   0.491 Y  0.450      SignalP-TM
EC936|EC936_006342-T1      0.164  23  0.327  23  0.884   1  0.708   0.476 Y  0.450      SignalP-TM
EC936|EC936_006364-T1      0.234  27  0.379  27  0.916  14  0.729   0.516 Y  0.450      SignalP-TM
EC936|EC936_006377-T1      0.182  26  0.343  26  0.848   3  0.699   0.482 Y  0.450      SignalP-TM
EC936|EC936_006377-T1      0.309  19  0.480  19  0.888   1  0.769   0.616 Y  0.570      SignalP-noTM
EC936|EC936_006383-T1      0.213  26  0.386  26  0.892  18  0.700   0.508 Y  0.450      SignalP-TM
EC936|EC936_006388-T1      0.214  21  0.351  21  0.794   2  0.623   0.457 Y  0.450      SignalP-TM
EC936|EC936_006389-T1      0.218  46  0.348  23  0.793  16  0.631   0.459 Y  0.450      SignalP-TM
EC936|EC936_006444-T1      0.208  23  0.366  23  0.858  14  0.679   0.488 Y  0.450      SignalP-TM
EC936|EC936_006446-T1      0.208  23  0.366  23  0.858  14  0.679   0.488 Y  0.450      SignalP-TM
EC936|EC936_006471-T1      0.213  22  0.342  22  0.886   1  0.641   0.459 Y  0.450      SignalP-TM
EC936|EC936_006494-T1      0.131  26  0.276  11  0.857   3  0.746   0.460 Y  0.450      SignalP-TM
EC936|EC936_006504-T1      0.189  23  0.324  23  0.851   4  0.658   0.454 Y  0.450      SignalP-TM
EC936|EC936_006505-T1      0.488  28  0.549  28  0.871   2  0.703   0.609 Y  0.450      SignalP-TM
EC936|EC936_006508-T1      0.177  28  0.383  24  0.900  16  0.768   0.533 Y  0.450      SignalP-TM
EC936|EC936_006512-T1      0.203  22  0.392  22  0.881   7  0.799   0.583 Y  0.570      SignalP-noTM
EC936|EC936_006512-T1      0.307  22  0.497  22  0.879  18  0.780   0.607 Y  0.450      SignalP-TM
EC936|EC936_006524-T1      0.325  32  0.407  32  0.688  11  0.537   0.458 Y  0.450      SignalP-TM
EC936|EC936_006535-T1      0.177  27  0.345  21  0.880  17  0.821   0.531 Y  0.450      SignalP-TM
EC936|EC936_006549-T1      0.201  24  0.428  24  0.972  16  0.902   0.651 Y  0.570      SignalP-noTM
EC936|EC936_006549-T1      0.238  31  0.454  24  0.959  17  0.860   0.613 Y  0.450      SignalP-TM
EC936|EC936_006550-T1      0.452  24  0.618  24  0.929  16  0.845   0.707 Y  0.450      SignalP-TM
EC936|EC936_006550-T1      0.553  24  0.659  24  0.931  11  0.833   0.741 Y  0.570      SignalP-noTM
EC936|EC936_006551-T1      0.201  24  0.428  24  0.972  16  0.902   0.651 Y  0.570      SignalP-noTM
EC936|EC936_006551-T1      0.238  31  0.454  24  0.959  17  0.860   0.613 Y  0.450      SignalP-TM
EC936|EC936_006552-T1      0.135  18  0.353  18  0.974  16  0.902   0.611 Y  0.570      SignalP-noTM
EC936|EC936_006552-T1      0.167  44  0.375  18  0.926  16  0.839   0.556 Y  0.450      SignalP-TM
EC936|EC936_006629-T1      0.325  25  0.435  25  0.808  19  0.576   0.490 Y  0.450      SignalP-TM
EC936|EC936_006629-T1      0.452  20  0.594  20  0.848  18  0.763   0.673 Y  0.570      SignalP-noTM
EC936|EC936_006663-T1      0.312  21  0.473  21  0.855  11  0.761   0.608 Y  0.570      SignalP-noTM
EC936|EC936_006672-T1      0.346  22  0.511  22  0.891  19  0.773   0.634 Y  0.570      SignalP-noTM
EC936|EC936_006672-T1      0.359  22  0.432  22  0.786   2  0.600   0.498 Y  0.450      SignalP-TM
EC936|EC936_006687-T1      0.211  23  0.419  21  0.941  14  0.877   0.634 Y  0.570      SignalP-noTM
EC936|EC936_006689-T1      0.139  27  0.275  15  0.852  11  0.751   0.461 Y  0.450      SignalP-TM
EC936|EC936_006689-T1      0.186  21  0.399  21  0.930  14  0.859   0.615 Y  0.570      SignalP-noTM
EC936|EC936_006691-T1      0.182  24  0.350  24  0.873   6  0.739   0.501 Y  0.450      SignalP-TM
EC936|EC936_006694-T1      0.212  23  0.398  23  0.848  14  0.732   0.528 Y  0.450      SignalP-TM
EC936|EC936_006695-T1      0.247  21  0.380  21  0.737  14  0.597   0.464 Y  0.450      SignalP-TM
EC936|EC936_006715-T1      0.135  26  0.309  26  0.897   5  0.776   0.491 Y  0.450      SignalP-TM
EC936|EC936_006751-T1      0.337  24  0.478  24  0.863  18  0.720   0.573 Y  0.450      SignalP-TM
EC936|EC936_006760-T1      0.296  25  0.416  25  0.855  16  0.577   0.479 Y  0.450      SignalP-TM
EC936|EC936_006828-T1      0.237  29  0.378  29  0.878  17  0.673   0.493 Y  0.450      SignalP-TM
EC936|EC936_006852-T1      0.211  22  0.434  22  0.957   8  0.910   0.619 Y  0.450      SignalP-TM
EC936|EC936_006852-T1      0.336  22  0.517  22  0.924   2  0.839   0.669 Y  0.570      SignalP-noTM
EC936|EC936_006854-T1      0.230  21  0.393  21  0.763  17  0.688   0.508 Y  0.450      SignalP-TM
EC936|EC936_006887-T1      0.309  24  0.486  24  0.863  17  0.726   0.579 Y  0.450      SignalP-TM
EC936|EC936_006887-T1      0.345  24  0.507  24  0.872  20  0.752   0.622 Y  0.570      SignalP-noTM
EC936|EC936_006888-T1      0.240  22  0.431  22  0.843  19  0.756   0.558 Y  0.450      SignalP-TM
EC936|EC936_006888-T1      0.426  22  0.532  22  0.852  20  0.657   0.590 Y  0.570      SignalP-noTM
EC936|EC936_006937-T1      0.480  21  0.496  21  0.724  20  0.460   0.482 Y  0.450      SignalP-TM
EC936|EC936_006937-T1      0.602  21  0.615  21  0.683  14  0.590   0.605 Y  0.510      SignalP-TM
EC936|EC936_006955-T1      0.184  27  0.377  21  0.931   5  0.848   0.561 Y  0.450      SignalP-TM
EC936|EC936_006955-T1      0.746  21  0.772  21  0.891  19  0.802   0.786 Y  0.570      SignalP-noTM
EC936|EC936_007005-T1      0.210  21  0.429  21  0.975  10  0.903   0.652 Y  0.570      SignalP-noTM
EC936|EC936_007005-T1      0.225  33  0.373  23  0.935  14  0.861   0.563 Y  0.450      SignalP-TM
EC936|EC936_007006-T1      0.210  21  0.428  21  0.974  10  0.902   0.651 Y  0.570      SignalP-noTM
EC936|EC936_007006-T1      0.224  33  0.372  23  0.933  14  0.856   0.561 Y  0.450      SignalP-TM
EC936|EC936_007007-T1      0.163  21  0.366  21  0.927  17  0.817   0.542 Y  0.450      SignalP-TM
EC936|EC936_007007-T1      0.230  21  0.429  21  0.958  10  0.851   0.627 Y  0.570      SignalP-noTM
EC936|EC936_007035-T1      0.172  18  0.370  18  0.855  12  0.797   0.537 Y  0.450      SignalP-TM
EC936|EC936_007035-T1      0.236  18  0.436  18  0.911  16  0.810   0.612 Y  0.570      SignalP-noTM
EC936|EC936_007036-T1      0.199  25  0.408  25  0.909  16  0.836   0.575 Y  0.450      SignalP-TM
EC936|EC936_007036-T1      0.551  19  0.726  19  0.975  14  0.943   0.828 Y  0.570      SignalP-noTM
EC936|EC936_007042-T1      0.320  20  0.441  20  0.668   1  0.614   0.508 Y  0.450      SignalP-TM
EC936|EC936_007089-T1      0.483  24  0.563  24  0.836   3  0.717   0.636 Y  0.570      SignalP-noTM
EC936|EC936_007089-T1      0.519  24  0.580  24  0.706  12  0.635   0.601 Y  0.450      SignalP-TM
EC936|EC936_007295-T1      0.266  30  0.390  30  0.817  12  0.680   0.503 Y  0.450      SignalP-TM
EC936|EC936_007301-T1      0.702  23  0.774  23  0.914  13  0.833   0.797 Y  0.450      SignalP-TM
EC936|EC936_007307-T1      0.636  21  0.759  21  0.972  17  0.887   0.819 Y  0.570      SignalP-noTM
EC936|EC936_007317-T1      0.229  22  0.432  22  0.906  12  0.766   0.563 Y  0.450      SignalP-TM
EC936|EC936_007325-T1      0.239  37  0.425  37  0.943  28  0.611   0.498 Y  0.450      SignalP-TM
EC936|EC936_007342-T1      0.172  20  0.370  20  0.865   2  0.814   0.543 Y  0.450      SignalP-TM
EC936|EC936_007342-T1      0.493  18  0.638  18  0.898   9  0.833   0.729 Y  0.570      SignalP-noTM
EC936|EC936_007343-T1      0.234  24  0.436  24  0.902  15  0.824   0.587 Y  0.450      SignalP-TM
EC936|EC936_007343-T1      0.251  19  0.433  19  0.849  15  0.745   0.579 Y  0.570      SignalP-noTM
EC936|EC936_007427-T1      0.626  27  0.567  27  0.734  17  0.569   0.568 Y  0.450      SignalP-TM
EC936|EC936_007428-T1      0.441  19  0.532  19  0.760  17  0.646   0.576 Y  0.450      SignalP-TM
EC936|EC936_007429-T1      0.275  20  0.483  20  0.940  10  0.868   0.664 Y  0.570      SignalP-noTM
EC936|EC936_007429-T1      0.461  61  0.478  28  0.897  15  0.740   0.580 Y  0.450      SignalP-TM
EC936|EC936_007430-T1      0.182  29  0.379  23  0.910  15  0.863   0.607 Y  0.570      SignalP-noTM
EC936|EC936_007430-T1      0.303  29  0.490  29  0.927  18  0.812   0.615 Y  0.450      SignalP-TM
EC936|EC936_007438-T1      0.144  29  0.318  22  0.879  12  0.708   0.470 Y  0.450      SignalP-TM
EC936|EC936_007441-T1      0.331  27  0.506  27  0.894  13  0.736   0.596 Y  0.450      SignalP-TM
EC936|EC936_007441-T1      0.665  27  0.624  27  0.897  14  0.700   0.660 Y  0.570      SignalP-noTM
EC936|EC936_007458-T1      0.453  23  0.642  23  0.939   9  0.897   0.742 Y  0.450      SignalP-TM
EC936|EC936_007458-T1      0.464  23  0.576  23  0.861  11  0.764   0.665 Y  0.570      SignalP-noTM
EC936|EC936_007460-T1      0.681  25  0.716  25  0.898  11  0.801   0.749 Y  0.450      SignalP-TM
EC936|EC936_007491-T1      0.382  27  0.547  27  0.932  12  0.799   0.645 Y  0.450      SignalP-TM
EC936|EC936_007504-T1      0.374  23  0.491  23  0.700  18  0.625   0.543 Y  0.450      SignalP-TM
EC936|EC936_007509-T1      0.275  22  0.446  22  0.860   1  0.712   0.571 Y  0.570      SignalP-noTM
EC936|EC936_007509-T1      0.286  53  0.360  22  0.790   3  0.600   0.454 Y  0.450      SignalP-TM
EC936|EC936_007516-T1      0.491  23  0.627  23  0.939  10  0.837   0.726 Y  0.570      SignalP-noTM
EC936|EC936_007559-T1      0.402  23  0.536  23  0.834  12  0.741   0.616 Y  0.450      SignalP-TM
EC936|EC936_007559-T1      0.413  23  0.535  23  0.924  10  0.758   0.640 Y  0.570      SignalP-noTM
EC936|EC936_007563-T1      0.261  20  0.444  20  0.865  18  0.767   0.596 Y  0.570      SignalP-noTM
EC936|EC936_007563-T1      0.333  26  0.450  26  0.756  19  0.557   0.492 Y  0.450      SignalP-TM
EC936|EC936_007564-T1      0.220  25  0.386  25  0.851  23  0.638   0.484 Y  0.450      SignalP-TM
EC936|EC936_007566-T1      0.143  28  0.327  22  0.871  12  0.792   0.508 Y  0.450      SignalP-TM
EC936|EC936_007566-T1      0.329  22  0.479  22  0.888  11  0.769   0.615 Y  0.570      SignalP-noTM
EC936|EC936_007567-T1      0.166  43  0.275  16  0.829   2  0.729   0.452 Y  0.450      SignalP-TM
EC936|EC936_007574-T1      0.188  21  0.350  21  0.732   2  0.654   0.469 Y  0.450      SignalP-TM
EC936|EC936_007574-T1      0.470  19  0.537  19  0.822  17  0.629   0.581 Y  0.570      SignalP-noTM
EC936|EC936_007580-T1      0.262  20  0.456  20  0.914  16  0.802   0.591 Y  0.450      SignalP-TM
EC936|EC936_007580-T1      0.399  20  0.598  20  0.965  16  0.889   0.735 Y  0.570      SignalP-noTM
EC936|EC936_007647-T1      0.147  27  0.343  21  0.904  13  0.812   0.526 Y  0.450      SignalP-TM
EC936|EC936_007648-T1      0.326  24  0.528  24  0.927  10  0.850   0.654 Y  0.450      SignalP-TM
EC936|EC936_007662-T1      0.162  19  0.366  19  0.885   8  0.816   0.541 Y  0.450      SignalP-TM
EC936|EC936_007666-T1      0.581  20  0.530  20  0.672  18  0.491   0.515 Y  0.450      SignalP-TM
EC936|EC936_007666-T1      0.784  20  0.699  20  0.782   6  0.672   0.686 Y  0.570      SignalP-noTM
EC936|EC936_007670-T1      0.176  47  0.326  26  0.886  14  0.713   0.477 Y  0.450      SignalP-TM
EC936|EC936_007678-T1      0.268  21  0.460  21  0.887  17  0.800   0.619 Y  0.570      SignalP-noTM
EC936|EC936_007720-T1      0.159  23  0.367  23  0.933   9  0.857   0.597 Y  0.570      SignalP-noTM
EC936|EC936_007726-T1      0.262  25  0.376  25  0.769   6  0.600   0.463 Y  0.450      SignalP-TM
EC936|EC936_007751-T1      0.335  26  0.537  26  0.921  17  0.860   0.663 Y  0.450      SignalP-TM
EC936|EC936_007751-T1      0.468  24  0.646  24  0.954  10  0.906   0.768 Y  0.570      SignalP-noTM
EC936|EC936_007752-T1      0.215  21  0.373  21  0.803   7  0.680   0.493 Y  0.450      SignalP-TM
EC936|EC936_007754-T1      0.302  28  0.408  28  0.873  14  0.649   0.502 Y  0.450      SignalP-TM
EC936|EC936_007763-T1      0.179  40  0.397  20  0.931   7  0.885   0.588 Y  0.450      SignalP-TM
EC936|EC936_007765-T1      0.439  54  0.474  54  0.678   2  0.425   0.455 Y  0.450      SignalP-TM
EC936|EC936_007812-T1      0.447  19  0.522  19  0.821   1  0.641   0.578 Y  0.570      SignalP-noTM
EC936|EC936_007825-T1      0.349  26  0.445  26  0.795  19  0.515   0.472 Y  0.450      SignalP-TM
EC936|EC936_007855-T1      0.252  20  0.450  20  0.869   3  0.815   0.592 Y  0.450      SignalP-TM
EC936|EC936_007855-T1      0.594  20  0.678  20  0.889   1  0.777   0.724 Y  0.570      SignalP-noTM
EC936|EC936_007858-T1      0.197  24  0.345  24  0.897   3  0.702   0.484 Y  0.450      SignalP-TM
EC936|EC936_007858-T1      0.209  19  0.402  19  0.913   1  0.793   0.586 Y  0.570      SignalP-noTM
EC936|EC936_007865-T1      0.170  46  0.306  19  0.881  13  0.729   0.471 Y  0.450      SignalP-TM
EC936|EC936_007914-T1      0.308  29  0.394  29  0.907   1  0.622   0.483 Y  0.450      SignalP-TM
EC936|EC936_007914-T1      0.509  19  0.601  19  0.930   1  0.754   0.673 Y  0.570      SignalP-noTM
EC936|EC936_007920-T1      0.212  31  0.422  31  0.950  16  0.890   0.605 Y  0.450      SignalP-TM
EC936|EC936_007920-T1      0.215  19  0.441  19  0.947  14  0.900   0.657 Y  0.570      SignalP-noTM
EC936|EC936_008000-T1      0.129  60  0.293  13  0.889   4  0.816   0.497 Y  0.450      SignalP-TM
EC936|EC936_008018-T1      0.328  19  0.470  19  0.835  17  0.700   0.578 Y  0.570      SignalP-noTM
EC936|EC936_008020-T1      0.136  29  0.271  11  0.844   2  0.739   0.454 Y  0.450      SignalP-TM
EC936|EC936_008020-T1      0.210  21  0.423  21  0.926   3  0.875   0.636 Y  0.570      SignalP-noTM
EC936|EC936_008024-T1      0.176  23  0.322  23  0.816   5  0.667   0.456 Y  0.450      SignalP-TM
EC936|EC936_008059-T1      0.202  37  0.339  24  0.860  21  0.693   0.477 Y  0.450      SignalP-TM
EC936|EC936_008072-T1      0.415  27  0.586  27  0.922  16  0.812   0.674 Y  0.450      SignalP-TM
EC936|EC936_008072-T1      0.640  27  0.666  27  0.930   9  0.782   0.720 Y  0.570      SignalP-noTM
EC936|EC936_008123-T1      0.374  28  0.485  28  0.878  14  0.685   0.563 Y  0.450      SignalP-TM
EC936|EC936_008138-T1      0.498  20  0.591  20  0.827  15  0.702   0.643 Y  0.570      SignalP-noTM
EC936|EC936_008180-T1      0.183  24  0.349  24  0.767   2  0.697   0.485 Y  0.450      SignalP-TM
EC936|EC936_008203-T1      0.305  30  0.373  22  0.792  18  0.607   0.464 Y  0.450      SignalP-TM
EC936|EC936_008204-T1      0.359  25  0.469  25  0.926  12  0.722   0.588 Y  0.570      SignalP-noTM
EC936|EC936_008204-T1      0.364  25  0.546  25  0.941  12  0.831   0.657 Y  0.450      SignalP-TM
EC936|EC936_008206-T1      0.244  27  0.373  27  0.856  16  0.650   0.481 Y  0.450      SignalP-TM
EC936|EC936_008206-T1      0.285  20  0.487  20  0.926  16  0.834   0.650 Y  0.570      SignalP-noTM
EC936|EC936_008208-T1      0.261  19  0.483  19  0.935  18  0.902   0.680 Y  0.570      SignalP-noTM
EC936|EC936_008208-T1      0.299  62  0.327  26  0.903  18  0.781   0.504 Y  0.450      SignalP-TM
EC936|EC936_008209-T1      0.335  38  0.445  38  0.850  34  0.513   0.472 Y  0.450      SignalP-TM
EC936|EC936_008231-T1      0.116  64  0.271  12  0.819   5  0.744   0.456 Y  0.450      SignalP-TM
EC936|EC936_008242-T1      0.210  31  0.364  23  0.925  12  0.812   0.538 Y  0.450      SignalP-TM
EC936|EC936_008242-T1      0.279  23  0.515  23  0.975  14  0.924   0.707 Y  0.570      SignalP-noTM
EC936|EC936_008276-T1      0.173  21  0.372  21  0.910  11  0.830   0.587 Y  0.570      SignalP-noTM
EC936|EC936_008340-T1      0.151  22  0.313  22  0.805  12  0.683   0.457 Y  0.450      SignalP-TM
EC936|EC936_008347-T1      0.274  26  0.398  26  0.752  10  0.637   0.491 Y  0.450      SignalP-TM
EC936|EC936_008397-T1      0.193  37  0.379  37  0.911  32  0.640   0.481 Y  0.450      SignalP-TM
EC936|EC936_008417-T1      0.152  30  0.336  17  0.881  16  0.804   0.519 Y  0.450      SignalP-TM
EC936|EC936_008477-T1      0.389  31  0.457  31  0.870  17  0.600   0.513 Y  0.450      SignalP-TM
EC936|EC936_008477-T1      0.454  31  0.527  21  0.923  16  0.837   0.672 Y  0.570      SignalP-noTM
EC936|EC936_008491-T1      0.238  28  0.371  22  0.781   1  0.705   0.501 Y  0.450      SignalP-TM
EC936|EC936_008493-T1      0.406  27  0.479  27  0.788   2  0.599   0.526 Y  0.450      SignalP-TM
EC936|EC936_008503-T1      0.186  25  0.337  25  0.784  16  0.629   0.451 Y  0.450      SignalP-TM
EC936|EC936_008504-T1      0.211  25  0.360  25  0.720  17  0.597   0.453 Y  0.450      SignalP-TM
EC936|EC936_008573-T1      0.174  17  0.372  17  0.861   6  0.801   0.539 Y  0.450      SignalP-TM
EC936|EC936_008574-T1      0.148  24  0.316  21  0.839   8  0.723   0.475 Y  0.450      SignalP-TM
EC936|EC936_008574-T1      0.409  21  0.576  21  0.924  11  0.832   0.696 Y  0.570      SignalP-noTM
EC936|EC936_008575-T1      0.330  21  0.496  21  0.868  11  0.741   0.611 Y  0.570      SignalP-noTM
EC936|EC936_008575-T1      0.545  23  0.637  21  0.874  18  0.748   0.680 Y  0.450      SignalP-TM
EC936|EC936_008577-T1      0.638  24  0.635  24  0.701  16  0.484   0.576 Y  0.450      SignalP-TM
EC936|EC936_008577-T1      0.668  24  0.617  24  0.782  13  0.522   0.573 Y  0.570      SignalP-noTM
EC936|EC936_008593-T1      0.226  21  0.406  21  0.880   2  0.774   0.550 Y  0.450      SignalP-TM
EC936|EC936_008593-T1      0.500  21  0.628  21  0.911   1  0.823   0.720 Y  0.570      SignalP-noTM
EC936|EC936_008632-T1      0.320  36  0.426  36  0.724   5  0.538   0.470 Y  0.450      SignalP-TM
EC936|EC936_008653-T1      0.217  31  0.373  31  0.841  12  0.664   0.487 Y  0.450      SignalP-TM
EC936|EC936_008654-T1      0.300  22  0.506  22  0.927  16  0.818   0.628 Y  0.450      SignalP-TM
EC936|EC936_008654-T1      0.558  22  0.707  22  0.947  15  0.890   0.793 Y  0.570      SignalP-noTM
EC936|EC936_008668-T1      0.167  26  0.350  16  0.911   1  0.888   0.603 Y  0.570      SignalP-noTM
EC936|EC936_008668-T1      0.515  25  0.605  25  0.883   2  0.767   0.668 Y  0.450      SignalP-TM
EC936|EC936_008669-T1      0.167  26  0.350  16  0.911   1  0.888   0.603 Y  0.570      SignalP-noTM
EC936|EC936_008669-T1      0.515  25  0.605  25  0.883   2  0.767   0.668 Y  0.450      SignalP-TM
EC936|EC936_008676-T1      0.168  28  0.332  22  0.938   5  0.885   0.548 Y  0.450      SignalP-TM
EC936|EC936_008676-T1      0.190  22  0.385  22  0.930   1  0.830   0.594 Y  0.570      SignalP-noTM
EC936|EC936_008773-T1      0.177  24  0.351  24  0.874   5  0.737   0.501 Y  0.450      SignalP-TM
EC936|EC936_008773-T1      0.316  17  0.474  17  0.818   1  0.711   0.585 Y  0.570      SignalP-noTM
EC936|EC936_008791-T1      0.214  20  0.427  20  0.906  18  0.817   0.579 Y  0.450      SignalP-TM
EC936|EC936_008791-T1      0.556  20  0.702  20  0.923  18  0.871   0.781 Y  0.570      SignalP-noTM
EC936|EC936_008803-T1      0.145  22  0.337  21  0.847  16  0.779   0.510 Y  0.450      SignalP-TM
EC936|EC936_008896-T1      0.277  24  0.408  24  0.680  10  0.594   0.481 Y  0.450      SignalP-TM
EC936|EC936_008914-T1      0.447  28  0.574  28  0.842  25  0.740   0.639 Y  0.450      SignalP-TM
EC936|EC936_008938-T1      0.139  17  0.319  17  0.788   6  0.735   0.481 Y  0.450      SignalP-TM
EC936|EC936_008944-T1      0.224  20  0.422  20  0.899  14  0.796   0.598 Y  0.570      SignalP-noTM
EC936|EC936_008944-T1      0.411  29  0.480  29  0.933  18  0.701   0.566 Y  0.450      SignalP-TM
EC936|EC936_008968-T1      0.160  41  0.303  18  0.834  12  0.776   0.487 Y  0.450      SignalP-TM
EC936|EC936_008982-T1      0.112  44  0.274  13  0.784  10  0.743   0.457 Y  0.450      SignalP-TM
EC936|EC936_009003-T1      0.296  46  0.278  20  0.837   4  0.737   0.457 Y  0.450      SignalP-TM
EC936|EC936_009012-T1      0.136  35  0.322  21  0.850  20  0.713   0.475 Y  0.450      SignalP-TM
EC936|EC936_009052-T1      0.439  24  0.502  24  0.676  15  0.539   0.516 Y  0.450      SignalP-TM
EC936|EC936_009066-T1      0.224  34  0.416  34  0.869  11  0.787   0.561 Y  0.450      SignalP-TM
EC936|EC936_009086-T1      0.397  22  0.576  22  0.919  14  0.825   0.693 Y  0.570      SignalP-noTM
EC936|EC936_009086-T1      0.470  25  0.631  25  0.925  21  0.829   0.708 Y  0.450      SignalP-TM
EC936|EC936_009097-T1      0.337  26  0.454  26  0.751   7  0.650   0.531 Y  0.450      SignalP-TM
EC936|EC936_009097-T1      0.488  24  0.560  24  0.912   9  0.757   0.653 Y  0.570      SignalP-noTM
EC936|EC936_009112-T1      0.272  30  0.446  19  0.963  18  0.879   0.615 Y  0.450      SignalP-TM
EC936|EC936_009112-T1      0.397  19  0.597  19  0.942  18  0.892   0.736 Y  0.570      SignalP-noTM
EC936|EC936_009132-T1      0.281  23  0.472  23  0.901  17  0.752   0.581 Y  0.450      SignalP-TM
EC936|EC936_009132-T1      0.373  23  0.526  23  0.905   1  0.767   0.639 Y  0.570      SignalP-noTM
EC936|EC936_009133-T1      0.284  26  0.452  23  0.885  17  0.736   0.563 Y  0.450      SignalP-TM
EC936|EC936_009133-T1      0.382  23  0.533  23  0.921   1  0.780   0.649 Y  0.570      SignalP-noTM
EC936|EC936_009135-T1      0.410  21  0.497  21  0.826   1  0.677   0.582 Y  0.570      SignalP-noTM
EC936|EC936_009135-T1      0.463  27  0.490  27  0.760  18  0.557   0.516 Y  0.450      SignalP-TM
EC936|EC936_009136-T1      0.320  21  0.501  21  0.888  17  0.797   0.616 Y  0.450      SignalP-TM
EC936|EC936_009136-T1      0.732  21  0.767  21  0.917  18  0.823   0.793 Y  0.570      SignalP-noTM
EC936|EC936_009142-T1      0.176  26  0.314  21  0.819  12  0.719   0.472 Y  0.450      SignalP-TM
EC936|EC936_009152-T1      0.528  22  0.676  22  0.924  18  0.851   0.744 Y  0.450      SignalP-TM
EC936|EC936_009152-T1      0.851  22  0.864  22  0.953  10  0.899   0.880 Y  0.570      SignalP-noTM
EC936|EC936_009177-T1      0.172  28  0.364  28  0.832  17  0.755   0.516 Y  0.450      SignalP-TM
EC936|EC936_009177-T1      0.363  28  0.459  28  0.915  14  0.738   0.590 Y  0.570      SignalP-noTM
EC936|EC936_009195-T1      0.186  43  0.276  11  0.855   5  0.752   0.461 Y  0.450      SignalP-TM
EC936|EC936_009208-T1      0.229  23  0.380  23  0.742   7  0.639   0.481 Y  0.450      SignalP-TM
EC936|EC936_009270-T1      0.357  23  0.500  23  0.781  18  0.655   0.560 Y  0.450      SignalP-TM
EC936|EC936_009281-T1      0.187  25  0.353  16  0.880  12  0.817   0.571 Y  0.570      SignalP-noTM
EC936|EC936_009281-T1      0.417  25  0.443  25  0.783   2  0.571   0.493 Y  0.450      SignalP-TM
