Gene ID	CAZy ID	% Identical	Length	Mismatches	Gap Open	Gene Start	Gene End	CAZy Start	CAZy End	E Value	Bit Score
EDC06|EDC06_000043-T1	CDS05640.1|GH20|	44.2	660	320	10	30	678	36	658	4.51e-183	547
EDC06|EDC06_000279-T1	AXG41146.1|GH6|	40.3	710	402	6	144	849	162	853	9.07e-150	469
EDC06|EDC06_000364-T1	APF18717.1|GH3|	40.9	729	406	12	44	760	32	747	2.35e-183	546
EDC06|EDC06_000459-T1	QGI67417.1|GH18|	58.0	431	170	6	2	422	380	809	8.76e-151	457
EDC06|EDC06_000538-T1	QFF92519.1|GH5_9|	42.3	392	214	6	24	411	28	411	8.26e-110	333
EDC06|EDC06_000741-T1	ADK37846.1|GH18|	73.8	294	75	1	30	323	1	292	5.73e-157	452
EDC06|EDC06_000791-T1	SDU44743.1|CBM51|GH31|	55.6	478	194	4	21	481	52	528	3.57e-178	536
EDC06|EDC06_000836-T1	CDS05327.1|GT2|	33.7	1109	643	23	26	1075	29	1104	4.20e-168	546
EDC06|EDC06_000857-T1	QAV16303.1|GH13_5|	58.8	483	196	3	3	484	4	484	4.03e-219	617
EDC06|EDC06_000859-T1	CAN65674.1|GH28|	37.2	557	314	10	119	666	94	623	1.31e-111	371
EDC06|EDC06_000865-T1	CDS05327.1|GT2|	36.8	901	508	17	13	869	18	901	4.13e-161	520
EDC06|EDC06_000936-T1	BAA34296.1|GT4|	45.9	423	221	7	2	421	6	423	1.38e-115	351
EDC06|EDC06_001011-T1	AIT83212.1|GT4|	63.7	306	109	1	2	307	11	314	5.25e-132	397
EDC06|EDC06_001103-T1	CDS05465.1|GH47|	47.5	520	248	3	1	495	1	520	9.87e-169	499
EDC06|EDC06_001313-T1	QKX53119.1|GH72|	46.1	479	243	5	19	486	9	483	3.23e-134	428
EDC06|EDC06_001386-T1	BAA19857.1|GT2|2.4.1.16	57.2	678	275	8	1	673	174	841	2.40e-261	745
EDC06|EDC06_001558-T1	CDS07484.1|CBM43|GH72|	40.2	512	263	12	18	493	19	523	6.72e-118	361
EDC06|EDC06_001617-T1	VBB76690.1|AA3|	36.6	612	324	16	2	558	41	643	6.83e-106	339
EDC06|EDC06_001971-T1	BAA01021.1|CBM19|GH18|3.2.1.14	45.5	424	210	9	18	435	20	428	3.49e-107	332
EDC06|EDC06_002238-T1	CDS03326.1|GH47|	52.5	474	209	8	75	539	133	599	1.68e-161	477
EDC06|EDC06_002280-T1	QHG77622.1|CBM50|	78.5	223	47	1	37	258	55	277	3.43e-125	366
EDC06|EDC06_002316-T1	QDS71450.1|GH47|	62.4	314	116	1	9	322	1044	1355	1.43e-133	419
EDC06|EDC06_002337-T1	QBQ55243.1|CBM50|	33.4	793	451	20	37	810	23	757	3.61e-110	373
EDC06|EDC06_002372-T1	CAN80640.1|GT47|	53.2	434	197	4	3	431	931	1363	1.33e-157	484
EDC06|EDC06_002686-T1	VUW72999.1|AA1|	46.9	435	208	9	265	685	191	616	4.44e-106	354
EDC06|EDC06_002837-T1	QKX53460.1|AA4|	48.8	420	207	5	9	422	620	1037	1.24e-126	395
EDC06|EDC06_002955-T1	CDS08047.1|GT15|	47.5	326	165	2	17	336	46	371	4.37e-107	323
EDC06|EDC06_003103-T1	AIE96983.1|GT7|	30.6	1107	629	22	8	1015	130	1196	7.25e-145	481
EDC06|EDC06_003361-T1	ADK37846.1|GH18|	73.1	294	77	1	30	323	1	292	8.38e-160	452
EDC06|EDC06_003442-T1	SMR56934.1|GT22|	56.5	483	196	5	10	479	608	1089	3.95e-176	529
EDC06|EDC06_003568-T1	BBN14963.1|CBM20|	46.9	382	192	7	1	375	418	795	2.77e-112	351
EDC06|EDC06_003611-T1	QDS78182.1|GT20|	70.2	235	70	0	4	238	100	334	2.08e-120	358
EDC06|EDC06_003674-T1	CDS05274.1|GT2|	54.0	930	380	15	3	903	76	986	0.0	914
EDC06|EDC06_003904-T1	CDS02746.1|GT4|	62.0	424	159	1	5	428	2	423	5.63e-183	521
EDC06|EDC06_004118-T1	EAA65303.1|GT0|	43.0	458	230	6	71	518	749	1185	7.25e-115	376
EDC06|EDC06_004195-T1	CCA15473.1|GH72|	53.2	389	177	4	1	385	565	952	4.54e-137	419
EDC06|EDC06_004561-T1	CDS08031.1|GT2|	46.1	1293	574	25	1	1204	425	1683	0.0	1041
EDC06|EDC06_004598-T1	AKU79211.1|GH20|	35.0	608	308	9	25	547	25	630	4.33e-126	389
EDC06|EDC06_004938-T1	BAC78196.1|GT2|	37.9	612	326	13	167	735	216	816	1.75e-110	370
EDC06|EDC06_004949-T1	EAA65303.1|GT0|	64.6	260	92	0	4	263	1317	1576	3.34e-110	353
EDC06|EDC06_005017-T1	CDS05746.1|GH5_9|	45.9	434	222	5	113	540	2	428	1.08e-140	417
EDC06|EDC06_005587-T1	VDC69778.1|CE8|	43.4	530	288	8	35	560	658	1179	2.44e-132	421
EDC06|EDC06_005628-T1	CDR36844.1|GT48|	44.6	708	327	5	139	794	87	781	7.97e-193	600
EDC06|EDC06_005673-T1	CDS09097.1|GH15|	67.8	376	121	0	2	377	351	726	9.32e-189	544
EDC06|EDC06_005805-T1	CDS08031.1|GT2|	34.9	720	417	17	30	721	13	708	8.17e-123	408
EDC06|EDC06_006008-T1	QBQ55251.1|CBM50|	36.0	758	418	14	21	774	21	715	3.63e-131	422
EDC06|EDC06_006043-T1	QGI80794.1|GT48|	44.8	688	328	12	173	835	205	865	1.36e-190	572
EDC06|EDC06_006173-T1	VUW72999.1|AA1|	63.0	419	150	2	50	468	190	603	3.98e-171	518
EDC06|EDC06_006244-T1	CDS13004.1|GT20|	47.6	328	162	3	15	335	25	349	9.90e-105	328
EDC06|EDC06_006372-T1	CCA15473.1|GH72|	47.0	366	186	4	29	387	561	925	3.25e-107	341
EDC06|EDC06_006411-T1	CCD47155.1|GT35|	60.4	432	171	0	1	432	444	875	2.04e-176	521
EDC06|EDC06_006509-T1	CAK42948.1|GT39|	50.4	607	289	6	1	600	30	631	3.03e-209	607
EDC06|EDC06_006727-T1	QBZ54211.1|GH47|	60.0	325	118	3	2	315	634	957	5.85e-118	375
EDC06|EDC06_006912-T1	CCA70650.1|GT48|	66.0	708	230	7	1	706	737	1435	0.0	924
EDC06|EDC06_006995-T1	CDS08031.1|GT2|	31.8	765	433	16	2	687	421	1175	4.73e-110	370
EDC06|EDC06_007007-T1	CDS04937.1|GH18|	43.7	540	293	8	1	532	2601	3137	2.47e-137	445
EDC06|EDC06_007317-T1	AIE96983.1|GT7|	35.2	676	328	14	1	640	496	1097	7.95e-111	372
EDC06|EDC06_007334-T1	CDS05797.1|GT24|	51.6	455	206	6	16	461	881	1330	7.53e-143	448
EDC06|EDC06_007449-T1	AUB27626.1|GT3|	69.8	487	141	2	8	488	3	489	6.75e-262	735
EDC06|EDC06_007623-T1	AAH68840.1|GT2|	71.8	202	57	0	3	204	30	231	2.80e-105	308
EDC06|EDC06_007720-T1	AWO98658.1|GH37|	66.9	411	135	1	11	420	60	470	1.57e-192	568
EDC06|EDC06_007954-T1	QKX56076.1|GH51|	61.0	405	158	0	54	458	838	1242	1.62e-158	492
EDC06|EDC06_008462-T1	CDS06367.1|GH38|	46.6	494	245	6	1	489	321	800	4.71e-157	479
EDC06|EDC06_008513-T1	ADK37846.1|GH18|	73.5	294	76	1	30	323	1	292	7.67e-159	456
EDC06|EDC06_008761-T1	QGI79035.1|GH43_30|	76.1	335	79	1	2	335	514	848	2.99e-173	529
EDC06|EDC06_009124-T1	CBQ68385.1|CBM48|GH13_8|	72.9	269	73	0	1	269	347	615	8.67e-141	416
EDC06|EDC06_009236-T1	QKX55086.1|GH55|	50.2	434	178	6	1	398	828	1259	3.09e-137	431
EDC06|EDC06_009287-T1	EAA31326.1|GH71|	49.4	385	158	5	1	368	838	1202	2.87e-106	343
EDC06|EDC06_009419-T1	QGI86474.1|GH125|	48.8	422	166	9	1	375	70	488	7.19e-122	380
EDC06|EDC06_009469-T1	CDS05746.1|GH5_9|	46.2	340	171	5	1	334	92	425	1.11e-115	346
EDC06|EDC06_009544-T1	CDS03806.1|GT48|	56.7	390	164	3	1	388	1270	1656	4.01e-139	441
EDC06|EDC06_009616-T1	SDT63342.1|CBM51|GH31|	62.4	396	143	3	1	391	177	571	5.06e-172	516
EDC06|EDC06_009705-T1	AAX19735.1|GH37|	64.9	345	112	2	1	345	362	697	2.55e-166	488
EDC06|EDC06_010067-T1	CAA44069.1|GT35|2.4.1.1	64.2	324	113	2	1	324	83	403	1.01e-147	441
