EDC06|EDC06_000022-T1      0.738  18  0.706  18  0.803  17  0.681   0.694 Y  0.570      SignalP-noTM
EDC06|EDC06_000037-T1      0.129  46  0.284  12  0.895   9  0.828   0.496 Y  0.450      SignalP-TM
EDC06|EDC06_000063-T1      0.384  26  0.558  26  0.903  19  0.795   0.670 Y  0.570      SignalP-noTM
EDC06|EDC06_000068-T1      0.277  56  0.348  22  0.764  15  0.649   0.466 Y  0.450      SignalP-TM
EDC06|EDC06_000086-T1      0.150  44  0.299  15  0.847   5  0.712   0.460 Y  0.450      SignalP-TM
EDC06|EDC06_000086-T1      0.244  20  0.411  20  0.910   2  0.752   0.571 Y  0.570      SignalP-noTM
EDC06|EDC06_000087-T1      0.145  20  0.298  15  0.840   5  0.702   0.455 Y  0.450      SignalP-TM
EDC06|EDC06_000088-T1      0.484  23  0.556  23  0.809  19  0.628   0.584 Y  0.450      SignalP-TM
EDC06|EDC06_000099-T1      0.203  24  0.381  24  0.844  12  0.712   0.510 Y  0.450      SignalP-TM
EDC06|EDC06_000121-T1      0.417  25  0.508  25  0.842  18  0.650   0.560 Y  0.510      SignalP-TM
EDC06|EDC06_000121-T1      0.434  25  0.580  25  0.869  18  0.752   0.647 Y  0.450      SignalP-TM
EDC06|EDC06_000142-T1      0.430  18  0.515  18  0.876  17  0.643   0.575 Y  0.570      SignalP-noTM
EDC06|EDC06_000146-T1      0.429  28  0.453  28  0.618  10  0.503   0.472 Y  0.450      SignalP-TM
EDC06|EDC06_000146-T1      0.545  25  0.582  25  0.684  18  0.589   0.585 Y  0.510      SignalP-TM
EDC06|EDC06_000173-T1      0.131  27  0.299  19  0.859  12  0.763   0.480 Y  0.450      SignalP-TM
EDC06|EDC06_000180-T1      0.113  45  0.278  14  0.811  10  0.746   0.461 Y  0.450      SignalP-TM
EDC06|EDC06_000182-T1      0.307  37  0.415  37  0.913  26  0.626   0.497 Y  0.450      SignalP-TM
EDC06|EDC06_000214-T1      0.124  46  0.276  13  0.827  10  0.761   0.465 Y  0.450      SignalP-TM
EDC06|EDC06_000232-T1      0.144  22  0.335  22  0.912  21  0.748   0.496 Y  0.450      SignalP-TM
EDC06|EDC06_000232-T1      0.538  22  0.660  22  0.879  17  0.814   0.732 Y  0.570      SignalP-noTM
EDC06|EDC06_000251-T1      0.219  25  0.363  25  0.792   3  0.632   0.468 Y  0.450      SignalP-TM
EDC06|EDC06_000251-T1      0.301  21  0.467  21  0.857   1  0.745   0.598 Y  0.570      SignalP-noTM
EDC06|EDC06_000261-T1      0.235  21  0.375  21  0.799   2  0.612   0.467 Y  0.450      SignalP-TM
EDC06|EDC06_000261-T1      0.780  21  0.816  21  0.940  17  0.855   0.834 Y  0.570      SignalP-noTM
EDC06|EDC06_000284-T1      0.160  36  0.355  23  0.913  16  0.791   0.525 Y  0.450      SignalP-TM
EDC06|EDC06_000295-T1      0.245  33  0.393  33  0.767  25  0.575   0.464 Y  0.450      SignalP-TM
EDC06|EDC06_000306-T1      0.215  29  0.351  29  0.818  17  0.641   0.464 Y  0.450      SignalP-TM
EDC06|EDC06_000314-T1      0.374  21  0.548  21  0.931  18  0.785   0.660 Y  0.570      SignalP-noTM
EDC06|EDC06_000316-T1      0.374  21  0.548  21  0.931  18  0.785   0.660 Y  0.570      SignalP-noTM
EDC06|EDC06_000336-T1      0.494  26  0.424  26  0.768  10  0.494   0.451 Y  0.450      SignalP-TM
EDC06|EDC06_000351-T1      0.162  24  0.320  24  0.881   1  0.680   0.461 Y  0.450      SignalP-TM
EDC06|EDC06_000360-T1      0.236  25  0.422  25  0.849  15  0.757   0.552 Y  0.450      SignalP-TM
EDC06|EDC06_000360-T1      0.416  25  0.580  25  0.922  14  0.842   0.703 Y  0.570      SignalP-noTM
EDC06|EDC06_000387-T1      0.174  58  0.353  22  0.882  20  0.799   0.527 Y  0.450      SignalP-TM
EDC06|EDC06_000391-T1      0.367  24  0.524  24  0.836  16  0.743   0.609 Y  0.450      SignalP-TM
EDC06|EDC06_000394-T1      0.336  21  0.516  21  0.858  10  0.787   0.622 Y  0.450      SignalP-TM
EDC06|EDC06_000394-T1      0.600  21  0.748  21  0.948  18  0.929   0.833 Y  0.570      SignalP-noTM
EDC06|EDC06_000403-T1      0.533  18  0.588  18  0.764   9  0.639   0.612 Y  0.570      SignalP-noTM
EDC06|EDC06_000423-T1      0.124  65  0.298  14  0.895   9  0.847   0.512 Y  0.450      SignalP-TM
EDC06|EDC06_000426-T1      0.501  23  0.550  23  0.745  22  0.554   0.552 Y  0.450      SignalP-TM
EDC06|EDC06_000428-T1      0.474  25  0.545  25  0.796  18  0.592   0.563 Y  0.450      SignalP-TM
EDC06|EDC06_000453-T1      0.250  19  0.442  19  0.920  16  0.789   0.577 Y  0.450      SignalP-TM
EDC06|EDC06_000453-T1      0.578  19  0.727  19  0.930  15  0.909   0.794 Y  0.510      SignalP-TM
EDC06|EDC06_000479-T1      0.146  50  0.286  21  0.870   8  0.749   0.467 Y  0.450      SignalP-TM
EDC06|EDC06_000496-T1      0.104  27  0.289  12  0.902   2  0.843   0.505 Y  0.450      SignalP-TM
EDC06|EDC06_000528-T1      0.354  17  0.539  17  0.897  16  0.812   0.667 Y  0.570      SignalP-noTM
EDC06|EDC06_000573-T1      0.518  22  0.637  22  0.906  19  0.715   0.667 Y  0.450      SignalP-TM
EDC06|EDC06_000573-T1      0.699  22  0.691  22  0.818   6  0.708   0.699 Y  0.570      SignalP-noTM
EDC06|EDC06_000577-T1      0.241  36  0.394  36  0.759  32  0.617   0.481 Y  0.450      SignalP-TM
EDC06|EDC06_000583-T1      0.176  44  0.339  24  0.790  10  0.666   0.466 Y  0.450      SignalP-TM
EDC06|EDC06_000583-T1      0.670  24  0.768  24  0.949  18  0.886   0.824 Y  0.570      SignalP-noTM
EDC06|EDC06_000585-T1      0.641  24  0.660  24  0.868  19  0.643   0.652 Y  0.570      SignalP-noTM
EDC06|EDC06_000593-T1      0.149  20  0.322  20  0.757  16  0.667   0.457 Y  0.450      SignalP-TM
EDC06|EDC06_000621-T1      0.529  33  0.666  33  0.912  30  0.728   0.690 Y  0.450      SignalP-TM
EDC06|EDC06_000621-T1      0.703  33  0.780  33  0.979  16  0.902   0.837 Y  0.570      SignalP-noTM
EDC06|EDC06_000624-T1      0.299  67  0.363  20  0.889   6  0.829   0.545 Y  0.450      SignalP-TM
EDC06|EDC06_000684-T1      0.407  21  0.583  21  0.920   6  0.856   0.711 Y  0.570      SignalP-noTM
EDC06|EDC06_000684-T1      0.476  21  0.564  21  0.798  17  0.663   0.603 Y  0.450      SignalP-TM
EDC06|EDC06_000691-T1      0.187  61  0.348  17  0.930   9  0.867   0.540 Y  0.510      SignalP-TM
EDC06|EDC06_000691-T1      0.191  26  0.397  23  0.961  15  0.827   0.565 Y  0.450      SignalP-TM
EDC06|EDC06_000706-T1      0.217  47  0.447  22  0.960  19  0.941   0.640 Y  0.450      SignalP-TM
EDC06|EDC06_000706-T1      0.484  20  0.671  20  0.961  10  0.927   0.791 Y  0.570      SignalP-noTM
EDC06|EDC06_000714-T1      0.350  30  0.478  30  0.780  26  0.611   0.530 Y  0.450      SignalP-TM
EDC06|EDC06_000731-T1      0.200  25  0.373  22  0.832  15  0.689   0.497 Y  0.450      SignalP-TM
EDC06|EDC06_000740-T1      0.229  24  0.355  18  0.804   1  0.703   0.491 Y  0.450      SignalP-TM
EDC06|EDC06_000740-T1      0.354  18  0.555  18  0.923  11  0.870   0.703 Y  0.570      SignalP-noTM
EDC06|EDC06_000741-T1      0.381  20  0.523  20  0.898   2  0.760   0.615 Y  0.450      SignalP-TM
EDC06|EDC06_000741-T1      0.810  20  0.813  20  0.909   1  0.832   0.822 Y  0.570      SignalP-noTM
EDC06|EDC06_000754-T1      0.409  25  0.530  25  0.875   9  0.752   0.617 Y  0.450      SignalP-TM
EDC06|EDC06_000754-T1      0.447  20  0.587  20  0.847  10  0.715   0.635 Y  0.510      SignalP-TM
EDC06|EDC06_000756-T1      0.516  23  0.670  23  0.924  20  0.818   0.728 Y  0.450      SignalP-TM
EDC06|EDC06_000756-T1      0.698  23  0.682  23  0.841   2  0.706   0.693 Y  0.570      SignalP-noTM
EDC06|EDC06_000795-T1      0.324  21  0.514  21  0.872  18  0.752   0.606 Y  0.450      SignalP-TM
EDC06|EDC06_000795-T1      0.614  21  0.743  21  0.936  18  0.869   0.803 Y  0.570      SignalP-noTM
EDC06|EDC06_000816-T1      0.311  26  0.417  26  0.781  15  0.611   0.492 Y  0.450      SignalP-TM
EDC06|EDC06_000816-T1      0.371  18  0.497  18  0.819   1  0.668   0.578 Y  0.570      SignalP-noTM
EDC06|EDC06_000825-T1      0.167  27  0.336  27  0.874  16  0.751   0.498 Y  0.450      SignalP-TM
EDC06|EDC06_000853-T1      0.357  23  0.498  23  0.941  11  0.783   0.632 Y  0.570      SignalP-noTM
EDC06|EDC06_000853-T1      0.525  28  0.538  28  0.909  14  0.696   0.599 Y  0.450      SignalP-TM
EDC06|EDC06_000862-T1      0.290  18  0.483  18  0.880  16  0.814   0.639 Y  0.570      SignalP-noTM
EDC06|EDC06_000870-T1      0.212  28  0.360  28  0.805  13  0.667   0.480 Y  0.450      SignalP-TM
EDC06|EDC06_000870-T1      0.446  28  0.557  28  0.872  12  0.768   0.656 Y  0.570      SignalP-noTM
EDC06|EDC06_000871-T1      0.172  23  0.348  23  0.746  13  0.670   0.474 Y  0.450      SignalP-TM
EDC06|EDC06_000874-T1      0.270  29  0.414  29  0.878  17  0.711   0.530 Y  0.450      SignalP-TM
EDC06|EDC06_000874-T1      0.301  19  0.503  19  0.915  17  0.829   0.656 Y  0.570      SignalP-noTM
EDC06|EDC06_000885-T1      0.313  22  0.473  22  0.818   3  0.714   0.567 Y  0.450      SignalP-TM
EDC06|EDC06_000885-T1      0.371  22  0.555  22  0.926  12  0.826   0.682 Y  0.570      SignalP-noTM
EDC06|EDC06_000935-T1      0.204  26  0.365  26  0.737  23  0.617   0.463 Y  0.450      SignalP-TM
EDC06|EDC06_000966-T1      0.432  20  0.519  20  0.802  19  0.628   0.561 Y  0.450      SignalP-TM
EDC06|EDC06_000966-T1      0.735  24  0.707  24  0.924  18  0.719   0.713 Y  0.570      SignalP-noTM
EDC06|EDC06_000985-T1      0.402  23  0.567  23  0.943  20  0.736   0.647 Y  0.570      SignalP-noTM
EDC06|EDC06_000985-T1      0.497  23  0.506  23  0.813  20  0.421   0.473 Y  0.450      SignalP-TM
EDC06|EDC06_001012-T1      0.140  37  0.308  19  0.899   5  0.808   0.503 Y  0.450      SignalP-TM
EDC06|EDC06_001013-T1      0.139  23  0.333  20  0.883  16  0.805   0.517 Y  0.450      SignalP-TM
EDC06|EDC06_001013-T1      0.236  18  0.438  18  0.865  10  0.817   0.616 Y  0.570      SignalP-noTM
EDC06|EDC06_001031-T1      0.198  28  0.331  17  0.819   9  0.755   0.497 Y  0.450      SignalP-TM
EDC06|EDC06_001038-T1      0.169  26  0.359  15  0.885   2  0.825   0.578 Y  0.570      SignalP-noTM
EDC06|EDC06_001038-T1      0.290  26  0.359  26  0.933   3  0.611   0.458 Y  0.450      SignalP-TM
EDC06|EDC06_001042-T1      0.324  29  0.497  29  0.864  15  0.789   0.611 Y  0.450      SignalP-TM
EDC06|EDC06_001081-T1      0.373  22  0.512  22  0.752  11  0.714   0.591 Y  0.450      SignalP-TM
EDC06|EDC06_001081-T1      0.454  22  0.637  22  0.950  19  0.885   0.753 Y  0.570      SignalP-noTM
EDC06|EDC06_001093-T1      0.244  16  0.434  16  0.859   1  0.777   0.595 Y  0.570      SignalP-noTM
EDC06|EDC06_001093-T1      0.247  22  0.401  22  0.817  12  0.673   0.507 Y  0.450      SignalP-TM
EDC06|EDC06_001143-T1      0.122  36  0.306  11  0.927   2  0.895   0.536 Y  0.450      SignalP-TM
EDC06|EDC06_001147-T1      0.421  23  0.585  23  0.927  11  0.840   0.705 Y  0.570      SignalP-noTM
EDC06|EDC06_001176-T1      0.294  22  0.500  22  0.942  21  0.822   0.651 Y  0.570      SignalP-noTM
EDC06|EDC06_001185-T1      0.432  20  0.551  20  0.880  16  0.723   0.632 Y  0.570      SignalP-noTM
EDC06|EDC06_001200-T1      0.467  19  0.566  19  0.838  15  0.715   0.636 Y  0.570      SignalP-noTM
EDC06|EDC06_001210-T1      0.227  16  0.466  16  0.970  12  0.953   0.695 Y  0.570      SignalP-noTM
EDC06|EDC06_001210-T1      0.285  36  0.401  19  0.956  10  0.941   0.611 Y  0.450      SignalP-TM
EDC06|EDC06_001225-T1      0.311  23  0.537  23  0.971  11  0.936   0.693 Y  0.450      SignalP-TM
EDC06|EDC06_001225-T1      0.596  18  0.767  18  0.993  15  0.976   0.865 Y  0.570      SignalP-noTM
EDC06|EDC06_001273-T1      0.213  24  0.348  24  0.751  16  0.623   0.456 Y  0.450      SignalP-TM
EDC06|EDC06_001286-T1      0.211  25  0.386  25  0.814  14  0.703   0.510 Y  0.450      SignalP-TM
EDC06|EDC06_001340-T1      0.200  20  0.343  20  0.755   6  0.630   0.455 Y  0.450      SignalP-TM
EDC06|EDC06_001341-T1      0.200  20  0.343  20  0.755   6  0.630   0.455 Y  0.450      SignalP-TM
EDC06|EDC06_001360-T1      0.160  23  0.335  23  0.814  12  0.693   0.475 Y  0.450      SignalP-TM
EDC06|EDC06_001367-T1      0.234  31  0.425  21  0.928  18  0.808   0.574 Y  0.450      SignalP-TM
EDC06|EDC06_001367-T1      0.329  26  0.445  22  0.893  17  0.768   0.597 Y  0.570      SignalP-noTM
EDC06|EDC06_001395-T1      0.124  18  0.297  15  0.777   1  0.722   0.463 Y  0.450      SignalP-TM
EDC06|EDC06_001395-T1      0.160  21  0.361  21  0.939   8  0.843   0.588 Y  0.570      SignalP-noTM
EDC06|EDC06_001399-T1      0.663  24  0.773  24  0.949  18  0.905   0.835 Y  0.570      SignalP-noTM
EDC06|EDC06_001401-T1      0.258  20  0.384  20  0.734   3  0.599   0.468 Y  0.450      SignalP-TM
EDC06|EDC06_001401-T1      0.320  20  0.464  20  0.812  19  0.669   0.540 Y  0.510      SignalP-TM
EDC06|EDC06_001418-T1      0.247  22  0.436  22  0.867  12  0.757   0.561 Y  0.450      SignalP-TM
EDC06|EDC06_001418-T1      0.774  22  0.864  22  0.977  11  0.960   0.909 Y  0.570      SignalP-noTM
EDC06|EDC06_001421-T1      0.322  21  0.506  21  0.861  12  0.797   0.619 Y  0.450      SignalP-TM
EDC06|EDC06_001421-T1      0.420  21  0.608  21  0.946  19  0.870   0.731 Y  0.570      SignalP-noTM
EDC06|EDC06_001426-T1      0.358  17  0.510  17  0.856  13  0.731   0.614 Y  0.570      SignalP-noTM
EDC06|EDC06_001463-T1      0.439  23  0.574  23  0.817  19  0.699   0.623 Y  0.450      SignalP-TM
EDC06|EDC06_001463-T1      0.511  23  0.560  23  0.785  18  0.581   0.568 Y  0.510      SignalP-TM
EDC06|EDC06_001468-T1      0.268  25  0.467  25  0.934  18  0.837   0.611 Y  0.450      SignalP-TM
EDC06|EDC06_001496-T1      0.300  22  0.494  22  0.909  15  0.797   0.636 Y  0.570      SignalP-noTM
EDC06|EDC06_001496-T1      0.436  32  0.462  32  0.895  17  0.633   0.529 Y  0.450      SignalP-TM
EDC06|EDC06_001531-T1      0.195  27  0.381  27  0.873  21  0.700   0.506 Y  0.450      SignalP-TM
EDC06|EDC06_001531-T1      0.423  23  0.589  23  0.886  20  0.765   0.654 Y  0.510      SignalP-TM
EDC06|EDC06_001547-T1      0.351  24  0.528  24  0.904   3  0.834   0.672 Y  0.570      SignalP-noTM
EDC06|EDC06_001547-T1      0.443  24  0.540  24  0.842  22  0.696   0.601 Y  0.450      SignalP-TM
EDC06|EDC06_001556-T1      0.162  27  0.293  18  0.852   9  0.747   0.470 Y  0.450      SignalP-TM
EDC06|EDC06_001567-T1      0.640  30  0.644  30  0.752  23  0.484   0.582 Y  0.450      SignalP-TM
EDC06|EDC06_001579-T1      0.251  21  0.389  21  0.679  18  0.571   0.460 Y  0.450      SignalP-TM
EDC06|EDC06_001587-T1      0.408  24  0.481  24  0.690  14  0.499   0.488 Y  0.450      SignalP-TM
EDC06|EDC06_001588-T1      0.196  23  0.338  23  0.800   3  0.648   0.459 Y  0.450      SignalP-TM
EDC06|EDC06_001601-T1      0.273  28  0.441  28  0.914  14  0.789   0.577 Y  0.450      SignalP-TM
EDC06|EDC06_001601-T1      0.423  26  0.542  21  0.945  10  0.854   0.689 Y  0.570      SignalP-noTM
EDC06|EDC06_001632-T1      0.215  41  0.360  19  0.911   7  0.801   0.532 Y  0.450      SignalP-TM
EDC06|EDC06_001632-T1      0.330  21  0.504  21  0.920   3  0.822   0.653 Y  0.570      SignalP-noTM
EDC06|EDC06_001637-T1      0.224  28  0.419  28  0.887   3  0.809   0.571 Y  0.450      SignalP-TM
EDC06|EDC06_001644-T1      0.560  22  0.566  22  0.790   4  0.647   0.604 Y  0.570      SignalP-noTM
EDC06|EDC06_001741-T1      0.174  35  0.324  18  0.768   1  0.664   0.457 Y  0.450      SignalP-TM
EDC06|EDC06_001768-T1      0.416  21  0.591  21  0.912   6  0.855   0.715 Y  0.570      SignalP-noTM
EDC06|EDC06_001768-T1      0.422  21  0.512  21  0.764  17  0.606   0.548 Y  0.450      SignalP-TM
EDC06|EDC06_001772-T1      0.510  32  0.603  32  0.803  21  0.699   0.640 Y  0.450      SignalP-TM
EDC06|EDC06_001796-T1      0.207  29  0.336  22  0.890   8  0.796   0.515 Y  0.450      SignalP-TM
EDC06|EDC06_001796-T1      0.286  22  0.468  22  0.914   8  0.812   0.630 Y  0.570      SignalP-noTM
EDC06|EDC06_001804-T1      0.255  16  0.396  16  0.760   2  0.635   0.489 Y  0.450      SignalP-TM
EDC06|EDC06_001814-T1      0.195  24  0.373  24  0.853  19  0.650   0.481 Y  0.450      SignalP-TM
EDC06|EDC06_001853-T1      0.189  26  0.326  26  0.846  12  0.671   0.461 Y  0.450      SignalP-TM
EDC06|EDC06_001859-T1      0.146  21  0.357  21  0.917  17  0.881   0.603 Y  0.570      SignalP-noTM
EDC06|EDC06_001859-T1      0.212  21  0.408  21  0.868   1  0.800   0.561 Y  0.450      SignalP-TM
EDC06|EDC06_001944-T1      0.292  22  0.445  22  0.851  17  0.738   0.583 Y  0.570      SignalP-noTM
EDC06|EDC06_001999-T1      0.335  24  0.500  24  0.895   8  0.803   0.618 Y  0.450      SignalP-TM
EDC06|EDC06_002001-T1      0.293  24  0.435  24  0.831   5  0.693   0.536 Y  0.450      SignalP-TM
EDC06|EDC06_002008-T1      0.207  25  0.358  25  0.753  22  0.633   0.465 Y  0.450      SignalP-TM
EDC06|EDC06_002008-T1      0.496  24  0.575  24  0.841  20  0.656   0.613 Y  0.570      SignalP-noTM
EDC06|EDC06_002017-T1      0.244  25  0.403  25  0.879  16  0.667   0.506 Y  0.450      SignalP-TM
EDC06|EDC06_002023-T1      0.120  49  0.288  20  0.809  10  0.733   0.462 Y  0.450      SignalP-TM
EDC06|EDC06_002047-T1      0.175  17  0.382  17  0.904  11  0.832   0.594 Y  0.570      SignalP-noTM
EDC06|EDC06_002053-T1      0.243  37  0.383  22  0.783  21  0.595   0.466 Y  0.450      SignalP-TM
EDC06|EDC06_002053-T1      0.550  22  0.697  22  0.955  19  0.901   0.793 Y  0.570      SignalP-noTM
EDC06|EDC06_002054-T1      0.115  27  0.276  11  0.790   1  0.732   0.454 Y  0.450      SignalP-TM
EDC06|EDC06_002075-T1      0.180  26  0.375  21  0.887  18  0.823   0.549 Y  0.450      SignalP-TM
EDC06|EDC06_002075-T1      0.320  21  0.537  21  0.933  16  0.902   0.708 Y  0.570      SignalP-noTM
EDC06|EDC06_002077-T1      0.203  21  0.353  21  0.885   1  0.664   0.474 Y  0.450      SignalP-TM
EDC06|EDC06_002086-T1      0.532  30  0.502  25  0.912   7  0.808   0.646 Y  0.570      SignalP-noTM
EDC06|EDC06_002086-T1      0.803  30  0.770  30  0.955  16  0.829   0.793 Y  0.450      SignalP-TM
EDC06|EDC06_002126-T1      0.147  27  0.331  21  0.941   6  0.853   0.535 Y  0.450      SignalP-TM
EDC06|EDC06_002126-T1      0.261  23  0.466  23  0.948   5  0.879   0.660 Y  0.570      SignalP-noTM
EDC06|EDC06_002137-T1      0.178  18  0.360  18  0.803  16  0.704   0.494 Y  0.450      SignalP-TM
EDC06|EDC06_002149-T1      0.328  24  0.485  22  0.877  20  0.756   0.612 Y  0.570      SignalP-noTM
EDC06|EDC06_002150-T1      0.345  25  0.530  25  0.865  16  0.771   0.624 Y  0.450      SignalP-TM
EDC06|EDC06_002150-T1      0.667  25  0.641  25  0.832  11  0.660   0.650 Y  0.570      SignalP-noTM
EDC06|EDC06_002155-T1      0.339  28  0.545  17  0.963  14  0.938   0.698 Y  0.450      SignalP-TM
EDC06|EDC06_002155-T1      0.401  17  0.624  17  0.989   9  0.961   0.782 Y  0.570      SignalP-noTM
EDC06|EDC06_002159-T1      0.608  24  0.705  24  0.922  16  0.736   0.717 Y  0.450      SignalP-TM
EDC06|EDC06_002159-T1      0.772  24  0.715  24  0.840   1  0.700   0.708 Y  0.570      SignalP-noTM
EDC06|EDC06_002183-T1      0.451  21  0.630  21  0.953  17  0.875   0.725 Y  0.450      SignalP-TM
EDC06|EDC06_002183-T1      0.710  21  0.799  21  0.930  11  0.903   0.848 Y  0.570      SignalP-noTM
EDC06|EDC06_002201-T1      0.371  25  0.480  25  0.790  19  0.610   0.531 Y  0.450      SignalP-TM
EDC06|EDC06_002210-T1      0.116  35  0.280  14  0.801   9  0.740   0.459 Y  0.450      SignalP-TM
EDC06|EDC06_002225-T1      0.249  29  0.375  29  0.864  12  0.650   0.482 Y  0.450      SignalP-TM
EDC06|EDC06_002275-T1      0.240  26  0.420  26  0.896  15  0.746   0.547 Y  0.450      SignalP-TM
EDC06|EDC06_002290-T1      0.158  19  0.363  19  0.960  18  0.808   0.572 Y  0.570      SignalP-noTM
EDC06|EDC06_002290-T1      0.187  29  0.377  20  0.933  17  0.769   0.530 Y  0.450      SignalP-TM
EDC06|EDC06_002318-T1      0.135  28  0.304  21  0.836   5  0.755   0.480 Y  0.450      SignalP-TM
EDC06|EDC06_002323-T1      0.298  20  0.536  20  0.982  14  0.948   0.697 Y  0.450      SignalP-TM
EDC06|EDC06_002323-T1      0.335  28  0.506  20  0.971  16  0.944   0.712 Y  0.570      SignalP-noTM
EDC06|EDC06_002353-T1      0.417  26  0.498  26  0.761   9  0.623   0.547 Y  0.450      SignalP-TM
EDC06|EDC06_002364-T1      0.275  23  0.452  23  0.881   3  0.783   0.608 Y  0.570      SignalP-noTM
EDC06|EDC06_002399-T1      0.187  21  0.377  17  0.913  14  0.790   0.571 Y  0.570      SignalP-noTM
EDC06|EDC06_002408-T1      0.186  22  0.403  22  0.947  17  0.842   0.574 Y  0.450      SignalP-TM
EDC06|EDC06_002408-T1      0.258  19  0.479  19  0.929  17  0.883   0.669 Y  0.570      SignalP-noTM
EDC06|EDC06_002436-T1      0.164  27  0.306  27  0.844  10  0.680   0.452 Y  0.450      SignalP-TM
EDC06|EDC06_002440-T1      0.142  30  0.311  22  0.887  11  0.790   0.498 Y  0.450      SignalP-TM
EDC06|EDC06_002440-T1      0.508  24  0.620  24  0.892   4  0.815   0.712 Y  0.570      SignalP-noTM
EDC06|EDC06_002471-T1      0.151  26  0.353  26  0.931  17  0.811   0.532 Y  0.450      SignalP-TM
EDC06|EDC06_002471-T1      0.163  31  0.372  21  0.933  20  0.851   0.597 Y  0.570      SignalP-noTM
EDC06|EDC06_002476-T1      0.212  20  0.364  20  0.770  18  0.622   0.465 Y  0.450      SignalP-TM
EDC06|EDC06_002489-T1      0.115  28  0.282  12  0.828   1  0.756   0.467 Y  0.450      SignalP-TM
EDC06|EDC06_002522-T1      0.658  22  0.792  22  0.976   8  0.953   0.868 Y  0.570      SignalP-noTM
EDC06|EDC06_002522-T1      0.744  22  0.809  22  0.947  18  0.880   0.837 Y  0.450      SignalP-TM
EDC06|EDC06_002523-T1      0.326  22  0.503  22  0.896   1  0.781   0.634 Y  0.570      SignalP-noTM
EDC06|EDC06_002540-T1      0.411  20  0.523  20  0.864   6  0.694   0.603 Y  0.570      SignalP-noTM
EDC06|EDC06_002541-T1      0.214  44  0.398  22  0.928  15  0.810   0.592 Y  0.570      SignalP-noTM
EDC06|EDC06_002541-T1      0.385  38  0.427  23  0.795  17  0.603   0.496 Y  0.450      SignalP-TM
EDC06|EDC06_002543-T1      0.474  21  0.563  21  0.774  12  0.635   0.597 Y  0.570      SignalP-noTM
EDC06|EDC06_002548-T1      0.265  29  0.372  29  0.845   2  0.632   0.474 Y  0.450      SignalP-TM
EDC06|EDC06_002548-T1      0.344  19  0.484  19  0.819   1  0.693   0.582 Y  0.570      SignalP-noTM
EDC06|EDC06_002549-T1      0.326  26  0.447  26  0.871   1  0.727   0.579 Y  0.570      SignalP-noTM
EDC06|EDC06_002549-T1      0.327  28  0.470  28  0.876   5  0.754   0.581 Y  0.450      SignalP-TM
EDC06|EDC06_002550-T1      0.297  32  0.416  25  0.934  17  0.841   0.616 Y  0.570      SignalP-noTM
EDC06|EDC06_002550-T1      0.610  32  0.620  32  0.903  17  0.764   0.676 Y  0.450      SignalP-TM
EDC06|EDC06_002585-T1      0.205  25  0.351  25  0.778  16  0.608   0.451 Y  0.450      SignalP-TM
EDC06|EDC06_002639-T1      0.109  30  0.275  11  0.832   1  0.743   0.457 Y  0.450      SignalP-TM
EDC06|EDC06_002648-T1      0.311  39  0.487  39  0.902  29  0.719   0.577 Y  0.450      SignalP-TM
EDC06|EDC06_002666-T1      0.209  20  0.370  20  0.810   6  0.690   0.495 Y  0.450      SignalP-TM
EDC06|EDC06_002666-T1      0.310  20  0.462  20  0.873   1  0.741   0.593 Y  0.570      SignalP-noTM
EDC06|EDC06_002678-T1      0.160  29  0.356  21  0.914  16  0.759   0.513 Y  0.450      SignalP-TM
EDC06|EDC06_002679-T1      0.184  26  0.402  26  0.968  16  0.888   0.630 Y  0.570      SignalP-noTM
EDC06|EDC06_002679-T1      0.236  43  0.338  24  0.902  15  0.755   0.501 Y  0.450      SignalP-TM
EDC06|EDC06_002739-T1      0.273  27  0.474  27  0.902  21  0.833   0.614 Y  0.450      SignalP-TM
EDC06|EDC06_002739-T1      0.410  23  0.590  23  0.910  19  0.813   0.673 Y  0.510      SignalP-TM
EDC06|EDC06_002752-T1      0.135  31  0.283  11  0.879   3  0.825   0.494 Y  0.450      SignalP-TM
EDC06|EDC06_002764-T1      0.305  26  0.445  26  0.806   6  0.709   0.548 Y  0.450      SignalP-TM
EDC06|EDC06_002800-T1      0.358  21  0.584  21  0.981  17  0.933   0.720 Y  0.450      SignalP-TM
EDC06|EDC06_002800-T1      0.406  19  0.611  19  0.972  16  0.914   0.753 Y  0.570      SignalP-noTM
EDC06|EDC06_002808-T1      0.217  23  0.377  23  0.796   7  0.679   0.495 Y  0.450      SignalP-TM
EDC06|EDC06_002808-T1      0.615  23  0.619  23  0.838  10  0.692   0.653 Y  0.570      SignalP-noTM
EDC06|EDC06_002816-T1      0.231  26  0.419  26  0.896  15  0.762   0.552 Y  0.450      SignalP-TM
EDC06|EDC06_002827-T1      0.181  19  0.363  19  0.826  13  0.673   0.484 Y  0.450      SignalP-TM
EDC06|EDC06_002870-T1      0.165  22  0.352  22  0.824  14  0.691   0.484 Y  0.450      SignalP-TM
EDC06|EDC06_002886-T1      0.184  24  0.339  24  0.845   4  0.695   0.478 Y  0.450      SignalP-TM
EDC06|EDC06_002892-T1      0.187  24  0.392  24  0.901  17  0.807   0.554 Y  0.450      SignalP-TM
EDC06|EDC06_002892-T1      0.348  19  0.560  19  0.942  15  0.897   0.718 Y  0.570      SignalP-noTM
EDC06|EDC06_002912-T1      0.244  19  0.451  19  0.900  17  0.827   0.628 Y  0.570      SignalP-noTM
EDC06|EDC06_002912-T1      0.673  28  0.716  28  0.907  18  0.733   0.722 Y  0.450      SignalP-TM
EDC06|EDC06_002982-T1      0.205  21  0.381  21  0.799  16  0.719   0.513 Y  0.450      SignalP-TM
EDC06|EDC06_002982-T1      0.611  21  0.677  21  0.866   1  0.783   0.727 Y  0.570      SignalP-noTM
EDC06|EDC06_002998-T1      0.178  26  0.376  18  0.924  15  0.865   0.567 Y  0.450      SignalP-TM
EDC06|EDC06_002998-T1      0.264  18  0.476  18  0.923  10  0.863   0.658 Y  0.570      SignalP-noTM
EDC06|EDC06_003017-T1      0.221  25  0.430  25  0.960  11  0.884   0.607 Y  0.450      SignalP-TM
EDC06|EDC06_003077-T1      0.195  31  0.360  20  0.928  16  0.815   0.537 Y  0.450      SignalP-TM
EDC06|EDC06_003077-T1      0.360  20  0.533  20  0.835  12  0.769   0.644 Y  0.570      SignalP-noTM
EDC06|EDC06_003086-T1      0.217  21  0.374  21  0.761  17  0.612   0.467 Y  0.450      SignalP-TM
EDC06|EDC06_003097-T1      0.322  27  0.447  27  0.905   7  0.724   0.555 Y  0.450      SignalP-TM
EDC06|EDC06_003097-T1      0.354  24  0.547  24  0.937  18  0.876   0.702 Y  0.570      SignalP-noTM
EDC06|EDC06_003158-T1      0.203  22  0.392  22  0.828   7  0.738   0.527 Y  0.450      SignalP-TM
EDC06|EDC06_003158-T1      0.613  22  0.740  22  0.955  20  0.896   0.813 Y  0.570      SignalP-noTM
EDC06|EDC06_003179-T1      0.215  27  0.418  22  0.889  18  0.813   0.572 Y  0.450      SignalP-TM
EDC06|EDC06_003179-T1      0.386  22  0.564  22  0.953   9  0.872   0.709 Y  0.570      SignalP-noTM
EDC06|EDC06_003193-T1      0.179  27  0.384  27  0.876  24  0.739   0.522 Y  0.450      SignalP-TM
EDC06|EDC06_003209-T1      0.605  32  0.647  32  0.986  17  0.807   0.709 Y  0.450      SignalP-TM
EDC06|EDC06_003209-T1      0.673  32  0.688  20  0.993  12  0.972   0.821 Y  0.570      SignalP-noTM
EDC06|EDC06_003243-T1      0.157  46  0.308  18  0.864  11  0.788   0.495 Y  0.450      SignalP-TM
EDC06|EDC06_003251-T1      0.195  38  0.290  28  0.830   7  0.717   0.456 Y  0.450      SignalP-TM
EDC06|EDC06_003274-T1      0.269  25  0.411  25  0.872  16  0.638   0.499 Y  0.450      SignalP-TM
EDC06|EDC06_003299-T1      0.259  20  0.466  20  0.882   9  0.828   0.607 Y  0.450      SignalP-TM
EDC06|EDC06_003299-T1      0.491  20  0.654  20  0.916   5  0.882   0.761 Y  0.570      SignalP-noTM
EDC06|EDC06_003303-T1      0.200  21  0.404  21  0.906   6  0.832   0.605 Y  0.570      SignalP-noTM
EDC06|EDC06_003303-T1      0.298  25  0.484  25  0.895   9  0.763   0.593 Y  0.450      SignalP-TM
EDC06|EDC06_003350-T1      0.209  21  0.372  21  0.800  16  0.599   0.461 Y  0.450      SignalP-TM
EDC06|EDC06_003350-T1      0.305  21  0.491  21  0.918  16  0.811   0.642 Y  0.570      SignalP-noTM
EDC06|EDC06_003364-T1      0.284  22  0.468  22  0.900  19  0.776   0.613 Y  0.570      SignalP-noTM
EDC06|EDC06_003386-T1      0.154  20  0.330  20  0.907   4  0.764   0.499 Y  0.450      SignalP-TM
EDC06|EDC06_003386-T1      0.474  19  0.644  19  0.923  17  0.878   0.754 Y  0.570      SignalP-noTM
EDC06|EDC06_003399-T1      0.433  23  0.632  23  0.944  11  0.896   0.735 Y  0.450      SignalP-TM
EDC06|EDC06_003399-T1      0.653  23  0.783  23  0.978  18  0.926   0.850 Y  0.570      SignalP-noTM
EDC06|EDC06_003422-T1      0.156  27  0.345  21  0.853   8  0.792   0.519 Y  0.450      SignalP-TM
EDC06|EDC06_003422-T1      0.283  23  0.485  23  0.932  11  0.871   0.667 Y  0.570      SignalP-noTM
EDC06|EDC06_003427-T1      0.228  29  0.359  18  0.918  13  0.845   0.548 Y  0.450      SignalP-TM
EDC06|EDC06_003427-T1      0.267  18  0.487  18  0.963  12  0.885   0.674 Y  0.570      SignalP-noTM
EDC06|EDC06_003438-T1      0.570  25  0.649  25  0.862  17  0.759   0.692 Y  0.450      SignalP-TM
EDC06|EDC06_003439-T1      0.172  24  0.370  24  0.935   2  0.835   0.551 Y  0.450      SignalP-TM
EDC06|EDC06_003439-T1      0.222  24  0.435  24  0.948  18  0.889   0.648 Y  0.570      SignalP-noTM
EDC06|EDC06_003465-T1      0.149  19  0.358  19  0.912   1  0.869   0.598 Y  0.570      SignalP-noTM
EDC06|EDC06_003465-T1      0.166  33  0.327  18  0.870   6  0.839   0.527 Y  0.450      SignalP-TM
EDC06|EDC06_003488-T1      0.328  30  0.411  30  0.748  15  0.594   0.483 Y  0.450      SignalP-TM
EDC06|EDC06_003517-T1      0.272  18  0.457  18  0.896  17  0.761   0.576 Y  0.450      SignalP-TM
EDC06|EDC06_003524-T1      0.178  26  0.336  26  0.868   4  0.722   0.487 Y  0.450      SignalP-TM
EDC06|EDC06_003524-T1      0.507  21  0.586  21  0.916   1  0.735   0.656 Y  0.570      SignalP-noTM
EDC06|EDC06_003533-T1      0.154  24  0.270  12  0.783   5  0.735   0.451 Y  0.450      SignalP-TM
EDC06|EDC06_003538-T1      0.244  34  0.414  34  0.822  29  0.663   0.511 Y  0.450      SignalP-TM
EDC06|EDC06_003538-T1      0.496  25  0.587  25  0.890  22  0.629   0.607 Y  0.570      SignalP-noTM
EDC06|EDC06_003539-T1      0.228  25  0.384  25  0.853   5  0.720   0.515 Y  0.450      SignalP-TM
EDC06|EDC06_003539-T1      0.544  20  0.636  20  0.868   3  0.782   0.704 Y  0.570      SignalP-noTM
EDC06|EDC06_003551-T1      0.469  24  0.571  24  0.817  23  0.650   0.602 Y  0.450      SignalP-TM
EDC06|EDC06_003551-T1      0.822  24  0.849  24  0.944  12  0.875   0.861 Y  0.570      SignalP-noTM
EDC06|EDC06_003560-T1      0.436  28  0.561  28  0.862  22  0.652   0.597 Y  0.450      SignalP-TM
EDC06|EDC06_003571-T1      0.139  28  0.285  12  0.861   6  0.803   0.487 Y  0.450      SignalP-TM
EDC06|EDC06_003579-T1      0.114  25  0.280  11  0.848   5  0.796   0.481 Y  0.450      SignalP-TM
EDC06|EDC06_003618-T1      0.288  26  0.464  26  0.875   1  0.784   0.589 Y  0.450      SignalP-TM
EDC06|EDC06_003618-T1      0.780  25  0.791  25  0.912  21  0.800   0.795 Y  0.570      SignalP-noTM
EDC06|EDC06_003628-T1      0.138  39  0.271  13  0.830   6  0.748   0.457 Y  0.450      SignalP-TM
EDC06|EDC06_003701-T1      0.337  38  0.422  38  0.686  22  0.542   0.469 Y  0.450      SignalP-TM
EDC06|EDC06_003703-T1      0.304  55  0.428  23  0.920  17  0.863   0.597 Y  0.450      SignalP-TM
EDC06|EDC06_003703-T1      0.403  23  0.498  23  0.860  11  0.684   0.586 Y  0.570      SignalP-noTM
EDC06|EDC06_003753-T1      0.315  21  0.502  21  0.905  17  0.779   0.633 Y  0.570      SignalP-noTM
EDC06|EDC06_003764-T1      0.136  22  0.328  22  0.896   8  0.800   0.512 Y  0.450      SignalP-TM
EDC06|EDC06_003769-T1      0.163  28  0.369  20  0.910  18  0.793   0.534 Y  0.450      SignalP-TM
EDC06|EDC06_003772-T1      0.141  35  0.303  23  0.846   2  0.754   0.479 Y  0.450      SignalP-TM
EDC06|EDC06_003772-T1      0.294  23  0.486  23  0.930  13  0.837   0.651 Y  0.570      SignalP-noTM
EDC06|EDC06_003830-T1      0.369  22  0.581  22  0.975  18  0.908   0.709 Y  0.450      SignalP-TM
EDC06|EDC06_003830-T1      0.545  22  0.705  22  0.951  12  0.915   0.803 Y  0.570      SignalP-noTM
EDC06|EDC06_003898-T1      0.284  26  0.488  26  0.921  16  0.841   0.626 Y  0.450      SignalP-TM
EDC06|EDC06_003898-T1      0.302  24  0.458  24  0.803   4  0.725   0.584 Y  0.570      SignalP-noTM
EDC06|EDC06_003909-T1      0.271  25  0.439  25  0.824  19  0.599   0.501 Y  0.450      SignalP-TM
EDC06|EDC06_003921-T1      0.724  22  0.772  22  0.921  10  0.853   0.804 Y  0.450      SignalP-TM
EDC06|EDC06_003921-T1      0.844  22  0.801  22  0.950   9  0.827   0.813 Y  0.570      SignalP-noTM
EDC06|EDC06_003974-T1      0.145  26  0.311  26  0.882  10  0.702   0.463 Y  0.450      SignalP-TM
EDC06|EDC06_003995-T1      0.634  23  0.701  23  0.854  21  0.680   0.693 Y  0.450      SignalP-TM
EDC06|EDC06_003995-T1      0.751  23  0.808  23  0.917  18  0.843   0.824 Y  0.570      SignalP-noTM
EDC06|EDC06_004016-T1      0.236  20  0.438  20  0.936  18  0.784   0.573 Y  0.450      SignalP-TM
EDC06|EDC06_004016-T1      0.541  20  0.676  20  0.906   6  0.852   0.758 Y  0.570      SignalP-noTM
EDC06|EDC06_004019-T1      0.205  22  0.379  22  0.818  18  0.684   0.498 Y  0.450      SignalP-TM
EDC06|EDC06_004019-T1      0.467  20  0.616  20  0.869  12  0.796   0.701 Y  0.570      SignalP-noTM
EDC06|EDC06_004036-T1      0.183  22  0.398  22  0.938  12  0.861   0.615 Y  0.570      SignalP-noTM
EDC06|EDC06_004050-T1      0.210  40  0.317  40  0.942   8  0.699   0.466 Y  0.450      SignalP-TM
EDC06|EDC06_004050-T1      0.239  26  0.466  26  0.986  14  0.932   0.685 Y  0.570      SignalP-noTM
EDC06|EDC06_004058-T1      0.204  22  0.351  22  0.772   2  0.611   0.452 Y  0.450      SignalP-TM
EDC06|EDC06_004089-T1      0.433  18  0.610  18  0.930  11  0.853   0.724 Y  0.570      SignalP-noTM
EDC06|EDC06_004090-T1      0.249  22  0.448  22  0.899  12  0.820   0.623 Y  0.570      SignalP-noTM
EDC06|EDC06_004090-T1      0.255  20  0.471  20  0.916  18  0.855   0.621 Y  0.450      SignalP-TM
EDC06|EDC06_004095-T1      0.356  20  0.571  20  0.963  18  0.912   0.731 Y  0.570      SignalP-noTM
EDC06|EDC06_004095-T1      0.486  31  0.621  31  0.944  18  0.825   0.700 Y  0.450      SignalP-TM
EDC06|EDC06_004121-T1      0.309  25  0.474  25  0.833   2  0.762   0.586 Y  0.450      SignalP-TM
EDC06|EDC06_004129-T1      0.250  28  0.379  28  0.868  11  0.652   0.486 Y  0.450      SignalP-TM
EDC06|EDC06_004206-T1      0.156  48  0.277  13  0.825   4  0.730   0.454 Y  0.450      SignalP-TM
EDC06|EDC06_004259-T1      0.154  23  0.365  23  0.938   6  0.879   0.566 Y  0.450      SignalP-TM
EDC06|EDC06_004259-T1      0.560  23  0.716  23  0.951  21  0.898   0.801 Y  0.570      SignalP-noTM
EDC06|EDC06_004277-T1      0.362  23  0.487  23  0.763  18  0.640   0.547 Y  0.450      SignalP-TM
EDC06|EDC06_004277-T1      0.519  23  0.649  23  0.889  10  0.833   0.736 Y  0.570      SignalP-noTM
EDC06|EDC06_004282-T1      0.142  24  0.277  13  0.845   6  0.782   0.474 Y  0.450      SignalP-TM
EDC06|EDC06_004286-T1      0.330  29  0.513  29  0.903  23  0.756   0.608 Y  0.450      SignalP-TM
EDC06|EDC06_004292-T1      0.145  21  0.343  21  0.908  16  0.728   0.493 Y  0.450      SignalP-TM
EDC06|EDC06_004292-T1      0.415  21  0.614  21  0.956  12  0.893   0.745 Y  0.570      SignalP-noTM
EDC06|EDC06_004298-T1      0.325  23  0.503  23  0.846  12  0.779   0.611 Y  0.450      SignalP-TM
EDC06|EDC06_004298-T1      0.327  23  0.485  23  0.869   5  0.770   0.619 Y  0.570      SignalP-noTM
EDC06|EDC06_004299-T1      0.774  20  0.808  20  0.938  18  0.836   0.819 Y  0.450      SignalP-TM
EDC06|EDC06_004299-T1      0.845  20  0.879  20  0.962  18  0.900   0.889 Y  0.570      SignalP-noTM
EDC06|EDC06_004316-T1      0.244  37  0.388  37  0.843  30  0.597   0.469 Y  0.450      SignalP-TM
EDC06|EDC06_004325-T1      0.186  29  0.342  29  0.852  14  0.692   0.478 Y  0.450      SignalP-TM
EDC06|EDC06_004337-T1      0.193  41  0.340  18  0.882  10  0.726   0.491 Y  0.450      SignalP-TM
EDC06|EDC06_004349-T1      0.174  20  0.377  22  0.906  19  0.792   0.539 Y  0.450      SignalP-TM
EDC06|EDC06_004349-T1      0.477  20  0.670  20  0.961  10  0.926   0.790 Y  0.570      SignalP-noTM
EDC06|EDC06_004373-T1      0.133  38  0.299  20  0.755  16  0.692   0.452 Y  0.450      SignalP-TM
EDC06|EDC06_004391-T1      0.729  46  0.765  46  0.884  35  0.711   0.744 Y  0.450      SignalP-TM
EDC06|EDC06_004395-T1      0.226  33  0.352  33  0.761  14  0.623   0.458 Y  0.450      SignalP-TM
EDC06|EDC06_004426-T1      0.384  24  0.571  24  0.923  17  0.837   0.675 Y  0.450      SignalP-TM
EDC06|EDC06_004426-T1      0.821  24  0.856  24  0.959  17  0.886   0.870 Y  0.570      SignalP-noTM
EDC06|EDC06_004434-T1      0.323  22  0.472  22  0.849  20  0.719   0.588 Y  0.570      SignalP-noTM
EDC06|EDC06_004435-T1      0.259  34  0.438  20  0.970  14  0.935   0.672 Y  0.570      SignalP-noTM
EDC06|EDC06_004435-T1      0.512  32  0.650  32  0.977  14  0.890   0.744 Y  0.450      SignalP-TM
EDC06|EDC06_004463-T1      0.388  21  0.516  21  0.746  17  0.687   0.583 Y  0.450      SignalP-TM
EDC06|EDC06_004510-T1      0.317  27  0.539  27  0.945  17  0.907   0.683 Y  0.450      SignalP-TM
EDC06|EDC06_004510-T1      0.372  27  0.552  27  0.972  12  0.892   0.712 Y  0.570      SignalP-noTM
EDC06|EDC06_004558-T1      0.167  29  0.318  29  0.892  13  0.710   0.471 Y  0.450      SignalP-TM
EDC06|EDC06_004558-T1      0.378  20  0.573  20  0.926  19  0.861   0.709 Y  0.570      SignalP-noTM
EDC06|EDC06_004560-T1      0.419  26  0.519  26  0.917  16  0.765   0.635 Y  0.570      SignalP-noTM
EDC06|EDC06_004560-T1      0.695  26  0.720  26  0.877   9  0.792   0.748 Y  0.450      SignalP-TM
EDC06|EDC06_004583-T1      0.186  24  0.409  24  0.936  12  0.893   0.598 Y  0.450      SignalP-TM
EDC06|EDC06_004583-T1      0.296  24  0.504  24  0.966  12  0.889   0.685 Y  0.570      SignalP-noTM
EDC06|EDC06_004627-T1      0.261  28  0.473  19  0.949   9  0.915   0.681 Y  0.570      SignalP-noTM
EDC06|EDC06_004627-T1      0.267  28  0.445  28  0.915  14  0.771   0.572 Y  0.450      SignalP-TM
EDC06|EDC06_004641-T1      0.186  23  0.367  23  0.891   8  0.752   0.517 Y  0.450      SignalP-TM
EDC06|EDC06_004641-T1      0.823  23  0.844  23  0.925   8  0.872   0.857 Y  0.570      SignalP-noTM
EDC06|EDC06_004713-T1      0.507  32  0.643  32  0.954  22  0.875   0.734 Y  0.450      SignalP-TM
EDC06|EDC06_004713-T1      0.737  23  0.839  23  0.980  12  0.952   0.892 Y  0.570      SignalP-noTM
EDC06|EDC06_004811-T1      0.226  21  0.388  21  0.770  14  0.634   0.484 Y  0.450      SignalP-TM
EDC06|EDC06_004819-T1      0.183  52  0.335  26  0.897  17  0.731   0.490 Y  0.450      SignalP-TM
EDC06|EDC06_004819-T1      0.197  19  0.420  19  0.934  17  0.893   0.643 Y  0.570      SignalP-noTM
EDC06|EDC06_004833-T1      0.181  27  0.341  27  0.865   3  0.715   0.486 Y  0.450      SignalP-TM
EDC06|EDC06_004867-T1      0.169  18  0.371  18  0.894   6  0.826   0.549 Y  0.450      SignalP-TM
EDC06|EDC06_004867-T1      0.378  18  0.548  18  0.917  17  0.785   0.659 Y  0.570      SignalP-noTM
EDC06|EDC06_004877-T1      0.122  46  0.280  12  0.887   1  0.759   0.467 Y  0.450      SignalP-TM
EDC06|EDC06_004885-T1      0.386  23  0.421  23  0.628   9  0.498   0.451 Y  0.450      SignalP-TM
EDC06|EDC06_004947-T1      0.387  23  0.612  23  0.980  16  0.919   0.732 Y  0.450      SignalP-TM
EDC06|EDC06_004947-T1      0.769  23  0.860  23  0.982  19  0.938   0.897 Y  0.570      SignalP-noTM
EDC06|EDC06_004965-T1      0.359  21  0.573  21  0.953  15  0.905   0.729 Y  0.570      SignalP-noTM
EDC06|EDC06_004968-T1      0.451  24  0.522  24  0.802   4  0.659   0.586 Y  0.570      SignalP-noTM
EDC06|EDC06_004981-T1      0.428  20  0.523  20  0.766  17  0.630   0.565 Y  0.450      SignalP-TM
EDC06|EDC06_005025-T1      0.288  24  0.467  24  0.804  16  0.682   0.551 Y  0.450      SignalP-TM
EDC06|EDC06_005052-T1      0.456  19  0.584  19  0.853   1  0.768   0.670 Y  0.570      SignalP-noTM
EDC06|EDC06_005053-T1      0.286  29  0.411  29  0.867   6  0.718   0.531 Y  0.450      SignalP-TM
EDC06|EDC06_005081-T1      0.183  20  0.338  20  0.785   1  0.653   0.461 Y  0.450      SignalP-TM
EDC06|EDC06_005095-T1      0.148  27  0.310  27  0.871  13  0.710   0.466 Y  0.450      SignalP-TM
EDC06|EDC06_005133-T1      0.247  24  0.370  24  0.805  19  0.578   0.451 Y  0.450      SignalP-TM
EDC06|EDC06_005158-T1      0.560  22  0.567  22  0.757  18  0.530   0.553 Y  0.450      SignalP-TM
EDC06|EDC06_005158-T1      0.616  22  0.658  22  0.833  14  0.722   0.688 Y  0.570      SignalP-noTM
EDC06|EDC06_005179-T1      0.238  42  0.300  20  0.886  10  0.730   0.468 Y  0.450      SignalP-TM
EDC06|EDC06_005180-T1      0.150  25  0.315  25  0.818   1  0.679   0.457 Y  0.450      SignalP-TM
EDC06|EDC06_005199-T1      0.183  26  0.324  26  0.860  10  0.690   0.467 Y  0.450      SignalP-TM
EDC06|EDC06_005202-T1      0.277  28  0.446  28  0.866  24  0.691   0.541 Y  0.450      SignalP-TM
EDC06|EDC06_005202-T1      0.446  27  0.637  27  0.953  15  0.907   0.764 Y  0.570      SignalP-noTM
EDC06|EDC06_005207-T1      0.174  30  0.337  30  0.921  17  0.736   0.493 Y  0.450      SignalP-TM
EDC06|EDC06_005207-T1      0.212  20  0.444  20  0.953  12  0.922   0.668 Y  0.570      SignalP-noTM
EDC06|EDC06_005244-T1      0.321  33  0.423  33  0.839  16  0.686   0.526 Y  0.450      SignalP-TM
EDC06|EDC06_005244-T1      0.441  23  0.620  23  0.931  19  0.877   0.741 Y  0.570      SignalP-noTM
EDC06|EDC06_005277-T1      0.191  19  0.386  19  0.831  10  0.766   0.534 Y  0.450      SignalP-TM
EDC06|EDC06_005277-T1      0.199  22  0.391  22  0.877   5  0.809   0.587 Y  0.570      SignalP-noTM
EDC06|EDC06_005349-T1      0.668  29  0.728  29  0.816  22  0.708   0.720 Y  0.450      SignalP-TM
EDC06|EDC06_005360-T1      0.578  24  0.675  24  0.866  19  0.775   0.714 Y  0.450      SignalP-TM
EDC06|EDC06_005382-T1      0.564  20  0.612  20  0.808   1  0.693   0.650 Y  0.570      SignalP-noTM
EDC06|EDC06_005383-T1      0.590  20  0.655  20  0.886   2  0.767   0.707 Y  0.570      SignalP-noTM
EDC06|EDC06_005390-T1      0.261  27  0.417  22  0.887   3  0.826   0.610 Y  0.570      SignalP-noTM
EDC06|EDC06_005390-T1      0.347  27  0.442  27  0.691  14  0.492   0.462 Y  0.450      SignalP-TM
EDC06|EDC06_005396-T1      0.151  16  0.345  16  0.860  14  0.770   0.511 Y  0.450      SignalP-TM
EDC06|EDC06_005396-T1      0.301  18  0.505  18  0.913  15  0.835   0.660 Y  0.570      SignalP-noTM
EDC06|EDC06_005402-T1      0.257  25  0.436  25  0.835  13  0.712   0.543 Y  0.450      SignalP-TM
EDC06|EDC06_005402-T1      0.308  23  0.521  23  0.955  17  0.876   0.688 Y  0.570      SignalP-noTM
EDC06|EDC06_005406-T1      0.303  22  0.410  22  0.616  20  0.532   0.458 Y  0.450      SignalP-TM
EDC06|EDC06_005430-T1      0.174  20  0.394  20  0.930  19  0.876   0.621 Y  0.570      SignalP-noTM
EDC06|EDC06_005449-T1      0.658  19  0.757  19  0.912  16  0.877   0.814 Y  0.570      SignalP-noTM
EDC06|EDC06_005455-T1      0.212  35  0.358  35  0.767  11  0.616   0.459 Y  0.450      SignalP-TM
EDC06|EDC06_005455-T1      0.238  35  0.422  19  0.934  14  0.837   0.617 Y  0.570      SignalP-noTM
EDC06|EDC06_005485-T1      0.132  25  0.284  12  0.856   3  0.815   0.491 Y  0.450      SignalP-TM
EDC06|EDC06_005507-T1      0.137  17  0.356  17  0.954  11  0.918   0.620 Y  0.570      SignalP-noTM
EDC06|EDC06_005507-T1      0.169  28  0.312  22  0.816  18  0.734   0.476 Y  0.450      SignalP-TM
EDC06|EDC06_005508-T1      0.190  21  0.407  21  0.918  18  0.871   0.625 Y  0.570      SignalP-noTM
EDC06|EDC06_005517-T1      0.506  21  0.632  21  0.918  16  0.798   0.710 Y  0.570      SignalP-noTM
EDC06|EDC06_005590-T1      0.378  29  0.433  29  0.833  13  0.618   0.505 Y  0.450      SignalP-TM
EDC06|EDC06_005671-T1      0.325  23  0.469  23  0.876   2  0.720   0.587 Y  0.570      SignalP-noTM
EDC06|EDC06_005683-T1      0.233  24  0.405  24  0.763  19  0.661   0.505 Y  0.450      SignalP-TM
EDC06|EDC06_005690-T1      0.163  23  0.386  23  0.966  15  0.927   0.641 Y  0.570      SignalP-noTM
EDC06|EDC06_005690-T1      0.337  34  0.416  34  0.971  18  0.720   0.534 Y  0.450      SignalP-TM
EDC06|EDC06_005728-T1      0.197  23  0.385  23  0.832  18  0.722   0.517 Y  0.450      SignalP-TM
EDC06|EDC06_005728-T1      0.284  21  0.457  21  0.869   2  0.760   0.599 Y  0.570      SignalP-noTM
EDC06|EDC06_005736-T1      0.157  50  0.354  25  0.962  17  0.884   0.561 Y  0.450      SignalP-TM
EDC06|EDC06_005736-T1      0.172  25  0.369  20  0.925  17  0.879   0.609 Y  0.570      SignalP-noTM
EDC06|EDC06_005769-T1      0.474  26  0.490  26  0.619  16  0.442   0.472 Y  0.450      SignalP-TM
EDC06|EDC06_005799-T1      0.696  21  0.713  21  0.907  17  0.758   0.734 Y  0.570      SignalP-noTM
EDC06|EDC06_005855-T1      0.366  23  0.567  23  0.956  19  0.883   0.690 Y  0.450      SignalP-TM
EDC06|EDC06_005855-T1      0.575  21  0.712  21  0.923   1  0.893   0.797 Y  0.570      SignalP-noTM
EDC06|EDC06_005887-T1      0.183  22  0.363  22  0.762   6  0.715   0.500 Y  0.450      SignalP-TM
EDC06|EDC06_005887-T1      0.256  40  0.429  22  0.899   4  0.850   0.627 Y  0.570      SignalP-noTM
EDC06|EDC06_005914-T1      0.311  25  0.462  25  0.874  19  0.653   0.536 Y  0.450      SignalP-TM
EDC06|EDC06_005914-T1      0.543  20  0.627  20  0.883  17  0.735   0.678 Y  0.570      SignalP-noTM
EDC06|EDC06_005933-T1      0.221  30  0.365  30  0.872  12  0.702   0.497 Y  0.450      SignalP-TM
EDC06|EDC06_005947-T1      0.408  28  0.569  28  0.873  23  0.788   0.655 Y  0.450      SignalP-TM
EDC06|EDC06_005947-T1      0.460  28  0.495  28  0.720  10  0.567   0.522 Y  0.510      SignalP-TM
EDC06|EDC06_005949-T1      0.193  32  0.329  27  0.848  17  0.706   0.476 Y  0.450      SignalP-TM
EDC06|EDC06_005963-T1      0.503  30  0.519  30  0.945  12  0.732   0.619 Y  0.570      SignalP-noTM
EDC06|EDC06_005963-T1      0.630  30  0.702  30  0.914  16  0.803   0.741 Y  0.450      SignalP-TM
EDC06|EDC06_006021-T1      0.419  21  0.514  21  0.790   4  0.683   0.594 Y  0.570      SignalP-noTM
EDC06|EDC06_006031-T1      0.128  65  0.275  11  0.830   2  0.749   0.459 Y  0.450      SignalP-TM
EDC06|EDC06_006059-T1      0.238  25  0.454  25  0.887  16  0.764   0.575 Y  0.450      SignalP-TM
EDC06|EDC06_006062-T1      0.188  20  0.362  20  0.856  17  0.698   0.493 Y  0.450      SignalP-TM
EDC06|EDC06_006063-T1      0.332  23  0.502  23  0.921  16  0.800   0.642 Y  0.570      SignalP-noTM
EDC06|EDC06_006063-T1      0.351  23  0.486  23  0.888  17  0.686   0.564 Y  0.450      SignalP-TM
EDC06|EDC06_006075-T1      0.186  22  0.406  22  0.954  13  0.875   0.589 Y  0.450      SignalP-TM
EDC06|EDC06_006075-T1      0.340  20  0.564  20  0.961  10  0.918   0.730 Y  0.570      SignalP-noTM
EDC06|EDC06_006081-T1      0.188  23  0.335  23  0.845   1  0.647   0.457 Y  0.450      SignalP-TM
EDC06|EDC06_006110-T1      0.156  27  0.331  18  0.857  15  0.695   0.473 Y  0.450      SignalP-TM
EDC06|EDC06_006110-T1      0.397  18  0.568  18  0.893  11  0.811   0.682 Y  0.570      SignalP-noTM
EDC06|EDC06_006119-T1      0.122  51  0.299  12  0.943   6  0.884   0.527 Y  0.450      SignalP-TM
EDC06|EDC06_006170-T1      0.321  30  0.450  30  0.797  28  0.654   0.530 Y  0.450      SignalP-TM
EDC06|EDC06_006171-T1      0.182  28  0.364  28  0.903  17  0.737   0.510 Y  0.450      SignalP-TM
EDC06|EDC06_006171-T1      0.194  19  0.408  19  0.937  17  0.865   0.623 Y  0.570      SignalP-noTM
EDC06|EDC06_006172-T1      0.159  24  0.361  24  0.956   9  0.867   0.599 Y  0.570      SignalP-noTM
EDC06|EDC06_006172-T1      0.163  24  0.336  24  0.845   3  0.724   0.487 Y  0.450      SignalP-TM
EDC06|EDC06_006193-T1      0.228  27  0.405  27  0.909   4  0.784   0.553 Y  0.450      SignalP-TM
EDC06|EDC06_006193-T1      0.250  20  0.447  20  0.910   3  0.833   0.629 Y  0.570      SignalP-noTM
EDC06|EDC06_006199-T1      0.166  25  0.382  20  0.980  15  0.925   0.594 Y  0.450      SignalP-TM
EDC06|EDC06_006199-T1      0.312  20  0.534  20  0.964  16  0.906   0.709 Y  0.570      SignalP-noTM
EDC06|EDC06_006200-T1      0.264  22  0.475  22  0.932  16  0.834   0.615 Y  0.450      SignalP-TM
EDC06|EDC06_006236-T1      0.407  36  0.504  36  0.891  24  0.687   0.576 Y  0.450      SignalP-TM
EDC06|EDC06_006266-T1      0.322  20  0.497  20  0.887  18  0.753   0.617 Y  0.570      SignalP-noTM
EDC06|EDC06_006266-T1      0.501  25  0.526  25  0.723  19  0.526   0.526 Y  0.450      SignalP-TM
EDC06|EDC06_006274-T1      0.183  19  0.373  19  0.851   4  0.779   0.531 Y  0.450      SignalP-TM
EDC06|EDC06_006274-T1      0.277  21  0.460  21  0.898   2  0.807   0.623 Y  0.570      SignalP-noTM
EDC06|EDC06_006291-T1      0.223  28  0.387  20  0.932  10  0.882   0.619 Y  0.570      SignalP-noTM
EDC06|EDC06_006291-T1      0.315  30  0.466  30  0.878  17  0.769   0.584 Y  0.450      SignalP-TM
EDC06|EDC06_006342-T1      0.220  38  0.341  27  0.811  14  0.637   0.456 Y  0.450      SignalP-TM
EDC06|EDC06_006361-T1      0.202  24  0.391  24  0.882  17  0.728   0.523 Y  0.450      SignalP-TM
EDC06|EDC06_006361-T1      0.247  21  0.454  21  0.912  17  0.812   0.623 Y  0.570      SignalP-noTM
EDC06|EDC06_006362-T1      0.445  28  0.588  28  0.922  15  0.825   0.680 Y  0.450      SignalP-TM
EDC06|EDC06_006362-T1      0.535  28  0.535  28  0.775   9  0.613   0.564 Y  0.510      SignalP-TM
EDC06|EDC06_006381-T1      0.300  23  0.401  23  0.771   1  0.573   0.468 Y  0.450      SignalP-TM
EDC06|EDC06_006381-T1      0.497  23  0.496  23  0.694   2  0.544   0.514 Y  0.510      SignalP-TM
EDC06|EDC06_006405-T1      0.125  29  0.275  17  0.832   7  0.752   0.461 Y  0.450      SignalP-TM
EDC06|EDC06_006467-T1      0.268  25  0.400  25  0.780  11  0.613   0.483 Y  0.450      SignalP-TM
EDC06|EDC06_006483-T1      0.215  28  0.403  28  0.865  17  0.715   0.525 Y  0.450      SignalP-TM
EDC06|EDC06_006486-T1      0.621  25  0.699  25  0.893  20  0.745   0.717 Y  0.450      SignalP-TM
EDC06|EDC06_006486-T1      0.732  25  0.808  25  0.961  21  0.882   0.843 Y  0.570      SignalP-noTM
EDC06|EDC06_006531-T1      0.141  26  0.318  18  0.804  13  0.700   0.467 Y  0.450      SignalP-TM
EDC06|EDC06_006534-T1      0.227  18  0.415  18  0.878  17  0.769   0.553 Y  0.450      SignalP-TM
EDC06|EDC06_006534-T1      0.293  21  0.462  21  0.883  13  0.747   0.596 Y  0.570      SignalP-noTM
EDC06|EDC06_006539-T1      0.196  27  0.332  21  0.825   9  0.734   0.488 Y  0.450      SignalP-TM
EDC06|EDC06_006539-T1      0.345  21  0.488  21  0.840  18  0.705   0.590 Y  0.570      SignalP-noTM
EDC06|EDC06_006566-T1      0.167  23  0.373  23  0.928  13  0.858   0.562 Y  0.450      SignalP-TM
EDC06|EDC06_006566-T1      0.369  23  0.580  23  0.950  13  0.917   0.739 Y  0.570      SignalP-noTM
EDC06|EDC06_006576-T1      0.354  21  0.503  21  0.851  17  0.689   0.575 Y  0.450      SignalP-TM
EDC06|EDC06_006576-T1      0.737  21  0.810  21  0.948  17  0.871   0.838 Y  0.570      SignalP-noTM
EDC06|EDC06_006604-T1      0.376  25  0.522  25  0.849  17  0.723   0.600 Y  0.450      SignalP-TM
EDC06|EDC06_006643-T1      0.173  29  0.336  29  0.872  16  0.731   0.490 Y  0.450      SignalP-TM
EDC06|EDC06_006649-T1      0.139  31  0.276  12  0.810   9  0.732   0.454 Y  0.450      SignalP-TM
EDC06|EDC06_006697-T1      0.200  22  0.376  22  0.840  13  0.660   0.486 Y  0.450      SignalP-TM
EDC06|EDC06_006747-T1      0.146  32  0.324  26  0.800  19  0.687   0.465 Y  0.450      SignalP-TM
EDC06|EDC06_006766-T1      0.544  30  0.497  30  0.737   4  0.520   0.506 Y  0.450      SignalP-TM
EDC06|EDC06_006810-T1      0.466  32  0.554  32  0.825  28  0.674   0.601 Y  0.450      SignalP-TM
EDC06|EDC06_006906-T1      0.426  38  0.494  38  0.771  34  0.504   0.498 Y  0.450      SignalP-TM
EDC06|EDC06_006923-T1      0.111  56  0.291  12  0.921   9  0.852   0.510 Y  0.450      SignalP-TM
EDC06|EDC06_006925-T1      0.485  20  0.635  20  0.947  19  0.776   0.701 Y  0.570      SignalP-noTM
EDC06|EDC06_006932-T1      0.475  21  0.565  21  0.716  19  0.616   0.584 Y  0.510      SignalP-TM
EDC06|EDC06_006968-T1      0.215  21  0.426  21  0.888  18  0.846   0.590 Y  0.450      SignalP-TM
EDC06|EDC06_006968-T1      0.668  21  0.716  21  0.843   1  0.766   0.740 Y  0.570      SignalP-noTM
EDC06|EDC06_006991-T1      0.333  24  0.561  24  0.966  17  0.907   0.723 Y  0.570      SignalP-noTM
EDC06|EDC06_006991-T1      0.685  34  0.756  34  0.907  23  0.771   0.762 Y  0.450      SignalP-TM
EDC06|EDC06_007000-T1      0.208  38  0.382  19  0.852  14  0.794   0.542 Y  0.450      SignalP-TM
EDC06|EDC06_007000-T1      0.319  19  0.516  19  0.865  13  0.811   0.625 Y  0.510      SignalP-TM
EDC06|EDC06_007018-T1      0.256  25  0.391  25  0.876   8  0.691   0.508 Y  0.450      SignalP-TM
EDC06|EDC06_007027-T1      0.596  40  0.521  40  0.835  12  0.642   0.569 Y  0.450      SignalP-TM
EDC06|EDC06_007039-T1      0.182  22  0.351  22  0.764  15  0.655   0.470 Y  0.450      SignalP-TM
EDC06|EDC06_007039-T1      0.339  22  0.540  22  0.939  13  0.842   0.682 Y  0.570      SignalP-noTM
EDC06|EDC06_007044-T1      0.393  22  0.518  22  0.856  18  0.669   0.577 Y  0.450      SignalP-TM
EDC06|EDC06_007044-T1      0.498  19  0.665  19  0.931  17  0.882   0.767 Y  0.570      SignalP-noTM
EDC06|EDC06_007084-T1      0.338  25  0.493  25  0.943  14  0.799   0.637 Y  0.570      SignalP-noTM
EDC06|EDC06_007084-T1      0.340  25  0.548  25  0.958  16  0.883   0.679 Y  0.450      SignalP-TM
EDC06|EDC06_007117-T1      0.467  25  0.626  25  0.925  15  0.819   0.701 Y  0.450      SignalP-TM
EDC06|EDC06_007117-T1      0.484  25  0.660  25  0.963   7  0.926   0.785 Y  0.570      SignalP-noTM
EDC06|EDC06_007119-T1      0.217  18  0.420  18  0.885  17  0.805   0.601 Y  0.570      SignalP-noTM
EDC06|EDC06_007152-T1      0.339  27  0.473  27  0.766  19  0.509   0.487 Y  0.450      SignalP-TM
EDC06|EDC06_007157-T1      0.288  27  0.463  27  0.898   8  0.792   0.592 Y  0.450      SignalP-TM
EDC06|EDC06_007157-T1      0.363  25  0.564  25  0.951   8  0.897   0.720 Y  0.570      SignalP-noTM
EDC06|EDC06_007172-T1      0.395  30  0.428  30  0.748  19  0.547   0.475 Y  0.450      SignalP-TM
EDC06|EDC06_007175-T1      0.216  44  0.344  25  0.940   3  0.848   0.541 Y  0.450      SignalP-TM
EDC06|EDC06_007186-T1      0.127  37  0.315  14  0.945   5  0.907   0.546 Y  0.450      SignalP-TM
EDC06|EDC06_007225-T1      0.257  28  0.415  28  0.741  17  0.530   0.460 Y  0.450      SignalP-TM
EDC06|EDC06_007236-T1      0.232  47  0.373  18  0.896   1  0.690   0.497 Y  0.450      SignalP-TM
EDC06|EDC06_007237-T1      0.162  25  0.335  18  0.861  10  0.789   0.512 Y  0.450      SignalP-TM
EDC06|EDC06_007237-T1      0.511  25  0.587  25  0.895  14  0.749   0.663 Y  0.570      SignalP-noTM
EDC06|EDC06_007240-T1      0.256  22  0.433  22  0.899   1  0.787   0.599 Y  0.570      SignalP-noTM
EDC06|EDC06_007250-T1      0.112  31  0.295  13  0.922   9  0.856   0.514 Y  0.450      SignalP-TM
EDC06|EDC06_007259-T1      0.212  20  0.429  20  0.913  10  0.850   0.593 Y  0.450      SignalP-TM
EDC06|EDC06_007259-T1      0.599  20  0.758  20  0.980  17  0.947   0.847 Y  0.570      SignalP-noTM
EDC06|EDC06_007272-T1      0.183  25  0.370  25  0.824  12  0.749   0.518 Y  0.450      SignalP-TM
EDC06|EDC06_007272-T1      0.200  30  0.409  25  0.935  20  0.886   0.633 Y  0.570      SignalP-noTM
EDC06|EDC06_007273-T1      0.170  25  0.362  25  0.907  17  0.790   0.529 Y  0.450      SignalP-TM
EDC06|EDC06_007273-T1      0.171  23  0.366  19  0.900  17  0.858   0.597 Y  0.570      SignalP-noTM
EDC06|EDC06_007274-T1      0.175  23  0.363  23  0.887  14  0.754   0.516 Y  0.450      SignalP-TM
EDC06|EDC06_007301-T1      0.401  32  0.492  32  0.826  24  0.682   0.566 Y  0.450      SignalP-TM
EDC06|EDC06_007301-T1      0.606  27  0.721  27  0.942  11  0.880   0.795 Y  0.570      SignalP-noTM
EDC06|EDC06_007346-T1      0.356  22  0.560  22  0.916  15  0.853   0.674 Y  0.450      SignalP-TM
EDC06|EDC06_007346-T1      0.587  29  0.688  22  0.950  12  0.881   0.779 Y  0.570      SignalP-noTM
EDC06|EDC06_007352-T1      0.238  23  0.427  23  0.909  13  0.803   0.604 Y  0.570      SignalP-noTM
EDC06|EDC06_007352-T1      0.285  27  0.406  27  0.749   8  0.633   0.495 Y  0.450      SignalP-TM
EDC06|EDC06_007380-T1      0.183  25  0.383  25  0.881  17  0.775   0.536 Y  0.450      SignalP-TM
EDC06|EDC06_007381-T1      0.202  21  0.384  21  0.823   5  0.755   0.529 Y  0.450      SignalP-TM
EDC06|EDC06_007381-T1      0.216  21  0.405  21  0.910   5  0.816   0.598 Y  0.570      SignalP-noTM
EDC06|EDC06_007419-T1      0.347  25  0.468  25  0.704  23  0.617   0.526 Y  0.450      SignalP-TM
EDC06|EDC06_007515-T1      0.346  21  0.506  21  0.913  18  0.724   0.609 Y  0.570      SignalP-noTM
EDC06|EDC06_007520-T1      0.209  26  0.376  26  0.854  18  0.636   0.478 Y  0.450      SignalP-TM
EDC06|EDC06_007531-T1      0.160  33  0.331  27  0.807  23  0.683   0.468 Y  0.450      SignalP-TM
EDC06|EDC06_007535-T1      0.177  26  0.344  26  0.911   8  0.756   0.505 Y  0.450      SignalP-TM
EDC06|EDC06_007537-T1      0.277  26  0.382  26  0.735   1  0.577   0.458 Y  0.450      SignalP-TM
EDC06|EDC06_007563-T1      0.149  29  0.319  21  0.890  17  0.730   0.479 Y  0.450      SignalP-TM
EDC06|EDC06_007563-T1      0.207  23  0.405  23  0.910  17  0.796   0.589 Y  0.570      SignalP-noTM
EDC06|EDC06_007581-T1      0.286  26  0.445  26  0.906  19  0.761   0.568 Y  0.450      SignalP-TM
EDC06|EDC06_007581-T1      0.318  21  0.547  21  0.965  16  0.939   0.731 Y  0.570      SignalP-noTM
EDC06|EDC06_007593-T1      0.215  25  0.406  25  0.886  16  0.719   0.528 Y  0.450      SignalP-TM
EDC06|EDC06_007593-T1      0.278  19  0.497  19  0.947  17  0.875   0.675 Y  0.570      SignalP-noTM
EDC06|EDC06_007599-T1      0.172  21  0.358  21  0.853  20  0.692   0.488 Y  0.450      SignalP-TM
EDC06|EDC06_007629-T1      0.603  26  0.617  26  0.845  22  0.681   0.648 Y  0.570      SignalP-noTM
EDC06|EDC06_007629-T1      0.647  26  0.575  26  0.769  22  0.385   0.501 Y  0.450      SignalP-TM
EDC06|EDC06_007640-T1      0.264  21  0.444  21  0.825  20  0.758   0.567 Y  0.450      SignalP-TM
EDC06|EDC06_007640-T1      0.786  21  0.870  21  0.972  10  0.957   0.911 Y  0.570      SignalP-noTM
EDC06|EDC06_007645-T1      0.202  20  0.434  20  0.974  16  0.903   0.617 Y  0.450      SignalP-TM
EDC06|EDC06_007645-T1      0.393  20  0.596  20  0.954  16  0.900   0.739 Y  0.570      SignalP-noTM
EDC06|EDC06_007663-T1      0.328  17  0.527  17  0.923   5  0.853   0.654 Y  0.450      SignalP-TM
EDC06|EDC06_007663-T1      0.387  17  0.585  17  0.925   1  0.891   0.729 Y  0.570      SignalP-noTM
EDC06|EDC06_007722-T1      0.266  19  0.439  19  0.905   1  0.766   0.592 Y  0.570      SignalP-noTM
EDC06|EDC06_007725-T1      0.383  25  0.485  25  0.758  17  0.635   0.543 Y  0.450      SignalP-TM
EDC06|EDC06_007725-T1      0.491  25  0.513  25  0.825   1  0.657   0.581 Y  0.570      SignalP-noTM
EDC06|EDC06_007738-T1      0.188  30  0.327  19  0.892   4  0.779   0.503 Y  0.450      SignalP-TM
EDC06|EDC06_007738-T1      0.441  19  0.577  19  0.881   2  0.787   0.676 Y  0.570      SignalP-noTM
EDC06|EDC06_007746-T1      0.322  52  0.388  19  0.935  17  0.834   0.562 Y  0.450      SignalP-TM
EDC06|EDC06_007746-T1      0.412  19  0.607  19  0.951  18  0.896   0.743 Y  0.570      SignalP-noTM
EDC06|EDC06_007756-T1      0.237  31  0.380  31  0.763  17  0.573   0.455 Y  0.450      SignalP-TM
EDC06|EDC06_007757-T1      0.332  16  0.520  16  0.913  13  0.821   0.661 Y  0.570      SignalP-noTM
EDC06|EDC06_007776-T1      0.377  22  0.573  22  0.930  19  0.875   0.715 Y  0.570      SignalP-noTM
EDC06|EDC06_007776-T1      0.573  22  0.663  22  0.865  15  0.734   0.691 Y  0.450      SignalP-TM
EDC06|EDC06_007789-T1      0.171  22  0.331  22  0.816   6  0.697   0.474 Y  0.450      SignalP-TM
EDC06|EDC06_007856-T1      0.340  27  0.496  27  0.896  17  0.703   0.577 Y  0.450      SignalP-TM
EDC06|EDC06_007904-T1      0.153  20  0.360  20  0.914  11  0.866   0.598 Y  0.570      SignalP-noTM
EDC06|EDC06_007904-T1      0.164  44  0.338  23  0.894   3  0.790   0.515 Y  0.450      SignalP-TM
EDC06|EDC06_007906-T1      0.186  27  0.330  27  0.883   3  0.682   0.467 Y  0.450      SignalP-TM
EDC06|EDC06_007915-T1      0.281  24  0.441  24  0.776   8  0.717   0.549 Y  0.450      SignalP-TM
EDC06|EDC06_007915-T1      0.287  24  0.470  24  0.892   3  0.796   0.623 Y  0.570      SignalP-noTM
EDC06|EDC06_007933-T1      0.266  20  0.455  20  0.874   1  0.807   0.620 Y  0.570      SignalP-noTM
EDC06|EDC06_007933-T1      0.273  25  0.427  25  0.791   5  0.703   0.535 Y  0.450      SignalP-TM
EDC06|EDC06_007944-T1      0.148  33  0.357  27  0.956  17  0.886   0.563 Y  0.450      SignalP-TM
EDC06|EDC06_007944-T1      0.170  19  0.393  19  0.945  14  0.910   0.636 Y  0.570      SignalP-noTM
EDC06|EDC06_007952-T1      0.221  28  0.421  28  0.945  18  0.842   0.585 Y  0.450      SignalP-TM
EDC06|EDC06_007952-T1      0.538  21  0.675  21  0.915  12  0.863   0.763 Y  0.570      SignalP-noTM
EDC06|EDC06_007960-T1      0.173  56  0.305  13  0.906  12  0.818   0.505 Y  0.450      SignalP-TM
EDC06|EDC06_008020-T1      0.170  22  0.342  22  0.773  11  0.671   0.471 Y  0.450      SignalP-TM
EDC06|EDC06_008033-T1      0.418  23  0.570  23  0.865  22  0.658   0.604 Y  0.450      SignalP-TM
EDC06|EDC06_008033-T1      0.573  23  0.706  23  0.949  22  0.842   0.770 Y  0.570      SignalP-noTM
EDC06|EDC06_008037-T1      0.386  22  0.568  22  0.926  20  0.804   0.679 Y  0.570      SignalP-noTM
EDC06|EDC06_008037-T1      0.533  27  0.654  27  0.909  20  0.733   0.685 Y  0.450      SignalP-TM
EDC06|EDC06_008077-T1      0.174  18  0.333  18  0.834   2  0.678   0.468 Y  0.450      SignalP-TM
EDC06|EDC06_008102-T1      0.158  22  0.331  22  0.763  20  0.668   0.463 Y  0.450      SignalP-TM
EDC06|EDC06_008121-T1      0.173  24  0.351  24  0.833  16  0.655   0.470 Y  0.450      SignalP-TM
EDC06|EDC06_008146-T1      0.154  40  0.332  31  0.940   6  0.838   0.529 Y  0.450      SignalP-TM
EDC06|EDC06_008146-T1      0.257  26  0.487  26  0.978  14  0.937   0.698 Y  0.570      SignalP-noTM
EDC06|EDC06_008155-T1      0.726  21  0.786  21  0.943  17  0.863   0.816 Y  0.450      SignalP-TM
EDC06|EDC06_008155-T1      0.790  21  0.782  21  0.873  17  0.785   0.783 Y  0.570      SignalP-noTM
EDC06|EDC06_008164-T1      0.197  31  0.392  23  0.890  18  0.743   0.529 Y  0.450      SignalP-TM
EDC06|EDC06_008164-T1      0.241  22  0.453  22  0.919  14  0.837   0.634 Y  0.570      SignalP-noTM
EDC06|EDC06_008196-T1      0.140  30  0.327  21  0.894   4  0.822   0.520 Y  0.450      SignalP-TM
EDC06|EDC06_008196-T1      0.245  21  0.455  19  0.918  10  0.868   0.649 Y  0.570      SignalP-noTM
EDC06|EDC06_008231-T1      0.183  25  0.329  25  0.849   6  0.697   0.472 Y  0.450      SignalP-TM
EDC06|EDC06_008338-T1      0.241  21  0.429  21  0.845  18  0.740   0.550 Y  0.450      SignalP-TM
EDC06|EDC06_008338-T1      0.328  21  0.505  21  0.866  11  0.777   0.633 Y  0.570      SignalP-noTM
EDC06|EDC06_008383-T1      0.627  22  0.639  22  0.810   2  0.684   0.660 Y  0.570      SignalP-noTM
EDC06|EDC06_008458-T1      0.208  40  0.324  22  0.890  12  0.774   0.499 Y  0.450      SignalP-TM
EDC06|EDC06_008513-T1      0.233  20  0.376  20  0.780  18  0.591   0.460 Y  0.450      SignalP-TM
EDC06|EDC06_008513-T1      0.348  20  0.483  20  0.844  18  0.691   0.581 Y  0.570      SignalP-noTM
EDC06|EDC06_008523-T1      0.478  19  0.602  19  0.848  18  0.742   0.668 Y  0.570      SignalP-noTM
EDC06|EDC06_008547-T1      0.192  35  0.333  32  0.890  14  0.709   0.480 Y  0.450      SignalP-TM
EDC06|EDC06_008547-T1      0.226  29  0.444  29  0.986  15  0.918   0.667 Y  0.570      SignalP-noTM
EDC06|EDC06_008591-T1      0.335  50  0.433  22  0.826  16  0.673   0.527 Y  0.450      SignalP-TM
EDC06|EDC06_008591-T1      0.455  22  0.531  22  0.731  11  0.624   0.575 Y  0.570      SignalP-noTM
EDC06|EDC06_008603-T1      0.213  17  0.430  17  0.906  12  0.872   0.638 Y  0.570      SignalP-noTM
EDC06|EDC06_008603-T1      0.316  25  0.437  25  0.875   8  0.716   0.546 Y  0.450      SignalP-TM
EDC06|EDC06_008632-T1      0.179  18  0.352  18  0.811   2  0.712   0.492 Y  0.450      SignalP-TM
EDC06|EDC06_008632-T1      0.471  18  0.580  18  0.862   2  0.746   0.658 Y  0.570      SignalP-noTM
EDC06|EDC06_008670-T1      0.151  39  0.339  22  0.903  13  0.809   0.522 Y  0.450      SignalP-TM
EDC06|EDC06_008671-T1      0.158  29  0.323  29  0.908  18  0.740   0.486 Y  0.450      SignalP-TM
EDC06|EDC06_008671-T1      0.454  20  0.589  20  0.948  19  0.774   0.676 Y  0.570      SignalP-noTM
EDC06|EDC06_008743-T1      0.479  24  0.446  24  0.602   3  0.458   0.451 Y  0.450      SignalP-TM
EDC06|EDC06_008750-T1      0.193  37  0.345  25  0.812  16  0.682   0.476 Y  0.450      SignalP-TM
EDC06|EDC06_008772-T1      0.788  22  0.703  22  0.820  20  0.654   0.680 Y  0.570      SignalP-noTM
EDC06|EDC06_008778-T1      0.240  23  0.372  23  0.766   1  0.622   0.470 Y  0.450      SignalP-TM
EDC06|EDC06_008801-T1      0.303  25  0.390  25  0.831   6  0.611   0.476 Y  0.450      SignalP-TM
EDC06|EDC06_008813-T1      0.188  18  0.367  18  0.879   1  0.744   0.514 Y  0.450      SignalP-TM
EDC06|EDC06_008813-T1      0.239  22  0.453  18  0.915  12  0.860   0.644 Y  0.570      SignalP-noTM
EDC06|EDC06_008922-T1      0.196  42  0.309  17  0.920  14  0.825   0.510 Y  0.450      SignalP-TM
EDC06|EDC06_008947-T1      0.235  29  0.431  29  0.929  17  0.775   0.565 Y  0.450      SignalP-TM
EDC06|EDC06_008947-T1      0.328  19  0.540  19  0.953  18  0.874   0.697 Y  0.570      SignalP-noTM
EDC06|EDC06_008948-T1      0.251  21  0.424  21  0.850   1  0.740   0.547 Y  0.450      SignalP-TM
EDC06|EDC06_008948-T1      0.593  21  0.574  21  0.863   2  0.628   0.599 Y  0.570      SignalP-noTM
EDC06|EDC06_008978-T1      0.172  24  0.336  24  0.904   1  0.693   0.475 Y  0.450      SignalP-TM
EDC06|EDC06_009023-T1      0.247  21  0.385  21  0.743   1  0.629   0.480 Y  0.450      SignalP-TM
EDC06|EDC06_009023-T1      0.402  21  0.551  21  0.899  14  0.766   0.652 Y  0.570      SignalP-noTM
EDC06|EDC06_009032-T1      0.219  30  0.319  18  0.857   2  0.756   0.490 Y  0.450      SignalP-TM
EDC06|EDC06_009032-T1      0.437  18  0.597  18  0.889  17  0.827   0.705 Y  0.570      SignalP-noTM
EDC06|EDC06_009044-T1      0.310  28  0.513  28  0.916  18  0.797   0.624 Y  0.450      SignalP-TM
EDC06|EDC06_009065-T1      0.229  21  0.436  21  0.942  12  0.861   0.636 Y  0.570      SignalP-noTM
EDC06|EDC06_009065-T1      0.282  42  0.381  21  0.920   7  0.859   0.567 Y  0.450      SignalP-TM
EDC06|EDC06_009098-T1      0.177  31  0.356  31  0.870  12  0.765   0.516 Y  0.450      SignalP-TM
EDC06|EDC06_009110-T1      0.431  21  0.534  21  0.804  16  0.589   0.555 Y  0.450      SignalP-TM
EDC06|EDC06_009129-T1      0.422  27  0.531  27  0.883  23  0.713   0.602 Y  0.450      SignalP-TM
EDC06|EDC06_009129-T1      0.520  27  0.643  25  0.900   8  0.839   0.735 Y  0.570      SignalP-noTM
EDC06|EDC06_009146-T1      0.445  19  0.590  19  0.948  17  0.815   0.696 Y  0.570      SignalP-noTM
EDC06|EDC06_009183-T1      0.281  62  0.401  29  0.698  10  0.586   0.473 Y  0.450      SignalP-TM
EDC06|EDC06_009234-T1      0.369  18  0.527  18  0.841  11  0.766   0.640 Y  0.570      SignalP-noTM
EDC06|EDC06_009260-T1      0.780  25  0.787  25  0.902   2  0.825   0.801 Y  0.450      SignalP-TM
EDC06|EDC06_009260-T1      0.855  25  0.839  25  0.952   2  0.865   0.851 Y  0.570      SignalP-noTM
EDC06|EDC06_009274-T1      0.298  29  0.374  29  0.751  16  0.589   0.458 Y  0.450      SignalP-TM
EDC06|EDC06_009296-T1      0.273  46  0.346  25  0.883  16  0.689   0.480 Y  0.450      SignalP-TM
EDC06|EDC06_009312-T1      0.267  25  0.438  25  0.808  15  0.660   0.525 Y  0.450      SignalP-TM
EDC06|EDC06_009327-T1      0.668  19  0.758  19  0.933  17  0.861   0.798 Y  0.450      SignalP-TM
EDC06|EDC06_009327-T1      0.743  19  0.827  19  0.934  13  0.919   0.870 Y  0.570      SignalP-noTM
EDC06|EDC06_009362-T1      0.146  22  0.357  22  0.925   4  0.889   0.565 Y  0.450      SignalP-TM
EDC06|EDC06_009362-T1      0.205  20  0.415  20  0.927  11  0.840   0.614 Y  0.570      SignalP-noTM
EDC06|EDC06_009363-T1      0.282  38  0.424  38  0.816  23  0.597   0.492 Y  0.450      SignalP-TM
EDC06|EDC06_009374-T1      0.214  22  0.439  22  0.955  14  0.884   0.648 Y  0.570      SignalP-noTM
EDC06|EDC06_009374-T1      0.243  22  0.456  22  0.929  13  0.800   0.590 Y  0.450      SignalP-TM
EDC06|EDC06_009376-T1      0.282  21  0.473  21  0.863   5  0.804   0.602 Y  0.450      SignalP-TM
EDC06|EDC06_009376-T1      0.334  21  0.540  21  0.919  17  0.877   0.699 Y  0.570      SignalP-noTM
EDC06|EDC06_009384-T1      0.240  27  0.363  27  0.842   4  0.640   0.471 Y  0.450      SignalP-TM
EDC06|EDC06_009384-T1      0.408  17  0.563  17  0.849   6  0.791   0.670 Y  0.570      SignalP-noTM
EDC06|EDC06_009398-T1      0.209  22  0.364  22  0.811  17  0.610   0.460 Y  0.450      SignalP-TM
EDC06|EDC06_009421-T1      0.140  37  0.284  12  0.891   1  0.789   0.481 Y  0.450      SignalP-TM
EDC06|EDC06_009434-T1      0.207  29  0.335  21  0.891  16  0.785   0.510 Y  0.450      SignalP-TM
EDC06|EDC06_009446-T1      0.490  22  0.577  22  0.853  19  0.657   0.608 Y  0.450      SignalP-TM
EDC06|EDC06_009454-T1      0.294  28  0.427  28  0.839  12  0.689   0.529 Y  0.450      SignalP-TM
EDC06|EDC06_009460-T1      0.141  18  0.311  18  0.826  16  0.692   0.459 Y  0.450      SignalP-TM
EDC06|EDC06_009463-T1      0.322  22  0.523  22  0.944  16  0.837   0.646 Y  0.450      SignalP-TM
EDC06|EDC06_009463-T1      0.688  22  0.736  22  0.911  18  0.782   0.757 Y  0.570      SignalP-noTM
EDC06|EDC06_009464-T1      0.212  21  0.414  21  0.871  17  0.768   0.552 Y  0.450      SignalP-TM
EDC06|EDC06_009524-T1      0.230  28  0.351  28  0.840   5  0.634   0.462 Y  0.450      SignalP-TM
EDC06|EDC06_009542-T1      0.185  30  0.327  20  0.759  13  0.675   0.463 Y  0.450      SignalP-TM
EDC06|EDC06_009645-T1      0.156  39  0.332  18  0.890  14  0.833   0.528 Y  0.450      SignalP-TM
EDC06|EDC06_009657-T1      0.212  31  0.349  31  0.827   3  0.671   0.475 Y  0.450      SignalP-TM
EDC06|EDC06_009657-T1      0.377  19  0.563  19  0.888  18  0.840   0.693 Y  0.570      SignalP-noTM
EDC06|EDC06_009729-T1      0.340  30  0.452  30  0.890  17  0.698   0.548 Y  0.450      SignalP-TM
EDC06|EDC06_009746-T1      0.259  28  0.414  28  0.922  18  0.728   0.536 Y  0.450      SignalP-TM
EDC06|EDC06_009746-T1      0.319  22  0.503  22  0.872   1  0.805   0.645 Y  0.570      SignalP-noTM
EDC06|EDC06_009788-T1      0.388  28  0.471  28  0.801  13  0.684   0.571 Y  0.570      SignalP-noTM
EDC06|EDC06_009799-T1      0.105  54  0.285  13  0.875   1  0.796   0.484 Y  0.450      SignalP-TM
EDC06|EDC06_009804-T1      0.179  43  0.284  14  0.918  10  0.802   0.486 Y  0.450      SignalP-TM
EDC06|EDC06_009836-T1      0.152  26  0.303  26  0.874   2  0.699   0.458 Y  0.450      SignalP-TM
EDC06|EDC06_009836-T1      0.366  21  0.563  21  0.928   5  0.883   0.713 Y  0.570      SignalP-noTM
EDC06|EDC06_009905-T1      0.251  21  0.413  21  0.828  20  0.644   0.503 Y  0.450      SignalP-TM
EDC06|EDC06_009905-T1      0.361  21  0.494  21  0.834  17  0.668   0.576 Y  0.570      SignalP-noTM
EDC06|EDC06_009909-T1      0.113  55  0.275  14  0.818  10  0.749   0.460 Y  0.450      SignalP-TM
EDC06|EDC06_009916-T1      0.172  21  0.346  21  0.796   9  0.698   0.483 Y  0.450      SignalP-TM
EDC06|EDC06_009920-T1      0.291  20  0.487  20  0.933  18  0.809   0.639 Y  0.570      SignalP-noTM
EDC06|EDC06_009920-T1      0.345  28  0.462  28  0.800  14  0.615   0.522 Y  0.450      SignalP-TM
EDC06|EDC06_010025-T1      0.286  20  0.460  20  0.843   2  0.761   0.578 Y  0.450      SignalP-TM
EDC06|EDC06_010025-T1      0.632  20  0.733  20  0.945  18  0.856   0.791 Y  0.570      SignalP-noTM
EDC06|EDC06_010031-T1      0.287  22  0.498  22  0.934  10  0.872   0.674 Y  0.570      SignalP-noTM
EDC06|EDC06_010031-T1      0.349  22  0.515  22  0.824  14  0.755   0.608 Y  0.450      SignalP-TM
EDC06|EDC06_010079-T1      0.268  23  0.394  23  0.741  11  0.597   0.473 Y  0.450      SignalP-TM
EDC06|EDC06_010079-T1      0.311  23  0.465  23  0.914  10  0.773   0.610 Y  0.570      SignalP-noTM
EDC06|EDC06_010095-T1      0.194  23  0.365  23  0.811  18  0.643   0.473 Y  0.450      SignalP-TM
EDC06|EDC06_010109-T1      0.169  26  0.311  26  0.857   1  0.678   0.454 Y  0.450      SignalP-TM
EDC06|EDC06_010109-T1      0.520  25  0.549  25  0.837   5  0.670   0.606 Y  0.570      SignalP-noTM
EDC06|EDC06_010110-T1      0.268  29  0.423  24  0.852   8  0.733   0.544 Y  0.450      SignalP-TM
EDC06|EDC06_010112-T1      0.188  29  0.376  29  0.843  24  0.684   0.496 Y  0.450      SignalP-TM
EDC06|EDC06_010125-T1      0.265  30  0.460  30  0.887  23  0.695   0.552 Y  0.450      SignalP-TM
EDC06|EDC06_010144-T1      0.186  23  0.357  23  0.781  18  0.644   0.469 Y  0.450      SignalP-TM
EDC06|EDC06_010172-T1      0.204  21  0.389  21  0.876  17  0.720   0.518 Y  0.450      SignalP-TM
EDC06|EDC06_010172-T1      0.428  21  0.577  21  0.919  17  0.785   0.674 Y  0.570      SignalP-noTM
EDC06|EDC06_010186-T1      0.135  43  0.310  20  0.887  11  0.741   0.478 Y  0.450      SignalP-TM
EDC06|EDC06_010188-T1      0.291  26  0.454  26  0.876  13  0.721   0.558 Y  0.450      SignalP-TM
EDC06|EDC06_010194-T1      0.225  28  0.423  28  0.904  25  0.679   0.523 Y  0.450      SignalP-TM
EDC06|EDC06_010194-T1      0.511  27  0.592  27  0.819  17  0.645   0.617 Y  0.570      SignalP-noTM
EDC06|EDC06_010214-T1      0.190  30  0.345  30  0.897  14  0.732   0.496 Y  0.450      SignalP-TM
EDC06|EDC06_010214-T1      0.263  23  0.476  23  0.942  12  0.886   0.669 Y  0.570      SignalP-noTM
EDC06|EDC06_010221-T1      0.275  24  0.445  24  0.910   6  0.793   0.609 Y  0.570      SignalP-noTM
EDC06|EDC06_010221-T1      0.279  24  0.477  24  0.901  15  0.790   0.599 Y  0.450      SignalP-TM
EDC06|EDC06_010251-T1      0.507  21  0.612  21  0.829   2  0.755   0.668 Y  0.450      SignalP-TM
EDC06|EDC06_010251-T1      0.643  21  0.611  21  0.813   1  0.652   0.631 Y  0.570      SignalP-noTM
EDC06|EDC06_010272-T1      0.217  30  0.328  24  0.812  10  0.672   0.462 Y  0.450      SignalP-TM
EDC06|EDC06_010304-T1      0.244  19  0.453  19  0.906  18  0.794   0.613 Y  0.570      SignalP-noTM
EDC06|EDC06_010332-T1      0.204  26  0.388  26  0.881  17  0.782   0.542 Y  0.450      SignalP-TM
