Gene ID	CAZy ID	% Identical	Length	Mismatches	Gap Open	Gene Start	Gene End	CAZy Start	CAZy End	E Value	Bit Score
EmuscRNA|TRINITY_DN100066_c1_g1_i1.p1	CBQ70430.1|GT3|	66.4	693	218	5	47	724	7	699	0.0	941
EmuscRNA|TRINITY_DN100213_c1_g1_i1.p1	AET38277.1|GT15|	58.5	318	128	2	53	368	86	401	9.97e-141	410
EmuscRNA|TRINITY_DN100412_c3_g3_i1.p1	AVI60826.1|GT22|	62.0	424	143	7	9	420	583	1000	1.56e-161	507
EmuscRNA|TRINITY_DN100412_c3_g3_i2.p1	AVI60826.1|GT22|	62.0	424	143	7	9	420	583	1000	1.56e-161	507
EmuscRNA|TRINITY_DN100412_c3_g3_i3.p1	AVI60826.1|GT22|	62.0	424	143	7	9	420	583	1000	1.56e-161	507
EmuscRNA|TRINITY_DN100443_c1_g1_i1.p1	CDS11918.1|CBM43|GH72|	46.1	462	225	8	12	451	5	464	1.31e-148	437
EmuscRNA|TRINITY_DN100509_c1_g2_i1.p1	QKX64719.1|GT31|	38.2	531	281	13	16	517	12	524	2.79e-103	335
EmuscRNA|TRINITY_DN100513_c1_g1_i20.p1	CDS12794.1|GT39|	43.1	480	254	5	1	471	281	750	2.36e-124	384
EmuscRNA|TRINITY_DN100513_c1_g1_i8.p1	CDS12794.1|GT39|	49.2	488	230	5	68	545	55	534	5.22e-146	442
EmuscRNA|TRINITY_DN100645_c1_g1_i1.p1	QKD53806.1|AA3|	37.2	658	306	14	39	629	32	649	5.53e-127	394
EmuscRNA|TRINITY_DN100775_c1_g1_i1.p1	CAN65674.1|GH28|	37.5	560	314	10	121	671	97	629	8.17e-109	363
EmuscRNA|TRINITY_DN100812_c0_g1_i1.p1	BAA34296.1|GT4|	52.1	430	194	8	1	421	6	432	8.96e-147	430
EmuscRNA|TRINITY_DN100812_c0_g1_i2.p1	BAA34296.1|GT4|	52.1	430	194	8	1	421	6	432	8.96e-147	430
EmuscRNA|TRINITY_DN101304_c2_g1_i1.p1	QDS71101.1|GT1|	35.8	651	389	13	43	672	1384	2026	8.94e-104	357
EmuscRNA|TRINITY_DN101507_c0_g1_i1.p1	VWO94258.1|CBM1|GH5_5|	47.0	576	219	14	1	501	482	1046	4.22e-141	436
EmuscRNA|TRINITY_DN101507_c0_g1_i2.p1	VWO94258.1|CBM1|GH5_5|	47.7	667	256	16	34	622	395	1046	5.74e-173	524
EmuscRNA|TRINITY_DN101993_c3_g1_i1.p1	CDS07286.1|GT50|	48.0	469	213	9	9	450	7	471	4.33e-131	392
EmuscRNA|TRINITY_DN102093_c2_g1_i1.p1	QKX53450.1|GH81|	53.5	383	146	3	35	388	967	1346	9.73e-114	365
EmuscRNA|TRINITY_DN102360_c0_g1_i1.p1	AWP12516.1|GT29|	39.7	620	346	10	33	639	472	1076	5.22e-138	447
EmuscRNA|TRINITY_DN102462_c1_g1_i1.p1	CDS12483.1|GH16_4|	48.0	342	158	8	37	375	43	367	3.89e-117	349
EmuscRNA|TRINITY_DN102462_c1_g1_i2.p1	CDS12483.1|GH16_4|	48.5	342	156	9	37	375	43	367	1.19e-118	353
EmuscRNA|TRINITY_DN102632_c0_g1_i1.p1	EGX47988.1|GH16_2|	50.6	350	156	8	73	410	278	622	2.05e-112	349
EmuscRNA|TRINITY_DN102790_c1_g1_i1.p1	CDS06898.1|GH18|	45.4	392	195	11	16	391	25	413	8.02e-104	327
EmuscRNA|TRINITY_DN102918_c0_g1_i1.p1	CDS06611.1|GT20|	54.4	487	214	5	16	499	393	874	2.65e-176	522
EmuscRNA|TRINITY_DN102934_c5_g1_i1.p1	AGB49579.1|GH13_5|	48.7	483	240	5	4	486	3	477	9.27e-174	501
EmuscRNA|TRINITY_DN103042_c0_g2_i1.p1	CDS07813.1|GH37|	45.2	420	201	8	13	429	28	421	2.44e-112	347
EmuscRNA|TRINITY_DN103042_c0_g2_i2.p1	CDS07813.1|GH37|	43.5	485	242	10	13	494	28	483	1.65e-124	380
EmuscRNA|TRINITY_DN103224_c0_g1_i2.p1	CDS03326.1|GH47|	50.6	429	200	8	98	514	134	562	1.87e-135	411
EmuscRNA|TRINITY_DN103797_c0_g1_i1.p1	CAP64662.1|GH5_12|	37.2	707	375	16	12	664	15	706	8.05e-145	446
EmuscRNA|TRINITY_DN104310_c5_g1_i2.p1	CDS04796.1|CE9|	53.8	431	171	5	18	420	2	432	2.60e-161	465
EmuscRNA|TRINITY_DN104310_c5_g1_i3.p1	CDS04796.1|CE9|	53.8	431	171	5	18	420	2	432	2.60e-161	465
EmuscRNA|TRINITY_DN104355_c1_g1_i1.p1	QKX55086.1|GH55|	48.2	598	271	7	222	782	787	1382	3.02e-183	567
EmuscRNA|TRINITY_DN104499_c1_g2_i1.p1	VBB76690.1|AA3|	39.1	627	300	13	19	575	27	641	1.03e-134	411
EmuscRNA|TRINITY_DN104679_c2_g1_i1.p1	CDS13578.1|GH5_12|	45.9	697	335	13	217	882	9	694	1.39e-201	599
EmuscRNA|TRINITY_DN104855_c0_g1_i1.p1	QLI66121.1|AA3|	37.5	630	324	15	1	568	26	647	2.67e-117	366
EmuscRNA|TRINITY_DN104952_c1_g2_i1.p1	AWP12516.1|GT29|	40.3	630	344	15	69	689	472	1078	3.52e-132	432
EmuscRNA|TRINITY_DN104958_c1_g1_i1.p1	CDS05640.1|GH20|	49.2	675	309	10	18	679	5	658	1.38e-219	640
EmuscRNA|TRINITY_DN105356_c0_g1_i1.p1	CDS11918.1|CBM43|GH72|	45.6	456	231	8	17	457	2	455	2.22e-134	404
EmuscRNA|TRINITY_DN105402_c3_g1_i1.p1	AGP40408.1|GH81|	38.7	661	379	11	53	698	52	701	5.34e-145	444
EmuscRNA|TRINITY_DN105501_c0_g1_i1.p1	ADK37848.1|AA11|	77.4	186	41	1	7	192	7	191	2.87e-108	316
EmuscRNA|TRINITY_DN105501_c0_g1_i3.p1	ADK37848.1|AA11|	78.5	186	39	1	7	192	7	191	1.23e-109	320
EmuscRNA|TRINITY_DN105514_c2_g1_i1.p1	CDS13455.1|GH63|	42.8	846	400	18	20	842	20	804	2.34e-226	661
EmuscRNA|TRINITY_DN105581_c2_g1_i1.p1	CDS11103.1|GT66|	62.8	724	250	4	7	712	7	729	0.0	921
EmuscRNA|TRINITY_DN105737_c3_g1_i1.p1	QKX60855.1|GT22|	69.0	306	92	1	33	338	567	869	8.37e-139	419
EmuscRNA|TRINITY_DN105821_c8_g1_i1.p1	ADK37846.1|GH18|	74.8	294	72	1	29	322	1	292	7.68e-162	462
EmuscRNA|TRINITY_DN105821_c8_g1_i2.p1	ADK37846.1|GH18|	75.5	294	70	1	29	322	1	292	1.29e-163	469
EmuscRNA|TRINITY_DN106157_c3_g1_i8.p1	CDS12794.1|GT39|	41.0	559	313	7	1	545	194	749	7.34e-133	409
EmuscRNA|TRINITY_DN106157_c3_g1_i9.p1	CDS12794.1|GT39|	40.2	569	313	8	1	555	194	749	6.91e-130	401
EmuscRNA|TRINITY_DN106173_c0_g1_i1.p1	CDS05274.1|GT2|	49.0	680	301	14	16	662	82	748	5.32e-203	607
EmuscRNA|TRINITY_DN106216_c0_g2_i2.p1	CDS02746.1|GT4|	60.1	281	110	1	4	284	146	424	2.20e-111	333
EmuscRNA|TRINITY_DN106216_c0_g2_i3.p1	CDS02746.1|GT4|	60.1	281	110	1	4	284	146	424	2.20e-111	333
EmuscRNA|TRINITY_DN106216_c0_g2_i4.p1	CDS02746.1|GT4|	60.1	281	110	1	4	284	146	424	7.45e-112	335
EmuscRNA|TRINITY_DN106233_c1_g2_i2.p1	BAL46041.1|GH5_12|3.2.1.45	35.1	713	356	21	1	617	1	702	1.09e-122	387
EmuscRNA|TRINITY_DN106233_c1_g2_i3.p1	BAL46041.1|GH5_12|3.2.1.45	35.1	713	356	21	1	617	1	702	1.09e-122	387
EmuscRNA|TRINITY_DN106233_c1_g2_i4.p1	BAL46041.1|GH5_12|3.2.1.45	34.9	713	357	21	1	617	1	702	8.42e-122	384
EmuscRNA|TRINITY_DN106358_c1_g1_i1.p1	CDS05700.1|GT33|	45.5	446	220	12	18	452	53	486	7.38e-111	340
EmuscRNA|TRINITY_DN106405_c3_g1_i1.p1	VUW72999.1|AA1|	43.4	454	238	7	349	790	175	621	1.21e-103	351
EmuscRNA|TRINITY_DN106452_c1_g2_i1.p1	ABE82127.1|GH20|	43.6	417	208	6	22	413	154	568	5.93e-120	365
EmuscRNA|TRINITY_DN106546_c2_g1_i1.p1	EGX49587.1|GT2|	41.4	727	304	12	115	735	194	904	1.37e-168	521
EmuscRNA|TRINITY_DN106570_c2_g1_i1.p1	QBQ55251.1|CBM50|	30.6	918	543	18	51	948	31	874	3.32e-103	353
EmuscRNA|TRINITY_DN106570_c2_g1_i2.p1	QBQ55251.1|CBM50|	30.6	918	543	18	42	939	31	874	2.79e-103	353
EmuscRNA|TRINITY_DN106588_c3_g1_i1.p1	EAA65303.1|GT0|	47.6	871	423	7	40	899	731	1579	1.60e-267	795
EmuscRNA|TRINITY_DN106637_c2_g1_i1.p1	CCE88726.1|CBM43|GH72|	46.2	476	241	10	40	512	24	487	1.91e-135	408
EmuscRNA|TRINITY_DN106671_c0_g1_i1.p1	QKX53119.1|GH72|	46.1	518	256	7	24	520	7	522	4.83e-138	442
EmuscRNA|TRINITY_DN106671_c0_g1_i3.p1	QKX53119.1|GH72|	55.2	368	151	3	24	377	7	374	1.47e-129	406
EmuscRNA|TRINITY_DN106687_c2_g1_i1.p1	AIE96983.1|GT7|	31.9	1274	698	27	117	1308	7	1192	1.85e-187	608
EmuscRNA|TRINITY_DN106918_c1_g1_i1.p1	QKD62991.1|GH12|	36.9	586	359	4	245	830	1087	1661	1.20e-113	385
EmuscRNA|TRINITY_DN106934_c0_g1_i1.p1	AQS91769.1|GT2|	92.8	307	22	0	1	307	67	373	4.02e-208	595
EmuscRNA|TRINITY_DN106934_c0_g1_i3.p1	AQS91769.1|GT2|	92.8	307	22	0	1	307	67	373	4.02e-208	595
EmuscRNA|TRINITY_DN106934_c0_g2_i1.p1	AQS91769.1|GT2|	94.1	490	29	0	1	490	366	855	0.0	951
EmuscRNA|TRINITY_DN106934_c0_g2_i2.p1	AQS91769.1|GT2|	95.2	313	15	0	1	313	366	678	3.69e-216	616
EmuscRNA|TRINITY_DN106934_c0_g2_i4.p1	AQS91769.1|GT2|	92.6	513	38	0	1	513	366	878	0.0	969
EmuscRNA|TRINITY_DN107071_c1_g6_i1.p1	ADK37845.1|GH18|	72.1	301	82	2	97	395	1	301	2.98e-158	451
EmuscRNA|TRINITY_DN107071_c1_g6_i2.p1	ADK37845.1|GH18|	73.8	301	77	2	97	395	1	301	2.47e-164	467
EmuscRNA|TRINITY_DN107071_c1_g6_i3.p1	ADK37845.1|GH18|	70.9	247	71	1	97	342	1	247	3.44e-127	370
EmuscRNA|TRINITY_DN107071_c1_g6_i4.p1	ADK37845.1|GH18|	73.4	301	78	2	97	395	1	301	1.42e-163	465
EmuscRNA|TRINITY_DN107071_c1_g6_i5.p1	ADK37845.1|GH18|	72.1	301	82	2	97	395	1	301	1.04e-158	452
EmuscRNA|TRINITY_DN107071_c1_g6_i6.p1	ADK37845.1|GH18|	73.4	301	78	2	32	330	1	301	1.19e-164	465
EmuscRNA|TRINITY_DN107135_c1_g1_i2.p1	EAA31326.1|GH71|	46.9	399	201	3	25	420	832	1222	8.85e-109	352
EmuscRNA|TRINITY_DN107135_c1_g1_i3.p1	EAA31326.1|GH71|	46.2	511	256	6	1	500	720	1222	2.06e-138	434
EmuscRNA|TRINITY_DN107135_c1_g1_i4.p1	EAA31326.1|GH71|	46.9	399	201	3	25	420	832	1222	8.85e-109	352
EmuscRNA|TRINITY_DN107135_c1_g1_i9.p1	EAA31326.1|GH71|	46.3	588	297	6	130	706	643	1222	7.16e-164	508
EmuscRNA|TRINITY_DN107286_c2_g1_i1.p1	CDS12794.1|GT39|	51.1	380	165	3	1	380	179	537	7.94e-120	369
EmuscRNA|TRINITY_DN107286_c2_g1_i2.p1	CDS12794.1|GT39|	50.7	483	216	4	1	483	179	639	2.94e-159	474
EmuscRNA|TRINITY_DN107286_c2_g1_i3.p1	CDS12794.1|GT39|	50.8	706	325	4	70	775	68	751	5.06e-249	715
EmuscRNA|TRINITY_DN107286_c2_g1_i4.p1	QGA19288.1|GT39|	49.1	336	144	4	1	335	315	624	2.65e-104	327
EmuscRNA|TRINITY_DN107286_c2_g1_i6.p1	CDS12794.1|GT39|	51.1	380	165	3	1	380	179	537	2.22e-119	368
EmuscRNA|TRINITY_DN107444_c0_g1_i1.p1	AEO59893.1|GT48|	55.8	312	111	4	19	304	199	509	3.09e-110	356
EmuscRNA|TRINITY_DN107656_c2_g1_i1.p1	CDS08390.1|GH31|	47.9	944	433	10	15	918	21	945	0.0	937
EmuscRNA|TRINITY_DN107657_c2_g1_i1.p1	CDS09314.1|GT39|	49.1	684	341	3	43	721	107	788	4.90e-231	671
EmuscRNA|TRINITY_DN107657_c2_g1_i3.p1	CDS09314.1|GT39|	49.6	577	284	3	43	614	107	681	6.01e-196	577
EmuscRNA|TRINITY_DN107708_c0_g1_i1.p1	AMJ52391.1|GH47|	43.2	486	260	7	97	579	96	568	2.19e-124	382
EmuscRNA|TRINITY_DN107708_c0_g1_i4.p1	AMJ52391.1|GH47|	43.2	486	260	7	95	577	96	568	7.31e-125	383
EmuscRNA|TRINITY_DN107708_c0_g1_i5.p1	AMJ52391.1|GH47|	42.2	424	234	5	95	516	96	510	1.84e-106	334
EmuscRNA|TRINITY_DN107779_c1_g1_i1.p1	EGX46445.1|GT35|	56.5	872	348	6	3	870	26	870	0.0	981
EmuscRNA|TRINITY_DN108010_c3_g1_i1.p1	QKD62991.1|GH12|	35.9	627	392	5	199	824	1044	1661	1.67e-110	376
EmuscRNA|TRINITY_DN108135_c3_g1_i1.p1	QBZ54211.1|GH47|	48.6	840	362	14	7	790	631	1456	5.55e-225	678
EmuscRNA|TRINITY_DN108135_c3_g1_i2.p1	QBZ54211.1|GH47|	53.0	543	234	7	3	535	738	1269	1.52e-163	509
EmuscRNA|TRINITY_DN108152_c1_g1_i1.p1	CDS03326.1|GH47|	52.9	482	211	7	65	538	127	600	4.06e-161	480
EmuscRNA|TRINITY_DN108240_c2_g1_i1.p1	CED83340.1|GT31|	36.1	972	494	22	259	1118	962	1918	1.40e-175	570
EmuscRNA|TRINITY_DN108376_c0_g1_i1.p1	CDS09089.1|GT41|	50.7	1229	464	20	300	1417	290	1487	0.0	1049
EmuscRNA|TRINITY_DN108425_c1_g1_i1.p1	QBQ55251.1|CBM50|	37.3	890	510	14	10	865	19	894	6.21e-157	493
EmuscRNA|TRINITY_DN108654_c0_g4_i2.p1	AQS92209.1|GT4|	93.1	160	11	0	1	160	247	406	6.05e-104	308
EmuscRNA|TRINITY_DN108666_c0_g1_i1.p1	AWP04987.1|GT13|	40.8	951	481	23	3	922	139	1038	3.23e-210	645
EmuscRNA|TRINITY_DN108666_c0_g1_i2.p1	AWP04987.1|GT13|	40.4	1010	508	26	24	995	85	1038	3.68e-221	677
EmuscRNA|TRINITY_DN108850_c2_g2_i1.p1	CDS05465.1|GH47|	52.1	516	231	2	12	511	1	516	2.01e-184	537
EmuscRNA|TRINITY_DN108850_c2_g2_i3.p1	CDS05465.1|GH47|	52.1	516	231	2	12	511	1	516	4.04e-184	536
EmuscRNA|TRINITY_DN108850_c2_g2_i4.p1	CDS05465.1|GH47|	52.1	516	231	2	36	535	1	516	6.52e-184	537
EmuscRNA|TRINITY_DN108850_c2_g2_i7.p1	CDS05465.1|GH47|	57.7	430	182	0	36	465	1	430	1.17e-178	517
EmuscRNA|TRINITY_DN108850_c2_g2_i8.p1	CDS05465.1|GH47|	52.1	516	231	2	12	511	1	516	4.04e-184	536
EmuscRNA|TRINITY_DN109020_c21_g1_i1.p1	VUW72999.1|AA1|	51.6	645	258	9	161	764	20	651	4.21e-197	597
EmuscRNA|TRINITY_DN109271_c0_g1_i1.p1	QBQ55243.1|CBM50|	34.7	787	440	19	43	811	27	757	1.80e-112	376
EmuscRNA|TRINITY_DN109271_c0_g1_i2.p1	QBQ55243.1|CBM50|	34.7	787	440	19	43	811	27	757	1.61e-112	376
EmuscRNA|TRINITY_DN109473_c2_g1_i1.p1	AWP04987.1|GT13|	48.7	894	443	10	73	957	80	966	4.85e-300	879
EmuscRNA|TRINITY_DN109507_c3_g1_i1.p1	CDS12806.1|GH31|	45.9	691	346	7	27	689	34	724	2.08e-221	645
EmuscRNA|TRINITY_DN109507_c3_g1_i2.p1	CDS12806.1|GH31|	45.9	691	346	7	27	689	34	724	7.36e-222	647
EmuscRNA|TRINITY_DN109709_c0_g3_i1.p1	AED99905.1|GT48|	68.3	246	76	1	6	251	186	429	1.28e-114	344
EmuscRNA|TRINITY_DN109709_c0_g3_i2.p1	AED99905.1|GT48|	69.3	283	85	1	2	284	149	429	7.83e-137	402
EmuscRNA|TRINITY_DN109709_c0_g3_i3.p1	AED99905.1|GT48|	68.6	274	84	1	2	275	149	420	6.63e-130	385
EmuscRNA|TRINITY_DN110013_c0_g1_i1.p1	QKX60254.1|GH76|	48.2	772	376	8	195	952	25	786	8.93e-229	686
EmuscRNA|TRINITY_DN110236_c0_g1_i1.p1	CDS03190.1|GH0|	52.1	1136	423	16	20	1043	16	1142	0.0	1053
EmuscRNA|TRINITY_DN110404_c0_g1_i1.p1	CDS08031.1|GT2|	38.7	1328	705	28	21	1265	11	1312	6.57e-289	870
EmuscRNA|TRINITY_DN110498_c1_g1_i1.p1	QBQ55243.1|CBM50|	33.1	806	457	19	9	790	10	757	6.27e-105	358
EmuscRNA|TRINITY_DN110529_c2_g1_i2.p1	CED83340.1|GT31|	35.3	929	469	21	341	1145	991	1911	1.33e-139	472
EmuscRNA|TRINITY_DN110800_c0_g5_i3.p1	AAO32493.1|GT48|	65.7	338	109	3	1	332	84	420	1.20e-160	459
EmuscRNA|TRINITY_DN110800_c0_g5_i4.p1	AAO32493.1|GT48|	62.7	284	99	3	1	278	84	366	7.51e-125	367
EmuscRNA|TRINITY_DN111102_c2_g2_i1.p1	QBQ55251.1|CBM50|	37.7	844	457	14	13	848	11	793	1.34e-140	449
EmuscRNA|TRINITY_DN111254_c2_g2_i1.p1	CDS09169.1|GH35|	33.7	716	393	20	2	706	342	986	3.76e-110	362
EmuscRNA|TRINITY_DN111282_c0_g1_i1.p1	QJD96377.1|GH3|	43.4	732	383	13	32	748	30	745	1.39e-185	552
EmuscRNA|TRINITY_DN111334_c2_g1_i1.p1	QCD84628.1|CBM43|	30.6	1158	658	25	15	1126	79	1136	5.08e-152	491
EmuscRNA|TRINITY_DN111384_c1_g1_i1.p1	CDS11938.1|GT1|	37.7	1011	526	21	143	1082	1	978	5.61e-221	662
EmuscRNA|TRINITY_DN111384_c1_g1_i2.p1	CDS11938.1|GT1|	37.7	1011	526	21	143	1082	1	978	5.61e-221	662
EmuscRNA|TRINITY_DN111543_c0_g1_i1.p1	CDR44618.1|GT2|	62.5	373	137	2	15	385	249	620	4.58e-159	477
EmuscRNA|TRINITY_DN111543_c0_g1_i2.p1	CDR44618.1|GT2|	62.5	373	137	2	15	385	249	620	4.58e-159	477
EmuscRNA|TRINITY_DN111683_c1_g1_i1.p1	CCA77894.1|GH13_25|GH133|	46.1	1548	755	26	7	1491	69	1599	0.0	1303
EmuscRNA|TRINITY_DN111683_c1_g1_i2.p1	CCA77894.1|GH13_25|GH133|	46.1	1548	755	26	7	1491	69	1599	0.0	1304
EmuscRNA|TRINITY_DN112034_c0_g4_i1.p1	AAW60896.1|GT2|	68.0	419	132	1	1	417	65	483	1.40e-213	600
EmuscRNA|TRINITY_DN112071_c0_g2_i1.p1	APF18717.1|GH3|	40.9	552	312	7	1	547	206	748	2.49e-132	407
EmuscRNA|TRINITY_DN112071_c0_g2_i3.p1	CDS09677.1|GH3|	40.1	451	251	6	4	443	223	665	4.87e-104	330
EmuscRNA|TRINITY_DN112071_c0_g2_i4.p1	CDS09677.1|GH3|	40.8	436	241	5	8	432	236	665	1.85e-103	328
EmuscRNA|TRINITY_DN112796_c0_g2_i1.p1	CDS05274.1|GT2|	53.0	808	338	11	9	786	82	877	3.48e-281	812
EmuscRNA|TRINITY_DN113296_c2_g2_i1.p1	AHX26715.1|GT2|	32.9	773	436	17	76	786	35	786	6.42e-105	377
EmuscRNA|TRINITY_DN113296_c2_g2_i2.p1	AHX26715.1|GT2|	32.6	760	433	16	76	775	35	775	1.34e-105	374
EmuscRNA|TRINITY_DN113444_c1_g1_i1.p1	QIW95080.1|GH47|	23.9	1649	1053	38	22	1553	751	2314	1.97e-104	379
EmuscRNA|TRINITY_DN113580_c0_g1_i1.p1	QGA15584.1|GT24|	36.6	1519	856	35	2	1477	1	1455	9.15e-293	879
EmuscRNA|TRINITY_DN114049_c2_g1_i2.p1	CAF32096.1|GT22|	39.8	505	280	10	48	547	61	546	6.36e-109	341
EmuscRNA|TRINITY_DN114049_c2_g1_i3.p1	AAH21791.1|GT22|	38.0	589	323	12	49	626	54	611	7.08e-114	358
EmuscRNA|TRINITY_DN114840_c1_g2_i1.p1	ADK37842.1|GH16_19|	86.1	303	38	1	4	306	5	303	9.36e-203	561
EmuscRNA|TRINITY_DN115589_c2_g2_i1.p1	CDS04937.1|GH18|	38.5	1318	724	23	2	1243	1820	3126	1.31e-261	830
EmuscRNA|TRINITY_DN116801_c5_g1_i1.p1	AWP12516.1|GT29|	40.6	641	351	11	36	672	464	1078	5.99e-141	456
EmuscRNA|TRINITY_DN12159_c0_g1_i1.p1	CDI56219.1|GT39|	48.4	723	344	9	53	754	73	787	2.37e-226	659
EmuscRNA|TRINITY_DN125383_c0_g1_i1.p1	CDS03696.1|GH37|	38.5	624	330	14	5	613	20	604	1.43e-140	426
EmuscRNA|TRINITY_DN125478_c1_g1_i1.p1	QET95489.1|CE4|	52.1	338	137	5	1	338	1	313	2.97e-111	330
EmuscRNA|TRINITY_DN126925_c0_g1_i1.p1	AWT08580.1|AA1_2|	65.2	270	88	2	1	270	367	630	2.68e-122	367
EmuscRNA|TRINITY_DN15729_c0_g1_i1.p1	QEO24085.1|GH47|	53.2	372	165	4	7	373	837	1204	1.17e-121	384
EmuscRNA|TRINITY_DN15729_c0_g2_i1.p1	QEO24085.1|GH47|	52.4	338	152	4	1	333	871	1204	1.03e-107	345
EmuscRNA|TRINITY_DN24464_c0_g1_i1.p1	AQS92047.1|GT2|	89.4	199	21	0	5	203	1	199	1.54e-128	368
EmuscRNA|TRINITY_DN24464_c0_g1_i2.p1	AQS92047.1|GT2|	89.3	168	18	0	5	172	1	168	6.48e-106	310
EmuscRNA|TRINITY_DN34472_c1_g1_i1.p1	CDS06367.1|GH38|	47.5	1084	512	12	23	1059	24	1097	0.0	1049
EmuscRNA|TRINITY_DN34472_c1_g2_i1.p1	CDS06367.1|GH38|	47.5	1084	512	12	23	1059	24	1097	0.0	1049
EmuscRNA|TRINITY_DN35719_c0_g1_i1.p1	ADK37849.1|CBM18|CE4|	62.2	291	109	1	1	291	1	290	2.64e-130	378
EmuscRNA|TRINITY_DN38538_c0_g1_i1.p1	AQS89800.1|GT4|	85.8	190	27	0	1	190	884	1073	4.06e-110	343
EmuscRNA|TRINITY_DN39922_c0_g1_i1.p1	AMJ52391.1|GH47|	40.7	481	259	8	100	562	90	562	6.27e-111	347
EmuscRNA|TRINITY_DN73436_c2_g1_i1.p1	ADK37844.1|GH16_4|	69.1	324	99	1	54	377	1	323	7.65e-176	496
EmuscRNA|TRINITY_DN74788_c0_g2_i1.p1	AQS89800.1|GT4|	93.8	272	17	0	1	272	601	872	3.35e-180	530
EmuscRNA|TRINITY_DN74788_c0_g2_i2.p1	AQS89800.1|GT4|	94.1	288	17	0	1	288	601	888	1.72e-193	565
EmuscRNA|TRINITY_DN74788_c0_g2_i3.p1	AQS89800.1|GT4|	93.1	247	17	0	1	247	601	847	3.04e-161	480
EmuscRNA|TRINITY_DN75144_c0_g3_i1.p1	AQS90322.1|GT4|	95.2	186	9	0	1	186	171	356	7.18e-129	370
EmuscRNA|TRINITY_DN80118_c0_g1_i1.p1	ADK37854.1|GT2|	79.3	208	40	1	1	208	46	250	2.48e-108	317
EmuscRNA|TRINITY_DN81396_c0_g1_i3.p1	AQS90600.1|GT0|GT2|	84.2	316	50	0	1	316	470	785	6.87e-186	544
EmuscRNA|TRINITY_DN81768_c2_g1_i1.p1	AWP09643.1|CBM13|GT27|	50.5	388	188	2	14	397	574	961	3.12e-131	409
EmuscRNA|TRINITY_DN82459_c1_g1_i1.p1	QDS71450.1|GH47|	54.1	329	149	2	3	331	1037	1363	1.39e-119	380
EmuscRNA|TRINITY_DN82956_c0_g1_i4.p1	AOW03560.1|GT22|	40.8	512	275	10	72	575	17	508	7.18e-111	345
EmuscRNA|TRINITY_DN84029_c0_g1_i1.p1	QGI86474.1|GH125|	45.5	479	207	8	67	504	28	493	1.91e-127	399
EmuscRNA|TRINITY_DN84326_c0_g2_i3.p1	AQS90966.1|GT2|	80.8	198	38	0	12	209	208	405	1.90e-111	331
EmuscRNA|TRINITY_DN87328_c1_g1_i3.p1	ADK37847.1|GH18|	86.7	285	38	0	119	403	1	285	1.16e-182	513
EmuscRNA|TRINITY_DN88124_c0_g1_i1.p1	ADK37843.1|CBM18|GH16_19|	54.5	290	122	3	8	294	5	287	1.98e-111	328
EmuscRNA|TRINITY_DN88676_c1_g2_i1.p1	AIT83212.1|GT4|	68.3	300	93	1	9	308	17	314	2.09e-141	422
EmuscRNA|TRINITY_DN89718_c3_g1_i1.p1	QKX53632.1|AA2|	61.2	299	112	4	37	332	49	346	1.79e-124	366
EmuscRNA|TRINITY_DN89798_c0_g1_i1.p1	SMR56934.1|GT22|	54.4	544	233	6	2	532	595	1136	2.38e-195	584
EmuscRNA|TRINITY_DN90388_c2_g1_i1.p1	CCA15473.1|GH72|	51.9	389	183	3	1	386	565	952	1.43e-128	397
EmuscRNA|TRINITY_DN90516_c2_g1_i1.p1	CBA03971.1|GT30|	68.0	394	123	2	7	399	4	395	4.32e-183	541
EmuscRNA|TRINITY_DN92359_c0_g1_i2.p1	AQS90348.1|GT4|	85.9	347	49	0	2	348	15	361	6.01e-221	610
EmuscRNA|TRINITY_DN92359_c0_g1_i4.p1	AQS90348.1|GT4|	86.1	287	40	0	2	288	15	301	2.26e-184	515
EmuscRNA|TRINITY_DN93069_c1_g2_i1.p1	ACP97758.1|GT2|	49.2	427	183	7	3	428	352	745	8.84e-126	386
EmuscRNA|TRINITY_DN93198_c0_g1_i1.p1	CCA15473.1|GH72|	50.4	391	187	4	48	432	563	952	3.37e-128	398
EmuscRNA|TRINITY_DN94049_c4_g1_i1.p1	AAH68840.1|GT2|	75.4	236	58	0	3	238	30	265	5.88e-128	367
EmuscRNA|TRINITY_DN94135_c2_g1_i1.p1	APU66165.1|GH18|	66.3	282	92	3	18	298	1	280	3.28e-141	406
EmuscRNA|TRINITY_DN95574_c1_g1_i1.p1	CCA14548.1|GT2|	51.2	344	161	5	52	391	414	754	2.88e-112	350
EmuscRNA|TRINITY_DN96006_c3_g1_i1.p1	ADK37849.1|CBM18|CE4|	71.6	264	75	0	1	264	27	290	9.98e-142	406
EmuscRNA|TRINITY_DN96399_c0_g1_i1.p1	BBM97475.1|GH47|	45.9	471	234	11	11	470	124	584	8.13e-119	366
EmuscRNA|TRINITY_DN96690_c1_g1_i1.p1	ADK37843.1|CBM18|GH16_19|	78.7	286	61	0	1	286	1	286	6.77e-173	484
EmuscRNA|TRINITY_DN96690_c1_g1_i2.p1	ADK37843.1|CBM18|GH16_19|	78.7	286	61	0	1	286	1	286	6.77e-173	484
EmuscRNA|TRINITY_DN96755_c0_g1_i1.p1	QEO24085.1|GH47|	52.2	366	167	3	27	388	833	1194	1.63e-117	374
EmuscRNA|TRINITY_DN96936_c0_g2_i1.p1	ADK37849.1|CBM18|CE4|	57.7	265	111	1	19	283	27	290	4.19e-109	322
EmuscRNA|TRINITY_DN97207_c2_g1_i1.p1	BBN14963.1|CBM20|	48.9	403	195	7	11	406	397	795	3.22e-123	380
EmuscRNA|TRINITY_DN97285_c0_g4_i5.p1	QDH24765.1|GT0|	78.4	227	49	0	16	242	164	390	1.72e-141	407
EmuscRNA|TRINITY_DN97334_c1_g3_i1.p1	VDD59467.1|GH20|	40.0	552	298	12	15	538	27	573	2.51e-132	401
EmuscRNA|TRINITY_DN97334_c1_g4_i1.p1	VDD59467.1|GH20|	40.1	549	290	11	16	536	36	573	1.65e-135	409
EmuscRNA|TRINITY_DN97349_c0_g1_i1.p1	QCE13289.1|CE8|	54.0	413	163	5	6	395	409	817	1.79e-136	429
EmuscRNA|TRINITY_DN97365_c0_g1_i1.p1	AWO98658.1|GH37|	69.3	401	122	1	24	423	70	470	5.10e-195	578
EmuscRNA|TRINITY_DN97508_c1_g1_i1.p1	CAN80640.1|GT47|	53.4	427	193	4	7	428	937	1362	1.94e-155	478
EmuscRNA|TRINITY_DN97565_c1_g1_i1.p1	QDS71450.1|GH47|	60.5	334	120	2	1	329	1032	1358	4.25e-134	420
EmuscRNA|TRINITY_DN97667_c0_g1_i1.p1	CDS03631.1|GT57|	50.6	480	214	7	4	469	4	474	1.65e-147	434
EmuscRNA|TRINITY_DN97683_c1_g2_i1.p1	APA14337.1|GT20|	61.9	473	177	2	4	474	5	476	3.44e-222	625
EmuscRNA|TRINITY_DN98613_c1_g1_i1.p1	QKX53460.1|AA4|	53.6	418	185	6	34	446	624	1037	9.75e-146	446
EmuscRNA|TRINITY_DN98613_c1_g1_i2.p1	QKX53460.1|AA4|	54.7	371	159	6	17	382	624	990	5.99e-130	402
EmuscRNA|TRINITY_DN98613_c1_g1_i3.p1	QKX53460.1|AA4|	54.7	371	159	6	17	382	624	990	3.04e-130	403
EmuscRNA|TRINITY_DN98613_c1_g1_i4.p1	QKX53460.1|AA4|	53.6	418	185	6	34	446	624	1037	1.93e-145	445
EmuscRNA|TRINITY_DN99484_c3_g1_i1.p1	QDS71450.1|GH47|	60.0	265	105	1	8	271	1044	1308	6.23e-107	343
EmuscRNA|TRINITY_DN99484_c3_g1_i2.p1	QDS71450.1|GH47|	60.0	265	105	1	8	271	1044	1308	6.23e-107	343
EmuscRNA|TRINITY_DN99572_c1_g1_i1.p1	ADK37844.1|GH16_4|	56.2	345	129	6	57	401	1	323	1.50e-141	410
EmuscRNA|TRINITY_DN99669_c1_g1_i1.p1	AAX19735.1|GH37|	67.0	663	206	4	76	738	48	697	0.0	950
EmuscRNA|TRINITY_DN99959_c0_g2_i1.p1	AWU78116.1|GT39|	76.7	257	58	1	1	255	1	257	8.47e-128	385
EmuscRNA|TRINITY_DN99959_c0_g2_i2.p1	AWU78116.1|GT39|	73.0	352	93	1	1	350	1	352	3.91e-174	508
