HMM Profile	Profile Length	Gene ID	Gene Length	E Value	Profile Start	Profile End	Gene Start	Gene End	Coverage
GT15.hmm	273	EmuscRNA|TRINITY_DN100023_c1_g1_i1.p1	408	6e-78	1	271	82	364	0.989010989010989
PL1_4.hmm	187	EmuscRNA|TRINITY_DN100047_c0_g2_i2.p1	322	3.1e-63	2	187	118	308	0.9893048128342246
GT15.hmm	273	EmuscRNA|TRINITY_DN100059_c0_g1_i1.p1	408	1.6e-111	2	272	57	351	0.989010989010989
GT3.hmm	637	EmuscRNA|TRINITY_DN100066_c1_g1_i1.p1	739	6.9e-291	1	629	57	680	0.9858712715855573
GT15.hmm	273	EmuscRNA|TRINITY_DN100213_c1_g1_i1.p1	369	2.1e-120	1	272	55	327	0.9926739926739927
GT1.hmm	382	EmuscRNA|TRINITY_DN100290_c1_g2_i1.p1	534	3e-19	192	347	243	418	0.40575916230366493
GH72.hmm	312	EmuscRNA|TRINITY_DN100443_c1_g1_i1.p1	455	1.5e-117	5	312	19	316	0.9839743589743589
GH17.hmm	311	EmuscRNA|TRINITY_DN100502_c0_g4_i1.p1	314	3.2e-31	2	308	42	305	0.9839228295819936
GT39.hmm	223	EmuscRNA|TRINITY_DN100513_c1_g1_i21.p1	382	1.9e-71	3	223	89	325	0.9865470852017937
GT39.hmm	223	EmuscRNA|TRINITY_DN100513_c1_g1_i8.p1	550	4.8e-71	3	223	89	325	0.9865470852017937
AA7.hmm	458	EmuscRNA|TRINITY_DN100519_c1_g1_i1.p1	458	2.4e-96	5	458	28	454	0.9890829694323144
GT62.hmm	268	EmuscRNA|TRINITY_DN100622_c0_g1_i1.p1	152	7.9e-45	173	268	1	96	0.35447761194029853
GH5_9.hmm	303	EmuscRNA|TRINITY_DN100634_c1_g2_i1.p1	416	1.9e-101	1	303	77	386	0.9966996699669967
GH5_9.hmm	303	EmuscRNA|TRINITY_DN100634_c1_g2_i2.p1	416	7.1e-100	1	303	77	386	0.9966996699669967
AA3_2.hmm	568	EmuscRNA|TRINITY_DN100645_c1_g1_i1.p1	649	1.6e-98	2	565	41	629	0.9911971830985915
GT4.hmm	160	EmuscRNA|TRINITY_DN100812_c0_g1_i1.p1	447	1.6e-36	8	157	208	383	0.93125
GT4.hmm	160	EmuscRNA|TRINITY_DN100812_c0_g1_i2.p1	447	1.6e-36	8	157	208	383	0.93125
GH72.hmm	312	EmuscRNA|TRINITY_DN101530_c0_g1_i1.p1	196	4.7e-56	175	311	2	137	0.4358974358974359
AA11.hmm	191	EmuscRNA|TRINITY_DN101595_c0_g1_i1.p1	199	1.6e-37	3	162	8	164	0.8324607329842932
GH72.hmm	312	EmuscRNA|TRINITY_DN101956_c1_g1_i1.p1	455	2.4e-51	5	310	11	289	0.9775641025641025
GT50.hmm	262	EmuscRNA|TRINITY_DN101993_c3_g1_i1.p1	454	1.8e-93	1	262	133	436	0.9961832061068703
GT1.hmm	382	EmuscRNA|TRINITY_DN102113_c0_g1_i1.p1	521	9.5e-27	213	360	225	417	0.38481675392670156
GT1.hmm	382	EmuscRNA|TRINITY_DN102264_c0_g1_i1.p1	488	9.1e-25	169	354	210	411	0.48429319371727747
GH16_4.hmm	316	EmuscRNA|TRINITY_DN102462_c1_g1_i1.p1	377	2.9e-115	1	316	41	374	0.9968354430379747
GH16_4.hmm	316	EmuscRNA|TRINITY_DN102462_c1_g1_i2.p1	377	2.4e-116	1	316	41	374	0.9968354430379747
GT1.hmm	382	EmuscRNA|TRINITY_DN102533_c1_g1_i1.p1	428	5.6e-29	192	360	124	328	0.4397905759162304
GT1.hmm	382	EmuscRNA|TRINITY_DN102533_c1_g2_i1.p1	442	1.7e-30	91	351	132	437	0.680628272251309
CBM21.hmm	107	EmuscRNA|TRINITY_DN102562_c2_g1_i1.p1	317	3.5e-25	3	106	59	166	0.9626168224299065
GH16_2.hmm	326	EmuscRNA|TRINITY_DN102632_c0_g1_i1.p1	411	9.9e-130	1	302	113	410	0.9233128834355828
GH72.hmm	312	EmuscRNA|TRINITY_DN102787_c0_g1_i2.p1	453	2e-52	5	308	12	287	0.9711538461538461
GH18.hmm	296	EmuscRNA|TRINITY_DN102790_c1_g1_i1.p1	547	2.6e-76	3	284	18	381	0.9493243243243243
GH18.hmm	296	EmuscRNA|TRINITY_DN102790_c1_g1_i2.p1	442	1.2e-55	90	284	14	276	0.6554054054054054
GT20.hmm	475	EmuscRNA|TRINITY_DN102918_c0_g1_i1.p1	501	8e-62	303	474	53	220	0.36
GH13_5.hmm	342	EmuscRNA|TRINITY_DN102934_c5_g1_i1.p1	489	4.7e-142	2	341	32	371	0.9912280701754386
GH37.hmm	491	EmuscRNA|TRINITY_DN103042_c0_g2_i1.p1	445	3.4e-118	3	379	39	434	0.7657841140529531
GH37.hmm	491	EmuscRNA|TRINITY_DN103042_c0_g2_i2.p1	494	1.1e-131	3	422	39	484	0.8533604887983707
GH47.hmm	446	EmuscRNA|TRINITY_DN103224_c0_g1_i1.p1	288	4.3e-89	182	445	6	275	0.5896860986547086
GH47.hmm	446	EmuscRNA|TRINITY_DN103224_c0_g1_i2.p1	565	8.9e-136	1	413	104	514	0.9237668161434978
GH47.hmm	446	EmuscRNA|TRINITY_DN103224_c0_g1_i3.p2	236	1.9e-71	231	445	3	223	0.4798206278026906
GH18.hmm	296	EmuscRNA|TRINITY_DN103382_c0_g1_i1.p1	306	1.8e-29	152	284	1	184	0.44594594594594594
GH18.hmm	296	EmuscRNA|TRINITY_DN103382_c0_g1_i2.p1	306	2.1e-29	152	284	1	184	0.44594594594594594
GT1.hmm	382	EmuscRNA|TRINITY_DN103645_c3_g1_i1.p1	565	3.1e-27	74	352	124	451	0.7277486910994765
GH5_12.hmm	539	EmuscRNA|TRINITY_DN103797_c0_g1_i1.p1	710	2.9e-186	3	538	16	547	0.9925788497217068
GT1.hmm	382	EmuscRNA|TRINITY_DN104184_c1_g1_i1.p1	547	1.2e-32	162	361	199	445	0.5209424083769634
CE9.hmm	373	EmuscRNA|TRINITY_DN104310_c5_g1_i1.p1	255	3.3e-53	2	208	31	248	0.5522788203753352
CE9.hmm	373	EmuscRNA|TRINITY_DN104310_c5_g1_i2.p1	421	6.9e-121	2	373	31	415	0.9946380697050938
CE9.hmm	373	EmuscRNA|TRINITY_DN104310_c5_g1_i3.p1	421	6.9e-121	2	373	31	415	0.9946380697050938
GH16_4.hmm	316	EmuscRNA|TRINITY_DN104367_c0_g1_i1.p1	125	3.5e-48	63	179	2	122	0.3670886075949367
GH16_4.hmm	316	EmuscRNA|TRINITY_DN104367_c0_g1_i2.p1	227	3.9e-65	1	169	52	227	0.5316455696202531
GT59.hmm	404	EmuscRNA|TRINITY_DN104388_c0_g6_i1.p1	418	5e-65	3	314	121	417	0.7698019801980198
GT59.hmm	404	EmuscRNA|TRINITY_DN104388_c0_g6_i2.p1	555	8e-95	3	403	121	505	0.9900990099009901
GT59.hmm	404	EmuscRNA|TRINITY_DN104388_c0_g6_i3.p2	268	4e-35	3	158	121	261	0.38366336633663367
GT59.hmm	404	EmuscRNA|TRINITY_DN104388_c0_g6_i4.p1	395	7.6e-71	61	403	11	345	0.8465346534653465
AA3_2.hmm	568	EmuscRNA|TRINITY_DN104499_c1_g2_i1.p1	577	6.3e-107	2	566	18	575	0.9929577464788732
GH5_9.hmm	303	EmuscRNA|TRINITY_DN104677_c0_g2_i1.p2	172	8.6e-35	169	303	3	145	0.44224422442244227
GH5_12.hmm	539	EmuscRNA|TRINITY_DN104679_c2_g1_i1.p1	968	1.5e-174	1	539	245	754	0.9981447124304267
GT76.hmm	407	EmuscRNA|TRINITY_DN104825_c0_g1_i1.p1	241	3.6e-53	3	206	19	227	0.4987714987714988
GT76.hmm	407	EmuscRNA|TRINITY_DN104825_c0_g1_i2.p1	283	1.3e-53	3	210	19	231	0.5085995085995086
GT76.hmm	407	EmuscRNA|TRINITY_DN104825_c0_g1_i3.p1	167	2.6e-49	255	407	4	166	0.37346437346437344
GT76.hmm	407	EmuscRNA|TRINITY_DN104825_c0_g1_i4.p1	253	1.2e-53	3	209	19	230	0.5061425061425061
AA3_2.hmm	568	EmuscRNA|TRINITY_DN104855_c0_g1_i1.p1	571	5.5e-96	2	568	3	566	0.9964788732394366
GH20.hmm	337	EmuscRNA|TRINITY_DN104958_c1_g1_i1.p1	798	2.1e-33	10	316	159	464	0.9080118694362018
AA6.hmm	195	EmuscRNA|TRINITY_DN104983_c2_g1_i1.p1	437	4.3e-71	1	194	21	214	0.9897435897435898
GH72.hmm	312	EmuscRNA|TRINITY_DN105356_c0_g1_i1.p1	539	8.1e-114	5	310	34	327	0.9775641025641025
GH81.hmm	622	EmuscRNA|TRINITY_DN105402_c3_g1_i1.p1	700	3.3e-172	14	622	75	694	0.977491961414791
GH81.hmm	622	EmuscRNA|TRINITY_DN105402_c3_g1_i2.p1	322	6.7e-117	285	582	9	316	0.477491961414791
AA11.hmm	191	EmuscRNA|TRINITY_DN105501_c0_g1_i1.p1	292	2.9e-44	11	163	37	176	0.7958115183246073
AA11.hmm	191	EmuscRNA|TRINITY_DN105501_c0_g1_i2.p1	140	1.2e-42	11	141	21	140	0.680628272251309
AA11.hmm	191	EmuscRNA|TRINITY_DN105501_c0_g1_i3.p1	292	4.5e-44	11	163	37	176	0.7958115183246073
AA11.hmm	191	EmuscRNA|TRINITY_DN105501_c0_g1_i4.p2	227	9.7e-41	46	163	3	111	0.612565445026178
GH63.hmm	570	EmuscRNA|TRINITY_DN105514_c2_g1_i1.p1	843	1.3e-25	318	567	625	840	0.4368421052631579
GT66.hmm	693	EmuscRNA|TRINITY_DN105581_c2_g1_i1.p1	726	1.7e-180	9	600	13	650	0.8528138528138528
GH18.hmm	296	EmuscRNA|TRINITY_DN105716_c0_g1_i1.p1	230	3.9e-41	2	169	14	230	0.5641891891891891
GH18.hmm	296	EmuscRNA|TRINITY_DN105716_c0_g1_i5.p1	229	2.6e-41	2	169	13	229	0.5641891891891891
GH18.hmm	296	EmuscRNA|TRINITY_DN105821_c8_g1_i1.p1	456	5.8e-74	2	284	20	403	0.9527027027027027
GH18.hmm	296	EmuscRNA|TRINITY_DN105821_c8_g1_i2.p1	498	3.4e-74	2	284	20	403	0.9527027027027027
GT1.hmm	382	EmuscRNA|TRINITY_DN105959_c2_g1_i1.p1	554	1.6e-31	169	350	213	439	0.4738219895287958
GT4.hmm	160	EmuscRNA|TRINITY_DN106007_c1_g1_i1.p1	238	6.6e-24	7	143	31	184	0.85
GT1.hmm	382	EmuscRNA|TRINITY_DN106015_c1_g1_i1.p1	550	7.9e-28	205	352	256	436	0.38481675392670156
GT39.hmm	223	EmuscRNA|TRINITY_DN106157_c3_g1_i3.p1	282	3.6e-44	2	175	90	281	0.7757847533632287
GT39.hmm	223	EmuscRNA|TRINITY_DN106157_c3_g1_i4.p1	216	2.8e-25	2	105	90	208	0.4618834080717489
GT39.hmm	223	EmuscRNA|TRINITY_DN106157_c3_g1_i8.p1	550	4.8e-26	106	223	1	121	0.5246636771300448
GT39.hmm	223	EmuscRNA|TRINITY_DN106157_c3_g1_i9.p1	560	4.7e-23	106	223	1	131	0.5246636771300448
GT2_Chitin_synth_2.hmm	527	EmuscRNA|TRINITY_DN106173_c0_g1_i1.p1	662	3.4e-132	22	307	387	661	0.540796963946869
GT4.hmm	160	EmuscRNA|TRINITY_DN106216_c0_g2_i2.p1	295	1.1e-32	6	149	45	186	0.89375
GT4.hmm	160	EmuscRNA|TRINITY_DN106216_c0_g2_i3.p1	295	1.1e-32	6	149	45	186	0.89375
GT4.hmm	160	EmuscRNA|TRINITY_DN106216_c0_g2_i4.p1	294	1.1e-32	6	149	45	186	0.89375
GH5_12.hmm	539	EmuscRNA|TRINITY_DN106233_c1_g2_i2.p1	671	3.4e-94	3	276	21	286	0.5064935064935064
GH5_12.hmm	539	EmuscRNA|TRINITY_DN106233_c1_g2_i2.p1	671	1.7e-50	320	539	296	509	0.40630797773654914
GH5_12.hmm	539	EmuscRNA|TRINITY_DN106233_c1_g2_i3.p1	671	3.4e-94	3	276	21	286	0.5064935064935064
GH5_12.hmm	539	EmuscRNA|TRINITY_DN106233_c1_g2_i3.p1	671	1.7e-50	320	539	296	509	0.40630797773654914
GH5_12.hmm	539	EmuscRNA|TRINITY_DN106233_c1_g2_i4.p1	671	1.7e-94	3	276	21	286	0.5064935064935064
GH5_12.hmm	539	EmuscRNA|TRINITY_DN106233_c1_g2_i4.p1	671	1.7e-50	320	539	296	509	0.40630797773654914
GH18.hmm	296	EmuscRNA|TRINITY_DN106319_c1_g2_i1.p1	443	6.4e-60	3	217	169	431	0.722972972972973
GH18.hmm	296	EmuscRNA|TRINITY_DN106319_c1_g2_i2.p1	433	6e-60	3	217	159	421	0.722972972972973
GH18.hmm	296	EmuscRNA|TRINITY_DN106319_c1_g2_i3.p1	433	6e-60	3	217	159	421	0.722972972972973
GT33.hmm	425	EmuscRNA|TRINITY_DN106358_c1_g1_i1.p1	455	1e-143	2	424	14	451	0.9929411764705882
GH20.hmm	337	EmuscRNA|TRINITY_DN106452_c1_g2_i1.p1	423	2.7e-99	5	336	20	360	0.9821958456973294
GT2_Chitin_synth_2.hmm	527	EmuscRNA|TRINITY_DN106546_c2_g1_i1.p1	735	8.8e-125	20	280	481	735	0.49335863377609107
GT58.hmm	364	EmuscRNA|TRINITY_DN106614_c1_g1_i1.p1	255	1.3e-69	139	364	3	222	0.6181318681318682
GT58.hmm	364	EmuscRNA|TRINITY_DN106614_c1_g2_i1.p1	188	2.2e-56	3	143	46	187	0.38461538461538464
GH72.hmm	312	EmuscRNA|TRINITY_DN106637_c2_g1_i1.p1	524	3.2e-121	4	310	40	343	0.9807692307692307
GT2_Glycos_transf_2.hmm	170	EmuscRNA|TRINITY_DN106802_c0_g1_i2.p2	255	2.7e-27	1	123	29	155	0.7176470588235294
GT2_Glycos_transf_2.hmm	170	EmuscRNA|TRINITY_DN106802_c0_g1_i5.p2	260	2.8e-27	1	123	29	155	0.7176470588235294
GT2_Glycos_transf_2.hmm	170	EmuscRNA|TRINITY_DN106934_c0_g1_i1.p1	307	1.5e-21	1	87	219	306	0.5058823529411764
GT83.hmm	540	EmuscRNA|TRINITY_DN106934_c0_g1_i2.p1	308	4.4e-38	229	494	1	249	0.49074074074074076
GT2_Glycos_transf_2.hmm	170	EmuscRNA|TRINITY_DN106934_c0_g1_i3.p1	307	1.5e-21	1	87	219	306	0.5058823529411764
GT2_Glycos_transf_2.hmm	170	EmuscRNA|TRINITY_DN106934_c0_g2_i1.p1	490	1.1e-17	1	167	177	354	0.9764705882352941
GT2_Glycos_transf_2.hmm	170	EmuscRNA|TRINITY_DN106934_c0_g2_i2.p1	314	3.5e-17	1	120	177	297	0.7
GT2_Glycos_transf_2.hmm	170	EmuscRNA|TRINITY_DN106934_c0_g2_i4.p1	514	1.3e-17	1	167	177	354	0.9764705882352941
GH18.hmm	296	EmuscRNA|TRINITY_DN107071_c1_g3_i1.p1	284	7.7e-46	104	284	6	247	0.6081081081081081
GH18.hmm	296	EmuscRNA|TRINITY_DN107071_c1_g4_i1.p1	216	1.3e-30	152	284	1	182	0.44594594594594594
GH18.hmm	296	EmuscRNA|TRINITY_DN107071_c1_g6_i1.p1	396	8.1e-66	3	285	15	385	0.9527027027027027
GH18.hmm	296	EmuscRNA|TRINITY_DN107071_c1_g6_i2.p1	396	3.6e-65	3	285	15	385	0.9527027027027027
GH18.hmm	296	EmuscRNA|TRINITY_DN107071_c1_g6_i3.p1	344	9.8e-51	3	242	15	342	0.8074324324324325
GH18.hmm	296	EmuscRNA|TRINITY_DN107071_c1_g6_i4.p1	396	8.7e-65	3	285	15	385	0.9527027027027027
GH18.hmm	296	EmuscRNA|TRINITY_DN107071_c1_g6_i5.p1	396	3.2e-66	3	285	15	385	0.9527027027027027
GH18.hmm	296	EmuscRNA|TRINITY_DN107071_c1_g6_i6.p1	331	1.2e-58	54	285	20	320	0.7804054054054054
GH18.hmm	296	EmuscRNA|TRINITY_DN107071_c1_g6_i7.p1	206	1.2e-32	3	136	15	188	0.44932432432432434
GH18.hmm	296	EmuscRNA|TRINITY_DN107159_c0_g1_i1.p1	682	1.7e-63	2	284	12	381	0.9527027027027027
GT8.hmm	257	EmuscRNA|TRINITY_DN107183_c1_g1_i2.p1	706	2e-43	28	255	9	230	0.8832684824902723
GH37.hmm	491	EmuscRNA|TRINITY_DN107228_c2_g1_i1.p1	414	6.1e-106	156	489	1	394	0.6782077393075356
GT39.hmm	223	EmuscRNA|TRINITY_DN107286_c2_g1_i1.p1	394	3.2e-35	94	223	4	135	0.57847533632287
GT39.hmm	223	EmuscRNA|TRINITY_DN107286_c2_g1_i2.p1	497	4.9e-35	94	223	4	135	0.57847533632287
GT39.hmm	223	EmuscRNA|TRINITY_DN107286_c2_g1_i3.p1	779	1e-68	2	223	77	315	0.9910313901345291
GT39.hmm	223	EmuscRNA|TRINITY_DN107286_c2_g1_i6.p1	394	4.7e-35	94	223	4	135	0.57847533632287
GH31.hmm	427	EmuscRNA|TRINITY_DN107656_c2_g1_i1.p1	919	2.5e-158	2	427	321	764	0.9953161592505855
GT39.hmm	223	EmuscRNA|TRINITY_DN107657_c2_g1_i1.p1	726	2e-69	2	223	53	293	0.9910313901345291
GT39.hmm	223	EmuscRNA|TRINITY_DN107657_c2_g1_i3.p1	618	1.4e-69	2	223	53	293	0.9910313901345291
GH47.hmm	446	EmuscRNA|TRINITY_DN107708_c0_g1_i1.p1	584	8.1e-152	1	446	111	577	0.9977578475336323
GH47.hmm	446	EmuscRNA|TRINITY_DN107708_c0_g1_i3.p1	342	8.2e-103	140	446	4	335	0.6860986547085202
GH47.hmm	446	EmuscRNA|TRINITY_DN107708_c0_g1_i4.p1	582	5.5e-152	1	446	109	575	0.9977578475336323
GH47.hmm	446	EmuscRNA|TRINITY_DN107708_c0_g1_i5.p1	540	7.5e-130	1	409	109	538	0.9147982062780269
GT35.hmm	674	EmuscRNA|TRINITY_DN107779_c1_g1_i1.p1	893	3e-265	4	674	158	869	0.9940652818991098
GT57.hmm	481	EmuscRNA|TRINITY_DN107820_c0_g3_i1.p1	234	5.9e-62	139	387	1	233	0.5155925155925156
GH47.hmm	446	EmuscRNA|TRINITY_DN108152_c1_g1_i1.p1	651	1.7e-149	1	446	80	533	0.9977578475336323
GT1.hmm	382	EmuscRNA|TRINITY_DN108463_c1_g2_i1.p1	528	1.8e-26	143	330	193	413	0.4895287958115183
GT4.hmm	160	EmuscRNA|TRINITY_DN108654_c0_g4_i2.p1	163	3.6e-17	53	158	26	130	0.65625
GT1.hmm	382	EmuscRNA|TRINITY_DN108712_c2_g1_i1.p1	540	2e-29	194	355	242	435	0.4214659685863874
GT1.hmm	382	EmuscRNA|TRINITY_DN108712_c2_g1_i3.p1	540	2.3e-30	193	355	241	435	0.42408376963350786
GH47.hmm	446	EmuscRNA|TRINITY_DN108850_c2_g2_i1.p1	619	3.5e-133	1	445	12	447	0.9955156950672646
GH47.hmm	446	EmuscRNA|TRINITY_DN108850_c2_g2_i3.p1	619	1.6e-132	1	445	12	447	0.9955156950672646
GH47.hmm	446	EmuscRNA|TRINITY_DN108850_c2_g2_i4.p1	643	1.8e-132	1	445	36	471	0.9955156950672646
GH47.hmm	446	EmuscRNA|TRINITY_DN108850_c2_g2_i5.p1	158	1.8e-39	139	297	3	155	0.3542600896860987
GH47.hmm	446	EmuscRNA|TRINITY_DN108850_c2_g2_i7.p1	474	9.8e-130	1	439	36	465	0.9820627802690582
GH47.hmm	446	EmuscRNA|TRINITY_DN108850_c2_g2_i8.p1	619	1.6e-132	1	445	12	447	0.9955156950672646
GT2_Chitin_synth_2.hmm	527	EmuscRNA|TRINITY_DN108953_c1_g1_i1.p1	660	3.6e-26	192	522	333	651	0.6261859582542695
GH16_19.hmm	174	EmuscRNA|TRINITY_DN109134_c0_g1_i1.p1	289	8.7e-54	3	174	100	263	0.9827586206896551
GH16_19.hmm	174	EmuscRNA|TRINITY_DN109134_c0_g1_i2.p1	289	4.7e-54	3	174	100	263	0.9827586206896551
GH16_19.hmm	174	EmuscRNA|TRINITY_DN109134_c0_g1_i3.p1	291	3e-55	3	174	102	265	0.9827586206896551
GH16_19.hmm	174	EmuscRNA|TRINITY_DN109134_c0_g1_i4.p1	247	1.9e-49	3	154	102	247	0.867816091954023
GT22.hmm	389	EmuscRNA|TRINITY_DN109327_c0_g1_i1.p1	598	4.6e-64	2	358	33	447	0.9151670951156813
GT22.hmm	389	EmuscRNA|TRINITY_DN109327_c0_g1_i2.p1	513	4.6e-49	63	358	12	362	0.7583547557840618
GT69.hmm	239	EmuscRNA|TRINITY_DN109484_c0_g2_i1.p1	223	4e-38	1	163	62	222	0.6778242677824268
GT69.hmm	239	EmuscRNA|TRINITY_DN109484_c0_g2_i2.p1	116	5.4e-24	50	163	4	115	0.47280334728033474
GT69.hmm	239	EmuscRNA|TRINITY_DN109484_c0_g3_i1.p1	116	2.8e-24	50	163	4	115	0.47280334728033474
GT69.hmm	239	EmuscRNA|TRINITY_DN109484_c0_g7_i1.p1	223	4e-38	1	163	62	222	0.6778242677824268
GH47.hmm	446	EmuscRNA|TRINITY_DN109485_c0_g1_i1.p1	459	3.9e-126	2	446	30	456	0.9955156950672646
GH47.hmm	446	EmuscRNA|TRINITY_DN109485_c0_g1_i2.p1	459	4e-126	2	446	30	456	0.9955156950672646
GH31.hmm	427	EmuscRNA|TRINITY_DN109507_c3_g1_i1.p1	689	8.5e-140	3	391	243	689	0.9086651053864169
GH31.hmm	427	EmuscRNA|TRINITY_DN109507_c3_g1_i2.p1	689	3.5e-140	3	391	243	689	0.9086651053864169
GH47.hmm	446	EmuscRNA|TRINITY_DN109614_c0_g1_i6.p1	163	9.3e-42	287	446	8	160	0.35650224215246634
GH47.hmm	446	EmuscRNA|TRINITY_DN109614_c0_g1_i7.p1	312	4.2e-79	137	446	8	309	0.6928251121076233
CE1.hmm	227	EmuscRNA|TRINITY_DN109660_c0_g1_i1.p1	816	1.9e-17	12	209	577	794	0.8678414096916299
CE1.hmm	227	EmuscRNA|TRINITY_DN109660_c0_g1_i10.p1	447	1.7e-17	50	209	232	425	0.7004405286343612
CE1.hmm	227	EmuscRNA|TRINITY_DN109660_c0_g1_i2.p1	436	4.9e-18	12	209	197	414	0.8678414096916299
CE1.hmm	227	EmuscRNA|TRINITY_DN109660_c0_g1_i3.p1	252	4.7e-18	50	209	46	230	0.7004405286343612
CE1.hmm	227	EmuscRNA|TRINITY_DN109660_c0_g1_i4.p1	406	4.1e-18	12	209	167	384	0.8678414096916299
CE1.hmm	227	EmuscRNA|TRINITY_DN109660_c0_g1_i5.p1	436	4.9e-18	12	209	197	414	0.8678414096916299
CE1.hmm	227	EmuscRNA|TRINITY_DN109660_c0_g1_i6.p1	436	4.9e-18	12	209	197	414	0.8678414096916299
CE1.hmm	227	EmuscRNA|TRINITY_DN109660_c0_g1_i7.p1	827	6.3e-17	50	209	612	805	0.7004405286343612
CE1.hmm	227	EmuscRNA|TRINITY_DN109660_c0_g1_i8.p1	406	4.1e-18	12	209	167	384	0.8678414096916299
GT1.hmm	382	EmuscRNA|TRINITY_DN109872_c2_g1_i1.p1	549	6.1e-32	220	362	255	452	0.3717277486910995
AA3_2.hmm	568	EmuscRNA|TRINITY_DN110741_c2_g2_i1.p1	436	1.1e-69	2	368	13	386	0.6443661971830986
AA7.hmm	458	EmuscRNA|TRINITY_DN110749_c0_g1_i1.p1	338	5.5e-66	5	220	48	268	0.46943231441048033
AA7.hmm	458	EmuscRNA|TRINITY_DN110749_c0_g1_i2.p1	457	9e-60	40	221	50	236	0.3951965065502183
GT48.hmm	739	EmuscRNA|TRINITY_DN110800_c0_g5_i3.p1	332	7.4e-154	94	412	2	332	0.43031123139377536
GT48.hmm	739	EmuscRNA|TRINITY_DN110800_c0_g5_i4.p1	286	5.8e-117	94	358	2	278	0.3572395128552097
GH3.hmm	216	EmuscRNA|TRINITY_DN111282_c0_g1_i1.p1	764	4.1e-59	3	215	113	342	0.9814814814814815
GH3.hmm	216	EmuscRNA|TRINITY_DN111282_c0_g1_i2.p1	199	6.7e-28	3	89	113	199	0.39814814814814814
GT1.hmm	382	EmuscRNA|TRINITY_DN111384_c1_g1_i1.p1	1087	5.9e-58	4	375	606	1009	0.9712041884816754
GT1.hmm	382	EmuscRNA|TRINITY_DN111384_c1_g1_i2.p1	1087	5.9e-58	4	375	606	1009	0.9712041884816754
GT2_Chitin_synth_1.hmm	163	EmuscRNA|TRINITY_DN111543_c0_g1_i1.p1	396	2e-74	1	163	98	260	0.9938650306748467
GT2_Chitin_synth_1.hmm	163	EmuscRNA|TRINITY_DN111543_c0_g1_i2.p1	396	2e-74	1	163	98	260	0.9938650306748467
GH13_25.hmm	434	EmuscRNA|TRINITY_DN111683_c1_g1_i1.p1	1494	2.5e-195	3	432	1042	1480	0.988479262672811
GH13_25.hmm	434	EmuscRNA|TRINITY_DN111683_c1_g1_i2.p1	1494	2.5e-195	3	432	1042	1480	0.988479262672811
GH18.hmm	296	EmuscRNA|TRINITY_DN111779_c0_g1_i1.p1	460	3.3e-78	5	284	15	386	0.9425675675675675
GH18.hmm	296	EmuscRNA|TRINITY_DN111779_c0_g1_i3.p1	409	5.5e-71	54	284	15	325	0.777027027027027
GH18.hmm	296	EmuscRNA|TRINITY_DN111779_c0_g1_i5.p1	475	5.1e-79	5	284	20	391	0.9425675675675675
GH3.hmm	216	EmuscRNA|TRINITY_DN112071_c0_g1_i1.p1	261	3.2e-38	3	123	121	251	0.5555555555555556
GH3.hmm	216	EmuscRNA|TRINITY_DN112071_c0_g1_i2.p1	181	9.2e-39	3	121	49	177	0.5462962962962963
GH3.hmm	216	EmuscRNA|TRINITY_DN112071_c0_g2_i1.p1	560	1.8e-24	98	215	3	138	0.5416666666666666
GH3.hmm	216	EmuscRNA|TRINITY_DN112071_c0_g2_i2.p1	319	5.8e-25	98	215	3	138	0.5416666666666666
GH3.hmm	216	EmuscRNA|TRINITY_DN112071_c0_g2_i3.p1	443	5.5e-23	98	215	3	138	0.5416666666666666
GH3.hmm	216	EmuscRNA|TRINITY_DN112071_c0_g2_i4.p1	432	3.6e-23	105	215	7	127	0.5092592592592593
AA7.hmm	458	EmuscRNA|TRINITY_DN112094_c0_g3_i1.p1	225	1.7e-68	21	212	8	202	0.4170305676855895
GT2_Chitin_synth_2.hmm	527	EmuscRNA|TRINITY_DN112289_c1_g2_i1.p1	1005	1.4e-72	22	491	190	631	0.889943074003795
AA1_1.hmm	303	EmuscRNA|TRINITY_DN112416_c1_g1_i1.p1	469	2.2e-43	56	282	2	245	0.7458745874587459
AA1_1.hmm	303	EmuscRNA|TRINITY_DN112416_c1_g1_i3.p1	468	1.3e-43	56	282	2	245	0.7458745874587459
AA1_1.hmm	303	EmuscRNA|TRINITY_DN112416_c1_g1_i6.p1	468	1.4e-43	56	282	2	245	0.7458745874587459
GT2_Chitin_synth_2.hmm	527	EmuscRNA|TRINITY_DN112796_c0_g2_i1.p1	786	1.7e-205	21	426	381	775	0.7685009487666035
AA11.hmm	191	EmuscRNA|TRINITY_DN113168_c3_g3_i1.p1	145	4.3e-34	1	134	17	145	0.6963350785340314
AA11.hmm	191	EmuscRNA|TRINITY_DN113168_c3_g5_i2.p1	251	2.9e-39	17	163	2	131	0.7643979057591623
AA11.hmm	191	EmuscRNA|TRINITY_DN113168_c3_g5_i4.p1	211	1.1e-25	73	163	6	91	0.4712041884816754
AA11.hmm	191	EmuscRNA|TRINITY_DN113168_c3_g5_i6.p1	157	1.2e-39	1	143	19	156	0.743455497382199
AA11.hmm	191	EmuscRNA|TRINITY_DN113168_c3_g5_i8.p1	210	5.2e-29	65	163	2	90	0.5130890052356021
AA11.hmm	191	EmuscRNA|TRINITY_DN113168_c3_g5_i9.p1	152	2e-39	1	143	14	151	0.743455497382199
AA11.hmm	191	EmuscRNA|TRINITY_DN113168_c3_g7_i1.p1	145	2.2e-33	1	134	17	145	0.6963350785340314
GT24.hmm	248	EmuscRNA|TRINITY_DN113580_c0_g1_i1.p1	1502	2.6e-130	1	248	1210	1457	0.9959677419354839
GT1.hmm	382	EmuscRNA|TRINITY_DN113737_c0_g1_i1.p1	536	9.6e-23	122	352	157	428	0.6020942408376964
GT1.hmm	382	EmuscRNA|TRINITY_DN113737_c0_g1_i3.p1	521	8.6e-23	121	352	156	428	0.6047120418848168
GT1.hmm	382	EmuscRNA|TRINITY_DN113737_c0_g1_i4.p1	396	2.7e-22	174	352	69	288	0.46596858638743455
GT1.hmm	382	EmuscRNA|TRINITY_DN113737_c0_g1_i6.p1	479	6.8e-23	120	352	98	371	0.6073298429319371
GT1.hmm	382	EmuscRNA|TRINITY_DN113737_c0_g1_i7.p1	536	9.3e-23	121	352	156	428	0.6047120418848168
GT2_Chitin_synth_2.hmm	527	EmuscRNA|TRINITY_DN114017_c0_g4_i1.p1	579	4.3e-59	18	262	134	357	0.4629981024667932
GT22.hmm	389	EmuscRNA|TRINITY_DN114049_c2_g1_i1.p1	437	1.1e-45	138	389	5	308	0.6452442159383034
GT22.hmm	389	EmuscRNA|TRINITY_DN114049_c2_g1_i2.p1	567	4.4e-83	2	389	57	498	0.9948586118251928
GT22.hmm	389	EmuscRNA|TRINITY_DN114049_c2_g1_i3.p1	627	6.1e-83	2	389	57	498	0.9948586118251928
GT22.hmm	389	EmuscRNA|TRINITY_DN114049_c2_g1_i5.p1	377	6.7e-46	138	389	5	308	0.6452442159383034
GT22.hmm	389	EmuscRNA|TRINITY_DN114049_c2_g1_i6.p1	477	1.9e-54	104	389	9	348	0.7326478149100257
GT2_Chitin_synth_2.hmm	527	EmuscRNA|TRINITY_DN114108_c0_g1_i1.p1	1088	2.9e-34	19	488	419	914	0.889943074003795
GH5_9.hmm	303	EmuscRNA|TRINITY_DN114256_c0_g3_i1.p1	336	8.4e-69	1	194	135	333	0.636963696369637
GH5_9.hmm	303	EmuscRNA|TRINITY_DN114256_c0_g3_i2.p2	147	2.9e-37	63	202	1	145	0.45874587458745875
GH5_9.hmm	303	EmuscRNA|TRINITY_DN114256_c0_g3_i3.p1	358	3.2e-69	1	202	150	356	0.6633663366336634
GH5_9.hmm	303	EmuscRNA|TRINITY_DN114256_c0_g3_i4.p1	372	1.6e-69	1	202	164	370	0.6633663366336634
GH5_9.hmm	303	EmuscRNA|TRINITY_DN114256_c0_g3_i6.p1	358	1.4e-68	1	194	150	348	0.636963696369637
AA7.hmm	458	EmuscRNA|TRINITY_DN114668_c3_g2_i1.p1	244	7.1e-76	6	194	46	235	0.4104803493449782
AA7.hmm	458	EmuscRNA|TRINITY_DN114668_c3_g2_i2.p1	194	2.7e-73	14	195	4	188	0.3951965065502183
AA7.hmm	458	EmuscRNA|TRINITY_DN114668_c3_g2_i6.p1	237	3e-74	6	194	46	235	0.4104803493449782
GH16_19.hmm	174	EmuscRNA|TRINITY_DN114840_c1_g2_i1.p1	336	9.7e-52	4	174	103	263	0.9770114942528736
GT8.hmm	257	EmuscRNA|TRINITY_DN116834_c0_g1_i1.p1	318	6.3e-36	28	254	7	291	0.8793774319066148
GT1.hmm	382	EmuscRNA|TRINITY_DN117008_c1_g1_i1.p1	570	9.4e-30	191	361	262	466	0.44502617801047123
GT39.hmm	223	EmuscRNA|TRINITY_DN12159_c0_g1_i1.p1	789	7.7e-71	3	223	58	298	0.9865470852017937
GH37.hmm	491	EmuscRNA|TRINITY_DN125383_c0_g1_i1.p1	625	6.6e-145	3	490	36	589	0.9918533604887984
CE4.hmm	130	EmuscRNA|TRINITY_DN126408_c1_g1_i1.p1	249	2.3e-28	6	124	124	245	0.9076923076923077
GH13_5.hmm	342	EmuscRNA|TRINITY_DN14853_c0_g1_i1.p1	189	6.5e-76	152	338	3	189	0.543859649122807
GH24.hmm	137	EmuscRNA|TRINITY_DN17832_c0_g1_i1.p1	124	4.2e-23	1	105	17	123	0.7591240875912408
GH24.hmm	137	EmuscRNA|TRINITY_DN17832_c0_g2_i1.p1	124	6.5e-23	1	105	17	123	0.7591240875912408
GT2_Glycos_transf_2.hmm	170	EmuscRNA|TRINITY_DN24464_c0_g1_i1.p1	203	4.4e-36	1	168	10	173	0.9823529411764705
GT2_Glycos_transf_2.hmm	170	EmuscRNA|TRINITY_DN24464_c0_g1_i2.p1	175	3.7e-36	1	167	10	172	0.9764705882352941
GH3.hmm	216	EmuscRNA|TRINITY_DN29697_c0_g3_i2.p1	318	7.4e-57	3	207	71	285	0.9444444444444444
CBM63.hmm	78	EmuscRNA|TRINITY_DN31325_c4_g1_i1.p1	233	2.1e-18	2	72	144	215	0.8974358974358975
AA6.hmm	195	EmuscRNA|TRINITY_DN33479_c0_g1_i1.p1	209	2.4e-80	1	194	6	200	0.9897435897435898
CE4.hmm	130	EmuscRNA|TRINITY_DN34004_c0_g2_i1.p2	193	2.9e-21	9	124	67	170	0.8846153846153846
CE4.hmm	130	EmuscRNA|TRINITY_DN34004_c0_g2_i2.p1	208	4.4e-30	9	124	67	185	0.8846153846153846
GH38.hmm	269	EmuscRNA|TRINITY_DN34472_c1_g1_i1.p1	1066	2.7e-86	2	255	273	525	0.9405204460966543
GH38.hmm	269	EmuscRNA|TRINITY_DN34472_c1_g2_i1.p1	1066	2.7e-86	2	255	273	525	0.9405204460966543
CE4.hmm	130	EmuscRNA|TRINITY_DN35719_c0_g1_i1.p1	340	1.1e-27	7	125	112	233	0.9076923076923077
GH47.hmm	446	EmuscRNA|TRINITY_DN39922_c0_g1_i1.p1	574	2.2e-146	1	446	118	565	0.9977578475336323
GH47.hmm	446	EmuscRNA|TRINITY_DN39922_c0_g2_i1.p1	355	5.1e-65	1	204	118	318	0.4551569506726457
GH47.hmm	446	EmuscRNA|TRINITY_DN39922_c0_g3_i1.p1	328	5.2e-65	1	204	118	318	0.4551569506726457
GH16_19.hmm	174	EmuscRNA|TRINITY_DN43281_c0_g2_i1.p2	169	2.7e-49	26	174	1	141	0.8505747126436781
GH16_19.hmm	174	EmuscRNA|TRINITY_DN43281_c0_g4_i1.p2	169	1.9e-49	26	174	1	141	0.8505747126436781
AA11.hmm	191	EmuscRNA|TRINITY_DN540_c0_g1_i1.p1	106	3e-17	11	114	15	106	0.5392670157068062
GH20.hmm	337	EmuscRNA|TRINITY_DN60559_c0_g1_i2.p1	245	9.9e-24	136	335	1	200	0.5905044510385756
GH16_4.hmm	316	EmuscRNA|TRINITY_DN69862_c0_g1_i1.p1	104	2.1e-19	27	141	6	104	0.36075949367088606
GH16_3.hmm	230	EmuscRNA|TRINITY_DN69862_c0_g2_i1.p1	156	2.1e-28	2	110	29	156	0.46956521739130436
CE4.hmm	130	EmuscRNA|TRINITY_DN70630_c0_g1_i1.p1	147	7.7e-25	7	111	38	145	0.8
GT2_Chitin_synth_2.hmm	527	EmuscRNA|TRINITY_DN71800_c1_g1_i1.p1	199	4.7e-95	91	291	4	193	0.3795066413662239
AA11.hmm	191	EmuscRNA|TRINITY_DN72089_c1_g3_i1.p1	159	5.6e-24	83	162	4	79	0.41361256544502617
CE4.hmm	130	EmuscRNA|TRINITY_DN72446_c0_g2_i1.p1	125	5.7e-25	6	108	18	122	0.7846153846153846
GT15.hmm	273	EmuscRNA|TRINITY_DN72538_c0_g1_i1.p1	258	1.4e-76	1	207	51	257	0.7545787545787546
GT15.hmm	273	EmuscRNA|TRINITY_DN72538_c0_g1_i2.p1	245	9.1e-62	1	207	51	244	0.7545787545787546
GH16_4.hmm	316	EmuscRNA|TRINITY_DN73436_c2_g1_i1.p1	378	1.8e-118	1	316	54	375	0.9968354430379747
GH16_19.hmm	174	EmuscRNA|TRINITY_DN73528_c0_g1_i1.p1	358	1.6e-45	3	174	98	258	0.9827586206896551
AA11.hmm	191	EmuscRNA|TRINITY_DN73605_c1_g1_i1.p1	309	1.3e-32	12	163	43	185	0.7905759162303665
AA11.hmm	191	EmuscRNA|TRINITY_DN73605_c1_g1_i2.p1	233	5.2e-27	54	163	2	109	0.5706806282722513
GT4.hmm	160	EmuscRNA|TRINITY_DN75144_c0_g3_i1.p1	187	2e-25	12	154	11	151	0.8875
AA11.hmm	191	EmuscRNA|TRINITY_DN76394_c2_g1_i1.p1	224	1.8e-42	1	163	14	170	0.8481675392670157
GT2_Glycos_transf_2.hmm	170	EmuscRNA|TRINITY_DN76861_c0_g1_i1.p1	176	5.2e-20	3	153	13	156	0.8823529411764706
GH13_5.hmm	342	EmuscRNA|TRINITY_DN80270_c0_g1_i1.p1	164	8.4e-65	15	173	6	164	0.4619883040935672
GH16_3.hmm	230	EmuscRNA|TRINITY_DN8028_c0_g1_i1.p1	147	1.4e-27	105	230	2	145	0.5434782608695652
GT4.hmm	160	EmuscRNA|TRINITY_DN81129_c0_g1_i2.p1	137	2.1e-16	86	153	42	108	0.41875
GT4.hmm	160	EmuscRNA|TRINITY_DN81129_c0_g1_i3.p1	108	2.9e-21	25	136	2	105	0.69375
GT4.hmm	160	EmuscRNA|TRINITY_DN81129_c0_g1_i4.p1	151	3.6e-24	25	153	2	122	0.8
GH17.hmm	311	EmuscRNA|TRINITY_DN81568_c2_g1_i1.p2	303	1.3e-28	13	306	44	294	0.9421221864951769
AA2.hmm	255	EmuscRNA|TRINITY_DN82649_c1_g1_i1.p1	270	6.6e-47	14	253	23	261	0.9372549019607843
GT22.hmm	389	EmuscRNA|TRINITY_DN82956_c0_g1_i1.p1	371	4.1e-57	134	389	1	249	0.6555269922879178
GT22.hmm	389	EmuscRNA|TRINITY_DN82956_c0_g1_i2.p1	428	4.7e-73	80	389	2	306	0.794344473007712
GT22.hmm	389	EmuscRNA|TRINITY_DN82956_c0_g1_i3.p1	371	4.1e-57	134	389	1	249	0.6555269922879178
GT22.hmm	389	EmuscRNA|TRINITY_DN82956_c0_g1_i4.p1	578	8.2e-99	2	389	74	456	0.9948586118251928
CE1.hmm	227	EmuscRNA|TRINITY_DN83078_c0_g1_i3.p1	137	4.3e-24	59	149	12	122	0.3964757709251101
GT2_Glycos_transf_2.hmm	170	EmuscRNA|TRINITY_DN83670_c1_g2_i1.p1	276	1.5e-25	1	118	70	201	0.6882352941176471
GT2_Glycos_transf_2.hmm	170	EmuscRNA|TRINITY_DN83670_c1_g2_i2.p1	348	1.3e-26	1	169	70	252	0.9882352941176471
GT1.hmm	382	EmuscRNA|TRINITY_DN83686_c2_g1_i1.p1	567	1.9e-27	86	350	128	449	0.6910994764397905
CE1.hmm	227	EmuscRNA|TRINITY_DN84181_c0_g2_i2.p1	279	1.6e-33	3	183	54	263	0.7929515418502202
GT4.hmm	160	EmuscRNA|TRINITY_DN84279_c0_g2_i2.p2	118	5.4e-16	67	153	1	85	0.5375
GH18.hmm	296	EmuscRNA|TRINITY_DN87328_c1_g1_i2.p1	320	5.7e-22	6	136	20	185	0.4391891891891892
GH18.hmm	296	EmuscRNA|TRINITY_DN87328_c1_g1_i3.p1	416	1.1e-60	6	285	20	354	0.9425675675675675
GH16_19.hmm	174	EmuscRNA|TRINITY_DN88124_c0_g1_i1.p1	296	1.8e-48	4	173	104	266	0.9712643678160919
CBM21.hmm	107	EmuscRNA|TRINITY_DN88478_c0_g1_i1.p1	363	2.3e-27	4	107	106	214	0.9626168224299065
CE1.hmm	227	EmuscRNA|TRINITY_DN89261_c1_g1_i1.p1	210	1.6e-30	58	224	1	202	0.7312775330396476
CE1.hmm	227	EmuscRNA|TRINITY_DN89261_c1_g1_i4.p1	307	1.3e-42	1	224	45	299	0.9823788546255506
GH20.hmm	337	EmuscRNA|TRINITY_DN89295_c0_g1_i1.p1	292	2.6e-63	94	336	3	254	0.7181008902077152
GH81.hmm	622	EmuscRNA|TRINITY_DN89332_c3_g1_i1.p1	439	7.7e-86	15	409	30	434	0.6334405144694534
AA2.hmm	255	EmuscRNA|TRINITY_DN89718_c3_g1_i1.p1	347	5.2e-62	4	254	79	330	0.9803921568627451
GH17.hmm	311	EmuscRNA|TRINITY_DN90612_c0_g1_i1.p1	312	8.6e-28	5	304	40	299	0.9614147909967846
AA3_2.hmm	568	EmuscRNA|TRINITY_DN92249_c0_g1_i2.p1	337	9.9e-59	2	317	9	335	0.5545774647887324
GH47.hmm	446	EmuscRNA|TRINITY_DN92954_c3_g1_i1.p1	484	2.1e-125	2	446	53	481	0.9955156950672646
GH47.hmm	446	EmuscRNA|TRINITY_DN92954_c3_g2_i1.p1	260	1.5e-61	188	446	7	257	0.57847533632287
GT2_Chitin_synth_2.hmm	527	EmuscRNA|TRINITY_DN93069_c1_g2_i1.p1	439	2.5e-132	248	527	1	277	0.5294117647058824
GH16_19.hmm	174	EmuscRNA|TRINITY_DN93566_c0_g1_i1.p1	232	1.4e-49	22	174	64	208	0.8735632183908046
GH16_19.hmm	174	EmuscRNA|TRINITY_DN93566_c0_g1_i2.p1	217	6.6e-49	22	172	64	206	0.8620689655172413
AA11.hmm	191	EmuscRNA|TRINITY_DN93748_c0_g4_i1.p1	179	1.3e-36	43	163	9	119	0.6282722513089005
AA11.hmm	191	EmuscRNA|TRINITY_DN93748_c0_g5_i1.p1	215	2.1e-36	43	163	9	119	0.6282722513089005
GT2_Glycos_transf_2.hmm	170	EmuscRNA|TRINITY_DN94049_c4_g1_i1.p1	239	2e-32	1	168	6	175	0.9823529411764705
GH18.hmm	296	EmuscRNA|TRINITY_DN94135_c2_g1_i1.p1	361	3.4e-27	3	204	15	266	0.6790540540540541
AA3_2.hmm	568	EmuscRNA|TRINITY_DN94902_c0_g1_i2.p1	207	1.4e-22	301	523	1	207	0.3908450704225352
GH5_9.hmm	303	EmuscRNA|TRINITY_DN95037_c0_g3_i1.p2	127	2.8e-31	101	228	2	127	0.41914191419141916
GH16_19.hmm	174	EmuscRNA|TRINITY_DN95271_c0_g1_i1.p1	343	6.9e-19	22	84	280	342	0.3563218390804598
GH16_19.hmm	174	EmuscRNA|TRINITY_DN95271_c0_g2_i1.p1	121	3.4e-29	78	174	1	95	0.5517241379310345
GT1.hmm	382	EmuscRNA|TRINITY_DN95354_c0_g1_i1.p1	490	9.7e-29	60	368	71	418	0.806282722513089
GH72.hmm	312	EmuscRNA|TRINITY_DN95553_c0_g1_i1.p1	210	4.3e-75	5	214	9	209	0.6698717948717948
CE4.hmm	130	EmuscRNA|TRINITY_DN96006_c3_g1_i1.p1	320	1.6e-28	6	124	84	205	0.9076923076923077
GT1.hmm	382	EmuscRNA|TRINITY_DN96306_c0_g1_i1.p1	558	6.4e-30	210	361	265	463	0.39528795811518325
GH47.hmm	446	EmuscRNA|TRINITY_DN96399_c0_g1_i1.p1	473	1.2e-141	1	446	39	470	0.9977578475336323
GH18.hmm	296	EmuscRNA|TRINITY_DN96484_c0_g1_i1.p1	426	1e-54	23	282	36	367	0.875
AA3_2.hmm	568	EmuscRNA|TRINITY_DN96643_c1_g1_i1.p1	234	3.1e-26	2	224	14	233	0.3908450704225352
GH16_19.hmm	174	EmuscRNA|TRINITY_DN96690_c1_g1_i1.p1	295	4.8e-53	4	174	97	260	0.9770114942528736
GH16_19.hmm	174	EmuscRNA|TRINITY_DN96690_c1_g1_i2.p1	295	4.8e-53	4	174	97	260	0.9770114942528736
GH18.hmm	296	EmuscRNA|TRINITY_DN96807_c3_g1_i1.p1	418	1e-77	4	282	30	404	0.9391891891891891
GH18.hmm	296	EmuscRNA|TRINITY_DN96807_c3_g1_i2.p1	347	5.1e-67	51	282	33	333	0.7804054054054054
CE4.hmm	130	EmuscRNA|TRINITY_DN96936_c0_g1_i2.p1	237	1.6e-26	8	124	110	229	0.8923076923076924
CE4.hmm	130	EmuscRNA|TRINITY_DN96936_c0_g2_i1.p1	299	2.9e-26	8	124	105	224	0.8923076923076924
GH81.hmm	622	EmuscRNA|TRINITY_DN97013_c2_g1_i1.p1	268	2.1e-98	371	622	10	261	0.40353697749196143
AA11.hmm	191	EmuscRNA|TRINITY_DN97046_c1_g1_i1.p1	129	2.8e-19	11	120	32	129	0.5706806282722513
AA11.hmm	191	EmuscRNA|TRINITY_DN97046_c1_g3_i1.p1	128	2.8e-20	11	122	29	128	0.581151832460733
AA11.hmm	191	EmuscRNA|TRINITY_DN97046_c1_g3_i3.p1	134	3.3e-20	11	122	35	134	0.581151832460733
GT1.hmm	382	EmuscRNA|TRINITY_DN97082_c2_g1_i1.p1	513	2.3e-32	53	351	57	396	0.7801047120418848
GH17.hmm	311	EmuscRNA|TRINITY_DN97144_c0_g1_i1.p1	330	2.8e-20	5	301	56	310	0.9517684887459807
GH17.hmm	311	EmuscRNA|TRINITY_DN97144_c0_g1_i2.p1	334	2.9e-20	5	301	60	314	0.9517684887459807
AA11.hmm	191	EmuscRNA|TRINITY_DN97201_c2_g1_i1.p1	235	4.7e-43	12	163	22	157	0.7905759162303665
GH20.hmm	337	EmuscRNA|TRINITY_DN97334_c1_g3_i1.p1	539	8.2e-98	4	336	149	490	0.9851632047477745
GH20.hmm	337	EmuscRNA|TRINITY_DN97334_c1_g4_i1.p1	537	6.1e-98	7	336	150	488	0.9762611275964391
CE4.hmm	130	EmuscRNA|TRINITY_DN97591_c0_g1_i2.p1	162	1.5e-17	7	78	88	161	0.5461538461538461
CE4.hmm	130	EmuscRNA|TRINITY_DN97591_c0_g2_i1.p1	162	1.3e-17	7	78	88	161	0.5461538461538461
GT57.hmm	481	EmuscRNA|TRINITY_DN97667_c0_g1_i1.p1	481	7.4e-147	4	480	11	472	0.9896049896049897
GT20.hmm	475	EmuscRNA|TRINITY_DN97683_c1_g2_i1.p1	475	2.3e-198	11	474	11	474	0.9747368421052631
AA6.hmm	195	EmuscRNA|TRINITY_DN97879_c3_g1_i1.p1	335	8.7e-68	1	194	6	199	0.9897435897435898
GH16_19.hmm	174	EmuscRNA|TRINITY_DN98779_c1_g1_i1.p1	350	9.8e-53	3	174	100	260	0.9827586206896551
CE1.hmm	227	EmuscRNA|TRINITY_DN98885_c1_g3_i1.p1	193	7.7e-31	68	224	7	184	0.6872246696035242
GH18.hmm	296	EmuscRNA|TRINITY_DN99389_c1_g1_i1.p1	352	3.9e-59	5	265	20	351	0.8783783783783784
GH18.hmm	296	EmuscRNA|TRINITY_DN99389_c1_g1_i2.p1	360	3.5e-59	5	265	28	359	0.8783783783783784
GH16_4.hmm	316	EmuscRNA|TRINITY_DN99572_c1_g1_i1.p1	403	2.6e-115	1	316	57	399	0.9968354430379747
GH37.hmm	491	EmuscRNA|TRINITY_DN99669_c1_g1_i1.p1	866	1.1e-143	2	489	159	718	0.9918533604887984
GT39.hmm	223	EmuscRNA|TRINITY_DN99959_c0_g2_i1.p1	260	1e-55	2	182	60	256	0.8071748878923767
GT39.hmm	223	EmuscRNA|TRINITY_DN99959_c0_g2_i2.p1	354	2.8e-64	2	223	60	297	0.9910313901345291
