Gene ID	CAZy ID	% Identical	Length	Mismatches	Gap Open	Gene Start	Gene End	CAZy Start	CAZy End	E Value	Bit Score
DFQ18|DFQ18_000332-T1	AXG41146.1|GH6|	39.4	713	401	10	144	846	162	853	7.78e-152	474
DFQ18|DFQ18_000427-T1	QHG77622.1|CBM50|	78.5	223	47	1	35	256	55	277	7.84e-126	367
DFQ18|DFQ18_000470-T1	CDS09097.1|GH15|	57.2	696	256	10	4	673	50	729	9.02e-278	783
DFQ18|DFQ18_000566-T1	EGX46823.1|GT20|	66.6	461	154	0	11	471	3	463	1.29e-239	669
DFQ18|DFQ18_000630-T1	ALU92952.1|CBM51|GH31|	49.5	701	327	15	48	733	66	754	6.87e-237	692
DFQ18|DFQ18_000631-T1	AEW97500.1|CBM51|GH31|	44.8	699	365	14	46	733	55	743	5.14e-210	622
DFQ18|DFQ18_000649-T1	CDS05640.1|GH20|	45.5	655	326	8	47	694	35	665	5.59e-191	568
DFQ18|DFQ18_000701-T1	CAN80640.1|GT47|	51.7	424	199	4	7	425	940	1362	9.16e-149	461
DFQ18|DFQ18_000842-T1	QKX53119.1|GH72|	48.3	489	222	8	39	507	8	485	8.08e-138	441
DFQ18|DFQ18_000874-T1	BAA01024.1|GT2|2.4.1.16	58.2	756	301	6	78	828	113	858	7.17e-296	840
DFQ18|DFQ18_000899-T1	AMJ52391.1|GH47|	43.5	481	261	7	167	638	84	562	8.54e-122	377
DFQ18|DFQ18_000957-T1	CDS05746.1|GH5_9|	46.4	429	220	6	85	506	2	427	7.16e-143	422
DFQ18|DFQ18_000995-T1	QBQ55251.1|CBM50|	31.6	867	500	16	50	897	31	823	7.21e-106	360
DFQ18|DFQ18_001066-T1	QHG77622.1|CBM50|	78.5	223	47	1	34	255	55	277	7.54e-126	367
DFQ18|DFQ18_001213-T1	CDS05700.1|GT33|	43.9	446	230	10	6	442	53	487	7.01e-108	332
DFQ18|DFQ18_001249-T1	CDS05411.1|GT3|	65.8	635	184	5	2	623	54	668	1.58e-308	858
DFQ18|DFQ18_001258-T1	CDS04796.1|CE9|	55.8	428	160	4	19	417	5	432	4.34e-164	472
DFQ18|DFQ18_001288-T1	AWP09643.1|CBM13|GT27|	50.0	394	181	5	14	397	574	961	7.29e-123	387
DFQ18|DFQ18_001336-T1	BAA01024.1|GT2|2.4.1.16	58.4	755	299	6	78	826	113	858	7.65e-295	837
DFQ18|DFQ18_001468-T1	EAA31326.1|GH71|	43.2	600	303	9	145	732	649	1222	2.37e-140	447
DFQ18|DFQ18_001470-T1	CDS05446.1|GH5_12|	36.9	734	386	17	14	695	1	709	1.61e-145	448
DFQ18|DFQ18_001551-T1	BBN14963.1|CBM20|	48.5	404	197	7	11	407	397	796	1.51e-119	371
DFQ18|DFQ18_001635-T1	CDS08031.1|GT2|	42.1	1724	875	32	17	1657	4	1687	0.0	1206
DFQ18|DFQ18_001771-T1	CDS05274.1|GT2|	54.8	919	356	13	9	893	82	975	0.0	941
DFQ18|DFQ18_002028-T1	QKX55195.1|GT2|	44.7	1089	510	19	82	1121	396	1441	1.71e-290	865
DFQ18|DFQ18_002144-T1	AMJ52391.1|GH47|	38.9	512	279	8	43	549	80	562	1.29e-117	363
DFQ18|DFQ18_002276-T1	QBS45783.1|GH31|	49.0	716	345	14	26	731	23	728	1.12e-235	678
DFQ18|DFQ18_002295-T1	QGI79035.1|GH43_30|	73.6	390	102	1	3	391	459	848	1.39e-190	580
DFQ18|DFQ18_002395-T1	CDS03326.1|GH47|	50.0	466	222	8	81	537	133	596	2.89e-145	435
DFQ18|DFQ18_002491-T1	AAG02216.1|GT48|2.4.1.34	50.7	1818	782	18	132	1917	160	1894	0.0	1712
DFQ18|DFQ18_002586-T1	QBQ55251.1|CBM50|	36.1	840	454	16	17	846	18	784	1.91e-136	442
DFQ18|DFQ18_002678-T1	QDS71450.1|GH47|	58.8	320	124	1	8	327	1044	1355	3.24e-128	404
DFQ18|DFQ18_002686-T1	QKD53806.1|AA3|	36.3	630	330	15	39	609	35	652	3.69e-115	363
DFQ18|DFQ18_002769-T1	CDS04937.1|GH18|	28.7	2966	1870	63	305	3147	303	3145	0.0	1129
DFQ18|DFQ18_002790-T1	CDS08390.1|GH31|	43.4	931	470	13	1	891	29	942	3.68e-286	821
DFQ18|DFQ18_002817-T1	VUW72999.1|AA1|	55.1	612	238	9	149	729	25	630	4.88e-197	597
DFQ18|DFQ18_002827-T1	CDP26593.1|AA3|	36.8	634	315	18	38	605	27	640	2.12e-109	348
DFQ18|DFQ18_002950-T1	AVD57717.1|GH13_5|	47.1	488	238	5	24	495	4	487	1.70e-152	448
DFQ18|DFQ18_002995-T1	CDS12794.1|GT39|	36.3	560	334	10	80	628	75	622	7.64e-110	352
DFQ18|DFQ18_003101-T1	CDS05746.1|GH5_9|	47.2	430	216	6	95	517	3	428	2.00e-140	416
DFQ18|DFQ18_003102-T1	CDS05746.1|GH5_9|	46.7	433	213	8	105	528	2	425	1.74e-152	447
DFQ18|DFQ18_003164-T1	CDS07484.1|CBM43|GH72|	47.6	466	221	8	15	460	17	479	3.15e-143	425
DFQ18|DFQ18_003190-T1	EGX46823.1|GT20|	67.6	222	72	0	1	222	242	463	7.92e-104	313
DFQ18|DFQ18_003319-T1	APU66165.1|GH18|	67.7	282	89	2	32	313	1	280	9.50e-140	407
DFQ18|DFQ18_003322-T1	QCW79542.1|GH101|	55.6	457	195	2	97	545	612	1068	3.12e-168	509
DFQ18|DFQ18_003350-T1	ADK37844.1|GH16_4|	63.7	322	115	2	56	376	1	321	1.92e-162	462
DFQ18|DFQ18_003357-T1	VUW72999.1|AA1|	42.5	459	241	8	310	756	174	621	1.40e-103	350
DFQ18|DFQ18_003418-T1	CDS02746.1|GT4|	59.7	424	164	2	364	787	2	418	9.53e-174	512
DFQ18|DFQ18_003422-T1	CDS07484.1|CBM43|GH72|	45.9	438	213	11	16	436	19	449	4.31e-120	367
DFQ18|DFQ18_003483-T1	QDS77966.1|GT48|	50.2	1719	638	29	111	1648	224	1905	0.0	1568
DFQ18|DFQ18_003589-T1	CDS05746.1|GH5_9|	49.0	433	204	7	91	514	1	425	6.23e-157	458
DFQ18|DFQ18_003852-T1	CDS09089.1|GT41|	47.2	1260	509	27	299	1458	293	1496	0.0	970
DFQ18|DFQ18_003896-T1	CDS12794.1|GT39|	44.1	825	313	5	75	898	74	751	1.79e-227	664
DFQ18|DFQ18_003898-T1	CDS08031.1|GT2|	43.9	1720	829	38	27	1652	13	1690	0.0	1300
DFQ18|DFQ18_003979-T1	CDS05746.1|GH5_9|	47.0	430	217	6	93	515	3	428	8.18e-142	419
DFQ18|DFQ18_003980-T1	CDS05746.1|GH5_9|	46.1	432	217	7	105	528	2	425	1.99e-151	444
DFQ18|DFQ18_003988-T1	QKD59535.1|CBM48|GH13_8|	66.0	677	221	3	40	715	30	698	0.0	967
DFQ18|DFQ18_004030-T1	QKD55908.1|GH18|	33.4	1199	628	31	35	1105	1025	2180	2.06e-161	536
DFQ18|DFQ18_004110-T1	AMJ52391.1|GH47|	38.3	506	274	12	72	573	91	562	7.16e-105	332
DFQ18|DFQ18_004157-T1	CCA67805.1|GT1|	37.2	1111	581	24	126	1193	241	1277	1.25e-223	686
DFQ18|DFQ18_004176-T1	CDS05700.1|GT33|	45.0	447	229	10	6	447	53	487	2.60e-112	344
DFQ18|DFQ18_004222-T1	QKD55908.1|GH18|	32.7	1210	630	30	35	1108	1025	2186	1.50e-158	528
DFQ18|DFQ18_004259-T1	CUI24525.1|GH19|	61.1	319	114	3	38	346	10	328	1.19e-121	386
DFQ18|DFQ18_004308-T1	QBQ55251.1|CBM50|	36.9	838	450	15	17	846	18	784	2.34e-140	452
DFQ18|DFQ18_004337-T1	CDS05746.1|GH5_9|	49.0	429	204	6	94	514	4	425	1.25e-156	457
DFQ18|DFQ18_004415-T1	ADK37844.1|GH16_4|	59.1	337	122	5	58	394	1	321	6.61e-151	434
DFQ18|DFQ18_004437-T1	BAA01021.1|CBM19|GH18|3.2.1.14	48.5	412	188	9	23	427	26	420	2.66e-113	347
DFQ18|DFQ18_004512-T1	CDS12794.1|GT39|	36.1	559	334	10	80	627	75	621	3.41e-110	353
DFQ18|DFQ18_004605-T1	EGX47988.1|GH16_2|	46.5	424	213	7	79	490	279	700	1.33e-130	399
DFQ18|DFQ18_004620-T1	CDS12794.1|GT39|	45.8	675	356	6	2	670	81	751	7.38e-208	606
DFQ18|DFQ18_004728-T1	CDS05465.1|GH47|	48.9	536	240	6	35	556	1	516	1.29e-169	504
DFQ18|DFQ18_004742-T1	CAN65674.1|GH28|	38.0	573	314	11	110	673	89	629	8.39e-109	371
DFQ18|DFQ18_004811-T1	AWP04987.1|GT13|	40.6	683	370	15	63	735	97	753	2.49e-159	512
DFQ18|DFQ18_004817-T1	VWO94258.1|CBM1|GH5_5|	45.4	678	294	17	35	662	395	1046	7.08e-167	509
DFQ18|DFQ18_004832-T1	AWP04987.1|GT13|	49.6	845	409	9	87	922	84	920	4.22e-289	852
DFQ18|DFQ18_004852-T1	CDS11103.1|GT66|	62.5	720	257	2	8	714	8	727	0.0	935
DFQ18|DFQ18_004932-T1	CDS09089.1|GT41|	47.1	1262	509	27	299	1460	293	1496	0.0	971
DFQ18|DFQ18_005100-T1	QGI86474.1|GH125|	46.8	462	183	5	95	508	40	486	3.54e-131	409
DFQ18|DFQ18_005281-T1	AVI60826.1|GT22|	61.1	424	150	6	10	424	583	1000	2.85e-159	501
DFQ18|DFQ18_005458-T1	BAA01022.1|CBM19|GH18|3.2.1.14	51.5	398	173	8	23	415	26	408	7.96e-113	346
DFQ18|DFQ18_005620-T1	QKX55086.1|GH55|	49.8	598	262	6	219	779	787	1383	7.18e-190	585
DFQ18|DFQ18_005694-T1	AIE96983.1|GT7|	30.4	1248	681	31	38	1150	1	1196	7.69e-154	511
DFQ18|DFQ18_005711-T1	CDS06114.1|GT2|	50.6	885	372	13	2	863	1049	1891	4.09e-275	822
DFQ18|DFQ18_005712-T1	CDS13004.1|GT20|	53.2	755	344	6	15	763	25	776	6.79e-298	840
DFQ18|DFQ18_005749-T1	QCW79542.1|GH101|	55.8	457	194	2	97	545	612	1068	7.92e-169	511
DFQ18|DFQ18_005821-T1	CDS04937.1|GH18|	28.8	2986	1865	68	88	2956	303	3145	0.0	1128
DFQ18|DFQ18_006086-T1	CDS11103.1|GT66|	62.8	720	255	2	8	714	8	727	0.0	939
DFQ18|DFQ18_006124-T1	CDR47418.1|GH13_25|GH133|	44.1	1546	814	17	47	1548	44	1583	0.0	1303
DFQ18|DFQ18_006170-T1	AVD57717.1|GH13_5|	57.6	479	201	2	4	480	2	480	1.69e-214	605
DFQ18|DFQ18_006172-T1	AVD57717.1|GH13_5|	47.7	488	249	5	25	510	4	487	2.93e-155	456
DFQ18|DFQ18_006601-T1	CBX99002.1|GH18|	56.1	301	108	5	1	277	1	301	6.32e-105	327
DFQ18|DFQ18_006676-T1	VUW72999.1|AA1|	54.9	612	239	9	149	729	25	630	2.70e-196	595
DFQ18|DFQ18_006722-T1	CDS03326.1|GH47|	50.4	466	220	8	81	537	133	596	7.23e-146	437
DFQ18|DFQ18_006730-T1	CCA15473.1|GH72|	48.7	378	184	4	59	431	579	951	9.92e-114	360
DFQ18|DFQ18_006773-T1	CDS13004.1|GT20|	53.6	755	341	6	15	763	25	776	4.16e-299	843
DFQ18|DFQ18_006783-T1	ADK37844.1|GH16_4|	59.6	337	120	5	59	395	1	321	2.08e-152	437
DFQ18|DFQ18_006814-T1	QKD53806.1|AA3|	36.0	630	332	15	39	609	35	652	6.17e-113	357
DFQ18|DFQ18_006852-T1	APU66165.1|GH18|	68.1	282	88	2	32	313	1	280	7.18e-140	407
DFQ18|DFQ18_006853-T1	APU66165.1|GH18|	67.4	282	90	2	30	311	1	280	3.96e-142	412
DFQ18|DFQ18_006913-T1	QKX56076.1|GH51|	51.6	785	340	11	95	862	834	1595	8.89e-240	722
DFQ18|DFQ18_007106-T1	QBZ54211.1|GH47|	48.7	842	378	15	7	813	631	1453	1.73e-217	659
DFQ18|DFQ18_007110-T1	AMJ52391.1|GH47|	37.6	534	292	13	45	573	65	562	4.21e-107	337
DFQ18|DFQ18_007120-T1	AFK25797.1|GT2|	45.7	834	356	17	453	1232	90	880	1.72e-216	661
DFQ18|DFQ18_007156-T1	AVM55139.1|GH65|	38.3	705	392	17	7	697	683	1358	1.02e-145	463
DFQ18|DFQ18_007191-T1	AWP04987.1|GT13|	38.1	711	371	14	19	726	97	741	5.61e-152	484
DFQ18|DFQ18_007198-T1	CDS05327.1|GT2|	43.2	1753	895	28	21	1714	25	1736	0.0	1341
DFQ18|DFQ18_007300-T1	QBQ55251.1|CBM50|	34.0	863	448	20	1	851	158	910	4.03e-119	392
DFQ18|DFQ18_007339-T1	AAK71510.1|GT39|	43.8	708	254	5	75	780	64	629	4.03e-192	570
DFQ18|DFQ18_007349-T1	CDS07484.1|CBM43|GH72|	46.8	438	209	11	16	436	19	449	2.72e-121	370
DFQ18|DFQ18_007386-T1	EAA65303.1|GT0|	48.2	873	421	8	41	902	727	1579	4.71e-271	804
DFQ18|DFQ18_007634-T1	CDS07813.1|GH37|	42.7	618	305	12	8	619	7	581	2.76e-174	512
DFQ18|DFQ18_007657-T1	QBQ55243.1|CBM50|	33.3	814	458	19	3	793	10	761	4.95e-104	356
DFQ18|DFQ18_007773-T1	AFK25797.1|GT2|	45.4	834	358	17	453	1232	90	880	1.15e-215	659
DFQ18|DFQ18_007799-T1	CCA14548.1|GT2|	54.9	317	139	3	6	320	443	757	2.46e-110	342
DFQ18|DFQ18_007810-T1	CDS02746.1|GT4|	59.9	424	163	3	364	787	2	418	6.14e-174	512
DFQ18|DFQ18_007881-T1	CDR47418.1|GH13_25|GH133|	43.8	1549	814	19	47	1548	44	1583	0.0	1292
DFQ18|DFQ18_007909-T1	AAH68840.1|GT2|	74.7	237	60	0	2	238	29	265	1.70e-129	370
DFQ18|DFQ18_007947-T1	QDS71450.1|GH47|	59.1	320	123	1	8	327	1044	1355	4.49e-129	407
DFQ18|DFQ18_007958-T1	CDS08031.1|GT2|	42.0	1597	735	35	6	1447	131	1690	0.0	1122
DFQ18|DFQ18_008010-T1	AIE96983.1|GT7|	32.7	1295	695	27	138	1360	7	1196	3.22e-197	637
DFQ18|DFQ18_008040-T1	QKX60254.1|GH76|	53.3	617	279	3	168	776	3	618	2.07e-208	627
DFQ18|DFQ18_008072-T1	QKX64719.1|GT31|	38.6	523	275	10	14	510	22	524	2.58e-107	345
DFQ18|DFQ18_008101-T1	AMJ52391.1|GH47|	41.1	492	252	11	10	470	83	567	5.26e-117	359
DFQ18|DFQ18_008102-T1	CDS10110.1|GT15|	57.0	305	131	0	72	376	67	371	1.10e-136	399
DFQ18|DFQ18_008122-T1	CBA03971.1|GT30|	68.3	394	122	2	7	399	4	395	8.25e-186	548
DFQ18|DFQ18_008163-T1	CED83340.1|GT31|	39.4	701	395	12	29	706	1207	1900	4.94e-157	505
DFQ18|DFQ18_008187-T1	AKU79211.1|GH20|	37.6	654	312	13	1	563	1	649	3.26e-143	432
DFQ18|DFQ18_008301-T1	QKD58853.1|GH18|	57.8	434	172	6	2	425	394	826	7.31e-155	468
DFQ18|DFQ18_008316-T1	ACZ81482.1|GT39|	44.0	754	367	8	61	804	61	769	1.80e-219	644
DFQ18|DFQ18_008421-T1	AHX26715.1|GT2|	33.9	766	440	15	77	790	35	786	1.62e-112	401
DFQ18|DFQ18_008459-T1	BBN14963.1|CBM20|	48.5	404	197	7	11	407	397	796	1.51e-119	371
DFQ18|DFQ18_008640-T1	QKX53460.1|AA4|	48.2	421	214	4	951	1369	619	1037	8.63e-120	404
DFQ18|DFQ18_008683-T1	AWO98658.1|GH37|	68.9	363	112	1	1	362	108	470	3.47e-175	524
DFQ18|DFQ18_008726-T1	CDS05465.1|GH47|	50.2	518	240	5	35	538	1	514	8.55e-172	509
DFQ18|DFQ18_008727-T1	CDS05797.1|GT24|	32.9	1534	866	36	31	1511	18	1441	3.45e-238	738
DFQ18|DFQ18_008744-T1	VDC69778.1|CE8|	44.3	619	324	13	150	758	658	1265	4.41e-156	491
DFQ18|DFQ18_008900-T1	CEI40425.1|GT35|	57.3	878	352	8	9	874	14	880	0.0	986
DFQ18|DFQ18_009034-T1	CCA15473.1|GH72|	54.8	389	171	5	1	385	565	952	8.71e-136	416
DFQ18|DFQ18_009039-T1	QKX55195.1|GT2|	45.3	1092	501	21	82	1122	395	1441	8.31e-292	869
DFQ18|DFQ18_009076-T1	EGX47988.1|GH16_2|	46.9	424	211	7	79	490	279	700	2.23e-129	396
DFQ18|DFQ18_009223-T1	APF18717.1|GH3|	41.6	733	398	15	28	748	33	747	6.01e-175	525
DFQ18|DFQ18_009270-T1	CDS03721.1|GT4|	44.7	438	230	9	19	454	6	433	5.27e-111	340
DFQ18|DFQ18_009275-T1	CCA14548.1|GT2|	54.6	317	140	3	6	320	443	757	3.47e-110	341
DFQ18|DFQ18_009313-T1	CDS05797.1|GT24|	33.7	1535	857	41	28	1509	15	1441	3.73e-241	746
DFQ18|DFQ18_009316-T1	QKD62991.1|GH12|	39.7	524	303	6	2	520	1146	1661	2.21e-111	367
DFQ18|DFQ18_009362-T1	QBZ54211.1|GH47|	45.4	623	297	11	2	600	850	1453	7.91e-134	431
DFQ18|DFQ18_009536-T1	ACY64759.1|CBM43|GH72|	41.9	492	256	12	17	494	22	497	6.90e-128	387
DFQ18|DFQ18_009653-T1	CDS13455.1|GH63|	37.9	832	420	21	21	815	33	804	2.47e-173	524
DFQ18|DFQ18_009731-T1	CED83340.1|GT31|	32.1	862	448	17	303	1039	959	1808	1.98e-118	407
DFQ18|DFQ18_009839-T1	AEW97500.1|CBM51|GH31|	45.0	696	368	11	46	733	55	743	8.16e-212	627
DFQ18|DFQ18_009841-T1	ADK37844.1|GH16_4|	63.4	325	116	2	60	383	1	323	5.31e-159	454
DFQ18|DFQ18_009849-T1	CDS05640.1|GH20|	46.0	655	323	9	47	694	35	665	1.18e-190	566
DFQ18|DFQ18_009937-T1	CDS03806.1|GT48|	53.9	1736	763	15	30	1750	189	1901	0.0	1809
DFQ18|DFQ18_010041-T1	AKU79211.1|GH20|	35.9	615	307	11	17	546	21	633	3.68e-127	390
DFQ18|DFQ18_010161-T1	ADK37846.1|GH18|	68.7	294	90	1	30	323	1	292	4.09e-147	426
DFQ18|DFQ18_010171-T1	AAH68840.1|GT2|	74.3	237	61	0	2	238	29	265	9.80e-129	369
DFQ18|DFQ18_010245-T1	CDS06367.1|GH38|	45.1	1108	549	15	21	1103	25	1098	0.0	996
DFQ18|DFQ18_010412-T1	VDD19117.1|GT95|	78.8	292	60	2	3	293	78	368	1.04e-155	455
DFQ18|DFQ18_010437-T1	AWP12516.1|GT29|	39.5	673	361	16	14	680	444	1076	2.06e-132	433
DFQ18|DFQ18_010447-T1	ADK37844.1|GH16_4|	61.8	325	121	2	60	383	1	323	1.24e-157	450
DFQ18|DFQ18_010583-T1	QJD96377.1|GH3|	42.1	737	390	14	40	759	29	745	2.41e-189	562
DFQ18|DFQ18_010627-T1	SMR50199.1|AA3|	36.1	626	345	17	33	622	29	635	1.31e-108	345
DFQ18|DFQ18_010652-T1	CDS03631.1|GT57|	47.5	499	211	11	3	493	19	474	7.14e-139	413
DFQ18|DFQ18_010710-T1	QKD59535.1|CBM48|GH13_8|	65.1	478	159	2	41	517	30	500	4.83e-234	664
DFQ18|DFQ18_010768-T1	QKD62991.1|GH12|	36.0	578	360	3	218	795	1094	1661	2.94e-109	372
DFQ18|DFQ18_010779-T1	CDS05746.1|GH5_9|	45.6	428	223	6	86	506	2	426	5.21e-142	420
DFQ18|DFQ18_010780-T1	QDS71450.1|GH47|	51.4	321	145	4	5	324	1044	1354	2.06e-105	341
DFQ18|DFQ18_010825-T1	AAX19735.1|GH37|	65.7	662	215	5	73	734	48	697	0.0	912
DFQ18|DFQ18_010839-T1	CDS13455.1|GH63|	38.3	839	406	22	21	814	33	804	1.43e-181	545
DFQ18|DFQ18_010946-T1	QKX56076.1|GH51|	41.2	449	256	4	72	513	901	1348	4.92e-107	356
DFQ18|DFQ18_010951-T1	AIE96983.1|GT7|	31.3	987	544	22	1	896	253	1196	4.12e-128	430
DFQ18|DFQ18_011034-T1	CDS09314.1|GT39|	48.8	572	283	3	2	568	222	788	5.32e-184	545
DFQ18|DFQ18_011054-T1	ADK37846.1|GH18|	72.8	294	78	1	30	323	1	292	5.50e-160	460
DFQ18|DFQ18_011173-T1	CDS08031.1|GT2|	39.5	574	333	8	25	592	11	576	6.05e-125	409
DFQ18|DFQ18_011234-T1	CDS05746.1|GH5_9|	48.2	427	207	7	100	518	5	425	1.46e-152	447
DFQ18|DFQ18_011241-T1	EAA61171.1|AA3|	36.7	632	336	18	41	616	23	646	4.63e-105	340
DFQ18|DFQ18_011291-T1	EAA65303.1|GT0|	52.5	467	216	3	8	468	1113	1579	2.43e-156	487
DFQ18|DFQ18_011408-T1	QKX53119.1|GH72|	48.5	489	221	8	39	507	8	485	2.06e-138	443
DFQ18|DFQ18_011440-T1	CDS07484.1|CBM43|GH72|	48.2	465	215	10	15	457	17	477	2.29e-146	435
DFQ18|DFQ18_011449-T1	QBQ55251.1|CBM50|	36.7	761	454	9	5	749	22	770	1.37e-133	427
DFQ18|DFQ18_011478-T1	AAB18921.1|GH31|3.2.1.84	51.7	555	243	6	1	548	406	942	8.85e-212	617
DFQ18|DFQ18_011552-T1	CDS07484.1|CBM43|GH72|	48.6	453	211	7	15	447	17	467	1.85e-139	416
DFQ18|DFQ18_011568-T1	AIT83212.1|GT4|	64.4	306	106	2	4	308	11	314	1.27e-133	402
DFQ18|DFQ18_011600-T1	QKX53632.1|AA2|	64.0	317	108	6	47	361	39	351	1.66e-133	390
DFQ18|DFQ18_011641-T1	ADV22545.1|GH5_9|	42.6	392	204	7	19	399	34	415	1.15e-115	348
DFQ18|DFQ18_011691-T1	QCE13289.1|CE8|	54.3	407	159	5	6	389	409	811	9.18e-140	436
DFQ18|DFQ18_011758-T1	QKD62991.1|GH12|	39.7	524	303	6	2	520	1146	1661	8.56e-112	369
DFQ18|DFQ18_011805-T1	AMJ52391.1|GH47|	42.5	508	271	8	121	619	67	562	1.77e-125	386
DFQ18|DFQ18_011970-T1	ADK37846.1|GH18|	67.3	294	94	1	30	323	1	292	9.48e-146	422
DFQ18|DFQ18_011972-T1	ANB11391.1|GT48|	60.3	963	358	8	3	964	610	1549	0.0	1111
DFQ18|DFQ18_011980-T1	QEO24085.1|GH47|	49.4	338	162	4	1	333	871	1204	1.87e-106	341
DFQ18|DFQ18_012080-T1	CDS06367.1|GH38|	43.0	845	403	15	2	811	298	1098	1.79e-239	704
DFQ18|DFQ18_012128-T1	QKX60855.1|GT22|	68.2	296	91	1	29	324	564	856	2.27e-130	397
DFQ18|DFQ18_012394-T1	CAC9909034.1|GT8|	65.4	370	127	1	20	389	347	715	5.34e-171	499
DFQ18|DFQ18_012671-T1	CDS11918.1|CBM43|GH72|	50.3	336	158	4	17	345	18	351	8.27e-114	344
DFQ18|DFQ18_012916-T1	CDS06898.1|GH18|	41.6	435	235	8	61	481	26	455	2.95e-115	355
DFQ18|DFQ18_013060-T1	SMY26983.1|GT22|	51.4	368	164	5	1	353	769	1136	5.59e-117	373
DFQ18|DFQ18_013146-T1	CDS05411.1|GT3|	74.3	408	104	1	1	407	238	645	2.40e-224	636
DFQ18|DFQ18_013186-T1	CEF66342.1|GH31|	42.5	452	225	9	3	453	13	430	3.45e-115	363
DFQ18|DFQ18_013301-T1	CDS05327.1|GT2|	65.7	361	123	1	1	360	1352	1712	9.45e-162	504
DFQ18|DFQ18_013583-T1	CAC9909034.1|GT8|	72.3	318	87	1	1	318	370	686	5.67e-154	452
DFQ18|DFQ18_014778-T1	CAC95228.2|GT2|	80.3	193	38	0	1	193	86	278	1.58e-111	331
