CAZy Family	PPR Subfamily	Gene ID	Frequency	Hits	Signature Peptides
CE4	90	DFQ18|DFQ18_011944-T1	5.2	6	TFFVLG,KATFFV,TFDDGP,FDDGPT,ATFFVL,LTFDDG
CE4	93	DFQ18|DFQ18_008738-T1	7.0	7	LTFDDG,TFDDGP,KATFFV,ATFFVL,ALTFDD,VKATFF,TFFVLG
CE4	93	DFQ18|DFQ18_009318-T1	7.0	7	VKATFF,ALTFDD,KATFFV,TFDDGP,TFFVLG,LTFDDG,ATFFVL
CE4	93	DFQ18|DFQ18_000531-T1	6.0	6	TFDDGP,KATFFV,ALTFDD,ATFFVL,LTFDDG,TFFVLG
CE9	48	DFQ18|DFQ18_001258-T1	4.02	8	AHLEGP,LEGPFI,HLEGPF,GAEILG,ILGAHL,LGAHLE,EGPFIS,GAHLEG
GH0	118	DFQ18|DFQ18_011895-T1	2.91	6	SSSSSK,SSSSKK,SSSSSS,SSSKKS,SDSSSS,DSSSSS
GH13	25	DFQ18|DFQ18_006170-T1	9.03	19	FDVPLH,NHDSQP,GYGVYD,GFRLDA,YGVYDL,TKYGTK,PCVFYG,RTKYGT,VTFVDN,VDNHDS,CVFYGD,AVTFVD,AYALIL,TFVDNH,ALILLR,YALILL,AVWIPP,DNHDSQ,FVDNHD
GH13	25	DFQ18|DFQ18_002950-T1	5.48	10	CVFYGD,FGNYDY,FVDNHD,PCVFYG,EFGNYD,GNYDYL,TFVDNH,VTFVDN,YDLGEF,AVTFVD
GH13	25	DFQ18|DFQ18_006172-T1	5.47	10	TFVDNH,FGNYDY,YDLGEF,PCVFYG,GNYDYL,CVFYGD,VTFVDN,AVTFVD,EFGNYD,FVDNHD
GH13	94	DFQ18|DFQ18_003988-T1	24.1	38	SRLFNY,DVSGMP,TLTNRR,EWAPNA,FRFDGV,SHDQAL,DQALVG,VGDKTI,RFLLSN,ESHDQA,FPREGN,ALVGDK,FDGVTS,GFDYRL,GGIGFD,DFPREG,FLLSNL,LVGDKT,YASFGY,DGFRFD,DGVTSM,GVTSML,YYASFG,NEFGHP,GFRFDG,RFDGVT,GIGFDY,HDQALV,EDVSGM,LRFLLS,AEDVSG,GNEFGH,VTSMLY,MAIMEH,EFGHPE,QALVGD,FGHPEW,IGFDYR
GH13	94	DFQ18|DFQ18_010710-T1	20.1	32	IGFDYR,GFDYRL,GVTSML,FDGVTS,MAIMEH,RFLLSN,EDVSGM,EWAPNA,GGIGFD,HDQALV,YYASFG,FRFDGV,VTSMLY,GIGFDY,SRLFNY,GFRFDG,LVGDKT,DGVTSM,DVSGMP,QALVGD,DQALVG,RFDGVT,ALVGDK,VGDKTI,LRFLLS,AEDVSG,YASFGY,ESHDQA,SHDQAL,DGFRFD,FLLSNL,TLTNRR
GH13	94	DFQ18|DFQ18_014949-T1	4.01	6	GNEFGH,NEFGHP,EFGHPE,FPREGN,FGHPEW,DFPREG
GH132	2	DFQ18|DFQ18_011142-T1	7.19	9	EAMLIP,GWAMSP,AMLIPT,PGNEAM,NEAMLI,GNEAML,AMSPDQ,WAMSPD,WCPYAC
GH132	2	DFQ18|DFQ18_007678-T1	6.47	8	GNEAML,EAMLIP,PGNEAM,NEAMLI,GWAMSP,WAMSPD,AMSPDQ,AMLIPT
GH132	2	DFQ18|DFQ18_013803-T1	5.51	7	GNEAML,WAMSPD,AMSPDQ,NEAMLI,GWAMSP,PGNEAM,WCPYAC
GH133	2	DFQ18|DFQ18_006124-T1	28.2	34	QLRPNF,AAGLPH,YHQGPE,NYHQGP,TLDPSD,LIREAM,GTWMDK,SNSPYS,SLIREA,AGLPHF,NRRGIY,WMDKMG,CTHDNE,MDCTHD,TPRDGA,DKMGES,HQGPEW,MDKMGE,RIDNCH,CGTWMD,DNCHST,NCHSTP,GFRIDN,DYQLRP,RCWGRD,REAMQA,IREAMQ,YQLRPN,TWMDKM,FMDCTH,NCGTWM,DCTHDN,IDNCHS,LFMDCT
GH133	2	DFQ18|DFQ18_007881-T1	28.2	34	MDKMGE,MDCTHD,NRRGIY,GFRIDN,NCHSTP,DKMGES,LIREAM,RCWGRD,HQGPEW,NYHQGP,CGTWMD,IREAMQ,CTHDNE,REAMQA,WMDKMG,SLIREA,GTWMDK,TPRDGA,TWMDKM,FMDCTH,DNCHST,LFMDCT,YQLRPN,NCGTWM,QLRPNF,YHQGPE,AAGLPH,SNSPYS,RIDNCH,AGLPHF,DYQLRP,TLDPSD,DCTHDN,IDNCHS
GH15	2	DFQ18|DFQ18_000470-T1	10.1	15	PVRIGN,ALISAA,SFTVYA,ASFTVY,CWVALD,QLDIYG,WVALDR,RNWDYR,IRDASF,WIRDAS,FTVYAF,RDASFT,LDIYGE,MCWVAL,DASFTV
GH15	27	DFQ18|DFQ18_010598-T1	6.15	10	AAFNLD,FSMCTF,FNLDRV,ISAAFN,ALISAA,SMCTFW,AFNLDR,MCTFWL,LISAAF,SAAFNL
GH18	6	DFQ18|DFQ18_010161-T1	5.93	6	DGIDLD,NLMTYD,GIDLDW,IDLDWE,LDGIDL,INLMTY
GH18	6	DFQ18|DFQ18_011970-T1	5.93	6	DGIDLD,LDGIDL,GIDLDW,NLMTYD,INLMTY,IDLDWE
GH18	28	DFQ18|DFQ18_001237-T1	5.38	6	IDWEFP,DIDWEF,VDIDWE,DGVDID,GVDIDW,DWEFPV
GH18	28	DFQ18|DFQ18_002464-T1	5.38	6	VDIDWE,GVDIDW,DGVDID,IDWEFP,DWEFPV,DIDWEF
GH18	32	DFQ18|DFQ18_004205-T1	5.34	6	PVCTTE,TVRSVF,RSVFII,DFTPVC,SVFIID,TPVCTT
GH18	44	DFQ18|DFQ18_003178-T1	4.59	11	VLLSLG,LLSLGG,VQFYNN,KVLLSL,QFYNNP,AAPQCP,YWGQNS,PQCPFP,APQCPF,QCPFPD,LSLGGA
GH18	44	DFQ18|DFQ18_010760-T1	4.59	11	AAPQCP,VLLSLG,PQCPFP,APQCPF,VQFYNN,LSLGGA,LLSLGG,QCPFPD,KVLLSL,YWGQNS,QFYNNP
GH18	44	DFQ18|DFQ18_004905-T1	3.78	9	AAPQCP,QCPFPD,PQCPFP,APQCPF,VQFYNN,SAAPQC,YWGQNS,VLDGID,GGVMLW
GH18	44	DFQ18|DFQ18_004437-T1	3.55	9	YWGQNS,IQFYNN,PQCPFP,FIQFYN,QCPFPD,FYNNYC,QFYNNY,APQCPF,AAPQCP
GH18	44	DFQ18|DFQ18_005458-T1	3.55	9	PQCPFP,IQFYNN,QCPFPD,QFYNNY,FIQFYN,FYNNYC,YWGQNS,AAPQCP,APQCPF
GH18	44	DFQ18|DFQ18_003721-T1	3.42	8	GGVMLW,SAAPQC,QCPFPD,AAPQCP,VQFYNN,PQCPFP,APQCPF,VLDGID
GH18	44	DFQ18|DFQ18_003319-T1	2.88	7	IQFYNN,SAAPQC,LWDASQ,YWGQNS,VYWGQN,AAGSGY,LSLGGA
GH18	44	DFQ18|DFQ18_006852-T1	2.88	7	SAAPQC,IQFYNN,AAGSGY,YWGQNS,LSLGGA,LWDASQ,VYWGQN
GH18	51	DFQ18|DFQ18_008994-T1	6.25	8	INYAFG,GIDIDW,HINYAF,THINYA,IDIDWE,IDWEYP,LTHINY,DIDWEY
GH18	51	DFQ18|DFQ18_012916-T1	5.45	8	IDIDWE,LDGIDI,LLSVGG,GIDIDW,VLLSVG,KVLLSV,DGIDID,LSVGGW
GH18	53	DFQ18|DFQ18_014708-T1	5.38	6	DIDWEF,IDIDWE,GIDIDW,IDWEFP,DGIDID,DWEFPG
GH18	67	DFQ18|DFQ18_001984-T1	3.0	7	LDWEYP,IDLDWE,LLTAAV,DLDWEY,NLGGVM,DWEYPG,GIDLDW
GH18	67	DFQ18|DFQ18_002994-T1	3.0	7	DLDWEY,LDWEYP,GIDLDW,LLTAAV,DWEYPG,NLGGVM,IDLDWE
GH18	92	DFQ18|DFQ18_011100-T1	5.24	14	APQCVF,QFYNNY,AAPQCV,FVQFYN,CVFPDA,VYWGQN,YNNYCG,LGVPGS,VQFYNN,QCVFPD,FYNNYC,SFGGVM,YWGQNS,PQCVFP
GH18	92	DFQ18|DFQ18_011525-T1	5.24	14	VYWGQN,FYNNYC,LGVPGS,CVFPDA,QFYNNY,QCVFPD,APQCVF,AAPQCV,VQFYNN,YNNYCG,YWGQNS,FVQFYN,PQCVFP,SFGGVM
GH18	115	DFQ18|DFQ18_002123-T1	6.34	7	LDWEYP,DWINLM,VDLDWE,DLDWEY,ISIGGW,DGVDLD,GVDLDW
GH20	14	DFQ18|DFQ18_000649-T1	8.35	17	HIGMDE,TEDTYE,PFGWEV,QTLGHL,FGWEVL,LYTEDT,KPFGWE,EDTYEI,YTEDTY,IHIGMD,CIQTLG,YWDYYH,IQTLGH,LVYWDY,VYWDYY,GMDEAF,IGMDEA
GH20	14	DFQ18|DFQ18_009849-T1	8.35	17	QTLGHL,EDTYEI,KPFGWE,LVYWDY,YTEDTY,VYWDYY,YWDYYH,IQTLGH,GMDEAF,LYTEDT,IHIGMD,TEDTYE,CIQTLG,IGMDEA,FGWEVL,PFGWEV,HIGMDE
GH20	75	DFQ18|DFQ18_008187-T1	6.59	10	HWHITD,KMNVFH,LDCGHG,FHWHIT,MNVFHW,WHITDS,NVFHWH,NKMNVF,YLDCGH,VFHWHI
GH3	64	DFQ18|DFQ18_010583-T1	5.38	12	HGLSYT,NPSGRL,GEDPYL,YETFGE,LSYTTF,TFGEDP,GLSYTT,FGHGLS,PSGRLP,FGEDPY,GHGLSY,ETFGED
GH3	64	DFQ18|DFQ18_009223-T1	3.79	9	ETFGED,GHGLSY,TFGEDP,YETFGE,HGANYV,HGLSYT,GEDPYL,FGEDPY,FGHGLS
GH31	7	DFQ18|DFQ18_011478-T1	14.3	26	WNDMNE,LLVKPV,IDTKRR,EPSVFN,MNEPSV,DMNEPS,VFNGPE,KKYFTW,AHAHID,ADVGGF,GADVGG,AHIDTK,RWYQAG,PFFRAH,TKRREP,PSVFNG,RAHAHI,NEPSVF,DTKRRE,DVGGFF,SVFNGP,HAHIDT,FRAHAH,NDMNEP,FFRAHA,HIDTKR
GH31	7	DFQ18|DFQ18_002790-T1	6.45	9	GYHQCR,WNDMNE,IWNDMN,QCRWNY,YGSIPF,GSIPFM,NDMNEP,YHQCRW,HQCRWN
GH31	7	DFQ18|DFQ18_013186-T1	3.76	6	THWISE,HQCRWN,QCRWNY,KKYFTW,YGSIPF,YHQCRW
GH31	54	DFQ18|DFQ18_002276-T1	17.2	26	LVNDGY,INRKYL,WMLVND,LDTLPL,GVRVRK,VRVRKL,LPLFVR,DKQPWR,NDGYGC,DGYGCG,VRKLDV,PLDTLP,FLVAPV,GYGCGY,RVRKLD,NTFAPG,GWMLVN,DTLPLF,TLPLFV,DGIYLP,MTMSGW,RNTFAP,VNDGYG,RDGIYL,APLDTL,MLVNDG
GH31	54	DFQ18|DFQ18_000630-T1	16.1	24	RVRKLD,INRKYL,MLVNDG,VRVRKL,DTLPLF,GYGCGY,VRKLDV,FLVAPV,NTFAPG,GWMLVN,LVNDGY,WMLVND,DGYGCG,NDGYGC,GVRVRK,DKQPWR,DGIYLP,RNTFAP,APLDTL,VNDGYG,MTMSGW,LDTLPL,RDGIYL,PLDTLP
GH31	54	DFQ18|DFQ18_009839-T1	7.57	11	FLVAPV,NSDARG,RDGIYL,PLDTLP,LPLFVR,INRKYL,TLPLFV,APLDTL,LDTLPL,DGIYLP,DTLPLF
GH31	54	DFQ18|DFQ18_000631-T1	6.43	9	INRKYL,NSDARG,FLVAPV,PLDTLP,LDTLPL,DGIYLP,RDGIYL,DTLPLF,APLDTL
GH37	2	DFQ18|DFQ18_010825-T1	28.4	33	GHDTTY,TYMLSN,RGTYML,PRIYVP,SNLLQE,RSQPPF,ANRSYY,RQWDYP,SQPPFL,VRESGH,HDTTYR,GWAPHQ,VPGGRF,RLAYRW,LNANRS,LAYRWL,KILNAN,RESGHD,NLLQEL,NRSYYL,YMLSNL,GGRFNE,PGGRFN,NANRSY,LSNLLQ,ESGHDT,GTYMLS,SGHDTT,QPPFLT,ILNANR,MLSNLL,YGWDSY,LLYKYE
GH37	4	DFQ18|DFQ18_007634-T1	7.87	19	QWDFPN,GGGGEY,NRSQPP,SQPPLL,GFGWTN,GAESGW,GWTNGV,AESGWD,QTGFGW,VPGGRF,EFYYWD,LNRSQP,RSQPPL,PRPESY,GGRFRE,PGGRFR,FGWTNG,IPVDLN,KTFVDM
GH38	5	DFQ18|DFQ18_010245-T1	12.4	30	FWLPDT,GDGGGG,IDTAWL,YETQFG,DTFGYS,LSWNNI,SWNNIN,NDCKYG,LNDCKY,RGTYTS,RLSLLR,CHIDTA,KLSWNN,ETQFGI,HDVLPG,DGGGGP,LNQFHD,QKLSWN,GELYLE,FHDVLP,DVLPGS,PDTFGY,HIDTAW,MRLSLL,HRGTYT,WLPDTF,LPDTFG,QFHDVL,DTAWLW,TQKLSW
GH38	5	DFQ18|DFQ18_012080-T1	10.8	26	LNDCKY,LNQFHD,LPDTFG,QKLSWN,RLSLLR,WLPDTF,DTFGYS,GDGGGG,KLSWNN,DGGGGP,DVLPGS,SWNNIN,HDVLPG,HRGTYT,MRLSLL,TQKLSW,YETQFG,GELYLE,ETQFGI,LSWNNI,NDCKYG,PDTFGY,FHDVLP,RGTYTS,QFHDVL,FWLPDT
GH47	1	DFQ18|DFQ18_002144-T1	4.12	8	TLKYLY,LKYLYL,FYEYLL,YEYLLK,SFYEYL,DSFYEY,AETLKY,ETLKYL
GH47	2	DFQ18|DFQ18_008101-T1	6.51	14	TEAHPF,RYLGGL,ETTIRY,FNTEAH,TIRYLG,IRYLGG,FETTIR,EFTRLS,LEFTRL,AETLKY,VFNTEA,LAETLK,NTEAHP,TTIRYL
GH47	2	DFQ18|DFQ18_002395-T1	5.06	12	VLNTEA,NTEAHP,LGGLLS,LAETLK,TLKYFY,LFETTI,ETLKYF,LNTEAH,AETLKY,FETTIR,LKYFYL,TEAHPL
GH47	2	DFQ18|DFQ18_011805-T1	4.97	13	LVDSLD,AETLKY,YEYLIK,YILRPE,TLVDSL,DSLDTL,VDSLDT,RYILRP,IRYLGG,LEFTRL,LAETLK,EFTRLS,RYLGGL
GH47	2	DFQ18|DFQ18_000899-T1	4.35	11	TLVDSL,YEYLIK,RYLGGL,VDSLDT,LVDSLD,IRYLGG,DSLDTL,LEFTRL,AETLKY,LAETLK,EFTRLS
GH47	3	DFQ18|DFQ18_004728-T1	7.23	17	LYLLFD,PELIES,PLRPEL,RLLPAF,SRLTGD,LRPELI,DRMESF,YLYLLF,RPELIE,YPLRPE,DSFFEY,RMESFF,MESFFL,DVLGNY,NDVLGN,KYLYLL,LSRLTG
GH47	3	DFQ18|DFQ18_008726-T1	7.23	17	LYLLFD,DSFFEY,LSRLTG,PLRPEL,LRPELI,RLLPAF,RPELIE,YPLRPE,KYLYLL,SRLTGD,DVLGNY,NDVLGN,PELIES,MESFFL,YLYLLF,DRMESF,RMESFF
GH47	6	DFQ18|DFQ18_006722-T1	6.09	14	VLGGLL,IRVLGG,NLLRPE,DSYYEY,RVLGGL,HNLLRP,SYYEYL,GLVPIF,LLRPET,EYLLKQ,YEYLLK,LVPIFI,YYEYLL,LGGLLS
GH47	8	DFQ18|DFQ18_007110-T1	3.79	6	NTEAHP,DSFYEY,YEYLLK,SFYEYL,GDSFYE,LGDSFY
GH47	8	DFQ18|DFQ18_004110-T1	3.78	6	GDSFYE,SFYEYL,NTEAHP,LGDSFY,DSFYEY,YEYLLK
GH5	5	DFQ18|DFQ18_011641-T1	12.7	20	ITPSLF,PGSQNG,GGWLVL,GSQNGF,NGFDNS,IPIGYW,IGYWAF,GWLVLE,QNGFDN,LGGWLV,VNLGGW,CTKWLN,GARYDG,GFDNSG,GVNLGG,SQNGFD,TDCTKW,RIPIGY,PIGYWA,DCTKWL
GH5	20	DFQ18|DFQ18_000957-T1	7.2	14	GWNHSG,SQNGWN,GSQNGW,PGSQNG,QNGWNH,GVNLGG,APGSQN,WNHSGR,RGVNLG,RKYGLR,NLGGWL,NGWNHS,VNLGGW,KYGLRV
GH5	20	DFQ18|DFQ18_003589-T1	7.2	14	WNHSGR,GWNHSG,RKYGLR,GSQNGW,VNLGGW,NLGGWL,PGSQNG,GVNLGG,SQNGWN,APGSQN,KYGLRV,RGVNLG,QNGWNH,NGWNHS
GH5	20	DFQ18|DFQ18_004337-T1	7.2	14	KYGLRV,APGSQN,VNLGGW,GWNHSG,SQNGWN,GSQNGW,NLGGWL,QNGWNH,NGWNHS,GVNLGG,RKYGLR,RGVNLG,PGSQNG,WNHSGR
GH5	20	DFQ18|DFQ18_010779-T1	7.19	14	GVNLGG,GSQNGW,WNHSGR,NLGGWL,SQNGWN,APGSQN,VNLGGW,NGWNHS,GWNHSG,PGSQNG,KYGLRV,QNGWNH,RKYGLR,RGVNLG
GH5	20	DFQ18|DFQ18_003101-T1	6.84	13	NLGGWL,NGWNHS,KYGLRV,GWNHSG,WNHSGR,VNLGGW,PGSQNG,GVNLGG,SQNGWN,RKYGLR,RGVNLG,GSQNGW,QNGWNH
GH5	20	DFQ18|DFQ18_003979-T1	6.84	13	KYGLRV,VNLGGW,GWNHSG,SQNGWN,GSQNGW,NLGGWL,QNGWNH,NGWNHS,GVNLGG,RKYGLR,RGVNLG,PGSQNG,WNHSGR
GH5	20	DFQ18|DFQ18_011234-T1	6.33	12	PGSQNG,RGVNLG,GWNHSG,GSQNGW,SQNGWN,GVNLGG,NLGGWL,QNGWNH,WNHSGR,VNLGGW,NGWNHS,APGSQN
GH5	20	DFQ18|DFQ18_003980-T1	6.07	12	KYGLRV,APGSQN,VNLGGW,GWNHSG,SQNGWN,GSQNGW,NLGGWL,QNGWNH,NGWNHS,GVNLGG,RGVNLG,PGSQNG
GH5	20	DFQ18|DFQ18_003102-T1	6.06	12	NLGGWL,NGWNHS,APGSQN,KYGLRV,GWNHSG,VNLGGW,PGSQNG,GVNLGG,SQNGWN,RGVNLG,GSQNGW,QNGWNH
GH5	27	DFQ18|DFQ18_001470-T1	6.41	8	VIGFDT,FDTLNE,DTLNEP,IGFDTL,TLNEPS,GFDTLN,IDPHQD,FIDPHQ
GH63	2	DFQ18|DFQ18_010839-T1	15.8	22	FFPRGF,EGFHQL,FPRGFL,EQILGD,QILGDE,ARSKVP,EARSKV,FLWDEG,LGDEAR,NPPTLF,TAVPSR,ANPPTL,YRWRGR,WDEGFH,LWDEGF,REQILG,PRGFLW,GFLWDE,ILGDEA,DEGFHQ,RGFLWD,PPTLFL
GH63	2	DFQ18|DFQ18_009653-T1	10.8	16	QILGDE,REQILG,DEGFHQ,NPPTLF,ARSKVP,EARSKV,PPTLFL,TAVPSR,EGFHQL,YRWRGR,EQILGD,ANPPTL,ILGDEA,FFPRGF,LGDEAR,WDEGFH
GH72	2	DFQ18|DFQ18_012671-T1	7.02	11	LGFFAG,IYSWCG,KGSKFF,FAGNEV,GFFAGN,AGNEVS,FFAGNE,SGGIVY,NIYSWC,GNEVSN,IKGSKF
GH72	2	DFQ18|DFQ18_011552-T1	6.67	10	IYSWCG,GFFAGN,AGNEVS,NIYSWC,SGGIVY,FFAGNE,GNEVSN,IKGSKF,FAGNEV,KGSKFF
GH72	2	DFQ18|DFQ18_011440-T1	5.4	9	IYSWCG,GFFAGN,NIYSWC,FFAGNE,IGFFAG,IKGSKF,KGVAYQ,FAGNEV,KGSKFF
GH72	2	DFQ18|DFQ18_003164-T1	4.77	7	IKGSKF,GFFAGN,NIYSWC,IYSWCG,FFAGNE,KGSKFF,SGGIVY
AA1	6	DFQ18|DFQ18_002345-T1	2.99	6	GQFPGP,LINGQF,INGQFP,NGQFPG,ILINGQ,GILING
AA1	6	DFQ18|DFQ18_002346-T1	2.99	6	GQFPGP,LINGQF,INGQFP,NGQFPG,ILINGQ,GILING
AA1	6	DFQ18|DFQ18_011505-T1	2.99	6	NGQFPG,LINGQF,GQFPGP,GILING,INGQFP,ILINGQ
AA1	6	DFQ18|DFQ18_000328-T1	2.98	6	GILING,LINGQF,GQFPGP,ILINGQ,NGQFPG,INGQFP
AA3	6	DFQ18|DFQ18_002827-T1	3.67	8	SADPLD,GLRVVD,LRSADP,DPLDVP,RSADPL,RVRGVK,FRVRGV,MAVLDS
AA3	8	DFQ18|DFQ18_009859-T1	3.05	8	PQLLML,TPQLLM,IVVGGG,MLSGIG,NTPQLL,LMLSGI,LLMLSG,QLLMLS
AA3	8	DFQ18|DFQ18_011241-T1	3.05	8	IVVGGG,TPQLLM,LMLSGI,LLMLSG,PQLLML,MLSGIG,NTPQLL,QLLMLS
AA3	11	DFQ18|DFQ18_006814-T1	2.85	8	LLIEAG,LMLSGI,MLSGIG,QLLMLS,LLMLSG,GLRVVD,PQLLML,TPQLLM
AA3	11	DFQ18|DFQ18_002686-T1	2.84	8	GLRVVD,LMLSGI,LLIEAG,QLLMLS,TPQLLM,LLMLSG,PQLLML,MLSGIG
AA6	2	DFQ18|DFQ18_003974-T1	4.57	8	LFGFPT,GFPTRF,PETLPE,GGQETT,GSPYGA,GGSPYG,FPTRFG,FGFPTR
AA6	2	DFQ18|DFQ18_007048-T1	4.57	8	PETLPE,FGFPTR,GGSPYG,GSPYGA,LFGFPT,GGQETT,GFPTRF,FPTRFG
AA6	2	DFQ18|DFQ18_008020-T1	3.26	6	GGSPYG,PTRFGM,VPETLP,TRFGMM,QVPETL,GGQETT
AA6	2	DFQ18|DFQ18_010499-T1	3.26	6	TRFGMM,VPETLP,PTRFGM,GGSPYG,QVPETL,GGQETT
AA6	2	DFQ18|DFQ18_006637-T1	3.14	6	FGFPTR,GQETTA,QVPETL,LFGFPT,GFPTRF,FPTRFG
GT1	7	DFQ18|DFQ18_004157-T1	9.63	20	HHGGAG,GAGTTA,HGGAGT,HDWLFP,IKPFFG,VQPYIA,YIGFGS,APHDWL,PFFGDQ,DVQPYI,RGDVQP,WTRTRA,QPYIAL,IGFGSI,PWTRTR,GDVQPY,MPWTRT,GGAGTT,PHDWLF,KPFFGD
GT1	61	DFQ18|DFQ18_003532-T1	8.68	9	YVESLA,SLTGKI,IVYVES,NGPGTC,VESLAR,FLGSGG,LGSGGH,GSGGHT,VYVESL
GT1	140	DFQ18|DFQ18_011002-T1	4.2	6	PQLEIL,LEILKH,VFITHG,VPQLEI,QLEILK,FITHGG
GT1	147	DFQ18|DFQ18_003021-T1	3.54	6	NVKLFI,LFISHG,FISHGG,KLFISH,VKLFIS,ISHGGI
GT15	1	DFQ18|DFQ18_008102-T1	14.9	28	SGFFFR,HFWSNF,GFFYER,FYERWG,PYVFLN,ERWGDA,DAPVHS,RWGDAP,FWSNFE,YWRVEP,LEDRFN,SNFEIA,GDAPVH,LCHFWS,APVHSI,FFYERW,WGDAPV,YERWGD,YVFLND,NLCHFW,GGFFYE,WSNFEI,CHFWSN,YNLCHF,YRHMCR,RHMCRF,SYRHMC,YPYVFL
GT15	1	DFQ18|DFQ18_000910-T1	3.01	6	GGFFYE,NLCHFW,YNLCHF,TIPTLW,GFFYER,FFYERW
GT2	9	DFQ18|DFQ18_000874-T1	25.5	42	DVSWGT,SWGTKG,PGAFSA,QNFEYK,NMYLAE,HDVSWG,RWLNGS,SNILDK,DKPLES,TMYNED,GAFSAY,YKMSNI,VLPGAF,LAEDRI,ILDKPL,LPGAFS,ISVLPG,QRRRWL,MYLAED,LLNPLV,NILDKP,EYKMSN,FEYKMS,LNPLVA,AEDRIL,AFSAYR,RILCFE,RRWLNG,GGACGE,EDRILC,KMSNIL,RRRWLN,YLAEDR,GACGEI,SQRRRW,MSNILD,WLNGSF,ISQRRR,DRILCF,SVLPGA,VSWGTK,LDKPLE
GT2	9	DFQ18|DFQ18_001336-T1	25.5	42	LLNPLV,EDRILC,RWLNGS,TMYNED,RRWLNG,AEDRIL,NMYLAE,GAFSAY,MYLAED,ISQRRR,LDKPLE,AFSAYR,YKMSNI,HDVSWG,PGAFSA,YLAEDR,LPGAFS,RILCFE,SQRRRW,EYKMSN,DRILCF,QRRRWL,MSNILD,SWGTKG,GACGEI,SVLPGA,SNILDK,KMSNIL,NILDKP,DKPLES,GGACGE,ILDKPL,QNFEYK,VLPGAF,DVSWGT,LNPLVA,RRRWLN,FEYKMS,VSWGTK,LAEDRI,ISVLPG,WLNGSF
GT2	122	DFQ18|DFQ18_007909-T1	12.9	26	KLGLGT,SKGYVF,VTGTRY,GYVFQM,GLGTAY,DLTGSF,SDLTGS,TGSFRL,GKLGLG,SFRLYK,SHHPKF,VSDLTG,LGLGTA,IIMDAD,PTYNER,GSFRLY,PGVSDL,VFQMEM,HHPKFI,LTGSFR,ITFVDR,KGYVFQ,HPKFIP,LPTYNE,GVSDLT,YVFQME
GT2	122	DFQ18|DFQ18_010171-T1	12.9	26	GSFRLY,VFQMEM,GYVFQM,GKLGLG,PTYNER,VSDLTG,TGSFRL,LTGSFR,ITFVDR,YVFQME,SDLTGS,HHPKFI,KLGLGT,LPTYNE,GVSDLT,SFRLYK,GLGTAY,VTGTRY,DLTGSF,LGLGTA,SHHPKF,PGVSDL,SKGYVF,IIMDAD,KGYVFQ,HPKFIP
GT2	161	DFQ18|DFQ18_009039-T1	35.9	54	WNFVLP,VTCLPG,TFCFSM,LLLGED,KNLLLL,LCGETK,YYISHH,WINSTV,NLLLLG,LLSQRR,LLGEDR,EYYISH,TKIANK,NSTVHN,VLLSQR,TCLPGC,FDDFSW,PGNRGK,RRWINS,GTFCFS,QRRRWI,IQVFEY,LPGCFS,RGKRDS,GNRGKR,DLCGTF,CGETKI,LCGTFC,DDFSWG,PGCFSM,TFPKRK,INSTVH,KPGNRG,ETKIAN,GKRDSQ,MVDADT,MGLCGE,CGTFCF,CLPGCF,LGEDRY,GETKIA,GLCGET,GEDRYL,LSQRRR,SQRRRW,LMVDAD,RRRWIN,RHNMAK,FCFSMQ,RWINST,LLLLGE,STVHNL,NRGKRD,CFSMQF
GT2	161	DFQ18|DFQ18_002028-T1	35.4	53	INSTVH,VTCLPG,GTFCFS,ETKIAN,FDDFSW,VLLSQR,RHNMAK,QRRRWI,GETKIA,KPGNRG,GNRGKR,STVHNL,NRGKRD,WINSTV,LLLLGE,NLLLLG,LLGEDR,KNLLLL,LCGTFC,PGCFSM,LMVDAD,LLLGED,NSTVHN,MVDADT,RWINST,GLCGET,FCFSMQ,TCLPGC,CLPGCF,IQVFEY,SQRRRW,TFCFSM,LGEDRY,RRRWIN,CFSMQF,LSQRRR,GEDRYL,LCGETK,LLSQRR,LPGCFS,RRWINS,CGETKI,DLCGTF,TFPKRK,TKIANK,DDFSWG,CGTFCF,EYYISH,PGNRGK,YYISHH,GKRDSQ,MGLCGE,RGKRDS
GT2	161	DFQ18|DFQ18_001771-T1	30.9	46	LLSQRR,QRRRWI,RRRWIN,VTCLPG,RWINST,FCFSMQ,LCGTFC,KNLLLL,GNRGKR,NRGKRD,TCLPGC,LLGEDR,MVDADT,LMVDAD,VDADTK,MGLCGE,NLLLLG,YYISHH,DDFSWG,GETKIA,VLLSQR,LSQRRR,RRWINS,ETKIAN,SQRRRW,GTFCFS,PGNRGK,LLLLGE,CFSMQF,RGKRDS,CLPGCF,EYYISH,IQVFEY,KPGNRG,LCGETK,DADTKV,FSMQFV,LLLGED,CGTFCF,CGETKI,GKRDSQ,TFCFSM,IMGLCG,FDDFSW,GLCGET,TKIANK
GT2	161	DFQ18|DFQ18_007120-T1	29.0	41	RRRWIN,QRRRWI,TCLPGC,LMVDAD,STVHNL,LLGEDR,EYYISH,LLLGED,WINSTV,FDDFSW,TLHKKN,KKNLLL,GNRGKR,NLLLLG,WNFVLP,GLCGET,RWINST,DDFSWG,SQRRRW,MVDADT,INSTVH,GEDRYL,LHKKNL,VTCLPG,KNLLLL,HKKNLL,YYISHH,NSTVHN,VLLSQR,LCGETK,RGKRDS,LGEDRY,MGLCGE,CLPGCF,LLSQRR,LSQRRR,LLLLGE,CGETKI,RRWINS,GKRDSQ,NRGKRD
GT2	161	DFQ18|DFQ18_007773-T1	29.0	41	CGETKI,NSTVHN,RRRWIN,WNFVLP,RGKRDS,LCGETK,GLCGET,MGLCGE,NLLLLG,RWINST,VTCLPG,QRRRWI,DDFSWG,LLGEDR,VLLSQR,GEDRYL,GNRGKR,YYISHH,INSTVH,GKRDSQ,WINSTV,TCLPGC,STVHNL,LMVDAD,EYYISH,FDDFSW,CLPGCF,LLSQRR,LLLGED,NRGKRD,HKKNLL,KKNLLL,RRWINS,TLHKKN,LLLLGE,LHKKNL,LGEDRY,LSQRRR,MVDADT,KNLLLL,SQRRRW
GT2	161	DFQ18|DFQ18_001635-T1	26.4	35	LGEDRY,QRRRWI,LLSQRR,SVTCLP,RRRWIN,VTCLPG,RWINST,GNRGKR,NRGKRD,LMVDAD,TCLPGC,MVDADT,MAWREK,TLHKKN,DDFSWG,VLLSQR,FGSVTC,LSQRRR,RRWINS,SQRRRW,WINSTV,GEDRYL,PGNRGK,PGCFSM,CLPGCF,GSVTCL,KPGNRG,LHKKNL,LPGCFS,NSTVHN,GKRDSQ,STVHNL,RGKRDS,FDDFSW,INSTVH
GT2	161	DFQ18|DFQ18_005711-T1	24.6	33	RWINST,RRWINS,VTCLPG,LSQRRR,RGKRDS,IMGLCG,GLCGET,PGNRGK,NRGKRD,FGSVTC,LHKKNL,GNRGKR,GSVTCL,KPGNRG,GEDRYL,TCLPGC,SQRRRW,CLPGCF,QRRRWI,MVDADT,SVTCLP,LGEDRY,TLHKKN,RRRWIN,MGLCGE,LMVDAD,VLLSQR,LLSQRR,FDDFSW,GKRDSQ,DDFSWG,AKAFES,HKKNLL
GT2	161	DFQ18|DFQ18_003898-T1	24.6	32	VTCLPG,RRRWIN,CLPGCF,GSVTCL,QRRRWI,RWINST,RRWINS,WINSTV,LLSQRR,RGKRDS,SVTCLP,NSTVHN,SQRRRW,MVDADT,LGEDRY,GKRDSQ,VLLSQR,GEDRYL,LPGCFS,GNRGKR,INSTVH,TCLPGC,FDDFSW,STVHNL,DDFSWG,PGCFSM,LSQRRR,NRGKRD,KPGNRG,FGSVTC,LMVDAD,PGNRGK
GT2	161	DFQ18|DFQ18_014778-T1	24.2	37	KNLLLL,CLPGCF,RRRWIN,LLLLGE,TFPKRK,EYYISH,HKKNLL,IQVFEY,LCGETK,ETKIAN,LHKKNL,LLSQRR,VDADTK,RWINST,SQRRRW,GEDRYL,CGETKI,TCLPGC,YYISHH,DADTKV,QRRRWI,MVDADT,VTCLPG,MGLCGE,KKNLLL,LGEDRY,GETKIA,NLLLLG,LMVDAD,LLGEDR,RRWINS,GLCGET,TKIANK,LLLGED,LSQRRR,TLHKKN,VLLSQR
GT2	161	DFQ18|DFQ18_007198-T1	23.4	33	RRRWIN,QRRRWI,TCLPGC,LMVDAD,EYYISH,FDDFSW,GNRGKR,GLCGET,RWINST,DDFSWG,SQRRRW,MVDADT,GEDRYL,AKAFES,VTCLPG,LPGCFS,PGCFSM,YYISHH,IMGLCG,LCGETK,PGNRGK,LGEDRY,RGKRDS,MGLCGE,CLPGCF,MAWREK,FGSVTC,SVTCLP,KRDSQI,GSVTCL,RRWINS,GKRDSQ,NRGKRD
GT2	161	DFQ18|DFQ18_007958-T1	19.5	26	NSTVHN,LLSQRR,MVDADT,FGSVTC,VLLSQR,LGEDRY,SQRRRW,GSVTCL,LPGCFS,LSQRRR,DDFSWG,VTCLPG,SVTCLP,GEDRYL,WINSTV,CLPGCF,QRRRWI,INSTVH,FDDFSW,RRRWIN,STVHNL,TCLPGC,RRWINS,PGCFSM,RWINST,LMVDAD
GT2	161	DFQ18|DFQ18_013301-T1	16.5	22	GLCGET,QRRRWI,CLPGCF,RWINST,DDFSWG,MVDADT,RRRWIN,VTCLPG,AKAFES,TCLPGC,HKKNLL,GEDRYL,SQRRRW,FDDFSW,RRWINS,TLHKKN,LLSQRR,LSQRRR,LHKKNL,EYYISH,LMVDAD,LGEDRY
GT20	2	DFQ18|DFQ18_000566-T1	34.0	59	TPFPSS,LFHYHP,ARHFLS,ILWPLF,RDGMNL,FHTYDY,DGMNLV,GMNLVS,SSEIYR,LVSYEY,YIKGVP,GVDRLD,HTPFPS,YDYARH,SEIYRI,SILWPL,YARHFL,EIYRIL,RHFLSS,PFPSSE,GAAQSL,FPSSEI,AQSLNG,FLHTPF,TYDYAR,WPLFHY,LWPLFH,VDRLDY,VGRING,MNLVSY,LHTPFP,QVAVPS,NLVSYE,AAQSLN,HTYDYA,PSSEIY,TRDGMN,RLDYIK,FHYHPG,DYARHF,RILPVR,GFHTYD,VAVPSR,SSGGLV,PLFHYH,NSILWP,KVVLVQ,STRDGM,GKVVLV,VGVDRL,IYRILP,FPIGID,LDYIKG,DYIKGV,MSSGGL,HDYHLM,YRILPV,DRLDYI,HYHPGE
GT20	2	DFQ18|DFQ18_003190-T1	12.6	24	GMNLVS,TRDGMN,STRDGM,GAAQSL,VGRING,KVVLVQ,AAQSLN,LDYIKG,VGVDRL,NLVSYE,MNLVSY,DYIKGV,DRLDYI,QVAVPS,RLDYIK,VDRLDY,RDGMNL,YIKGVP,DGMNLV,AQSLNG,VAVPSR,GKVVLV,LVSYEY,GVDRLD
GT20	4	DFQ18|DFQ18_005712-T1	23.5	29	YDGTLT,DEDMFR,DGMNTT,VRDGMN,TDEDMF,TSVRDG,AEHGCF,SAEHGC,RDGMNT,GLSAEH,NIEVRP,LGLSAE,SVRDGM,LITSVR,FDYDGT,WIISGR,EIVKRL,LFDYDG,IISGRD,LILSEF,PLILSE,ITSVRD,GEIVKR,ISGRDQ,LSAEHG,LTWHYR,DYDGTL,NKGEIV,KGEIVK
GT20	4	DFQ18|DFQ18_006773-T1	23.5	29	EIVKRL,FDYDGT,TSVRDG,GEIVKR,YDGTLT,VRDGMN,KGEIVK,LILSEF,IISGRD,TDEDMF,GLSAEH,AEHGCF,ITSVRD,PLILSE,SVRDGM,LSAEHG,ISGRDQ,LITSVR,DGMNTT,DYDGTL,SAEHGC,WIISGR,NKGEIV,LFDYDG,RDGMNT,LGLSAE,DEDMFR,LTWHYR,NIEVRP
GT21	13	DFQ18|DFQ18_009002-T1	5.07	8	SCVMGK,VGLVHH,DSCVMG,RRMRWI,RMRWIR,CVMGKS,VSILRP,SILRPL
GT22	6	DFQ18|DFQ18_001459-T1	4.51	10	ALLSLP,DCDEVF,PHKEER,KEERFM,EERFMY,LALLSL,PLALLS,HKEERF,CDEVFN,QPHKEE
GT22	6	DFQ18|DFQ18_007409-T1	4.51	10	DCDEVF,HKEERF,PLALLS,CDEVFN,KEERFM,QPHKEE,LALLSL,EERFMY,PHKEER,ALLSLP
GT24	1	DFQ18|DFQ18_008727-T1	31.5	46	IDLCNN,IWGYKI,MANLGY,VIFVDA,KILFLD,IFVDAD,NLGYFQ,ILFLDV,WCETWC,FSVASG,PYHISA,LWCETW,HLYERF,ISALYV,YKILFL,VASGHL,LYERFL,ALYVVD,SGHLYE,GYKILF,DQDLPN,GHLYER,LFLDVL,QTEKQR,DVLFPL,EWLWCE,LDQDLP,TKEPKL,DLCNNP,YHISAL,KVIFVD,NLDQDL,ASGHLY,HISALY,LDVLFP,TIDLCN,SALYVV,AKTIDL,IFSVAS,KTIDLC,FLDVLF,WGYKIL,FVDADQ,SVASGH,LYVVDL,WLWCET
GT24	1	DFQ18|DFQ18_009313-T1	31.5	46	PYHISA,LDVLFP,DLCNNP,HISALY,LDQDLP,SGHLYE,WLWCET,YKILFL,ISALYV,MANLGY,SVASGH,FLDVLF,ASGHLY,FVDADQ,GHLYER,YHISAL,LYERFL,LFLDVL,KTIDLC,IFVDAD,LYVVDL,SALYVV,IDLCNN,TKEPKL,KVIFVD,LWCETW,VASGHL,NLDQDL,HLYERF,KILFLD,DQDLPN,WGYKIL,FSVASG,GYKILF,DVLFPL,ALYVVD,IFSVAS,NLGYFQ,EWLWCE,AKTIDL,IWGYKI,WCETWC,VIFVDA,QTEKQR,TIDLCN,ILFLDV
GT3	1	DFQ18|DFQ18_001249-T1	36.4	56	LGRYLC,PAECTV,GHFYGH,FPSYYE,CHLGVF,VRGHFY,FVRGHF,RTERLS,VFTTVS,SYYEPW,IYHRYC,RGCHLG,TPAECT,EFQNLH,HEFQNL,YTPAEC,PSYYEP,VRGCHL,FTTHAT,FHPEFL,YYEPWG,NRTERL,HLLKRK,WGYTPA,TLLGRY,IFTTHA,RNRTER,GYTPAE,PWGYTP,QRNRTE,LLGRYL,ECTVMG,ERAAAH,HLGVFP,PNGLNV,ATLLGR,TTHATL,TIFTTH,GCHLGV,RYLCAG,EFVRGC,FQNLHA,FVRGCH,EPWGYT,VFPSYY,LLKRKP,RGHFYG,LGVFPS,EHLLKR,LKRKPD,GRYLCA,YEPWGY,AECTVM,GVFPSY,HATLLG,THATLL
GT3	1	DFQ18|DFQ18_013146-T1	25.8	42	YTPAEC,QRNRTE,EFQNLH,RGCHLG,GCHLGV,SYYEPW,PSYYEP,GHFYGH,AECTVM,YEPWGY,GYTPAE,FVRGHF,EHLLKR,RGHFYG,FQNLHA,RNRTER,TPAECT,GVFPSY,LKRKPD,VRGCHL,EPWGYT,HLGVFP,NRTERL,YYEPWG,CHLGVF,RTERLS,PNGLNV,FHPEFL,LGVFPS,PAECTV,FPSYYE,HLLKRK,VFPSYY,FVRGCH,LLKRKP,VFTTVS,VRGHFY,ECTVMG,WGYTPA,PWGYTP,HEFQNL,EFVRGC
GT33	2	DFQ18|DFQ18_004176-T1	11.4	24	LVQNPP,DLPMKV,SSGLDL,TPDEDF,ITGKGP,LDLPMK,KVVDMF,SSTSWT,SWTPDE,GLDLPM,LPMKVV,WTPDED,VVDMFG,DWHNFG,EDFSIL,MKVVDM,STSWTP,VSSTSW,PMKVVD,IITGKG,SSSGLD,SGLDLP,DEDFSI,TSWTPD
GT33	2	DFQ18|DFQ18_001213-T1	11.1	23	TSWTPD,DEDFSI,SWTPDE,WTPDED,SSGLDL,EDFSIL,TPDEDF,IITGKG,SGLDLP,MKVVDM,LDLPMK,ITGKGP,VSSTSW,PMKVVD,SSTSWT,GLDLPM,DLPMKV,STSWTP,LPMKVV,KVVDMF,VVDMFG,LVQNPP,SSSGLD
GT35	1	DFQ18|DFQ18_008900-T1	14.8	24	LGNGGL,SGTSNM,VLYPND,GNGGLG,GRLAAC,QLNDTH,EASGTS,RIHEYK,ASGTSN,ALGNGG,GGLGRL,GTSNMK,KRIHEY,LNDTHP,NGVAAL,LGRLAA,KAAPGY,GVAALH,GLGRLA,IQLNDT,TSNMKF,IHEYKR,NGGLGR,HEYKRQ
GT39	2	DFQ18|DFQ18_008316-T1	10.5	20	RLILLD,FASYYL,VVFDEV,LHHYLP,HPPLAK,GKFASY,KFASYY,FLHHYL,VHFGKF,DVHPPL,VFDEVH,HFGKFA,HDVASP,HHYLPA,FDEVHF,EVHFGK,DEVHFG,FGKFAS,VHPPLA,FDVHPP
GT39	2	DFQ18|DFQ18_010997-T1	7.65	15	FDEVHF,VVFDEV,DEVHFG,VHFGKF,VHPPLA,GKFASY,HFGKFA,DVHPPL,FGKFAS,FDVHPP,VFDEVH,HPPLAK,FASYYL,KFASYY,EVHFGK
GT39	2	DFQ18|DFQ18_012437-T1	6.45	12	FDVHPP,DEVHFG,VHPPLA,DVHPPL,VHFGGF,HPPLAK,HFGGFA,VVFDEV,SVVFDE,EVHFGG,FDEVHF,VFDEVH
GT39	2	DFQ18|DFQ18_011034-T1	4.03	7	WVGLFT,KWVGLF,GYLHSH,HHYLPA,GGYLHS,LHHYLP,FLHHYL
GT39	2	DFQ18|DFQ18_002995-T1	3.53	7	HFGKFA,VHFGKF,HPPLAK,VHPPLA,EVHFGK,DEVHFG,DVHPPL
GT39	2	DFQ18|DFQ18_003459-T1	3.53	7	DVHPPL,VHPPLA,EVHFGK,HPPLAK,VHFGKF,HFGKFA,DEVHFG
GT39	2	DFQ18|DFQ18_004512-T1	3.53	7	EVHFGK,HPPLAK,VHFGKF,DEVHFG,HFGKFA,DVHPPL,VHPPLA
GT39	2	DFQ18|DFQ18_011768-T1	3.53	7	VHFGKF,HPPLAK,VHPPLA,DVHPPL,HFGKFA,EVHFGK,DEVHFG
GT39	3	DFQ18|DFQ18_003896-T1	21.6	25	VVWDEA,YHDVHP,KMLVGL,GKFGSY,VWDEAH,FYHDVH,VHPPLG,DVHPPL,AHFGKF,LGKMLV,GKMLVG,FGKFGS,HPPLGK,EAHFGK,HDVHPP,PPLGKM,ILLDSM,PALYFA,HFGKFG,PLGKML,DEAHFG,FILLDS,WDEAHF,EVSGYG,KFGSYY
GT39	3	DFQ18|DFQ18_007339-T1	20.9	24	EVSGYG,HPPLGK,WDEAHF,PPLGKM,YHDVHP,DVHPPL,ILLDSM,GKFGSY,HFGKFG,HDVHPP,GKMLVG,AHFGKF,KMLVGL,EAHFGK,FGKFGS,VVWDEA,FYHDVH,KFGSYY,VWDEAH,VHPPLG,PLGKML,LGKMLV,FILLDS,DEAHFG
GT39	3	DFQ18|DFQ18_004620-T1	18.5	22	FILLDS,FYHDVH,VHPPLG,ILLDSM,CFKIHF,PALYFA,PLGKML,LGKMLV,GKMLVG,DVHPPL,HPPLGK,HFGKFG,LLDSML,GKFGSY,YHDVHP,PPLGKM,HDVHPP,FGKFGS,FGSYYL,LDSMLL,KFGSYY,GSYYLR
GT39	3	DFQ18|DFQ18_014735-T1	14.2	17	HDVHPP,KFGSYY,HPPLGK,FYHDVH,PLGKML,HFGKFG,LGKMLV,FGSYYL,GKMLVG,FGKFGS,DVHPPL,GKFGSY,GSYYLR,PPLGKM,VHPPLG,YHDVHP,FILLDS
GT4	145	DFQ18|DFQ18_009270-T1	9.72	11	HPDLGI,LSINRF,GIGGAE,SINRFE,DLGIGG,IGGAER,LGIGGA,PDLGIG,EHFGIV,HFGIVP,GGAERL
GT4	145	DFQ18|DFQ18_012823-T1	7.78	9	GIGGAE,DLGIGG,GGAERL,PDLGIG,HPDLGI,SINRFE,LGIGGA,IGGAER,LSINRF
GT4	194	DFQ18|DFQ18_003418-T1	10.8	17	IGGDGP,EAFCIA,EAASCG,LVYRKG,GDGPKR,TEAFCI,KVYYLP,ENTVLR,GGDGPK,RLVYRK,DFFYPN,FTDHSL,VSDFFY,AASCGL,SDFFYP,SLTEAF,LTEAFC
GT4	194	DFQ18|DFQ18_007810-T1	10.8	17	IGGDGP,RLVYRK,SLTEAF,VSDFFY,DFFYPN,GDGPKR,SDFFYP,FTDHSL,EAASCG,ENTVLR,LTEAFC,LVYRKG,GGDGPK,TEAFCI,AASCGL,EAFCIA,KVYYLP
GT41	17	DFQ18|DFQ18_003852-T1	32.3	37	LMQSVF,NFNQLY,CNAHTT,YVSSDF,PFHTFT,AHLMQS,NLGSLL,SDFNNH,FNQLYK,LGSLLK,NAHTTA,LWLLRF,HLMQSV,NNHPLA,DFNNHP,WLLRFP,VLPFHT,LAHLMQ,EAVCGL,MQSVFG,TVLPFH,GSLLKD,SSDFNN,NQLYKI,GYVSSD,LPFHTF,MGFAGT,HPLAHL,PLAHLM,PTVLPF,NLNGYT,TNLGSL,GFAGTL,FNNHPL,FAGTLG,ECNAHT,NHPLAH
GT41	17	DFQ18|DFQ18_004932-T1	32.3	37	AHLMQS,NNHPLA,LGSLLK,LAHLMQ,PTVLPF,LMQSVF,NAHTTA,YVSSDF,TVLPFH,SDFNNH,NFNQLY,NHPLAH,NLGSLL,EAVCGL,FNQLYK,GSLLKD,LWLLRF,FAGTLG,MQSVFG,PLAHLM,VLPFHT,PFHTFT,HPLAHL,CNAHTT,WLLRFP,LPFHTF,ECNAHT,GYVSSD,FNNHPL,TNLGSL,GFAGTL,SSDFNN,MGFAGT,NQLYKI,DFNNHP,NLNGYT,HLMQSV
GT48	1	DFQ18|DFQ18_009937-T1	29.0	38	YGHPDF,HYGHPD,GGKLHY,LFFLDT,AGKEQT,NQDNYL,AAGKEQ,QDNYLE,QCGKGR,EYIFSE,DANQDN,GKLHYG,ILGDGK,GKGRDL,LHLNED,DNYLEE,CGKGRD,KGRDLG,LHYGHP,LRTRIW,PILGDG,LNEDIY,FFAQSL,QTLYRT,KLHYGH,EDIYAG,YIFSEN,REYIFS,FFLDTY,EQTFGT,GRDLGF,KEQTFG,RLPKRI,HLNEDI,GKEQTF,ANQDNY,GLHLNE,NEDIYA
GT48	1	DFQ18|DFQ18_003483-T1	28.9	38	EQTFGT,KSDNQN,HYGHPD,GDGKSD,DNYLEE,GRDLGF,LRTRIW,RLPKRI,YIFSEN,CGKGRD,LPKRIY,AGKEQT,QCGKGR,QTFGTL,DANQDN,KEQTFG,GLHLNE,QTLYRT,PILGDG,LHLNED,GKGRDL,ILGDGK,NQDNYL,LGDGKS,GNPILG,ANQDNY,LHYGHP,REYIFS,GKEQTF,EYIFSE,HLNEDI,NPILGD,KGRDLG,YGHPDF,QDNYLE,GKSDNQ,AAGKEQ,DGKSDN
GT48	1	DFQ18|DFQ18_011972-T1	28.9	38	GLHLNE,LHLNED,NPILGD,LGDGKS,ANQDNY,CGKGRD,GRDLGF,QTLYRT,YIFSEN,GKEQTF,HLNEDI,AGKEQT,KGRDLG,LHYGHP,PILGDG,HYGHPD,DANQDN,LRTRIW,RLPKRI,KSDNQN,DNYLEE,ILGDGK,EQTFGT,QDNYLE,EYIFSE,YGHPDF,GNPILG,QTFGTL,GDGKSD,KEQTFG,GKGRDL,AAGKEQ,NQDNYL,LPKRIY,DGKSDN,GKSDNQ,QCGKGR,REYIFS
GT48	1	DFQ18|DFQ18_002491-T1	28.1	37	ILGDGK,LDTYLW,LNEDIY,LRTRIW,EDIYAG,LHYGHP,NPILGD,LGDGKS,HYGHPD,GKGRDL,CGKGRD,NEDIYA,GDGKSD,DANQDN,FFLDTY,GLHLNE,NQDNYL,ANQDNY,YIFSEN,DTYLWY,DGKSDN,GKSDNQ,QTLYRT,GNPILG,KGRDLG,REYIFS,QDNYLE,YGHPDF,GRDLGF,LHLNED,PILGDG,FLDTYL,QCGKGR,HLNEDI,DNYLEE,KSDNQN,EYIFSE
GT57	1	DFQ18|DFQ18_002906-T1	23.5	31	SFFLFS,LDYPPL,QMALYY,FKQMAL,DYPPLT,SFQVHE,GLDYPP,LIDHGH,WGLDYP,LKKDGL,DFEAQR,FLFSFQ,LLKKDG,DLQYWG,DHGHFQ,LQYWGL,KQMALY,YPPLTA,YWGLDY,LFSFQV,FSFQVH,YDLQYW,PLLKKD,HGHFQY,IDHGHF,GDFEAQ,FEDKVA,FFLFSF,GHFQYN,QYWGLD,FQVHEK
GT57	1	DFQ18|DFQ18_005011-T1	17.1	23	DFEAQR,FSFQVH,FLFSFQ,QYWGLD,LQYWGL,PLLKKD,YWGLDY,LKKDGL,FQVHEK,LFSFQV,FEDKVA,SFFLFS,LLKKDG,DYPPLT,SFQVHE,LDYPPL,WGLDYP,GDFEAQ,GLDYPP,FFLFSF,YPPLTA,DLQYWG,YDLQYW
GT57	2	DFQ18|DFQ18_010652-T1	25.2	30	SRLFPF,YPPFFA,VHRNWL,HFQYNG,RGLTHA,WTLDYP,GLTHAY,FGWHVH,HVHEKA,LTHAYW,EKAIML,FQYNGF,VHEKAI,TLDYPP,YFVFLL,HEKAIM,HAYWAP,NWLAIT,HRNWLA,DYPPFF,WHVHEK,LDYPPF,AYWAPN,FVFLLR,DHIHFQ,GWHVHE,THAYWA,IHFQYN,HIHFQY,RNWLAI
GT57	2	DFQ18|DFQ18_004361-T1	11.0	14	HVHEKA,LTHAYW,GWHVHE,AYWAPN,HEKAIM,THAYWA,HAYWAP,VHEKAI,WHVHEK,EKAIML,RGLTHA,GLTHAY,SRLFPF,FGWHVH
GT58	2	DFQ18|DFQ18_001736-T1	6.15	13	YTEIDW,TGPLVY,LRLFND,KGDTGP,LKGDTG,RLFNDP,GPLVYP,DTGPLV,KMNVLL,GDTGPL,AYMQEV,PLVYPG,WTVNWR
GT58	2	DFQ18|DFQ18_001010-T1	4.4	9	TGPLVY,LKGDTG,KGDTGP,GDTGPL,PLVYPG,YTEIDW,AYMQEV,GPLVYP,DTGPLV
GT59	2	DFQ18|DFQ18_006747-T1	4.32	11	GDKSNH,PQLFYF,TTPPGL,RQTNII,PYMDEI,YMDEIF,TPPGLY,FRQTNI,VLGDKS,QTNIIW,MDEIFH
GT59	2	DFQ18|DFQ18_014490-T1	3.56	7	FHIPQA,YMDEIF,HIPQAQ,TTPPGL,MDEIFH,PYMDEI,TPPGLY
GT66	1	DFQ18|DFQ18_006086-T1	31.4	41	TWNNTH,IIASVS,EFDPWF,AWGGYV,IHEFDP,FAGVMV,HEFDPW,YFAGVM,PIIASV,WYPLGR,ASVSEH,WDYGYQ,NKFLWM,SVSEHQ,SVAGSY,VAGSYD,ISRSVA,GVMVRL,GSYDNE,VSEHQP,IPIIAS,NNTWNN,RSVAGS,SRSVAG,INKFLW,DYGYQI,NNTHIA,FDPWFN,YFYMVS,WNNTHI,WWDYGY,VDNNTW,YSLWDT,NTWNNT,AGSYDN,DNNTWN,DINKFL,IASVSE,AGVMVR,DVDYVL,DDINKF
GT66	1	DFQ18|DFQ18_004852-T1	31.3	41	AWGGYV,WWDYGY,NTWNNT,AGVMVR,IIASVS,DVDYVL,HEFDPW,VSEHQP,ASVSEH,NNTHIA,VAGSYD,DDINKF,WNNTHI,WDYGYQ,FAGVMV,SRSVAG,INKFLW,IHEFDP,YFAGVM,YSLWDT,EFDPWF,TWNNTH,NKFLWM,PIIASV,GSYDNE,FDPWFN,RSVAGS,DINKFL,DNNTWN,SVAGSY,SVSEHQ,GVMVRL,VDNNTW,DYGYQI,IASVSE,NNTWNN,AGSYDN,WYPLGR,IPIIAS,ISRSVA,YFYMVS
GT8	39	DFQ18|DFQ18_003846-T1	11.8	15	FNSGVF,ADTLVL,DCFNSG,GWPDCF,SFDGGD,GDQGLL,GSFDGG,CFNSGV,FDGGDQ,PDCFNS,GGDQGL,DADTLV,DGGDQG,WPDCFN,DQGLLN
GT8	39	DFQ18|DFQ18_006444-T1	11.8	15	WPDCFN,PDCFNS,GSFDGG,DQGLLN,GWPDCF,GGDQGL,FDGGDQ,FNSGVF,DADTLV,GDQGLL,SFDGGD,DCFNSG,DGGDQG,CFNSGV,ADTLVL
CBM1	13	DFQ18|DFQ18_011100-T1	5.54	12	AAPQCV,VYWGQN,FYNNYC,LGVPGS,SFGGVM,VQFYNN,QFYNNY,QCVFPD,PQCVFP,YNNYCG,CVFPDA,YWGQNS
CBM1	13	DFQ18|DFQ18_011525-T1	5.54	12	PQCVFP,YNNYCG,FYNNYC,CVFPDA,YWGQNS,SFGGVM,QFYNNY,AAPQCV,VYWGQN,LGVPGS,VQFYNN,QCVFPD
CBM1	13	DFQ18|DFQ18_006853-T1	3.31	9	QCVFPD,RPFGDA,PQCVFP,PFGDAV,YWGQNS,AAPQCV,GDAVVD,FGDAVV,DAVVDG
CBM1	13	DFQ18|DFQ18_003178-T1	3.03	6	FGGVMM,YWGQNS,GVMMWD,VQFYNN,AAPQCP,GGVMMW
CBM1	13	DFQ18|DFQ18_010760-T1	3.03	6	GGVMMW,VQFYNN,AAPQCP,FGGVMM,YWGQNS,GVMMWD
CBM1	13	DFQ18|DFQ18_003319-T1	2.91	7	CVFPDA,PQCVFP,AAPQCV,VYWGQN,QCVFPD,YWGQNS,SAAPQC
CBM1	13	DFQ18|DFQ18_006852-T1	2.91	7	VYWGQN,QCVFPD,PQCVFP,CVFPDA,YWGQNS,SAAPQC,AAPQCV
CBM1	13	DFQ18|DFQ18_004437-T1	2.71	6	AAPQCP,FYNNYC,RPFGDA,YNNYCG,QFYNNY,YWGQNS
CBM1	13	DFQ18|DFQ18_005458-T1	2.71	6	FYNNYC,RPFGDA,AAPQCP,YWGQNS,QFYNNY,YNNYCG
CBM12	6	DFQ18|DFQ18_008994-T1	6.51	8	LTHINY,THINYA,HINYAF,DIDWEY,IDIDWE,GIDIDW,IDWEYP,INYAFG
CBM12	11	DFQ18|DFQ18_002123-T1	5.18	6	LDWEYP,DLDWEY,VDLDWE,GVDLDW,INYAFA,DGVDLD
CBM19	1	DFQ18|DFQ18_011100-T1	9.63	11	VLLSLG,VYWGQN,LSLGGA,KVLLSL,FYNNYC,LLSLGG,WDASQA,KKVLLS,QFYNNY,YWGQNS,GKKVLL
CBM19	1	DFQ18|DFQ18_011525-T1	9.63	11	FYNNYC,GKKVLL,YWGQNS,WDASQA,QFYNNY,VYWGQN,LLSLGG,KKVLLS,LSLGGA,KVLLSL,VLLSLG
CBM19	1	DFQ18|DFQ18_010760-T1	6.84	8	VLLSLG,LSLGGA,WGQNSA,KVLLSL,LLSLGG,GQNSAG,AAPQCP,YWGQNS
CBM19	1	DFQ18|DFQ18_003178-T1	6.83	8	LSLGGA,GQNSAG,VLLSLG,YWGQNS,KVLLSL,LLSLGG,WGQNSA,AAPQCP
CBM19	1	DFQ18|DFQ18_003319-T1	6.16	7	IQFYNN,AAGSGY,VYWGQN,LSLGGA,YWGQNS,LWDASQ,SAAPQC
CBM19	1	DFQ18|DFQ18_006852-T1	6.16	7	VYWGQN,LSLGGA,YWGQNS,SAAPQC,LWDASQ,IQFYNN,AAGSGY
CBM19	1	DFQ18|DFQ18_004437-T1	5.58	6	FIQFYN,AAPQCP,FYNNYC,IQFYNN,QFYNNY,YWGQNS
CBM19	1	DFQ18|DFQ18_005458-T1	5.58	6	FIQFYN,FYNNYC,AAPQCP,YWGQNS,QFYNNY,IQFYNN
CBM19	1	DFQ18|DFQ18_006853-T1	5.18	6	GSGYIS,AGSGYI,LSLGGA,YWGQNS,IQFYNN,AAGSGY
CBM2	6	DFQ18|DFQ18_002123-T1	6.83	7	LDWEYP,DLDWEY,DWEYPG,VDLDWE,GVDLDW,GVPFYG,DGVDLD
CBM20	17	DFQ18|DFQ18_006170-T1	6.75	9	RTKYGT,GYGVYD,TKYGTK,DGFRLD,GFRLDA,VGYGVY,GYPCVF,DVGYGV,YPCVFY
CBM20	39	DFQ18|DFQ18_000566-T1	4.4	8	PSSEIY,HDYHLM,ARHFLS,LWPLFH,DYARHF,FPSSEI,PFPSSE,YARHFL
CBM20	39	DFQ18|DFQ18_005712-T1	3.4	7	IGFFLH,PFPSSE,LSEFTG,SSEIFR,HDYHLM,FPSSEI,DYDGTL
CBM20	39	DFQ18|DFQ18_006773-T1	3.4	7	IGFFLH,HDYHLM,PFPSSE,SSEIFR,LSEFTG,FPSSEI,DYDGTL
CBM21	14	DFQ18|DFQ18_010189-T1	4.8	6	KKSGEI,KSGEIV,VRKKSG,LVRKKS,SGEIVK,RKKSGE
CBM32	11	DFQ18|DFQ18_000630-T1	6.04	7	FTPVLM,WTGDQS,NDGYGC,RFDAYY,FDAYYF,GYGCGY,DGYGCG
CBM32	11	DFQ18|DFQ18_002276-T1	6.03	7	DGYGCG,FDAYYF,WTGDQS,FTPVLM,RFDAYY,GYGCGY,NDGYGC
CBM39	5	DFQ18|DFQ18_003350-T1	12.6	16	DWIWPA,GGGNWE,VESRGN,IFEDNF,ASGEID,WIWPAI,WPASGE,NPIQSA,PASGEI,VAVGGV,WPAIWL,GGNWEF,IWPAIW,GDWIWP,YYTNNR,FEDNFD
CBM39	5	DFQ18|DFQ18_010447-T1	11.3	14	ASGEID,PASGEI,DWIWPA,VESRGN,WPAIWL,IWPAIW,GDWIWP,GGNWEF,IFEDNF,WIWPAI,YYTNNR,NPIQSA,GGGNWE,WPASGE
CBM39	5	DFQ18|DFQ18_009841-T1	9.34	12	DWIWPA,ASGEID,WIWPAI,PASGEI,IWPAIW,VESRGN,NPIQSA,YYTNNR,WPASGE,IFEDNF,WPAIWL,GDWIWP
CBM39	5	DFQ18|DFQ18_004415-T1	6.17	7	ASGEID,WPASGE,VESRGN,VDYIRV,GGGNWE,GGNWEF,PASGEI
CBM39	5	DFQ18|DFQ18_006783-T1	6.17	7	WPASGE,VDYIRV,ASGEID,VESRGN,PASGEI,GGGNWE,GGNWEF
CBM43	1	DFQ18|DFQ18_011440-T1	7.08	10	KIPVGY,ADFYGI,NVIRVY,AGNEVT,FAGNEV,GFFAGN,DFYGIN,FFAGNE,GNEVTN,KADFYG
CBM43	1	DFQ18|DFQ18_012671-T1	6.43	10	GFFAGN,LGFFAG,KGIAYQ,DFYGIN,ADFYGI,FAGNEV,FFAGNE,RDIPYL,NVIRVY,SGGIVY
CBM43	1	DFQ18|DFQ18_011552-T1	5.38	8	ADFYGI,SGGIVY,KGIAYQ,FAGNEV,GFFAGN,DFYGIN,FFAGNE,RDIPYL
CBM43	1	DFQ18|DFQ18_003164-T1	4.4	7	ADFYGI,RDIPYL,SGGIVY,KGIAYQ,GFFAGN,FFAGNE,DFYGIN
CBM48	20	DFQ18|DFQ18_003988-T1	27.7	39	NEFGHP,EGYLNF,EWAPNA,VGDKTI,VTSMLY,YYASFG,SRLFNY,GFRFDG,FRFDGV,SHDQAL,DFPREG,FPREGN,YASFGY,FGHPEW,QLMAIM,MAIMEH,YEAHVG,FDGVTS,DQALVG,ESHDQA,EFGHPE,RFDGVT,YREWAP,QALVGD,GVTSML,AEDVSG,LVGDKT,DGFRFD,ASFGYQ,GFDYRL,HDQALV,ALVGDK,GEGYLN,SFGYQV,GDFNNW,LMAIME,TLTNRR,DGVTSM,GNEFGH
CBM48	20	DFQ18|DFQ18_010710-T1	21.9	31	YEAHVG,DGVTSM,RFDGVT,GDFNNW,SFGYQV,ASFGYQ,YASFGY,AEDVSG,FDGVTS,GFRFDG,TLTNRR,ESHDQA,LVGDKT,SRLFNY,LMAIME,VTSMLY,QLMAIM,YYASFG,ALVGDK,YREWAP,GFDYRL,MAIMEH,HDQALV,SHDQAL,QALVGD,EWAPNA,VGDKTI,DQALVG,FRFDGV,GVTSML,DGFRFD
CBM48	20	DFQ18|DFQ18_014949-T1	5.82	8	FPREGN,FGHPEW,EFGHPE,EGYLNF,GNEFGH,DFPREG,NEFGHP,GEGYLN
CBM5	9	DFQ18|DFQ18_002123-T1	6.32	7	LDWEYP,DLDWEY,VDLDWE,GVDLDW,INYAFA,HINYAF,DGVDLD
CBM5	29	DFQ18|DFQ18_012784-T1	8.5	9	DSCQGD,GIDSCQ,QGGIDS,GGIDSC,SCQGDS,GDSGGP,IDSCQG,QGDSGG,CQGDSG
CBM5	29	DFQ18|DFQ18_012662-T1	6.73	7	GCARPG,IGCARP,GIGCAR,GDSGGP,LTAAHC,QGDSGG,CQGDSG
CBM5	29	DFQ18|DFQ18_001646-T1	5.88	6	VLTAAH,GDSGGP,LTAAHC,CQGDSG,QGDSGG,TAAHCV
CBM5	29	DFQ18|DFQ18_003084-T1	5.88	6	LTAAHC,TAAHCV,CQGDSG,VLTAAH,QGDSGG,GDSGGP
CBM5	29	DFQ18|DFQ18_007480-T1	5.76	6	GDSGGP,LTAAHC,QGDSGG,CQGDSG,DSCQGD,SCQGDS
CBM5	29	DFQ18|DFQ18_007481-T1	5.76	6	GDSGGP,LTAAHC,QGDSGG,CQGDSG,DSCQGD,SCQGDS
CBM5	49	DFQ18|DFQ18_002235-T1	7.31	8	SGTSMA,ISGTSM,HGTHVA,GHGTHV,GTHVAG,HVAGTI,THVAGT,VAGTIA
CBM5	49	DFQ18|DFQ18_007324-T1	7.31	8	GTHVAG,VAGTIA,ISGTSM,SGTSMA,HGTHVA,THVAGT,GHGTHV,HVAGTI
CBM5	49	DFQ18|DFQ18_007325-T1	7.31	8	GTHVAG,VAGTIA,ISGTSM,SGTSMA,HGTHVA,THVAGT,GHGTHV,HVAGTI
CBM5	49	DFQ18|DFQ18_008127-T1	5.43	6	SGTSMA,GTSMAT,HGTHVA,TSMATP,GHGTHV,GTHVAG
CBM5	49	DFQ18|DFQ18_010999-T1	5.43	6	SGTSMA,HGTHVA,GTSMAT,GHGTHV,GTHVAG,TSMATP
CBM5	49	DFQ18|DFQ18_001634-T1	5.31	6	GTHVAG,HGTHVA,GHGTHV,NGHGTH,THVAGT,MSLGGS
CBM5	49	DFQ18|DFQ18_013361-T1	5.31	6	GHGTHV,THVAGT,NGHGTH,HGTHVA,MSLGGS,GTHVAG
CBM5	49	DFQ18|DFQ18_001192-T1	4.48	6	TPHVSG,GTSMAT,ATPHVS,TSMATP,SMATPH,MATPHV
CBM5	49	DFQ18|DFQ18_004387-T1	4.48	6	TSMATP,MATPHV,ATPHVS,TPHVSG,SMATPH,GTSMAT
CBM5	79	DFQ18|DFQ18_001237-T1	3.84	6	DGVDID,INYAFA,GVDIDW,LISVGG,VDIDWE,ISVGGW
CBM51	2	DFQ18|DFQ18_000630-T1	8.02	9	FTPVLM,LVAPVY,WTGDQS,NDGYGC,RFDAYY,FDAYYF,TLYEDD,GYGCGY,DGYGCG
CBM51	2	DFQ18|DFQ18_002276-T1	8.02	9	DGYGCG,FDAYYF,WTGDQS,LVAPVY,FTPVLM,RFDAYY,GYGCGY,TLYEDD,NDGYGC
CBM54	8	DFQ18|DFQ18_010161-T1	3.6	6	LDWEYP,DLDWEY,INLMTY,NLMTYD,THINYA,HINYAF
CBM54	8	DFQ18|DFQ18_011970-T1	3.6	6	HINYAF,LDWEYP,INLMTY,THINYA,DLDWEY,NLMTYD
CBM57	6	DFQ18|DFQ18_012921-T1	4.79	7	HGTHTM,SGTSMA,TSMASP,DHNYNW,GTSMAS,SMASPH,PTDLNG
CBM57	6	DFQ18|DFQ18_008418-T1	4.62	6	GTSMAS,TSMASP,THTMGT,SMASPH,HGTHTM,GTHTMG
CBM57	6	DFQ18|DFQ18_009483-T1	4.62	6	SMASPH,TSMASP,HGTHTM,GTHTMG,THTMGT,GTSMAS
CBM57	6	DFQ18|DFQ18_009728-T1	4.62	6	SMASPH,TSMASP,HGTHTM,GTHTMG,THTMGT,GTSMAS
CBM57	6	DFQ18|DFQ18_010150-T1	4.62	6	HGTHTM,GTSMAS,TSMASP,GTHTMG,SMASPH,THTMGT
CBM57	6	DFQ18|DFQ18_012085-T1	4.62	6	HGTHTM,GTHTMG,GTSMAS,TSMASP,SMASPH,THTMGT
CBM57	16	DFQ18|DFQ18_001666-T1	12.8	14	GKTFTM,KTLMFV,TFTMEG,FAYGQT,AYGQTG,VCIFAY,DLAGSE,IRVFCR,KTFTME,SKTLMF,IFAYGQ,RNSKLT,NIRVFC,GNIRVF
CBM57	16	DFQ18|DFQ18_003924-T1	12.8	14	IRVFCR,RNSKLT,TFTMEG,VCIFAY,SKTLMF,IFAYGQ,AYGQTG,FAYGQT,DLAGSE,KTLMFV,NIRVFC,GNIRVF,GKTFTM,KTFTME
CBM57	16	DFQ18|DFQ18_003182-T1	10.6	11	IFAYGQ,FAYGQT,SSRSHC,TGTGKT,YGQTGT,VDLAGS,QTGTGK,AYGQTG,DLAGSE,GQTGTG,LVDLAG
CBM57	16	DFQ18|DFQ18_003183-T1	10.6	11	IFAYGQ,FAYGQT,SSRSHC,TGTGKT,YGQTGT,VDLAGS,QTGTGK,AYGQTG,DLAGSE,GQTGTG,LVDLAG
CBM57	16	DFQ18|DFQ18_006797-T1	10.6	11	YGQTGT,AYGQTG,VDLAGS,IFAYGQ,GQTGTG,DLAGSE,LVDLAG,TGTGKT,QTGTGK,SSRSHC,FAYGQT
CBM57	16	DFQ18|DFQ18_006798-T1	10.6	11	YGQTGT,AYGQTG,VDLAGS,IFAYGQ,GQTGTG,DLAGSE,LVDLAG,TGTGKT,QTGTGK,SSRSHC,FAYGQT
CBM57	16	DFQ18|DFQ18_005171-T1	6.76	7	LVDLAG,LAGSER,AYGQTG,IFAYGQ,VDLAGS,DLAGSE,FAYGQT
CBM57	16	DFQ18|DFQ18_006159-T1	6.76	7	AYGQTG,FAYGQT,GKTFTM,VDLAGS,DLAGSE,LVDLAG,SLSALG
CBM73	8	DFQ18|DFQ18_012784-T1	8.89	9	DSCQGD,GIDSCQ,QGGIDS,GGIDSC,SCQGDS,GDSGGP,IDSCQG,QGDSGG,CQGDSG
CBM73	8	DFQ18|DFQ18_012662-T1	6.93	7	GCARPG,IGCARP,GIGCAR,GDSGGP,LTAAHC,QGDSGG,CQGDSG
CBM73	8	DFQ18|DFQ18_001646-T1	5.94	6	VLTAAH,GDSGGP,LTAAHC,CQGDSG,QGDSGG,TAAHCV
CBM73	8	DFQ18|DFQ18_003084-T1	5.94	6	LTAAHC,TAAHCV,CQGDSG,VLTAAH,QGDSGG,GDSGGP
CBM73	8	DFQ18|DFQ18_007480-T1	5.94	6	GDSGGP,LTAAHC,QGDSGG,CQGDSG,DSCQGD,SCQGDS
CBM73	8	DFQ18|DFQ18_007481-T1	5.94	6	GDSGGP,LTAAHC,QGDSGG,CQGDSG,DSCQGD,SCQGDS
