CAZy Family	PPR Subfamily	Gene ID	Frequency	Hits	Signature Peptides
CE0	15	DSO57v2|DSO57v2_005294-T1	6.85	9	GRFSNG,GDSLSD,FGDSLS,RFSNGP,VFGDSL,DSLSDT,IVFGDS,FSNGPV,SNGPVW
CE0	15	DSO57v2|DSO57v2_014015-T1	6.85	9	DSLSDT,VFGDSL,IVFGDS,GDSLSD,RFSNGP,FGDSLS,GRFSNG,SNGPVW,FSNGPV
CE4	76	DSO57v2|DSO57v2_010013-T1	5.28	6	VALTFD,HVALTF,TFDDGP,ALTFDD,LTFDDG,FDDGPD
CE4	108	DSO57v2|DSO57v2_010840-T1	8.02	9	LNYEEG,EEGGEN,FVLNYE,WYTGRQ,YEEGGE,GWYTGR,NYEEGG,YTGRQS,VLNYEE
CE0	15	DSO57v3|DSO57v2_005294-T1	6.85	9	RFSNGP,VFGDSL,GDSLSD,FGDSLS,SNGPVW,GRFSNG,IVFGDS,FSNGPV,DSLSDT
CE0	15	DSO57v3|DSO57v2_014015-T1	6.85	9	GRFSNG,FGDSLS,GDSLSD,VFGDSL,RFSNGP,DSLSDT,SNGPVW,FSNGPV,IVFGDS
CE4	76	DSO57v3|DSO57v2_010013-T1	5.29	6	FDDGPD,HVALTF,ALTFDD,VALTFD,TFDDGP,LTFDDG
CE4	108	DSO57v3|DSO57v2_010840-T1	8.02	9	EEGGEN,YEEGGE,NYEEGG,YTGRQS,LNYEEG,FVLNYE,VLNYEE,GWYTGR,WYTGRQ
GH13	94	DSO57v3|DSO57v2_032200-T1	24.6	39	EDVSGM,SHDQAL,RFLLSN,MAIMEH,YASFGY,VTSMLY,YYASFG,DFPREG,LVGDKT,QALVGD,FPREGN,ESHDQA,DVSGMP,DGFRFD,FRFDGV,IGFDYR,HKMIRL,LRFLLS,ALVGDK,GFDYRL,SRLFNY,DGVTSM,TLTNRR,GGIGFD,FGHPEW,GNEFGH,DQALVG,AEDVSG,GIGFDY,NEFGHP,VGDKTI,RFDGVT,HDQALV,EFGHPE,FLLSNL,GVTSML,GFRFDG,FDGVTS,EWAPNA
GH133	2	DSO57v3|DSO57v2_028203-T1	36.5	45	DYQLRP,IDNCHS,TWMDKM,RIDNCH,AGLPHF,AAGLPH,NYHQGP,YQLRPN,TPRDGA,HGLIPN,FMDCTH,WMDKMG,IVWGDC,RREVIV,GTWMDK,NRRGIY,GFRIDN,NCHSTP,HQGPEW,LIREAM,IREAMQ,VVAELF,MDKMGE,LFMDCT,RCWGRD,DCTHDN,GLIPNL,TLDPSD,YLRREV,MDCTHD,NCGTWM,DNCHST,SNSPYS,YVVAEL,LIPNLL,CGTWMD,LRREVI,YHQGPE,REVIVW,SLIREA,QLRPNF,REAMQA,CTHDNE,DKMGES,VAPELF
GH133	2	DSO57v3|DSO57v2_028203-T2	35.7	44	DYQLRP,IDNCHS,TWMDKM,RIDNCH,AGLPHF,AAGLPH,NYHQGP,YQLRPN,TPRDGA,HGLIPN,FMDCTH,WMDKMG,IVWGDC,RREVIV,GTWMDK,NRRGIY,GFRIDN,NCHSTP,HQGPEW,LIREAM,IREAMQ,VVAELF,MDKMGE,LFMDCT,RCWGRD,DCTHDN,GLIPNL,TLDPSD,YLRREV,MDCTHD,NCGTWM,DNCHST,YVVAEL,LIPNLL,CGTWMD,LRREVI,YHQGPE,REVIVW,SLIREA,QLRPNF,REAMQA,CTHDNE,DKMGES,VAPELF
GH18	16	DSO57v3|DSO57v2_015761-T1	4.21	6	LDWEYP,VDLDWE,HINYAF,DGVDLD,GVDLDW,DLDWEY
GH18	24	DSO57v3|DSO57v2_006205-T1	4.42	9	NIMAYD,DIDWEY,VDIDWE,KLLTAA,DGVDID,LLTAAV,LDGVDI,IDWEYP,GVDIDW
GH18	24	DSO57v3|DSO57v2_006207-T1	4.42	9	NIMAYD,DIDWEY,VDIDWE,KLLTAA,DGVDID,LLTAAV,LDGVDI,IDWEYP,GVDIDW
GH18	49	DSO57v3|DSO57v2_005488-T1	4.18	6	GLDGID,DLDWEY,IDLDWE,GIDLDW,DGIDLD,LDGIDL
GH18	51	DSO57v3|DSO57v2_005496-T1	5.75	7	LDGIDI,DIDWEY,IDIDWE,DWEYPG,GIDIDW,DGIDID,IDWEYP
GH18	51	DSO57v3|DSO57v2_005497-T1	5.75	7	LDGIDI,DIDWEY,IDIDWE,DWEYPG,GIDIDW,DGIDID,IDWEYP
GH18	51	DSO57v3|DSO57v2_025965-T1	5.75	7	DIDWEY,DWEYPG,IDWEYP,DGIDID,GIDIDW,LDGIDI,IDIDWE
GH18	51	DSO57v3|DSO57v2_025966-T1	5.75	7	DIDWEY,DWEYPG,IDWEYP,DGIDID,GIDIDW,LDGIDI,IDIDWE
GH18	51	DSO57v3|DSO57v2_026044-T1	4.95	6	DIDWEY,DWEYPG,IDWEYP,DGIDID,GIDIDW,IDIDWE
GH18	88	DSO57v3|DSO57v2_008646-T1	6.0	6	GLDIDW,DGLDID,LDIDWE,DIDWEY,IDWEYP,FDGLDI
GH18	92	DSO57v3|DSO57v2_005079-T1	5.04	14	YWGQNS,VQFYNN,VYWGQN,CVFPDA,YNNYCG,PQCVFP,QCVFPD,QFYNNY,APQCVF,AVYWGQ,FVQFYN,FYNNYC,AAPQCV,AAAPQC
GH18	92	DSO57v3|DSO57v2_025083-T1	5.04	14	AAPQCV,FYNNYC,AVYWGQ,VQFYNN,YWGQNS,APQCVF,QCVFPD,CVFPDA,VYWGQN,FVQFYN,AAAPQC,YNNYCG,QFYNNY,PQCVFP
GH18	127	DSO57v3|DSO57v2_006198-T1	6.0	8	DIDWEY,GLDIDW,DGLDID,LDGLDI,LDIDWE,DWEYPG,IDWEYP,WEYPGR
GH18	127	DSO57v3|DSO57v2_006204-T1	6.0	8	DIDWEY,GLDIDW,DGLDID,LDGLDI,LDIDWE,DWEYPG,IDWEYP,WEYPGR
GH18	127	DSO57v3|DSO57v2_006209-T1	6.0	8	DIDWEY,GLDIDW,DGLDID,LDGLDI,LDIDWE,DWEYPG,IDWEYP,WEYPGR
GH18	127	DSO57v3|DSO57v2_031773-T1	6.0	8	DIDWEY,DGLDID,DWEYPG,IDWEYP,LDIDWE,LDGLDI,GLDIDW,WEYPGR
GH18	127	DSO57v3|DSO57v2_036485-T1	6.0	8	WEYPGR,LDIDWE,DGLDID,DIDWEY,LDGLDI,GLDIDW,DWEYPG,IDWEYP
GH20	75	DSO57v3|DSO57v2_009288-T1	3.6	6	NKMNVF,NVFHWH,DILRTI,VFHWHI,KMNVFH,MNVFHW
GH3	64	DSO57v3|DSO57v2_029466-T1	5.38	13	TFGEDP,GEDPYL,VNPSGR,NPSGRL,DMSMVP,YETFGE,PSGRLP,HGLSYT,ETFGED,GHGLSY,FGEDPY,FGHGLS,HGANYV
GH3	64	DSO57v3|DSO57v2_029467-T1	5.38	13	TFGEDP,GEDPYL,VNPSGR,NPSGRL,DMSMVP,YETFGE,PSGRLP,HGLSYT,ETFGED,GHGLSY,FGEDPY,FGHGLS,HGANYV
GH31	7	DSO57v3|DSO57v2_025903-T1	13.9	24	YHQCRW,ADVGGF,PSVFNG,DVGGFF,CRWNYN,QCRWNY,GSIPFM,GIPEHA,VYGIPE,HQCRWN,RWYQAG,SVFNGP,DMNEPS,YGIPEH,NDMNEP,EPSVFN,RWNYND,GADVGG,YGSIPF,NEPSVF,VFNGPE,GYHQCR,MNEPSV,WNDMNE
GH37	4	DSO57v3|DSO57v2_009564-T1	10.3	28	LNRSQP,TGFGWS,SQPPLL,FGWSNG,RPESYR,NRSQPP,DFSSRW,GAESGW,QPPLLT,QTGFGW,PRPESY,PVDLNA,GGGGEY,IVPGGR,ESGWDF,RSQPPL,GFGWSN,VPGGRF,AESGWD,ESYRED,GWDFSS,PESYRE,YYWDSY,EFYYWD,WDFSSR,SGWDFS,GWSNGV,GFVPNG
GH37	4	DSO57v3|DSO57v2_015097-T1	9.41	25	ESYRED,WDFSSR,GFVPNG,SGWDFS,TGFGWS,RPESYR,GWDFSS,GWSNGV,GGRFRE,ESGWDF,YYWDSY,SQPPLL,RSQPPL,AESGWD,EFYYWD,DFSSRW,QTGFGW,PRPESY,PESYRE,GGGGEY,GFGWSN,FGWSNG,GAESGW,QPPLLT,PVDLNA
GH37	4	DSO57v3|DSO57v2_029187-T1	5.89	15	GGGGEY,FGWTNG,PRPESY,AESGWD,GFGWTN,NRSQPP,GAESGW,RPESYR,PGGRFR,EFYYWD,GWTNGV,PESYRE,LNRSQP,ESYRED,GGRFRE
GH37	4	DSO57v3|DSO57v2_037156-T1	4.44	12	EFYYWD,GFVPNG,LNRSQP,IVPGGR,YYWDSY,GGRFRE,NRSQPP,VPGGRF,SQPPLL,RSQPPL,PGGRFR,QPPLLT
GH47	1	DSO57v3|DSO57v2_028532-T1	7.81	16	ETLKYL,YLYLLF,LKYLYL,FETTIR,GDSFYE,LAETLK,KYLYLL,AETLKY,YEYLLK,VFETTI,RPETVE,FYEYLL,PETVES,TLKYLY,SFYEYL,DSFYEY
GH47	1	DSO57v3|DSO57v2_029288-T1	7.81	16	ETLKYL,YLYLLF,LKYLYL,FETTIR,GDSFYE,LAETLK,KYLYLL,AETLKY,YEYLLK,VFETTI,RPETVE,FYEYLL,PETVES,TLKYLY,SFYEYL,DSFYEY
GH47	1	DSO57v3|DSO57v2_029288-T2	7.81	16	ETLKYL,YLYLLF,LKYLYL,FETTIR,GDSFYE,LAETLK,KYLYLL,AETLKY,YEYLLK,VFETTI,RPETVE,FYEYLL,PETVES,TLKYLY,SFYEYL,DSFYEY
GH47	1	DSO57v3|DSO57v2_029005-T1	4.68	11	LAETLK,GSRGDS,AETLKY,YEYLLK,FNTEAH,VFNTEA,NTEAHP,KMDHLV,MDHLVC,PKMDHL,DHLVCF
GH47	2	DSO57v3|DSO57v2_029288-T3	4.58	10	DSLDTL,TIRYLG,YLGGLL,FETTIR,ETTIRY,VFETTI,RYLGGL,TTIRYL,IRYLGG,VDSLDT
GH47	2	DSO57v3|DSO57v2_015553-T1	4.12	10	TLVDSL,VFNTEA,LVDSLD,VDSLDT,NTEAHP,SLDTLW,FNTEAH,DSLDTL,YEYLIK,TEAHPF
GH47	2	DSO57v3|DSO57v2_005985-T1	3.1	7	TLVDSL,YLGGLL,LVDSLD,RYLGGL,IRYLGG,VDSLDT,DSLDTL
GH47	2	DSO57v3|DSO57v2_024002-T1	2.71	6	TEAHPF,FNTEAH,NTEAHP,DSLDTL,VFNTEA,SLDTLW
GH47	3	DSO57v3|DSO57v2_033204-T1	3.78	10	GGLLSA,LSRLTG,SRLTGD,FFPGLQ,GAGVDS,GLLSAH,LLSAHL,PGLQVL,RLLPAF,RLTGDP
GH47	5	DSO57v3|DSO57v2_005986-T1	9.0	9	YEYLLK,DSFYEY,GAMGDS,MGDSFY,GDSFYE,AMGDSF,FYEYLL,SFYEYL,FGAMGD
GH47	6	DSO57v3|DSO57v2_008565-T1	4.32	10	EYLLKQ,YEYLLK,RVLGGL,DSYYEY,YLLKQW,VLGGLL,IRVLGG,YYEYLL,LGGLLS,SYYEYL
GH5	5	DSO57v3|DSO57v2_025650-T1	8.04	12	QNGFDN,SQNGFD,LGGWLV,GGWLVL,GARYDG,GVNLGG,VNLGGW,GSQNGF,GWLVLE,GFDNSG,NGFDNS,PGSQNG
GH5	5	DSO57v3|DSO57v2_015122-T1	7.02	11	LGGWLV,NGFDNS,GWLVLE,GFDNSG,TPSLFE,GVNLGG,QNGFDN,GGWLVL,VNLGGW,SQNGFD,ITPSLF
GH5	19	DSO57v3|DSO57v2_035181-T1	9.73	12	RFSGGS,GGSGAP,FSGGSG,HQDVWS,WSRFSG,VWSRFS,PHQDVW,SRFSGG,QDVWSR,SGGSGA,DVWSRF,DPHQDV
GH5	84	DSO57v3|DSO57v2_016833-T1	5.41	9	TMFTLF,PFPLEE,PHQDVW,HQDVWS,QDVWSR,DPHQDV,TLWNYT,RPFPLE,FPLEEA
GH63	5	DSO57v3|DSO57v2_023543-T1	17.0	19	LFTSVP,EGFHLL,SNLLGG,LGGIGY,FTSVPS,YWRGPI,ANPPTL,FFPRGF,LLGGIG,TSVPSR,WDEGFH,ARSKVP,NLLGGI,GGIGYF,EARSKV,WRGPIW,LSNLLG,GWIARE,DEGFHL
GH63	5	DSO57v3|DSO57v2_031579-T1	17.0	19	ARSKVP,LLGGIG,LGGIGY,LFTSVP,WRGPIW,FTSVPS,SNLLGG,EGFHLL,ANPPTL,GWIARE,YWRGPI,TSVPSR,GGIGYF,LSNLLG,NLLGGI,DEGFHL,EARSKV,FFPRGF,WDEGFH
GH81	4	DSO57v3|DSO57v2_005550-T1	8.27	10	YFLYAA,GYFLYA,HFHYGY,YGYFLY,HYGYFL,FHYGYF,HHFHYG,DHHFHY,NDHHFH,HSWASG
GH81	4	DSO57v3|DSO57v2_036289-T1	7.64	9	GYFLYA,DHHFHY,NDHHFH,HHFHYG,HFHYGY,FHYGYF,YGYFLY,HYGYFL,HSWASG
GH81	4	DSO57v3|DSO57v2_036371-T1	7.64	9	GYFLYA,DHHFHY,NDHHFH,HHFHYG,HFHYGY,FHYGYF,YGYFLY,HYGYFL,HSWASG
GH81	4	DSO57v3|DSO57v2_038182-T1	7.31	9	YGYFLY,HSWASG,HHFHYG,DHHFHY,HFHYGY,YFLYAA,FHYGYF,GYFLYA,HYGYFL
AA1	38	DSO57v3|DSO57v2_020577-T1	6.0	6	GQFPGP,TVIEAD,NGQFPG,VIEADG,IEADGT,YRLRLV
AA11	1	DSO57v3|DSO57v2_015597-T1	6.12	13	AWTWFN,TWFNKI,FAWTWF,WFNKIG,GNREMY,NKIGNR,NREMYM,IGNREM,REMYMN,KIGNRE,EMYMNC,WTWFNK,FNKIGN
AA11	1	DSO57v3|DSO57v2_015596-T1	5.24	11	TWFNKI,GNREMY,WFNKIG,NKIGNR,NREMYM,IGNREM,REMYMN,KIGNRE,EMYMNC,WTWFNK,FNKIGN
AA11	1	DSO57v3|DSO57v2_000425-T1	5.23	11	NREMYM,IGNREM,TWFNKI,EMYMNC,FNKIGN,WTWFNK,GNREMY,NKIGNR,WFNKIG,KIGNRE,REMYMN
AA11	1	DSO57v3|DSO57v2_000427-T1	5.23	11	NREMYM,IGNREM,TWFNKI,EMYMNC,FNKIGN,WTWFNK,GNREMY,NKIGNR,WFNKIG,KIGNRE,REMYMN
AA11	1	DSO57v3|DSO57v2_002332-T1	4.37	7	VGNREM,ATHGGG,GNREMY,MYMNCA,NREMYM,REMYMN,EMYMNC
AA11	2	DSO57v3|DSO57v2_000424-T1	4.43	11	NREMYM,FNKVGN,KVGNRE,FAWTWF,NKVGNR,EMYMNC,AWTWFN,WFNKVG,GNREMY,VGNREM,REMYMN
AA11	2	DSO57v3|DSO57v2_015592-T1	4.43	11	AWTWFN,FAWTWF,GNREMY,FNKVGN,WFNKVG,NREMYM,REMYMN,EMYMNC,VGNREM,KVGNRE,NKVGNR
AA11	2	DSO57v3|DSO57v2_015594-T1	3.92	9	GNREMY,FNKVGN,WFNKVG,NREMYM,REMYMN,EMYMNC,VGNREM,KVGNRE,NKVGNR
AA3	6	DSO57v3|DSO57v2_014950-T1	6.2	14	NTPQIL,YIVVGS,GSGPGG,RVRGVK,AWGHHA,SKFRVR,IVVGSG,LLIEAG,FRVRGV,SGPGGG,DSKFRV,VGSGPG,TLLIEA,KFRVRG
AA3	6	DSO57v3|DSO57v2_004641-T1	6.19	14	YIVVGS,AWGHHA,RVRGVK,FRVRGV,VGSGPG,KFRVRG,GSGPGG,SKFRVR,IVVGSG,SGPGGG,TLLIEA,NTPQIL,DSKFRV,LLIEAG
AA3	6	DSO57v3|DSO57v2_022138-T1	5.93	13	KFRVRG,NTPQIL,AWGHHA,TLLIEA,IVVGSG,GSGPGG,LLIEAG,FRVRGV,DSKFRV,SKFRVR,VGSGPG,YIVVGS,SGPGGG
AA3	6	DSO57v3|DSO57v2_031804-T1	5.84	12	VGSGPG,FRVRGV,SGPGGG,GSGPGG,LLIEAG,DLPGVG,AWGHHA,TLLIEA,LRVVDA,RVVDAS,RVRGVK,KFRVRG
AA3	6	DSO57v3|DSO57v2_035929-T1	5.84	12	LLIEAG,AWGHHA,RVVDAS,LRVVDA,VGSGPG,SGPGGG,RVRGVK,FRVRGV,GSGPGG,KFRVRG,TLLIEA,DLPGVG
AA3	6	DSO57v3|DSO57v2_004642-T1	5.37	13	YIVVGS,AWGHHA,RVRGVK,FRVRGV,VGSGPG,KFRVRG,GSGPGG,IVVGSG,SGPGGG,TLLIEA,NTPQIL,FPKIPG,LLIEAG
AA3	6	DSO57v3|DSO57v2_004644-T1	5.37	13	YIVVGS,AWGHHA,RVRGVK,FRVRGV,VGSGPG,KFRVRG,GSGPGG,IVVGSG,SGPGGG,TLLIEA,NTPQIL,FPKIPG,LLIEAG
AA3	6	DSO57v3|DSO57v2_014952-T1	5.37	13	NTPQIL,YIVVGS,GSGPGG,RVRGVK,FPKIPG,AWGHHA,IVVGSG,LLIEAG,FRVRGV,SGPGGG,VGSGPG,TLLIEA,KFRVRG
AA3	6	DSO57v3|DSO57v2_033056-T1	5.32	12	VGSGPG,IVVGSG,FPKIPG,YIVVGS,SGPGGG,GSGPGG,LLIEAG,TLLIEA,AWGHHA,LSGIGP,SGIGPK,KFRVRG
AA3	6	DSO57v3|DSO57v2_004645-T1	5.09	12	YIVVGS,AWGHHA,RVRGVK,FRVRGV,VGSGPG,KFRVRG,GSGPGG,IVVGSG,SGPGGG,TLLIEA,FPKIPG,LLIEAG
AA3	6	DSO57v3|DSO57v2_014953-T1	5.09	12	YIVVGS,GSGPGG,RVRGVK,FPKIPG,AWGHHA,IVVGSG,LLIEAG,FRVRGV,SGPGGG,VGSGPG,TLLIEA,KFRVRG
AA3	6	DSO57v3|DSO57v2_014951-T1	5.05	12	NTPQIL,YIVVGS,GSGPGG,RVRGVK,AWGHHA,IVVGSG,LLIEAG,FRVRGV,SGPGGG,VGSGPG,TLLIEA,KFRVRG
AA3	6	DSO57v3|DSO57v2_008864-T1	4.79	11	LSGIGP,IVVGSG,SGIGPK,AWGHHA,TLLIEA,YIVVGS,SGPGGG,GSGPGG,LLIEAG,VGSGPG,FPKIPG
AA3	6	DSO57v3|DSO57v2_004640-T1	4.39	11	AWGHHA,RVRGVK,FRVRGV,VGSGPG,KFRVRG,GSGPGG,TLLIEA,SGPGGG,NTPQIL,FPKIPG,LLIEAG
AA3	6	DSO57v3|DSO57v2_014948-T1	4.39	11	NTPQIL,GSGPGG,RVRGVK,FPKIPG,AWGHHA,LLIEAG,FRVRGV,SGPGGG,VGSGPG,TLLIEA,KFRVRG
AA3	6	DSO57v3|DSO57v2_021959-T1	4.28	8	AWGHHA,RVVDAS,GLRVVD,TLLIEA,IVVGSG,LRVVDA,LLIEAG,YIVVGS
AA3	6	DSO57v3|DSO57v2_028218-T1	4.28	8	GLRVVD,LRVVDA,RVVDAS,AWGHHA,IVVGSG,YIVVGS,TLLIEA,LLIEAG
AA3	6	DSO57v3|DSO57v2_022496-T1	3.6	9	FPKIPG,AWGHHA,TLLIEA,IVVGSG,GSGPGG,LLIEAG,VGSGPG,YIVVGS,SGPGGG
AA3	6	DSO57v3|DSO57v2_022613-T1	3.6	9	FPKIPG,AWGHHA,TLLIEA,IVVGSG,GSGPGG,LLIEAG,VGSGPG,YIVVGS,SGPGGG
AA3	6	DSO57v3|DSO57v2_003943-T1	3.15	8	AWGHHA,VGSGPG,KFRVRG,GSGPGG,TLLIEA,SGPGGG,FPKIPG,LLIEAG
AA3	6	DSO57v3|DSO57v2_016379-T1	3.15	8	LLIEAG,GSGPGG,FPKIPG,KFRVRG,SGPGGG,TLLIEA,VGSGPG,AWGHHA
AA3	6	DSO57v3|DSO57v2_020013-T1	2.93	7	GSGPGG,IVVGSG,SGPGGG,LLIEAG,VGSGPG,TLLIEA,YIVVGS
AA3	6	DSO57v3|DSO57v2_006974-T1	2.8	6	KFRVRG,FRVRGV,RVRGVK,IVVGSG,AWGHHA,YIVVGS
AA3	6	DSO57v3|DSO57v2_006978-T1	2.8	6	KFRVRG,FRVRGV,RVRGVK,IVVGSG,AWGHHA,YIVVGS
AA3	6	DSO57v3|DSO57v2_009094-T1	2.8	6	IVVGSG,AWGHHA,YIVVGS,FRVRGV,KFRVRG,RVRGVK
AA3	8	DSO57v3|DSO57v2_017816-T1	3.97	11	DFIVVG,QLLMLS,LLMLSG,LMLSGI,RVIDAS,TPQLLM,NTPQLL,ILSAGA,PQLLML,MLSGIG,LRVIDA
AA3	8	DSO57v3|DSO57v2_024143-T1	3.97	11	QLLMLS,DFIVVG,NTPQLL,LMLSGI,MLSGIG,ILSAGA,TPQLLM,RVIDAS,LLMLSG,PQLLML,LRVIDA
AA6	2	DSO57v3|DSO57v2_036652-T1	5.14	9	GSPYGA,TRFGMM,GGQETT,GFPTRF,FPTRFG,FGFPTR,PTRFGM,LFGFPT,GGSPYG
AA6	2	DSO57v3|DSO57v2_037494-T1	5.14	9	GSPYGA,TRFGMM,GGQETT,GFPTRF,FPTRFG,FGFPTR,PTRFGM,LFGFPT,GGSPYG
AA1	38	DSO57v3|DSO57v2_020577-T1	6.0	6	TVIEAD,IEADGT,GQFPGP,VIEADG,NGQFPG,YRLRLV
AA11	1	DSO57v3|DSO57v2_015597-T1	6.12	13	TWFNKI,KIGNRE,WTWFNK,IGNREM,NREMYM,FAWTWF,NKIGNR,AWTWFN,EMYMNC,REMYMN,FNKIGN,WFNKIG,GNREMY
AA11	1	DSO57v3|DSO57v2_015596-T1	5.24	11	TWFNKI,KIGNRE,WTWFNK,NKIGNR,IGNREM,NREMYM,EMYMNC,REMYMN,FNKIGN,WFNKIG,GNREMY
AA11	1	DSO57v3|DSO57v2_000425-T1	5.23	11	NKIGNR,KIGNRE,WTWFNK,EMYMNC,REMYMN,GNREMY,FNKIGN,TWFNKI,WFNKIG,IGNREM,NREMYM
AA11	1	DSO57v3|DSO57v2_000427-T1	5.23	11	NKIGNR,KIGNRE,WTWFNK,EMYMNC,REMYMN,GNREMY,FNKIGN,TWFNKI,WFNKIG,IGNREM,NREMYM
AA11	1	DSO57v3|DSO57v2_002332-T1	4.37	7	VGNREM,NREMYM,REMYMN,ATHGGG,GNREMY,EMYMNC,MYMNCA
AA11	2	DSO57v3|DSO57v2_000424-T1	4.43	11	EMYMNC,WFNKVG,FAWTWF,FNKVGN,REMYMN,GNREMY,NKVGNR,KVGNRE,AWTWFN,NREMYM,VGNREM
AA11	2	DSO57v3|DSO57v2_015592-T1	4.43	11	VGNREM,FAWTWF,NREMYM,AWTWFN,NKVGNR,EMYMNC,WFNKVG,REMYMN,FNKVGN,KVGNRE,GNREMY
AA11	2	DSO57v3|DSO57v2_015594-T1	3.92	9	VGNREM,NREMYM,NKVGNR,EMYMNC,WFNKVG,REMYMN,FNKVGN,KVGNRE,GNREMY
AA3	6	DSO57v3|DSO57v2_014950-T1	6.2	14	IVVGSG,FRVRGV,TLLIEA,RVRGVK,LLIEAG,YIVVGS,SGPGGG,GSGPGG,DSKFRV,SKFRVR,KFRVRG,NTPQIL,AWGHHA,VGSGPG
AA3	6	DSO57v3|DSO57v2_004641-T1	6.19	14	IVVGSG,VGSGPG,YIVVGS,KFRVRG,TLLIEA,SKFRVR,AWGHHA,RVRGVK,FRVRGV,LLIEAG,SGPGGG,GSGPGG,NTPQIL,DSKFRV
AA3	6	DSO57v3|DSO57v2_022138-T1	5.94	13	VGSGPG,SKFRVR,NTPQIL,AWGHHA,DSKFRV,GSGPGG,YIVVGS,FRVRGV,SGPGGG,TLLIEA,KFRVRG,IVVGSG,LLIEAG
AA3	6	DSO57v3|DSO57v2_031804-T1	5.84	12	RVRGVK,GSGPGG,VGSGPG,SGPGGG,DLPGVG,AWGHHA,LRVVDA,RVVDAS,TLLIEA,FRVRGV,LLIEAG,KFRVRG
AA3	6	DSO57v3|DSO57v2_035929-T1	5.84	12	FRVRGV,GSGPGG,KFRVRG,DLPGVG,RVVDAS,LLIEAG,RVRGVK,AWGHHA,TLLIEA,LRVVDA,SGPGGG,VGSGPG
AA3	6	DSO57v3|DSO57v2_004642-T1	5.37	13	IVVGSG,VGSGPG,YIVVGS,KFRVRG,TLLIEA,AWGHHA,RVRGVK,FRVRGV,LLIEAG,SGPGGG,GSGPGG,NTPQIL,FPKIPG
AA3	6	DSO57v3|DSO57v2_004644-T1	5.37	13	IVVGSG,VGSGPG,YIVVGS,KFRVRG,TLLIEA,AWGHHA,RVRGVK,FRVRGV,LLIEAG,SGPGGG,GSGPGG,NTPQIL,FPKIPG
AA3	6	DSO57v3|DSO57v2_014952-T1	5.37	13	IVVGSG,FRVRGV,TLLIEA,RVRGVK,LLIEAG,YIVVGS,FPKIPG,SGPGGG,GSGPGG,KFRVRG,NTPQIL,AWGHHA,VGSGPG
AA3	6	DSO57v3|DSO57v2_033056-T1	5.31	12	GSGPGG,YIVVGS,SGIGPK,SGPGGG,AWGHHA,TLLIEA,VGSGPG,LLIEAG,KFRVRG,FPKIPG,LSGIGP,IVVGSG
AA3	6	DSO57v3|DSO57v2_004645-T1	5.09	12	IVVGSG,VGSGPG,YIVVGS,KFRVRG,TLLIEA,AWGHHA,RVRGVK,FRVRGV,LLIEAG,SGPGGG,GSGPGG,FPKIPG
AA3	6	DSO57v3|DSO57v2_014953-T1	5.09	12	IVVGSG,FRVRGV,TLLIEA,RVRGVK,LLIEAG,YIVVGS,FPKIPG,SGPGGG,GSGPGG,KFRVRG,AWGHHA,VGSGPG
AA3	6	DSO57v3|DSO57v2_014951-T1	5.05	12	IVVGSG,FRVRGV,TLLIEA,RVRGVK,LLIEAG,YIVVGS,SGPGGG,GSGPGG,KFRVRG,NTPQIL,AWGHHA,VGSGPG
AA3	6	DSO57v3|DSO57v2_008864-T1	4.79	11	GSGPGG,FPKIPG,VGSGPG,TLLIEA,IVVGSG,YIVVGS,SGPGGG,LSGIGP,AWGHHA,LLIEAG,SGIGPK
AA3	6	DSO57v3|DSO57v2_004640-T1	4.39	11	VGSGPG,KFRVRG,TLLIEA,FPKIPG,AWGHHA,FRVRGV,LLIEAG,SGPGGG,GSGPGG,NTPQIL,RVRGVK
AA3	6	DSO57v3|DSO57v2_014948-T1	4.39	11	FRVRGV,TLLIEA,RVRGVK,LLIEAG,FPKIPG,SGPGGG,GSGPGG,KFRVRG,NTPQIL,AWGHHA,VGSGPG
AA3	6	DSO57v3|DSO57v2_021959-T1	4.28	8	GLRVVD,AWGHHA,YIVVGS,TLLIEA,LRVVDA,RVVDAS,IVVGSG,LLIEAG
AA3	6	DSO57v3|DSO57v2_028218-T1	4.28	8	TLLIEA,IVVGSG,AWGHHA,RVVDAS,GLRVVD,YIVVGS,LRVVDA,LLIEAG
AA3	6	DSO57v3|DSO57v2_022496-T1	3.59	9	VGSGPG,AWGHHA,FPKIPG,GSGPGG,YIVVGS,SGPGGG,TLLIEA,IVVGSG,LLIEAG
AA3	6	DSO57v3|DSO57v2_022613-T1	3.59	9	VGSGPG,AWGHHA,FPKIPG,GSGPGG,YIVVGS,SGPGGG,TLLIEA,IVVGSG,LLIEAG
AA3	6	DSO57v3|DSO57v2_003943-T1	3.15	8	VGSGPG,KFRVRG,TLLIEA,FPKIPG,AWGHHA,SGPGGG,GSGPGG,LLIEAG
AA3	6	DSO57v3|DSO57v2_016379-T1	3.14	8	KFRVRG,SGPGGG,VGSGPG,TLLIEA,GSGPGG,FPKIPG,AWGHHA,LLIEAG
AA3	6	DSO57v3|DSO57v2_020013-T1	2.94	7	TLLIEA,IVVGSG,YIVVGS,GSGPGG,SGPGGG,LLIEAG,VGSGPG
AA3	6	DSO57v3|DSO57v2_006974-T1	2.8	6	FRVRGV,AWGHHA,KFRVRG,YIVVGS,IVVGSG,RVRGVK
AA3	6	DSO57v3|DSO57v2_006978-T1	2.8	6	FRVRGV,AWGHHA,KFRVRG,YIVVGS,IVVGSG,RVRGVK
AA3	6	DSO57v3|DSO57v2_009094-T1	2.8	6	FRVRGV,KFRVRG,IVVGSG,YIVVGS,AWGHHA,RVRGVK
AA3	8	DSO57v3|DSO57v2_017816-T1	3.97	11	LMLSGI,LRVIDA,LLMLSG,RVIDAS,PQLLML,TPQLLM,DFIVVG,MLSGIG,ILSAGA,NTPQLL,QLLMLS
AA3	8	DSO57v3|DSO57v2_024143-T1	3.97	11	TPQLLM,LRVIDA,MLSGIG,RVIDAS,QLLMLS,LLMLSG,ILSAGA,PQLLML,DFIVVG,LMLSGI,NTPQLL
AA6	2	DSO57v3|DSO57v2_036652-T1	5.14	9	FPTRFG,GFPTRF,GSPYGA,PTRFGM,TRFGMM,LFGFPT,GGSPYG,GGQETT,FGFPTR
AA6	2	DSO57v3|DSO57v2_037494-T1	5.14	9	FPTRFG,GFPTRF,GSPYGA,PTRFGM,TRFGMM,LFGFPT,GGSPYG,GGQETT,FGFPTR
GT15	1	DSO57v3|DSO57v2_021703-T1	15.8	31	RHMCRF,ERWGDA,GFFYER,LCHFWS,YVFLND,SNFEIA,YWRVEP,FFYERW,KKYGFT,GDAPVH,NLCHFW,LEDRFN,CHFWSN,YNLCHF,PKEHWS,WSNFEI,GGFFYE,FYERWG,DAPVHS,YRHMCR,RWGDAP,PYVFLN,YERWGD,HFWSNF,APVHSI,FWSNFE,SYRHMC,SGFFFR,YPYVFL,TIPTLW,WGDAPV
GT2	9	DSO57v3|DSO57v2_031707-T1	24.7	41	PGAFSA,SQRRRW,MSNILD,QNFEYK,ISQRRR,SNILDK,LPGAFS,AEDRIL,ISVLPG,KMSNIL,DVSWGT,RILCFE,VSWGTK,GAFSAY,YLAEDR,EDRILC,NILDKP,RRWLNG,GGACGE,GACGEI,EYKMSN,DRILCF,FEYKMS,ILDKPL,SWGTKG,QRRRWL,VLPGAF,YKMSNI,LDKPLE,SVLPGA,TMYNED,RRRWLN,WLNGSF,AFSAYR,RWLNGS,LAEDRI,HDVSWG,DIVISL,NMYLAE,DKPLES,MYLAED
GT2	161	DSO57v3|DSO57v2_022169-T1	31.9	48	IQVFEY,ETKIAN,GLCGET,LLSQRR,GETKIA,LCGETK,CGTFCF,EYYISH,QRRRWI,LMVDAD,LLLGED,KNLLLL,VLLSQR,LLLLGE,GTFCFS,GKRDSQ,RRRWIN,RRWINS,WNFVLP,VTCLPG,SQRRRW,FDDFSW,CLPGCF,LLGEDR,RHNMAK,TFPKRK,TFCFSM,CGETKI,GEDRYL,CFSMQF,TKIANK,YYISHH,PGNRGK,KPGNRG,FCFSMQ,LCGTFC,LGEDRY,RGKRDS,GNRGKR,MGLCGE,TCLPGC,DDFSWG,DLCGTF,RWINST,LSQRRR,NRGKRD,MVDADT,NLLLLG
GT2	161	DSO57v3|DSO57v2_028858-T1	27.0	36	NRGKRD,GEDRYL,GKRDSQ,NSTVHN,WINSTV,LHKKNL,RRWINS,MGLCGE,PGNRGK,TLHKKN,IMGLCG,GNRGKR,QRRRWI,GLCGET,STVHNL,DDFSWG,HKKNLL,CLPGCF,FGSVTC,GSVTCL,RWINST,KPGNRG,MVDADT,FDDFSW,LLSQRR,TCLPGC,INSTVH,LSQRRR,LGEDRY,SVTCLP,RRRWIN,LMVDAD,VLLSQR,RGKRDS,VTCLPG,SQRRRW
GT2	161	DSO57v3|DSO57v2_032693-T1	25.6	40	SQRRRW,RRRWIN,DDFSWG,FDDFSW,FCFSMQ,EYYISH,CLPGCF,GETKIA,LLGEDR,LLSQRR,IQVFEY,MVDADT,GLCGET,VTCLPG,LLLGED,CGTFCF,LLLLGE,RWINST,FSMQFV,KNLLLL,TKIANK,WNFVLP,LSQRRR,RRWINS,LCGETK,MGLCGE,TCLPGC,TFCFSM,IMGLCG,CGETKI,LCGTFC,ETKIAN,VDADTK,DADTKV,NLLLLG,VLLSQR,YYISHH,QRRRWI,CFSMQF,GTFCFS
GT2	161	DSO57v3|DSO57v2_000374-T1	24.6	32	RWINST,GEDRYL,CLPGCF,GSVTCL,LMVDAD,VTCLPG,INSTVH,GNRGKR,NRGKRD,QRRRWI,LPGCFS,RGKRDS,MVDADT,GKRDSQ,SQRRRW,RRRWIN,LLSQRR,STVHNL,LGEDRY,VLLSQR,TCLPGC,DDFSWG,WINSTV,PGCFSM,LSQRRR,KPGNRG,FGSVTC,SVTCLP,RRWINS,NSTVHN,FDDFSW,PGNRGK
GT2	161	DSO57v3|DSO57v2_022225-T1	24.6	32	STVHNL,LLSQRR,FGSVTC,QRRRWI,LMVDAD,VLLSQR,GKRDSQ,SVTCLP,RRRWIN,PGCFSM,GSVTCL,VTCLPG,RRWINS,SQRRRW,FDDFSW,INSTVH,CLPGCF,GEDRYL,LPGCFS,KPGNRG,PGNRGK,LGEDRY,WINSTV,RGKRDS,GNRGKR,TCLPGC,DDFSWG,RWINST,LSQRRR,NRGKRD,MVDADT,NSTVHN
GT2	161	DSO57v3|DSO57v2_022217-T1	24.1	32	LLSQRR,FGSVTC,QRRRWI,LMVDAD,VLLSQR,HKKNLL,SVTCLP,RRRWIN,GKRDSQ,PGCFSM,GSVTCL,VTCLPG,MAWREK,RRWINS,SQRRRW,FDDFSW,CLPGCF,TLHKKN,GEDRYL,LHKKNL,PGNRGK,KPGNRG,LPGCFS,LGEDRY,RGKRDS,GNRGKR,TCLPGC,DDFSWG,MVDADT,LSQRRR,NRGKRD,RWINST
GT2	161	DSO57v3|DSO57v2_029809-T1	17.1	23	AKAFES,GEDRYL,LHKKNL,RRWINS,TLHKKN,QRRRWI,GLCGET,DDFSWG,HKKNLL,CLPGCF,RWINST,MVDADT,YYISHH,FDDFSW,LLSQRR,TCLPGC,LSQRRR,LGEDRY,RRRWIN,EYYISH,VLLSQR,VTCLPG,SQRRRW
GT2	161	DSO57v3|DSO57v2_029808-T1	5.47	7	GNRGKR,NRGKRD,GKRDSQ,KRDSQI,RGKRDS,PGNRGK,MAWREK
GT22	2	DSO57v3|DSO57v2_022006-T1	6.99	8	PHKEER,QPHKEE,KEERFL,FDGLLP,TWEYSP,GPNIFG,HKEERF,QTWEYS
GT22	2	DSO57v3|DSO57v2_022006-T3	6.99	8	PHKEER,QPHKEE,KEERFL,FDGLLP,TWEYSP,GPNIFG,HKEERF,QTWEYS
GT22	2	DSO57v3|DSO57v2_022006-T2	5.08	6	PHKEER,QPHKEE,KEERFL,FDGLLP,GPNIFG,HKEERF
GT22	5	DSO57v3|DSO57v2_012969-T2	4.8	10	PCHSTP,FLMPCH,YLTWEW,YGYLTW,GFLMPC,PDEYWQ,MPCHST,DEYWQS,GYLTWE,LMPCHS
GT22	5	DSO57v3|DSO57v2_012969-T5	4.8	10	PCHSTP,FLMPCH,YLTWEW,YGYLTW,GFLMPC,PDEYWQ,MPCHST,DEYWQS,GYLTWE,LMPCHS
GT3	1	DSO57v3|DSO57v2_001858-T1	32.0	47	TLLGRY,HATLLG,LGVFPS,IFTTHA,ATLLGR,FTTHAT,CHLGVF,EPWGYT,HLGVFP,LLKRKP,LKRKPD,VFPSYY,FHPEFL,EFVRGC,THATLL,GHFYGH,EFQNLH,EALARL,YEPWGY,SYYEPW,PNGLNV,GRYLCA,FVRGHF,ECTVMG,LGRYLC,IYHRYC,VFTTVS,GCHLGV,FPSYYE,YYEPWG,FVRGCH,VRGCHL,RGCHLG,TTHATL,HEFQNL,LLGRYL,TIFTTH,FQNLHA,GVFPSY,RYLCAG,VRGHFY,RGHFYG,EHLLKR,PSYYEP,HLLKRK,PWGYTP,ALARLN
GT3	1	DSO57v3|DSO57v2_028405-T1	32.0	47	EFVRGC,PNGLNV,YEPWGY,YYEPWG,PWGYTP,FVRGCH,VRGHFY,CHLGVF,GHFYGH,ATLLGR,FHPEFL,ALARLN,IYHRYC,GCHLGV,FVRGHF,FTTHAT,HEFQNL,EFQNLH,LKRKPD,GRYLCA,PSYYEP,HLLKRK,LGVFPS,RYLCAG,SYYEPW,IFTTHA,LLGRYL,TTHATL,LLKRKP,VFTTVS,HLGVFP,ECTVMG,VRGCHL,FPSYYE,THATLL,LGRYLC,HATLLG,TIFTTH,RGCHLG,GVFPSY,EHLLKR,VFPSYY,TLLGRY,FQNLHA,RGHFYG,EPWGYT,EALARL
GT39	2	DSO57v3|DSO57v2_028686-T1	11.6	22	DEVHFG,KWVGLF,FLHHYL,LHHYLP,VHPPLA,GGYLHS,HPPLAK,VFDEVH,HHYLPA,FDVHPP,QQITLY,GYLHSH,LHSHDH,FDEVHF,EVHFGG,HFGGFA,WVGLFT,VVFDEV,SVVFDE,VHFGGF,QQQITL,DVHPPL
GT39	3	DSO57v3|DSO57v2_032416-T1	14.2	16	YHDVHP,HFGKFG,HPPLGK,PLGKML,HDVHPP,DVHPPL,FILLDS,FYHDVH,FGKFGS,PPLGKM,LDSMLL,LGKMLV,LLDSML,ILLDSM,PALYFA,VHPPLG
GT39	3	DSO57v3|DSO57v2_032416-T3	13.5	15	YHDVHP,HFGKFG,HPPLGK,PLGKML,HDVHPP,DVHPPL,FILLDS,FYHDVH,FGKFGS,PPLGKM,LDSMLL,LGKMLV,LLDSML,ILLDSM,VHPPLG
GT39	3	DSO57v3|DSO57v2_032504-T1	9.7	11	YHDVHP,HPPLGK,PLGKML,HDVHPP,HFGKFG,DVHPPL,FYHDVH,FGKFGS,PPLGKM,LGKMLV,VHPPLG
GT39	3	DSO57v3|DSO57v2_023070-T1	5.22	6	DVHPPL,HPPLGK,VHPPLG,YHDVHP,FYHDVH,HDVHPP
GT4	194	DSO57v3|DSO57v2_029202-T1	7.97	12	GDGPKR,LVYRKG,GGDGPK,RLVYRK,AASCGL,EAFCIA,EAASCG,TEAFCI,ENTVLR,IGGDGP,LTEAFC,SLTEAF
GT41	17	DSO57v3|DSO57v2_001106-T1	35.5	41	LMQSVF,LPFHTF,HPLAHL,FNQLYK,LAHLMQ,CNAHTT,YVSSDF,HTTAAD,GFAGTL,MQSVFG,GYVSSD,PFHTFT,WLLRFP,LWLLRF,TVLPFH,PTVLPF,DLFLDT,AHLMQS,FNNHPL,DFNNHP,NNHPLA,ECNAHT,NAHTTA,TNLGSL,SSDFNN,NLGSLL,EAVCGL,SDFNNH,AHTTAA,LGSLLK,VLPFHT,FAGTLG,NFNQLY,HLMQSV,NQLYKI,NLNGYT,PLAHLM,GSLLKD,NHPLAH,YKMCSR,MGFAGT
GT48	1	DSO57v3|DSO57v2_031583-T1	28.9	38	QDNYLE,FLDTYL,GKSDNQ,HLNEDI,LHLNED,PILGDG,FFLDTY,LDTYLW,GDGKSD,EYIFSE,TYLWYI,DNYLEE,QTLYRT,KGRDLG,NPILGD,GRDLGF,HYGHPD,LRTRIW,NEDIYA,GNPILG,CGKGRD,YIFSEN,GKGRDL,EDIYAG,QCGKGR,NQDNYL,GLHLNE,LGDGKS,YGHPDF,ILGDGK,ANQDNY,DANQDN,DGKSDN,LNEDIY,KSDNQN,DTYLWY,LHYGHP,REYIFS
GT48	1	DSO57v3|DSO57v2_001018-T1	24.6	32	FFLDTY,GGKLHY,AAGKEQ,LFFLDT,QTLYRT,DGKSDN,LHLNED,PILGDG,GLHLNE,EYIFSE,LHYGHP,ILGDGK,YGHPDF,REYIFS,EQTFGT,HLNEDI,HYGHPD,LGDGKS,AGKEQT,CGKGRD,GKLHYG,QCGKGR,FFAQSL,KSDNQN,YIFSEN,RLPKRI,GKEQTF,KLHYGH,GKSDNQ,LRTRIW,GDGKSD,KEQTFG
GT57	2	DSO57v3|DSO57v2_017800-T1	21.3	25	HIHFQY,RNWLAI,EKAIML,YPPFFA,HEKAIM,GWHVHE,FQYNGF,KHIFLY,HRNWLA,DHIHFQ,FKHIFL,WHVHEK,DYPPFF,YFVFLL,IHFQYN,WTLDYP,NWLAIT,VHEKAI,HVHEKA,TLDYPP,VHRNWL,FGWHVH,HFQYNG,LDYPPF,SRLFPF
GT66	1	DSO57v3|DSO57v2_001797-T1	40.9	55	PIIASV,DINKFL,VSEHQP,DDINKF,FAGVMV,RFYSLW,VDNNTW,INKFLW,DYGYQI,YSLWDT,RSVAGS,TWNNTH,PWTGRF,IHEFDP,DDFREA,DNNTWN,YFAGVM,AGSYDN,FDPWFN,GYISRS,TGRFYS,IIASVS,REAYYW,NNTHIA,GSYDNE,WYPLGR,SVSEHQ,FYSLWD,PGYISR,WNNTHI,ASVSEH,AYYWLR,HEFDPW,VAGSYD,GRFYSL,IPIIAS,EAYYWL,ISRSVA,NTWNNT,AGVMVR,SVAGSY,YISRSV,DVDYVL,WTGRFY,GVMVRL,YFYMVS,NNTWNN,SRSVAG,IASVSE,DFREAY,AWGGYV,EFDPWF,WDYGYQ,WWDYGY,NKFLWM
