HMM Profile	Profile Length	Gene ID	Gene Length	E Value	Profile Start	Profile End	Gene Start	Gene End	Coverage
GT34.hmm	246	Basme2finSC|Basme2finSC_106798	292	1.7e-47	21	241	63	256	0.8943089430894309
GT2_Chitin_synth_1.hmm	163	Basme2finSC|Basme2finSC_129905	106	4.9e-30	1	75	32	106	0.4539877300613497
CE4.hmm	130	Basme2finSC|Basme2finSC_130258	188	3e-34	10	123	2	116	0.8692307692307693
CE4.hmm	130	Basme2finSC|Basme2finSC_130458	202	2.2e-31	11	123	5	118	0.8615384615384616
AA7.hmm	458	Basme2finSC|Basme2finSC_130716	421	6.8e-92	14	458	2	421	0.9694323144104804
AA11.hmm	191	Basme2finSC|Basme2finSC_131130	160	1.9e-38	1	160	9	160	0.8324607329842932
PL38.hmm	279	Basme2finSC|Basme2finSC_131161	284	2.1e-103	1	275	3	277	0.982078853046595
GT39.hmm	223	Basme2finSC|Basme2finSC_13523	662	1.4e-68	14	223	2	228	0.9372197309417041
CE4.hmm	130	Basme2finSC|Basme2finSC_136161	211	1.1e-29	6	125	12	134	0.9153846153846154
AA7.hmm	458	Basme2finSC|Basme2finSC_136228	421	1.5e-91	14	458	2	421	0.9694323144104804
PL38.hmm	279	Basme2finSC|Basme2finSC_137785	322	4.1e-102	1	279	38	316	0.996415770609319
CE4.hmm	130	Basme2finSC|Basme2finSC_138375	204	2.2e-26	7	126	6	128	0.9153846153846154
PL38.hmm	279	Basme2finSC|Basme2finSC_139118	288	3e-102	1	279	4	282	0.996415770609319
AA11.hmm	191	Basme2finSC|Basme2finSC_139122	179	5.8e-37	12	163	39	173	0.7905759162303665
CE4.hmm	130	Basme2finSC|Basme2finSC_139339	202	1e-30	7	126	6	128	0.9153846153846154
AA11.hmm	191	Basme2finSC|Basme2finSC_139594	162	1.1e-40	1	163	2	156	0.8481675392670157
AA11.hmm	191	Basme2finSC|Basme2finSC_140138	175	8.2e-42	9	163	19	163	0.806282722513089
AA11.hmm	191	Basme2finSC|Basme2finSC_140280	162	2.3e-41	2	163	3	156	0.8429319371727748
AA11.hmm	191	Basme2finSC|Basme2finSC_140519	162	8.6e-39	1	163	2	156	0.8481675392670157
AA11.hmm	191	Basme2finSC|Basme2finSC_140750	142	1.6e-34	13	162	3	135	0.7801047120418848
GH32.hmm	293	Basme2finSC|Basme2finSC_141799	596	5.2e-64	1	284	15	359	0.9658703071672355
GH72.hmm	312	Basme2finSC|Basme2finSC_141880	443	1.2e-125	3	311	5	306	0.9871794871794872
CE4.hmm	130	Basme2finSC|Basme2finSC_142677	306	1.9e-31	8	126	53	176	0.9076923076923077
AA11.hmm	191	Basme2finSC|Basme2finSC_143344	175	1.1e-36	11	160	26	166	0.7801047120418848
PL14.hmm	200	Basme2finSC|Basme2finSC_143607	209	9e-48	6	193	3	208	0.935
AA11.hmm	191	Basme2finSC|Basme2finSC_143849	165	2.3e-45	11	146	12	145	0.7068062827225131
AA11.hmm	191	Basme2finSC|Basme2finSC_143958	170	8.1e-37	12	163	30	164	0.7905759162303665
CE4.hmm	130	Basme2finSC|Basme2finSC_144111	230	5.3e-28	7	126	56	188	0.9153846153846154
AA11.hmm	191	Basme2finSC|Basme2finSC_144605	163	5.4e-44	1	163	1	157	0.8481675392670157
AA11.hmm	191	Basme2finSC|Basme2finSC_144806	170	8.1e-37	12	163	30	164	0.7905759162303665
CE4.hmm	130	Basme2finSC|Basme2finSC_144848	222	4.7e-32	11	123	52	165	0.8615384615384616
GH18.hmm	296	Basme2finSC|Basme2finSC_145244	292	3.9e-55	28	211	8	266	0.6182432432432432
AA11.hmm	191	Basme2finSC|Basme2finSC_145586	170	8.1e-37	12	163	30	164	0.7905759162303665
CE4.hmm	130	Basme2finSC|Basme2finSC_145605	204	1.6e-27	7	126	7	129	0.9153846153846154
AA11.hmm	191	Basme2finSC|Basme2finSC_146143	162	3.1e-41	1	163	2	156	0.8481675392670157
CE4.hmm	130	Basme2finSC|Basme2finSC_146823	266	1.3e-28	8	125	53	183	0.9
PL14.hmm	200	Basme2finSC|Basme2finSC_147411	265	5e-54	4	194	56	265	0.95
AA11.hmm	191	Basme2finSC|Basme2finSC_147956	171	1.2e-36	12	163	31	165	0.7905759162303665
GH31.hmm	427	Basme2finSC|Basme2finSC_148432	839	6.1e-165	1	427	301	788	0.9976580796252927
AA11.hmm	191	Basme2finSC|Basme2finSC_149391	162	7.9e-40	1	163	2	156	0.8481675392670157
CBM5.hmm	40	Basme2finSC|Basme2finSC_152033	61	2.3e-16	2	40	15	55	0.95
AA11.hmm	191	Basme2finSC|Basme2finSC_154364	170	4.7e-37	12	163	30	164	0.7905759162303665
AA11.hmm	191	Basme2finSC|Basme2finSC_154765	166	6.4e-37	11	162	24	162	0.7905759162303665
AA11.hmm	191	Basme2finSC|Basme2finSC_157156	179	5.7e-36	12	163	39	173	0.7905759162303665
AA11.hmm	191	Basme2finSC|Basme2finSC_157239	171	1.2e-36	12	163	31	165	0.7905759162303665
CE4.hmm	130	Basme2finSC|Basme2finSC_157323	214	8.3e-34	6	124	16	135	0.9076923076923077
AA11.hmm	191	Basme2finSC|Basme2finSC_157363	165	2.5e-40	1	163	5	159	0.8481675392670157
AA11.hmm	191	Basme2finSC|Basme2finSC_159796	167	9.4e-41	1	163	5	161	0.8481675392670157
GT2_Chitin_synth_2.hmm	527	Basme2finSC|Basme2finSC_160618	877	1.4e-254	16	526	361	862	0.967741935483871
PL38.hmm	279	Basme2finSC|Basme2finSC_161058	329	3.8e-102	3	279	47	323	0.989247311827957
AA11.hmm	191	Basme2finSC|Basme2finSC_161077	163	2e-40	11	162	18	159	0.7905759162303665
CE4.hmm	130	Basme2finSC|Basme2finSC_161132	232	1.7e-30	10	122	61	174	0.8615384615384616
GH9.hmm	418	Basme2finSC|Basme2finSC_162588	275	4.3e-78	2	258	2	274	0.6124401913875598
AA7.hmm	458	Basme2finSC|Basme2finSC_163986	425	3.1e-72	15	219	2	206	0.44541484716157204
CE4.hmm	130	Basme2finSC|Basme2finSC_165718	197	1e-31	7	124	7	127	0.9
AA11.hmm	191	Basme2finSC|Basme2finSC_166756	133	4.1e-40	14	162	2	132	0.774869109947644
CBM5.hmm	40	Basme2finSC|Basme2finSC_170589	61	1.4e-16	2	40	15	55	0.95
GH16_19.hmm	174	Basme2finSC|Basme2finSC_175961	173	6.3e-50	24	173	2	149	0.8563218390804598
GH18.hmm	296	Basme2finSC|Basme2finSC_176417	250	1.2e-23	23	205	11	221	0.6148648648648649
CBM5.hmm	40	Basme2finSC|Basme2finSC_181714	61	2.3e-16	2	40	15	55	0.95
GH152.hmm	216	Basme2finSC|Basme2finSC_181728	217	1.1e-71	1	215	2	217	0.9907407407407407
PL14_5.hmm	210	Basme2finSC|Basme2finSC_182031	223	7.1e-55	9	209	22	223	0.9523809523809523
GH46.hmm	222	Basme2finSC|Basme2finSC_184078	139	9.7e-33	10	141	2	138	0.5900900900900901
PL14_5.hmm	210	Basme2finSC|Basme2finSC_185889	210	7.3e-56	2	198	14	210	0.9333333333333333
GH46.hmm	222	Basme2finSC|Basme2finSC_186128	137	8.5e-33	11	142	3	137	0.5900900900900901
PL14_5.hmm	210	Basme2finSC|Basme2finSC_186175	210	8.9e-58	2	198	15	210	0.9333333333333333
GH46.hmm	222	Basme2finSC|Basme2finSC_188332	137	8.5e-33	11	142	3	137	0.5900900900900901
CE4.hmm	130	Basme2finSC|Basme2finSC_188562	203	2.6e-30	7	125	7	128	0.9076923076923077
PL14_5.hmm	210	Basme2finSC|Basme2finSC_189141	185	5.4e-54	31	198	18	185	0.7952380952380952
GH46.hmm	222	Basme2finSC|Basme2finSC_190026	138	1.1e-33	11	142	3	138	0.5900900900900901
GH46.hmm	222	Basme2finSC|Basme2finSC_190609	138	1.1e-36	11	142	3	138	0.5900900900900901
GH46.hmm	222	Basme2finSC|Basme2finSC_192744	136	4e-33	13	142	3	136	0.581081081081081
GH46.hmm	222	Basme2finSC|Basme2finSC_193398	138	5.5e-33	11	142	3	138	0.5900900900900901
CE4.hmm	130	Basme2finSC|Basme2finSC_195520	256	2.9e-30	10	122	61	174	0.8615384615384616
GH46.hmm	222	Basme2finSC|Basme2finSC_195922	227	2.8e-34	13	221	1	207	0.9369369369369369
GH18.hmm	296	Basme2finSC|Basme2finSC_196747	482	5e-76	3	284	4	375	0.9493243243243243
CE4.hmm	130	Basme2finSC|Basme2finSC_196799	203	2.6e-30	7	125	7	128	0.9076923076923077
GH46.hmm	222	Basme2finSC|Basme2finSC_197093	133	2e-28	13	142	1	133	0.581081081081081
GH46.hmm	222	Basme2finSC|Basme2finSC_197532	138	1.6e-33	10	142	2	138	0.5945945945945946
CE4.hmm	130	Basme2finSC|Basme2finSC_198012	256	6e-32	10	123	61	175	0.8692307692307693
GT2_Chitin_synth_2.hmm	527	Basme2finSC|Basme2finSC_198428	794	1.7e-106	23	495	329	778	0.8956356736242884
CE4.hmm	130	Basme2finSC|Basme2finSC_198656	257	1.1e-31	9	123	60	175	0.8769230769230769
GH46.hmm	222	Basme2finSC|Basme2finSC_198716	135	1.5e-28	13	142	2	135	0.581081081081081
GH46.hmm	222	Basme2finSC|Basme2finSC_199041	133	1.1e-28	13	142	1	133	0.581081081081081
GT2_Chitin_synth_2.hmm	527	Basme2finSC|Basme2finSC_199113	911	1.7e-254	19	526	367	865	0.9620493358633776
CE4.hmm	130	Basme2finSC|Basme2finSC_200505	201	9.4e-33	8	126	4	125	0.9076923076923077
GH46.hmm	222	Basme2finSC|Basme2finSC_200861	229	2e-35	13	221	1	207	0.9369369369369369
PL14_5.hmm	210	Basme2finSC|Basme2finSC_200862	222	8.4e-54	3	192	26	217	0.9
GH37.hmm	491	Basme2finSC|Basme2finSC_201192	608	7.5e-145	2	491	37	589	0.9959266802443992
GH47.hmm	446	Basme2finSC|Basme2finSC_202091	543	4.1e-172	1	446	79	534	0.9977578475336323
GT49.hmm	337	Basme2finSC|Basme2finSC_203036	331	3e-48	48	331	11	299	0.8397626112759644
CE4.hmm	130	Basme2finSC|Basme2finSC_203944	271	5.1e-33	6	125	30	150	0.9153846153846154
AA11.hmm	191	Basme2finSC|Basme2finSC_204203	198	1.2e-33	11	159	22	162	0.774869109947644
GT3.hmm	637	Basme2finSC|Basme2finSC_204350	669	4.4e-299	1	624	14	631	0.978021978021978
GT20.hmm	475	Basme2finSC|Basme2finSC_204496	770	3.9e-201	11	475	13	477	0.9768421052631578
GH47.hmm	446	Basme2finSC|Basme2finSC_204582	483	8.3e-117	15	444	4	384	0.9618834080717489
GT20.hmm	475	Basme2finSC|Basme2finSC_204613	783	6.2e-164	21	474	51	505	0.9536842105263158
AA6.hmm	195	Basme2finSC|Basme2finSC_205270	207	4.4e-75	1	194	7	200	0.9897435897435898
CE4.hmm	130	Basme2finSC|Basme2finSC_207047	272	2.9e-33	6	125	36	156	0.9153846153846154
CE4.hmm	130	Basme2finSC|Basme2finSC_207207	235	9.1e-33	7	125	41	158	0.9076923076923077
CE4.hmm	130	Basme2finSC|Basme2finSC_207240	347	1.4e-31	10	122	84	197	0.8615384615384616
GT1.hmm	382	Basme2finSC|Basme2finSC_207378	756	8.8e-55	12	376	70	466	0.9528795811518325
GH18.hmm	296	Basme2finSC|Basme2finSC_207398	323	5.1e-58	3	211	23	297	0.7027027027027027
GH47.hmm	446	Basme2finSC|Basme2finSC_207776	509	1.3e-153	2	446	62	507	0.9955156950672646
GH18.hmm	296	Basme2finSC|Basme2finSC_208252	311	1.5e-27	3	223	28	284	0.7432432432432432
GH5_9.hmm	303	Basme2finSC|Basme2finSC_208588	409	5.4e-101	2	303	78	382	0.9933993399339934
GH18.hmm	296	Basme2finSC|Basme2finSC_208696	326	5.4e-58	3	211	27	300	0.7027027027027027
GH37.hmm	491	Basme2finSC|Basme2finSC_208700	620	7.5e-144	1	490	51	605	0.9959266802443992
CE4.hmm	130	Basme2finSC|Basme2finSC_209175	235	1.7e-32	8	125	42	158	0.9
CE4.hmm	130	Basme2finSC|Basme2finSC_209325	171	6.6e-28	9	126	11	141	0.9
CE4.hmm	130	Basme2finSC|Basme2finSC_209337	243	2.3e-28	8	126	8	139	0.9076923076923077
CE4.hmm	130	Basme2finSC|Basme2finSC_209392	393	1.2e-26	8	126	158	289	0.9076923076923077
CE4.hmm	130	Basme2finSC|Basme2finSC_209400	245	7.6e-27	9	126	11	141	0.9
AA11.hmm	191	Basme2finSC|Basme2finSC_209738	186	9.2e-44	12	163	43	180	0.7905759162303665
GH31.hmm	427	Basme2finSC|Basme2finSC_209753	806	2.6e-154	3	427	199	682	0.9929742388758782
GH18.hmm	296	Basme2finSC|Basme2finSC_209805	311	6.1e-24	4	198	29	269	0.6554054054054054
GT2_Chitin_synth_2.hmm	527	Basme2finSC|Basme2finSC_209876	1857	6.4e-238	3	527	1162	1668	0.9943074003795066
GT1.hmm	382	Basme2finSC|Basme2finSC_209962	305	1.3e-23	198	360	18	215	0.42408376963350786
GH13_8.hmm	293	Basme2finSC|Basme2finSC_210317	701	6e-153	1	293	250	543	0.9965870307167235
GT2_Chitin_synth_2.hmm	527	Basme2finSC|Basme2finSC_210639	954	9e-256	17	526	375	875	0.9658444022770398
GH16_4.hmm	316	Basme2finSC|Basme2finSC_210805	303	1.5e-108	21	316	9	303	0.9335443037974683
GT3.hmm	637	Basme2finSC|Basme2finSC_210812	669	4.1e-301	1	624	14	631	0.978021978021978
GT20.hmm	475	Basme2finSC|Basme2finSC_211498	727	2.6e-166	45	474	4	443	0.9031578947368422
AA4.hmm	522	Basme2finSC|Basme2finSC_213055	546	1.7e-19	18	203	63	251	0.3544061302681992
CE4.hmm	130	Basme2finSC|Basme2finSC_213668	312	1.8e-33	7	125	113	234	0.9076923076923077
AA11.hmm	191	Basme2finSC|Basme2finSC_213751	307	2.1e-46	1	163	22	179	0.8481675392670157
CE4.hmm	130	Basme2finSC|Basme2finSC_214275	355	2.9e-29	8	126	35	156	0.9076923076923077
GH18.hmm	296	Basme2finSC|Basme2finSC_214289	326	2.8e-57	3	211	27	300	0.7027027027027027
GH18.hmm	296	Basme2finSC|Basme2finSC_214313	326	2.6e-57	3	211	27	300	0.7027027027027027
GT2_Chitin_synth_2.hmm	527	Basme2finSC|Basme2finSC_214880	566	3.7e-283	20	527	1	506	0.9620493358633776
GH152.hmm	216	Basme2finSC|Basme2finSC_216346	259	1e-72	1	215	38	259	0.9907407407407407
GH152.hmm	216	Basme2finSC|Basme2finSC_216421	147	1.8e-49	74	215	3	147	0.6527777777777778
GH18.hmm	296	Basme2finSC|Basme2finSC_216538	493	1.5e-22	22	238	27	282	0.7297297297297297
AA2.hmm	255	Basme2finSC|Basme2finSC_216947	280	6.7e-53	5	254	12	264	0.9764705882352941
GT1.hmm	382	Basme2finSC|Basme2finSC_217039	310	2.3e-26	192	352	25	215	0.418848167539267
GT2_Chitin_synth_1.hmm	163	Basme2finSC|Basme2finSC_217124	843	1.9e-76	1	163	170	333	0.9938650306748467
GT2_Chitin_synth_2.hmm	527	Basme2finSC|Basme2finSC_217490	1069	2.7e-284	13	526	485	996	0.9734345351043643
GT2_Chitin_synth_2.hmm	527	Basme2finSC|Basme2finSC_217906	1055	1.8e-281	13	525	485	996	0.9715370018975332
AA7.hmm	458	Basme2finSC|Basme2finSC_219396	506	2.6e-77	6	455	72	489	0.980349344978166
GT8.hmm	257	Basme2finSC|Basme2finSC_219921	285	3.8e-51	30	254	8	258	0.8715953307392996
GT20.hmm	475	Basme2finSC|Basme2finSC_220088	770	8.5e-202	11	475	13	477	0.9768421052631578
GH24.hmm	137	Basme2finSC|Basme2finSC_220514	233	2e-41	2	137	86	223	0.9854014598540146
GH18.hmm	296	Basme2finSC|Basme2finSC_220573	326	6.2e-57	3	211	27	300	0.7027027027027027
GT20.hmm	475	Basme2finSC|Basme2finSC_221227	724	3e-159	44	474	3	443	0.9052631578947369
GH152.hmm	216	Basme2finSC|Basme2finSC_221997	259	2.3e-73	1	215	38	259	0.9907407407407407
GT2_Chitin_synth_2.hmm	527	Basme2finSC|Basme2finSC_223771	1112	6.7e-284	13	527	525	1037	0.9753320683111955
AA11.hmm	191	Basme2finSC|Basme2finSC_224181	289	2.5e-40	1	163	10	166	0.8481675392670157
GH18.hmm	296	Basme2finSC|Basme2finSC_224355	331	1.7e-59	3	211	31	305	0.7027027027027027
GT2_Chitin_synth_2.hmm	527	Basme2finSC|Basme2finSC_226300	929	3.6e-254	19	526	350	849	0.9620493358633776
GT2_Glyco_tranf_2_3.hmm	230	Basme2finSC|Basme2finSC_226431	476	7.5e-32	3	230	52	285	0.9869565217391304
PL38.hmm	279	Basme2finSC|Basme2finSC_227376	436	1.2e-103	1	279	72	350	0.996415770609319
GT21.hmm	233	Basme2finSC|Basme2finSC_227502	505	1.5e-94	2	233	44	274	0.9914163090128756
GT49.hmm	337	Basme2finSC|Basme2finSC_227591	336	1.5e-46	47	327	10	298	0.8308605341246291
GT2_Chitin_synth_1.hmm	163	Basme2finSC|Basme2finSC_227759	747	2.2e-73	1	163	79	242	0.9938650306748467
CE1.hmm	227	Basme2finSC|Basme2finSC_229722	286	4.1e-51	1	225	25	282	0.986784140969163
CE4.hmm	130	Basme2finSC|Basme2finSC_229795	285	4e-27	8	125	37	155	0.9
CE4.hmm	130	Basme2finSC|Basme2finSC_229822	161	2.3e-32	6	124	35	156	0.9076923076923077
GH152.hmm	216	Basme2finSC|Basme2finSC_230595	259	6.7e-74	1	215	38	259	0.9907407407407407
AA11.hmm	191	Basme2finSC|Basme2finSC_230891	210	2.2e-35	11	182	39	197	0.8952879581151832
GH20.hmm	337	Basme2finSC|Basme2finSC_231077	571	1.4e-94	7	336	172	514	0.9762611275964391
AA6.hmm	195	Basme2finSC|Basme2finSC_231375	131	8.5e-49	69	194	1	124	0.6410256410256411
GH18.hmm	296	Basme2finSC|Basme2finSC_231699	311	6.1e-24	4	198	29	269	0.6554054054054054
AA11.hmm	191	Basme2finSC|Basme2finSC_232620	213	9.3e-36	12	170	46	187	0.8272251308900523
GH20.hmm	337	Basme2finSC|Basme2finSC_233929	491	1.8e-93	2	336	91	435	0.9910979228486647
CE4.hmm	130	Basme2finSC|Basme2finSC_234303	306	7e-30	8	124	25	144	0.8923076923076924
GT57.hmm	481	Basme2finSC|Basme2finSC_235031	491	2.8e-148	3	480	35	475	0.9916839916839917
GH18.hmm	296	Basme2finSC|Basme2finSC_236233	526	3e-75	3	284	28	412	0.9493243243243243
GH18.hmm	296	Basme2finSC|Basme2finSC_236265	526	4.6e-75	3	284	28	412	0.9493243243243243
CE4.hmm	130	Basme2finSC|Basme2finSC_236579	331	2.6e-31	7	126	33	155	0.9153846153846154
GT59.hmm	404	Basme2finSC|Basme2finSC_236820	480	2.8e-120	2	404	25	432	0.995049504950495
GH46.hmm	222	Basme2finSC|Basme2finSC_236860	269	3.4e-40	14	221	3	208	0.9324324324324325
GH16_19.hmm	174	Basme2finSC|Basme2finSC_237226	358	4.8e-52	22	174	122	273	0.8735632183908046
GT48.hmm	739	Basme2finSC|Basme2finSC_237304	1710	1.3e-289	6	727	698	1467	0.9756427604871448
GH9.hmm	418	Basme2finSC|Basme2finSC_237809	534	3.2e-111	2	418	91	527	0.9952153110047847
GH18.hmm	296	Basme2finSC|Basme2finSC_238587	330	7.4e-57	3	211	28	304	0.7027027027027027
GH24.hmm	137	Basme2finSC|Basme2finSC_239213	148	7.3e-27	3	137	2	138	0.9781021897810219
PL14_5.hmm	210	Basme2finSC|Basme2finSC_239879	252	9.1e-58	2	210	33	241	0.9904761904761905
GH72.hmm	312	Basme2finSC|Basme2finSC_239885	515	1.1e-127	3	311	20	322	0.9871794871794872
CBM43.hmm	83	Basme2finSC|Basme2finSC_239885	515	5.4e-17	2	77	373	453	0.9036144578313253
GT34.hmm	246	Basme2finSC|Basme2finSC_240524	219	2.5e-48	22	241	9	196	0.8902439024390244
GH46.hmm	222	Basme2finSC|Basme2finSC_240716	292	4.6e-46	8	222	3	219	0.963963963963964
GT20.hmm	475	Basme2finSC|Basme2finSC_241037	784	3.4e-169	22	474	51	508	0.9515789473684211
GH25.hmm	177	Basme2finSC|Basme2finSC_241209	227	4.9e-55	1	176	22	208	0.9887005649717514
GT39.hmm	223	Basme2finSC|Basme2finSC_241424	727	1.4e-71	2	223	54	294	0.9910313901345291
GT2_Chitin_synth_2.hmm	527	Basme2finSC|Basme2finSC_241521	999	2.4e-284	13	527	423	936	0.9753320683111955
GH20.hmm	337	Basme2finSC|Basme2finSC_241899	482	3.9e-92	8	336	86	425	0.973293768545994
GH20.hmm	337	Basme2finSC|Basme2finSC_242670	543	4.8e-91	8	336	160	496	0.973293768545994
GT20.hmm	475	Basme2finSC|Basme2finSC_243118	727	2.6e-166	45	474	4	443	0.9031578947368422
GT2_Chitin_synth_2.hmm	527	Basme2finSC|Basme2finSC_24397	1099	1.6e-287	13	527	526	1039	0.9753320683111955
GT2_Chitin_synth_2.hmm	527	Basme2finSC|Basme2finSC_245835	885	4.3e-249	18	526	367	866	0.9639468690702088
CE4.hmm	130	Basme2finSC|Basme2finSC_246986	197	2.9e-28	8	121	83	197	0.8692307692307693
CE4.hmm	130	Basme2finSC|Basme2finSC_247484	282	9.9e-34	7	124	85	203	0.9
GH5_9.hmm	303	Basme2finSC|Basme2finSC_249718	410	2.6e-100	1	303	78	383	0.9966996699669967
GT2_Chitin_synth_2.hmm	527	Basme2finSC|Basme2finSC_250389	755	8.6e-107	23	497	285	736	0.8994307400379506
CE4.hmm	130	Basme2finSC|Basme2finSC_251492	397	1.1e-27	8	122	115	230	0.8769230769230769
GH31.hmm	427	Basme2finSC|Basme2finSC_252011	942	8.7e-161	2	427	353	797	0.9953161592505855
GH31.hmm	427	Basme2finSC|Basme2finSC_252149	900	2.3e-157	2	427	240	771	0.9953161592505855
GH13_8.hmm	293	Basme2finSC|Basme2finSC_254263	699	7e-154	1	293	248	541	0.9965870307167235
GT1.hmm	382	Basme2finSC|Basme2finSC_255793	395	1.1e-25	101	360	28	340	0.6780104712041884
GT5.hmm	472	Basme2finSC|Basme2finSC_256522	606	5e-55	2	461	41	585	0.972457627118644
CE4.hmm	130	Basme2finSC|Basme2finSC_257887	365	1.8e-33	7	125	166	287	0.9076923076923077
AA11.hmm	191	Basme2finSC|Basme2finSC_257904	314	2e-46	1	163	22	179	0.8481675392670157
GT39.hmm	223	Basme2finSC|Basme2finSC_259531	745	3.6e-72	2	223	55	295	0.9910313901345291
GH47.hmm	446	Basme2finSC|Basme2finSC_260128	554	7.5e-122	3	445	110	550	0.9910313901345291
GH16_19.hmm	174	Basme2finSC|Basme2finSC_260187	389	1.2e-48	22	172	133	282	0.8620689655172413
GT24.hmm	248	Basme2finSC|Basme2finSC_262848	1520	4.8e-134	1	248	1221	1468	0.9959677419354839
GT39.hmm	223	Basme2finSC|Basme2finSC_263358	724	4.4e-67	2	223	53	291	0.9910313901345291
AA6.hmm	195	Basme2finSC|Basme2finSC_263463	279	4.6e-82	1	195	7	201	0.9948717948717949
GH17.hmm	311	Basme2finSC|Basme2finSC_263717	286	9.7e-29	15	306	17	264	0.9356913183279743
GT2_Chitin_synth_2.hmm	527	Basme2finSC|Basme2finSC_264324	613	7.4e-217	29	526	1	486	0.9430740037950665
GT2_Chitin_synth_2.hmm	527	Basme2finSC|Basme2finSC_265193	1887	1.6e-247	2	527	1175	1681	0.9962049335863378
GH81.hmm	622	Basme2finSC|Basme2finSC_265402	562	1.9e-142	89	622	9	554	0.8569131832797428
GH47.hmm	446	Basme2finSC|Basme2finSC_265864	466	1.7e-164	1	446	16	463	0.9977578475336323
GH38.hmm	269	Basme2finSC|Basme2finSC_269045	1041	1.3e-89	2	263	253	513	0.9702602230483272
GT2_Chitin_synth_2.hmm	527	Basme2finSC|Basme2finSC_269944	937	2.7e-284	13	527	418	930	0.9753320683111955
CE4.hmm	130	Basme2finSC|Basme2finSC_270856	363	6.1e-34	6	125	163	285	0.9153846153846154
GT50.hmm	262	Basme2finSC|Basme2finSC_273919	419	7e-97	1	262	128	397	0.9961832061068703
GH15.hmm	361	Basme2finSC|Basme2finSC_274315	653	5.5e-82	2	360	265	642	0.9916897506925207
GH8.hmm	320	Basme2finSC|Basme2finSC_274393	355	9.5e-65	2	318	7	346	0.9875
CE4.hmm	130	Basme2finSC|Basme2finSC_274525	232	4.5e-32	7	126	34	156	0.9153846153846154
GH5_12.hmm	539	Basme2finSC|Basme2finSC_274903	703	3.3e-216	1	539	14	541	0.9981447124304267
GT22.hmm	389	Basme2finSC|Basme2finSC_275165	486	2.1e-93	2	389	8	388	0.9948586118251928
GT39.hmm	223	Basme2finSC|Basme2finSC_275186	757	1.4e-71	2	223	54	295	0.9910313901345291
AA6.hmm	195	Basme2finSC|Basme2finSC_275559	207	3.4e-75	1	194	7	200	0.9897435897435898
AA6.hmm	195	Basme2finSC|Basme2finSC_275561	207	3.4e-75	1	194	7	200	0.9897435897435898
CE4.hmm	130	Basme2finSC|Basme2finSC_276846	335	4.6e-31	11	125	101	218	0.8769230769230769
GT4.hmm	160	Basme2finSC|Basme2finSC_277111	452	1.7e-33	8	154	218	391	0.9125
PL14.hmm	200	Basme2finSC|Basme2finSC_277672	294	6.3e-62	4	198	82	290	0.97
PL14.hmm	200	Basme2finSC|Basme2finSC_277676	279	4e-61	3	197	67	274	0.97
GH72.hmm	312	Basme2finSC|Basme2finSC_278264	718	5.9e-126	2	311	19	322	0.9903846153846154
CBM43.hmm	83	Basme2finSC|Basme2finSC_278264	718	1.6e-18	2	76	375	454	0.891566265060241
AA3.hmm	618	Basme2finSC|Basme2finSC_278510	637	5e-53	75	401	106	629	0.5275080906148867
GH16_4.hmm	316	Basme2finSC|Basme2finSC_278684	356	1.9e-121	1	316	36	354	0.9968354430379747
GT8.hmm	257	Basme2finSC|Basme2finSC_278747	289	4.5e-50	30	254	9	262	0.8715953307392996
GH20.hmm	337	Basme2finSC|Basme2finSC_279099	535	7.8e-99	7	336	150	488	0.9762611275964391
CE4.hmm	130	Basme2finSC|Basme2finSC_279494	254	8.3e-24	6	126	50	181	0.9230769230769231
GT21.hmm	233	Basme2finSC|Basme2finSC_279503	483	3e-91	2	233	79	309	0.9914163090128756
GT22.hmm	389	Basme2finSC|Basme2finSC_279646	632	3.3e-91	3	389	54	505	0.9922879177377892
GH152.hmm	216	Basme2finSC|Basme2finSC_279716	255	1.9e-72	1	215	34	255	0.9907407407407407
GT2_Glycos_transf_2.hmm	170	Basme2finSC|Basme2finSC_280050	317	3e-30	1	169	62	242	0.9882352941176471
CE4.hmm	130	Basme2finSC|Basme2finSC_280215	358	6.1e-34	7	125	159	280	0.9076923076923077
CE4.hmm	130	Basme2finSC|Basme2finSC_280223	366	2.2e-33	7	125	167	288	0.9076923076923077
GT2_Chitin_synth_1.hmm	163	Basme2finSC|Basme2finSC_282155	837	4.1e-74	1	163	157	324	0.9938650306748467
GT2_Chitin_synth_2.hmm	527	Basme2finSC|Basme2finSC_282155	837	2.6e-25	203	408	301	513	0.3889943074003795
GT76.hmm	407	Basme2finSC|Basme2finSC_282979	509	4.7e-116	4	407	52	509	0.9901719901719902
GT2_Chitin_synth_2.hmm	527	Basme2finSC|Basme2finSC_283022	979	5.6e-235	16	526	223	721	0.967741935483871
GH37.hmm	491	Basme2finSC|Basme2finSC_283305	588	2.9e-152	1	489	37	572	0.9938900203665988
GT2_Glyco_tranf_2_3.hmm	230	Basme2finSC|Basme2finSC_283998	466	2.5e-33	2	230	51	285	0.991304347826087
GT8.hmm	257	Basme2finSC|Basme2finSC_284275	299	6.3e-48	30	253	3	213	0.867704280155642
GH63.hmm	570	Basme2finSC|Basme2finSC_285849	805	6.9e-35	319	567	589	803	0.43508771929824563
AA7.hmm	458	Basme2finSC|Basme2finSC_287869	477	1.1e-84	4	213	42	254	0.45633187772925765
GT4.hmm	160	Basme2finSC|Basme2finSC_288088	435	3.6e-31	7	150	194	335	0.89375
GH37.hmm	491	Basme2finSC|Basme2finSC_288474	714	2.3e-146	2	489	133	681	0.9918533604887984
GT1.hmm	382	Basme2finSC|Basme2finSC_290252	918	9.1e-62	4	377	448	858	0.9764397905759162
GT39.hmm	223	Basme2finSC|Basme2finSC_290508	728	7.3e-70	2	223	57	295	0.9910313901345291
GT34.hmm	246	Basme2finSC|Basme2finSC_290783	242	5.6e-54	4	242	17	220	0.967479674796748
GH20.hmm	337	Basme2finSC|Basme2finSC_291024	486	5.7e-93	8	336	88	429	0.973293768545994
GT2_Chitin_synth_2.hmm	527	Basme2finSC|Basme2finSC_291158	1112	7.6e-285	13	526	540	1051	0.9734345351043643
GH18.hmm	296	Basme2finSC|Basme2finSC_291641	526	3.4e-76	3	284	28	412	0.9493243243243243
GT2_Chitin_synth_2.hmm	527	Basme2finSC|Basme2finSC_292160	523	2.2e-127	7	496	10	492	0.9278937381404174
GH152.hmm	216	Basme2finSC|Basme2finSC_294133	255	3.9e-71	1	215	34	255	0.9907407407407407
GH16_4.hmm	316	Basme2finSC|Basme2finSC_294395	356	1.9e-121	1	316	36	354	0.9968354430379747
GH18.hmm	296	Basme2finSC|Basme2finSC_294982	324	2.8e-20	48	279	67	320	0.7804054054054054
CE9.hmm	373	Basme2finSC|Basme2finSC_295268	400	7.4e-123	1	373	10	394	0.9973190348525469
CE4.hmm	130	Basme2finSC|Basme2finSC_295339	234	1.8e-33	8	125	43	159	0.9
CE4.hmm	130	Basme2finSC|Basme2finSC_296121	368	1.3e-31	7	126	33	155	0.9153846153846154
GT2_Glyco_tranf_2_3.hmm	230	Basme2finSC|Basme2finSC_296985	456	1.2e-28	3	230	52	285	0.9869565217391304
AA7.hmm	458	Basme2finSC|Basme2finSC_297265	444	5.4e-46	20	191	58	219	0.37336244541484714
GH18.hmm	296	Basme2finSC|Basme2finSC_297611	471	2.5e-72	3	284	24	382	0.9493243243243243
GH16_19.hmm	174	Basme2finSC|Basme2finSC_297820	389	4.3e-51	20	174	141	294	0.8850574712643678
AA11.hmm	191	Basme2finSC|Basme2finSC_298154	325	6e-45	1	162	21	177	0.8429319371727748
CE4.hmm	130	Basme2finSC|Basme2finSC_298281	507	1.5e-26	9	126	266	396	0.9
PL38.hmm	279	Basme2finSC|Basme2finSC_298396	391	1.5e-95	4	279	63	338	0.985663082437276
GT1.hmm	382	Basme2finSC|Basme2finSC_298475	551	2.5e-21	197	355	257	456	0.41361256544502617
GT2_Glyco_tranf_2_3.hmm	230	Basme2finSC|Basme2finSC_298565	455	1.8e-31	2	230	51	285	0.991304347826087
GH20.hmm	337	Basme2finSC|Basme2finSC_299059	511	1.8e-73	8	336	161	464	0.973293768545994
GH18.hmm	296	Basme2finSC|Basme2finSC_299177	323	4e-23	55	279	88	319	0.7567567567567568
GH152.hmm	216	Basme2finSC|Basme2finSC_299386	259	3.7e-75	1	215	39	259	0.9907407407407407
AA1.hmm	943	Basme2finSC|Basme2finSC_299409	546	7.6e-70	452	794	29	384	0.36267232237539765
GH129.hmm	618	Basme2finSC|Basme2finSC_299730	783	3.7e-32	276	599	393	747	0.5226537216828478
CE4.hmm	130	Basme2finSC|Basme2finSC_299736	339	1.9e-28	7	110	152	257	0.7923076923076923
CE4.hmm	130	Basme2finSC|Basme2finSC_299741	365	2.2e-33	7	125	166	287	0.9076923076923077
CE4.hmm	130	Basme2finSC|Basme2finSC_299956	321	3.9e-29	7	125	32	158	0.9076923076923077
GH16_19.hmm	174	Basme2finSC|Basme2finSC_300137	247	4.9e-51	22	174	71	222	0.8735632183908046
GH16_19.hmm	174	Basme2finSC|Basme2finSC_300280	381	6e-51	20	174	131	284	0.8850574712643678
CBM9.hmm	182	Basme2finSC|Basme2finSC_300375	388	5.1e-23	1	135	42	207	0.7362637362637363
GH16_23.hmm	192	Basme2finSC|Basme2finSC_300508	318	1.4e-55	5	188	81	257	0.953125
CBM9.hmm	182	Basme2finSC|Basme2finSC_300648	353	1.1e-17	1	180	43	259	0.9835164835164835
GH16_19.hmm	174	Basme2finSC|Basme2finSC_300901	395	6.5e-44	22	173	130	288	0.867816091954023
AA7.hmm	458	Basme2finSC|Basme2finSC_301143	482	6.2e-93	6	458	52	479	0.9868995633187773
GH32.hmm	293	Basme2finSC|Basme2finSC_301813	585	2.2e-74	1	287	38	375	0.9761092150170648
CE4.hmm	130	Basme2finSC|Basme2finSC_302119	369	7.2e-32	7	125	34	155	0.9076923076923077
CE16.hmm	267	Basme2finSC|Basme2finSC_302190	279	2.3e-19	1	266	16	274	0.9925093632958801
CBM9.hmm	182	Basme2finSC|Basme2finSC_302319	404	3.7e-21	1	146	49	236	0.7967032967032966
CBM9.hmm	182	Basme2finSC|Basme2finSC_302656	389	3e-16	2	87	45	135	0.46703296703296704
GT34.hmm	246	Basme2finSC|Basme2finSC_303137	294	9e-48	4	242	71	273	0.967479674796748
GT10.hmm	347	Basme2finSC|Basme2finSC_303328	418	1.3e-68	35	331	3	309	0.8530259365994236
AA7.hmm	458	Basme2finSC|Basme2finSC_303476	482	6.2e-93	6	458	52	479	0.9868995633187773
AA11.hmm	191	Basme2finSC|Basme2finSC_304060	202	6.1e-39	12	163	23	160	0.7905759162303665
AA11.hmm	191	Basme2finSC|Basme2finSC_304119	274	2.5e-39	11	163	37	177	0.7958115183246073
GT69.hmm	239	Basme2finSC|Basme2finSC_304522	406	4.9e-74	1	238	105	336	0.9916317991631799
GT69.hmm	239	Basme2finSC|Basme2finSC_304523	475	2.8e-74	1	238	105	336	0.9916317991631799
CE16.hmm	267	Basme2finSC|Basme2finSC_304612	288	4.3e-25	2	261	24	268	0.9700374531835206
AA7.hmm	458	Basme2finSC|Basme2finSC_305213	503	2.7e-79	6	455	69	486	0.980349344978166
GT34.hmm	246	Basme2finSC|Basme2finSC_305473	274	6.8e-42	3	241	35	245	0.967479674796748
AA11.hmm	191	Basme2finSC|Basme2finSC_305715	208	7.8e-38	13	168	43	182	0.8115183246073299
GH16_19.hmm	174	Basme2finSC|Basme2finSC_305939	211	9.5e-21	21	94	128	207	0.41954022988505746
GH16_19.hmm	174	Basme2finSC|Basme2finSC_306371	242	1.9e-31	22	174	70	215	0.8735632183908046
GH18.hmm	296	Basme2finSC|Basme2finSC_308043	403	3.5e-70	3	284	31	394	0.9493243243243243
GT34.hmm	246	Basme2finSC|Basme2finSC_308117	262	4e-42	7	241	46	247	0.9512195121951219
CE4.hmm	130	Basme2finSC|Basme2finSC_308355	363	6.1e-34	6	125	163	285	0.9153846153846154
GH18.hmm	296	Basme2finSC|Basme2finSC_309178	324	2.2e-20	48	279	67	320	0.7804054054054054
GH46.hmm	222	Basme2finSC|Basme2finSC_309915	319	1.8e-44	7	217	71	283	0.9459459459459459
GT2_Chitin_synth_2.hmm	527	Basme2finSC|Basme2finSC_310029	1416	1.3e-236	3	527	698	1204	0.9943074003795066
GH16_2.hmm	326	Basme2finSC|Basme2finSC_310271	507	8.9e-135	1	326	126	448	0.9969325153374233
GT35.hmm	674	Basme2finSC|Basme2finSC_310298	862	1e-282	2	674	142	857	0.9970326409495549
GH17.hmm	311	Basme2finSC|Basme2finSC_310589	331	3.2e-31	14	306	72	322	0.9389067524115756
AA11.hmm	191	Basme2finSC|Basme2finSC_310658	284	2.5e-42	12	163	19	154	0.7905759162303665
AA11.hmm	191	Basme2finSC|Basme2finSC_310915	210	6.6e-35	24	174	47	183	0.7853403141361257
AA6.hmm	195	Basme2finSC|Basme2finSC_311242	188	1.2e-37	1	98	7	106	0.49743589743589745
AA6.hmm	195	Basme2finSC|Basme2finSC_311242	188	1.3e-20	119	194	106	179	0.38461538461538464
AA6.hmm	195	Basme2finSC|Basme2finSC_311243	207	6.6e-75	1	194	7	200	0.9897435897435898
GT2_Chitin_synth_1.hmm	163	Basme2finSC|Basme2finSC_311343	847	2.6e-72	1	163	176	339	0.9938650306748467
CE4.hmm	130	Basme2finSC|Basme2finSC_311614	347	1.1e-32	7	124	90	208	0.9
GT57.hmm	481	Basme2finSC|Basme2finSC_311675	513	4.1e-163	4	480	20	500	0.9896049896049897
GT2_Glycos_transf_2.hmm	170	Basme2finSC|Basme2finSC_311774	272	6.6e-32	1	166	16	185	0.9705882352941176
CE4.hmm	130	Basme2finSC|Basme2finSC_311791	368	1.4e-31	10	123	88	202	0.8692307692307693
GH16_2.hmm	326	Basme2finSC|Basme2finSC_311826	511	2.2e-133	1	326	128	452	0.9969325153374233
GT4.hmm	160	Basme2finSC|Basme2finSC_311926	650	1.8e-34	7	159	428	598	0.95
GT2_Chitin_synth_2.hmm	527	Basme2finSC|Basme2finSC_312084	1874	4e-237	3	526	1150	1655	0.9924098671726755
AA2.hmm	255	Basme2finSC|Basme2finSC_312221	370	1.9e-64	4	253	102	353	0.9764705882352941
AA11.hmm	191	Basme2finSC|Basme2finSC_312233	320	5.8e-45	1	162	22	178	0.8429319371727748
CE4.hmm	130	Basme2finSC|Basme2finSC_312335	436	1.4e-28	6	126	200	333	0.9230769230769231
GH17.hmm	311	Basme2finSC|Basme2finSC_312619	402	3.6e-31	14	306	145	393	0.9389067524115756
GH5_9.hmm	303	Basme2finSC|Basme2finSC_312762	481	2e-110	1	303	133	449	0.9966996699669967
GT1.hmm	382	Basme2finSC|Basme2finSC_313156	519	3.4e-25	97	376	116	507	0.7303664921465969
AA11.hmm	191	Basme2finSC|Basme2finSC_313382	312	1.8e-41	11	166	41	181	0.8115183246073299
GT2_Glyco_tranf_2_3.hmm	230	Basme2finSC|Basme2finSC_313397	469	2.6e-31	2	230	51	285	0.991304347826087
GT58.hmm	364	Basme2finSC|Basme2finSC_313468	413	1.1e-144	4	364	25	381	0.989010989010989
CE4.hmm	130	Basme2finSC|Basme2finSC_313679	338	3.8e-29	8	123	83	199	0.8846153846153846
CE4.hmm	130	Basme2finSC|Basme2finSC_314106	374	2.4e-31	8	123	83	199	0.8846153846153846
GT35.hmm	674	Basme2finSC|Basme2finSC_314221	862	6.9e-282	2	674	142	857	0.9970326409495549
AA2.hmm	255	Basme2finSC|Basme2finSC_314355	276	3.9e-52	4	254	11	264	0.9803921568627451
CE9.hmm	373	Basme2finSC|Basme2finSC_314536	404	2e-119	2	373	11	397	0.9946380697050938
GT2_Glycos_transf_2.hmm	170	Basme2finSC|Basme2finSC_314682	272	2.1e-32	1	167	16	186	0.9764705882352941
PL6_2.hmm	356	Basme2finSC|Basme2finSC_314776	480	2.6e-83	3	355	45	394	0.9887640449438202
GT2_Chitin_synth_1.hmm	163	Basme2finSC|Basme2finSC_315130	802	4.7e-75	1	163	132	295	0.9938650306748467
CBM21.hmm	107	Basme2finSC|Basme2finSC_315426	502	1.4e-30	3	107	175	287	0.9719626168224299
AA6.hmm	195	Basme2finSC|Basme2finSC_315476	239	9.2e-78	1	193	8	200	0.9846153846153847
GH46.hmm	222	Basme2finSC|Basme2finSC_315570	306	2.7e-48	4	222	66	284	0.9819819819819819
CE9.hmm	373	Basme2finSC|Basme2finSC_315720	402	4e-125	1	373	12	396	0.9973190348525469
CBM21.hmm	107	Basme2finSC|Basme2finSC_315721	392	6e-28	3	107	118	230	0.9719626168224299
GT2_Chitin_synth_2.hmm	527	Basme2finSC|Basme2finSC_316151	810	4.1e-84	181	518	432	769	0.6394686907020873
GT2_Chitin_synth_1.hmm	163	Basme2finSC|Basme2finSC_316338	822	4e-72	1	163	152	315	0.9938650306748467
GT2_Chitin_synth_2.hmm	527	Basme2finSC|Basme2finSC_316616	779	6.8e-83	183	514	409	740	0.6280834914611005
GH24.hmm	137	Basme2finSC|Basme2finSC_316830	163	2.8e-35	2	137	4	151	0.9854014598540146
AA7.hmm	458	Basme2finSC|Basme2finSC_316833	463	2e-20	5	207	14	229	0.4410480349344978
GH5_9.hmm	303	Basme2finSC|Basme2finSC_316974	503	2.9e-111	1	303	154	470	0.9966996699669967
GH8.hmm	320	Basme2finSC|Basme2finSC_316999	355	4.2e-60	2	318	7	346	0.9875
AA2.hmm	255	Basme2finSC|Basme2finSC_317193	369	9.7e-62	5	253	102	352	0.9725490196078431
CBM21.hmm	107	Basme2finSC|Basme2finSC_317304	508	3.3e-30	3	107	200	312	0.9719626168224299
PL14.hmm	200	Basme2finSC|Basme2finSC_317314	309	8.2e-16	34	178	69	231	0.72
CE4.hmm	130	Basme2finSC|Basme2finSC_317354	383	1.4e-28	8	126	148	279	0.9076923076923077
CE4.hmm	130	Basme2finSC|Basme2finSC_317355	344	7.3e-26	9	126	110	240	0.9
AA3_2.hmm	568	Basme2finSC|Basme2finSC_317474	595	1.4e-102	1	566	25	592	0.9947183098591549
GH20.hmm	337	Basme2finSC|Basme2finSC_317527	648	4.9e-36	9	336	83	408	0.9703264094955489
CE4.hmm	130	Basme2finSC|Basme2finSC_317854	349	1.9e-27	9	126	115	245	0.9
AA6.hmm	195	Basme2finSC|Basme2finSC_318161	207	6.2e-77	1	194	7	200	0.9897435897435898
CE4.hmm	130	Basme2finSC|Basme2finSC_318350	391	1.6e-28	8	126	156	287	0.9076923076923077
GH16_2.hmm	326	Basme2finSC|Basme2finSC_318632	460	5.5e-147	1	326	82	404	0.9969325153374233
GT48.hmm	739	Basme2finSC|Basme2finSC_318659	1892	3.3e-291	2	727	876	1646	0.9810554803788903
AA11.hmm	191	Basme2finSC|Basme2finSC_318664	319	1.8e-41	1	163	23	179	0.8481675392670157
GT109.hmm	411	Basme2finSC|Basme2finSC_318683	385	3.3e-49	9	379	5	370	0.9002433090024331
GH9.hmm	418	Basme2finSC|Basme2finSC_318763	545	3.4e-114	1	418	30	474	0.9976076555023924
CE4.hmm	130	Basme2finSC|Basme2finSC_318928	341	3.7e-29	9	125	95	217	0.8923076923076924
CBM21.hmm	107	Basme2finSC|Basme2finSC_319202	363	1.4e-28	2	107	108	221	0.9813084112149533
GH16_2.hmm	326	Basme2finSC|Basme2finSC_319405	529	2.7e-135	1	326	146	470	0.9969325153374233
GH16_2.hmm	326	Basme2finSC|Basme2finSC_319406	529	2.7e-135	1	326	146	470	0.9969325153374233
GH16_2.hmm	326	Basme2finSC|Basme2finSC_319407	509	2.4e-135	1	326	126	450	0.9969325153374233
GT48.hmm	739	Basme2finSC|Basme2finSC_319619	1832	1.4e-296	2	726	817	1588	0.979702300405954
CBM21.hmm	107	Basme2finSC|Basme2finSC_319739	319	2.6e-28	3	107	150	259	0.9719626168224299
GH18.hmm	296	Basme2finSC|Basme2finSC_319758	802	5.3e-22	3	194	28	266	0.6452702702702703
AA11.hmm	191	Basme2finSC|Basme2finSC_319760	371	1.5e-42	2	163	24	179	0.8429319371727748
CBM5.hmm	40	Basme2finSC|Basme2finSC_319760	371	7.1e-16	2	40	248	288	0.95
CBM21.hmm	107	Basme2finSC|Basme2finSC_319845	523	2.8e-30	3	107	206	318	0.9719626168224299
PL38.hmm	279	Basme2finSC|Basme2finSC_320060	385	5.3e-81	1	271	55	323	0.967741935483871
AA11.hmm	191	Basme2finSC|Basme2finSC_320145	317	4.1e-41	1	163	24	180	0.8481675392670157
AA11.hmm	191	Basme2finSC|Basme2finSC_320146	317	4.1e-41	1	163	24	180	0.8481675392670157
CE4.hmm	130	Basme2finSC|Basme2finSC_320248	390	1.8e-33	11	124	90	204	0.8692307692307693
GT2_Chitin_synth_2.hmm	527	Basme2finSC|Basme2finSC_320303	929	1.3e-254	21	526	349	846	0.9582542694497154
GH13_5.hmm	342	Basme2finSC|Basme2finSC_320516	484	1.6e-147	1	341	30	371	0.9941520467836257
PL14_3.hmm	190	Basme2finSC|Basme2finSC_320546	298	7.5e-64	3	189	88	293	0.9789473684210527
PL14.hmm	200	Basme2finSC|Basme2finSC_320547	283	9e-64	3	199	71	280	0.98
CE4.hmm	130	Basme2finSC|Basme2finSC_320552	385	2.9e-31	9	123	84	199	0.8769230769230769
GT48.hmm	739	Basme2finSC|Basme2finSC_320701	1827	6.6e-297	2	726	812	1583	0.979702300405954
GH5_7.hmm	289	Basme2finSC|Basme2finSC_320774	392	1.3e-75	3	289	44	345	0.9896193771626297
GH9.hmm	418	Basme2finSC|Basme2finSC_321141	547	9.1e-114	1	418	31	475	0.9976076555023924
GT35.hmm	674	Basme2finSC|Basme2finSC_321693	862	8.3e-283	2	674	142	857	0.9970326409495549
AA7.hmm	458	Basme2finSC|Basme2finSC_321779	498	2.1e-79	5	458	53	492	0.9890829694323144
AA6.hmm	195	Basme2finSC|Basme2finSC_321900	203	1.3e-81	1	194	3	196	0.9897435897435898
CE9.hmm	373	Basme2finSC|Basme2finSC_322816	400	1.1e-122	1	373	10	394	0.9973190348525469
AA6.hmm	195	Basme2finSC|Basme2finSC_322840	208	1.5e-74	2	194	9	201	0.9846153846153847
GH13_8.hmm	293	Basme2finSC|Basme2finSC_322883	673	3.9e-143	1	293	218	514	0.9965870307167235
GH18.hmm	296	Basme2finSC|Basme2finSC_322898	583	4.3e-22	8	232	55	309	0.7567567567567568
CBM5.hmm	40	Basme2finSC|Basme2finSC_322898	583	6.8e-16	2	40	447	487	0.95
GT49.hmm	337	Basme2finSC|Basme2finSC_323323	221	7.1e-17	143	306	57	201	0.4836795252225519
AA11.hmm	191	Basme2finSC|Basme2finSC_323657	179	1.2e-36	13	163	24	157	0.7853403141361257
GT2_Chitin_synth_2.hmm	527	Basme2finSC|Basme2finSC_323786	975	1.2e-277	12	526	432	945	0.9753320683111955
GH9.hmm	418	Basme2finSC|Basme2finSC_324186	590	4.7e-94	1	418	42	492	0.9976076555023924
CE4.hmm	130	Basme2finSC|Basme2finSC_324488	220	3.6e-33	8	125	23	142	0.9
GH37.hmm	491	Basme2finSC|Basme2finSC_324507	607	4.5e-157	2	489	51	585	0.9918533604887984
AA6.hmm	195	Basme2finSC|Basme2finSC_324825	232	9.2e-77	1	193	8	200	0.9846153846153847
AA6.hmm	195	Basme2finSC|Basme2finSC_324826	232	8.9e-77	1	193	8	200	0.9846153846153847
GH47.hmm	446	Basme2finSC|Basme2finSC_324859	528	5.5e-176	1	446	69	519	0.9977578475336323
GH46.hmm	222	Basme2finSC|Basme2finSC_325305	139	2.8e-33	13	141	2	134	0.5765765765765766
CE1.hmm	227	Basme2finSC|Basme2finSC_325529	279	1.3e-19	6	143	6	160	0.6035242290748899
GT2_Chitin_synth_2.hmm	527	Basme2finSC|Basme2finSC_325545	952	1.6e-255	16	526	338	839	0.967741935483871
GH17.hmm	311	Basme2finSC|Basme2finSC_326811	284	1.1e-29	16	307	29	276	0.9356913183279743
GH17.hmm	311	Basme2finSC|Basme2finSC_327193	316	2.2e-29	17	306	62	306	0.9292604501607717
CE9.hmm	373	Basme2finSC|Basme2finSC_327712	403	2.8e-121	1	373	10	398	0.9973190348525469
GH16_2.hmm	326	Basme2finSC|Basme2finSC_327813	493	3e-134	1	326	115	437	0.9969325153374233
GH16_2.hmm	326	Basme2finSC|Basme2finSC_327814	414	1.2e-137	1	326	36	358	0.9969325153374233
GT2_Chitin_synth_1.hmm	163	Basme2finSC|Basme2finSC_328012	804	4.5e-75	1	163	133	296	0.9938650306748467
AA1_2.hmm	337	Basme2finSC|Basme2finSC_328273	586	5.6e-127	2	336	45	376	0.9910979228486647
GT4.hmm	160	Basme2finSC|Basme2finSC_329292	492	5.9e-26	8	152	290	455	0.9
GT39.hmm	223	Basme2finSC|Basme2finSC_329342	778	4.1e-71	4	223	86	325	0.9820627802690582
AA3.hmm	618	Basme2finSC|Basme2finSC_329642	679	3.5e-53	77	400	150	670	0.5226537216828478
GT49.hmm	337	Basme2finSC|Basme2finSC_329867	358	2e-51	49	324	31	310	0.8160237388724035
GH15.hmm	361	Basme2finSC|Basme2finSC_330108	649	7.4e-74	2	360	265	639	0.9916897506925207
GH37.hmm	491	Basme2finSC|Basme2finSC_330151	716	4.5e-146	2	489	134	682	0.9918533604887984
GH18.hmm	296	Basme2finSC|Basme2finSC_330335	568	4.5e-24	4	201	12	255	0.6655405405405406
GH9.hmm	418	Basme2finSC|Basme2finSC_330368	493	3.9e-111	2	418	32	472	0.9952153110047847
GH18.hmm	296	Basme2finSC|Basme2finSC_330468	367	1.2e-82	3	291	6	356	0.972972972972973
GH5_9.hmm	303	Basme2finSC|Basme2finSC_330836	410	2.6e-100	1	303	78	383	0.9966996699669967
AA5_1.hmm	563	Basme2finSC|Basme2finSC_330879	486	3.2e-155	21	540	1	483	0.9218472468916519
GT76.hmm	407	Basme2finSC|Basme2finSC_331042	399	3.7e-110	43	407	40	399	0.8943488943488943
GH18.hmm	296	Basme2finSC|Basme2finSC_332092	261	4e-27	40	218	19	233	0.6013513513513513
GT31.hmm	192	Basme2finSC|Basme2finSC_332421	959	3.4e-35	2	191	241	429	0.984375
CBM9.hmm	182	Basme2finSC|Basme2finSC_333380	393	4.8e-25	1	136	42	211	0.7417582417582418
AA1_2.hmm	337	Basme2finSC|Basme2finSC_333685	582	7.1e-129	2	336	43	375	0.9910979228486647
GT10.hmm	347	Basme2finSC|Basme2finSC_333909	404	2e-63	39	334	9	315	0.8501440922190202
GH20.hmm	337	Basme2finSC|Basme2finSC_333981	561	4.2e-98	8	336	177	514	0.973293768545994
CBM21.hmm	107	Basme2finSC|Basme2finSC_334137	503	2.2e-30	4	107	200	311	0.9626168224299065
AA6.hmm	195	Basme2finSC|Basme2finSC_334180	203	1.3e-81	1	194	3	196	0.9897435897435898
AA5_1.hmm	563	Basme2finSC|Basme2finSC_334707	526	4.2e-163	4	541	22	522	0.9538188277087034
GT1.hmm	382	Basme2finSC|Basme2finSC_335031	545	1.1e-25	100	360	142	455	0.680628272251309
GT1.hmm	382	Basme2finSC|Basme2finSC_335032	543	5.6e-21	215	360	255	453	0.3795811518324607
GH20.hmm	337	Basme2finSC|Basme2finSC_335118	670	4.8e-46	14	336	267	635	0.9554896142433235
AA12.hmm	401	Basme2finSC|Basme2finSC_337458	396	1.5e-39	28	260	2	235	0.5785536159600998
GT2_Chitin_synth_2.hmm	527	Basme2finSC|Basme2finSC_338238	1843	7.2e-237	3	527	1128	1634	0.9943074003795066
CE16.hmm	267	Basme2finSC|Basme2finSC_338471	380	9.7e-24	2	266	75	327	0.9887640449438202
GT39.hmm	223	Basme2finSC|Basme2finSC_338753	732	1.4e-70	2	223	58	296	0.9910313901345291
GT33.hmm	425	Basme2finSC|Basme2finSC_338756	466	7.8e-170	2	424	24	462	0.9929411764705882
CBM9.hmm	182	Basme2finSC|Basme2finSC_339369	391	2.4e-20	2	138	44	204	0.7472527472527473
CBM9.hmm	182	Basme2finSC|Basme2finSC_339370	385	2.7e-18	2	137	43	202	0.7417582417582418
GT34.hmm	246	Basme2finSC|Basme2finSC_339446	818	5.9e-23	27	235	627	801	0.8455284552845529
GH16_19.hmm	174	Basme2finSC|Basme2finSC_339688	432	9.1e-47	22	172	132	281	0.8620689655172413
GT2_Chitin_synth_2.hmm	527	Basme2finSC|Basme2finSC_339889	1190	6.9e-113	22	518	455	932	0.9411764705882353
GH152.hmm	216	Basme2finSC|Basme2finSC_340905	255	3.9e-71	1	215	34	255	0.9907407407407407
CE4.hmm	130	Basme2finSC|Basme2finSC_342016	367	1.6e-33	11	124	90	204	0.8692307692307693
CE4.hmm	130	Basme2finSC|Basme2finSC_342567	363	6.1e-34	6	125	163	285	0.9153846153846154
GH17.hmm	311	Basme2finSC|Basme2finSC_343702	334	1.7e-29	15	307	79	326	0.9389067524115756
GH20.hmm	337	Basme2finSC|Basme2finSC_343957	672	3.4e-51	14	336	170	538	0.9554896142433235
GH18.hmm	296	Basme2finSC|Basme2finSC_345260	646	1.2e-21	8	283	64	325	0.9290540540540541
CE9.hmm	373	Basme2finSC|Basme2finSC_345367	399	1.4e-122	2	373	10	394	0.9946380697050938
GH20.hmm	337	Basme2finSC|Basme2finSC_345721	544	5.4e-99	8	336	160	497	0.973293768545994
GH20.hmm	337	Basme2finSC|Basme2finSC_345722	561	1.2e-98	8	336	177	514	0.973293768545994
GH20.hmm	337	Basme2finSC|Basme2finSC_345723	545	5.6e-96	8	336	160	498	0.973293768545994
GH20.hmm	337	Basme2finSC|Basme2finSC_345724	544	3.9e-97	8	336	160	497	0.973293768545994
GH20.hmm	337	Basme2finSC|Basme2finSC_345725	544	5.6e-99	8	336	160	497	0.973293768545994
PL38.hmm	279	Basme2finSC|Basme2finSC_346036	450	3.2e-76	4	273	130	397	0.96415770609319
GT2_Chitin_synth_2.hmm	527	Basme2finSC|Basme2finSC_346394	1867	2.7e-236	2	527	1145	1652	0.9962049335863378
CE4.hmm	130	Basme2finSC|Basme2finSC_347156	315	7.2e-27	9	126	81	211	0.9
GT13.hmm	395	Basme2finSC|Basme2finSC_347606	284	3.5e-21	60	275	15	230	0.5443037974683544
GH20.hmm	337	Basme2finSC|Basme2finSC_348136	524	1.9e-98	7	336	139	477	0.9762611275964391
GH20.hmm	337	Basme2finSC|Basme2finSC_348138	1061	1.2e-87	7	336	177	490	0.9762611275964391
GH20.hmm	337	Basme2finSC|Basme2finSC_348138	1061	2.9e-90	7	336	718	1039	0.9762611275964391
CE4.hmm	130	Basme2finSC|Basme2finSC_349011	358	3.5e-34	7	125	159	280	0.9076923076923077
PL14_5.hmm	210	Basme2finSC|Basme2finSC_350993	247	3.6e-57	3	209	33	239	0.9809523809523809
GH15.hmm	361	Basme2finSC|Basme2finSC_351871	1381	3.3e-16	7	280	19	306	0.7562326869806094
AA1.hmm	943	Basme2finSC|Basme2finSC_352424	553	2.3e-66	451	811	65	445	0.38176033934252385
AA6.hmm	195	Basme2finSC|Basme2finSC_352466	224	3.5e-34	1	91	8	100	0.46153846153846156
AA6.hmm	195	Basme2finSC|Basme2finSC_352466	224	8.1e-21	118	193	112	185	0.38461538461538464
AA6.hmm	195	Basme2finSC|Basme2finSC_352468	239	3.5e-76	1	193	8	200	0.9846153846153847
AA6.hmm	195	Basme2finSC|Basme2finSC_352469	239	7.2e-77	1	193	8	200	0.9846153846153847
GH20.hmm	337	Basme2finSC|Basme2finSC_354814	643	7.8e-93	8	336	177	513	0.973293768545994
GT31.hmm	192	Basme2finSC|Basme2finSC_355495	244	3.1e-16	50	184	49	166	0.6979166666666666
GT3.hmm	637	Basme2finSC|Basme2finSC_356063	661	6e-294	1	623	14	628	0.9764521193092621
CE4.hmm	130	Basme2finSC|Basme2finSC_357761	281	6.9e-30	7	126	33	155	0.9153846153846154
GH24.hmm	137	Basme2finSC|Basme2finSC_357799	163	1.9e-35	2	137	4	151	0.9854014598540146
CE4.hmm	130	Basme2finSC|Basme2finSC_358588	230	4.3e-32	8	125	28	148	0.9
GT2_Chitin_synth_1.hmm	163	Basme2finSC|Basme2finSC_358785	935	3.2e-75	1	163	134	297	0.9938650306748467
GH89.hmm	663	Basme2finSC|Basme2finSC_359066	748	9.4e-167	3	660	26	731	0.9909502262443439
GH13_25.hmm	434	Basme2finSC|Basme2finSC_359832	1523	3.2e-192	3	434	1061	1511	0.9930875576036866
GH18.hmm	296	Basme2finSC|Basme2finSC_360083	883	1.2e-22	3	237	298	585	0.7905405405405406
CBM5.hmm	40	Basme2finSC|Basme2finSC_360083	883	3.3e-16	1	40	697	738	0.975
GH18.hmm	296	Basme2finSC|Basme2finSC_360490	526	5.3e-76	3	284	28	412	0.9493243243243243
CBM9.hmm	182	Basme2finSC|Basme2finSC_360555	468	1.2e-18	1	135	123	292	0.7362637362637363
AA11.hmm	191	Basme2finSC|Basme2finSC_360723	202	1.1e-40	1	163	22	176	0.8481675392670157
CBM9.hmm	182	Basme2finSC|Basme2finSC_360762	387	5.8e-16	25	153	80	243	0.7032967032967034
GH31.hmm	427	Basme2finSC|Basme2finSC_362767	855	2.3e-156	3	427	246	729	0.9929742388758782
GH24.hmm	137	Basme2finSC|Basme2finSC_363562	163	1.9e-35	2	137	4	151	0.9854014598540146
GT49.hmm	337	Basme2finSC|Basme2finSC_366931	355	3.7e-50	45	332	35	328	0.8516320474777448
GH16_4.hmm	316	Basme2finSC|Basme2finSC_367218	389	3.7e-108	21	316	9	303	0.9335443037974683
CE4.hmm	130	Basme2finSC|Basme2finSC_367978	397	1.2e-26	8	126	162	293	0.9076923076923077
CBM9.hmm	182	Basme2finSC|Basme2finSC_368739	404	3.7e-21	1	146	49	236	0.7967032967032966
GT34.hmm	246	Basme2finSC|Basme2finSC_370600	548	4.3e-22	29	235	354	526	0.8373983739837398
CE4.hmm	130	Basme2finSC|Basme2finSC_371245	276	3.8e-34	6	126	77	200	0.9230769230769231
CE1.hmm	227	Basme2finSC|Basme2finSC_372306	384	1.4e-16	5	210	121	367	0.9030837004405287
GT10.hmm	347	Basme2finSC|Basme2finSC_372343	411	3.1e-69	37	330	5	308	0.8443804034582133
GH18.hmm	296	Basme2finSC|Basme2finSC_374852	329	1.1e-24	48	279	73	325	0.7804054054054054
CE4.hmm	130	Basme2finSC|Basme2finSC_376220	322	2.8e-28	9	125	65	186	0.8923076923076924
GT2_Chitin_synth_2.hmm	527	Basme2finSC|Basme2finSC_376454	950	4.6e-255	15	526	349	851	0.969639468690702
GH32.hmm	293	Basme2finSC|Basme2finSC_378972	589	1e-72	1	287	41	380	0.9761092150170648
CE4.hmm	130	Basme2finSC|Basme2finSC_379153	393	4.1e-26	10	126	93	222	0.8923076923076924
GT2_Chitin_synth_2.hmm	527	Basme2finSC|Basme2finSC_380602	1003	2.7e-283	13	526	428	940	0.9734345351043643
CE4.hmm	130	Basme2finSC|Basme2finSC_380828	238	1.8e-33	7	124	40	159	0.9
GT2_Chitin_synth_2.hmm	527	Basme2finSC|Basme2finSC_383515	1821	7e-246	2	527	1155	1661	0.9962049335863378
CE4.hmm	130	Basme2finSC|Basme2finSC_383822	101	3.1e-19	42	123	2	84	0.6230769230769231
GH18.hmm	296	Basme2finSC|Basme2finSC_384907	526	5.4e-75	3	284	28	412	0.9493243243243243
GH18.hmm	296	Basme2finSC|Basme2finSC_384912	526	3e-75	3	284	28	412	0.9493243243243243
GH18.hmm	296	Basme2finSC|Basme2finSC_387002	560	4.1e-76	3	284	28	412	0.9493243243243243
GH16_19.hmm	174	Basme2finSC|Basme2finSC_388651	128	2.5e-22	21	113	15	108	0.5287356321839081
CE16.hmm	267	Basme2finSC|Basme2finSC_389948	299	1.5e-18	1	266	35	293	0.9925093632958801
AA6.hmm	195	Basme2finSC|Basme2finSC_390068	96	4.3e-30	104	194	1	89	0.46153846153846156
GT2_Chitin_synth_2.hmm	527	Basme2finSC|Basme2finSC_390305	524	2.7e-260	20	526	6	509	0.9601518026565465
GH3.hmm	216	Basme2finSC|Basme2finSC_390579	870	2e-57	7	216	67	297	0.9675925925925926
GT2_Chitin_synth_2.hmm	527	Basme2finSC|Basme2finSC_392511	524	2.7e-260	20	526	6	509	0.9601518026565465
GT2_Glyco_tranf_2_3.hmm	230	Basme2finSC|Basme2finSC_393355	453	2.3e-33	2	230	51	285	0.991304347826087
GH16_4.hmm	316	Basme2finSC|Basme2finSC_39534	348	1.6e-123	1	316	28	346	0.9968354430379747
GT66.hmm	693	Basme2finSC|Basme2finSC_403716	732	2.3e-193	9	600	13	658	0.8528138528138528
GH20.hmm	337	Basme2finSC|Basme2finSC_404736	544	1.2e-98	8	336	160	497	0.973293768545994
GH16_19.hmm	174	Basme2finSC|Basme2finSC_405602	1274	7e-40	20	172	1093	1233	0.8735632183908046
GH16_2.hmm	326	Basme2finSC|Basme2finSC_405842	463	4.5e-141	1	326	86	411	0.9969325153374233
GH20.hmm	337	Basme2finSC|Basme2finSC_406013	778	5.3e-98	7	336	393	731	0.9762611275964391
GH20.hmm	337	Basme2finSC|Basme2finSC_406015	1060	2.6e-87	7	336	138	455	0.9762611275964391
GH20.hmm	337	Basme2finSC|Basme2finSC_406015	1060	1e-97	7	336	677	1015	0.9762611275964391
GH20.hmm	337	Basme2finSC|Basme2finSC_406016	521	1.9e-98	7	336	136	474	0.9762611275964391
GH18.hmm	296	Basme2finSC|Basme2finSC_406033	443	5.5e-67	4	283	22	394	0.9425675675675675
AA3.hmm	618	Basme2finSC|Basme2finSC_407314	930	9.3e-54	78	406	415	927	0.5307443365695793
GH9.hmm	418	Basme2finSC|Basme2finSC_407629	608	8e-95	1	418	65	515	0.9976076555023924
GH31.hmm	427	Basme2finSC|Basme2finSC_408028	900	5e-157	2	427	240	771	0.9953161592505855
CBM9.hmm	182	Basme2finSC|Basme2finSC_408159	394	7.5e-18	2	135	52	209	0.7307692307692307
GT2_Chitin_synth_2.hmm	527	Basme2finSC|Basme2finSC_409623	2288	2.7e-248	2	527	1584	2090	0.9962049335863378
GT39.hmm	223	Basme2finSC|Basme2finSC_410791	837	1.7e-74	2	223	51	291	0.9910313901345291
GT2_Chitin_synth_2.hmm	527	Basme2finSC|Basme2finSC_411343	1934	3.8e-239	3	526	1197	1702	0.9924098671726755
AA5_1.hmm	563	Basme2finSC|Basme2finSC_411587	523	3.4e-161	3	540	20	520	0.9538188277087034
CE4.hmm	130	Basme2finSC|Basme2finSC_412194	245	1.6e-25	18	125	26	136	0.823076923076923
GH32.hmm	293	Basme2finSC|Basme2finSC_412629	539	4.9e-66	19	285	5	325	0.9078498293515358
GH18.hmm	296	Basme2finSC|Basme2finSC_412675	324	9.3e-21	48	279	67	320	0.7804054054054054
GH15.hmm	361	Basme2finSC|Basme2finSC_46984	652	2.6e-85	2	360	265	642	0.9916897506925207
GH47.hmm	446	Basme2finSC|Basme2finSC_63273	559	6.7e-157	2	446	116	557	0.9955156950672646
AA6.hmm	195	Basme2finSC|Basme2finSC_67712	263	4.3e-68	1	193	17	209	0.9846153846153847
GH85.hmm	315	Basme2finSC|Basme2finSC_86361	348	3.3e-83	1	250	68	307	0.7904761904761904
GH47.hmm	446	Basme2finSC|Basme2finSC_8640	572	6.5e-123	4	445	122	561	0.9887892376681614
GT34.hmm	246	Basme2finSC|Basme2finSC_86754	272	1.1e-48	23	243	58	249	0.8943089430894309
GT22.hmm	389	Basme2finSC|Basme2finSC_88739	392	8.5e-85	4	359	6	383	0.9125964010282777
GH13_5.hmm	342	Basme2finSC|Basme2finSC_92921	485	2.2e-152	2	342	31	371	0.9941520467836257
GH16_19.hmm	174	Basme2finSC|Basme2finSC_93911	344	8.9e-49	22	172	126	275	0.8620689655172413
AA7.hmm	458	Basme2finSC|Basme2finSC_98480	516	1.7e-51	21	280	85	364	0.5655021834061136
GT34.hmm	246	Basme2finSC|Basme2finSC_98660	256	1.1e-48	8	242	17	214	0.9512195121951219
GT2_Chitin_synth_2.hmm	527	Basme2finSC|Basme2finSC_98927	1232	7.9e-283	12	526	649	1161	0.9753320683111955
