CAZy Family	PPR Subfamily	Gene ID	Frequency	Hits	Signature Peptides
CE4	23	Basme2finSC|Basme2finSC_358588	5.27	8	LMHDIH,VALTFD,LTFDDG,ALTFDD,ILMHDI,TFDDGP,IILMHD,FDDGPG
CE4	36	Basme2finSC|Basme2finSC_247484	5.95	6	RPPYGE,ALTFDD,LTFDDG,TFDDGP,NVKATF,IRPPYG
CE4	36	Basme2finSC|Basme2finSC_320248	5.95	6	TFDDGP,LTFDDG,NVKATF,IRPPYG,ALTFDD,RPPYGE
CE4	36	Basme2finSC|Basme2finSC_342016	5.94	6	RPPYGE,ALTFDD,TFDDGP,LTFDDG,NVKATF,IRPPYG
CE4	36	Basme2finSC|Basme2finSC_207240	5.94	6	LTFDDG,RPPYGE,ALTFDD,TFDDGP,IRPPYG,FIRPPY
CE4	36	Basme2finSC|Basme2finSC_311791	5.94	6	LTFDDG,RPPYGE,ALTFDD,TFDDGP,IRPPYG,FIRPPY
CE4	36	Basme2finSC|Basme2finSC_198012	5.94	6	LTFDDG,RPPYGE,ALTFDD,TFDDGP,IRPPYG,FIRPPY
CE4	36	Basme2finSC|Basme2finSC_161132	5.93	6	RPPYGE,FIRPPY,ALTFDD,LTFDDG,IRPPYG,TFDDGP
CE4	36	Basme2finSC|Basme2finSC_195520	5.93	6	RPPYGE,FIRPPY,ALTFDD,LTFDDG,IRPPYG,TFDDGP
CE4	38	Basme2finSC|Basme2finSC_214275	3.34	6	ALTFDD,TFDDGP,LTFDDG,IQWSVD,MRPPYG,FDDGPS
CE4	50	Basme2finSC|Basme2finSC_139339	4.91	6	TFDDGP,LTFDDG,VKATFF,DDGPSE,FDDGPS,ALTFDD
CE4	72	Basme2finSC|Basme2finSC_200505	5.64	6	TFVTVS,GYTFVT,YTFVTV,LTFDDG,ALTFDD,TFDDGP
CE4	86	Basme2finSC|Basme2finSC_380828	5.27	6	ALTFDD,LTFDDG,TFDDGP,ATFFVV,TFFVVG,VALTFD
CE4	93	Basme2finSC|Basme2finSC_302119	8.0	8	KATFFV,TFFVLG,FDDGPS,LTFDDG,ALTFDD,VKATFF,TFDDGP,ATFFVL
CE4	93	Basme2finSC|Basme2finSC_296121	8.0	8	LTFDDG,TFDDGP,VKATFF,FDDGPS,TFFVLG,ATFFVL,ALTFDD,KATFFV
CE4	93	Basme2finSC|Basme2finSC_274525	8.0	8	LTFDDG,TFDDGP,VKATFF,FDDGPS,TFFVLG,ATFFVL,ALTFDD,KATFFV
CE4	93	Basme2finSC|Basme2finSC_196799	6.0	6	TFDDGP,FDDGPS,TFFVLG,ALTFDD,ATFFVL,LTFDDG
CE4	93	Basme2finSC|Basme2finSC_165718	6.0	6	TFDDGP,FDDGPS,TFFVLG,ALTFDD,ATFFVL,LTFDDG
CE4	93	Basme2finSC|Basme2finSC_234303	6.0	6	LTFDDG,TFFVLG,ATFFVL,TFDDGP,KATFFV,VKATFF
CE4	93	Basme2finSC|Basme2finSC_188562	6.0	6	ALTFDD,TFFVLG,FDDGPS,ATFFVL,TFDDGP,LTFDDG
CE4	93	Basme2finSC|Basme2finSC_136161	6.0	6	LTFDDG,TFDDGP,FDDGPS,TFFVLG,ATFFVL,ALTFDD
CE4	115	Basme2finSC|Basme2finSC_138375	4.3	6	ALTFDD,LTFDDG,KNVKAT,TFDDGP,NVKATF,VKATFF
CE4	119	Basme2finSC|Basme2finSC_324488	5.29	6	ALTFDD,KIALTF,FDDGPS,TFDDGP,IALTFD,LTFDDG
CE4	143	Basme2finSC|Basme2finSC_145605	4.01	7	QVASHT,HQVASH,YMRPPY,GHQVAS,LTFDDG,TFDDGP,ALTFDD
CE4	143	Basme2finSC|Basme2finSC_236579	3.03	6	GHQIAS,QIASHT,HQIASH,LTFDDG,TFDDGP,ALTFDD
CE4	143	Basme2finSC|Basme2finSC_357761	3.03	6	GHQIAS,QIASHT,HQIASH,LTFDDG,TFDDGP,ALTFDD
CE4	145	Basme2finSC|Basme2finSC_276846	3.22	8	RVRAIA,GLTFDD,TFDDGP,DRVRAI,LTFDDG,VDDRVR,HTWSHP,DDRVRA
CE4	145	Basme2finSC|Basme2finSC_311614	2.62	9	VHTWSH,PFGDVD,WGLTFD,RPPFGD,LTFDDG,CVHTWS,GLTFDD,TFDDGP,ICVHTW
CE9	25	Basme2finSC|Basme2finSC_314536	3.06	8	TSFCPT,PFHHRD,FHHRDP,FNAMRP,EGPFIS,LEGPFI,HLEGPF,HHRDPG
CE9	56	Basme2finSC|Basme2finSC_345367	7.0	7	HHRDPG,THLFNA,DPGIIG,RDPGII,FHHRDP,HRDPGI,HLFNAM
CE9	56	Basme2finSC|Basme2finSC_322816	6.0	6	DPGIIG,FHHRDP,RDPGII,PGIIGV,HRDPGI,HHRDPG
CE9	56	Basme2finSC|Basme2finSC_327712	6.0	6	DPGIIG,FHHRDP,RDPGII,PGIIGV,HRDPGI,HHRDPG
CE9	56	Basme2finSC|Basme2finSC_295268	6.0	6	HRDPGI,HHRDPG,RDPGII,FHHRDP,PGIIGV,DPGIIG
CE9	56	Basme2finSC|Basme2finSC_315720	6.0	6	FHHRDP,HRDPGI,PGIIGV,HHRDPG,RDPGII,DPGIIG
GH0	32	Basme2finSC|Basme2finSC_299730	5.62	9	NSWFLD,LIGASH,YNSWFL,FHDSIV,LDAFFR,DAFFRP,HDSIVT,FAHGMQ,DSIVTT
GH13	25	Basme2finSC|Basme2finSC_92921	11.4	25	TKYGTK,FTFPGR,YLMFAN,FDVPLH,VLNHKA,GNYDYL,PCVFYG,VTFVDN,WTKFTF,IDLFDV,NYDYLM,YDYLMF,VDNHDS,AVTFVD,GYGVYD,YGVYDL,FVDNHD,TFVDNH,EFGNYD,NHDSQP,DVPLHY,CVFYGD,DYLMFA,FGNYDY,DNHDSQ
GH13	25	Basme2finSC|Basme2finSC_320516	6.93	13	DLGEFD,HKAGAD,YALILL,LGEFDQ,FVDNHD,VRTKYG,VLNHKA,NHKAGA,ALILLR,EFDQKG,GEFDQK,TFVDNH,RTKYGT
GH13	94	Basme2finSC|Basme2finSC_254263	22.5	35	FGHPEW,TPEDLK,LRFLLS,YYASFG,NEFGHP,GFRFDG,LVGDKT,SRLFNY,DQALVG,ESHDQA,SHDQAL,YASFGY,DGVTSM,GFDYRL,VGDKTI,AEDVSG,TLTNRR,DVSGMP,ALVGDK,GTPEDL,EFGHPE,DGFRFD,EDVSGM,FDGVTS,EWAPNA,RFLLSN,RFDGVT,QALVGD,VHSHAS,FDGFRF,HDQALV,FRFDGV,GNEFGH,MAIMEH,FLLSNL
GH13	94	Basme2finSC|Basme2finSC_210317	22.2	35	FGHPEW,TPEDLK,LRFLLS,YYASFG,NEFGHP,GFRFDG,LVGDKT,SRLFNY,DQALVG,ESHDQA,SHDQAL,YASFGY,DGVTSM,GFDYRL,VGDKTI,AEDVSG,VVHSHA,TLTNRR,DVSGMP,ALVGDK,GTPEDL,EFGHPE,DGFRFD,EDVSGM,FDGVTS,RFLLSN,RFDGVT,DVVHSH,QALVGD,VHSHAS,HDQALV,FRFDGV,GNEFGH,MAIMEH,FLLSNL
GH13	94	Basme2finSC|Basme2finSC_322883	16.5	29	FPREGN,HDQALV,FDGFRF,SHDQAL,FGHPEW,ESHDQA,TPEDLK,YASFGY,GNEFGH,EDVSGM,DFPREG,AEDVSG,SRLFNY,RFLLSN,DVSGMP,GGIGFD,HKMIRL,EFGHPE,DGFRFD,GTPEDL,VTNFFA,SSRFGT,NEFGHP,VHSHAS,EWAPNA,DQALVG,SRFGTP,YYASFG,LHKMIR
GH133	2	Basme2finSC|Basme2finSC_359832	38.1	47	WMDKMG,CWGRDV,HQGPEW,RREVIV,MDCTHD,LANNGW,GRDVFI,NYHQGP,LFMDCT,GPEWVW,CVKLRY,SNSPYS,LIREAM,DKMGES,DCTHDN,TLDPSD,YLRREV,GFRIDN,NCHSTP,CGTWMD,WGRDVF,FMDCTH,PTQAWS,REVIVW,REAMQA,MDKMGE,VAPELF,IDNCHS,SLIREA,DCVKLR,GTWMDK,LRREVI,AGLPHF,DNCHST,VKLRYG,NNGWIW,ALFMDC,IREAMQ,TWMDKM,YHQGPE,NCGTWM,CTHDNE,AAGLPH,TPRDGA,RCWGRD,RIDNCH,ANNGWI
GH15	27	Basme2finSC|Basme2finSC_330108	8.6	13	IIAAPT,GAIIAA,CTFWLV,TGAIIA,IGNMRT,FWLVEA,IAAPTF,PTGAII,TFWLVE,DIYGEL,AIIAAP,KQQYLP,AAPTFS
GH152	1	Basme2finSC|Basme2finSC_279716	5.87	13	YSYAYD,DFYDVS,RFWGRT,SYAYDD,FYDVSL,YDVSLV,LVDGYN,GRFWGR,SLVDGY,PQYCCT,VSLVDG,QYCCTG,DVSLVD
GH152	1	Basme2finSC|Basme2finSC_230595	5.22	13	DATSTF,GRFWGR,TSTFTC,ATLAEF,PATLAE,DDATST,RFWGRT,YDISLV,DISLVD,LVDGYN,PPATLA,ISLVDG,SLVDGY
GH152	1	Basme2finSC|Basme2finSC_221997	5.1	11	FYDVSL,DFYDVS,SLVDGY,DVSLVD,YDVSLV,YSYAYD,RFWGRT,LVDGYN,SYAYDD,VSLVDG,GRFWGR
GH152	1	Basme2finSC|Basme2finSC_299386	4.5	11	SYAYDD,YSYAYD,RFWGRT,DISLVD,GRFWGR,YDISLV,SLVDGY,LVDGYN,FYDISL,ISLVDG,DFYDIS
GH152	1	Basme2finSC|Basme2finSC_340905	4.22	9	GRFWGR,SYAYDD,SLVDGY,YSYAYD,RFWGRT,YDVSLV,VSLVDG,LVDGYN,DVSLVD
GH152	1	Basme2finSC|Basme2finSC_216346	4.22	9	GRFWGR,SYAYDD,YSYAYD,VSLVDG,DVSLVD,YDVSLV,SLVDGY,RFWGRT,LVDGYN
GH152	1	Basme2finSC|Basme2finSC_181728	4.22	9	SYAYDD,LVDGYN,DVSLVD,GRFWGR,VSLVDG,YSYAYD,SLVDGY,RFWGRT,YDVSLV
GH152	1	Basme2finSC|Basme2finSC_294133	4.22	9	SYAYDD,LVDGYN,DVSLVD,GRFWGR,VSLVDG,YSYAYD,SLVDGY,RFWGRT,YDVSLV
GH18	28	Basme2finSC|Basme2finSC_406033	7.31	8	DIDWEF,VPFYGR,LISIGG,ISIGGW,VLGVPF,IDWEFP,GVPFYG,LGVPFY
GH18	32	Basme2finSC|Basme2finSC_319343	6.22	7	TVRSVF,RSVFII,DFTPVC,SVFIID,TPVCTT,VLFSHP,PVCTTE
GH18	32	Basme2finSC|Basme2finSC_319346	6.22	7	TVRSVF,RSVFII,DFTPVC,SVFIID,TPVCTT,VLFSHP,PVCTTE
GH18	44	Basme2finSC|Basme2finSC_319758	3.94	8	QCPYPD,QFYNNY,APQCPY,FYNNYC,IQFYNN,PQCPYP,SAAPQC,AAPQCP
GH18	51	Basme2finSC|Basme2finSC_360490	6.25	8	LDGIDI,DLDGID,DWEYPG,IDWEYP,DGIDID,IDIDWE,DIDWEY,GIDIDW
GH18	51	Basme2finSC|Basme2finSC_387002	6.25	8	GIDIDW,DWEYPG,DIDWEY,DGIDID,LDGIDI,DLDGID,IDWEYP,IDIDWE
GH18	51	Basme2finSC|Basme2finSC_291641	6.25	8	DIDWEY,DWEYPG,DLDGID,IDIDWE,LDGIDI,IDWEYP,GIDIDW,DGIDID
GH18	51	Basme2finSC|Basme2finSC_384907	6.25	8	DIDWEY,IDIDWE,DWEYPG,IDWEYP,LDGIDI,DGIDID,DLDGID,GIDIDW
GH18	51	Basme2finSC|Basme2finSC_236265	6.25	8	GIDIDW,LDGIDI,DIDWEY,IDWEYP,IDIDWE,DLDGID,DGIDID,DWEYPG
GH18	51	Basme2finSC|Basme2finSC_384912	6.25	8	GIDIDW,LDGIDI,DIDWEY,IDWEYP,IDIDWE,DLDGID,DGIDID,DWEYPG
GH18	51	Basme2finSC|Basme2finSC_236233	6.25	8	DIDWEY,IDIDWE,DLDGID,LDGIDI,DGIDID,IDWEYP,DWEYPG,GIDIDW
GH18	51	Basme2finSC|Basme2finSC_308043	6.25	8	IDWEYP,IDIDWE,DWEYPG,DGIDID,DIDWEY,LDGIDI,DLDGID,GIDIDW
GH18	51	Basme2finSC|Basme2finSC_238587	6.25	8	LDGIDI,DIDWEY,DLDGID,IDIDWE,GIDIDW,DGIDID,IDWEYP,DWEYPG
GH18	51	Basme2finSC|Basme2finSC_207398	6.25	8	DGIDID,IDWEYP,IDIDWE,DLDGID,DWEYPG,LDGIDI,DIDWEY,GIDIDW
GH18	51	Basme2finSC|Basme2finSC_297611	6.25	8	DWEYPG,IDIDWE,LDGIDI,DLDGID,DIDWEY,IDWEYP,GIDIDW,DGIDID
GH18	51	Basme2finSC|Basme2finSC_224355	6.24	8	IDIDWE,LTHINY,DGIDID,DLDGID,GIDIDW,DIDWEY,LDGIDI,IDWEYP
GH18	51	Basme2finSC|Basme2finSC_196747	5.75	7	LDGIDI,DLDGID,IDIDWE,IDWEYP,DGIDID,DIDWEY,GIDIDW
GH18	51	Basme2finSC|Basme2finSC_214313	5.75	7	GIDIDW,DIDWEY,DGIDID,LDGIDI,DLDGID,IDWEYP,IDIDWE
GH18	51	Basme2finSC|Basme2finSC_208696	5.75	7	GIDIDW,DIDWEY,DGIDID,LDGIDI,DLDGID,IDWEYP,IDIDWE
GH18	51	Basme2finSC|Basme2finSC_145244	5.75	7	DIDWEY,DLDGID,IDIDWE,LDGIDI,IDWEYP,GIDIDW,DGIDID
GH18	51	Basme2finSC|Basme2finSC_220573	5.75	7	DIDWEY,IDIDWE,DLDGID,LDGIDI,DGIDID,IDWEYP,GIDIDW
GH18	51	Basme2finSC|Basme2finSC_214289	5.75	7	IDIDWE,LDGIDI,DLDGID,DIDWEY,IDWEYP,GIDIDW,DGIDID
GH18	92	Basme2finSC|Basme2finSC_208252	3.88	10	FVQFYN,YWGQNS,SFGGVM,PFGSAV,VQFYNN,RPFGSA,QFYNNY,LGVPGS,FYNNYC,SSFGGV
GH18	127	Basme2finSC|Basme2finSC_330468	6.6	9	GVMFWE,DIDWEY,DGLDID,LAGVMF,GLDIDW,AGVMFW,LDGLDI,IDWEYP,LDIDWE
GH20	14	Basme2finSC|Basme2finSC_317527	8.08	18	PCIQTL,RIHIGM,CIQTLG,PFGWEV,PMIWSD,QTLGHL,GMDEAH,LYTEDT,IGMDEA,IHIGMD,IPCIQT,EDTYEV,HIGMDE,IQTLGH,KPFGWE,FGWEVL,TEDTYE,YTEDTY
GH20	18	Basme2finSC|Basme2finSC_233929	5.25	10	ETFSQL,LETFSQ,NVLHWH,LRGLET,LLDTSR,RGLETF,ALRGLE,GALRGL,VLHWHI,GLETFS
GH20	18	Basme2finSC|Basme2finSC_242670	3.62	8	LIDTSR,GALRGL,ALRGLE,VLHWHI,LVIGGE,LNVLHW,KLNVLH,NVLHWH
GH20	33	Basme2finSC|Basme2finSC_279099	3.23	7	VLGGEV,AEKGAY,LDCGRG,LAEKGA,YLDCGR,WYLDCG,LVLGGE
GH20	33	Basme2finSC|Basme2finSC_348136	3.23	7	VLGGEV,AEKGAY,LDCGRG,LAEKGA,YLDCGR,WYLDCG,LVLGGE
GH20	33	Basme2finSC|Basme2finSC_406013	3.23	7	VLGGEV,AEKGAY,LDCGRG,LAEKGA,YLDCGR,WYLDCG,LVLGGE
GH20	33	Basme2finSC|Basme2finSC_348138	3.23	7	VLGGEV,AEKGAY,LDCGRG,LAEKGA,YLDCGR,WYLDCG,LVLGGE
GH20	33	Basme2finSC|Basme2finSC_406015	3.23	7	LDCGRG,LVLGGE,LAEKGA,AEKGAY,VLGGEV,YLDCGR,WYLDCG
GH20	33	Basme2finSC|Basme2finSC_406016	3.23	7	LDCGRG,LVLGGE,LAEKGA,AEKGAY,VLGGEV,YLDCGR,WYLDCG
GH24	87	Basme2finSC|Basme2finSC_316830	6.7	7	TIGYGH,GYGHLI,YKNGIT,IGYGHL,GATIGY,AWNKSQ,ATIGYG
GH24	87	Basme2finSC|Basme2finSC_363562	5.69	6	GYGHLI,AWNKSQ,GATIGY,ATIGYG,TIGYGH,IGYGHL
GH24	87	Basme2finSC|Basme2finSC_357799	5.69	6	IGYGHL,ATIGYG,TIGYGH,AWNKSQ,GATIGY,GYGHLI
GH25	35	Basme2finSC|Basme2finSC_241209	6.03	13	NGGGWS,GGGWSA,GRTLPG,GGWSAD,GWSADG,ADGRTL,DGRTLP,RGAYHF,FAYVKA,GAYHFA,SADGRT,WSADGR,VRGAYH
GH3	11	Basme2finSC|Basme2finSC_390579	8.43	13	GNMALG,HFPGHG,NMALGA,GHGDTA,IGVRSF,PGHGDT,PVIGVR,FPGHGD,KHFPGH,PGNMAL,GVRSFG,NPVIGV,VIGVRS
GH31	7	Basme2finSC|Basme2finSC_252011	17.3	30	DVGGFF,GSIPFM,FFRAHA,YGIPEH,ADVGGF,AHIDTK,NEPSVF,GADVGG,WNDMNE,YGSIPF,IDTKRR,RWYQAG,NDMNEP,HIDTKR,FRAHAH,THWISE,VYGIPE,YHQCRW,GIPEHA,MNEPSV,HQCRWN,KKYFTW,HAHIDT,AHAHID,DTKRRE,PFFRAH,RAHAHI,TKRREP,DMNEPS,QCRWNY
GH31	20	Basme2finSC|Basme2finSC_148432	12.0	28	GFHQCR,AFYPFS,FLLNSN,MWTDID,GAFYPF,NSNGMD,HGVFLL,VGADIC,LNSNGM,FYPFSR,TDIDYM,VFLLNS,YGSHPF,DIDYMD,GADICG,LLNSNG,TYKVIG,LGAFYP,GSHPFY,SNGMDV,WIDMNE,LSRSTF,HWTGDN,ADICGF,QLGAFY,RSTFAG,WTDIDY,YKVIGG
GH31	20	Basme2finSC|Basme2finSC_209753	7.51	16	WTDIDY,DGLWID,LWIDMN,HWTGDN,DMNEPS,IDMNEP,TTEELC,TDIDYM,DIDYMD,QCRYGY,WIDMNE,FYPFSR,MWTDID,AHWTGD,GLWIDM,GGVLDF
GH31	20	Basme2finSC|Basme2finSC_362767	7.16	16	GGVLDF,DGLWID,LWIDMN,VGADIC,RSTFAG,HQCRYG,GFHQCR,IDMNEP,HWTGDN,GADICG,WIDMNE,ADICGF,GLWIDM,LPYLYT,TTEELC,QCRYGY
GH32	5	Basme2finSC|Basme2finSC_301813	2.88	6	HLFYQY,NWMNDP,RILWGW,YHLFYQ,LFYQYN,FYQYNP
GH37	1	Basme2finSC|Basme2finSC_283305	8.15	10	PGGRFR,GFGWTN,GWTNGV,VVPGGR,DGFGWT,GGRFRE,QDGFGW,VPGGRF,FGWTNG,GGGGEY
GH37	2	Basme2finSC|Basme2finSC_330151	33.0	39	SQPPFL,YMLSNL,QPPFLT,GIPPET,PGGRFN,VRESGH,GTYMLS,NRSYYL,RGTYML,DTTYRF,HDTTYR,PRIYVP,NLLQEL,GHDTTY,MLSNLL,IPPETE,TTYRFE,SNLLQE,RESGHD,LSNLLQ,LLYKYE,ILNANR,NANRSY,RQWDYP,GGRFNE,LAYRWL,VPGGRF,ATIDLN,TYMLSN,KILNAN,LNANRS,RLAYRW,RSQPPF,ESGHDT,GWAPHQ,ANRSYY,LATIDL,SGHDTT,YGWDSY
GH37	2	Basme2finSC|Basme2finSC_288474	31.4	37	MLSNLL,YGWDSY,GWAPHQ,RESGHD,RGTYML,GHDTTY,RSQPPF,ESGHDT,HDTTYR,PRIYVP,NRSYYL,NANRSY,RQWDYP,KILNAN,SQPPFL,TTYRFE,RLAYRW,LSNLLQ,YMLSNL,QPPFLT,VPGGRF,LATIDL,GGRFNE,SGHDTT,GTYMLS,ATIDLN,SNLLQE,DTTYRF,LNANRS,NLLQEL,TYMLSN,ILNANR,PGGRFN,VRESGH,LLYKYE,ANRSYY,LAYRWL
GH37	4	Basme2finSC|Basme2finSC_208700	7.12	17	SKTFVD,FGWTNG,GFGWTN,YYLNRS,PRPESY,GGGGEY,DSKTFV,YLNRSQ,QPPLLT,RSQPPL,SQPPLL,GWTNGV,LNRSQP,IPVDLN,IIPVDL,NRSQPP,QWDFPN
GH37	4	Basme2finSC|Basme2finSC_324507	6.46	17	GGRFRE,PRPESY,GWTNGV,LNRSQP,GGGGEY,NRSQPP,YYLNRS,QWDFPN,GAESGW,GFGWTN,GGEYEV,FGWTNG,PGGRFR,DSKTFV,YLNRSQ,SKTFVD,AESGWD
GH38	5	Basme2finSC|Basme2finSC_269045	12.1	29	LNQFHD,PDTFGY,TAWLWP,TQKLSW,LSWNNI,GDGGGG,KLSWNN,QFHDVL,CHIDTA,LLNQFH,RGTYTS,LKVEFP,DVLPGS,FWLPDT,LPDTFG,WLPDTF,YETQFG,FLKVEF,IDTAWL,HIDTAW,HRGTYT,QKLSWN,FHDVLP,DGGGGP,HDVLPG,DTAWLW,DTFGYS,AKFEVC,SWNNIN
GH47	1	Basme2finSC|Basme2finSC_202091	5.72	14	GGLLSA,TEAHPF,YEYLLK,MDHLVC,PKMDHL,KMDHLV,LAETLK,AETLKY,NTEAHP,DHLVCF,GSRGDS,GLLSAY,FETTIR,VFETTI
GH47	1	Basme2finSC|Basme2finSC_207776	4.26	10	SFYEYL,RPETVE,GDSFYE,YLYLLF,YEYLLK,DSFYEY,PETVES,KYLYLL,FETTIR,FYEYLL
GH47	2	Basme2finSC|Basme2finSC_63273	4.25	9	RYLGGL,TEAHPF,TIRYLG,ETTIRY,YILRPE,IRYLGG,FETTIR,GWGATL,TTIRYL
GH47	3	Basme2finSC|Basme2finSC_204582	5.7	16	YPRVNL,TLIDSL,PLRPEF,LYQATK,PRVNLR,FTTEGH,DSFFEY,SLTLID,PYPRVN,YPLRPE,GAGVDS,DRMESF,YSLTLI,AGAGSL,LTLIDS,RLLPAF
GH47	5	Basme2finSC|Basme2finSC_265864	9.0	9	DSFYEY,FGAMGD,GAMGDS,YEYLLK,SFYEYL,MGDSFY,FYEYLL,AMGDSF,GDSFYE
GH47	6	Basme2finSC|Basme2finSC_324859	6.92	16	SYYEYL,YLLKQW,VLGGLL,YYEYLL,DSYYEY,EYLLKQ,YEYLLK,HNLLRP,LVPIFI,IRVLGG,SPSGIP,RVLGGL,NLLRPE,GLVPIF,LGGLLS,LLRPET
GH5	5	Basme2finSC|Basme2finSC_249718	6.88	9	NGFDNS,PGSQNG,GARYDG,ITPSLF,SQNGFD,QNGFDN,GFDNSG,TPSLFE,GSQNGF
GH5	5	Basme2finSC|Basme2finSC_330836	6.88	9	TPSLFE,GARYDG,NGFDNS,QNGFDN,ITPSLF,GFDNSG,PGSQNG,SQNGFD,GSQNGF
GH5	5	Basme2finSC|Basme2finSC_208588	6.31	9	TPSLFE,VNLGGW,GARYDG,NGFDNS,QNGFDN,GVNLGG,ITPSLF,GFDNSG,SQNGFD
GH5	19	Basme2finSC|Basme2finSC_274903	12.9	17	QDVWSR,SRFSGG,WSRFSG,RFSGGS,TLFFGG,LEHAGP,GGSGAP,DVWSRF,TMFTLF,FSGGSG,VWSRFS,SGGSGA,HQDVWS,EHAGPG,PHQDVW,MFTLFF,DPHQDV
GH5	20	Basme2finSC|Basme2finSC_316974	8.61	19	SQNGWN,APGSQN,LHGAPG,DHVRIP,GWNHSG,GAPGSQ,NGWNHS,HGAPGS,AGLDHV,WNHSGR,LDHVRI,ARKYGL,RKYGLR,WARKYG,GLDHVR,PGSQNG,GSQNGW,QNGWNH,KYGLRV
GH5	20	Basme2finSC|Basme2finSC_312762	7.26	16	WNHSGR,APGSQN,QNGWNH,GSQNGW,AGLDHV,SQNGWN,HGAPGS,PGSQNG,LHGAPG,DHVRIP,LDHVRI,NGWNHS,GLDHVR,GAPGSQ,GWNHSG,WARKYG
GH63	2	Basme2finSC|Basme2finSC_285849	19.5	26	EARSKV,GLDDYP,WDEGFH,ARSKVP,TSGLDD,FLWDEG,DEGFHQ,LRSLSK,PRGFLW,TLTSGL,YRWRGR,LDDYPR,GLRSLS,LTSGLD,REQILG,DYPRAS,FFPRGF,DDYPRA,RGFLWD,FPRGFL,LWDEGF,SGLDDY,GFLWDE,YGLRSL,EGFHQL,ANPPTL
GH72	1	Basme2finSC|Basme2finSC_278264	4.82	9	SEFGCN,VLGFFA,LGFFAG,GFFAGN,NNYGLV,NVLGFF,FAGNEV,FFAGNE,SSSSSS
GH72	2	Basme2finSC|Basme2finSC_239885	9.58	17	KGSKFF,IKGSKF,NIYSWC,NTIRVY,IGFFAG,KGVAYQ,NVIGFF,FAGNEV,YNIYSW,YSVPVF,SGGIVY,FFAGNE,GFFAGN,IYSWCG,VIGFFA,GYNIYS,YSWCGD
GH72	2	Basme2finSC|Basme2finSC_141880	8.23	14	KGVAYQ,IYSWCG,NTIRVY,GYNIYS,NVIGFF,NIYSWC,VIGFFA,YNIYSW,FFAGNE,IGFFAG,SGGIVY,FAGNEV,YSWCGD,GFFAGN
GH8	7	Basme2finSC|Basme2finSC_274393	4.28	11	AHGYGM,ATDGDL,HGYGML,GDLDIA,TDGDLD,RVPWRL,SEAHGY,EAHGYG,DGDLDI,CRVPWR,TRPSDF
GH8	23	Basme2finSC|Basme2finSC_316999	5.0	6	CSEAHG,TCSEAH,MLISVL,SEAHGY,KALVDY,ITCSEA
GH85	6	Basme2finSC|Basme2finSC_86361	5.55	12	GFDGWL,VIWYDS,VLGTFI,LGTFIT,IWYDSV,TFITEW,LVCHDM,AAIFAP,GTFITE,SAAIFA,WYDSVT,FVYFSH
GH9	1	Basme2finSC|Basme2finSC_237809	5.17	13	YGALVG,GALVGG,RSGKLP,VDYILG,QRSGKL,AALAAA,ALAAAS,LYGALV,AQRSGK,GGYYDA,YYDAGD,GYYDAG,ALVGGP
GH9	1	Basme2finSC|Basme2finSC_324186	2.87	7	GALVGG,QRSGKL,LYGALV,RSGKLP,ALVGGP,DYNAGF,YGALVG
GH9	7	Basme2finSC|Basme2finSC_407629	3.34	6	GALVGG,LYGALV,YGALVG,DYNAAF,LVGGPD,ALVGGP
GH9	19	Basme2finSC|Basme2finSC_321141	8.26	16	HVLYGA,NSPQNP,YEAQRS,SPQNPH,GYYDAG,VDNNYW,WFYEAQ,ALDYNA,YDAGDY,DNNYWG,LDYNAP,DYNAPF,GGYYDA,YYDAGD,FYEAQR,EAQRSG
GH9	19	Basme2finSC|Basme2finSC_318763	8.26	16	YDAGDY,DYNAPF,ALDYNA,GGYYDA,FYEAQR,LDYNAP,HVLYGA,NSPQNP,EAQRSG,YYDAGD,VDNNYW,YEAQRS,GYYDAG,DNNYWG,SPQNPH,WFYEAQ
GH9	19	Basme2finSC|Basme2finSC_330368	6.4	12	YDAGDY,FYEAQR,LSGGYY,AVVGGP,ALDYNA,DLSGGY,GAVVGG,YYDAGD,EAQRSG,YEAQRS,GYYDAG,GGYYDA
GH9	19	Basme2finSC|Basme2finSC_162588	3.53	8	AQRSGR,EAQRSG,YYDAGD,LSGGYY,GGYYDA,GYYDAG,QRSGRL,DLSGGY
AA1	16	Basme2finSC|Basme2finSC_333685	7.28	16	AEPVPD,DGLRAP,HCHIEW,QRYSVL,HPFHLH,IIEVDG,VDGLRA,FHLHGH,AQRYSV,RADNPG,NYYDGA,CHIEWH,YVDGLR,GAEPVP,PFHLHG,RYSVLV
AA1	27	Basme2finSC|Basme2finSC_365755	5.16	8	GTYFYH,EADGSY,TIIEAD,KTYRFR,YFYHSH,IIEADG,TYFYHS,IEADGS
AA1	38	Basme2finSC|Basme2finSC_291545	7.99	9	HPFHLH,PFHLHG,FHLHGH,TVIEAD,VADNPG,PGQRYS,VIEADG,DNPGVW,ADNPGV
AA1	38	Basme2finSC|Basme2finSC_299409	6.0	7	TMTVIE,PFHLHG,FHLHGH,ADNPGV,DNPGVW,VADNPG,HPFHLH
AA1	38	Basme2finSC|Basme2finSC_306084	5.2	6	TMTVIE,FHLHGH,DNPGVW,PFHLHG,HPFHLH,ADNPGV
AA12	1	Basme2finSC|Basme2finSC_337458	5.63	14	CFRPVG,FRPVGL,VGLAFD,APLDIK,HGSWNR,FHGSWN,SFHGSW,RPVGLA,NPAEEM,LNHGIA,PLDIKF,PVGLAF,GSWNRD,PAEEMN
AA3	6	Basme2finSC|Basme2finSC_317474	10.0	20	KFRVRG,VDASVF,AVLDSK,SGAGGG,VGSGAG,DSKFRV,LDSKFR,MAVLDS,RVVDAS,DASVFP,VLDSKF,LLIEAG,MQDRYE,VVGSGA,GSGAGG,VVDASV,SKFRVR,TLLIEA,NMQDRY,LRVVDA
AA6	1	Basme2finSC|Basme2finSC_67712	4.15	7	IYVPLG,FGIPTR,LFGIPT,GSPWGA,SPWGAG,PWGAGT,GGSPWG
AA6	2	Basme2finSC|Basme2finSC_263463	3.59	8	GGQETT,LVHHGM,ETTALT,GMIFVP,GQETTA,HGMIFV,DGSRQP,QETTAL
AA6	3	Basme2finSC|Basme2finSC_231375	8.01	16	GGSAYG,HGGQET,SAYGAG,ETTALT,TGGLWA,FTSTAS,GQETTA,GGQETT,ASQHGG,TASQHG,QHGGQE,TSTASQ,GSAYGA,AYGAGT,STASQH,SQHGGQ
AA6	3	Basme2finSC|Basme2finSC_318161	8.01	16	GQETTA,TASQHG,ASQHGG,TSTASQ,GSAYGA,FTSTAS,HGGQET,STASQH,SAYGAG,TGGLWA,GGQETT,AYGAGT,GGSAYG,SQHGGQ,ETTALT,QHGGQE
AA6	3	Basme2finSC|Basme2finSC_390068	6.63	13	GGQETT,AYGAGT,TASQHG,GSAYGA,SQHGGQ,QHGGQE,SAYGAG,STASQH,HGGQET,GGSAYG,ETTALT,GQETTA,ASQHGG
AA6	3	Basme2finSC|Basme2finSC_321900	6.63	13	TASQHG,STASQH,SQHGGQ,AYGAGT,GGSAYG,GGQETT,QHGGQE,HGGQET,ETTALT,GSAYGA,ASQHGG,SAYGAG,GQETTA
AA6	3	Basme2finSC|Basme2finSC_205270	6.63	13	STASQH,QHGGQE,GQETTA,GGQETT,ETTALT,GSAYGA,ASQHGG,TASQHG,GGSAYG,AYGAGT,HGGQET,SAYGAG,SQHGGQ
AA6	3	Basme2finSC|Basme2finSC_322840	6.63	13	STASQH,QHGGQE,GQETTA,GGQETT,ETTALT,GSAYGA,ASQHGG,TASQHG,GGSAYG,AYGAGT,HGGQET,SAYGAG,SQHGGQ
AA6	3	Basme2finSC|Basme2finSC_275559	6.63	13	STASQH,QHGGQE,GQETTA,GGQETT,ETTALT,GSAYGA,ASQHGG,TASQHG,GGSAYG,AYGAGT,HGGQET,SAYGAG,SQHGGQ
AA6	3	Basme2finSC|Basme2finSC_275561	6.63	13	STASQH,QHGGQE,GQETTA,GGQETT,ETTALT,GSAYGA,ASQHGG,TASQHG,GGSAYG,AYGAGT,HGGQET,SAYGAG,SQHGGQ
AA6	3	Basme2finSC|Basme2finSC_334180	6.63	13	TASQHG,HGGQET,GQETTA,ASQHGG,SAYGAG,STASQH,GGSAYG,GGQETT,GSAYGA,SQHGGQ,ETTALT,QHGGQE,AYGAGT
AA6	3	Basme2finSC|Basme2finSC_315476	4.68	10	SQHGGQ,ASQHGG,WAKGAL,STASQH,HGGQET,LWAKGA,GQETTA,TASQHG,GGQETT,QHGGQE
AA6	3	Basme2finSC|Basme2finSC_352469	2.95	7	SQHGGQ,WAKGAL,LWAKGA,HGGQET,GQETTA,GGQETT,QHGGQE
PL14	3	Basme2finSC|Basme2finSC_200862	8.04	11	VKGGKL,STFFGG,LPGLYG,PGLYGG,KLPGLY,KGGKLP,FVKGGK,GKLPGL,GGKLPG,TFFGGN,FSTFFG
PL14	3	Basme2finSC|Basme2finSC_320547	4.8	9	VYAYLP,DFVKGG,GGKLPG,VKGGKL,GEVYAY,TFFGGS,FDFVKG,KGGKLP,FVKGGK
PL14	3	Basme2finSC|Basme2finSC_320546	4.45	9	TRFMWR,GGKLPG,FSTRFM,VKGGKL,STRFMW,GDGEVY,KGGKLP,CFSTRF,FVKGGK
PL14	3	Basme2finSC|Basme2finSC_277672	4.22	8	VKGGKL,FVKGGK,KGGKLP,STRFMW,CFSTRF,TRFMWR,FSTRFM,GGKLPG
PL14	8	Basme2finSC|Basme2finSC_186175	7.83	8	STFFGG,FSTFFG,EVYAYI,VYAYIP,GGKLPG,GEVYAY,GKLPGL,KGGKLP
PL14	8	Basme2finSC|Basme2finSC_185889	6.83	7	GGKLPG,KGGKLP,GEVYAY,FSTFFG,EVYAYI,VYAYIP,STFFGG
PL14	8	Basme2finSC|Basme2finSC_350993	5.32	6	GKLPGL,CFSTRL,GGKLPG,TRLMWR,FSTRLM,STRLMW
GT1	7	Basme2finSC|Basme2finSC_290252	13.8	30	GYWFLD,TMPWTR,IESPSA,FGDQFF,ESPSAM,YIGFGS,HDWLFP,IGFGSI,GFGSIV,PHDWLF,HHGGAG,GGAGTT,GDVQPY,MPWTRT,PWTRTR,KPFFGD,VPHDWL,FTMPWT,PFFGDQ,FGSIVV,FFGDQF,HGGAGT,QPYIAL,DVQPYI,RGDVQP,IKPFFG,DWLFPQ,VYIGFG,VQPYIA,VHHGGA
GT1	76	Basme2finSC|Basme2finSC_207378	10.3	27	PFFGDQ,IANPPS,PSFAHI,VPFFGD,FAHIHC,HGGAGT,VGSRGD,NPPSFA,IGFGSI,HIHCAE,GAGTTA,GGAGTT,IHCAEK,IIANPP,LGDIIN,GDQPFW,YIGFGS,DQPFWG,PPSFAH,PHDWLF,AHIHCA,ANPPSF,FGDQPF,SFAHIH,GFGSIV,HHGGAG,FFGDQP
GT10	12	Basme2finSC|Basme2finSC_372343	6.64	7	AFENSN,FENSNC,YLAFEN,ELAEYL,LAFENS,TYRRDS,FYLAFE
GT2	9	Basme2finSC|Basme2finSC_282155	26.3	44	VSWGTK,FEYKMS,LLNPLV,KMSNIL,AEDRIL,EFISQR,YLDPWH,MYLAED,DKPLES,ILDKPL,QRRRWL,RWLNGS,YKMSNI,SVLPGA,SNILDK,LNPLVA,YLAEDR,PGAFSA,SQRRRW,RRRWLN,RRWLNG,EDRILC,DVSWGT,AFSAYR,HDVSWG,GGACGE,NILDKP,MSNILD,GACGEI,NMYLAE,SWGTKG,EYKMSN,LAEDRI,VLPGAF,LPGAFS,LDKPLE,ISQRRR,FISQRR,DRILCF,RILCFE,TMYNED,QNFEYK,ISVLPG,GAFSAY
GT2	9	Basme2finSC|Basme2finSC_358785	24.7	41	GGACGE,NMYLAE,DVSWGT,MSNILD,ISVLPG,LDKPLE,FISQRR,MYLAED,LAEDRI,LPGAFS,SQRRRW,SNILDK,AFSAYR,SVLPGA,TMYNED,SWGTKG,YLAEDR,DKPLES,RRWLNG,GAFSAY,RWLNGS,DRILCF,QNFEYK,RILCFE,QRRRWL,HDVSWG,NILDKP,EYKMSN,YKMSNI,EDRILC,ILDKPL,AEDRIL,PGAFSA,VSWGTK,FEYKMS,VLPGAF,EFISQR,KMSNIL,ISQRRR,GACGEI,RRRWLN
GT2	9	Basme2finSC|Basme2finSC_316338	24.7	41	SWGTKG,LPGAFS,FISQRR,QRRRWL,RILCFE,GGACGE,VSWGTK,RRRWLN,FEYKMS,EYKMSN,KMSNIL,TMYNED,DKPLES,EDRILC,DRILCF,NMYLAE,EFISQR,GAFSAY,DVSWGT,LDKPLE,ILDKPL,MYLAED,HDVSWG,SQRRRW,SVLPGA,VLPGAF,AEDRIL,ISVLPG,LAEDRI,RRWLNG,YLAEDR,SNILDK,GACGEI,RWLNGS,AFSAYR,MSNILD,ISQRRR,YKMSNI,NILDKP,QNFEYK,PGAFSA
GT2	9	Basme2finSC|Basme2finSC_315130	24.7	41	SWGTKG,LPGAFS,FISQRR,QRRRWL,RILCFE,GGACGE,VSWGTK,RRRWLN,FEYKMS,KMSNIL,EYKMSN,TMYNED,DKPLES,EDRILC,DRILCF,NMYLAE,EFISQR,GAFSAY,MYLAED,LDKPLE,ILDKPL,DVSWGT,HDVSWG,SQRRRW,SVLPGA,VLPGAF,AEDRIL,ISVLPG,LAEDRI,RRWLNG,YLAEDR,SNILDK,GACGEI,RWLNGS,AFSAYR,ISQRRR,MSNILD,YKMSNI,NILDKP,QNFEYK,PGAFSA
GT2	9	Basme2finSC|Basme2finSC_217124	24.7	41	NMYLAE,AEDRIL,MSNILD,RRWLNG,SQRRRW,RWLNGS,QNFEYK,FISQRR,LPGAFS,YKMSNI,LAEDRI,MYLAED,NILDKP,EYKMSN,FEYKMS,TMYNED,ILDKPL,KMSNIL,AFSAYR,QRRRWL,PGAFSA,SVLPGA,YLAEDR,ISVLPG,GAFSAY,DKPLES,EFISQR,HDVSWG,DVSWGT,SWGTKG,RILCFE,VSWGTK,GACGEI,VLPGAF,GGACGE,EDRILC,ISQRRR,SNILDK,DRILCF,LDKPLE,RRRWLN
GT2	9	Basme2finSC|Basme2finSC_328012	24.7	41	AEDRIL,NMYLAE,MSNILD,RRWLNG,SQRRRW,RWLNGS,QNFEYK,FISQRR,LPGAFS,YKMSNI,LAEDRI,MYLAED,NILDKP,FEYKMS,EYKMSN,TMYNED,ILDKPL,KMSNIL,AFSAYR,QRRRWL,PGAFSA,SVLPGA,YLAEDR,ISVLPG,GAFSAY,DKPLES,EFISQR,HDVSWG,DVSWGT,SWGTKG,RILCFE,VSWGTK,GACGEI,VLPGAF,GGACGE,EDRILC,ISQRRR,SNILDK,DRILCF,LDKPLE,RRRWLN
GT2	9	Basme2finSC|Basme2finSC_311343	24.1	40	GACGEI,SNILDK,MSNILD,KMSNIL,MYLAED,LPGAFS,QNFEYK,AEDRIL,YKMSNI,HDVSWG,RWLNGS,SWGTKG,YLAEDR,EYKMSN,VSWGTK,FEYKMS,AFSAYR,DRILCF,VLPGAF,RILCFE,FISQRR,GAFSAY,DVSWGT,RRRWLN,QRRRWL,GGACGE,SQRRRW,PGAFSA,ISVLPG,ILDKPL,SVLPGA,LDKPLE,NILDKP,NMYLAE,ISQRRR,LAEDRI,RRWLNG,EFISQR,EDRILC,DKPLES
GT2	9	Basme2finSC|Basme2finSC_227759	24.1	40	GGACGE,FEYKMS,VSWGTK,NILDKP,ISQRRR,QRRRWL,ISVLPG,RRRWLN,FISQRR,MYLAED,YKMSNI,KMSNIL,EDRILC,LPGAFS,SQRRRW,LDKPLE,ILDKPL,VLPGAF,EYKMSN,AFSAYR,SWGTKG,NMYLAE,GAFSAY,SVLPGA,EFISQR,QNFEYK,AEDRIL,PGAFSA,DVSWGT,DRILCF,GACGEI,LAEDRI,RILCFE,MSNILD,YLAEDR,SNILDK,RWLNGS,DKPLES,RRWLNG,HDVSWG
GT2	161	Basme2finSC|Basme2finSC_241521	40.5	62	GEDRYL,LCGTFC,MGLCGE,SVTCLP,NLLLLG,CLPGCF,KKNLLL,DLCGTF,YYISHH,GNRGKR,TCLPGC,KNLLLL,FSMQFV,SQRRRW,RWINST,RGKRDS,RHNMAK,RRWINS,LMVDAD,ETKIAN,NRGKRD,LLSQRR,TFPKRK,FCFSMQ,VTCLPG,CGTFCF,NSTVHN,VLLSQR,GETKIA,FGSVTC,LLLGED,GTFCFS,INSTVH,LHKKNL,TLHKKN,IQVFEY,MVDADT,LSQRRR,WINSTV,KRHNMA,PGNRGK,LLGEDR,GSVTCL,LLLLGE,QRRRWI,FDDFSW,GLCGET,DDFSWG,GKRDSQ,STVHNL,CFSMQF,TKIANK,KPGNRG,IMGLCG,EYYISH,HKKNLL,CGETKI,RRRWIN,KRDSQI,TFCFSM,LCGETK,LGEDRY
GT2	161	Basme2finSC|Basme2finSC_269944	40.1	62	KPGNRG,YYISHH,LLSQRR,TFPKRK,CGETKI,SQRRRW,INSTVH,TLHKKN,HKKNLL,RWINST,GKRDSQ,NRGKRD,VLLSQR,FCFSMQ,CLPGCF,LMVDAD,CGTFCF,EYYISH,KKNLLL,RHNMAK,DADTKV,WINSTV,RGKRDS,TKIANK,FDDFSW,MVDADT,NSTVHN,LGEDRY,STVHNL,RRWINS,NLLLLG,KNLLLL,GTFCFS,ETKIAN,VTCLPG,VDADTK,QRRRWI,FSMQFV,TCLPGC,LLGEDR,LCGTFC,GETKIA,KRHNMA,GEDRYL,CFSMQF,RRRWIN,LSQRRR,IMGLCG,GLCGET,GNRGKR,LHKKNL,DLCGTF,PGNRGK,DDFSWG,KRDSQI,LCGETK,WNFVLP,LLLGED,MGLCGE,TFCFSM,IQVFEY,LLLLGE
GT2	161	Basme2finSC|Basme2finSC_223771	40.1	62	IMGLCG,NRGKRD,STVHNL,CLPGCF,SQRRRW,CGTFCF,MGLCGE,GEDRYL,LSQRRR,INSTVH,NSTVHN,KPGNRG,PGNRGK,VLLSQR,EYYISH,RHNMAK,GETKIA,KKNLLL,KRDSQI,LGEDRY,CGETKI,LHKKNL,FCFSMQ,HKKNLL,VDADTK,GTFCFS,LCGTFC,GKRDSQ,WNFVLP,DLCGTF,GLCGET,GNRGKR,YYISHH,VTCLPG,IQVFEY,LLLLGE,CFSMQF,TFCFSM,KRHNMA,LMVDAD,LLGEDR,KNLLLL,WINSTV,MVDADT,RRRWIN,ETKIAN,FSMQFV,DDFSWG,FDDFSW,RRWINS,TLHKKN,NLLLLG,QRRRWI,TCLPGC,LLLGED,RWINST,TFPKRK,LLSQRR,TKIANK,LCGETK,DADTKV,RGKRDS
GT2	161	Basme2finSC|Basme2finSC_24397	39.7	61	IMGLCG,NRGKRD,STVHNL,CLPGCF,SQRRRW,CGTFCF,MGLCGE,GEDRYL,LSQRRR,INSTVH,NSTVHN,KPGNRG,VLLSQR,EYYISH,RHNMAK,KKNLLL,GETKIA,PGNRGK,KRDSQI,LGEDRY,CGETKI,LHKKNL,FCFSMQ,HKKNLL,VDADTK,GTFCFS,LCGTFC,GKRDSQ,DLCGTF,GLCGET,GNRGKR,YYISHH,VTCLPG,IQVFEY,LLLLGE,CFSMQF,TFCFSM,KRHNMA,LMVDAD,LLGEDR,KNLLLL,WINSTV,MVDADT,RRRWIN,ETKIAN,FSMQFV,DDFSWG,FDDFSW,RRWINS,TLHKKN,NLLLLG,QRRRWI,TCLPGC,LLLGED,RWINST,TFPKRK,LLSQRR,TKIANK,LCGETK,DADTKV,RGKRDS
GT2	161	Basme2finSC|Basme2finSC_98927	39.0	60	TKIANK,DADTKV,KNLLLL,WNFVLP,KRDSQI,MGLCGE,CGETKI,LSQRRR,CLPGCF,LHKKNL,KRHNMA,GETKIA,QRRRWI,CGTFCF,LLLGED,FDDFSW,KKNLLL,STVHNL,LLSQRR,IMGLCG,RRRWIN,GKRDSQ,NRGKRD,TLHKKN,EYYISH,VTCLPG,FSMQFV,NSTVHN,VDADTK,INSTVH,HKKNLL,RWINST,ETKIAN,CFSMQF,SQRRRW,RHNMAK,RGKRDS,YYISHH,LCGTFC,LCGETK,IQVFEY,TFCFSM,WINSTV,GTFCFS,LLLLGE,MVDADT,DLCGTF,GNRGKR,DDFSWG,LLGEDR,LMVDAD,TFPKRK,FCFSMQ,NLLLLG,VLLSQR,PGNRGK,KPGNRG,TCLPGC,RRWINS,GLCGET
GT2	161	Basme2finSC|Basme2finSC_217906	38.5	59	KPGNRG,GETKIA,LLGEDR,INSTVH,KKNLLL,RWINST,RRWINS,KRDSQI,GLCGET,CGETKI,IMGLCG,LLLLGE,TLHKKN,TFPKRK,RGKRDS,NSTVHN,RRRWIN,MVDADT,LHKKNL,FSMQFV,LMVDAD,VLLSQR,EYYISH,LLLGED,PGNRGK,TKIANK,NLLLLG,CFSMQF,YYISHH,LSQRRR,HKKNLL,DDFSWG,TCLPGC,GNRGKR,LCGETK,TFCFSM,WINSTV,LLSQRR,QRRRWI,SQRRRW,VTCLPG,DLCGTF,CLPGCF,GTFCFS,RHNMAK,KRHNMA,IQVFEY,LCGTFC,KNLLLL,FCFSMQ,GKRDSQ,FDDFSW,STVHNL,VDADTK,CGTFCF,NRGKRD,ETKIAN,DADTKV,MGLCGE
GT2	161	Basme2finSC|Basme2finSC_217490	38.5	59	CGETKI,STVHNL,SQRRRW,RGKRDS,LCGTFC,LLLGED,RRWINS,GLCGET,TFCFSM,FDDFSW,IQVFEY,PGNRGK,FSMQFV,HKKNLL,CFSMQF,RWINST,KKNLLL,TFPKRK,WINSTV,INSTVH,RHNMAK,CGTFCF,DLCGTF,QRRRWI,TLHKKN,LCGETK,EYYISH,RRRWIN,MVDADT,NSTVHN,YYISHH,KNLLLL,GKRDSQ,LLGEDR,FCFSMQ,VDADTK,GTFCFS,TKIANK,CLPGCF,LHKKNL,KRHNMA,IMGLCG,GNRGKR,VTCLPG,LLLLGE,LLSQRR,KRDSQI,DADTKV,GETKIA,TCLPGC,NLLLLG,VLLSQR,KPGNRG,LSQRRR,MGLCGE,DDFSWG,ETKIAN,NRGKRD,LMVDAD
GT2	161	Basme2finSC|Basme2finSC_380602	36.9	56	NRGKRD,IMGLCG,SQRRRW,LHKKNL,RRWINS,RGKRDS,LSQRRR,QRRRWI,KRDSQI,ETKIAN,MGLCGE,CGETKI,CFSMQF,RWINST,CGTFCF,VTCLPG,GNRGKR,LLGEDR,LLSQRR,INSTVH,TCLPGC,KPGNRG,KKNLLL,LLLGED,CLPGCF,KNLLLL,LMVDAD,TFPKRK,DDFSWG,GKRDSQ,NSTVHN,STVHNL,YYISHH,PGNRGK,TFCFSM,DLCGTF,TLHKKN,LLLLGE,IQVFEY,HKKNLL,DADTKV,EYYISH,TKIANK,MVDADT,LCGETK,WINSTV,FDDFSW,GLCGET,GTFCFS,VDADTK,FSMQFV,FCFSMQ,LCGTFC,GETKIA,RRRWIN,NLLLLG
GT2	161	Basme2finSC|Basme2finSC_214880	36.5	57	LCGTFC,EYYISH,ETKIAN,KKNLLL,KRDSQI,DADTKV,RRRWIN,LSQRRR,FCFSMQ,LHKKNL,GKRDSQ,TFPKRK,CLPGCF,LLLLGE,KRHNMA,CFSMQF,RRWINS,GETKIA,LGEDRY,LLLGED,LMVDAD,TLHKKN,PGNRGK,LLGEDR,GNRGKR,RHNMAK,VTCLPG,KNLLLL,GLCGET,FSMQFV,VDADTK,CGETKI,YYISHH,HKKNLL,DDFSWG,NLLLLG,RGKRDS,RWINST,GEDRYL,IQVFEY,WNFVLP,GTFCFS,FDDFSW,TCLPGC,QRRRWI,SQRRRW,LCGETK,LLSQRR,MGLCGE,DLCGTF,TKIANK,CGTFCF,KPGNRG,TFCFSM,IMGLCG,NRGKRD,MVDADT
GT2	161	Basme2finSC|Basme2finSC_323786	35.6	56	DLCGTF,CFSMQF,TFCFSM,GTFCFS,LLLLGE,EYYISH,DDFSWG,LCGETK,LLLGED,RRWINS,LMVDAD,IMGLCG,KKNLLL,FCFSMQ,LCGTFC,PGCFSM,YYISHH,SQRRRW,VLLSQR,TCLPGC,LSQRRR,FDDFSW,VDADTK,FSMQFV,LPGCFS,CGTFCF,GETKIA,GNRGKR,KNLLLL,LHKKNL,RGKRDS,DADTKV,WNFVLP,LLGEDR,TFPKRK,ETKIAN,KRDSQI,LLSQRR,IQVFEY,GLCGET,RRRWIN,NRGKRD,TKIANK,CLPGCF,RHNMAK,RWINST,KRHNMA,HKKNLL,GKRDSQ,TLHKKN,QRRRWI,MVDADT,MGLCGE,NLLLLG,CGETKI,VTCLPG
GT2	161	Basme2finSC|Basme2finSC_291158	35.2	53	MGLCGE,TCLPGC,WINSTV,ETKIAN,PGNRGK,NSTVHN,LCGETK,TFCFSM,RWINST,DLCGTF,LHKKNL,LSQRRR,VLLSQR,FDDFSW,LLSQRR,CGTFCF,STVHNL,GKRDSQ,QRRRWI,LLGEDR,GLCGET,CGETKI,RRRWIN,IQVFEY,DADTKV,CLPGCF,RHNMAK,KRHNMA,TFPKRK,LCGTFC,DDFSWG,RGKRDS,CFSMQF,LMVDAD,TLHKKN,KPGNRG,INSTVH,GETKIA,FCFSMQ,IMGLCG,RRWINS,VDADTK,TKIANK,GNRGKR,YYISHH,SQRRRW,EYYISH,MVDADT,KRDSQI,FSMQFV,VTCLPG,NRGKRD,GTFCFS
GT2	161	Basme2finSC|Basme2finSC_376454	31.4	47	IMGLCG,NRGKRD,CLPGCF,SQRRRW,CGTFCF,MGLCGE,KPGNRG,LSQRRR,VLLSQR,EYYISH,PGNRGK,GETKIA,CGETKI,FCFSMQ,VDADTK,GTFCFS,LCGTFC,GKRDSQ,WNFVLP,GLCGET,GNRGKR,YYISHH,VTCLPG,IQVFEY,LLLLGE,CFSMQF,TFCFSM,LMVDAD,LLGEDR,KNLLLL,MVDADT,RRRWIN,ETKIAN,FSMQFV,DDFSWG,FDDFSW,RRWINS,NLLLLG,QRRRWI,TCLPGC,LLLGED,RWINST,TKIANK,LLSQRR,LCGETK,DADTKV,RGKRDS
GT2	161	Basme2finSC|Basme2finSC_245835	31.0	46	GTFCFS,TCLPGC,LSQRRR,LLLGED,DDFSWG,KRDSQI,LCGTFC,LMVDAD,RGKRDS,LLSQRR,NRGKRD,ETKIAN,RRRWIN,VLLSQR,YYISHH,VTCLPG,VDADTK,RRWINS,PGNRGK,SQRRRW,CGTFCF,KPGNRG,LCGETK,TFCFSM,KNLLLL,GETKIA,GLCGET,FDDFSW,QRRRWI,GKRDSQ,RWINST,TKIANK,FSMQFV,IQVFEY,CLPGCF,MVDADT,NLLLLG,LLGEDR,GNRGKR,CGETKI,CFSMQF,FCFSMQ,LLLLGE,EYYISH,DADTKV,MGLCGE
GT2	161	Basme2finSC|Basme2finSC_210639	30.9	46	MGLCGE,TCLPGC,ETKIAN,PGNRGK,LCGETK,TFCFSM,RWINST,LSQRRR,VLLSQR,FDDFSW,LLSQRR,CGTFCF,LLLGED,GKRDSQ,QRRRWI,LLGEDR,GLCGET,CGETKI,RRRWIN,IQVFEY,DADTKV,KNLLLL,CLPGCF,LCGTFC,DDFSWG,RGKRDS,CFSMQF,LMVDAD,KPGNRG,LLLLGE,GETKIA,FCFSMQ,IMGLCG,RRWINS,VDADTK,TKIANK,GNRGKR,YYISHH,SQRRRW,EYYISH,MVDADT,NLLLLG,FSMQFV,VTCLPG,NRGKRD,GTFCFS
GT2	161	Basme2finSC|Basme2finSC_390305	30.4	44	ETKIAN,KRDSQI,KKNLLL,DADTKV,RRRWIN,LSQRRR,PGCFSM,LPGCFS,FCFSMQ,LHKKNL,GKRDSQ,TFPKRK,CLPGCF,WINSTV,LLLLGE,CFSMQF,VLLSQR,RRWINS,GETKIA,LGEDRY,LLLGED,TLHKKN,PGNRGK,LLGEDR,GNRGKR,VTCLPG,KNLLLL,VDADTK,CGETKI,HKKNLL,NLLLLG,RGKRDS,RWINST,GEDRYL,TCLPGC,NSTVHN,QRRRWI,SQRRRW,INSTVH,LLSQRR,TKIANK,KPGNRG,NRGKRD,MVDADT
GT2	161	Basme2finSC|Basme2finSC_392511	30.4	44	WINSTV,ETKIAN,FCFSMQ,RWINST,LSQRRR,RRWINS,QRRRWI,NRGKRD,LLLGED,KKNLLL,GNRGKR,TCLPGC,VLLSQR,GEDRYL,HKKNLL,RRRWIN,LLSQRR,GETKIA,MVDADT,TLHKKN,INSTVH,LPGCFS,CLPGCF,LGEDRY,GKRDSQ,LHKKNL,PGNRGK,LLLLGE,KNLLLL,TFPKRK,PGCFSM,DADTKV,KRDSQI,NSTVHN,VTCLPG,CFSMQF,VDADTK,LLGEDR,SQRRRW,KPGNRG,TKIANK,RGKRDS,NLLLLG,CGETKI
GT2	161	Basme2finSC|Basme2finSC_160618	29.7	44	MVDADT,VTCLPG,KRDSQI,IMGLCG,RHNMAK,LCGTFC,GTFCFS,PGNRGK,KPGNRG,NLLLLG,KRHNMA,GNRGKR,YYISHH,LLLGED,GKRDSQ,VDADTK,CLPGCF,FDDFSW,FSMQFV,GLCGET,NRGKRD,LLGEDR,EYYISH,RGKRDS,CFSMQF,TFCFSM,SQRRRW,RRWINS,FCFSMQ,CGTFCF,RWINST,LMVDAD,DDFSWG,LLLLGE,DADTKV,LSQRRR,TCLPGC,IQVFEY,RRRWIN,WNFVLP,MGLCGE,KNLLLL,LLSQRR,QRRRWI
GT2	161	Basme2finSC|Basme2finSC_325545	29.3	44	DADTKV,LCGETK,QRRRWI,GETKIA,MVDADT,RRRWIN,LCGTFC,SQRRRW,FDDFSW,CLPGCF,IQVFEY,RWINST,YYISHH,RRWINS,CGETKI,VTCLPG,GLCGET,MGLCGE,IMGLCG,NLLLLG,LLSQRR,LSQRRR,GKRDSQ,ETKIAN,CGTFCF,NRGKRD,RGKRDS,KNLLLL,VDADTK,TFCFSM,DDFSWG,TCLPGC,LLLGED,LMVDAD,LLLLGE,TKIANK,FCFSMQ,LLGEDR,GTFCFS,VLLSQR,EYYISH,GNRGKR,CFSMQF,FSMQFV
GT2	161	Basme2finSC|Basme2finSC_320303	29.0	42	NRGKRD,RGKRDS,GKRDSQ,SQRRRW,RRWINS,YYISHH,TCLPGC,RRRWIN,EYYISH,CGTFCF,LSQRRR,LLGEDR,CFSMQF,CLPGCF,PGNRGK,VTCLPG,NLLLLG,LLSQRR,LLLGED,KPGNRG,WNFVLP,LLLLGE,FSMQFV,RWINST,KNLLLL,GTFCFS,QRRRWI,DADTKV,MGLCGE,FDDFSW,GLCGET,FCFSMQ,MVDADT,TFCFSM,IQVFEY,IMGLCG,GNRGKR,LMVDAD,VDADTK,LCGTFC,DDFSWG,VLLSQR
GT2	161	Basme2finSC|Basme2finSC_226300	28.9	42	PGNRGK,VTCLPG,MVDADT,CLPGCF,GNRGKR,RRRWIN,IMGLCG,VDADTK,FCFSMQ,LSQRRR,IQVFEY,LCGTFC,LLLGED,WNFVLP,GLCGET,LLLLGE,MGLCGE,RGKRDS,KPGNRG,KNLLLL,QRRRWI,EYYISH,VLLSQR,GKRDSQ,LLGEDR,TFCFSM,GTFCFS,CFSMQF,LLSQRR,NRGKRD,DADTKV,CGTFCF,NLLLLG,FSMQFV,YYISHH,SQRRRW,RRWINS,FDDFSW,RWINST,TCLPGC,LMVDAD,DDFSWG
GT2	161	Basme2finSC|Basme2finSC_199113	28.8	42	NRGKRD,IMGLCG,SQRRRW,RRWINS,RGKRDS,LSQRRR,QRRRWI,KRDSQI,MGLCGE,CFSMQF,RWINST,CGTFCF,VTCLPG,GNRGKR,LLGEDR,WNFVLP,LLSQRR,TCLPGC,KPGNRG,LLLGED,CLPGCF,KNLLLL,LMVDAD,DDFSWG,GKRDSQ,YYISHH,PGNRGK,TFCFSM,LLLLGE,IQVFEY,DADTKV,EYYISH,MVDADT,FDDFSW,GLCGET,GTFCFS,VDADTK,FSMQFV,FCFSMQ,LCGTFC,RRRWIN,NLLLLG
GT2	161	Basme2finSC|Basme2finSC_409623	27.5	37	TCLPGC,LSQRRR,DDFSWG,LGEDRY,KRDSQI,LMVDAD,RGKRDS,LLSQRR,GSVTCL,NRGKRD,WINSTV,RRRWIN,HKKNLL,VLLSQR,YYISHH,VTCLPG,RRWINS,PGNRGK,SQRRRW,STVHNL,GEDRYL,FGSVTC,TLHKKN,LHKKNL,GLCGET,FDDFSW,QRRRWI,GKRDSQ,RWINST,CLPGCF,INSTVH,SVTCLP,MVDADT,GNRGKR,AKAFES,EYYISH,NSTVHN
GT2	161	Basme2finSC|Basme2finSC_265193	27.5	37	PGNRGK,SVTCLP,WINSTV,EYYISH,DDFSWG,LMVDAD,RRWINS,FGSVTC,NSTVHN,GEDRYL,YYISHH,SQRRRW,VLLSQR,TCLPGC,GSVTCL,LSQRRR,LGEDRY,FDDFSW,STVHNL,GNRGKR,LHKKNL,RGKRDS,KRDSQI,AKAFES,LLSQRR,INSTVH,RRRWIN,GLCGET,NRGKRD,CLPGCF,RWINST,HKKNLL,GKRDSQ,QRRRWI,TLHKKN,MVDADT,VTCLPG
GT2	161	Basme2finSC|Basme2finSC_383515	26.8	36	TCLPGC,HKKNLL,SQRRRW,CLPGCF,RGKRDS,GLCGET,NRGKRD,LLSQRR,GNRGKR,LGEDRY,STVHNL,SVTCLP,VTCLPG,MVDADT,RRRWIN,FGSVTC,GEDRYL,LSQRRR,TLHKKN,EYYISH,GKRDSQ,DDFSWG,LMVDAD,QRRRWI,WINSTV,KRDSQI,RWINST,YYISHH,LHKKNL,RRWINS,GSVTCL,FDDFSW,NSTVHN,PGNRGK,AKAFES,INSTVH
GT2	161	Basme2finSC|Basme2finSC_264324	26.1	36	GEDRYL,MGLCGE,NLLLLG,CLPGCF,KKNLLL,GNRGKR,TCLPGC,KNLLLL,SQRRRW,RWINST,VTCLPG,RRWINS,LMVDAD,LLSQRR,NRGKRD,TFPKRK,RGKRDS,GLCGET,NSTVHN,VLLSQR,LLLGED,INSTVH,LHKKNL,TLHKKN,MVDADT,LSQRRR,WINSTV,LLGEDR,LLLLGE,QRRRWI,GKRDSQ,STVHNL,HKKNLL,RRRWIN,LCGETK,LGEDRY
GT2	161	Basme2finSC|Basme2finSC_312084	25.2	33	TCLPGC,SQRRRW,CLPGCF,VLLSQR,RGKRDS,NRGKRD,LLSQRR,GNRGKR,LGEDRY,STVHNL,SVTCLP,VTCLPG,MVDADT,PGCFSM,RRRWIN,FGSVTC,GEDRYL,LSQRRR,GKRDSQ,DDFSWG,LMVDAD,QRRRWI,WINSTV,RWINST,LPGCFS,RRWINS,GSVTCL,FDDFSW,NSTVHN,PGNRGK,AKAFES,INSTVH,KPGNRG
GT2	161	Basme2finSC|Basme2finSC_411343	24.7	32	LGEDRY,LSQRRR,LHKKNL,CLPGCF,QRRRWI,FDDFSW,STVHNL,LLSQRR,GKRDSQ,RRRWIN,NRGKRD,TLHKKN,VTCLPG,NSTVHN,GSVTCL,HKKNLL,INSTVH,RWINST,FGSVTC,RGKRDS,SQRRRW,WINSTV,MVDADT,SVTCLP,GNRGKR,DDFSWG,LMVDAD,VLLSQR,GEDRYL,PGNRGK,TCLPGC,RRWINS
GT2	161	Basme2finSC|Basme2finSC_209876	24.7	32	PGNRGK,TLHKKN,SQRRRW,VTCLPG,FGSVTC,LLSQRR,RWINST,HKKNLL,NRGKRD,GSVTCL,VLLSQR,LHKKNL,RRRWIN,GKRDSQ,SVTCLP,STVHNL,QRRRWI,RGKRDS,NSTVHN,TCLPGC,DDFSWG,GNRGKR,MVDADT,GEDRYL,LGEDRY,LMVDAD,CLPGCF,INSTVH,RRWINS,LSQRRR,WINSTV,FDDFSW
GT2	161	Basme2finSC|Basme2finSC_346394	24.4	33	MGLCGE,TLHKKN,FDDFSW,VLLSQR,MAWREK,TCLPGC,SVTCLP,LSQRRR,RGKRDS,HKKNLL,GLCGET,LHKKNL,RRWINS,SQRRRW,GEDRYL,GNRGKR,RRRWIN,FGSVTC,LLSQRR,IMGLCG,DDFSWG,NRGKRD,RWINST,QRRRWI,LMVDAD,GKRDSQ,LGEDRY,PGNRGK,GSVTCL,VTCLPG,CLPGCF,MVDADT,IQVFEY
GT2	161	Basme2finSC|Basme2finSC_338238	23.8	32	IMGLCG,NRGKRD,FGSVTC,CLPGCF,SQRRRW,MGLCGE,GEDRYL,LSQRRR,VLLSQR,PGNRGK,LGEDRY,LHKKNL,GSVTCL,HKKNLL,GKRDSQ,GLCGET,GNRGKR,VTCLPG,LMVDAD,MAWREK,SVTCLP,MVDADT,RRRWIN,DDFSWG,FDDFSW,RRWINS,TLHKKN,QRRRWI,TCLPGC,RWINST,LLSQRR,RGKRDS
GT2	161	Basme2finSC|Basme2finSC_283022	23.7	33	MVDADT,VTCLPG,GEDRYL,TFPKRK,NLLLLG,GNRGKR,VLLSQR,YYISHH,LLLGED,GKRDSQ,CLPGCF,FDDFSW,GLCGET,LLGEDR,RGKRDS,NRGKRD,EYYISH,SQRRRW,RRWINS,RWINST,LMVDAD,DDFSWG,LCGETK,LLLLGE,LGEDRY,LSQRRR,TCLPGC,RRRWIN,WNFVLP,MGLCGE,KNLLLL,LLSQRR,QRRRWI
GT2	241	Basme2finSC|Basme2finSC_311774	12.7	14	ADLQHP,LQHPPE,DADLQH,MDADLQ,CMDADL,RGLSSA,DLQHPP,GLSSAV,GESKLS,ESKLSG,ERGLSS,LSSAVL,SKLSGK,KLSGKV
GT2	241	Basme2finSC|Basme2finSC_314682	12.7	14	MDADLQ,ESKLSG,SKLSGK,DADLQH,KLSGKV,DLQHPP,LQHPPE,LSSAVL,GESKLS,ERGLSS,GLSSAV,ADLQHP,CMDADL,RGLSSA
GT20	2	Basme2finSC|Basme2finSC_220088	36.2	64	GKVVLV,RLDYIK,PFPSSE,TPFPSS,MNLVSY,SSGGLV,RILPVR,VGVDRL,NSILWP,LVSYEY,PLFHYH,GVDRLD,GMNLVS,IYRILP,RHFLSS,TYDYAR,FHYHPG,FPSSEI,DYIKGV,YARHFL,AQSLNG,YDYARH,LVGRIN,LFHYHP,FHTYDY,SEIYRI,NELVGR,GAAQSL,RDGMNL,ELVGRI,GFHTYD,TRDGMN,DYARHF,LHTPFP,NLVSYE,WPLFHY,HTYDYA,YRILPV,VGRING,VNELVG,LDYIKG,AAQSLN,STRDGM,LWPLFH,VDRLDY,KVVLVQ,QVAVPS,DGMNLV,DYHLML,DVEEYQ,FPIGID,SSEIYR,ILWPLF,FLHTPF,YIKGVP,PSSEIY,ARHFLS,DRLDYI,HTPFPS,HYHPGE,VAVPSR,SILWPL,EIYRIL,MSSGGL
GT20	2	Basme2finSC|Basme2finSC_204496	36.2	64	KVVLVQ,NELVGR,GFHTYD,PSSEIY,FPIGID,GVDRLD,HTPFPS,DYARHF,ARHFLS,EIYRIL,TRDGMN,DVEEYQ,PLFHYH,FLHTPF,STRDGM,VNELVG,VGRING,NLVSYE,LVSYEY,SSEIYR,FHTYDY,RDGMNL,FHYHPG,HTYDYA,RLDYIK,AQSLNG,VDRLDY,TPFPSS,LFHYHP,YDYARH,RILPVR,HYHPGE,RHFLSS,ILWPLF,LHTPFP,GKVVLV,YRILPV,VGVDRL,AAQSLN,DYHLML,PFPSSE,GMNLVS,SEIYRI,SSGGLV,DGMNLV,TYDYAR,NSILWP,LVGRIN,DRLDYI,FPSSEI,VAVPSR,GAAQSL,IYRILP,LDYIKG,MSSGGL,MNLVSY,WPLFHY,LWPLFH,ELVGRI,YIKGVP,YARHFL,SILWPL,QVAVPS,DYIKGV
GT20	4	Basme2finSC|Basme2finSC_243118	21.8	27	FDYDGT,TSVRDG,PLILSE,VRDGMN,AEHGCF,LITSVR,RDGMNT,NKGEIV,DGMNTT,DEDMFR,ITSVRD,SAEHGC,LTWHYR,EIVKRL,DYDGTL,KGEIVK,TDEDMF,ISGRDQ,SVRDGM,IWIHDY,LSAEHG,YDGTLT,GLSAEH,LFDYDG,GEIVKR,LGLSAE,LILSEF
GT20	4	Basme2finSC|Basme2finSC_211498	21.8	27	DEDMFR,ISGRDQ,EIVKRL,AEHGCF,GEIVKR,VRDGMN,GLSAEH,LILSEF,DYDGTL,ITSVRD,TSVRDG,SVRDGM,FDYDGT,TDEDMF,SAEHGC,IWIHDY,LSAEHG,PLILSE,LFDYDG,RDGMNT,LITSVR,DGMNTT,LTWHYR,LGLSAE,YDGTLT,KGEIVK,NKGEIV
GT20	4	Basme2finSC|Basme2finSC_221227	14.7	17	LILSEF,NKGEIV,LFDYDG,DGTLTP,FDYDGT,YDGTLT,KGEIVK,DEDMFR,PLILSE,RDGMNT,ISGRDQ,GTLTPI,SAEHGC,DGMNTT,DYDGTL,TDEDMF,AEHGCF
GT20	4	Basme2finSC|Basme2finSC_321698	10.6	13	DYDGTL,AEHGCF,LGLSAE,LFDYDG,DEDMFR,ISGRDQ,FDYDGT,TDEDMF,IWIHDY,LTWHYR,GLSAEH,SAEHGC,LSAEHG
GT20	15	Basme2finSC|Basme2finSC_241037	8.62	16	FSQYLA,ALLTVA,SQYLAL,KGVRQK,EIFRCL,SEIFRC,FPIGID,YLALLT,GMNLTS,MNLTSH,QYLALL,SSEIFR,NLTSHE,FPSSEI,PSSEIF,GRDKLD
GT20	15	Basme2finSC|Basme2finSC_204613	6.98	13	EIFRCL,QYLALL,FPSSEI,GMNLTS,ALLTVA,PSSEIF,SEIFRC,SSEIFR,KGVRQK,MNLTSH,YLALLT,NLTSHE,GRDKLD
GT21	13	Basme2finSC|Basme2finSC_279503	4.69	7	VNPKIN,NPKINN,GVSILR,GVNPKI,YLAEDN,VSILRP,PKINNL
GT21	13	Basme2finSC|Basme2finSC_227502	3.76	6	GVNPKI,NPKINN,PKINNL,YLAEDN,VNPKIN,VGLVHH
GT22	1	Basme2finSC|Basme2finSC_88739	11.1	15	PFTKVE,VEESFN,APFTKV,KEWRFI,HKEWRF,PGVVPR,WRFIIY,VVPRTF,KVEESF,GVVPRT,FTKVEE,VDSYFW,TKVEES,EWRFII,FPGVVP
GT22	2	Basme2finSC|Basme2finSC_279646	13.6	16	FNYWEP,GPNIFG,DCDETF,ETFNYW,TFNYWE,KEERFL,CDETFN,SDCDET,ILGWPF,HKEERF,PHKEER,QPHKEE,DETFNY,ISDCDE,QTWEYS,TWEYSP
GT24	1	Basme2finSC|Basme2finSC_262848	31.5	47	QDLPNN,WGYKIL,SGHLYE,GHLYER,QTEKQR,VIFVDA,LFLDVL,GFRFWK,TKEPKL,HLYERF,DLCNNP,WLWCET,YHISAL,TIDLCN,SVASGH,NLDQDL,DQDLPN,KILFLD,LWCETW,YKILFL,MANLGY,WCETWC,AAGDRL,ASGHLY,AKTIDL,VASGHL,FVDADQ,FSVASG,ILFLDV,LDVLFP,HISALY,GYKILF,KTIDLC,EWLWCE,IFVDAD,PYHISA,LYERFL,CETWCS,DVLFPL,ISALYV,FLDVLF,VKFWFI,IWGYKI,LDQDLP,IDLCNN,KVIFVD,AGDRLR
GT3	1	Basme2finSC|Basme2finSC_210812	34.4	52	HLLKRK,EAEHLL,NRTERL,AEHLLK,FHPEFL,PAECTV,HEFQNL,AECTVM,LKRKPD,EHLLKR,TTHATL,RGHFYG,FTTHAT,YEPWGY,THATLL,FVRGCH,RNRTER,YTPAEC,ECTVMG,IFTTHA,GCHLGV,VRGCHL,EFQNLH,WGYTPA,ATLLGR,VRGHFY,AGRYEF,IFHPEF,PWGYTP,PNGLNV,TLLGRY,GHFYGH,VFTTVS,RYLCAG,EPWGYT,LLKRKP,YYEPWG,SYYEPW,RTERLS,FQNLHA,TPAECT,CHLGVF,GYTPAE,LGRYLC,IYHRYC,FVRGHF,TIFTTH,QRNRTE,GRYLCA,RGCHLG,LLGRYL,HATLLG
GT3	1	Basme2finSC|Basme2finSC_356063	34.3	54	AECTVM,HLGVFP,EAEHLL,LGRYLC,THATLL,YEPWGY,PWGYTP,RGHFYG,HLLKRK,WGYTPA,LGVFPS,FHPEFL,YYEPWG,TLLGRY,FVRGHF,PSYYEP,GHFYGH,GVFPSY,EFVRGC,VFPSYY,TTHATL,PNGLNV,GCHLGV,ECTVMG,PAECTV,HATLLG,FVRGCH,VRGHFY,ATLLGR,YTPAEC,EHLLKR,RTERLS,EPWGYT,RYLCAG,FTTHAT,QRNRTE,AGRYEF,CHLGVF,LKRKPD,IFTTHA,TIFTTH,TPAECT,RNRTER,SYYEPW,GYTPAE,IYHRYC,VRGCHL,AEHLLK,GRYLCA,LLGRYL,FPSYYE,RGCHLG,NRTERL,LLKRKP
GT33	2	Basme2finSC|Basme2finSC_338756	13.8	29	DLGVCL,VDMFGC,PRMQYH,SGLDLP,MQYHAL,SSSGLD,GLDLPM,GRSPRM,STSWTE,DWHNFG,VSSTSW,LDLPMK,RMQYHA,VITGKG,MKVVDM,DLPMKV,LPMKVV,SPRMQY,SSGLDL,KVVDMF,TSWTED,QYHALS,RSPRMQ,PMKVVD,SSTSWT,LGVCLH,VVDMFG,ITGKGP,ADLGVC
GT35	1	Basme2finSC|Basme2finSC_321693	18.5	31	GYGIRY,KAAPGY,GANVEI,RIHEYK,LNDTHP,GTSNMK,VLYPND,GGLGRL,NGVAAL,EFLIGR,EASGTS,SMEFLI,QLNDTH,ASGTSN,SGTSNM,TPRRWL,DGANVE,MEFLIG,GVAALH,TSNMKF,GRLAAC,HEYKRQ,GNGGLG,LGRLAA,LGNGGL,GLGRLA,KRIHEY,NGGLGR,ALGNGG,IQLNDT,IHEYKR
GT35	1	Basme2finSC|Basme2finSC_310298	18.5	31	LGNGGL,EFLIGR,LGRLAA,IHEYKR,KAAPGY,RIHEYK,GANVEI,SGTSNM,ALGNGG,VLYPND,SMEFLI,GRLAAC,TPRRWL,GVAALH,IQLNDT,HEYKRQ,GTSNMK,GGLGRL,NGGLGR,KRIHEY,EASGTS,GNGGLG,MEFLIG,ASGTSN,QLNDTH,NGVAAL,DGANVE,LNDTHP,GLGRLA,GYGIRY,TSNMKF
GT35	1	Basme2finSC|Basme2finSC_314221	17.1	29	GVAALH,NGGLGR,MEFLIG,VLYPND,LNDTHP,ASGTSN,TSNMKF,GYGIRY,GTSNMK,KRIHEY,NGVAAL,LGRLAA,ALGNGG,SMEFLI,RIHEYK,KAAPGY,GLGRLA,IHEYKR,EFLIGR,SGTSNM,QLNDTH,HEYKRQ,EASGTS,GNGGLG,TPRRWL,GRLAAC,GGLGRL,IQLNDT,LGNGGL
GT39	2	Basme2finSC|Basme2finSC_410791	12.8	24	VVFDEV,HPPLAK,FLHHYL,EVHFGG,HFGGFA,VFDEVH,VHFGGF,MDVHPP,KWVGLF,QQQITL,QQEVTC,GGYLHS,DEVHFG,SVVFDE,DVHPPL,LHHYLP,QQITLY,RLILLD,FMDVHP,VHPPLA,HHYLPA,RLHSHD,GYLHSH,FDEVHF
GT39	2	Basme2finSC|Basme2finSC_259531	10.4	19	FDEVHF,DEVHFG,SVVFDE,HHYLPA,RLHSHD,HFGGFA,VFDEVH,VHPPLA,KWVGLF,FLHHYL,DVHPPL,GYLHSH,VVFDEV,VHFGGF,HPPLAK,EVHFGG,MDVHPP,LHHYLP,FMDVHP
GT39	2	Basme2finSC|Basme2finSC_241424	9.88	18	VHPPLA,HPPLAK,EVHFGG,SVVFDE,FMDVHP,HFGGFA,VVFDEV,VFDEVH,MDVHPP,DVHPPL,HHYLPA,FDEVHF,DEVHFG,LHHYLP,GYLHSH,VHFGGF,KWVGLF,FLHHYL
GT39	2	Basme2finSC|Basme2finSC_275186	8.75	15	VHPPLA,FDEVHF,HPPLAK,EVHFGK,FDVHPP,FLHHYL,RLILLD,VHFGKF,DVHPPL,DEVHFG,VFDEVH,HDVASP,VVFDEV,HHYLPA,LHHYLP
GT39	2	Basme2finSC|Basme2finSC_329342	7.93	14	FDVHPP,DVHPPL,VVFDEV,VHFGKF,RLILLD,HFGKFA,FDEVHF,HDVASP,HHYLPA,VFDEVH,FGKFAS,DEVHFG,LHHYLP,EVHFGK
GT39	3	Basme2finSC|Basme2finSC_338753	25.6	33	VWDEAH,KFGSYY,DVHPPL,GYLAGY,FGKFGS,SYYLRH,HDVHPP,FGSYYL,YHDVHP,HFGKFG,PPLGKM,FYHDVH,YYLRHE,LGKMLV,VHPPLG,VVWDEA,HEFYHD,RHEFYH,NNALVP,WDEAHF,KMLVGL,GKMLVG,PLGKML,DEAHFG,AHFGKF,GKFGSY,EAHFGK,YLRHEF,EFYHDV,NALVPD,GSYYLR,HPPLGK,LRHEFY
GT39	3	Basme2finSC|Basme2finSC_13523	24.4	28	VVWDEA,HPPLGK,DVHPPL,PPLGKM,GKFGSY,WDEAHF,HFGKFG,VHPPLG,DEAHFG,VWDEAH,FYHDVH,PLGKML,ILLDSM,LLDSML,NNALVP,KFGSYY,LGKMLV,FILLDS,EFYHDV,AHFGKF,YHDVHP,EAHFGK,FGKFGS,LDSMLL,PALYFA,HDVHPP,FGSYYL,NALVPD
GT39	3	Basme2finSC|Basme2finSC_290508	23.8	27	WDEAHF,FILLDS,HPPLGK,HDVHPP,VWDEAH,FGSYYL,PLGKML,VHPPLG,DEAHFG,LLDSML,FYHDVH,AHFGKF,HFGKFG,ILLDSM,KFGSYY,NALVPD,DVHPPL,GKFGSY,FGKFGS,PALYFA,LGKMLV,LDSMLL,VVWDEA,PPLGKM,NNALVP,YHDVHP,EAHFGK
GT39	3	Basme2finSC|Basme2finSC_263358	11.7	14	PLGKML,LGKMLV,EFYHDV,CFKIHF,PALYFA,DVHPPL,YHDVHP,PPLGKM,HPPLGK,FYHDVH,VHPPLG,HFGKFG,HDVHPP,FGKFGS
GT4	109	Basme2finSC|Basme2finSC_329292	14.2	28	HYPTIS,VYPPCD,VHYPTI,LGQSLG,MGYAFT,LGWEAL,PTISTD,PYCNAG,HPYCNA,GQSLGS,FHPYCN,ISTDML,NEHFGI,QFRPEK,FTLLGQ,LLGQSL,TISTDM,YVHYPT,YPTIST,CNAGGG,DTMGYA,TMGYAF,YPPCDT,YCNAGG,AGGGGE,AQFRPE,NAGGGG,TLLGQS
GT4	113	Basme2finSC|Basme2finSC_256522	8.55	9	FGLVAA,VPSRSE,RSESFG,SRSESF,ESFGLV,GLVAAE,PSRSES,SESFGL,SFGLVA
GT4	145	Basme2finSC|Basme2finSC_277111	13.7	16	ERLVVD,YCHFPD,AERLVV,SINRFE,HPDLGI,LGIGGA,PDLGIG,ENVEYL,DLGIGG,EHFGIV,GGAERL,GAERLV,GIGGAE,IGGAER,FYCHFP,HFGIVP
GT4	194	Basme2finSC|Basme2finSC_288088	9.41	16	DFFYPN,ICVSHT,MVSDFF,LVYRKG,TEAFCI,SLTEAF,SDFFYP,VSDFFY,CMVSDF,GDGPKR,RLVYRK,VHGHQA,ICMVSD,LTEAFC,ENTVLR,FTDHSL
GT41	17	Basme2finSC|Basme2finSC_311549	21.6	25	VLPFHT,LPFHTF,LGSLLK,NFNQLY,TNLGSL,LMQSVF,FNQLYK,DFNNHP,DLFLDT,NLNGYT,FNNHPL,SDFNNH,SSDFNN,GSLLKD,TVLPFH,NQLYKI,HLMQSV,PFHTFT,LWLLRF,MQSVFG,PTVLPF,YVSSDF,WLLRFP,GYVSSD,NLGSLL
GT48	1	Basme2finSC|Basme2finSC_318659	33.8	44	QDNYLE,REYIFS,DNYLEE,QTLYRT,RLPKRI,KLHYGH,KGRDLG,LFFLDT,LDTYLW,GRDLGF,KSDNQN,GNPILG,FFAQSL,NEDIYA,HYGHPD,QCGKGR,HLNEDI,ILGDGK,DTYLWY,GDGKSD,LGDGKS,PILGDG,DGKSDN,LNEDIY,LHLNED,LRTRIW,EYIFSE,FLDTYL,DANQDN,EDIYAG,LHYGHP,FFLDTY,CGKGRD,ANQDNY,LPKRIY,TYLWYI,GLHLNE,NQDNYL,YGHPDF,GKSDNQ,GKGRDL,NPILGD,GKLHYG,GGKLHY
GT48	1	Basme2finSC|Basme2finSC_319619	32.8	43	GLHLNE,FFLDTY,QDNYLE,ANQDNY,GKGRDL,QCGKGR,KLHYGH,NEDIYA,LHLNED,LFFLDT,GRDLGF,DANQDN,EDIYAG,ILGDGK,YIFSEN,YGHPDF,GGKLHY,GDGKSD,QTLYRT,FFAQSL,GNPILG,PILGDG,NPILGD,HYGHPD,GKLHYG,FLDTYL,LHYGHP,AAGKEQ,CGKGRD,LGDGKS,HLNEDI,LDTYLW,KGRDLG,DTYLWY,LRTRIW,NQDNYL,EYIFSE,REYIFS,DGKSDN,KSDNQN,GKSDNQ,DNYLEE,LNEDIY
GT48	1	Basme2finSC|Basme2finSC_237304	32.8	43	GKSDNQ,GDGKSD,DTYLWY,HLNEDI,KSDNQN,LDTYLW,KGRDLG,DNYLEE,GNPILG,LNEDIY,YGHPDF,ANQDNY,LFFLDT,QTLYRT,CGKGRD,NPILGD,KLHYGH,HYGHPD,LGDGKS,GKLHYG,GGKLHY,QCGKGR,FFLDTY,DGKSDN,IYSKIL,GRDLGF,YIFSEN,LHLNED,DANQDN,NQDNYL,LRTRIW,FLDTYL,PILGDG,NEDIYA,EYIFSE,GLHLNE,REYIFS,LHYGHP,QDNYLE,ILGDGK,EDIYAG,AAGKEQ,GKGRDL
GT48	1	Basme2finSC|Basme2finSC_320701	29.8	39	GKSDNQ,GDGKSD,DTYLWY,HLNEDI,KSDNQN,LDTYLW,KGRDLG,GNPILG,LNEDIY,YGHPDF,ANQDNY,LFFLDT,QTLYRT,CGKGRD,NPILGD,KLHYGH,HYGHPD,LGDGKS,GKLHYG,GGKLHY,QCGKGR,FFLDTY,DGKSDN,GRDLGF,YIFSEN,LHLNED,DANQDN,LRTRIW,FLDTYL,PILGDG,NEDIYA,EYIFSE,GLHLNE,REYIFS,LHYGHP,ILGDGK,EDIYAG,AAGKEQ,GKGRDL
GT49	3	Basme2finSC|Basme2finSC_329867	14.0	19	KAACLY,GHGSTN,YGANKA,MLDVDF,HGSTNY,RFIGYG,GANKAA,ERFIGY,GYGANK,DFLIHQ,AACLYE,STNYTR,ANKAAC,NKAACL,LYEIYL,CLYEIY,ACLYEI,SYEPYV,GSTNYT
GT49	3	Basme2finSC|Basme2finSC_227591	10.1	15	DYWVLP,HGSTNY,LYEIYL,AACLYE,NKAACL,STNYTR,GSTNYT,YEPYVI,GHGSTN,CLYEIY,SYEPYV,ACLYEI,KAACLY,RFIGYG,ERFIGY
GT50	1	Basme2finSC|Basme2finSC_273919	10.7	14	ISTRGN,RHNFSV,STRGNA,YTDIDY,VCTSQY,QTFAFV,RGNAES,HRHNFS,DHRHNF,RYTPLL,TYRYTP,CTSQYF,TRGNAE,YRYTPL
GT57	1	Basme2finSC|Basme2finSC_235031	24.2	32	QVHEKT,FFLFSF,GLDYPP,FKQMAL,WGLDYP,QMALYY,DLQYWG,AQRHWM,HWMEIT,FLFSFQ,EAQRHW,DYPPLT,LDYPPL,RHWMEI,VHEKTI,YPPLTA,LFSFQV,YDLQYW,YWGLDY,HEKTIL,FSFQVH,KQMALY,MALYYA,FQVHEK,LQYWGL,SFQVHE,SFFLFS,EDKVAN,GHFQYN,HFQYNS,QYWGLD,QRHWME
GT57	2	Basme2finSC|Basme2finSC_311675	25.4	30	IDHIHF,FQYNGF,IHFQYN,HFQYNG,HRNWLA,TLDYPP,HVHEKA,LDYPPF,VHEKAI,YNGFLF,APNFWA,DYPPFF,WTLDYP,GWHVHE,HAYWAP,VHRNWL,YWAPNF,YPPFFA,HIHFQY,NFWALY,DHIHFQ,AYWAPN,PNFWAL,SFLFGW,WHVHEK,FLFGWH,LFGWHV,WAPNFW,FGWHVH,QYNGFL
GT58	2	Basme2finSC|Basme2finSC_313468	6.35	15	YTEIDW,GDTGPL,PLVYPA,LVYPAG,DTGPLV,AYMQEV,VYPAGF,LFNDPV,FNDPVA,LRLFND,TGPLVY,YPAGFV,GPLVYP,KMNVLL,RLFNDP
GT59	2	Basme2finSC|Basme2finSC_236820	7.4	21	DEIFHV,LQRFMW,MDEIFH,PYMDEI,YMDEIF,VLGDKS,FHVPQA,TTPPGL,KITTPP,ITTPPG,EIFHVP,IFHVPQ,TPPGLY,HVPQAQ,QTNIIW,PPGLYL,RYFILP,RQTNII,GDKSNH,PQLFYF,FRQTNI
GT8	39	Basme2finSC|Basme2finSC_284275	12.0	15	NSGVFV,SFDGGD,WPDCFN,FNSGVF,TFTKLH,DQGLLN,PDCFNS,DGGDQG,DCFNSG,CFNSGV,GSFDGG,GDQGLL,FDGGDQ,GWPDCF,GGDQGL
GT8	50	Basme2finSC|Basme2finSC_219921	6.4	8	ADMLVL,ACRCNP,DADMLV,LDADML,NMDELF,FLDADM,WVTLLT,AWVTLL
GT8	50	Basme2finSC|Basme2finSC_278747	4.73	7	IYNALK,WVTLLT,ADMLVL,DADMLV,LDADML,YIYNAL,AWVTLL
CBM1	13	Basme2finSC|Basme2finSC_319758	4.48	9	QFYNNY,APQCPY,PQCPYP,SSFGGV,SFGGVM,AAPQCP,QCPYPD,SAAPQC,FYNNYC
CBM1	13	Basme2finSC|Basme2finSC_208252	4.05	7	VQFYNN,SFGGVM,FYNNYC,LGVPGS,YWGQNS,QFYNNY,SSFGGV
CBM12	6	Basme2finSC|Basme2finSC_224355	8.5	11	ISLGGW,DIDWEY,LTHINY,KVLISL,DGIDID,IDWEYP,IDIDWE,SLGGWT,GIDIDW,LISLGG,VLISLG
CBM12	6	Basme2finSC|Basme2finSC_360490	6.55	8	LISLGG,DGIDID,GIDIDW,IDWEYP,SLGGWT,IDIDWE,DIDWEY,ISLGGW
CBM12	6	Basme2finSC|Basme2finSC_387002	6.55	8	DIDWEY,SLGGWT,ISLGGW,DGIDID,LISLGG,GIDIDW,IDIDWE,IDWEYP
CBM12	6	Basme2finSC|Basme2finSC_291641	6.55	8	IDIDWE,IDWEYP,ISLGGW,LISLGG,DIDWEY,GIDIDW,SLGGWT,DGIDID
CBM12	6	Basme2finSC|Basme2finSC_196747	5.91	7	DGIDID,GIDIDW,SLGGWT,IDWEYP,IDIDWE,DIDWEY,ISLGGW
CBM12	6	Basme2finSC|Basme2finSC_208696	5.91	7	DIDWEY,SLGGWT,ISLGGW,DGIDID,GIDIDW,IDIDWE,IDWEYP
CBM12	6	Basme2finSC|Basme2finSC_220573	5.91	7	IDIDWE,SLGGWT,DGIDID,IDWEYP,DIDWEY,ISLGGW,GIDIDW
CBM12	6	Basme2finSC|Basme2finSC_308043	5.91	7	IDIDWE,DGIDID,ISLGGW,GIDIDW,SLGGWT,IDWEYP,DIDWEY
CBM12	6	Basme2finSC|Basme2finSC_384907	5.1	6	IDWEYP,DGIDID,DIDWEY,SLGGWT,IDIDWE,GIDIDW
CBM12	6	Basme2finSC|Basme2finSC_236265	5.1	6	DIDWEY,GIDIDW,IDWEYP,DGIDID,IDIDWE,SLGGWT
CBM12	6	Basme2finSC|Basme2finSC_384912	5.1	6	DIDWEY,GIDIDW,IDWEYP,DGIDID,IDIDWE,SLGGWT
CBM12	6	Basme2finSC|Basme2finSC_236233	5.1	6	IDIDWE,SLGGWT,IDWEYP,DIDWEY,DGIDID,GIDIDW
CBM12	6	Basme2finSC|Basme2finSC_238587	5.1	6	IDIDWE,DGIDID,SLGGWT,IDWEYP,DIDWEY,GIDIDW
CBM12	6	Basme2finSC|Basme2finSC_406033	5.03	6	DGIDID,HINYAF,LTHINY,IDIDWE,GIDIDW,THINYA
CBM12	17	Basme2finSC|Basme2finSC_327172	8.8	9	GPGIND,NDNGSG,PGINDN,AGPGIN,VRFAWW,INDNGS,NGSGSA,DNGSGS,GINDNG
CBM12	17	Basme2finSC|Basme2finSC_373662	8.8	9	GPGIND,NGSGSA,NDNGSG,AGPGIN,INDNGS,VRFAWW,GINDNG,DNGSGS,PGINDN
CBM12	17	Basme2finSC|Basme2finSC_324823	8.8	9	GPGIND,NGSGSA,NDNGSG,AGPGIN,INDNGS,VRFAWW,GINDNG,DNGSGS,PGINDN
CBM12	17	Basme2finSC|Basme2finSC_349740	7.8	8	GPGIND,PGINDN,NDNGSG,GINDNG,INDNGS,NGSGSA,AGPGIN,DNGSGS
CBM12	17	Basme2finSC|Basme2finSC_300201	7.8	8	NDNGSG,GINDNG,NGSGSA,AGPGIN,DNGSGS,GPGIND,PGINDN,INDNGS
CBM12	17	Basme2finSC|Basme2finSC_296443	7.8	8	GPGIND,NGSGSA,NDNGSG,AGPGIN,INDNGS,GINDNG,DNGSGS,PGINDN
CBM12	17	Basme2finSC|Basme2finSC_313861	7.8	8	NDNGSG,INDNGS,NGSGSA,AGPGIN,PGINDN,GINDNG,GPGIND,DNGSGS
CBM12	17	Basme2finSC|Basme2finSC_322091	6.93	7	NDNGSG,AGPGIN,PGINDN,INDNGS,GINDNG,DNGSGS,GPGIND
CBM12	17	Basme2finSC|Basme2finSC_314074	6.93	7	NDNGSG,DNGSGS,PGINDN,GINDNG,INDNGS,AGPGIN,GPGIND
CBM12	17	Basme2finSC|Basme2finSC_319688	6.93	7	INDNGS,AGPGIN,GPGIND,DNGSGS,PGINDN,GINDNG,NDNGSG
CBM18	7	Basme2finSC|Basme2finSC_247484	4.69	10	ALTFDD,IASHTW,TFDDGP,GHQIAS,ASHTWS,HQIASH,SHTWSH,LTFDDG,EGHQIA,QIASHT
CBM18	7	Basme2finSC|Basme2finSC_342016	4.69	10	ALTFDD,IASHTW,TFDDGP,GHQIAS,ASHTWS,HQIASH,SHTWSH,LTFDDG,EGHQIA,QIASHT
CBM18	7	Basme2finSC|Basme2finSC_320248	4.69	10	IASHTW,TFDDGP,ASHTWS,GHQIAS,SHTWSH,EGHQIA,HQIASH,QIASHT,LTFDDG,ALTFDD
CBM18	7	Basme2finSC|Basme2finSC_145605	3.65	7	YMRPPY,LTFDDG,HQVASH,QVASHT,TFDDGP,GHQVAS,ALTFDD
CBM18	7	Basme2finSC|Basme2finSC_138375	3.55	7	TFDDGP,QIASHT,YMRPPY,HQIASH,GHQIAS,LTFDDG,ALTFDD
CBM18	7	Basme2finSC|Basme2finSC_234303	3.24	7	EGHQIA,TFDDGP,LTFDDG,HQIASH,GHQIAS,YMRPPY,QIASHT
CBM18	7	Basme2finSC|Basme2finSC_236579	3.13	7	HQIASH,GHQIAS,QIASHT,EGHQIA,TFDDGP,LTFDDG,ALTFDD
CBM18	7	Basme2finSC|Basme2finSC_357761	3.13	7	HQIASH,GHQIAS,QIASHT,EGHQIA,TFDDGP,LTFDDG,ALTFDD
CBM18	7	Basme2finSC|Basme2finSC_200505	3.13	7	TFDDGP,HQIASH,ALTFDD,EGHQIA,QIASHT,GHQIAS,LTFDDG
CBM18	7	Basme2finSC|Basme2finSC_214275	3.13	7	TFDDGP,EGHQIA,QIASHT,HQIASH,GHQIAS,LTFDDG,ALTFDD
CBM18	7	Basme2finSC|Basme2finSC_302119	2.86	6	TFDDGP,HQIASH,ALTFDD,QIASHT,GHQIAS,LTFDDG
CBM18	7	Basme2finSC|Basme2finSC_296121	2.86	6	HQIASH,QIASHT,ALTFDD,TFDDGP,GHQIAS,LTFDDG
CBM18	7	Basme2finSC|Basme2finSC_274525	2.86	6	HQIASH,QIASHT,ALTFDD,TFDDGP,GHQIAS,LTFDDG
CBM18	7	Basme2finSC|Basme2finSC_139339	2.82	6	ALTFDD,LTFDDG,TFDDGP,EGHQIA,GHQIAS,HQIASH
CBM18	20	Basme2finSC|Basme2finSC_280215	3.51	6	SQYGYC,YGYCGS,CSQYGY,QYGYCG,CCSQYG,SATQAH
CBM18	20	Basme2finSC|Basme2finSC_349011	3.51	6	SQYGYC,YGYCGS,CSQYGY,QYGYCG,CCSQYG,SATQAH
CBM19	1	Basme2finSC|Basme2finSC_319758	7.3	8	QFYNNY,APQCPY,IQFYNN,PQCPYP,AAPQCP,QCPYPD,SAAPQC,FYNNYC
CBM2	27	Basme2finSC|Basme2finSC_304016	3.94	10	AGGAGG,GAGGSG,GSGGAG,GGSGGG,GSGGGG,GAGGAG,GGGGAG,AGGSGG,GGAGGS,GGSGGA
CBM2	71	Basme2finSC|Basme2finSC_308043	6.0	6	YLDFIN,IDWEYP,DWEYPG,DFINVM,DIDWEY,LDFINV
CBM20	17	Basme2finSC|Basme2finSC_92921	8.02	10	VGYGVY,GYPCVF,LGEFNQ,NYDYLM,YPCVFY,DLGEFN,GYGVYD,GEFNQK,TKYGTK,DVGYGV
CBM20	39	Basme2finSC|Basme2finSC_220088	5.2	10	PSSEIY,YARHFL,DYDGTL,EFGSWQ,LWPLFH,ARHFLS,FPSSEI,DYARHF,PFPSSE,ADPEFG
CBM20	39	Basme2finSC|Basme2finSC_204496	5.2	10	DYDGTL,YARHFL,FPSSEI,PFPSSE,ARHFLS,PSSEIY,LWPLFH,ADPEFG,DYARHF,EFGSWQ
CBM20	39	Basme2finSC|Basme2finSC_241037	4.8	10	RTDEDM,IGFFLH,DYDGTL,IPFPSS,HIPFPS,PFPSSE,KIGFFL,SSEIFR,FPSSEI,FTCTVG
CBM20	39	Basme2finSC|Basme2finSC_204613	4.8	10	KIGFFL,IPFPSS,HIPFPS,SSEIFR,IGFFLH,PFPSSE,RTDEDM,DYDGTL,FPSSEI,FTCTVG
CBM20	39	Basme2finSC|Basme2finSC_243118	3.0	6	IGFFLH,DYDGTL,LSEFTG,PFPSSE,SSEIFR,FPSSEI
CBM20	39	Basme2finSC|Basme2finSC_211498	3.0	6	IGFFLH,DYDGTL,LSEFTG,FPSSEI,SSEIFR,PFPSSE
CBM21	14	Basme2finSC|Basme2finSC_315721	5.4	7	RKKSGE,KKSGEI,KSGEIV,SGEIVK,GEIVKP,VRKKSG,LVRKKS
CBM21	14	Basme2finSC|Basme2finSC_319845	4.8	6	SGEIVK,VRKKSG,RKKSGE,KKSGEI,KSGEIV,LVRKKS
CBM27	1	Basme2finSC|Basme2finSC_320774	4.5	6	WELANE,MAWELA,AWELAN,ELANEP,VLEEYG,LANEPR
CBM32	4	Basme2finSC|Basme2finSC_86361	5.8	8	HKNGVP,AHKNGV,FAGIDV,KNGVPV,NGVPVL,GVPVLG,YGFDGW,VPVLGT
CBM39	5	Basme2finSC|Basme2finSC_39534	14.6	19	FEDNFD,WPASGE,WEFEYY,NWEFEY,NRSNSY,GGNWEF,SGEIDI,WIWPAI,IWPAIW,DWIWPA,GDWIWP,SGGGNW,ASGEID,GNWEFE,NPIQSA,PASGEI,GGGNWE,VESRGN,IKPTLT
CBM39	5	Basme2finSC|Basme2finSC_294395	11.6	15	VESRGN,GGGNWE,NRSNSY,WEFEYY,PASGEI,GGNWEF,VAVGGV,GNWEFE,SGEIDI,NPIQSA,SGGGNW,ASGEID,NWEFEY,IKPTLT,WPASGE
CBM39	5	Basme2finSC|Basme2finSC_278684	11.6	15	WPASGE,SGGGNW,NWEFEY,ASGEID,VESRGN,GNWEFE,GGGNWE,GGNWEF,NPIQSA,IKPTLT,NRSNSY,WEFEYY,SGEIDI,VAVGGV,PASGEI
CBM39	5	Basme2finSC|Basme2finSC_367218	7.51	10	ASGEID,WEFEYY,NWEFEY,PASGEI,NRSNSY,WPASGE,NPIQSA,VESRGN,VAVGGV,SGEIDI
CBM39	5	Basme2finSC|Basme2finSC_210805	7.51	10	WPASGE,NWEFEY,ASGEID,VESRGN,NRSNSY,NPIQSA,WEFEYY,SGEIDI,VAVGGV,PASGEI
CBM43	1	Basme2finSC|Basme2finSC_278264	4.83	7	LGFFAG,GFFAGN,FAGNEV,FFAGNE,SGGIVY,VLGFFA,NVLGFF
CBM43	12	Basme2finSC|Basme2finSC_239885	6.46	16	GFFAGN,IGFFAG,KGVAYQ,NVIGFF,GGIVYE,VIGFFA,YSVPVF,KGSKFF,NIYSWC,YNIYSW,SGGIVY,FFAGNE,IYSWCG,GYNIYS,SEFGCN,FAGNEV
CBM43	12	Basme2finSC|Basme2finSC_141880	6.17	15	VIGFFA,YNIYSW,SEFGCN,FFAGNE,FAGNEV,NVIGFF,KGVAYQ,IYSWCG,GGIVYE,NIYSWC,QFFIKG,SGGIVY,GYNIYS,IGFFAG,GFFAGN
CBM48	20	Basme2finSC|Basme2finSC_254263	28.3	41	LVGDKT,FGHPEW,AEDVSG,EWAPNA,GFDYRL,YREWAP,SRLFNY,NEFGHP,IQLMAI,QALVGD,ESHDQA,ALVGDK,VGDKTI,TLTNRR,DGFRFD,GFRFDG,FDGVTS,GIALHK,GDFNNW,EGYLNF,DGVTSM,VHSHAS,GNEFGH,YEAHVG,QLMAIM,RGIALH,LMAIME,SHDQAL,EFGHPE,YASFGY,FRFDGV,MAIMEH,FDGFRF,DQALVG,ASFGYQ,SFGYQV,IYEAHV,HDQALV,GEGYLN,RFDGVT,YYASFG
CBM48	20	Basme2finSC|Basme2finSC_210317	27.0	39	LVGDKT,FGHPEW,AEDVSG,GFDYRL,YREWAP,SRLFNY,NEFGHP,IQLMAI,QALVGD,ESHDQA,ALVGDK,VGDKTI,TLTNRR,DGFRFD,GFRFDG,FDGVTS,GIALHK,GDFNNW,EGYLNF,DGVTSM,VHSHAS,GNEFGH,VVHSHA,QLMAIM,RGIALH,LMAIME,SHDQAL,EFGHPE,YASFGY,FRFDGV,MAIMEH,DQALVG,ASFGYQ,SFGYQV,HDQALV,GEGYLN,DVVHSH,RFDGVT,YYASFG
CBM48	20	Basme2finSC|Basme2finSC_322883	20.1	31	LHKMIR,SFGYQV,YREWAP,FPREGN,DFPREG,RFGTPE,GEGYLN,AEDVSG,DQALVG,EWAPNA,GNEFGH,ASFGYQ,EGYLNF,SSRFGT,EFGHPE,NEFGHP,FDGFRF,HDQALV,YASFGY,IYEAHV,GDFNNW,DGFRFD,YEAHVG,ESHDQA,HKMIRL,FGHPEW,SRLFNY,SRFGTP,YYASFG,SHDQAL,VHSHAS
CBM49	1	Basme2finSC|Basme2finSC_162588	5.6	7	YYDAGD,FFEAQR,LFFEAQ,GGYYDA,GYYDAG,FEAQRS,EAQRSG
CBM49	1	Basme2finSC|Basme2finSC_237809	4.42	6	GGYYDA,GYYDAG,KWGTDY,QKTPGG,YYDAGD,KTPGGL
CBM5	14	Basme2finSC|Basme2finSC_360490	5.46	9	DGIDID,GIDIDW,IDWEYP,SLGGWT,IDIDWE,DIDWEY,ISLGGW,AKWWTQ,DWEYPG
CBM5	14	Basme2finSC|Basme2finSC_387002	5.46	9	DWEYPG,DIDWEY,SLGGWT,ISLGGW,DGIDID,GIDIDW,IDIDWE,IDWEYP,AKWWTQ
CBM5	14	Basme2finSC|Basme2finSC_291641	5.46	9	IDIDWE,IDWEYP,ISLGGW,DWEYPG,DIDWEY,GIDIDW,SLGGWT,AKWWTQ,DGIDID
CBM5	14	Basme2finSC|Basme2finSC_308043	5.04	8	IDIDWE,DGIDID,ISLGGW,GIDIDW,SLGGWT,IDWEYP,DWEYPG,DIDWEY
CBM5	14	Basme2finSC|Basme2finSC_196747	5.01	8	DGIDID,GIDIDW,IDWEYP,SLGGWT,IDIDWE,DIDWEY,ISLGGW,AKWWTQ
CBM5	14	Basme2finSC|Basme2finSC_384907	4.87	8	IDWEYP,DGIDID,DWEYPG,AKWWTQ,DIDWEY,SLGGWT,IDIDWE,GIDIDW
CBM5	14	Basme2finSC|Basme2finSC_236265	4.87	8	DWEYPG,DIDWEY,IDIDWE,GIDIDW,AKWWTQ,DGIDID,IDWEYP,SLGGWT
CBM5	14	Basme2finSC|Basme2finSC_384912	4.87	8	DWEYPG,DIDWEY,IDIDWE,GIDIDW,AKWWTQ,DGIDID,IDWEYP,SLGGWT
CBM5	14	Basme2finSC|Basme2finSC_236233	4.87	8	IDIDWE,SLGGWT,DWEYPG,AKWWTQ,IDWEYP,DIDWEY,DGIDID,GIDIDW
CBM5	14	Basme2finSC|Basme2finSC_208696	4.59	7	DIDWEY,SLGGWT,ISLGGW,DGIDID,GIDIDW,IDIDWE,IDWEYP
CBM5	14	Basme2finSC|Basme2finSC_220573	4.59	7	IDIDWE,SLGGWT,ISLGGW,DGIDID,DIDWEY,IDWEYP,GIDIDW
CBM5	14	Basme2finSC|Basme2finSC_224355	4.59	7	ISLGGW,DIDWEY,DGIDID,IDWEYP,IDIDWE,SLGGWT,GIDIDW
CBM5	14	Basme2finSC|Basme2finSC_238587	4.45	7	IDIDWE,DGIDID,SLGGWT,IDWEYP,DIDWEY,GIDIDW,DWEYPG
CBM5	14	Basme2finSC|Basme2finSC_207398	3.92	6	DGIDID,DIDWEY,IDIDWE,GIDIDW,DWEYPG,IDWEYP
CBM5	14	Basme2finSC|Basme2finSC_297611	3.92	6	DGIDID,IDWEYP,DIDWEY,IDIDWE,DWEYPG,GIDIDW
CBM5	49	Basme2finSC|Basme2finSC_331710	9.35	11	GTSMAT,THVAGT,SMATPH,TSMATP,GTHVAG,NGHGTH,HGTHVA,MATPHV,ISGTSM,SGTSMA,GHGTHV
CBM5	49	Basme2finSC|Basme2finSC_323428	6.27	7	GHGTHV,THVAGT,NGHGTH,GTHVAG,HGTHVA,ISGTSM,SGTSMA
CBM5	49	Basme2finSC|Basme2finSC_234166	6.27	7	GHGTHV,THVAGT,NGHGTH,GTHVAG,HGTHVA,ISGTSM,SGTSMA
CBM5	49	Basme2finSC|Basme2finSC_327428	6.27	7	GHGTHV,NGHGTH,ISGTSM,HGTHVA,THVAGT,SGTSMA,GTHVAG
CBM5	49	Basme2finSC|Basme2finSC_326944	6.27	7	HGTHVA,GTHVAG,ISGTSM,SGTSMA,THVAGT,GHGTHV,NGHGTH
CBM5	49	Basme2finSC|Basme2finSC_309057	5.57	6	THVAGT,GTHVAG,SGTSMA,NGHGTH,GHGTHV,HGTHVA
CBM5	49	Basme2finSC|Basme2finSC_313215	5.57	6	THVAGT,SGTSMA,NGHGTH,HGTHVA,GTHVAG,GHGTHV
CBM5	49	Basme2finSC|Basme2finSC_374781	5.57	6	NGHGTH,THVAGT,GTHVAG,HGTHVA,SGTSMA,GHGTHV
CBM5	49	Basme2finSC|Basme2finSC_304926	5.53	6	GHGTHV,IAAAGN,NGHGTH,GTHVAG,HGTHVA,SGTSMA
CBM5	49	Basme2finSC|Basme2finSC_274286	5.44	7	MATPHV,TSMATP,SMATPH,TPHVSG,SGTSMA,GTSMAT,ATPHVS
CBM5	49	Basme2finSC|Basme2finSC_201276	4.74	6	MATPHV,SGTSMA,ATPHVS,SMATPH,TSMATP,GTSMAT
CBM5	49	Basme2finSC|Basme2finSC_188512	4.4	6	HVSGVA,DGNGHG,VSGVAA,SGVAAL,GNGHGT,GVAALV
CBM50	144	Basme2finSC|Basme2finSC_222741	5.8	7	VGGHSH,VGNHEF,MTVGNH,TVGNHE,PYTDGR,NHEFDD,GNHEFD
CBM50	144	Basme2finSC|Basme2finSC_239042	5.06	6	NHEFDD,GNHEFD,VGNHEF,MTVGNH,VGGHSH,TVGNHE
CBM55	1	Basme2finSC|Basme2finSC_196747	6.0	6	GIDIDW,IDWEYP,IDIDWE,DWEYPA,DIDWEY,LDGIDI
CBM55	1	Basme2finSC|Basme2finSC_214313	6.0	6	DIDWEY,DWEYPA,LDGIDI,GIDIDW,IDIDWE,IDWEYP
CBM55	1	Basme2finSC|Basme2finSC_208696	6.0	6	DIDWEY,DWEYPA,LDGIDI,GIDIDW,IDIDWE,IDWEYP
CBM55	1	Basme2finSC|Basme2finSC_145244	6.0	6	IDIDWE,IDWEYP,DIDWEY,LDGIDI,GIDIDW,DWEYPA
CBM55	1	Basme2finSC|Basme2finSC_220573	6.0	6	LDGIDI,IDIDWE,DWEYPA,DIDWEY,IDWEYP,GIDIDW
CBM55	1	Basme2finSC|Basme2finSC_224355	6.0	6	LDGIDI,DIDWEY,DWEYPA,IDWEYP,IDIDWE,GIDIDW
CBM55	1	Basme2finSC|Basme2finSC_214289	6.0	6	IDWEYP,DIDWEY,IDIDWE,LDGIDI,GIDIDW,DWEYPA
CBM57	16	Basme2finSC|Basme2finSC_337989	13.8	15	SKTLMF,LAGSER,TFTMEG,RNSKLT,IRVFCR,GNIRVF,DLAGSE,KTFTME,IFAYGQ,VCIFAY,KTLMFV,GKTFTM,NIRVFC,AYGQTG,FAYGQT
CBM57	16	Basme2finSC|Basme2finSC_312406	13.8	15	FAYGQT,IFAYGQ,DLAGSE,IRVFCR,RNSKLT,GNIRVF,KTFTME,VCIFAY,TFTMEG,KTLMFV,SKTLMF,GKTFTM,LAGSER,AYGQTG,NIRVFC
CBM57	16	Basme2finSC|Basme2finSC_315292	12.9	14	GKTFTM,NIRVFC,TFTMEG,GNIRVF,KTLMFV,RNSKLT,IFAYGQ,SKTLMF,FAYGQT,DLAGSE,LAGSER,AYGQTG,KTFTME,IRVFCR
CBM57	16	Basme2finSC|Basme2finSC_245422	12.7	13	TGTGKT,AYGQTG,FAYGQT,VDLAGS,GQTGTG,YGQTGT,QDSLGG,DLAGSE,LLQDSL,LQDSLG,QTGTGK,IFAYGQ,LVDLAG
CBM57	16	Basme2finSC|Basme2finSC_268024	12.7	13	TGTGKT,AYGQTG,FAYGQT,VDLAGS,GQTGTG,YGQTGT,QDSLGG,DLAGSE,LLQDSL,LQDSLG,QTGTGK,IFAYGQ,LVDLAG
CBM57	16	Basme2finSC|Basme2finSC_317976	12.7	13	AYGQTG,LLQDSL,QTGTGK,YGQTGT,GQTGTG,DLAGSE,LVDLAG,FAYGQT,LQDSLG,IFAYGQ,VDLAGS,QDSLGG,TGTGKT
CBM57	16	Basme2finSC|Basme2finSC_222523	12.7	13	VDLAGS,GQTGTG,DLAGSE,LVDLAG,QDSLGG,AYGQTG,TGTGKT,LLQDSL,LQDSLG,YGQTGT,FAYGQT,QTGTGK,IFAYGQ
CBM57	16	Basme2finSC|Basme2finSC_207474	6.88	7	GKTFTM,LAGSER,LLQDSL,DLAGSE,LQDSLG,VDLAGS,QDSLGG
CBM57	16	Basme2finSC|Basme2finSC_368218	6.88	7	LAGSER,LLQDSL,QDSLGG,DLAGSE,VDLAGS,GKTFTM,LQDSLG
CBM57	16	Basme2finSC|Basme2finSC_356021	6.76	7	LAGSER,IFAYGQ,DLAGSE,VDLAGS,LVDLAG,FAYGQT,AYGQTG
CBM57	16	Basme2finSC|Basme2finSC_247466	6.76	7	IFAYGQ,DLAGSE,LVDLAG,LAGSER,FAYGQT,AYGQTG,VDLAGS
CBM57	16	Basme2finSC|Basme2finSC_297704	6.76	7	LVDLAG,LAGSER,FAYGQT,IFAYGQ,VDLAGS,AYGQTG,DLAGSE
CBM57	16	Basme2finSC|Basme2finSC_322701	6.64	7	LAGSER,IFAYGQ,LVDLAG,GKTFTM,DLAGSE,FAYGQT,VDLAGS
CBM6	15	Basme2finSC|Basme2finSC_39534	2.9	6	WPASGE,WPAIWM,SGEIDI,ASGEID,NVAVGG,PASGEI
