N168|N168.mRNA.10039.1     0.334  25  0.422  25  0.718  15  0.525   0.462 Y  0.450      SignalP-TM
N168|N168.mRNA.10048.1     0.190  25  0.364  25  0.798   2  0.730   0.507 Y  0.450      SignalP-TM
N168|N168.mRNA.10048.1     0.201  20  0.399  20  0.873   5  0.815   0.594 Y  0.570      SignalP-noTM
N168|N168.mRNA.10119.1     0.301  20  0.483  20  0.874  16  0.794   0.604 Y  0.450      SignalP-TM
N168|N168.mRNA.10119.1     0.373  20  0.558  20  0.905  14  0.847   0.694 Y  0.570      SignalP-noTM
N168|N168.mRNA.1037.1      0.230  30  0.404  30  0.821  19  0.663   0.505 Y  0.450      SignalP-TM
N168|N168.mRNA.1038.1      0.259  25  0.437  25  0.891   6  0.793   0.576 Y  0.450      SignalP-TM
N168|N168.mRNA.1038.1      0.396  25  0.464  25  0.910   8  0.700   0.575 Y  0.570      SignalP-noTM
N168|N168.mRNA.1044.1      0.294  20  0.493  20  0.919  18  0.768   0.601 Y  0.450      SignalP-TM
N168|N168.mRNA.1044.1      0.751  20  0.819  20  0.938  18  0.865   0.841 Y  0.570      SignalP-noTM
N168|N168.mRNA.1045.1      0.224  29  0.398  29  0.888  17  0.668   0.503 Y  0.450      SignalP-TM
N168|N168.mRNA.1061.1      0.612  24  0.714  24  0.889  14  0.836   0.771 Y  0.570      SignalP-noTM
N168|N168.mRNA.1061.1      0.689  24  0.725  24  0.859  20  0.695   0.713 Y  0.450      SignalP-TM
N168|N168.mRNA.1086.1      0.555  23  0.507  23  0.780   2  0.527   0.515 Y  0.450      SignalP-TM
N168|N168.mRNA.1086.1      0.808  23  0.791  23  0.926  19  0.805   0.798 Y  0.570      SignalP-noTM
N168|N168.mRNA.1087.1      0.245  20  0.404  20  0.785   5  0.693   0.517 Y  0.450      SignalP-TM
N168|N168.mRNA.1091.1      0.166  21  0.358  21  0.838  13  0.766   0.517 Y  0.450      SignalP-TM
N168|N168.mRNA.1092.1      0.166  21  0.358  21  0.838  13  0.766   0.517 Y  0.450      SignalP-TM
N168|N168.mRNA.1107.1      0.233  24  0.416  22  0.851  16  0.754   0.548 Y  0.450      SignalP-TM
N168|N168.mRNA.1107.1      0.563  22  0.696  22  0.924  12  0.862   0.774 Y  0.570      SignalP-noTM
N168|N168.mRNA.1134.1      0.140  21  0.331  17  0.918   9  0.855   0.577 Y  0.570      SignalP-noTM
N168|N168.mRNA.1134.1      0.285  27  0.428  21  0.836   7  0.750   0.554 Y  0.450      SignalP-TM
N168|N168.mRNA.1156.1      0.287  18  0.464  18  0.816  17  0.748   0.597 Y  0.570      SignalP-noTM
N168|N168.mRNA.1205.1      0.243  33  0.388  25  0.875  15  0.685   0.504 Y  0.450      SignalP-TM
N168|N168.mRNA.1219.1      0.211  23  0.367  23  0.748  16  0.622   0.467 Y  0.450      SignalP-TM
N168|N168.mRNA.1228.1      0.436  24  0.524  24  0.843   3  0.695   0.604 Y  0.570      SignalP-noTM
N168|N168.mRNA.1228.1      0.461  24  0.550  24  0.813   7  0.683   0.602 Y  0.450      SignalP-TM
N168|N168.mRNA.1243.1      0.189  61  0.337  20  0.845   3  0.716   0.485 Y  0.450      SignalP-TM
N168|N168.mRNA.1243.1      0.439  20  0.586  20  0.862  18  0.783   0.679 Y  0.570      SignalP-noTM
N168|N168.mRNA.1273.1      0.174  26  0.345  26  0.871  20  0.698   0.483 Y  0.450      SignalP-TM
N168|N168.mRNA.1273.1      0.378  22  0.497  22  0.812   4  0.682   0.584 Y  0.570      SignalP-noTM
N168|N168.mRNA.1290.1      0.503  27  0.477  27  0.663  13  0.470   0.474 Y  0.450      SignalP-TM
N168|N168.mRNA.1297.1      0.356  29  0.387  29  0.827  11  0.571   0.459 Y  0.450      SignalP-TM
N168|N168.mRNA.1302.1      0.506  31  0.498  31  0.901  12  0.691   0.573 Y  0.450      SignalP-TM
N168|N168.mRNA.1436.1      0.291  24  0.501  24  0.939  20  0.815   0.623 Y  0.450      SignalP-TM
N168|N168.mRNA.1436.1      0.347  22  0.560  22  0.916  16  0.897   0.718 Y  0.570      SignalP-noTM
N168|N168.mRNA.1437.1      0.138  23  0.334  23  0.907   4  0.827   0.526 Y  0.450      SignalP-TM
N168|N168.mRNA.1437.1      0.191  18  0.415  18  0.940   1  0.905   0.645 Y  0.570      SignalP-noTM
N168|N168.mRNA.1440.1      0.538  19  0.712  19  0.957  16  0.938   0.818 Y  0.570      SignalP-noTM
N168|N168.mRNA.1450.1      0.398  42  0.549  42  0.917  26  0.657   0.600 Y  0.570      SignalP-noTM
N168|N168.mRNA.1468.1      0.178  28  0.349  28  0.913  18  0.769   0.513 Y  0.450      SignalP-TM
N168|N168.mRNA.1468.1      0.397  21  0.612  21  0.968  18  0.943   0.767 Y  0.570      SignalP-noTM
N168|N168.mRNA.1471.1      0.159  50  0.332  25  0.809   3  0.723   0.484 Y  0.450      SignalP-TM
N168|N168.mRNA.1471.1      0.218  21  0.410  21  0.891   1  0.787   0.588 Y  0.570      SignalP-noTM
N168|N168.mRNA.1474.1      0.243  20  0.438  20  0.869  17  0.791   0.575 Y  0.450      SignalP-TM
N168|N168.mRNA.1474.1      0.667  20  0.753  20  0.909  10  0.852   0.800 Y  0.570      SignalP-noTM
N168|N168.mRNA.1476.1      0.164  27  0.303  24  0.833   6  0.699   0.458 Y  0.450      SignalP-TM
N168|N168.mRNA.1476.1      0.195  24  0.401  24  0.906  19  0.838   0.607 Y  0.570      SignalP-noTM
N168|N168.mRNA.1477.1      0.263  22  0.484  22  0.945  13  0.873   0.667 Y  0.570      SignalP-noTM
N168|N168.mRNA.1477.1      0.457  24  0.572  24  0.816  21  0.608   0.586 Y  0.450      SignalP-TM
N168|N168.mRNA.1478.1      0.218  27  0.375  27  0.905   5  0.753   0.522 Y  0.450      SignalP-TM
N168|N168.mRNA.1478.1      0.321  25  0.458  25  0.938   8  0.777   0.608 Y  0.570      SignalP-noTM
N168|N168.mRNA.1491.1      0.174  26  0.345  26  0.871  20  0.698   0.483 Y  0.450      SignalP-TM
N168|N168.mRNA.1491.1      0.378  22  0.497  22  0.812   4  0.682   0.584 Y  0.570      SignalP-noTM
N168|N168.mRNA.1498.1      0.159  27  0.275  12  0.847   4  0.756   0.463 Y  0.450      SignalP-TM
N168|N168.mRNA.1501.1      0.216  24  0.369  24  0.839   5  0.679   0.490 Y  0.450      SignalP-TM
N168|N168.mRNA.1501.1      0.594  24  0.614  24  0.849   1  0.685   0.647 Y  0.570      SignalP-noTM
N168|N168.mRNA.151.1       0.452  22  0.652  22  0.969  10  0.930   0.760 Y  0.450      SignalP-TM
N168|N168.mRNA.151.1       0.490  22  0.666  22  0.950  21  0.888   0.770 Y  0.570      SignalP-noTM
N168|N168.mRNA.1515.1      0.291  29  0.425  29  0.850  14  0.704   0.534 Y  0.450      SignalP-TM
N168|N168.mRNA.1515.1      0.327  20  0.557  20  0.971  12  0.940   0.737 Y  0.570      SignalP-noTM
N168|N168.mRNA.1516.1      0.498  23  0.553  23  0.805  18  0.646   0.597 Y  0.570      SignalP-noTM
N168|N168.mRNA.1537.1      0.474  20  0.605  20  0.888  18  0.783   0.689 Y  0.570      SignalP-noTM
N168|N168.mRNA.1541.1      0.284  22  0.454  22  0.863  18  0.758   0.573 Y  0.450      SignalP-TM
N168|N168.mRNA.1567.1      0.217  24  0.403  24  0.871   8  0.772   0.547 Y  0.450      SignalP-TM
N168|N168.mRNA.1568.1      0.230  27  0.376  27  0.797   2  0.654   0.484 Y  0.450      SignalP-TM
N168|N168.mRNA.1569.1      0.164  43  0.333  21  0.933  14  0.845   0.533 Y  0.450      SignalP-TM
N168|N168.mRNA.1577.1      0.137  38  0.329  29  0.877  25  0.773   0.502 Y  0.450      SignalP-TM
N168|N168.mRNA.159.1       0.144  23  0.340  23  0.910   4  0.830   0.531 Y  0.450      SignalP-TM
N168|N168.mRNA.159.1       0.209  23  0.421  23  0.937  19  0.867   0.630 Y  0.570      SignalP-noTM
N168|N168.mRNA.1594.1      0.159  24  0.335  24  0.830  16  0.688   0.473 Y  0.450      SignalP-TM
N168|N168.mRNA.161.1       0.480  29  0.444  29  0.756  11  0.523   0.475 Y  0.450      SignalP-TM
N168|N168.mRNA.1635.1      0.373  40  0.495  40  0.841  33  0.526   0.507 Y  0.450      SignalP-TM
N168|N168.mRNA.1639.1      0.434  21  0.553  21  0.900   1  0.764   0.652 Y  0.570      SignalP-noTM
N168|N168.mRNA.1640.1      0.204  25  0.374  25  0.862  10  0.733   0.514 Y  0.450      SignalP-TM
N168|N168.mRNA.1640.1      0.423  25  0.623  25  0.973  21  0.923   0.764 Y  0.570      SignalP-noTM
N168|N168.mRNA.1643.1      0.207  21  0.382  21  0.823  10  0.688   0.502 Y  0.450      SignalP-TM
N168|N168.mRNA.1650.1      0.177  24  0.352  24  0.857   1  0.740   0.503 Y  0.450      SignalP-TM
N168|N168.mRNA.1669.1      0.139  26  0.299  17  0.888   7  0.830   0.506 Y  0.450      SignalP-TM
N168|N168.mRNA.1669.1      0.211  24  0.397  24  0.928   3  0.809   0.591 Y  0.570      SignalP-noTM
N168|N168.mRNA.1670.1      0.150  31  0.304  21  0.881   1  0.690   0.454 Y  0.450      SignalP-TM
N168|N168.mRNA.1670.1      0.290  21  0.452  21  0.903   1  0.771   0.602 Y  0.570      SignalP-noTM
N168|N168.mRNA.1677.1      0.585  24  0.577  24  0.850  10  0.653   0.613 Y  0.570      SignalP-noTM
N168|N168.mRNA.168.1       0.157  43  0.338  23  0.884   5  0.817   0.525 Y  0.450      SignalP-TM
N168|N168.mRNA.168.1       0.220  21  0.405  21  0.863  11  0.762   0.573 Y  0.570      SignalP-noTM
N168|N168.mRNA.1691.1      0.464  23  0.489  23  0.768   1  0.534   0.506 Y  0.450      SignalP-TM
N168|N168.mRNA.1694.1      0.246  21  0.454  21  0.923  14  0.801   0.617 Y  0.570      SignalP-noTM
N168|N168.mRNA.1696.1      0.291  19  0.462  19  0.880   1  0.745   0.595 Y  0.570      SignalP-noTM
N168|N168.mRNA.1739.1      0.644  22  0.726  22  0.896  19  0.818   0.762 Y  0.450      SignalP-TM
N168|N168.mRNA.1739.1      0.749  22  0.791  22  0.950  18  0.868   0.827 Y  0.570      SignalP-noTM
N168|N168.mRNA.1740.1      0.644  22  0.726  22  0.896  19  0.818   0.762 Y  0.450      SignalP-TM
N168|N168.mRNA.1740.1      0.749  22  0.791  22  0.950  18  0.868   0.827 Y  0.570      SignalP-noTM
N168|N168.mRNA.1747.1      0.199  18  0.363  18  0.880   2  0.706   0.497 Y  0.450      SignalP-TM
N168|N168.mRNA.1751.1      0.120  28  0.297  15  0.881   5  0.828   0.504 Y  0.450      SignalP-TM
N168|N168.mRNA.1765.1      0.221  25  0.357  25  0.806   5  0.658   0.474 Y  0.450      SignalP-TM
N168|N168.mRNA.1765.1      0.621  20  0.722  20  0.905  12  0.845   0.780 Y  0.570      SignalP-noTM
N168|N168.mRNA.1766.1      0.326  45  0.394  45  0.741  14  0.561   0.459 Y  0.450      SignalP-TM
N168|N168.mRNA.1775.1      0.642  23  0.759  23  0.920  18  0.823   0.784 Y  0.450      SignalP-TM
N168|N168.mRNA.1775.1      0.796  23  0.875  23  0.977  15  0.941   0.906 Y  0.570      SignalP-noTM
N168|N168.mRNA.1806.1      0.159  30  0.347  23  0.925  21  0.856   0.586 Y  0.570      SignalP-noTM
N168|N168.mRNA.1806.1      0.165  30  0.325  30  0.807  22  0.653   0.453 Y  0.450      SignalP-TM
N168|N168.mRNA.1808.1      0.182  60  0.338  20  0.851  11  0.784   0.512 Y  0.450      SignalP-TM
N168|N168.mRNA.1808.1      0.360  20  0.569  20  0.949   9  0.902   0.725 Y  0.570      SignalP-noTM
N168|N168.mRNA.181.1       0.246  21  0.404  21  0.715  12  0.654   0.502 Y  0.450      SignalP-TM
N168|N168.mRNA.181.1       0.481  21  0.580  21  0.847   4  0.740   0.655 Y  0.570      SignalP-noTM
N168|N168.mRNA.1816.1      0.171  29  0.340  23  0.874  13  0.782   0.513 Y  0.450      SignalP-TM
N168|N168.mRNA.1816.1      0.267  19  0.468  19  0.895  10  0.814   0.631 Y  0.570      SignalP-noTM
N168|N168.mRNA.182.1       0.564  25  0.698  25  0.938   9  0.879   0.783 Y  0.570      SignalP-noTM
N168|N168.mRNA.182.1       0.680  25  0.784  25  0.967  13  0.894   0.827 Y  0.450      SignalP-TM
N168|N168.mRNA.1913.1      0.183  22  0.341  22  0.846   8  0.699   0.481 Y  0.450      SignalP-TM
N168|N168.mRNA.1927.1      0.132  38  0.303  13  0.952   4  0.905   0.537 Y  0.450      SignalP-TM
N168|N168.mRNA.1931.1      0.232  23  0.379  23  0.741   7  0.625   0.475 Y  0.450      SignalP-TM
N168|N168.mRNA.1936.1      0.239  23  0.427  23  0.909   6  0.813   0.578 Y  0.450      SignalP-TM
N168|N168.mRNA.1937.1      0.342  24  0.476  24  0.784  18  0.626   0.535 Y  0.450      SignalP-TM
N168|N168.mRNA.1966.1      0.296  22  0.495  22  0.925  16  0.778   0.605 Y  0.450      SignalP-TM
N168|N168.mRNA.1998.1      0.160  21  0.347  21  0.903   6  0.795   0.522 Y  0.450      SignalP-TM
N168|N168.mRNA.1998.1      0.202  21  0.422  21  0.943   9  0.901   0.647 Y  0.570      SignalP-noTM
N168|N168.mRNA.2151.1      0.610  28  0.662  28  0.851  22  0.618   0.644 Y  0.450      SignalP-TM
N168|N168.mRNA.2151.1      0.742  23  0.804  23  0.922  16  0.842   0.822 Y  0.570      SignalP-noTM
N168|N168.mRNA.2152.1      0.509  28  0.644  28  0.922  18  0.813   0.710 Y  0.450      SignalP-TM
N168|N168.mRNA.2152.1      0.814  23  0.863  23  0.942  20  0.912   0.886 Y  0.570      SignalP-noTM
N168|N168.mRNA.2156.1      0.220  22  0.438  22  0.917  20  0.833   0.592 Y  0.450      SignalP-TM
N168|N168.mRNA.2156.1      0.276  22  0.472  22  0.892   1  0.807   0.630 Y  0.570      SignalP-noTM
N168|N168.mRNA.2169.1      0.365  27  0.521  27  0.941   3  0.782   0.644 Y  0.570      SignalP-noTM
N168|N168.mRNA.2169.1      0.441  27  0.579  27  0.858  23  0.687   0.621 Y  0.450      SignalP-TM
N168|N168.mRNA.2187.1      0.382  25  0.479  25  0.681  12  0.570   0.514 Y  0.450      SignalP-TM
N168|N168.mRNA.22.1        0.141  50  0.281  11  0.882   6  0.813   0.489 Y  0.450      SignalP-TM
N168|N168.mRNA.228.1       0.195  25  0.347  25  0.727  21  0.612   0.450 Y  0.450      SignalP-TM
N168|N168.mRNA.2298.1      0.709  21  0.742  21  0.842  10  0.768   0.754 Y  0.570      SignalP-noTM
N168|N168.mRNA.230.1       0.355  20  0.447  20  0.675  18  0.524   0.477 Y  0.450      SignalP-TM
N168|N168.mRNA.230.1       0.751  20  0.755  20  0.889  19  0.750   0.753 Y  0.570      SignalP-noTM
N168|N168.mRNA.2335.1      0.262  32  0.409  32  0.828  10  0.705   0.524 Y  0.450      SignalP-TM
N168|N168.mRNA.2335.1      0.416  26  0.604  26  0.971  14  0.902   0.744 Y  0.570      SignalP-noTM
N168|N168.mRNA.2339.1      0.326  25  0.553  25  0.982  15  0.938   0.703 Y  0.450      SignalP-TM
N168|N168.mRNA.2339.1      0.424  25  0.623  25  0.987  12  0.937   0.771 Y  0.570      SignalP-noTM
N168|N168.mRNA.2341.1      0.725  25  0.674  25  0.835  18  0.671   0.673 Y  0.450      SignalP-TM
N168|N168.mRNA.2342.1      0.357  21  0.480  21  0.762  16  0.629   0.538 Y  0.450      SignalP-TM
N168|N168.mRNA.2351.1      0.199  22  0.393  22  0.888  12  0.765   0.538 Y  0.450      SignalP-TM
N168|N168.mRNA.2459.1      0.170  22  0.386  16  0.944  10  0.912   0.634 Y  0.570      SignalP-noTM
N168|N168.mRNA.2459.1      0.187  50  0.375  22  0.941   3  0.864   0.566 Y  0.450      SignalP-TM
N168|N168.mRNA.2461.1      0.253  17  0.463  17  0.924  13  0.836   0.638 Y  0.570      SignalP-noTM
N168|N168.mRNA.2461.1      0.256  22  0.434  22  0.840  12  0.758   0.561 Y  0.450      SignalP-TM
N168|N168.mRNA.2473.1      0.439  20  0.572  20  0.890  18  0.629   0.594 Y  0.450      SignalP-TM
N168|N168.mRNA.2529.1      0.644  22  0.745  22  0.929  18  0.868   0.803 Y  0.570      SignalP-noTM
N168|N168.mRNA.2542.1      0.365  33  0.460  33  0.943  18  0.775   0.583 Y  0.450      SignalP-TM
N168|N168.mRNA.2542.1      0.479  19  0.658  19  0.943   1  0.909   0.776 Y  0.570      SignalP-noTM
N168|N168.mRNA.2589.1      0.405  29  0.508  29  0.829  24  0.682   0.576 Y  0.450      SignalP-TM
N168|N168.mRNA.2589.1      0.425  29  0.597  29  0.973  15  0.885   0.732 Y  0.570      SignalP-noTM
N168|N168.mRNA.2590.1      0.258  28  0.378  28  0.936  10  0.699   0.503 Y  0.450      SignalP-TM
N168|N168.mRNA.2601.1      0.204  23  0.393  23  0.874  16  0.734   0.526 Y  0.450      SignalP-TM
N168|N168.mRNA.2601.1      0.381  20  0.595  20  0.967   8  0.925   0.750 Y  0.570      SignalP-noTM
N168|N168.mRNA.2605.1      0.158  21  0.338  21  0.841  17  0.734   0.492 Y  0.450      SignalP-TM
N168|N168.mRNA.2605.1      0.424  20  0.609  20  0.909   4  0.883   0.738 Y  0.570      SignalP-noTM
N168|N168.mRNA.2615.1      0.265  22  0.435  22  0.911   1  0.740   0.578 Y  0.570      SignalP-noTM
N168|N168.mRNA.2626.1      0.420  25  0.491  25  0.822  21  0.501   0.495 Y  0.450      SignalP-TM
N168|N168.mRNA.2628.1      0.624  23  0.735  23  0.920  13  0.844   0.777 Y  0.450      SignalP-TM
N168|N168.mRNA.2660.1      0.165  21  0.348  18  0.885  12  0.738   0.500 Y  0.450      SignalP-TM
N168|N168.mRNA.2665.1      0.292  17  0.465  17  0.938  16  0.739   0.572 Y  0.450      SignalP-TM
N168|N168.mRNA.2665.1      0.420  17  0.605  17  0.919   8  0.861   0.725 Y  0.570      SignalP-noTM
N168|N168.mRNA.2676.1      0.123  29  0.280  11  0.897   2  0.775   0.473 Y  0.450      SignalP-TM
N168|N168.mRNA.2687.1      0.556  24  0.678  24  0.869  12  0.826   0.736 Y  0.450      SignalP-TM
N168|N168.mRNA.2687.1      0.662  24  0.714  24  0.897  12  0.811   0.760 Y  0.570      SignalP-noTM
N168|N168.mRNA.2723.1      0.207  25  0.356  25  0.786   6  0.646   0.469 Y  0.450      SignalP-TM
N168|N168.mRNA.2725.1      0.133  31  0.299  20  0.877  18  0.740   0.471 Y  0.450      SignalP-TM
N168|N168.mRNA.2781.1      0.389  26  0.481  26  0.805  21  0.667   0.554 Y  0.450      SignalP-TM
N168|N168.mRNA.2804.1      0.147  33  0.320  33  0.930   8  0.797   0.506 Y  0.450      SignalP-TM
N168|N168.mRNA.2808.1      0.172  20  0.363  20  0.883   3  0.782   0.526 Y  0.450      SignalP-TM
N168|N168.mRNA.2808.1      0.458  20  0.615  20  0.914  17  0.841   0.721 Y  0.570      SignalP-noTM
N168|N168.mRNA.2814.1      0.582  24  0.667  24  0.911  22  0.682   0.672 Y  0.450      SignalP-TM
N168|N168.mRNA.2814.1      0.646  24  0.765  24  0.949  21  0.859   0.809 Y  0.570      SignalP-noTM
N168|N168.mRNA.2828.1      0.171  28  0.340  26  0.916   9  0.789   0.515 Y  0.450      SignalP-TM
N168|N168.mRNA.2828.1      0.232  26  0.396  26  0.921  15  0.791   0.582 Y  0.570      SignalP-noTM
N168|N168.mRNA.2836.1      0.179  28  0.382  28  0.945  15  0.829   0.556 Y  0.450      SignalP-TM
N168|N168.mRNA.2836.1      0.476  21  0.675  21  0.978  19  0.945   0.802 Y  0.570      SignalP-noTM
N168|N168.mRNA.2850.1      0.769  22  0.758  22  0.912  14  0.726   0.743 Y  0.570      SignalP-noTM
N168|N168.mRNA.2852.1      0.510  20  0.586  20  0.842  17  0.662   0.622 Y  0.570      SignalP-noTM
N168|N168.mRNA.2869.1      0.179  28  0.382  28  0.945  15  0.829   0.556 Y  0.450      SignalP-TM
N168|N168.mRNA.2869.1      0.476  21  0.675  21  0.978  19  0.945   0.802 Y  0.570      SignalP-noTM
N168|N168.mRNA.2880.1      0.363  25  0.481  25  0.857  22  0.650   0.547 Y  0.450      SignalP-TM
N168|N168.mRNA.2897.1      0.231  29  0.372  29  0.904  14  0.725   0.510 Y  0.450      SignalP-TM
N168|N168.mRNA.2897.1      0.343  20  0.570  20  0.965   8  0.943   0.745 Y  0.570      SignalP-noTM
N168|N168.mRNA.2937.1      0.448  25  0.551  25  0.877   9  0.731   0.622 Y  0.450      SignalP-TM
N168|N168.mRNA.2937.1      0.673  25  0.676  25  0.896  11  0.776   0.723 Y  0.570      SignalP-noTM
N168|N168.mRNA.2963.1      0.110  29  0.276  11  0.890   2  0.750   0.461 Y  0.450      SignalP-TM
N168|N168.mRNA.3061.1      0.264  21  0.430  21  0.843   1  0.747   0.579 Y  0.570      SignalP-noTM
N168|N168.mRNA.3109.1      0.209  21  0.414  21  0.858  12  0.817   0.571 Y  0.450      SignalP-TM
N168|N168.mRNA.3109.1      0.341  21  0.565  21  0.964  10  0.934   0.739 Y  0.570      SignalP-noTM
N168|N168.mRNA.31.1        0.296  20  0.517  20  0.925   9  0.879   0.658 Y  0.450      SignalP-TM
N168|N168.mRNA.31.1        0.312  20  0.519  20  0.923  17  0.871   0.685 Y  0.570      SignalP-noTM
N168|N168.mRNA.3146.1      0.292  26  0.459  26  0.797  15  0.659   0.537 Y  0.450      SignalP-TM
N168|N168.mRNA.3194.1      0.314  27  0.412  27  0.851   1  0.652   0.506 Y  0.450      SignalP-TM
N168|N168.mRNA.3194.1      0.337  20  0.482  20  0.838   1  0.712   0.590 Y  0.570      SignalP-noTM
N168|N168.mRNA.3233.1      0.301  19  0.485  19  0.877  15  0.765   0.594 Y  0.450      SignalP-TM
N168|N168.mRNA.3234.1      0.170  23  0.360  23  0.884  13  0.773   0.521 Y  0.450      SignalP-TM
N168|N168.mRNA.3243.1      0.391  36  0.552  36  0.935  17  0.817   0.655 Y  0.450      SignalP-TM
N168|N168.mRNA.3308.1      0.567  25  0.681  25  0.856  16  0.799   0.727 Y  0.450      SignalP-TM
N168|N168.mRNA.3308.1      0.658  25  0.749  25  0.966  13  0.883   0.812 Y  0.570      SignalP-noTM
N168|N168.mRNA.3309.1      0.501  31  0.647  31  0.915  27  0.676   0.658 Y  0.450      SignalP-TM
N168|N168.mRNA.3329.1      0.260  28  0.393  28  0.957  11  0.751   0.533 Y  0.450      SignalP-TM
N168|N168.mRNA.3409.1      0.203  27  0.346  27  0.908  16  0.679   0.476 Y  0.450      SignalP-TM
N168|N168.mRNA.3414.1      0.214  28  0.388  20  0.940  17  0.853   0.569 Y  0.450      SignalP-TM
N168|N168.mRNA.3414.1      0.438  20  0.621  20  0.961  17  0.877   0.741 Y  0.570      SignalP-noTM
N168|N168.mRNA.3418.1      0.430  32  0.446  32  0.783   9  0.599   0.506 Y  0.450      SignalP-TM
N168|N168.mRNA.3424.1      0.291  34  0.440  24  0.910  22  0.846   0.598 Y  0.450      SignalP-TM
N168|N168.mRNA.3424.1      0.380  24  0.598  24  0.957  18  0.931   0.755 Y  0.570      SignalP-noTM
N168|N168.mRNA.3437.1      0.174  26  0.356  26  0.854  15  0.720   0.498 Y  0.450      SignalP-TM
N168|N168.mRNA.3461.1      0.452  22  0.653  22  0.970  10  0.932   0.762 Y  0.450      SignalP-TM
N168|N168.mRNA.3461.1      0.490  22  0.667  22  0.952  21  0.892   0.773 Y  0.570      SignalP-noTM
N168|N168.mRNA.3462.1      0.223  22  0.414  22  0.901   4  0.800   0.564 Y  0.450      SignalP-TM
N168|N168.mRNA.3462.1      0.278  20  0.508  20  0.941  17  0.918   0.701 Y  0.570      SignalP-noTM
N168|N168.mRNA.3491.1      0.213  29  0.384  29  0.881  17  0.753   0.528 Y  0.450      SignalP-TM
N168|N168.mRNA.3491.1      0.270  22  0.471  22  0.931  18  0.849   0.649 Y  0.570      SignalP-noTM
N168|N168.mRNA.3492.1      0.213  21  0.395  21  0.839  16  0.659   0.498 Y  0.450      SignalP-TM
N168|N168.mRNA.3492.1      0.348  20  0.528  20  0.879  17  0.754   0.634 Y  0.570      SignalP-noTM
N168|N168.mRNA.3508.1      0.502  39  0.427  22  0.735   2  0.640   0.510 Y  0.450      SignalP-TM
N168|N168.mRNA.351.1       0.253  19  0.475  19  0.948  15  0.892   0.671 Y  0.570      SignalP-noTM
N168|N168.mRNA.351.1       0.355  27  0.514  27  0.916  16  0.806   0.628 Y  0.450      SignalP-TM
N168|N168.mRNA.3528.1      0.254  36  0.372  36  0.923   6  0.736   0.514 Y  0.450      SignalP-TM
N168|N168.mRNA.3540.1      0.226  23  0.378  23  0.761  16  0.572   0.454 Y  0.450      SignalP-TM
N168|N168.mRNA.3541.1      0.172  17  0.339  17  0.774  11  0.652   0.461 Y  0.450      SignalP-TM
N168|N168.mRNA.3583.1      0.147  35  0.320  22  0.911   9  0.764   0.493 Y  0.450      SignalP-TM
N168|N168.mRNA.3583.1      0.167  22  0.369  22  0.926   8  0.850   0.595 Y  0.570      SignalP-noTM
N168|N168.mRNA.3624.1      0.255  31  0.406  31  0.777  24  0.568   0.469 Y  0.450      SignalP-TM
N168|N168.mRNA.3639.1      0.413  28  0.482  28  0.799  11  0.636   0.542 Y  0.450      SignalP-TM
N168|N168.mRNA.3692.1      0.462  23  0.519  23  0.855   1  0.662   0.586 Y  0.570      SignalP-noTM
N168|N168.mRNA.3692.1      0.592  23  0.621  23  0.823  21  0.646   0.631 Y  0.450      SignalP-TM
N168|N168.mRNA.3729.1      0.186  34  0.294  20  0.833   7  0.744   0.469 Y  0.450      SignalP-TM
N168|N168.mRNA.3757.1      0.219  20  0.403  20  0.876  15  0.679   0.511 Y  0.450      SignalP-TM
N168|N168.mRNA.3757.1      0.619  20  0.697  20  0.846  17  0.771   0.732 Y  0.570      SignalP-noTM
N168|N168.mRNA.3762.1      0.358  21  0.485  21  0.772   4  0.681   0.562 Y  0.450      SignalP-TM
N168|N168.mRNA.3765.1      0.513  21  0.557  21  0.708  20  0.599   0.573 Y  0.450      SignalP-TM
N168|N168.mRNA.3765.1      0.526  21  0.632  21  0.903   1  0.789   0.706 Y  0.570      SignalP-noTM
N168|N168.mRNA.3781.1      0.281  20  0.447  20  0.864   2  0.741   0.585 Y  0.570      SignalP-noTM
N168|N168.mRNA.3781.1      0.329  27  0.389  27  0.761   7  0.578   0.463 Y  0.450      SignalP-TM
N168|N168.mRNA.3788.1      0.202  29  0.350  29  0.782   8  0.675   0.477 Y  0.450      SignalP-TM
N168|N168.mRNA.3855.1      0.383  22  0.536  22  0.872  18  0.743   0.633 Y  0.570      SignalP-noTM
N168|N168.mRNA.3863.1      0.256  22  0.395  22  0.743  11  0.618   0.482 Y  0.450      SignalP-TM
N168|N168.mRNA.3865.1      0.516  26  0.607  26  0.904   9  0.793   0.680 Y  0.450      SignalP-TM
N168|N168.mRNA.3865.1      0.633  20  0.772  20  0.968  18  0.940   0.851 Y  0.570      SignalP-noTM
N168|N168.mRNA.3870.1      0.150  19  0.367  19  0.930  12  0.892   0.614 Y  0.570      SignalP-noTM
N168|N168.mRNA.3870.1      0.177  30  0.335  30  0.796  18  0.656   0.460 Y  0.450      SignalP-TM
N168|N168.mRNA.3879.1      0.258  20  0.387  20  0.825   1  0.637   0.484 Y  0.450      SignalP-TM
N168|N168.mRNA.3887.1      0.249  23  0.391  23  0.866  17  0.595   0.471 Y  0.450      SignalP-TM
N168|N168.mRNA.3887.1      0.343  21  0.516  21  0.911  17  0.768   0.635 Y  0.570      SignalP-noTM
N168|N168.mRNA.3913.1      0.374  22  0.488  22  0.705   2  0.638   0.546 Y  0.450      SignalP-TM
N168|N168.mRNA.3913.1      0.647  22  0.662  22  0.866   1  0.709   0.684 Y  0.570      SignalP-noTM
N168|N168.mRNA.3932.1      0.504  25  0.477  25  0.602  23  0.442   0.463 Y  0.450      SignalP-TM
N168|N168.mRNA.395.1       0.186  20  0.355  20  0.805   7  0.695   0.488 Y  0.450      SignalP-TM
N168|N168.mRNA.3972.1      0.277  28  0.478  28  0.945  20  0.872   0.663 Y  0.570      SignalP-noTM
N168|N168.mRNA.3972.1      0.295  32  0.424  32  0.765   8  0.655   0.514 Y  0.450      SignalP-TM
N168|N168.mRNA.3984.1      0.133  48  0.284  12  0.833  10  0.801   0.486 Y  0.450      SignalP-TM
N168|N168.mRNA.3986.1      0.389  27  0.516  27  0.908  23  0.661   0.573 Y  0.450      SignalP-TM
N168|N168.mRNA.3986.1      0.527  27  0.550  27  0.784  24  0.444   0.511 Y  0.510      SignalP-TM
N168|N168.mRNA.4046.1      0.404  26  0.552  26  0.916  10  0.811   0.653 Y  0.450      SignalP-TM
N168|N168.mRNA.4046.1      0.615  26  0.669  26  0.919  19  0.797   0.730 Y  0.570      SignalP-noTM
N168|N168.mRNA.4049.1      0.124  25  0.275  13  0.808   9  0.753   0.461 Y  0.450      SignalP-TM
N168|N168.mRNA.4060.1      0.357  18  0.544  18  0.900  11  0.795   0.662 Y  0.570      SignalP-noTM
N168|N168.mRNA.4076.1      0.266  25  0.484  25  0.933  20  0.854   0.628 Y  0.450      SignalP-TM
N168|N168.mRNA.4076.1      0.452  24  0.626  24  0.908  23  0.780   0.683 Y  0.510      SignalP-TM
N168|N168.mRNA.4096.1      0.128  49  0.288  17  0.842   8  0.726   0.459 Y  0.450      SignalP-TM
N168|N168.mRNA.4.1         0.166  30  0.336  23  0.889   7  0.770   0.505 Y  0.450      SignalP-TM
N168|N168.mRNA.4.1         0.208  30  0.414  23  0.953   8  0.896   0.640 Y  0.570      SignalP-noTM
N168|N168.mRNA.4137.1      0.266  23  0.473  23  0.959  14  0.870   0.628 Y  0.450      SignalP-TM
N168|N168.mRNA.4137.1      0.267  18  0.495  18  0.947  13  0.913   0.691 Y  0.570      SignalP-noTM
N168|N168.mRNA.4148.1      0.284  31  0.361  31  0.765   1  0.594   0.452 Y  0.450      SignalP-TM
N168|N168.mRNA.4163.1      0.158  20  0.330  20  0.802   7  0.697   0.473 Y  0.450      SignalP-TM
N168|N168.mRNA.4163.1      0.192  20  0.390  20  0.869  15  0.800   0.583 Y  0.570      SignalP-noTM
N168|N168.mRNA.4165.1      0.523  48  0.558  48  0.805  34  0.481   0.528 Y  0.450      SignalP-TM
N168|N168.mRNA.4185.1      0.257  25  0.443  25  0.849  18  0.751   0.563 Y  0.450      SignalP-TM
N168|N168.mRNA.4185.1      0.524  22  0.698  22  0.963  10  0.933   0.809 Y  0.570      SignalP-noTM
N168|N168.mRNA.4225.1      0.233  22  0.451  22  0.959  11  0.891   0.658 Y  0.570      SignalP-noTM
N168|N168.mRNA.4225.1      0.277  26  0.467  26  0.899   3  0.823   0.606 Y  0.450      SignalP-TM
N168|N168.mRNA.4268.1      0.190  21  0.373  21  0.832  20  0.706   0.503 Y  0.450      SignalP-TM
N168|N168.mRNA.4268.1      0.254  24  0.430  23  0.879   3  0.798   0.603 Y  0.570      SignalP-noTM
N168|N168.mRNA.427.1       0.652  22  0.653  22  0.816  18  0.654   0.653 Y  0.450      SignalP-TM
N168|N168.mRNA.427.1       0.814  22  0.759  22  0.841   8  0.717   0.739 Y  0.570      SignalP-noTM
N168|N168.mRNA.4301.1      0.446  23  0.522  23  0.874   2  0.676   0.582 Y  0.450      SignalP-TM
N168|N168.mRNA.4301.1      0.688  23  0.756  23  0.945  19  0.852   0.801 Y  0.570      SignalP-noTM
N168|N168.mRNA.4367.1      0.225  32  0.332  17  0.866  12  0.794   0.512 Y  0.450      SignalP-TM
N168|N168.mRNA.4444.1      0.139  46  0.289  32  0.902  26  0.799   0.488 Y  0.450      SignalP-TM
N168|N168.mRNA.4470.1      0.632  18  0.715  18  0.848  12  0.796   0.753 Y  0.570      SignalP-noTM
N168|N168.mRNA.4476.1      0.368  18  0.561  18  0.962  17  0.860   0.678 Y  0.450      SignalP-TM
N168|N168.mRNA.4476.1      0.566  18  0.728  18  0.957  17  0.929   0.822 Y  0.570      SignalP-noTM
N168|N168.mRNA.4495.1      0.167  21  0.358  21  0.901   6  0.802   0.531 Y  0.450      SignalP-TM
N168|N168.mRNA.4495.1      0.216  21  0.439  21  0.947   9  0.909   0.660 Y  0.570      SignalP-noTM
N168|N168.mRNA.456.1       0.146  40  0.282  17  0.829  12  0.723   0.454 Y  0.450      SignalP-TM
N168|N168.mRNA.4564.1      0.235  25  0.397  25  0.851  12  0.708   0.518 Y  0.450      SignalP-TM
N168|N168.mRNA.4564.1      0.326  25  0.499  25  0.948   8  0.851   0.665 Y  0.570      SignalP-noTM
N168|N168.mRNA.457.1       0.158  44  0.321  32  0.877  14  0.804   0.509 Y  0.450      SignalP-TM
N168|N168.mRNA.4615.1      0.153  38  0.286  19  0.864  15  0.730   0.459 Y  0.450      SignalP-TM
N168|N168.mRNA.4703.1      0.250  25  0.389  25  0.877   7  0.715   0.516 Y  0.450      SignalP-TM
N168|N168.mRNA.472.1       0.379  29  0.459  29  0.868  20  0.652   0.534 Y  0.450      SignalP-TM
N168|N168.mRNA.472.1       0.533  22  0.606  22  0.847  20  0.699   0.650 Y  0.570      SignalP-noTM
N168|N168.mRNA.4721.1      0.268  26  0.410  26  0.808  12  0.658   0.507 Y  0.450      SignalP-TM
N168|N168.mRNA.4774.1      0.222  24  0.416  24  0.844   6  0.793   0.563 Y  0.450      SignalP-TM
N168|N168.mRNA.4780.1      0.446  22  0.604  22  0.929  17  0.831   0.693 Y  0.450      SignalP-TM
N168|N168.mRNA.4780.1      0.712  22  0.657  22  0.839  10  0.671   0.663 Y  0.570      SignalP-noTM
N168|N168.mRNA.4844.1      0.173  19  0.330  19  0.842   1  0.642   0.452 Y  0.450      SignalP-TM
N168|N168.mRNA.4844.1      0.331  19  0.521  19  0.903   1  0.823   0.663 Y  0.570      SignalP-noTM
N168|N168.mRNA.4856.1      0.375  22  0.555  22  0.906  17  0.783   0.644 Y  0.450      SignalP-TM
N168|N168.mRNA.4856.1      0.397  22  0.575  22  0.895  18  0.827   0.694 Y  0.570      SignalP-noTM
N168|N168.mRNA.4857.1      0.218  18  0.406  18  0.814   7  0.739   0.536 Y  0.450      SignalP-TM
N168|N168.mRNA.4881.1      0.212  28  0.379  18  0.917  12  0.877   0.613 Y  0.570      SignalP-noTM
N168|N168.mRNA.4881.1      0.497  28  0.553  28  0.868   2  0.700   0.611 Y  0.450      SignalP-TM
N168|N168.mRNA.4882.1      0.249  41  0.385  18  0.936  12  0.890   0.622 Y  0.570      SignalP-noTM
N168|N168.mRNA.4882.1      0.334  28  0.431  28  0.826   2  0.650   0.516 Y  0.450      SignalP-TM
N168|N168.mRNA.4895.1      0.135  34  0.272  11  0.784   1  0.734   0.452 Y  0.450      SignalP-TM
N168|N168.mRNA.4897.1      0.808  28  0.768  28  0.933  17  0.778   0.772 Y  0.450      SignalP-TM
N168|N168.mRNA.4897.1      0.847  28  0.825  20  0.968  13  0.945   0.882 Y  0.570      SignalP-noTM
N168|N168.mRNA.490.1       0.489  29  0.590  29  0.899  25  0.494   0.554 Y  0.510      SignalP-TM
N168|N168.mRNA.4901.1      0.229  29  0.408  15  0.850   1  0.819   0.568 Y  0.450      SignalP-TM
N168|N168.mRNA.4902.1      0.786  28  0.816  28  0.951  17  0.876   0.839 Y  0.450      SignalP-TM
N168|N168.mRNA.4902.1      0.877  28  0.827  28  0.980  10  0.881   0.852 Y  0.570      SignalP-noTM
N168|N168.mRNA.4966.1      0.274  56  0.405  56  0.847  12  0.629   0.493 Y  0.450      SignalP-TM
N168|N168.mRNA.5000.1      0.256  27  0.427  27  0.802  20  0.735   0.547 Y  0.450      SignalP-TM
N168|N168.mRNA.5000.1      0.333  21  0.531  21  0.938  19  0.860   0.686 Y  0.570      SignalP-noTM
N168|N168.mRNA.5006.1      0.359  23  0.562  23  0.922  19  0.864   0.680 Y  0.450      SignalP-TM
N168|N168.mRNA.5006.1      0.405  23  0.584  23  0.965  10  0.880   0.723 Y  0.570      SignalP-noTM
N168|N168.mRNA.5010.1      0.308  22  0.425  22  0.790  14  0.531   0.467 Y  0.450      SignalP-TM
N168|N168.mRNA.5010.1      0.458  22  0.606  22  0.908  20  0.807   0.701 Y  0.570      SignalP-noTM
N168|N168.mRNA.5056.1      0.171  22  0.397  22  0.958  15  0.909   0.597 Y  0.450      SignalP-TM
N168|N168.mRNA.5056.1      0.349  22  0.539  22  0.969   9  0.881   0.700 Y  0.570      SignalP-noTM
N168|N168.mRNA.5132.1      0.460  22  0.551  22  0.843  18  0.640   0.586 Y  0.450      SignalP-TM
N168|N168.mRNA.5141.1      0.225  21  0.367  21  0.798  18  0.591   0.454 Y  0.450      SignalP-TM
N168|N168.mRNA.516.1       0.242  20  0.453  20  0.920   5  0.867   0.648 Y  0.570      SignalP-noTM
N168|N168.mRNA.5163.1      0.249  25  0.423  25  0.895  10  0.755   0.553 Y  0.450      SignalP-TM
N168|N168.mRNA.5163.1      0.567  25  0.609  25  0.902  17  0.752   0.676 Y  0.570      SignalP-noTM
N168|N168.mRNA.52.1        0.170  22  0.344  22  0.850   8  0.739   0.498 Y  0.450      SignalP-TM
N168|N168.mRNA.5232.1      0.352  31  0.502  20  0.912   4  0.816   0.625 Y  0.450      SignalP-TM
N168|N168.mRNA.5232.1      0.392  20  0.572  20  0.938  10  0.868   0.711 Y  0.570      SignalP-noTM
N168|N168.mRNA.5250.1      0.284  22  0.509  22  0.942  13  0.892   0.658 Y  0.450      SignalP-TM
N168|N168.mRNA.5250.1      0.794  22  0.837  22  0.921  17  0.877   0.856 Y  0.570      SignalP-noTM
N168|N168.mRNA.5261.1      0.602  51  0.538  51  0.697  37  0.353   0.466 Y  0.450      SignalP-TM
N168|N168.mRNA.5275.1      0.155  23  0.356  23  0.903  16  0.798   0.528 Y  0.450      SignalP-TM
N168|N168.mRNA.5275.1      0.205  21  0.429  21  0.973  13  0.916   0.658 Y  0.570      SignalP-noTM
N168|N168.mRNA.5295.1      0.261  20  0.507  20  0.992  10  0.979   0.729 Y  0.570      SignalP-noTM
N168|N168.mRNA.5295.1      0.332  36  0.491  36  0.992  13  0.874   0.640 Y  0.450      SignalP-TM
N168|N168.mRNA.5298.1      0.286  22  0.405  22  0.737  18  0.575   0.472 Y  0.450      SignalP-TM
N168|N168.mRNA.5298.1      0.451  20  0.627  20  0.924  13  0.864   0.739 Y  0.570      SignalP-noTM
N168|N168.mRNA.5299.1      0.139  45  0.319  18  0.865   5  0.774   0.497 Y  0.450      SignalP-TM
N168|N168.mRNA.5302.1      0.172  23  0.367  23  0.911  19  0.773   0.526 Y  0.450      SignalP-TM
N168|N168.mRNA.5302.1      0.545  20  0.681  20  0.903  19  0.849   0.760 Y  0.570      SignalP-noTM
N168|N168.mRNA.53.1        0.240  21  0.365  21  0.713   4  0.584   0.451 Y  0.450      SignalP-TM
N168|N168.mRNA.53.1        0.767  21  0.781  21  0.903  14  0.826   0.802 Y  0.570      SignalP-noTM
N168|N168.mRNA.5312.1      0.361  27  0.542  27  0.945  17  0.861   0.666 Y  0.450      SignalP-TM
N168|N168.mRNA.5312.1      0.476  25  0.586  25  0.949  13  0.824   0.698 Y  0.570      SignalP-noTM
N168|N168.mRNA.5317.1      0.322  47  0.365  23  0.822  21  0.705   0.498 Y  0.450      SignalP-TM
N168|N168.mRNA.5317.1      0.436  23  0.531  23  0.882  20  0.682   0.602 Y  0.570      SignalP-noTM
N168|N168.mRNA.5362.1      0.516  31  0.525  31  0.900   4  0.709   0.597 Y  0.450      SignalP-TM
N168|N168.mRNA.5363.1      0.191  28  0.354  28  0.824   1  0.714   0.494 Y  0.450      SignalP-TM
N168|N168.mRNA.5365.1      0.347  65  0.466  27  0.870  14  0.741   0.573 Y  0.450      SignalP-TM
N168|N168.mRNA.540.1       0.166  31  0.333  25  0.820   3  0.683   0.470 Y  0.450      SignalP-TM
N168|N168.mRNA.5404.1      0.160  32  0.293  14  0.898   5  0.856   0.513 Y  0.450      SignalP-TM
N168|N168.mRNA.5413.1      0.255  23  0.469  23  0.908  17  0.814   0.604 Y  0.450      SignalP-TM
N168|N168.mRNA.5418.1      0.370  26  0.460  23  0.767  20  0.518   0.482 Y  0.450      SignalP-TM
N168|N168.mRNA.542.1       0.242  27  0.410  27  0.815  12  0.695   0.521 Y  0.450      SignalP-TM
N168|N168.mRNA.545.1       0.368  21  0.454  21  0.810   2  0.616   0.517 Y  0.450      SignalP-TM
N168|N168.mRNA.5486.1      0.153  25  0.347  25  0.890   6  0.806   0.526 Y  0.450      SignalP-TM
N168|N168.mRNA.5488.1      0.342  26  0.520  26  0.882  20  0.756   0.612 Y  0.450      SignalP-TM
N168|N168.mRNA.5488.1      0.500  25  0.618  25  0.872  17  0.802   0.704 Y  0.570      SignalP-noTM
N168|N168.mRNA.5499.1      0.202  24  0.348  24  0.803   7  0.629   0.457 Y  0.450      SignalP-TM
N168|N168.mRNA.5500.1      0.209  27  0.365  21  0.870   9  0.803   0.536 Y  0.450      SignalP-TM
N168|N168.mRNA.5500.1      0.288  21  0.509  21  0.961  16  0.906   0.695 Y  0.570      SignalP-noTM
N168|N168.mRNA.5501.1      0.205  27  0.365  21  0.902  17  0.812   0.540 Y  0.450      SignalP-TM
N168|N168.mRNA.5501.1      0.345  21  0.559  21  0.968  16  0.919   0.728 Y  0.570      SignalP-noTM
N168|N168.mRNA.5502.1      0.151  22  0.308  18  0.814   9  0.750   0.480 Y  0.450      SignalP-TM
N168|N168.mRNA.5503.1      0.202  27  0.349  27  0.854  17  0.698   0.485 Y  0.450      SignalP-TM
N168|N168.mRNA.5503.1      0.245  21  0.467  21  0.957  16  0.900   0.671 Y  0.570      SignalP-noTM
N168|N168.mRNA.5510.1      0.208  25  0.391  25  0.864  17  0.677   0.503 Y  0.450      SignalP-TM
N168|N168.mRNA.5524.1      0.280  27  0.365  27  0.771   8  0.591   0.453 Y  0.450      SignalP-TM
N168|N168.mRNA.5529.1      0.657  22  0.764  22  0.955  17  0.884   0.811 Y  0.450      SignalP-TM
N168|N168.mRNA.5529.1      0.798  22  0.840  22  0.957  19  0.893   0.865 Y  0.570      SignalP-noTM
N168|N168.mRNA.5547.1      0.173  22  0.375  22  0.929   5  0.839   0.556 Y  0.450      SignalP-TM
N168|N168.mRNA.5547.1      0.253  20  0.461  20  0.914   2  0.850   0.644 Y  0.570      SignalP-noTM
N168|N168.mRNA.5584.1      0.176  24  0.385  24  0.936  15  0.844   0.564 Y  0.450      SignalP-TM
N168|N168.mRNA.5584.1      0.260  24  0.504  24  0.987  14  0.957   0.717 Y  0.570      SignalP-noTM
N168|N168.mRNA.5597.1      0.381  26  0.475  26  0.794  19  0.642   0.540 Y  0.450      SignalP-TM
N168|N168.mRNA.5606.1      0.266  29  0.457  29  0.950  18  0.824   0.600 Y  0.450      SignalP-TM
N168|N168.mRNA.5606.1      0.314  20  0.545  20  0.971  18  0.934   0.728 Y  0.570      SignalP-noTM
N168|N168.mRNA.5629.1      0.282  25  0.504  25  0.958  17  0.881   0.651 Y  0.450      SignalP-TM
N168|N168.mRNA.5629.1      0.520  25  0.686  25  0.975  18  0.929   0.800 Y  0.570      SignalP-noTM
N168|N168.mRNA.5654.1      0.147  39  0.310  22  0.879  16  0.738   0.477 Y  0.450      SignalP-TM
N168|N168.mRNA.5720.1      0.129  64  0.291  11  0.909   3  0.823   0.498 Y  0.450      SignalP-TM
N168|N168.mRNA.5755.1      0.373  48  0.443  48  0.863  12  0.594   0.502 Y  0.450      SignalP-TM
N168|N168.mRNA.5766.1      0.120  55  0.290  22  0.826  11  0.745   0.467 Y  0.450      SignalP-TM
N168|N168.mRNA.5780.1      0.294  31  0.453  31  0.906   6  0.798   0.587 Y  0.450      SignalP-TM
N168|N168.mRNA.5786.1      0.255  27  0.401  27  0.757  13  0.661   0.502 Y  0.450      SignalP-TM
N168|N168.mRNA.5801.1      0.321  22  0.452  22  0.804   2  0.665   0.535 Y  0.450      SignalP-TM
N168|N168.mRNA.5801.1      0.478  22  0.625  22  0.913   1  0.832   0.723 Y  0.570      SignalP-noTM
N168|N168.mRNA.5809.1      0.155  26  0.313  26  0.874  13  0.679   0.455 Y  0.450      SignalP-TM
N168|N168.mRNA.5809.1      0.217  18  0.425  18  0.928   8  0.831   0.615 Y  0.570      SignalP-noTM
N168|N168.mRNA.581.1       0.139  43  0.297  22  0.851  12  0.695   0.452 Y  0.450      SignalP-TM
N168|N168.mRNA.5814.1      0.327  67  0.368  21  0.887   5  0.767   0.524 Y  0.450      SignalP-TM
N168|N168.mRNA.5822.1      0.133  22  0.314  22  0.896   9  0.749   0.484 Y  0.450      SignalP-TM
N168|N168.mRNA.5822.1      0.134  16  0.346  16  0.955  14  0.866   0.590 Y  0.570      SignalP-noTM
N168|N168.mRNA.5832.1      0.457  24  0.597  24  0.835   1  0.771   0.665 Y  0.450      SignalP-TM
N168|N168.mRNA.5832.1      0.557  24  0.683  24  0.920  15  0.836   0.755 Y  0.570      SignalP-noTM
N168|N168.mRNA.5865.1      0.201  49  0.367  24  0.894   7  0.804   0.537 Y  0.450      SignalP-TM
N168|N168.mRNA.5869.1      0.635  23  0.657  23  0.869  19  0.613   0.640 Y  0.450      SignalP-TM
N168|N168.mRNA.5887.1      0.378  28  0.393  28  0.819   1  0.547   0.453 Y  0.450      SignalP-TM
N168|N168.mRNA.5913.1      0.503  22  0.640  22  0.880  20  0.809   0.706 Y  0.450      SignalP-TM
N168|N168.mRNA.5913.1      0.734  22  0.758  22  0.923   1  0.816   0.785 Y  0.570      SignalP-noTM
N168|N168.mRNA.5934.1      0.747  21  0.646  21  0.802  18  0.565   0.614 Y  0.450      SignalP-TM
N168|N168.mRNA.5934.1      0.890  21  0.813  21  0.941  18  0.742   0.779 Y  0.570      SignalP-noTM
N168|N168.mRNA.594.1       0.590  48  0.556  48  0.884  16  0.631   0.585 Y  0.450      SignalP-TM
N168|N168.mRNA.5953.1      0.414  23  0.568  23  0.865  21  0.755   0.641 Y  0.450      SignalP-TM
N168|N168.mRNA.5953.1      0.448  23  0.529  23  0.878   2  0.691   0.605 Y  0.570      SignalP-noTM
N168|N168.mRNA.5954.1      0.412  23  0.556  23  0.850  21  0.721   0.620 Y  0.450      SignalP-TM
N168|N168.mRNA.5954.1      0.445  23  0.516  23  0.855   2  0.661   0.584 Y  0.570      SignalP-noTM
N168|N168.mRNA.5955.1      0.415  23  0.573  23  0.871  21  0.771   0.650 Y  0.450      SignalP-TM
N168|N168.mRNA.5955.1      0.448  23  0.532  23  0.884   2  0.699   0.611 Y  0.570      SignalP-noTM
N168|N168.mRNA.5975.1      0.266  24  0.478  24  0.919  17  0.826   0.614 Y  0.450      SignalP-TM
N168|N168.mRNA.5975.1      0.325  24  0.539  24  0.957  17  0.889   0.703 Y  0.570      SignalP-noTM
N168|N168.mRNA.5977.1      0.498  24  0.506  24  0.809  23  0.519   0.511 Y  0.450      SignalP-TM
N168|N168.mRNA.6004.1      0.596  21  0.638  21  0.819  20  0.590   0.619 Y  0.450      SignalP-TM
N168|N168.mRNA.6004.1      0.841  21  0.837  21  0.907  15  0.828   0.832 Y  0.570      SignalP-noTM
N168|N168.mRNA.6009.1      0.360  23  0.563  23  0.923   7  0.881   0.687 Y  0.450      SignalP-TM
N168|N168.mRNA.6009.1      0.455  23  0.619  23  0.927  19  0.870   0.737 Y  0.570      SignalP-noTM
N168|N168.mRNA.6036.1      0.246  55  0.430  21  0.890  14  0.820   0.614 Y  0.570      SignalP-noTM
N168|N168.mRNA.6036.1      0.383  55  0.382  27  0.898   4  0.697   0.505 Y  0.450      SignalP-TM
N168|N168.mRNA.606.1       0.216  20  0.414  20  0.878   9  0.794   0.562 Y  0.450      SignalP-TM
N168|N168.mRNA.606.1       0.296  20  0.519  20  0.951  19  0.892   0.694 Y  0.570      SignalP-noTM
N168|N168.mRNA.6070.1      0.165  24  0.360  15  0.955   9  0.923   0.625 Y  0.570      SignalP-noTM
N168|N168.mRNA.6070.1      0.222  33  0.398  30  0.906  12  0.832   0.568 Y  0.450      SignalP-TM
N168|N168.mRNA.6093.1      0.251  24  0.458  24  0.937   7  0.865   0.617 Y  0.450      SignalP-TM
N168|N168.mRNA.6093.1      0.351  24  0.545  24  0.936   1  0.874   0.700 Y  0.570      SignalP-noTM
N168|N168.mRNA.6095.1      0.216  20  0.425  20  0.941  15  0.857   0.628 Y  0.570      SignalP-noTM
N168|N168.mRNA.6095.1      0.233  64  0.354  26  0.876  16  0.757   0.511 Y  0.450      SignalP-TM
N168|N168.mRNA.6105.1      0.466  28  0.541  28  0.818  20  0.549   0.544 Y  0.450      SignalP-TM
N168|N168.mRNA.6117.1      0.376  20  0.543  20  0.907  19  0.793   0.641 Y  0.450      SignalP-TM
N168|N168.mRNA.6117.1      0.512  20  0.688  20  0.963   9  0.922   0.798 Y  0.570      SignalP-noTM
N168|N168.mRNA.6119.1      0.147  31  0.329  17  0.919  11  0.870   0.583 Y  0.570      SignalP-noTM
N168|N168.mRNA.6119.1      0.228  30  0.358  19  0.882   1  0.748   0.510 Y  0.450      SignalP-TM
N168|N168.mRNA.6121.1      0.349  18  0.546  18  0.937   1  0.872   0.699 Y  0.570      SignalP-noTM
N168|N168.mRNA.6124.1      0.193  30  0.353  23  0.816  17  0.707   0.491 Y  0.450      SignalP-TM
N168|N168.mRNA.6124.1      0.388  23  0.595  23  0.972  16  0.928   0.752 Y  0.570      SignalP-noTM
N168|N168.mRNA.615.1       0.328  37  0.460  37  0.840   8  0.737   0.568 Y  0.450      SignalP-TM
N168|N168.mRNA.6166.1      0.197  29  0.349  22  0.842  10  0.785   0.519 Y  0.450      SignalP-TM
N168|N168.mRNA.6166.1      0.255  22  0.428  22  0.804   2  0.737   0.573 Y  0.570      SignalP-noTM
N168|N168.mRNA.6170.1      0.174  22  0.362  22  0.909  13  0.762   0.518 Y  0.450      SignalP-TM
N168|N168.mRNA.6175.1      0.339  23  0.480  23  0.904   1  0.753   0.608 Y  0.570      SignalP-noTM
N168|N168.mRNA.6175.1      0.345  23  0.541  23  0.931  19  0.861   0.665 Y  0.450      SignalP-TM
N168|N168.mRNA.6184.1      0.209  24  0.404  24  0.896  13  0.774   0.548 Y  0.450      SignalP-TM
N168|N168.mRNA.6244.1      0.248  41  0.412  41  0.758  31  0.572   0.475 Y  0.450      SignalP-TM
N168|N168.mRNA.6266.1      0.210  21  0.406  21  0.905  19  0.774   0.579 Y  0.570      SignalP-noTM
N168|N168.mRNA.6266.1      0.220  27  0.423  27  0.909  19  0.748   0.550 Y  0.450      SignalP-TM
N168|N168.mRNA.6288.1      0.203  26  0.360  20  0.750  17  0.628   0.465 Y  0.450      SignalP-TM
N168|N168.mRNA.6288.1      0.388  20  0.564  20  0.887  13  0.804   0.677 Y  0.570      SignalP-noTM
N168|N168.mRNA.6295.1      0.179  30  0.357  30  0.818  18  0.704   0.492 Y  0.450      SignalP-TM
N168|N168.mRNA.631.1       0.207  19  0.415  19  0.922  18  0.797   0.564 Y  0.450      SignalP-TM
N168|N168.mRNA.631.1       0.281  19  0.500  19  0.926  10  0.886   0.682 Y  0.570      SignalP-noTM
N168|N168.mRNA.6320.1      0.548  28  0.587  28  0.725  25  0.572   0.581 Y  0.450      SignalP-TM
N168|N168.mRNA.6345.1      0.229  24  0.364  24  0.693  10  0.598   0.455 Y  0.450      SignalP-TM
N168|N168.mRNA.6363.1      0.620  23  0.569  23  0.666  22  0.523   0.551 Y  0.450      SignalP-TM
N168|N168.mRNA.6363.1      0.652  23  0.671  23  0.807  16  0.665   0.669 Y  0.510      SignalP-TM
N168|N168.mRNA.6370.1      0.251  25  0.438  25  0.911  15  0.759   0.563 Y  0.450      SignalP-TM
N168|N168.mRNA.6373.1      0.308  22  0.479  22  0.822  21  0.696   0.581 Y  0.570      SignalP-noTM
N168|N168.mRNA.6373.1      0.410  41  0.484  28  0.896  19  0.778   0.598 Y  0.450      SignalP-TM
N168|N168.mRNA.6374.1      0.318  28  0.514  23  0.966  18  0.847   0.671 Y  0.570      SignalP-noTM
N168|N168.mRNA.6376.1      0.253  18  0.479  18  0.939  12  0.910   0.681 Y  0.570      SignalP-noTM
N168|N168.mRNA.6376.1      0.355  27  0.443  27  0.842   6  0.679   0.535 Y  0.450      SignalP-TM
N168|N168.mRNA.6396.1      0.458  26  0.522  26  0.732   3  0.606   0.555 Y  0.450      SignalP-TM
N168|N168.mRNA.6413.1      0.409  24  0.481  24  0.739  27  0.510   0.492 Y  0.450      SignalP-TM
N168|N168.mRNA.6417.1      0.460  21  0.564  21  0.828   1  0.732   0.630 Y  0.450      SignalP-TM
N168|N168.mRNA.6417.1      0.757  21  0.819  21  0.973  10  0.902   0.858 Y  0.570      SignalP-noTM
N168|N168.mRNA.6420.1      0.496  21  0.522  21  0.722   1  0.596   0.551 Y  0.450      SignalP-TM
N168|N168.mRNA.6420.1      0.729  21  0.759  21  0.918  10  0.819   0.787 Y  0.570      SignalP-noTM
N168|N168.mRNA.642.1       0.441  35  0.435  35  0.826  16  0.582   0.492 Y  0.450      SignalP-TM
N168|N168.mRNA.6430.1      0.420  32  0.483  32  0.830  11  0.654   0.550 Y  0.450      SignalP-TM
N168|N168.mRNA.6431.1      0.310  20  0.507  20  0.884  14  0.832   0.659 Y  0.570      SignalP-noTM
N168|N168.mRNA.6432.1      0.302  20  0.523  20  0.948  11  0.907   0.704 Y  0.570      SignalP-noTM
N168|N168.mRNA.6459.1      0.378  32  0.460  32  0.906  16  0.623   0.523 Y  0.450      SignalP-TM
N168|N168.mRNA.646.1       0.255  20  0.421  20  0.790  14  0.679   0.522 Y  0.450      SignalP-TM
N168|N168.mRNA.6466.1      0.476  21  0.459  21  0.612   4  0.473   0.464 Y  0.450      SignalP-TM
N168|N168.mRNA.6466.1      0.499  21  0.588  21  0.849  10  0.714   0.647 Y  0.570      SignalP-noTM
N168|N168.mRNA.6490.1      0.412  25  0.593  25  0.904  21  0.857   0.696 Y  0.450      SignalP-TM
N168|N168.mRNA.6498.1      0.183  34  0.332  24  0.910   2  0.798   0.514 Y  0.450      SignalP-TM
N168|N168.mRNA.6498.1      0.236  20  0.447  20  0.923  16  0.851   0.637 Y  0.570      SignalP-noTM
N168|N168.mRNA.6499.1      0.197  23  0.395  23  0.888  17  0.793   0.551 Y  0.450      SignalP-TM
N168|N168.mRNA.6499.1      0.368  23  0.508  23  0.905  16  0.755   0.624 Y  0.570      SignalP-noTM
N168|N168.mRNA.6508.1      0.251  29  0.385  20  0.909  19  0.853   0.568 Y  0.450      SignalP-TM
N168|N168.mRNA.6508.1      0.449  20  0.615  20  0.936   8  0.862   0.731 Y  0.570      SignalP-noTM
N168|N168.mRNA.6514.1      0.575  21  0.661  21  0.833  19  0.744   0.700 Y  0.570      SignalP-noTM
N168|N168.mRNA.6541.1      0.244  27  0.430  22  0.921  11  0.872   0.638 Y  0.570      SignalP-noTM
N168|N168.mRNA.6541.1      0.342  27  0.489  27  0.843  10  0.711   0.576 Y  0.450      SignalP-TM
N168|N168.mRNA.6562.1      0.587  30  0.595  30  0.802   9  0.673   0.626 Y  0.450      SignalP-TM
N168|N168.mRNA.660.1       0.374  36  0.507  36  0.878  34  0.488   0.499 Y  0.450      SignalP-TM
N168|N168.mRNA.6626.1      0.127  20  0.309  20  0.840  13  0.756   0.483 Y  0.450      SignalP-TM
N168|N168.mRNA.6639.1      0.325  19  0.474  19  0.859  16  0.698   0.579 Y  0.570      SignalP-noTM
N168|N168.mRNA.6669.1      0.178  23  0.366  23  0.911   8  0.793   0.533 Y  0.450      SignalP-TM
N168|N168.mRNA.6669.1      0.278  22  0.514  22  0.985  19  0.946   0.717 Y  0.570      SignalP-noTM
N168|N168.mRNA.6684.1      0.328  26  0.455  26  0.820  11  0.569   0.500 Y  0.450      SignalP-TM
N168|N168.mRNA.6684.1      0.383  26  0.572  26  0.968  23  0.771   0.665 Y  0.570      SignalP-noTM
N168|N168.mRNA.6685.1      0.223  20  0.431  20  0.911   1  0.851   0.595 Y  0.450      SignalP-TM
N168|N168.mRNA.6685.1      0.761  20  0.837  20  0.943  11  0.920   0.876 Y  0.570      SignalP-noTM
N168|N168.mRNA.671.1       0.169  55  0.271  14  0.852  11  0.738   0.453 Y  0.450      SignalP-TM
N168|N168.mRNA.6804.1      0.456  23  0.573  23  0.931   5  0.797   0.678 Y  0.570      SignalP-noTM
N168|N168.mRNA.6809.1      0.198  25  0.392  25  0.886  17  0.765   0.537 Y  0.450      SignalP-TM
N168|N168.mRNA.68.1        0.201  28  0.327  28  0.859   7  0.680   0.464 Y  0.450      SignalP-TM
N168|N168.mRNA.6840.1      0.339  23  0.560  23  0.943  16  0.921   0.729 Y  0.570      SignalP-noTM
N168|N168.mRNA.6840.1      0.482  23  0.653  23  0.947  21  0.891   0.746 Y  0.450      SignalP-TM
N168|N168.mRNA.6892.1      0.208  25  0.340  25  0.829   2  0.634   0.455 Y  0.450      SignalP-TM
N168|N168.mRNA.6892.1      0.311  20  0.494  20  0.916   1  0.814   0.644 Y  0.570      SignalP-noTM
N168|N168.mRNA.6893.1      0.160  20  0.344  20  0.827  18  0.744   0.500 Y  0.450      SignalP-TM
N168|N168.mRNA.6940.1      0.226  35  0.372  35  0.924  13  0.752   0.520 Y  0.450      SignalP-TM
N168|N168.mRNA.6957.1      0.233  21  0.398  18  0.810   2  0.738   0.523 Y  0.510      SignalP-TM
N168|N168.mRNA.697.1       0.275  21  0.434  21  0.845   2  0.723   0.547 Y  0.450      SignalP-TM
N168|N168.mRNA.697.1       0.665  21  0.779  21  0.954  17  0.923   0.847 Y  0.570      SignalP-noTM
N168|N168.mRNA.6992.1      0.372  19  0.488  19  0.844  16  0.641   0.548 Y  0.450      SignalP-TM
N168|N168.mRNA.7002.1      0.340  30  0.477  30  0.940  14  0.776   0.594 Y  0.450      SignalP-TM
N168|N168.mRNA.7031.1      0.180  24  0.350  24  0.770  16  0.608   0.451 Y  0.450      SignalP-TM
N168|N168.mRNA.7037.1      0.516  24  0.465  24  0.868   8  0.575   0.508 Y  0.450      SignalP-TM
N168|N168.mRNA.7038.1      0.236  24  0.393  24  0.903   9  0.730   0.524 Y  0.450      SignalP-TM
N168|N168.mRNA.7056.1      0.128  38  0.324  16  0.876  12  0.823   0.519 Y  0.450      SignalP-TM
N168|N168.mRNA.7065.1      0.473  23  0.598  23  0.902  19  0.771   0.666 Y  0.450      SignalP-TM
N168|N168.mRNA.7065.1      0.585  23  0.700  23  0.934  19  0.855   0.773 Y  0.570      SignalP-noTM
N168|N168.mRNA.707.1       0.110  28  0.272  13  0.833  12  0.734   0.453 Y  0.450      SignalP-TM
N168|N168.mRNA.7082.1      0.252  23  0.445  23  0.898  15  0.800   0.612 Y  0.570      SignalP-noTM
N168|N168.mRNA.7083.1      0.470  21  0.619  21  0.930  10  0.849   0.727 Y  0.570      SignalP-noTM
N168|N168.mRNA.7093.1      0.579  24  0.612  24  0.878   1  0.724   0.664 Y  0.570      SignalP-noTM
N168|N168.mRNA.7094.1      0.197  25  0.392  25  0.868  22  0.765   0.538 Y  0.450      SignalP-TM
N168|N168.mRNA.7094.1      0.229  25  0.441  25  0.923  17  0.855   0.636 Y  0.570      SignalP-noTM
N168|N168.mRNA.7135.1      0.168  35  0.278  11  0.847   2  0.781   0.474 Y  0.450      SignalP-TM
N168|N168.mRNA.7164.1      0.492  24  0.615  24  0.904  17  0.782   0.693 Y  0.570      SignalP-noTM
N168|N168.mRNA.7165.1      0.448  24  0.584  24  0.903  17  0.767   0.670 Y  0.570      SignalP-noTM
N168|N168.mRNA.7166.1      0.493  24  0.620  24  0.916  17  0.803   0.706 Y  0.570      SignalP-noTM
N168|N168.mRNA.7168.1      0.397  22  0.580  22  0.932  19  0.850   0.707 Y  0.570      SignalP-noTM
N168|N168.mRNA.7168.1      0.625  22  0.715  22  0.900   8  0.811   0.752 Y  0.450      SignalP-TM
N168|N168.mRNA.7169.1      0.223  35  0.396  35  0.832  31  0.578   0.467 Y  0.450      SignalP-TM
N168|N168.mRNA.7173.1      0.151  27  0.293  18  0.849  12  0.734   0.465 Y  0.450      SignalP-TM
N168|N168.mRNA.7179.1      0.321  22  0.452  22  0.804   2  0.665   0.535 Y  0.450      SignalP-TM
N168|N168.mRNA.7179.1      0.478  22  0.625  22  0.913   1  0.832   0.723 Y  0.570      SignalP-noTM
N168|N168.mRNA.7204.1      0.130  45  0.291  21  0.899   5  0.781   0.482 Y  0.450      SignalP-TM
N168|N168.mRNA.7208.1      0.201  26  0.380  26  0.806  16  0.702   0.505 Y  0.450      SignalP-TM
N168|N168.mRNA.721.1       0.321  22  0.452  22  0.804   2  0.665   0.535 Y  0.450      SignalP-TM
N168|N168.mRNA.721.1       0.478  22  0.625  22  0.913   1  0.832   0.723 Y  0.570      SignalP-noTM
N168|N168.mRNA.7232.1      0.187  36  0.335  22  0.824  17  0.765   0.503 Y  0.450      SignalP-TM
N168|N168.mRNA.7232.1      0.213  22  0.422  22  0.904  14  0.844   0.620 Y  0.570      SignalP-noTM
N168|N168.mRNA.7267.1      0.569  44  0.405  44  0.769  13  0.534   0.455 Y  0.450      SignalP-TM
N168|N168.mRNA.7323.1      0.304  24  0.464  24  0.829  19  0.731   0.568 Y  0.450      SignalP-TM
N168|N168.mRNA.7323.1      0.495  24  0.634  24  0.917  18  0.832   0.727 Y  0.570      SignalP-noTM
N168|N168.mRNA.7324.1      0.186  25  0.346  23  0.848   4  0.712   0.489 Y  0.450      SignalP-TM
N168|N168.mRNA.7324.1      0.404  23  0.523  23  0.901   1  0.739   0.624 Y  0.570      SignalP-noTM
N168|N168.mRNA.7329.1      0.225  48  0.359  26  0.762  18  0.630   0.465 Y  0.450      SignalP-TM
N168|N168.mRNA.7357.1      0.408  23  0.565  23  0.917  12  0.838   0.694 Y  0.570      SignalP-noTM
N168|N168.mRNA.7357.1      0.418  23  0.516  23  0.853   5  0.700   0.588 Y  0.450      SignalP-TM
N168|N168.mRNA.737.1       0.249  22  0.452  22  0.878  16  0.812   0.592 Y  0.450      SignalP-TM
N168|N168.mRNA.737.1       0.366  22  0.500  22  0.838   4  0.738   0.612 Y  0.570      SignalP-noTM
N168|N168.mRNA.7379.1      0.272  26  0.358  26  0.918   3  0.659   0.475 Y  0.450      SignalP-TM
N168|N168.mRNA.7401.1      0.594  31  0.650  31  0.846  15  0.725   0.685 Y  0.570      SignalP-noTM
N168|N168.mRNA.7423.1      0.466  24  0.533  24  0.821   7  0.659   0.583 Y  0.450      SignalP-TM
N168|N168.mRNA.7425.1      0.523  25  0.522  25  0.675  18  0.486   0.508 Y  0.450      SignalP-TM
N168|N168.mRNA.7433.1      0.230  23  0.439  23  0.953  17  0.842   0.596 Y  0.450      SignalP-TM
N168|N168.mRNA.7433.1      0.249  20  0.462  20  0.901  18  0.865   0.652 Y  0.570      SignalP-noTM
N168|N168.mRNA.7434.1      0.294  21  0.441  21  0.813  18  0.634   0.516 Y  0.450      SignalP-TM
N168|N168.mRNA.7434.1      0.567  21  0.663  21  0.868  18  0.790   0.723 Y  0.570      SignalP-noTM
N168|N168.mRNA.7451.1      0.124  60  0.282  11  0.825   3  0.786   0.478 Y  0.450      SignalP-TM
N168|N168.mRNA.7480.1      0.251  24  0.458  24  0.937   7  0.865   0.617 Y  0.450      SignalP-TM
N168|N168.mRNA.7480.1      0.351  24  0.545  24  0.936   1  0.874   0.700 Y  0.570      SignalP-noTM
N168|N168.mRNA.7514.1      0.262  19  0.482  19  0.910   9  0.883   0.671 Y  0.570      SignalP-noTM
N168|N168.mRNA.7514.1      0.263  21  0.460  21  0.881  18  0.810   0.597 Y  0.450      SignalP-TM
N168|N168.mRNA.7559.1      0.238  29  0.378  29  0.884  17  0.687   0.498 Y  0.450      SignalP-TM
N168|N168.mRNA.7575.1      0.175  36  0.294  18  0.798   6  0.730   0.464 Y  0.450      SignalP-TM
N168|N168.mRNA.7575.1      0.274  21  0.459  21  0.915  17  0.795   0.617 Y  0.570      SignalP-noTM
N168|N168.mRNA.7588.1      0.234  28  0.422  19  0.963  11  0.908   0.651 Y  0.570      SignalP-noTM
N168|N168.mRNA.7588.1      0.328  28  0.457  28  0.876  17  0.671   0.541 Y  0.450      SignalP-TM
N168|N168.mRNA.7593.1      0.115  28  0.287  18  0.906   9  0.772   0.476 Y  0.450      SignalP-TM
N168|N168.mRNA.7600.1      0.428  21  0.591  21  0.931  19  0.787   0.668 Y  0.450      SignalP-TM
N168|N168.mRNA.7600.1      0.688  21  0.734  21  0.866   1  0.794   0.762 Y  0.570      SignalP-noTM
N168|N168.mRNA.7601.1      0.354  22  0.570  22  0.952  20  0.890   0.695 Y  0.450      SignalP-TM
N168|N168.mRNA.7601.1      0.525  21  0.688  21  0.939  12  0.907   0.791 Y  0.570      SignalP-noTM
N168|N168.mRNA.7623.1      0.217  22  0.374  22  0.712  15  0.622   0.470 Y  0.450      SignalP-TM
N168|N168.mRNA.7637.1      0.223  21  0.428  21  0.866  10  0.814   0.578 Y  0.450      SignalP-TM
N168|N168.mRNA.7637.1      0.438  21  0.631  21  0.936  13  0.909   0.762 Y  0.570      SignalP-noTM
N168|N168.mRNA.7668.1      0.304  19  0.513  19  0.906  12  0.852   0.672 Y  0.570      SignalP-noTM
N168|N168.mRNA.769.1       0.198  23  0.375  23  0.854   7  0.742   0.518 Y  0.450      SignalP-TM
N168|N168.mRNA.7701.1      0.392  22  0.497  22  0.776  17  0.522   0.507 Y  0.450      SignalP-TM
N168|N168.mRNA.7713.1      0.118  25  0.284  12  0.856   3  0.800   0.485 Y  0.450      SignalP-TM
N168|N168.mRNA.7725.1      0.381  20  0.418  20  0.717   2  0.512   0.454 Y  0.450      SignalP-TM
N168|N168.mRNA.7725.1      0.394  20  0.554  20  0.857  14  0.780   0.660 Y  0.570      SignalP-noTM
N168|N168.mRNA.7772.1      0.247  29  0.344  29  0.909   5  0.662   0.468 Y  0.450      SignalP-TM
N168|N168.mRNA.7775.1      0.171  37  0.300  28  0.853   6  0.699   0.456 Y  0.450      SignalP-TM
N168|N168.mRNA.7782.1      0.446  27  0.467  27  0.695   8  0.536   0.494 Y  0.450      SignalP-TM
N168|N168.mRNA.7786.1      0.469  24  0.496  24  0.707  12  0.541   0.514 Y  0.450      SignalP-TM
N168|N168.mRNA.7796.1      0.157  44  0.347  32  0.886  14  0.791   0.520 Y  0.450      SignalP-TM
N168|N168.mRNA.7822.1      0.279  25  0.491  25  0.909  22  0.769   0.600 Y  0.450      SignalP-TM
N168|N168.mRNA.7822.1      0.535  23  0.646  23  0.854   2  0.767   0.703 Y  0.570      SignalP-noTM
N168|N168.mRNA.7823.1      0.476  23  0.599  23  0.846  15  0.731   0.661 Y  0.570      SignalP-noTM
N168|N168.mRNA.7823.1      0.633  25  0.724  25  0.899  22  0.688   0.710 Y  0.450      SignalP-TM
N168|N168.mRNA.783.1       0.248  20  0.424  20  0.785   5  0.723   0.541 Y  0.450      SignalP-TM
N168|N168.mRNA.783.1       0.656  20  0.792  20  0.971  18  0.948   0.865 Y  0.570      SignalP-noTM
N168|N168.mRNA.7860.1      0.176  26  0.311  26  0.911   9  0.691   0.459 Y  0.450      SignalP-TM
N168|N168.mRNA.7861.1      0.220  21  0.421  21  0.908  15  0.825   0.611 Y  0.570      SignalP-noTM
N168|N168.mRNA.7865.1      0.531  24  0.567  24  0.759  19  0.620   0.592 Y  0.570      SignalP-noTM
N168|N168.mRNA.7912.1      0.224  35  0.353  20  0.856   6  0.768   0.515 Y  0.450      SignalP-TM
N168|N168.mRNA.7930.1      0.280  28  0.434  28  0.920  12  0.750   0.557 Y  0.450      SignalP-TM
N168|N168.mRNA.7955.1      0.170  37  0.326  22  0.931  17  0.855   0.532 Y  0.450      SignalP-TM
N168|N168.mRNA.7955.1      0.307  25  0.492  25  0.961  18  0.848   0.659 Y  0.570      SignalP-noTM
N168|N168.mRNA.7964.1      0.619  22  0.640  22  0.899  18  0.601   0.625 Y  0.450      SignalP-TM
N168|N168.mRNA.7965.1      0.153  21  0.366  21  0.936  19  0.888   0.570 Y  0.450      SignalP-TM
N168|N168.mRNA.7965.1      0.372  21  0.579  21  0.945  17  0.912   0.736 Y  0.570      SignalP-noTM
N168|N168.mRNA.7989.1      0.286  25  0.482  25  0.898  12  0.806   0.608 Y  0.450      SignalP-TM
N168|N168.mRNA.7991.1      0.422  32  0.450  32  0.931   3  0.703   0.549 Y  0.450      SignalP-TM
N168|N168.mRNA.8029.1      0.154  26  0.310  21  0.829   3  0.734   0.475 Y  0.450      SignalP-TM
N168|N168.mRNA.8029.1      0.208  26  0.403  19  0.941  12  0.895   0.634 Y  0.570      SignalP-noTM
N168|N168.mRNA.8072.1      0.166  25  0.367  21  0.897  14  0.826   0.583 Y  0.570      SignalP-noTM
N168|N168.mRNA.8072.1      0.184  23  0.346  23  0.760  19  0.655   0.467 Y  0.450      SignalP-TM
N168|N168.mRNA.8081.1      0.162  32  0.301  18  0.944  13  0.849   0.515 Y  0.450      SignalP-TM
N168|N168.mRNA.8094.1      0.395  24  0.582  24  0.922  21  0.792   0.664 Y  0.450      SignalP-TM
N168|N168.mRNA.8094.1      0.723  24  0.765  24  0.862  19  0.669   0.729 Y  0.510      SignalP-TM
N168|N168.mRNA.8119.1      0.231  32  0.410  23  0.932  19  0.894   0.599 Y  0.450      SignalP-TM
N168|N168.mRNA.8119.1      0.539  23  0.705  23  0.964  12  0.933   0.812 Y  0.570      SignalP-noTM
N168|N168.mRNA.8142.1      0.179  26  0.356  19  0.900   1  0.830   0.579 Y  0.570      SignalP-noTM
N168|N168.mRNA.8142.1      0.259  43  0.380  26  0.880  17  0.718   0.511 Y  0.450      SignalP-TM
N168|N168.mRNA.8150.1      0.390  23  0.503  23  0.909   1  0.736   0.594 Y  0.450      SignalP-TM
N168|N168.mRNA.8150.1      0.415  23  0.515  23  0.924   3  0.760   0.630 Y  0.570      SignalP-noTM
N168|N168.mRNA.8162.1      0.240  27  0.391  27  0.918   6  0.752   0.532 Y  0.450      SignalP-TM
N168|N168.mRNA.8163.1      0.176  22  0.391  22  0.939   6  0.882   0.583 Y  0.450      SignalP-TM
N168|N168.mRNA.8163.1      0.303  22  0.503  22  0.930   1  0.852   0.667 Y  0.570      SignalP-noTM
N168|N168.mRNA.8165.1      0.181  21  0.389  21  0.921   9  0.853   0.607 Y  0.570      SignalP-noTM
N168|N168.mRNA.8165.1      0.215  21  0.355  21  0.879   4  0.666   0.476 Y  0.450      SignalP-TM
N168|N168.mRNA.8166.1      0.196  25  0.377  25  0.883   5  0.779   0.534 Y  0.450      SignalP-TM
N168|N168.mRNA.8166.1      0.224  25  0.394  20  0.937   8  0.857   0.612 Y  0.570      SignalP-noTM
N168|N168.mRNA.8167.1      0.326  32  0.458  32  0.939  10  0.778   0.583 Y  0.450      SignalP-TM
N168|N168.mRNA.8170.1      0.612  21  0.654  21  0.848   1  0.698   0.675 Y  0.570      SignalP-noTM
N168|N168.mRNA.8174.1      0.320  27  0.482  27  0.961  11  0.842   0.651 Y  0.570      SignalP-noTM
N168|N168.mRNA.8174.1      0.556  27  0.665  27  0.909  23  0.814   0.723 Y  0.450      SignalP-TM
N168|N168.mRNA.8195.1      0.225  24  0.410  24  0.891   1  0.794   0.560 Y  0.450      SignalP-TM
N168|N168.mRNA.8207.1      0.356  20  0.539  20  0.914  19  0.817   0.647 Y  0.450      SignalP-TM
N168|N168.mRNA.8207.1      0.647  20  0.730  20  0.875  16  0.824   0.774 Y  0.570      SignalP-noTM
N168|N168.mRNA.82.1        0.434  37  0.407  37  0.735  11  0.529   0.454 Y  0.450      SignalP-TM
N168|N168.mRNA.8260.1      0.227  23  0.423  23  0.892   3  0.818   0.609 Y  0.570      SignalP-noTM
N168|N168.mRNA.8280.1      0.187  28  0.340  19  0.831  17  0.671   0.469 Y  0.450      SignalP-TM
N168|N168.mRNA.8303.1      0.504  25  0.592  25  0.883   9  0.744   0.651 Y  0.450      SignalP-TM
N168|N168.mRNA.8303.1      0.752  25  0.783  25  0.945   9  0.868   0.823 Y  0.570      SignalP-noTM
N168|N168.mRNA.83.1        0.434  37  0.407  37  0.735  11  0.529   0.454 Y  0.450      SignalP-TM
N168|N168.mRNA.8318.1      0.156  20  0.360  20  0.909  10  0.837   0.546 Y  0.450      SignalP-TM
N168|N168.mRNA.8318.1      0.409  20  0.595  20  0.928  16  0.878   0.728 Y  0.570      SignalP-noTM
N168|N168.mRNA.8337.1      0.403  25  0.424  25  0.833   8  0.579   0.485 Y  0.450      SignalP-TM
N168|N168.mRNA.8349.1      0.194  24  0.382  24  0.900   5  0.811   0.549 Y  0.450      SignalP-TM
N168|N168.mRNA.8382.1      0.284  47  0.482  47  0.904  33  0.574   0.518 Y  0.450      SignalP-TM
N168|N168.mRNA.8387.1      0.207  25  0.365  25  0.835   8  0.676   0.486 Y  0.450      SignalP-TM
N168|N168.mRNA.8395.1      0.190  36  0.379  18  0.938  17  0.868   0.609 Y  0.570      SignalP-noTM
N168|N168.mRNA.8417.1      0.513  33  0.533  22  0.918  10  0.806   0.661 Y  0.570      SignalP-noTM
N168|N168.mRNA.8446.1      0.292  20  0.445  20  0.789   4  0.700   0.545 Y  0.450      SignalP-TM
N168|N168.mRNA.8446.1      0.387  20  0.589  20  0.946   5  0.910   0.740 Y  0.570      SignalP-noTM
N168|N168.mRNA.8458.1      0.314  27  0.513  27  0.937  16  0.870   0.652 Y  0.450      SignalP-TM
N168|N168.mRNA.8458.1      0.522  20  0.698  20  0.968   9  0.939   0.811 Y  0.570      SignalP-noTM
N168|N168.mRNA.8465.1      0.318  22  0.402  22  0.730   6  0.562   0.465 Y  0.450      SignalP-TM
N168|N168.mRNA.8489.1      0.217  34  0.398  24  0.921  10  0.843   0.607 Y  0.570      SignalP-noTM
N168|N168.mRNA.8489.1      0.260  34  0.350  24  0.881   6  0.717   0.493 Y  0.450      SignalP-TM
N168|N168.mRNA.8493.1      0.417  38  0.566  38  0.862  29  0.657   0.601 Y  0.450      SignalP-TM
N168|N168.mRNA.8493.1      0.688  38  0.766  38  0.964  30  0.730   0.749 Y  0.570      SignalP-noTM
N168|N168.mRNA.8512.1      0.150  23  0.337  23  0.876   4  0.796   0.516 Y  0.450      SignalP-TM
N168|N168.mRNA.8512.1      0.296  23  0.521  23  0.959  19  0.920   0.708 Y  0.570      SignalP-noTM
N168|N168.mRNA.8533.1      0.199  18  0.402  18  0.901  15  0.828   0.602 Y  0.570      SignalP-noTM
N168|N168.mRNA.8554.1      0.193  23  0.391  23  0.914   1  0.824   0.560 Y  0.450      SignalP-TM
N168|N168.mRNA.8554.1      0.285  21  0.461  21  0.907  10  0.781   0.612 Y  0.570      SignalP-noTM
N168|N168.mRNA.8626.1      0.247  23  0.407  23  0.801  17  0.700   0.521 Y  0.450      SignalP-TM
N168|N168.mRNA.8635.1      0.140  23  0.334  23  0.916  15  0.788   0.511 Y  0.450      SignalP-TM
N168|N168.mRNA.8635.1      0.168  18  0.386  18  0.936  17  0.875   0.616 Y  0.570      SignalP-noTM
N168|N168.mRNA.8645.1      0.165  22  0.348  22  0.905   5  0.790   0.521 Y  0.450      SignalP-TM
N168|N168.mRNA.8645.1      0.285  22  0.491  22  0.934  15  0.872   0.670 Y  0.570      SignalP-noTM
N168|N168.mRNA.8657.1      0.265  21  0.478  21  0.937   7  0.885   0.669 Y  0.570      SignalP-noTM
N168|N168.mRNA.8657.1      0.332  27  0.493  27  0.925   6  0.802   0.613 Y  0.450      SignalP-TM
N168|N168.mRNA.8662.1      0.408  23  0.568  23  0.919  12  0.843   0.697 Y  0.570      SignalP-noTM
N168|N168.mRNA.8662.1      0.418  23  0.520  23  0.857   5  0.707   0.593 Y  0.450      SignalP-TM
N168|N168.mRNA.8670.1      0.229  19  0.411  19  0.847  17  0.752   0.572 Y  0.570      SignalP-noTM
N168|N168.mRNA.8676.1      0.126  64  0.285  12  0.895   1  0.780   0.478 Y  0.450      SignalP-TM
N168|N168.mRNA.8708.1      0.230  20  0.433  20  0.878  18  0.803   0.578 Y  0.450      SignalP-TM
N168|N168.mRNA.8708.1      0.284  20  0.482  20  0.913   2  0.844   0.652 Y  0.570      SignalP-noTM
N168|N168.mRNA.8709.1      0.282  24  0.477  24  0.901  17  0.780   0.620 Y  0.570      SignalP-noTM
N168|N168.mRNA.8714.1      0.125  26  0.294  11  0.904   1  0.860   0.515 Y  0.450      SignalP-TM
N168|N168.mRNA.8781.1      0.165  30  0.302  25  0.919  10  0.763   0.482 Y  0.450      SignalP-TM
N168|N168.mRNA.8781.1      0.174  30  0.324  19  0.933  15  0.906   0.598 Y  0.570      SignalP-noTM
N168|N168.mRNA.879.1       0.251  24  0.414  24  0.903   5  0.759   0.549 Y  0.450      SignalP-TM
N168|N168.mRNA.879.1       0.551  22  0.694  22  0.929   7  0.888   0.785 Y  0.570      SignalP-noTM
N168|N168.mRNA.8792.1      0.542  23  0.658  23  0.882  15  0.775   0.713 Y  0.570      SignalP-noTM
N168|N168.mRNA.8792.1      0.650  25  0.732  25  0.893  22  0.688   0.714 Y  0.450      SignalP-TM
N168|N168.mRNA.8816.1      0.275  26  0.444  26  0.928  17  0.667   0.531 Y  0.450      SignalP-TM
N168|N168.mRNA.882.1       0.278  21  0.438  21  0.810   9  0.670   0.529 Y  0.450      SignalP-TM
N168|N168.mRNA.8828.1      0.188  19  0.384  19  0.870  18  0.752   0.527 Y  0.450      SignalP-TM
N168|N168.mRNA.8828.1      0.700  19  0.779  19  0.899  13  0.850   0.812 Y  0.570      SignalP-noTM
N168|N168.mRNA.8837.1      0.214  18  0.414  18  0.887   1  0.812   0.601 Y  0.570      SignalP-noTM
N168|N168.mRNA.8837.1      0.221  18  0.426  18  0.927  16  0.829   0.583 Y  0.450      SignalP-TM
N168|N168.mRNA.885.1       0.202  27  0.361  21  0.858   9  0.796   0.531 Y  0.450      SignalP-TM
N168|N168.mRNA.885.1       0.266  21  0.492  21  0.969  11  0.917   0.691 Y  0.570      SignalP-noTM
N168|N168.mRNA.8859.1      0.401  30  0.506  21  0.917  14  0.889   0.655 Y  0.450      SignalP-TM
N168|N168.mRNA.8859.1      0.549  21  0.713  21  0.957  16  0.927   0.814 Y  0.570      SignalP-noTM
N168|N168.mRNA.8888.1      0.337  24  0.515  24  0.929   9  0.818   0.633 Y  0.450      SignalP-TM
N168|N168.mRNA.8888.1      0.461  24  0.588  24  0.924  14  0.813   0.694 Y  0.570      SignalP-noTM
N168|N168.mRNA.8906.1      0.204  22  0.424  22  0.929  19  0.874   0.636 Y  0.570      SignalP-noTM
N168|N168.mRNA.8906.1      0.279  24  0.477  24  0.902  20  0.816   0.609 Y  0.450      SignalP-TM
N168|N168.mRNA.8908.1      0.210  31  0.372  31  0.910   2  0.787   0.534 Y  0.450      SignalP-TM
N168|N168.mRNA.8908.1      0.252  23  0.470  23  0.948  12  0.895   0.670 Y  0.570      SignalP-noTM
N168|N168.mRNA.8926.1      0.325  23  0.470  23  0.849   3  0.726   0.590 Y  0.570      SignalP-noTM
N168|N168.mRNA.8927.1      0.464  23  0.489  23  0.768   1  0.534   0.506 Y  0.450      SignalP-TM
N168|N168.mRNA.8962.1      0.229  22  0.403  22  0.833  20  0.629   0.491 Y  0.450      SignalP-TM
N168|N168.mRNA.8962.1      0.295  22  0.512  22  0.924  16  0.873   0.682 Y  0.570      SignalP-noTM
N168|N168.mRNA.8973.1      0.708  25  0.714  25  0.834  15  0.675   0.699 Y  0.450      SignalP-TM
N168|N168.mRNA.8973.1      0.712  25  0.811  25  0.969  21  0.908   0.857 Y  0.570      SignalP-noTM
N168|N168.mRNA.9009.1      0.362  22  0.535  22  0.878  13  0.718   0.606 Y  0.450      SignalP-TM
N168|N168.mRNA.901.1       0.135  20  0.297  20  0.858   1  0.699   0.454 Y  0.450      SignalP-TM
N168|N168.mRNA.901.1       0.290  20  0.486  20  0.913  14  0.815   0.641 Y  0.570      SignalP-noTM
N168|N168.mRNA.9021.1      0.204  47  0.283  14  0.848  10  0.805   0.487 Y  0.450      SignalP-TM
N168|N168.mRNA.9113.1      0.153  25  0.331  25  0.896  20  0.670   0.464 Y  0.450      SignalP-TM
N168|N168.mRNA.9113.1      0.275  21  0.468  21  0.880  15  0.802   0.625 Y  0.570      SignalP-noTM
N168|N168.mRNA.9118.1      0.613  18  0.638  18  0.844  17  0.646   0.642 Y  0.570      SignalP-noTM
N168|N168.mRNA.9124.1      0.183  14  0.376  14  0.866   2  0.773   0.531 Y  0.450      SignalP-TM
N168|N168.mRNA.9141.1      0.252  41  0.400  41  0.805  28  0.615   0.484 Y  0.450      SignalP-TM
N168|N168.mRNA.9142.1      0.128  21  0.306  20  0.821  10  0.720   0.467 Y  0.450      SignalP-TM
N168|N168.mRNA.9142.1      0.155  20  0.358  20  0.906  18  0.836   0.583 Y  0.570      SignalP-noTM
N168|N168.mRNA.9153.1      0.165  20  0.354  20  0.853   8  0.773   0.518 Y  0.450      SignalP-TM
N168|N168.mRNA.9153.1      0.380  22  0.573  22  0.955  11  0.881   0.718 Y  0.570      SignalP-noTM
N168|N168.mRNA.9154.1      0.240  20  0.425  20  0.872   8  0.775   0.561 Y  0.450      SignalP-TM
N168|N168.mRNA.9157.1      0.137  20  0.315  20  0.781   1  0.705   0.467 Y  0.450      SignalP-TM
N168|N168.mRNA.9188.1      0.223  24  0.384  24  0.885   6  0.725   0.517 Y  0.450      SignalP-TM
N168|N168.mRNA.9191.1      0.290  27  0.408  27  0.809  17  0.586   0.478 Y  0.450      SignalP-TM
N168|N168.mRNA.9201.1      0.201  25  0.419  25  0.933   7  0.886   0.601 Y  0.450      SignalP-TM
N168|N168.mRNA.9201.1      0.356  23  0.540  23  0.953   4  0.867   0.694 Y  0.570      SignalP-noTM
N168|N168.mRNA.9212.1      0.215  30  0.368  22  0.894   3  0.822   0.545 Y  0.450      SignalP-TM
N168|N168.mRNA.9212.1      0.250  21  0.451  21  0.947  12  0.847   0.637 Y  0.570      SignalP-noTM
N168|N168.mRNA.9241.1      0.685  29  0.752  29  0.965  18  0.854   0.791 Y  0.450      SignalP-TM
N168|N168.mRNA.9241.1      0.734  23  0.799  23  0.917  21  0.860   0.828 Y  0.570      SignalP-noTM
N168|N168.mRNA.9258.1      0.154  22  0.354  16  0.930  14  0.836   0.581 Y  0.570      SignalP-noTM
N168|N168.mRNA.9267.1      0.147  19  0.316  19  0.820   1  0.699   0.465 Y  0.450      SignalP-TM
N168|N168.mRNA.9267.1      0.331  19  0.538  19  0.910  11  0.868   0.693 Y  0.570      SignalP-noTM
N168|N168.mRNA.9320.1      0.281  25  0.428  25  0.792   5  0.675   0.525 Y  0.450      SignalP-TM
N168|N168.mRNA.9320.1      0.719  25  0.707  25  0.883   4  0.777   0.740 Y  0.570      SignalP-noTM
N168|N168.mRNA.9337.1      0.646  30  0.503  30  0.844   2  0.457   0.485 Y  0.450      SignalP-TM
N168|N168.mRNA.9340.1      0.554  29  0.656  29  0.894  12  0.798   0.712 Y  0.450      SignalP-TM
N168|N168.mRNA.9342.1      0.217  26  0.431  26  0.897  19  0.826   0.585 Y  0.450      SignalP-TM
N168|N168.mRNA.9407.1      0.199  21  0.405  21  0.867   9  0.802   0.560 Y  0.450      SignalP-TM
N168|N168.mRNA.9407.1      0.276  24  0.457  21  0.916  14  0.871   0.651 Y  0.570      SignalP-noTM
N168|N168.mRNA.9409.1      0.606  33  0.507  33  0.594  31  0.400   0.465 Y  0.450      SignalP-TM
N168|N168.mRNA.9416.1      0.302  23  0.404  23  0.624   9  0.526   0.451 Y  0.450      SignalP-TM
N168|N168.mRNA.9444.1      0.467  23  0.573  23  0.917  15  0.731   0.647 Y  0.570      SignalP-noTM
N168|N168.mRNA.9444.1      0.636  23  0.729  23  0.888  18  0.810   0.761 Y  0.450      SignalP-TM
N168|N168.mRNA.9460.1      0.610  22  0.584  22  0.785  20  0.477   0.543 Y  0.450      SignalP-TM
N168|N168.mRNA.9470.1      0.457  22  0.636  22  0.938  15  0.889   0.755 Y  0.570      SignalP-noTM
N168|N168.mRNA.9470.1      0.560  30  0.670  30  0.953  15  0.855   0.742 Y  0.450      SignalP-TM
N168|N168.mRNA.9494.1      0.181  36  0.395  22  0.945  20  0.885   0.625 Y  0.570      SignalP-noTM
N168|N168.mRNA.9494.1      0.364  26  0.582  26  0.967  20  0.922   0.715 Y  0.450      SignalP-TM
N168|N168.mRNA.9503.1      0.148  46  0.286  13  0.815  13  0.712   0.452 Y  0.450      SignalP-TM
N168|N168.mRNA.9564.1      0.199  53  0.346  27  0.815  12  0.731   0.496 Y  0.450      SignalP-TM
N168|N168.mRNA.9566.1      0.329  40  0.366  40  0.920  14  0.660   0.481 Y  0.450      SignalP-TM
N168|N168.mRNA.9576.1      0.291  55  0.352  24  0.903   8  0.738   0.502 Y  0.450      SignalP-TM
N168|N168.mRNA.9597.1      0.253  40  0.453  19  0.955  15  0.885   0.621 Y  0.450      SignalP-TM
N168|N168.mRNA.9597.1      0.568  19  0.738  19  0.980   8  0.950   0.838 Y  0.570      SignalP-noTM
N168|N168.mRNA.9598.1      0.176  21  0.394  21  0.939   7  0.895   0.589 Y  0.450      SignalP-TM
N168|N168.mRNA.9598.1      0.395  22  0.606  22  0.970  18  0.935   0.761 Y  0.570      SignalP-noTM
N168|N168.mRNA.9599.1      0.233  19  0.407  19  0.795  11  0.683   0.515 Y  0.450      SignalP-TM
N168|N168.mRNA.9615.1      0.190  29  0.362  20  0.811   7  0.708   0.497 Y  0.450      SignalP-TM
N168|N168.mRNA.9615.1      0.246  15  0.468  15  0.942  11  0.879   0.661 Y  0.570      SignalP-noTM
N168|N168.mRNA.9623.1      0.162  26  0.346  26  0.868  22  0.700   0.484 Y  0.450      SignalP-TM
N168|N168.mRNA.9637.1      0.226  25  0.397  20  0.811   5  0.750   0.535 Y  0.450      SignalP-TM
N168|N168.mRNA.9637.1      0.235  20  0.436  20  0.892  16  0.807   0.610 Y  0.570      SignalP-noTM
N168|N168.mRNA.9655.1      0.478  21  0.530  21  0.720  17  0.589   0.553 Y  0.450      SignalP-TM
N168|N168.mRNA.9655.1      0.640  21  0.735  21  0.922   8  0.855   0.791 Y  0.570      SignalP-noTM
N168|N168.mRNA.9656.1      0.303  21  0.529  21  0.967  17  0.910   0.708 Y  0.570      SignalP-noTM
N168|N168.mRNA.9656.1      0.305  39  0.469  32  0.952  17  0.889   0.633 Y  0.450      SignalP-TM
N168|N168.mRNA.9657.1      0.622  30  0.758  30  0.996  16  0.953   0.850 Y  0.570      SignalP-noTM
N168|N168.mRNA.9657.1      0.635  30  0.764  30  0.952  14  0.889   0.813 Y  0.450      SignalP-TM
N168|N168.mRNA.9662.1      0.263  28  0.416  21  0.960  11  0.880   0.634 Y  0.570      SignalP-noTM
N168|N168.mRNA.9662.1      0.492  28  0.591  28  0.928  20  0.803   0.674 Y  0.450      SignalP-TM
N168|N168.mRNA.9673.1      0.332  26  0.504  26  0.899  19  0.776   0.610 Y  0.450      SignalP-TM
N168|N168.mRNA.9673.1      0.562  20  0.661  20  0.887   1  0.799   0.726 Y  0.570      SignalP-noTM
N168|N168.mRNA.9674.1      0.227  20  0.445  20  0.919   5  0.874   0.612 Y  0.450      SignalP-TM
N168|N168.mRNA.9674.1      0.442  20  0.640  20  0.947  19  0.924   0.773 Y  0.570      SignalP-noTM
N168|N168.mRNA.9699.1      0.429  24  0.537  24  0.772   8  0.684   0.594 Y  0.450      SignalP-TM
N168|N168.mRNA.9717.1      0.195  21  0.363  21  0.832   8  0.708   0.498 Y  0.450      SignalP-TM
N168|N168.mRNA.9728.1      0.454  22  0.564  22  0.859  18  0.608   0.581 Y  0.450      SignalP-TM
N168|N168.mRNA.9728.1      0.550  22  0.679  22  0.968  17  0.803   0.737 Y  0.570      SignalP-noTM
N168|N168.mRNA.9732.1      0.193  19  0.395  19  0.882   6  0.820   0.561 Y  0.450      SignalP-TM
N168|N168.mRNA.9732.1      0.469  21  0.645  21  0.969  11  0.883   0.756 Y  0.570      SignalP-noTM
N168|N168.mRNA.9740.1      0.179  19  0.360  19  0.889   2  0.765   0.518 Y  0.450      SignalP-TM
N168|N168.mRNA.9740.1      0.404  19  0.613  19  0.958  17  0.927   0.761 Y  0.570      SignalP-noTM
N168|N168.mRNA.9756.1      0.195  32  0.329  29  0.837  19  0.685   0.468 Y  0.450      SignalP-TM
N168|N168.mRNA.9756.1      0.287  24  0.475  24  0.890   1  0.819   0.637 Y  0.570      SignalP-noTM
N168|N168.mRNA.979.1       0.275  27  0.434  27  0.937  17  0.769   0.591 Y  0.570      SignalP-noTM
N168|N168.mRNA.979.1       0.287  27  0.503  27  0.946  17  0.881   0.650 Y  0.450      SignalP-TM
N168|N168.mRNA.9825.1      0.435  21  0.557  21  0.845  17  0.683   0.606 Y  0.450      SignalP-TM
N168|N168.mRNA.9825.1      0.763  21  0.756  21  0.857  17  0.747   0.752 Y  0.570      SignalP-noTM
N168|N168.mRNA.9839.1      0.307  20  0.430  20  0.770  18  0.613   0.501 Y  0.450      SignalP-TM
N168|N168.mRNA.9839.1      0.676  20  0.738  20  0.932  18  0.828   0.780 Y  0.570      SignalP-noTM
N168|N168.mRNA.9862.1      0.378  41  0.507  41  0.836  32  0.517   0.511 Y  0.450      SignalP-TM
N168|N168.mRNA.9901.1      0.606  22  0.717  22  0.898  19  0.786   0.744 Y  0.450      SignalP-TM
N168|N168.mRNA.9901.1      0.701  22  0.776  22  0.928  11  0.851   0.811 Y  0.570      SignalP-noTM
N168|N168.mRNA.9904.1      0.446  24  0.486  24  0.762  21  0.443   0.469 Y  0.450      SignalP-TM
N168|N168.mRNA.9904.1      0.687  24  0.659  24  0.803  20  0.574   0.619 Y  0.570      SignalP-noTM
N168|N168.mRNA.991.1       0.245  21  0.445  21  0.884   2  0.813   0.618 Y  0.570      SignalP-noTM
N168|N168.mRNA.991.1       0.337  23  0.522  23  0.919   1  0.835   0.644 Y  0.450      SignalP-TM
N168|N168.mRNA.9911.1      0.228  23  0.401  23  0.834   3  0.742   0.534 Y  0.450      SignalP-TM
N168|N168.mRNA.9915.1      0.348  24  0.545  24  0.967  11  0.862   0.669 Y  0.450      SignalP-TM
N168|N168.mRNA.9926.1      0.188  22  0.334  22  0.785   5  0.649   0.457 Y  0.450      SignalP-TM
N168|N168.mRNA.993.1       0.252  25  0.410  25  0.882   4  0.756   0.545 Y  0.450      SignalP-TM
N168|N168.mRNA.993.1       0.416  25  0.561  25  0.958  10  0.844   0.694 Y  0.570      SignalP-noTM
N168|N168.mRNA.998.1       0.230  27  0.376  27  0.797   2  0.654   0.484 Y  0.450      SignalP-TM
N168|N168.mRNA.9990.1      0.193  19  0.395  19  0.882   6  0.820   0.561 Y  0.450      SignalP-TM
N168|N168.mRNA.9990.1      0.469  21  0.645  21  0.969  11  0.883   0.756 Y  0.570      SignalP-noTM
