Gene ID	CAZy ID	% Identical	Length	Mismatches	Gap Open	Gene Start	Gene End	CAZy Start	CAZy End	E Value	Bit Score
DFQ16|DFQ16_000116-T1	AWP09643.1|CBM13|GT27|	48.8	389	194	3	14	398	574	961	5.43e-127	398
DFQ16|DFQ16_000169-T1	AWP12516.1|GT29|	32.1	680	417	13	17	690	438	1078	4.19e-117	390
DFQ16|DFQ16_000213-T1	QBQ55251.1|CBM50|	34.2	860	529	12	37	869	40	889	1.93e-136	439
DFQ16|DFQ16_000255-T1	CDS12806.1|GH31|	40.6	863	474	13	20	854	30	881	1.07e-239	699
DFQ16|DFQ16_000256-T1	CDS12806.1|GH31|	44.0	777	401	9	58	807	70	839	6.68e-241	702
DFQ16|DFQ16_000337-T1	CDS03648.1|GT2|	35.4	1943	999	50	42	1944	13	1739	0.0	1025
DFQ16|DFQ16_000363-T1	AIT83212.1|GT4|	68.2	302	94	1	7	308	15	314	3.08e-138	414
DFQ16|DFQ16_000365-T1	ADK37846.1|GH18|	59.2	294	116	3	47	338	1	292	5.00e-125	370
DFQ16|DFQ16_000490-T1	SVE84708.1|GH9|	43.8	912	483	9	7	898	418	1319	1.58e-106	367
DFQ16|DFQ16_000514-T1	ABL63820.1|GT48|	54.5	1729	707	15	241	1946	192	1863	0.0	1785
DFQ16|DFQ16_000586-T1	CAC9909034.1|GT8|	68.7	399	124	1	2	400	325	722	4.66e-193	556
DFQ16|DFQ16_000626-T1	QKX56076.1|GH51|	44.1	435	232	6	98	522	918	1351	9.81e-103	345
DFQ16|DFQ16_000679-T1	CDS11103.1|GT66|	63.6	733	245	4	1	713	1	731	0.0	946
DFQ16|DFQ16_000699-T1	CDS05274.1|GT2|	43.9	871	407	16	650	1460	118	966	1.02e-211	662
DFQ16|DFQ16_000734-T1	CDS04937.1|GH18|	28.5	3033	1812	69	144	2998	303	3156	0.0	1056
DFQ16|DFQ16_000921-T1	QGI86474.1|GH125|	44.6	469	200	9	31	447	28	488	7.15e-113	359
DFQ16|DFQ16_000982-T1	CDS07988.1|GH20|	39.4	530	258	7	91	560	93	619	4.17e-123	381
DFQ16|DFQ16_000983-T1	QKX60254.1|GH76|	51.0	751	347	7	172	910	26	767	2.69e-245	728
DFQ16|DFQ16_001019-T1	CED59319.1|CE4|	55.9	304	128	2	22	325	5	302	1.54e-126	368
DFQ16|DFQ16_001122-T1	CDS09580.1|GH20|	37.1	585	303	11	37	560	26	606	1.05e-123	381
DFQ16|DFQ16_001130-T1	CDS08031.1|GT2|	46.2	1717	818	25	16	1658	3	1687	0.0	1476
DFQ16|DFQ16_001150-T1	CDS05446.1|GH5_12|	38.6	721	362	20	15	676	3	701	1.69e-150	460
DFQ16|DFQ16_001151-T1	EGX47422.1|GH5_12|	38.4	706	371	19	12	675	4	687	3.83e-145	446
DFQ16|DFQ16_001169-T1	QCW79542.1|GH101|	56.0	457	193	1	95	543	612	1068	8.98e-174	523
DFQ16|DFQ16_001198-T1	EAA64589.1|GT39|	46.7	732	358	10	53	754	44	773	1.10e-219	640
DFQ16|DFQ16_001218-T1	AWP04987.1|GT13|	47.4	860	438	8	80	932	73	925	2.22e-286	845
DFQ16|DFQ16_001298-T1	QKX55195.1|GT2|	51.3	1075	429	23	83	1132	430	1434	0.0	983
DFQ16|DFQ16_001369-T1	ADK37846.1|GH18|	67.3	294	92	3	31	322	1	292	4.82e-145	422
DFQ16|DFQ16_001370-T1	ADK37846.1|GH18|	52.4	290	135	2	26	314	1	288	1.96e-104	315
DFQ16|DFQ16_001404-T1	CCA15473.1|GH72|	55.3	394	167	5	1	391	565	952	5.31e-141	429
DFQ16|DFQ16_001438-T1	EGX51015.1|GH13_25|GH133|	45.5	1544	766	24	10	1518	5	1507	0.0	1282
DFQ16|DFQ16_001485-T1	AVI60826.1|GT22|	64.4	424	135	7	10	423	583	1000	1.79e-167	524
DFQ16|DFQ16_001499-T1	QKX53460.1|AA4|	48.7	411	209	2	20	428	627	1037	7.37e-133	412
DFQ16|DFQ16_001634-T1	CDS03326.1|GH47|	49.8	488	222	6	55	536	127	597	5.66e-161	475
DFQ16|DFQ16_001723-T1	CCA72950.1|GT2|	43.1	1972	935	40	18	1868	3	1907	0.0	1409
DFQ16|DFQ16_001784-T1	CED83340.1|GT31|	33.8	994	519	25	161	1027	930	1911	1.48e-145	485
DFQ16|DFQ16_001831-T1	CAN80640.1|GT47|	54.0	424	189	4	5	423	940	1362	1.62e-155	478
DFQ16|DFQ16_001835-T1	APU66165.1|GH18|	57.7	286	115	4	16	301	1	280	5.28e-121	358
DFQ16|DFQ16_001838-T1	VDC69778.1|CE8|	44.1	619	329	9	161	773	658	1265	1.32e-167	521
DFQ16|DFQ16_001874-T1	QLI73446.1|AA2|	69.1	259	80	0	95	353	87	345	3.09e-129	379
DFQ16|DFQ16_001881-T1	AIE96983.1|GT7|	31.5	1240	666	34	70	1175	7	1196	1.94e-162	535
DFQ16|DFQ16_001883-T1	AUX36386.1|GH81|	37.4	636	369	14	67	689	80	699	9.48e-133	412
DFQ16|DFQ16_001915-T1	AIE96983.1|GT7|	32.3	1361	696	33	85	1394	7	1192	4.10e-200	645
DFQ16|DFQ16_001969-T1	QGI67417.1|GH18|	57.0	458	181	7	4	447	382	837	2.24e-152	460
DFQ16|DFQ16_002034-T1	SMR50199.1|AA3|	35.7	645	334	17	10	595	14	636	6.83e-110	347
DFQ16|DFQ16_002046-T1	CDS05797.1|GT24|	34.0	1393	783	34	38	1389	145	1441	6.17e-241	740
DFQ16|DFQ16_002133-T1	VUW72999.1|AA1|	45.7	440	220	7	355	782	189	621	1.02e-106	359
DFQ16|DFQ16_002151-T1	QBQ55243.1|CBM50|	33.0	817	467	20	17	815	10	764	6.69e-108	367
DFQ16|DFQ16_002189-T1	CDS05327.1|GT2|	41.5	1748	915	33	17	1700	23	1727	0.0	1252
DFQ16|DFQ16_002247-T1	QHG77622.1|CBM50|	75.2	258	55	4	11	259	22	279	3.55e-122	358
DFQ16|DFQ16_002300-T1	ABG81487.1|GT31|	50.7	377	156	5	17	392	19	366	4.45e-105	344
DFQ16|DFQ16_002387-T1	CBQ70430.1|GT3|	66.8	699	215	5	13	694	5	703	0.0	952
DFQ16|DFQ16_002431-T1	CDS13578.1|GH5_12|	39.4	576	323	11	215	786	8	561	4.09e-127	403
DFQ16|DFQ16_002486-T1	EAA31326.1|GH71|	39.2	607	308	12	141	726	650	1216	1.83e-122	400
DFQ16|DFQ16_002489-T1	CED83340.1|GT31|	33.5	1034	519	22	436	1379	964	1918	3.35e-153	516
DFQ16|DFQ16_002492-T1	BAA34296.1|GT4|	49.3	428	210	5	300	720	18	445	1.20e-134	409
DFQ16|DFQ16_002576-T1	AWP12516.1|GT29|	34.6	647	379	12	57	698	473	1080	2.55e-111	374
DFQ16|DFQ16_002641-T1	QKX55086.1|GH55|	51.2	602	254	7	218	782	787	1385	1.02e-196	603
DFQ16|DFQ16_002732-T1	AAB84284.1|GT2|2.4.1.16	49.5	1005	412	20	101	1038	205	1180	6.14e-295	866
DFQ16|DFQ16_002733-T1	CDS05746.1|GH5_9|	42.8	435	230	7	122	550	4	425	1.04e-129	390
DFQ16|DFQ16_002747-T1	CDS05327.1|GT2|	42.2	1755	893	32	17	1699	23	1727	0.0	1279
DFQ16|DFQ16_002750-T1	CDS05327.1|GT2|	40.3	1751	936	35	34	1726	40	1738	0.0	1167
DFQ16|DFQ16_002775-T1	ADK37844.1|GH16_4|	62.2	323	120	2	67	388	1	322	1.44e-157	450
DFQ16|DFQ16_002804-T1	ADK37846.1|GH18|	70.4	294	85	1	31	324	1	292	3.69e-157	449
DFQ16|DFQ16_002805-T1	ADK37846.1|GH18|	59.5	294	114	2	113	403	1	292	4.96e-122	363
DFQ16|DFQ16_002828-T1	AWP04987.1|GT13|	41.3	778	424	11	4	778	140	887	3.41e-195	600
DFQ16|DFQ16_002931-T1	SDT63342.1|CBM51|GH31|	52.5	665	287	10	30	673	46	702	1.05e-233	689
DFQ16|DFQ16_002932-T1	SDU44743.1|CBM51|GH31|	51.1	706	316	12	8	692	23	720	9.54e-236	694
DFQ16|DFQ16_003003-T1	CDS12794.1|GT39|	45.3	768	346	3	77	843	59	753	1.54e-228	665
DFQ16|DFQ16_003085-T1	SMR50199.1|AA3|	37.0	640	326	17	29	623	30	637	6.50e-119	372
DFQ16|DFQ16_003142-T1	CDS07743.1|GT2|	55.5	905	351	11	4	872	55	943	0.0	953
DFQ16|DFQ16_003172-T1	VUW72999.1|AA1|	54.0	609	244	9	139	716	27	630	9.07e-194	588
DFQ16|DFQ16_003183-T1	CDS03806.1|GT48|	52.3	1737	787	14	146	1871	189	1895	0.0	1766
DFQ16|DFQ16_003194-T1	AHX26706.1|GT2|	33.1	755	418	19	21	709	99	832	4.85e-104	370
DFQ16|DFQ16_003206-T1	CDS03631.1|GT57|	52.3	486	210	7	24	501	5	476	1.42e-163	477
DFQ16|DFQ16_003269-T1	CCF20451.1|CBM50|	35.0	520	308	10	33	536	26	531	1.80e-107	340
DFQ16|DFQ16_003278-T1	ATZ49944.1|GH5_9|	43.5	375	198	7	8	380	36	398	3.43e-107	326
DFQ16|DFQ16_003309-T1	CDS05327.1|GT2|	36.9	1583	859	31	2	1509	170	1687	1.27e-311	953
DFQ16|DFQ16_003384-T1	CBQ68385.1|CBM48|GH13_8|	67.1	677	209	4	28	700	27	693	0.0	957
DFQ16|DFQ16_003396-T1	CDS08047.1|GT15|	53.6	336	136	6	5	325	51	381	2.02e-127	374
DFQ16|DFQ16_003442-T1	CUI24525.1|GH19|	62.8	312	110	2	39	344	17	328	2.28e-121	385
DFQ16|DFQ16_003529-T1	EAU38131.1|GH5_31|	72.6	376	103	0	1	376	411	786	1.15e-202	582
DFQ16|DFQ16_003603-T1	CDS05640.1|GH20|	39.1	716	336	18	14	673	71	742	3.91e-156	473
DFQ16|DFQ16_003613-T1	EAA65303.1|GT0|	53.5	768	343	6	1	755	813	1579	4.08e-271	798
DFQ16|DFQ16_003828-T1	CAC9909034.1|GT8|	63.7	377	136	1	18	394	347	722	1.20e-170	498
DFQ16|DFQ16_003870-T1	QGI79035.1|GH43_30|	77.3	387	87	1	6	391	459	845	6.05e-204	614
DFQ16|DFQ16_003884-T1	AOW02859.1|GH16_2|	48.7	415	198	6	99	502	247	657	4.89e-132	402
DFQ16|DFQ16_003939-T1	CDS09097.1|GH15|	58.6	678	255	5	9	673	65	729	9.95e-286	803
DFQ16|DFQ16_003988-T1	CDS03190.1|GH0|	51.1	1224	491	15	17	1137	16	1235	0.0	1110
DFQ16|DFQ16_004020-T1	CDS05871.1|GT2|	56.0	771	324	7	62	828	93	852	2.35e-295	838
DFQ16|DFQ16_004092-T1	CDS13093.1|GT57|	50.7	430	201	3	57	482	1	423	3.50e-140	415
DFQ16|DFQ16_004119-T1	QBQ55251.1|CBM50|	34.8	991	533	19	11	996	28	910	3.11e-148	473
DFQ16|DFQ16_004189-T1	QKX56076.1|GH51|	52.3	771	319	10	331	1067	840	1595	2.19e-244	741
DFQ16|DFQ16_004214-T1	QLI66121.1|AA3|	35.7	628	333	15	21	589	29	644	1.97e-104	333
DFQ16|DFQ16_004225-T1	AMJ52391.1|GH47|	42.9	475	224	8	8	443	96	562	3.15e-118	361
DFQ16|DFQ16_004227-T1	QHO50257.1|GH47|	43.7	453	233	9	11	451	122	564	3.51e-104	326
DFQ16|DFQ16_004238-T1	CDS11938.1|GT1|	39.0	994	505	17	1	953	7	940	9.02e-222	662
DFQ16|DFQ16_004280-T1	SMY26983.1|GT22|	51.5	377	167	1	1	361	760	1136	2.59e-127	400
DFQ16|DFQ16_004381-T1	CDS09314.1|GT39|	49.7	712	349	2	15	726	86	788	1.48e-247	713
DFQ16|DFQ16_004440-T1	QKD53806.1|AA3|	35.8	646	352	17	81	686	35	657	2.34e-118	374
DFQ16|DFQ16_004485-T1	QDS71450.1|GH47|	58.7	327	126	3	2	324	1039	1360	2.29e-122	388
DFQ16|DFQ16_004528-T1	CAN65674.1|GH28|	37.6	559	317	10	129	678	94	629	3.18e-108	361
DFQ16|DFQ16_004551-T1	CDS06367.1|GH38|	46.7	1097	519	15	25	1079	26	1098	0.0	1003
DFQ16|DFQ16_004559-T1	CAP97490.1|GT20|	65.6	471	161	1	4	474	3	472	1.07e-234	657
DFQ16|DFQ16_004590-T1	QKD55908.1|GH18|	33.6	1141	554	31	10	1008	1102	2180	7.71e-149	496
DFQ16|DFQ16_004625-T1	QBS45783.1|GH31|	49.0	645	319	7	20	662	32	668	5.82e-214	622
DFQ16|DFQ16_004661-T1	AAX19735.1|GH37|	65.8	714	220	7	16	729	10	699	0.0	959
DFQ16|DFQ16_004678-T1	CDS13004.1|GT20|	52.0	760	356	5	14	770	24	777	5.75e-298	840
DFQ16|DFQ16_004680-T1	VDC86155.1|GT95|	81.7	289	52	1	8	296	77	364	1.68e-162	473
DFQ16|DFQ16_004681-T1	VDC86155.1|GT95|	78.2	202	43	1	1	202	164	364	4.99e-104	319
DFQ16|DFQ16_004762-T1	BAE66318.1|GT15|	49.6	369	179	4	19	382	21	387	2.11e-124	369
DFQ16|DFQ16_004833-T1	QCE13289.1|CE8|	51.4	407	171	5	6	389	409	811	3.32e-132	417
DFQ16|DFQ16_004977-T1	ABE82127.1|GH20|	40.0	560	295	14	8	539	20	566	7.09e-132	400
DFQ16|DFQ16_005060-T1	EGX51223.1|CBM43|GH72|	47.5	484	232	9	17	483	27	505	8.18e-148	438
DFQ16|DFQ16_005110-T1	EAU38131.1|GH5_31|	72.7	377	103	0	1	377	411	787	7.09e-204	585
DFQ16|DFQ16_005113-T1	AZQ75404.1|GH31|	46.9	723	355	11	20	724	17	728	3.31e-226	654
DFQ16|DFQ16_005115-T1	CDS07813.1|GH37|	43.4	557	269	9	3	559	64	574	5.93e-157	466
DFQ16|DFQ16_005136-T1	CDS06367.1|GH38|	45.6	903	453	10	9	902	26	899	1.75e-282	818
DFQ16|DFQ16_005145-T1	QHG77622.1|CBM50|	75.5	229	55	1	29	256	51	279	1.81e-121	356
DFQ16|DFQ16_005181-T1	CDS12794.1|GT39|	43.6	709	375	8	74	761	47	751	2.20e-206	605
DFQ16|DFQ16_005246-T1	CDS04796.1|CE9|	54.6	427	163	5	14	410	7	432	2.15e-157	455
DFQ16|DFQ16_005257-T1	CDS05746.1|GH5_9|	52.4	429	195	6	87	510	1	425	9.61e-170	490
DFQ16|DFQ16_005378-T1	CDS08047.1|GT15|	55.4	296	123	3	1	289	90	383	2.93e-115	342
DFQ16|DFQ16_005433-T1	QGA13088.1|CBM18|CBM50|GH18|	38.9	506	264	12	160	624	375	876	2.81e-108	368
DFQ16|DFQ16_005689-T1	AWO98658.1|GH37|	71.0	400	115	1	18	416	71	470	3.08e-197	583
DFQ16|DFQ16_005702-T1	CBA03971.1|GT30|	61.8	393	148	2	7	398	4	395	2.21e-167	500
DFQ16|DFQ16_005704-T1	CDS09169.1|GH35|	36.9	826	436	26	9	823	241	992	6.47e-160	499
DFQ16|DFQ16_005758-T1	VWO94258.1|CBM1|GH5_5|	47.0	570	236	13	1	509	482	1046	7.29e-137	426
DFQ16|DFQ16_005810-T1	CCA14548.1|GT2|	57.1	312	131	2	4	314	443	752	2.84e-119	365
DFQ16|DFQ16_005916-T1	QKX64719.1|GT31|	39.5	521	278	12	12	507	16	524	3.98e-103	334
DFQ16|DFQ16_005938-T1	APU66165.1|GH18|	64.0	283	99	3	57	339	1	280	1.87e-132	384
DFQ16|DFQ16_005975-T1	CDS13455.1|GH63|	38.0	661	328	15	5	650	212	805	1.41e-141	436
DFQ16|DFQ16_005982-T1	APU66165.1|GH18|	57.4	282	117	3	26	306	1	280	4.40e-116	345
DFQ16|DFQ16_006038-T1	CDS09580.1|GH20|	34.7	585	317	9	22	545	26	606	1.35e-116	362
DFQ16|DFQ16_006049-T1	QEC79975.1|GH3|	40.8	742	407	10	32	762	30	750	2.34e-185	552
DFQ16|DFQ16_006073-T1	QAV16303.1|GH13_5|	57.6	483	203	2	1	482	1	482	2.06e-214	605
DFQ16|DFQ16_006117-T1	CDS05465.1|GH47|	54.5	466	201	3	1	457	1	464	6.27e-171	498
DFQ16|DFQ16_006144-T1	CDS08390.1|GH31|	48.2	904	428	9	1	878	26	915	1.21e-311	885
DFQ16|DFQ16_006153-T1	AJV03058.1|GT15|	54.3	313	140	2	67	378	113	423	2.57e-120	360
DFQ16|DFQ16_006159-T1	CDS05700.1|GT33|	41.5	439	244	7	5	432	51	487	4.12e-104	322
DFQ16|DFQ16_006176-T1	QBZ54211.1|GH47|	43.1	705	342	16	1	675	782	1457	1.01e-149	476
DFQ16|DFQ16_006355-T1	ASS55757.1|CBM50|	36.3	518	309	7	26	535	26	530	2.64e-112	352
DFQ16|DFQ16_006385-T1	QCD96124.1|GH20|	39.8	555	295	11	18	547	35	575	4.50e-130	396
DFQ16|DFQ16_006467-T1	QGI71178.1|AA3|	37.1	677	322	21	18	624	20	662	2.19e-117	369
DFQ16|DFQ16_006592-T1	CDS09089.1|GT41|	57.0	526	178	3	1	526	1010	1487	1.61e-202	613
DFQ16|DFQ16_006729-T1	QIW94644.1|AA3_2|	36.0	652	336	17	15	598	1	639	9.04e-111	350
DFQ16|DFQ16_006823-T1	CDS10110.1|GT15|	59.6	307	121	2	16	321	67	371	2.75e-137	398
DFQ16|DFQ16_006904-T1	EAA58990.1|GH71|	41.0	461	253	9	14	460	525	980	5.61e-104	336
DFQ16|DFQ16_006982-T1	CDS05746.1|GH5_9|	54.8	429	184	7	85	507	1	425	8.95e-173	498
DFQ16|DFQ16_007027-T1	CDS08699.1|GT15|	53.5	333	137	8	38	358	44	370	2.45e-123	365
DFQ16|DFQ16_007116-T1	CDS05746.1|GH5_9|	47.1	431	217	7	82	507	1	425	1.71e-142	421
DFQ16|DFQ16_007282-T1	VBB81476.1|AA3|	36.0	631	330	16	6	578	12	626	4.33e-107	340
DFQ16|DFQ16_007295-T1	AKU79211.1|GH20|	36.6	598	278	15	22	529	25	611	1.42e-121	375
DFQ16|DFQ16_007464-T1	ADK37846.1|GH18|	66.0	294	97	2	33	325	1	292	3.56e-141	409
DFQ16|DFQ16_007526-T1	QEO24085.1|GH47|	52.0	367	167	4	2	363	842	1204	1.53e-121	383
DFQ16|DFQ16_007826-T1	ABE82127.1|GH20|	38.4	510	265	14	32	507	21	515	2.87e-105	330
DFQ16|DFQ16_007925-T1	AMJ52391.1|GH47|	43.0	467	225	12	49	481	103	562	4.71e-110	342
DFQ16|DFQ16_009294-T1	ADK37846.1|GH18|	71.1	294	83	1	22	315	1	292	6.51e-158	448
DFQ16|DFQ16_009507-T1	ADK37846.1|GH18|	69.2	289	86	2	2	289	6	292	3.22e-149	425
DFQ16|DFQ16_009778-T1	BBM37028.1|GH13_5|	54.0	274	124	2	2	275	28	299	2.02e-107	324
