DFQ16|DFQ16_000018-T1      0.130  22  0.312  22  0.816  17  0.716   0.470 Y  0.450      SignalP-TM
DFQ16|DFQ16_000128-T1      0.231  40  0.345  40  0.831  17  0.636   0.459 Y  0.450      SignalP-TM
DFQ16|DFQ16_000144-T1      0.152  20  0.321  20  0.849  16  0.672   0.458 Y  0.450      SignalP-TM
DFQ16|DFQ16_000144-T1      0.323  20  0.535  20  0.968  16  0.870   0.692 Y  0.570      SignalP-noTM
DFQ16|DFQ16_000163-T1      0.348  34  0.475  34  0.919   3  0.763   0.587 Y  0.450      SignalP-TM
DFQ16|DFQ16_000163-T1      0.368  21  0.562  21  0.951  13  0.882   0.712 Y  0.570      SignalP-noTM
DFQ16|DFQ16_000185-T1      0.390  23  0.462  23  0.737   1  0.558   0.500 Y  0.450      SignalP-TM
DFQ16|DFQ16_000187-T1      0.361  32  0.391  23  0.733  15  0.584   0.466 Y  0.450      SignalP-TM
DFQ16|DFQ16_000188-T1      0.265  20  0.438  20  0.912  18  0.766   0.566 Y  0.450      SignalP-TM
DFQ16|DFQ16_000188-T1      0.394  20  0.552  20  0.863   2  0.793   0.665 Y  0.570      SignalP-noTM
DFQ16|DFQ16_000201-T1      0.330  22  0.419  22  0.678   2  0.546   0.468 Y  0.450      SignalP-TM
DFQ16|DFQ16_000274-T1      0.229  44  0.314  25  0.825  13  0.707   0.467 Y  0.450      SignalP-TM
DFQ16|DFQ16_000304-T1      0.154  26  0.337  26  0.847  16  0.740   0.494 Y  0.450      SignalP-TM
DFQ16|DFQ16_000314-T1      0.164  18  0.367  18  0.924  14  0.805   0.573 Y  0.570      SignalP-noTM
DFQ16|DFQ16_000314-T1      0.199  28  0.319  28  0.900  14  0.684   0.461 Y  0.450      SignalP-TM
DFQ16|DFQ16_000374-T1      0.352  18  0.428  18  0.634   1  0.544   0.474 Y  0.450      SignalP-TM
DFQ16|DFQ16_000374-T1      0.518  18  0.607  18  0.853   1  0.734   0.667 Y  0.570      SignalP-noTM
DFQ16|DFQ16_000389-T1      0.253  26  0.388  26  0.837   1  0.608   0.474 Y  0.450      SignalP-TM
DFQ16|DFQ16_000417-T1      0.279  27  0.464  27  0.851  21  0.742   0.572 Y  0.450      SignalP-TM
DFQ16|DFQ16_000422-T1      0.118  21  0.281  11  0.858   1  0.784   0.477 Y  0.450      SignalP-TM
DFQ16|DFQ16_000440-T1      0.233  27  0.372  27  0.712  23  0.578   0.452 Y  0.450      SignalP-TM
DFQ16|DFQ16_000453-T1      0.275  18  0.401  18  0.695  16  0.593   0.476 Y  0.450      SignalP-TM
DFQ16|DFQ16_000498-T1      0.283  23  0.457  23  0.918  18  0.703   0.553 Y  0.450      SignalP-TM
DFQ16|DFQ16_000516-T1      0.172  59  0.351  22  0.915  20  0.828   0.537 Y  0.450      SignalP-TM
DFQ16|DFQ16_000516-T1      0.450  22  0.574  22  0.870  15  0.771   0.666 Y  0.570      SignalP-noTM
DFQ16|DFQ16_000527-T1      0.136  29  0.291  15  0.914  10  0.837   0.504 Y  0.450      SignalP-TM
DFQ16|DFQ16_000534-T1      0.451  32  0.489  32  0.661  18  0.457   0.476 Y  0.450      SignalP-TM
DFQ16|DFQ16_000563-T1      0.263  23  0.482  23  0.963  16  0.886   0.640 Y  0.450      SignalP-TM
DFQ16|DFQ16_000575-T1      0.195  20  0.401  20  0.940  10  0.856   0.615 Y  0.570      SignalP-noTM
DFQ16|DFQ16_000639-T1      0.192  28  0.373  28  0.857   1  0.697   0.499 Y  0.450      SignalP-TM
DFQ16|DFQ16_000651-T1      0.108  11  0.275  11  0.826   5  0.736   0.455 Y  0.450      SignalP-TM
DFQ16|DFQ16_000695-T1      0.324  24  0.446  24  0.795  17  0.642   0.522 Y  0.450      SignalP-TM
DFQ16|DFQ16_000717-T1      0.212  20  0.439  20  0.938  12  0.856   0.594 Y  0.510      SignalP-TM
DFQ16|DFQ16_000717-T1      0.224  31  0.384  31  0.908  19  0.725   0.517 Y  0.450      SignalP-TM
DFQ16|DFQ16_000723-T1      0.223  26  0.366  26  0.889  17  0.597   0.456 Y  0.450      SignalP-TM
DFQ16|DFQ16_000724-T1      0.206  30  0.373  20  0.927  10  0.898   0.578 Y  0.450      SignalP-TM
DFQ16|DFQ16_000724-T1      0.227  20  0.423  20  0.892   3  0.821   0.610 Y  0.570      SignalP-noTM
DFQ16|DFQ16_000727-T1      0.390  47  0.425  23  0.706  14  0.553   0.475 Y  0.450      SignalP-TM
DFQ16|DFQ16_000746-T1      0.787  25  0.792  25  0.913  17  0.809   0.800 Y  0.570      SignalP-noTM
DFQ16|DFQ16_000812-T1      0.167  21  0.356  21  0.843  10  0.748   0.509 Y  0.450      SignalP-TM
DFQ16|DFQ16_000812-T1      0.197  20  0.393  20  0.916  10  0.787   0.578 Y  0.570      SignalP-noTM
DFQ16|DFQ16_000815-T1      0.305  32  0.502  32  0.901  13  0.782   0.611 Y  0.450      SignalP-TM
DFQ16|DFQ16_000815-T1      0.721  32  0.749  32  0.880  29  0.702   0.727 Y  0.570      SignalP-noTM
DFQ16|DFQ16_000829-T1      0.182  25  0.325  23  0.812   1  0.662   0.457 Y  0.450      SignalP-TM
DFQ16|DFQ16_000833-T1      0.145  29  0.298  21  0.832  13  0.717   0.461 Y  0.450      SignalP-TM
DFQ16|DFQ16_000861-T1      0.200  22  0.414  22  0.916  15  0.826   0.608 Y  0.570      SignalP-noTM
DFQ16|DFQ16_000861-T1      0.451  43  0.518  28  0.936  23  0.871   0.656 Y  0.450      SignalP-TM
DFQ16|DFQ16_000881-T1      0.201  25  0.349  25  0.829   9  0.675   0.476 Y  0.450      SignalP-TM
DFQ16|DFQ16_000922-T1      0.214  21  0.421  21  0.892  14  0.835   0.582 Y  0.450      SignalP-TM
DFQ16|DFQ16_000922-T1      0.495  21  0.587  21  0.881   1  0.751   0.664 Y  0.570      SignalP-noTM
DFQ16|DFQ16_000923-T1      0.184  18  0.403  18  0.938  16  0.882   0.590 Y  0.450      SignalP-TM
DFQ16|DFQ16_000923-T1      0.230  19  0.449  19  0.949  16  0.884   0.654 Y  0.570      SignalP-noTM
DFQ16|DFQ16_000954-T1      0.240  21  0.420  21  0.941   6  0.776   0.559 Y  0.450      SignalP-TM
DFQ16|DFQ16_000954-T1      0.240  21  0.466  21  0.945  11  0.909   0.674 Y  0.570      SignalP-noTM
DFQ16|DFQ16_000967-T1      0.179  26  0.362  23  0.913   7  0.796   0.531 Y  0.450      SignalP-TM
DFQ16|DFQ16_000967-T1      0.591  21  0.667  21  0.891   1  0.786   0.723 Y  0.570      SignalP-noTM
DFQ16|DFQ16_000986-T1      0.658  33  0.527  33  0.930  17  0.638   0.570 Y  0.450      SignalP-TM
DFQ16|DFQ16_000995-T1      0.410  24  0.568  24  0.874  21  0.771   0.647 Y  0.450      SignalP-TM
DFQ16|DFQ16_001003-T1      0.186  27  0.337  20  0.835   4  0.782   0.510 Y  0.450      SignalP-TM
DFQ16|DFQ16_001003-T1      0.267  21  0.479  21  0.964   8  0.891   0.673 Y  0.570      SignalP-noTM
DFQ16|DFQ16_001004-T1      0.159  21  0.345  21  0.898   3  0.791   0.510 Y  0.510      SignalP-TM
DFQ16|DFQ16_001006-T1      0.381  29  0.395  29  0.884   4  0.622   0.484 Y  0.450      SignalP-TM
DFQ16|DFQ16_001007-T1      0.227  29  0.311  19  0.823  10  0.755   0.484 Y  0.450      SignalP-TM
DFQ16|DFQ16_001007-T1      0.690  19  0.780  19  0.927   6  0.886   0.829 Y  0.570      SignalP-noTM
DFQ16|DFQ16_001009-T1      0.158  20  0.349  20  0.825  14  0.758   0.509 Y  0.450      SignalP-TM
DFQ16|DFQ16_001009-T1      0.314  17  0.467  17  0.769  14  0.697   0.552 Y  0.510      SignalP-TM
DFQ16|DFQ16_001081-T1      0.260  23  0.466  23  0.919  18  0.780   0.589 Y  0.450      SignalP-TM
DFQ16|DFQ16_001081-T1      0.363  22  0.574  22  0.936  13  0.892   0.724 Y  0.570      SignalP-noTM
DFQ16|DFQ16_001106-T1      0.312  19  0.506  19  0.901  18  0.800   0.644 Y  0.570      SignalP-noTM
DFQ16|DFQ16_001162-T1      0.183  50  0.374  21  0.860  17  0.768   0.527 Y  0.450      SignalP-TM
DFQ16|DFQ16_001162-T1      0.573  21  0.642  21  0.828  19  0.724   0.681 Y  0.570      SignalP-noTM
DFQ16|DFQ16_001163-T1      0.225  20  0.402  20  0.877   6  0.737   0.533 Y  0.450      SignalP-TM
DFQ16|DFQ16_001182-T1      0.192  22  0.343  22  0.770  19  0.624   0.452 Y  0.450      SignalP-TM
DFQ16|DFQ16_001190-T1      0.215  26  0.386  16  0.882  11  0.812   0.587 Y  0.570      SignalP-noTM
DFQ16|DFQ16_001190-T1      0.364  26  0.530  26  0.929  15  0.791   0.632 Y  0.450      SignalP-TM
DFQ16|DFQ16_001231-T1      0.133  50  0.318  21  0.915  13  0.817   0.513 Y  0.450      SignalP-TM
DFQ16|DFQ16_001236-T1      0.404  27  0.496  27  0.955  14  0.755   0.597 Y  0.450      SignalP-TM
DFQ16|DFQ16_001351-T1      0.238  25  0.416  25  0.866   1  0.732   0.540 Y  0.450      SignalP-TM
DFQ16|DFQ16_001360-T1      0.415  24  0.494  24  0.717   7  0.621   0.543 Y  0.450      SignalP-TM
DFQ16|DFQ16_001360-T1      0.609  24  0.617  24  0.794   3  0.647   0.631 Y  0.570      SignalP-noTM
DFQ16|DFQ16_001369-T1      0.440  21  0.472  21  0.567  17  0.509   0.487 Y  0.450      SignalP-TM
DFQ16|DFQ16_001439-T1      0.149  25  0.310  25  0.851  16  0.678   0.454 Y  0.450      SignalP-TM
DFQ16|DFQ16_001454-T1      0.380  20  0.537  20  0.887   2  0.776   0.630 Y  0.450      SignalP-TM
DFQ16|DFQ16_001454-T1      0.648  20  0.697  20  0.931  18  0.783   0.737 Y  0.570      SignalP-noTM
DFQ16|DFQ16_001503-T1      0.242  18  0.425  24  0.881  17  0.747   0.551 Y  0.450      SignalP-TM
DFQ16|DFQ16_001503-T1      0.563  18  0.686  18  0.879   5  0.837   0.757 Y  0.570      SignalP-noTM
DFQ16|DFQ16_001504-T1      0.363  26  0.457  26  0.732  18  0.566   0.499 Y  0.450      SignalP-TM
DFQ16|DFQ16_001505-T1      0.495  24  0.641  24  0.924   1  0.863   0.745 Y  0.570      SignalP-noTM
DFQ16|DFQ16_001517-T1      0.430  29  0.564  29  0.882  25  0.666   0.603 Y  0.450      SignalP-TM
DFQ16|DFQ16_001542-T1      0.536  28  0.519  28  0.662  23  0.479   0.503 Y  0.450      SignalP-TM
DFQ16|DFQ16_001543-T1      0.191  25  0.349  25  0.774   1  0.621   0.455 Y  0.450      SignalP-TM
DFQ16|DFQ16_001553-T1      0.309  21  0.467  21  0.895   2  0.757   0.580 Y  0.450      SignalP-TM
DFQ16|DFQ16_001553-T1      0.389  21  0.510  21  0.844   1  0.693   0.596 Y  0.570      SignalP-noTM
DFQ16|DFQ16_001555-T1      0.160  31  0.305  25  0.829   3  0.683   0.452 Y  0.450      SignalP-TM
DFQ16|DFQ16_001564-T1      0.514  22  0.600  22  0.787  17  0.696   0.637 Y  0.450      SignalP-TM
DFQ16|DFQ16_001578-T1      0.167  54  0.293  11  0.854   1  0.757   0.474 Y  0.450      SignalP-TM
DFQ16|DFQ16_001632-T1      0.124  33  0.310  22  0.944   9  0.870   0.529 Y  0.450      SignalP-TM
DFQ16|DFQ16_001635-T1      0.161  27  0.327  27  0.851  12  0.719   0.480 Y  0.450      SignalP-TM
DFQ16|DFQ16_001655-T1      0.502  35  0.564  35  0.810  27  0.402   0.501 Y  0.450      SignalP-TM
DFQ16|DFQ16_001697-T1      0.118  40  0.276  11  0.873   7  0.794   0.478 Y  0.450      SignalP-TM
DFQ16|DFQ16_001744-T1      0.363  24  0.452  24  0.710  18  0.507   0.473 Y  0.450      SignalP-TM
DFQ16|DFQ16_001746-T1      0.171  30  0.333  30  0.845  11  0.688   0.471 Y  0.450      SignalP-TM
DFQ16|DFQ16_001801-T1      0.374  21  0.468  21  0.717  19  0.572   0.508 Y  0.450      SignalP-TM
DFQ16|DFQ16_001807-T1      0.149  28  0.301  18  0.845  12  0.765   0.482 Y  0.450      SignalP-TM
DFQ16|DFQ16_001872-T1      0.181  17  0.333  17  0.746   1  0.633   0.450 Y  0.450      SignalP-TM
DFQ16|DFQ16_001874-T1      0.136  33  0.299  13  0.929   1  0.802   0.495 Y  0.450      SignalP-TM
DFQ16|DFQ16_001877-T1      0.194  24  0.369  24  0.834  18  0.644   0.476 Y  0.450      SignalP-TM
DFQ16|DFQ16_001878-T1      0.379  23  0.513  23  0.903  15  0.741   0.620 Y  0.570      SignalP-noTM
DFQ16|DFQ16_001878-T1      0.431  23  0.589  23  0.921  14  0.751   0.652 Y  0.450      SignalP-TM
DFQ16|DFQ16_001958-T1      0.215  20  0.383  20  0.786  18  0.658   0.490 Y  0.450      SignalP-TM
DFQ16|DFQ16_001966-T1      0.214  22  0.387  22  0.793   1  0.714   0.515 Y  0.450      SignalP-TM
DFQ16|DFQ16_001966-T1      0.259  22  0.421  22  0.887  12  0.748   0.574 Y  0.570      SignalP-noTM
DFQ16|DFQ16_001994-T1      0.267  23  0.394  23  0.831   6  0.656   0.497 Y  0.450      SignalP-TM
DFQ16|DFQ16_001994-T1      0.456  23  0.555  23  0.894   2  0.752   0.648 Y  0.570      SignalP-noTM
DFQ16|DFQ16_002028-T1      0.409  18  0.500  18  0.745  17  0.621   0.547 Y  0.450      SignalP-TM
DFQ16|DFQ16_002050-T1      0.216  21  0.377  21  0.851   4  0.711   0.507 Y  0.450      SignalP-TM
DFQ16|DFQ16_002050-T1      0.358  21  0.517  21  0.892   1  0.784   0.643 Y  0.570      SignalP-noTM
DFQ16|DFQ16_002053-T1      0.225  33  0.409  31  0.927  17  0.788   0.557 Y  0.450      SignalP-TM
DFQ16|DFQ16_002053-T1      0.229  20  0.462  20  0.968  18  0.926   0.680 Y  0.570      SignalP-noTM
DFQ16|DFQ16_002077-T1      0.279  25  0.405  25  0.777  18  0.596   0.480 Y  0.450      SignalP-TM
DFQ16|DFQ16_002078-T1      0.256  24  0.407  24  0.877   2  0.695   0.519 Y  0.450      SignalP-TM
DFQ16|DFQ16_002078-T1      0.258  19  0.439  19  0.874  17  0.753   0.587 Y  0.570      SignalP-noTM
DFQ16|DFQ16_002080-T1      0.539  19  0.683  19  0.938  17  0.872   0.772 Y  0.570      SignalP-noTM
DFQ16|DFQ16_002080-T1      0.653  26  0.755  26  0.978  16  0.886   0.806 Y  0.450      SignalP-TM
DFQ16|DFQ16_002108-T1      0.198  23  0.345  23  0.821  16  0.630   0.456 Y  0.450      SignalP-TM
DFQ16|DFQ16_002108-T1      0.423  18  0.608  18  0.960  16  0.856   0.725 Y  0.570      SignalP-noTM
DFQ16|DFQ16_002110-T1      0.427  35  0.407  35  0.920   3  0.640   0.498 Y  0.450      SignalP-TM
DFQ16|DFQ16_002123-T1      0.253  26  0.415  26  0.800  18  0.601   0.487 Y  0.450      SignalP-TM
DFQ16|DFQ16_002125-T1      0.558  20  0.583  20  0.849  17  0.563   0.575 Y  0.450      SignalP-TM
DFQ16|DFQ16_002125-T1      0.578  20  0.660  20  0.844  11  0.756   0.705 Y  0.570      SignalP-noTM
DFQ16|DFQ16_002128-T1      0.166  31  0.312  19  0.873  15  0.772   0.491 Y  0.450      SignalP-TM
DFQ16|DFQ16_002128-T1      0.349  19  0.490  19  0.848  12  0.701   0.589 Y  0.570      SignalP-noTM
DFQ16|DFQ16_002129-T1      0.198  31  0.324  19  0.875   1  0.788   0.505 Y  0.450      SignalP-TM
DFQ16|DFQ16_002152-T1      0.279  25  0.452  21  0.840  13  0.755   0.595 Y  0.570      SignalP-noTM
DFQ16|DFQ16_002152-T1      0.482  68  0.493  27  0.858  20  0.716   0.580 Y  0.450      SignalP-TM
DFQ16|DFQ16_002159-T1      0.142  46  0.303  20  0.873  14  0.788   0.492 Y  0.450      SignalP-TM
DFQ16|DFQ16_002178-T1      0.393  26  0.485  26  0.763  23  0.654   0.551 Y  0.450      SignalP-TM
DFQ16|DFQ16_002179-T1      0.274  36  0.400  24  0.875  14  0.734   0.531 Y  0.450      SignalP-TM
DFQ16|DFQ16_002179-T1      0.328  22  0.529  22  0.904  16  0.834   0.673 Y  0.570      SignalP-noTM
DFQ16|DFQ16_002180-T1      0.241  62  0.323  21  0.911   5  0.836   0.523 Y  0.450      SignalP-TM
DFQ16|DFQ16_002180-T1      0.361  62  0.471  21  0.932   9  0.862   0.655 Y  0.570      SignalP-noTM
DFQ16|DFQ16_002221-T1      0.161  24  0.342  24  0.856   4  0.763   0.506 Y  0.450      SignalP-TM
DFQ16|DFQ16_002242-T1      0.166  31  0.312  19  0.873  15  0.772   0.491 Y  0.450      SignalP-TM
DFQ16|DFQ16_002242-T1      0.349  19  0.490  19  0.848  12  0.701   0.589 Y  0.570      SignalP-noTM
DFQ16|DFQ16_002276-T1      0.416  27  0.423  27  0.756   9  0.546   0.471 Y  0.450      SignalP-TM
DFQ16|DFQ16_002277-T1      0.260  19  0.474  19  0.935  18  0.864   0.627 Y  0.450      SignalP-TM
DFQ16|DFQ16_002277-T1      0.848  19  0.865  19  0.920  18  0.874   0.869 Y  0.570      SignalP-noTM
DFQ16|DFQ16_002307-T1      0.233  19  0.432  19  0.893  14  0.793   0.602 Y  0.570      SignalP-noTM
DFQ16|DFQ16_002313-T1      0.184  23  0.402  23  0.910  14  0.837   0.571 Y  0.450      SignalP-TM
DFQ16|DFQ16_002313-T1      0.309  23  0.474  23  0.828  11  0.751   0.604 Y  0.570      SignalP-noTM
DFQ16|DFQ16_002346-T1      0.187  41  0.314  23  0.800  12  0.735   0.478 Y  0.450      SignalP-TM
DFQ16|DFQ16_002393-T1      0.635  25  0.666  25  0.869   9  0.722   0.688 Y  0.450      SignalP-TM
DFQ16|DFQ16_002393-T1      0.649  25  0.743  25  0.955  21  0.873   0.804 Y  0.570      SignalP-noTM
DFQ16|DFQ16_002436-T1      0.292  50  0.327  20  0.820  10  0.760   0.496 Y  0.450      SignalP-TM
DFQ16|DFQ16_002439-T1      0.232  18  0.406  18  0.876   1  0.730   0.532 Y  0.450      SignalP-TM
DFQ16|DFQ16_002439-T1      0.545  20  0.648  18  0.866  10  0.755   0.698 Y  0.570      SignalP-noTM
DFQ16|DFQ16_002467-T1      0.166  25  0.322  18  0.827  17  0.757   0.492 Y  0.450      SignalP-TM
DFQ16|DFQ16_002467-T1      0.262  19  0.452  19  0.875   1  0.799   0.615 Y  0.570      SignalP-noTM
DFQ16|DFQ16_002502-T1      0.527  27  0.505  27  0.902  16  0.656   0.564 Y  0.450      SignalP-TM
DFQ16|DFQ16_002502-T1      0.751  18  0.823  18  0.937  11  0.896   0.857 Y  0.570      SignalP-noTM
DFQ16|DFQ16_002510-T1      0.162  26  0.326  22  0.833   8  0.709   0.475 Y  0.450      SignalP-TM
DFQ16|DFQ16_002532-T1      0.386  25  0.546  25  0.946  11  0.844   0.686 Y  0.570      SignalP-noTM
DFQ16|DFQ16_002532-T1      0.472  30  0.603  30  0.930  21  0.794   0.677 Y  0.450      SignalP-TM
DFQ16|DFQ16_002551-T1      0.306  36  0.415  36  0.775  30  0.526   0.458 Y  0.450      SignalP-TM
DFQ16|DFQ16_002594-T1      0.177  30  0.324  28  0.833  10  0.717   0.477 Y  0.450      SignalP-TM
DFQ16|DFQ16_002643-T1      0.214  22  0.360  22  0.803   6  0.653   0.474 Y  0.450      SignalP-TM
DFQ16|DFQ16_002714-T1      0.286  22  0.378  22  0.731   3  0.567   0.452 Y  0.450      SignalP-TM
DFQ16|DFQ16_002719-T1      0.261  25  0.387  25  0.754  17  0.592   0.467 Y  0.450      SignalP-TM
DFQ16|DFQ16_002729-T1      0.153  21  0.357  21  0.887   9  0.840   0.546 Y  0.450      SignalP-TM
DFQ16|DFQ16_002729-T1      0.558  21  0.666  21  0.953  17  0.765   0.712 Y  0.570      SignalP-noTM
DFQ16|DFQ16_002740-T1      0.161  30  0.300  20  0.868   2  0.764   0.481 Y  0.450      SignalP-TM
DFQ16|DFQ16_002742-T1      0.374  22  0.576  22  0.935  16  0.886   0.697 Y  0.450      SignalP-TM
DFQ16|DFQ16_002742-T1      0.494  19  0.664  19  0.915  15  0.887   0.746 Y  0.510      SignalP-TM
DFQ16|DFQ16_002743-T1      0.279  32  0.355  22  0.944  10  0.855   0.550 Y  0.450      SignalP-TM
DFQ16|DFQ16_002743-T1      0.602  22  0.733  22  0.978  12  0.901   0.812 Y  0.570      SignalP-noTM
DFQ16|DFQ16_002752-T1      0.623  22  0.665  22  0.799   9  0.718   0.685 Y  0.450      SignalP-TM
DFQ16|DFQ16_002752-T1      0.750  22  0.823  22  0.939  17  0.882   0.851 Y  0.570      SignalP-noTM
DFQ16|DFQ16_002753-T1      0.191  23  0.359  23  0.771   8  0.673   0.482 Y  0.450      SignalP-TM
DFQ16|DFQ16_002753-T1      0.434  23  0.536  23  0.824   2  0.703   0.615 Y  0.570      SignalP-noTM
DFQ16|DFQ16_002756-T1      0.342  25  0.469  25  0.929  15  0.736   0.594 Y  0.570      SignalP-noTM
DFQ16|DFQ16_002756-T1      0.361  25  0.515  25  0.830  10  0.735   0.601 Y  0.450      SignalP-TM
DFQ16|DFQ16_002767-T1      0.226  20  0.365  20  0.812   1  0.612   0.461 Y  0.450      SignalP-TM
DFQ16|DFQ16_002767-T1      0.418  20  0.554  20  0.876  16  0.735   0.639 Y  0.570      SignalP-noTM
DFQ16|DFQ16_002778-T1      0.378  37  0.475  37  0.740  12  0.589   0.519 Y  0.450      SignalP-TM
DFQ16|DFQ16_002804-T1      0.699  19  0.702  19  0.864  12  0.733   0.716 Y  0.570      SignalP-noTM
DFQ16|DFQ16_002810-T1      0.147  18  0.356  18  0.920  12  0.818   0.536 Y  0.450      SignalP-TM
DFQ16|DFQ16_002810-T1      0.201  37  0.391  18  0.984  16  0.918   0.639 Y  0.570      SignalP-noTM
DFQ16|DFQ16_002812-T1      0.134  34  0.326  29  0.942  17  0.785   0.505 Y  0.450      SignalP-TM
DFQ16|DFQ16_002812-T1      0.287  22  0.523  22  0.969  17  0.916   0.708 Y  0.570      SignalP-noTM
DFQ16|DFQ16_002823-T1      0.204  33  0.322  24  0.858  17  0.707   0.472 Y  0.450      SignalP-TM
DFQ16|DFQ16_002841-T1      0.386  21  0.567  21  0.894  16  0.849   0.699 Y  0.570      SignalP-noTM
DFQ16|DFQ16_002849-T1      0.589  22  0.611  22  0.829  18  0.547   0.586 Y  0.450      SignalP-TM
DFQ16|DFQ16_002874-T1      0.300  21  0.469  21  0.896   6  0.757   0.581 Y  0.450      SignalP-TM
DFQ16|DFQ16_002896-T1      0.181  28  0.309  22  0.847  13  0.739   0.477 Y  0.450      SignalP-TM
DFQ16|DFQ16_002919-T1      0.278  20  0.491  20  0.954   4  0.884   0.644 Y  0.450      SignalP-TM
DFQ16|DFQ16_002919-T1      0.384  20  0.609  20  0.977  16  0.961   0.774 Y  0.570      SignalP-noTM
DFQ16|DFQ16_002924-T1      0.177  22  0.348  22  0.798  16  0.686   0.480 Y  0.450      SignalP-TM
DFQ16|DFQ16_002934-T1      0.212  23  0.400  23  0.909   2  0.771   0.545 Y  0.450      SignalP-TM
DFQ16|DFQ16_002934-T1      0.298  23  0.487  23  0.961  11  0.823   0.645 Y  0.570      SignalP-noTM
DFQ16|DFQ16_002935-T1      0.230  23  0.410  23  0.906   2  0.757   0.545 Y  0.450      SignalP-TM
DFQ16|DFQ16_002935-T1      0.318  23  0.502  23  0.941  11  0.817   0.650 Y  0.570      SignalP-noTM
DFQ16|DFQ16_002983-T1      0.147  29  0.308  19  0.786   1  0.699   0.461 Y  0.450      SignalP-TM
DFQ16|DFQ16_002983-T1      0.347  19  0.510  19  0.852   1  0.764   0.630 Y  0.570      SignalP-noTM
DFQ16|DFQ16_003007-T1      0.306  20  0.506  20  0.889  11  0.831   0.659 Y  0.570      SignalP-noTM
DFQ16|DFQ16_003007-T1      0.400  26  0.524  26  0.874  18  0.705   0.594 Y  0.450      SignalP-TM
DFQ16|DFQ16_003009-T1      0.362  20  0.558  20  0.904   9  0.855   0.697 Y  0.570      SignalP-noTM
DFQ16|DFQ16_003009-T1      0.371  26  0.491  26  0.861  16  0.685   0.567 Y  0.450      SignalP-TM
DFQ16|DFQ16_003010-T1      0.150  22  0.280  12  0.895   1  0.722   0.453 Y  0.450      SignalP-TM
DFQ16|DFQ16_003013-T1      0.258  20  0.400  20  0.855   1  0.650   0.498 Y  0.450      SignalP-TM
DFQ16|DFQ16_003013-T1      0.568  20  0.620  18  0.828  10  0.709   0.662 Y  0.570      SignalP-noTM
DFQ16|DFQ16_003035-T1      0.254  21  0.442  21  0.952  18  0.776   0.572 Y  0.450      SignalP-TM
DFQ16|DFQ16_003035-T1      0.353  21  0.541  21  0.906   1  0.846   0.684 Y  0.570      SignalP-noTM
DFQ16|DFQ16_003039-T1      0.539  26  0.597  26  0.872   3  0.734   0.650 Y  0.450      SignalP-TM
DFQ16|DFQ16_003048-T1      0.190  21  0.359  21  0.891  19  0.667   0.479 Y  0.450      SignalP-TM
DFQ16|DFQ16_003051-T1      0.146  26  0.308  25  0.884  10  0.697   0.460 Y  0.450      SignalP-TM
DFQ16|DFQ16_003112-T1      0.239  27  0.372  17  0.812  13  0.698   0.499 Y  0.450      SignalP-TM
DFQ16|DFQ16_003126-T1      0.279  29  0.427  29  0.802  23  0.607   0.497 Y  0.450      SignalP-TM
DFQ16|DFQ16_003145-T1      0.318  27  0.488  27  0.915  15  0.674   0.561 Y  0.450      SignalP-TM
DFQ16|DFQ16_003147-T1      0.198  21  0.428  21  0.968   9  0.929   0.623 Y  0.450      SignalP-TM
DFQ16|DFQ16_003147-T1      0.493  21  0.652  21  0.958  11  0.892   0.764 Y  0.570      SignalP-noTM
DFQ16|DFQ16_003166-T1      0.407  26  0.430  26  0.634   7  0.506   0.460 Y  0.450      SignalP-TM
DFQ16|DFQ16_003202-T1      0.246  59  0.348  24  0.859  12  0.701   0.485 Y  0.450      SignalP-TM
DFQ16|DFQ16_003203-T1      0.215  24  0.364  24  0.866   1  0.674   0.485 Y  0.450      SignalP-TM
DFQ16|DFQ16_003247-T1      0.216  35  0.351  27  0.835  17  0.721   0.495 Y  0.450      SignalP-TM
DFQ16|DFQ16_003267-T1      0.205  26  0.385  26  0.927  12  0.722   0.516 Y  0.450      SignalP-TM
DFQ16|DFQ16_003284-T1      0.467  23  0.563  23  0.815  13  0.707   0.631 Y  0.570      SignalP-noTM
DFQ16|DFQ16_003284-T1      0.497  25  0.592  25  0.864  16  0.742   0.651 Y  0.450      SignalP-TM
DFQ16|DFQ16_003297-T1      0.141  25  0.329  25  0.878  19  0.744   0.491 Y  0.450      SignalP-TM
DFQ16|DFQ16_003303-T1      0.159  34  0.312  16  0.869   8  0.749   0.482 Y  0.450      SignalP-TM
DFQ16|DFQ16_003320-T1      0.326  25  0.531  25  0.916  15  0.859   0.659 Y  0.450      SignalP-TM
DFQ16|DFQ16_003320-T1      0.343  22  0.552  22  0.936  14  0.886   0.709 Y  0.570      SignalP-noTM
DFQ16|DFQ16_003331-T1      0.207  26  0.381  26  0.905  15  0.728   0.517 Y  0.450      SignalP-TM
DFQ16|DFQ16_003363-T1      0.239  19  0.446  19  0.941  15  0.845   0.633 Y  0.570      SignalP-noTM
DFQ16|DFQ16_003363-T1      0.298  19  0.478  19  0.878   3  0.791   0.600 Y  0.450      SignalP-TM
DFQ16|DFQ16_003374-T1      0.160  31  0.323  24  0.791  13  0.708   0.473 Y  0.450      SignalP-TM
DFQ16|DFQ16_003394-T1      0.321  20  0.485  20  0.903  18  0.738   0.583 Y  0.450      SignalP-TM
DFQ16|DFQ16_003394-T1      0.616  20  0.716  20  0.905  16  0.829   0.769 Y  0.570      SignalP-noTM
DFQ16|DFQ16_003412-T1      0.273  24  0.439  24  0.893   9  0.732   0.553 Y  0.450      SignalP-TM
DFQ16|DFQ16_003416-T1      0.173  20  0.364  20  0.884   6  0.793   0.532 Y  0.450      SignalP-TM
DFQ16|DFQ16_003416-T1      0.190  22  0.397  22  0.922  16  0.847   0.608 Y  0.570      SignalP-noTM
DFQ16|DFQ16_003457-T1      0.184  31  0.335  31  0.837   8  0.697   0.477 Y  0.450      SignalP-TM
DFQ16|DFQ16_003459-T1      0.302  22  0.425  22  0.711  19  0.590   0.490 Y  0.450      SignalP-TM
DFQ16|DFQ16_003459-T1      0.404  20  0.564  20  0.929  18  0.760   0.656 Y  0.570      SignalP-noTM
DFQ16|DFQ16_003470-T1      0.171  31  0.324  17  0.910  12  0.830   0.522 Y  0.450      SignalP-TM
DFQ16|DFQ16_003470-T1      0.351  17  0.558  17  0.927  13  0.883   0.711 Y  0.570      SignalP-noTM
DFQ16|DFQ16_003479-T1      0.185  31  0.354  31  0.914  13  0.751   0.509 Y  0.450      SignalP-TM
DFQ16|DFQ16_003505-T1      0.662  21  0.665  21  0.871  18  0.634   0.650 Y  0.570      SignalP-noTM
DFQ16|DFQ16_003542-T1      0.171  22  0.338  22  0.769   2  0.691   0.475 Y  0.450      SignalP-TM
DFQ16|DFQ16_003564-T1      0.226  29  0.386  29  0.885  16  0.706   0.511 Y  0.450      SignalP-TM
DFQ16|DFQ16_003572-T1      0.631  18  0.607  18  0.691   9  0.556   0.587 Y  0.450      SignalP-TM
DFQ16|DFQ16_003572-T1      0.673  18  0.737  18  0.856  17  0.761   0.746 Y  0.510      SignalP-TM
DFQ16|DFQ16_003573-T1      0.174  20  0.345  20  0.803   1  0.716   0.490 Y  0.450      SignalP-TM
DFQ16|DFQ16_003573-T1      0.267  20  0.478  20  0.942   9  0.874   0.664 Y  0.570      SignalP-noTM
DFQ16|DFQ16_003640-T1      0.293  28  0.418  28  0.782   6  0.655   0.510 Y  0.450      SignalP-TM
DFQ16|DFQ16_003643-T1      0.187  24  0.383  24  0.934  10  0.826   0.556 Y  0.450      SignalP-TM
DFQ16|DFQ16_003643-T1      0.502  19  0.701  19  0.987  16  0.967   0.826 Y  0.570      SignalP-noTM
DFQ16|DFQ16_003662-T1      0.549  18  0.578  18  0.703  17  0.585   0.581 Y  0.450      SignalP-TM
DFQ16|DFQ16_003674-T1      0.261  25  0.379  25  0.739   1  0.595   0.463 Y  0.450      SignalP-TM
DFQ16|DFQ16_003676-T1      0.230  43  0.373  23  0.936  19  0.865   0.604 Y  0.570      SignalP-noTM
DFQ16|DFQ16_003676-T1      0.286  29  0.418  29  0.808  12  0.653   0.510 Y  0.450      SignalP-TM
DFQ16|DFQ16_003695-T1      0.342  24  0.467  24  0.860   2  0.701   0.577 Y  0.570      SignalP-noTM
DFQ16|DFQ16_003697-T1      0.307  22  0.470  22  0.846  10  0.746   0.572 Y  0.510      SignalP-TM
DFQ16|DFQ16_003697-T1      0.542  29  0.546  29  0.872   6  0.696   0.604 Y  0.450      SignalP-TM
DFQ16|DFQ16_003723-T1      0.314  39  0.478  39  0.822  36  0.483   0.480 Y  0.450      SignalP-TM
DFQ16|DFQ16_003750-T1      0.307  26  0.481  26  0.969  10  0.851   0.655 Y  0.570      SignalP-noTM
DFQ16|DFQ16_003750-T1      0.463  26  0.631  26  0.896  15  0.853   0.718 Y  0.450      SignalP-TM
DFQ16|DFQ16_003833-T1      0.342  27  0.467  27  0.898  13  0.715   0.564 Y  0.450      SignalP-TM
DFQ16|DFQ16_003834-T1      0.181  26  0.366  26  0.928  13  0.762   0.521 Y  0.450      SignalP-TM
DFQ16|DFQ16_003834-T1      0.326  21  0.527  21  0.930  13  0.826   0.667 Y  0.570      SignalP-noTM
DFQ16|DFQ16_003835-T1      0.244  27  0.450  27  0.900  24  0.840   0.602 Y  0.450      SignalP-TM
DFQ16|DFQ16_003835-T1      0.351  20  0.569  20  0.964  12  0.911   0.730 Y  0.570      SignalP-noTM
DFQ16|DFQ16_003840-T1      0.202  21  0.409  21  0.963  18  0.827   0.572 Y  0.450      SignalP-TM
DFQ16|DFQ16_003840-T1      0.387  21  0.576  21  0.915  19  0.870   0.714 Y  0.570      SignalP-noTM
DFQ16|DFQ16_003850-T1      0.398  30  0.503  30  0.856  19  0.702   0.581 Y  0.450      SignalP-TM
DFQ16|DFQ16_003850-T1      0.430  21  0.611  21  0.904  20  0.870   0.733 Y  0.570      SignalP-noTM
DFQ16|DFQ16_003854-T1      0.597  27  0.698  27  0.895  16  0.786   0.732 Y  0.450      SignalP-TM
DFQ16|DFQ16_003854-T1      0.672  27  0.640  27  0.858  10  0.690   0.664 Y  0.570      SignalP-noTM
DFQ16|DFQ16_003863-T1      0.520  22  0.638  22  0.826  10  0.773   0.690 Y  0.450      SignalP-TM
DFQ16|DFQ16_003868-T1      0.144  34  0.301  20  0.801   1  0.719   0.464 Y  0.450      SignalP-TM
DFQ16|DFQ16_003869-T1      0.248  26  0.368  26  0.773   1  0.597   0.457 Y  0.450      SignalP-TM
DFQ16|DFQ16_003913-T1      0.314  20  0.427  20  0.772   2  0.613   0.500 Y  0.450      SignalP-TM
DFQ16|DFQ16_003913-T1      0.689  20  0.606  20  0.790   1  0.590   0.598 Y  0.570      SignalP-noTM
DFQ16|DFQ16_003927-T1      0.275  19  0.432  19  0.764   9  0.650   0.517 Y  0.450      SignalP-TM
DFQ16|DFQ16_003932-T1      0.167  22  0.353  22  0.885  17  0.774   0.517 Y  0.450      SignalP-TM
DFQ16|DFQ16_003934-T1      0.180  23  0.332  23  0.894   1  0.710   0.480 Y  0.450      SignalP-TM
DFQ16|DFQ16_003934-T1      0.273  19  0.451  19  0.864  11  0.766   0.599 Y  0.570      SignalP-noTM
DFQ16|DFQ16_003938-T1      0.503  44  0.597  44  0.841  39  0.472   0.548 Y  0.450      SignalP-TM
DFQ16|DFQ16_003942-T1      0.217  30  0.351  30  0.759  10  0.627   0.459 Y  0.450      SignalP-TM
DFQ16|DFQ16_003943-T1      0.254  20  0.442  20  0.815   5  0.765   0.568 Y  0.450      SignalP-TM
DFQ16|DFQ16_003959-T1      0.476  19  0.663  19  0.977  12  0.914   0.781 Y  0.570      SignalP-noTM
DFQ16|DFQ16_003978-T1      0.240  23  0.370  20  0.834   1  0.644   0.477 Y  0.450      SignalP-TM
DFQ16|DFQ16_003980-T1      0.392  30  0.532  30  0.927  12  0.764   0.622 Y  0.450      SignalP-TM
DFQ16|DFQ16_003989-T1      0.502  25  0.603  25  0.869  23  0.558   0.585 Y  0.450      SignalP-TM
DFQ16|DFQ16_003992-T1      0.125  25  0.285  13  0.875   2  0.814   0.491 Y  0.450      SignalP-TM
DFQ16|DFQ16_004008-T1      0.257  20  0.439  20  0.843   3  0.773   0.596 Y  0.570      SignalP-noTM
DFQ16|DFQ16_004010-T1      0.207  27  0.354  27  0.773  11  0.606   0.452 Y  0.450      SignalP-TM
DFQ16|DFQ16_004037-T1      0.165  19  0.380  19  0.905   9  0.855   0.566 Y  0.450      SignalP-TM
DFQ16|DFQ16_004037-T1      0.696  19  0.764  19  0.895  17  0.849   0.804 Y  0.570      SignalP-noTM
DFQ16|DFQ16_004064-T1      0.168  61  0.324  20  0.940   7  0.878   0.540 Y  0.450      SignalP-TM
DFQ16|DFQ16_004086-T1      0.305  38  0.327  22  0.830  18  0.695   0.471 Y  0.450      SignalP-TM
DFQ16|DFQ16_004091-T1      0.258  24  0.436  24  0.845  14  0.733   0.552 Y  0.450      SignalP-TM
DFQ16|DFQ16_004094-T1      0.446  22  0.528  22  0.792   2  0.673   0.585 Y  0.450      SignalP-TM
DFQ16|DFQ16_004094-T1      0.772  22  0.769  22  0.891  11  0.784   0.776 Y  0.570      SignalP-noTM
DFQ16|DFQ16_004095-T1      0.167  22  0.347  22  0.823  17  0.691   0.481 Y  0.450      SignalP-TM
DFQ16|DFQ16_004095-T1      0.216  22  0.432  22  0.923  14  0.854   0.630 Y  0.570      SignalP-noTM
DFQ16|DFQ16_004131-T1      0.445  23  0.483  23  0.742  17  0.487   0.485 Y  0.450      SignalP-TM
DFQ16|DFQ16_004140-T1      0.303  19  0.475  19  0.924  16  0.734   0.597 Y  0.570      SignalP-noTM
DFQ16|DFQ16_004140-T1      0.365  50  0.418  22  0.833  15  0.691   0.524 Y  0.450      SignalP-TM
DFQ16|DFQ16_004143-T1      0.416  20  0.582  20  0.892  18  0.812   0.690 Y  0.570      SignalP-noTM
DFQ16|DFQ16_004164-T1      0.222  23  0.414  16  0.934   3  0.897   0.602 Y  0.450      SignalP-TM
DFQ16|DFQ16_004164-T1      0.464  16  0.657  16  0.946  14  0.930   0.785 Y  0.570      SignalP-noTM
DFQ16|DFQ16_004165-T1      0.245  16  0.469  16  0.944   3  0.901   0.637 Y  0.450      SignalP-TM
DFQ16|DFQ16_004165-T1      0.497  16  0.674  16  0.933  10  0.914   0.787 Y  0.570      SignalP-noTM
DFQ16|DFQ16_004188-T1      0.210  22  0.369  22  0.841  20  0.611   0.463 Y  0.450      SignalP-TM
DFQ16|DFQ16_004188-T1      0.363  22  0.497  22  0.868  19  0.680   0.583 Y  0.570      SignalP-noTM
DFQ16|DFQ16_004204-T1      0.196  25  0.350  25  0.797   1  0.623   0.457 Y  0.450      SignalP-TM
DFQ16|DFQ16_004210-T1      0.127  54  0.310  19  0.869   7  0.739   0.477 Y  0.450      SignalP-TM
DFQ16|DFQ16_004213-T1      0.134  25  0.326  25  0.902  16  0.728   0.483 Y  0.450      SignalP-TM
DFQ16|DFQ16_004242-T1      0.445  31  0.462  31  0.775  10  0.597   0.515 Y  0.450      SignalP-TM
DFQ16|DFQ16_004243-T1      0.454  30  0.505  30  0.712  13  0.610   0.546 Y  0.450      SignalP-TM
DFQ16|DFQ16_004245-T1      0.122  22  0.295  22  0.816  12  0.695   0.451 Y  0.450      SignalP-TM
DFQ16|DFQ16_004252-T1      0.647  17  0.623  17  0.856   1  0.640   0.631 Y  0.570      SignalP-noTM
DFQ16|DFQ16_004278-T1      0.269  36  0.331  24  0.879   1  0.688   0.470 Y  0.450      SignalP-TM
DFQ16|DFQ16_004323-T1      0.190  23  0.338  23  0.821   4  0.647   0.458 Y  0.450      SignalP-TM
DFQ16|DFQ16_004323-T1      0.254  23  0.446  23  0.903  14  0.823   0.623 Y  0.570      SignalP-noTM
DFQ16|DFQ16_004335-T1      0.144  23  0.311  23  0.835   7  0.718   0.470 Y  0.450      SignalP-TM
DFQ16|DFQ16_004335-T1      0.391  23  0.537  23  0.878   5  0.790   0.656 Y  0.570      SignalP-noTM
DFQ16|DFQ16_004340-T1      0.430  24  0.493  24  0.725   4  0.600   0.535 Y  0.450      SignalP-TM
DFQ16|DFQ16_004341-T1      0.408  24  0.537  24  0.919  18  0.731   0.612 Y  0.450      SignalP-TM
DFQ16|DFQ16_004341-T1      0.643  19  0.721  19  0.860  13  0.779   0.748 Y  0.570      SignalP-noTM
DFQ16|DFQ16_004346-T1      0.159  32  0.316  23  0.886  13  0.700   0.466 Y  0.450      SignalP-TM
DFQ16|DFQ16_004356-T1      0.264  31  0.405  19  0.888  15  0.602   0.482 Y  0.450      SignalP-TM
DFQ16|DFQ16_004358-T1      0.135  30  0.338  21  0.927  17  0.843   0.575 Y  0.570      SignalP-noTM
DFQ16|DFQ16_004358-T1      0.152  25  0.362  25  0.933  12  0.886   0.566 Y  0.450      SignalP-TM
DFQ16|DFQ16_004401-T1      0.245  26  0.416  26  0.915   1  0.790   0.562 Y  0.450      SignalP-TM
DFQ16|DFQ16_004401-T1      0.354  24  0.491  24  0.972  15  0.799   0.635 Y  0.570      SignalP-noTM
DFQ16|DFQ16_004402-T1      0.268  29  0.404  22  0.817  15  0.673   0.509 Y  0.450      SignalP-TM
DFQ16|DFQ16_004402-T1      0.360  22  0.539  22  0.932  13  0.828   0.675 Y  0.570      SignalP-noTM
DFQ16|DFQ16_004403-T1      0.231  22  0.403  22  0.804  15  0.681   0.511 Y  0.450      SignalP-TM
DFQ16|DFQ16_004403-T1      0.376  22  0.513  22  0.878  11  0.760   0.629 Y  0.570      SignalP-noTM
DFQ16|DFQ16_004419-T1      0.158  23  0.361  23  0.914  18  0.811   0.573 Y  0.570      SignalP-noTM
DFQ16|DFQ16_004442-T1      0.193  22  0.359  22  0.853  15  0.641   0.469 Y  0.450      SignalP-TM
DFQ16|DFQ16_004444-T1      0.171  23  0.332  23  0.802   4  0.682   0.468 Y  0.450      SignalP-TM
DFQ16|DFQ16_004448-T1      0.238  51  0.325  27  0.957  20  0.888   0.544 Y  0.450      SignalP-TM
DFQ16|DFQ16_004448-T1      0.297  27  0.531  27  0.983  19  0.940   0.723 Y  0.570      SignalP-noTM
DFQ16|DFQ16_004463-T1      0.244  29  0.379  22  0.818  14  0.651   0.485 Y  0.450      SignalP-TM
DFQ16|DFQ16_004463-T1      0.262  21  0.468  21  0.937  12  0.821   0.634 Y  0.570      SignalP-noTM
DFQ16|DFQ16_004467-T1      0.218  21  0.373  21  0.703  20  0.604   0.463 Y  0.450      SignalP-TM
DFQ16|DFQ16_004467-T1      0.551  21  0.694  21  0.926  15  0.847   0.766 Y  0.570      SignalP-noTM
DFQ16|DFQ16_004518-T1      0.248  30  0.375  22  0.965  15  0.907   0.625 Y  0.570      SignalP-noTM
DFQ16|DFQ16_004518-T1      0.353  33  0.453  33  0.908  14  0.737   0.564 Y  0.450      SignalP-TM
DFQ16|DFQ16_004525-T1      0.558  26  0.569  26  0.770  18  0.634   0.594 Y  0.450      SignalP-TM
DFQ16|DFQ16_004525-T1      0.669  20  0.775  20  0.918  11  0.890   0.829 Y  0.570      SignalP-noTM
DFQ16|DFQ16_004533-T1      0.423  24  0.501  24  0.735  17  0.602   0.540 Y  0.450      SignalP-TM
DFQ16|DFQ16_004567-T1      0.211  24  0.404  24  0.852  19  0.738   0.534 Y  0.450      SignalP-TM
DFQ16|DFQ16_004568-T1      0.198  24  0.390  24  0.862  19  0.705   0.513 Y  0.450      SignalP-TM
DFQ16|DFQ16_004579-T1      0.329  29  0.451  29  0.838  18  0.608   0.513 Y  0.450      SignalP-TM
DFQ16|DFQ16_004592-T1      0.268  24  0.404  24  0.723  18  0.633   0.493 Y  0.450      SignalP-TM
DFQ16|DFQ16_004630-T1      0.176  30  0.314  21  0.833  17  0.753   0.485 Y  0.450      SignalP-TM
DFQ16|DFQ16_004631-T1      0.223  18  0.393  18  0.872   4  0.727   0.523 Y  0.450      SignalP-TM
DFQ16|DFQ16_004637-T1      0.336  32  0.416  27  0.813  15  0.689   0.522 Y  0.450      SignalP-TM
DFQ16|DFQ16_004652-T1      0.284  20  0.426  20  0.765  16  0.652   0.514 Y  0.450      SignalP-TM
DFQ16|DFQ16_004670-T1      0.325  22  0.496  22  0.808  13  0.745   0.593 Y  0.450      SignalP-TM
DFQ16|DFQ16_004694-T1      0.211  29  0.398  29  0.903  10  0.797   0.554 Y  0.450      SignalP-TM
DFQ16|DFQ16_004709-T1      0.700  21  0.641  21  0.846  12  0.627   0.635 Y  0.570      SignalP-noTM
DFQ16|DFQ16_004713-T1      0.496  23  0.669  23  0.964  15  0.922   0.768 Y  0.450      SignalP-TM
DFQ16|DFQ16_004713-T1      0.720  23  0.793  23  0.970  14  0.899   0.843 Y  0.570      SignalP-noTM
DFQ16|DFQ16_004761-T1      0.201  20  0.438  20  0.975  16  0.947   0.677 Y  0.570      SignalP-noTM
DFQ16|DFQ16_004761-T1      0.240  26  0.483  26  0.984  18  0.934   0.658 Y  0.450      SignalP-TM
DFQ16|DFQ16_004762-T1      0.456  33  0.564  33  0.872  15  0.679   0.609 Y  0.450      SignalP-TM
DFQ16|DFQ16_004798-T1      0.172  17  0.335  17  0.804  14  0.641   0.454 Y  0.450      SignalP-TM
DFQ16|DFQ16_004822-T1      0.381  23  0.477  23  0.657  17  0.509   0.490 Y  0.450      SignalP-TM
DFQ16|DFQ16_004847-T1      0.614  34  0.488  34  0.715  12  0.434   0.467 Y  0.450      SignalP-TM
DFQ16|DFQ16_004859-T1      0.114  60  0.275  11  0.789   2  0.741   0.457 Y  0.450      SignalP-TM
DFQ16|DFQ16_004870-T1      0.237  27  0.352  27  0.826  12  0.635   0.463 Y  0.450      SignalP-TM
DFQ16|DFQ16_004904-T1      0.189  30  0.286  14  0.877   5  0.818   0.493 Y  0.450      SignalP-TM
DFQ16|DFQ16_004914-T1      0.205  23  0.373  23  0.797  13  0.629   0.473 Y  0.450      SignalP-TM
DFQ16|DFQ16_004934-T1      0.320  23  0.464  23  0.804  14  0.659   0.541 Y  0.450      SignalP-TM
DFQ16|DFQ16_004934-T1      0.386  23  0.488  23  0.878  15  0.704   0.590 Y  0.570      SignalP-noTM
DFQ16|DFQ16_004947-T1      0.436  25  0.585  25  0.844  21  0.777   0.660 Y  0.450      SignalP-TM
DFQ16|DFQ16_004951-T1      0.147  30  0.320  23  0.845   4  0.762   0.492 Y  0.450      SignalP-TM
DFQ16|DFQ16_004957-T1      0.530  29  0.494  27  0.769   3  0.599   0.535 Y  0.450      SignalP-TM
DFQ16|DFQ16_004960-T1      0.198  45  0.314  20  0.886  13  0.758   0.487 Y  0.450      SignalP-TM
DFQ16|DFQ16_004960-T1      0.243  20  0.415  20  0.903  10  0.754   0.574 Y  0.570      SignalP-noTM
DFQ16|DFQ16_004966-T1      0.209  39  0.349  39  0.862  30  0.618   0.454 Y  0.450      SignalP-TM
DFQ16|DFQ16_005011-T1      0.313  28  0.462  28  0.842  18  0.688   0.550 Y  0.450      SignalP-TM
DFQ16|DFQ16_005026-T1      0.203  23  0.404  23  0.940   7  0.852   0.579 Y  0.450      SignalP-TM
DFQ16|DFQ16_005026-T1      0.602  23  0.685  23  0.929  10  0.837   0.756 Y  0.570      SignalP-noTM
DFQ16|DFQ16_005060-T1      0.749  18  0.776  18  0.896  15  0.793   0.784 Y  0.570      SignalP-noTM
DFQ16|DFQ16_005061-T1      0.533  22  0.561  22  0.767   1  0.641   0.598 Y  0.570      SignalP-noTM
DFQ16|DFQ16_005079-T1      0.325  22  0.421  22  0.621  15  0.540   0.467 Y  0.450      SignalP-TM
DFQ16|DFQ16_005125-T1      0.243  32  0.370  27  0.779  16  0.648   0.478 Y  0.450      SignalP-TM
DFQ16|DFQ16_005126-T1      0.180  21  0.387  21  0.915  10  0.828   0.559 Y  0.450      SignalP-TM
DFQ16|DFQ16_005126-T1      0.270  18  0.506  18  0.974  17  0.941   0.711 Y  0.570      SignalP-noTM
DFQ16|DFQ16_005135-T1      0.158  24  0.320  20  0.850  18  0.720   0.476 Y  0.450      SignalP-TM
DFQ16|DFQ16_005140-T1      0.167  34  0.328  18  0.868  16  0.641   0.450 Y  0.450      SignalP-TM
DFQ16|DFQ16_005149-T1      0.520  29  0.605  29  0.862  28  0.578   0.594 Y  0.450      SignalP-TM
DFQ16|DFQ16_005149-T1      0.878  29  0.908  29  0.961  19  0.896   0.902 Y  0.570      SignalP-noTM
DFQ16|DFQ16_005236-T1      0.710  39  0.594  39  0.722  28  0.453   0.539 Y  0.450      SignalP-TM
DFQ16|DFQ16_005248-T1      0.436  29  0.454  18  0.928  10  0.871   0.650 Y  0.570      SignalP-noTM
DFQ16|DFQ16_005248-T1      0.616  29  0.546  29  0.881  16  0.647   0.586 Y  0.450      SignalP-TM
DFQ16|DFQ16_005251-T1      0.134  21  0.294  16  0.796   4  0.712   0.457 Y  0.450      SignalP-TM
DFQ16|DFQ16_005251-T1      0.215  19  0.415  19  0.871   1  0.821   0.606 Y  0.570      SignalP-noTM
DFQ16|DFQ16_005273-T1      0.323  25  0.457  25  0.810  21  0.616   0.519 Y  0.450      SignalP-TM
DFQ16|DFQ16_005290-T1      0.538  20  0.573  20  0.698   1  0.611   0.588 Y  0.450      SignalP-TM
DFQ16|DFQ16_005290-T1      0.740  20  0.651  20  0.716   1  0.591   0.623 Y  0.570      SignalP-noTM
DFQ16|DFQ16_005341-T1      0.140  20  0.350  20  0.949  14  0.866   0.593 Y  0.570      SignalP-noTM
DFQ16|DFQ16_005341-T1      0.168  26  0.384  20  0.948  16  0.890   0.581 Y  0.450      SignalP-TM
DFQ16|DFQ16_005393-T1      0.518  26  0.574  26  0.838  18  0.611   0.592 Y  0.570      SignalP-noTM
DFQ16|DFQ16_005393-T1      0.521  26  0.534  26  0.670  19  0.450   0.501 Y  0.450      SignalP-TM
DFQ16|DFQ16_005415-T1      0.179  22  0.353  22  0.856  18  0.717   0.495 Y  0.450      SignalP-TM
DFQ16|DFQ16_005415-T1      0.310  20  0.474  20  0.909  18  0.733   0.596 Y  0.570      SignalP-noTM
DFQ16|DFQ16_005417-T1      0.473  22  0.517  22  0.811   6  0.641   0.566 Y  0.450      SignalP-TM
DFQ16|DFQ16_005417-T1      0.771  22  0.729  22  0.878   1  0.734   0.731 Y  0.570      SignalP-noTM
DFQ16|DFQ16_005422-T1      0.326  24  0.454  24  0.803   4  0.662   0.535 Y  0.450      SignalP-TM
DFQ16|DFQ16_005422-T1      0.338  24  0.484  24  0.913  10  0.777   0.622 Y  0.570      SignalP-noTM
DFQ16|DFQ16_005430-T1      0.204  25  0.360  25  0.842  12  0.668   0.480 Y  0.450      SignalP-TM
DFQ16|DFQ16_005431-T1      0.305  23  0.412  23  0.771  17  0.527   0.457 Y  0.450      SignalP-TM
DFQ16|DFQ16_005433-T1      0.257  24  0.410  24  0.875   1  0.713   0.528 Y  0.450      SignalP-TM
DFQ16|DFQ16_005433-T1      0.286  24  0.489  24  0.957  13  0.872   0.669 Y  0.570      SignalP-noTM
DFQ16|DFQ16_005436-T1      0.340  31  0.365  31  0.870  10  0.598   0.456 Y  0.450      SignalP-TM
DFQ16|DFQ16_005439-T1      0.232  23  0.372  23  0.871   1  0.666   0.487 Y  0.450      SignalP-TM
DFQ16|DFQ16_005465-T1      0.196  17  0.365  17  0.766  16  0.649   0.476 Y  0.450      SignalP-TM
DFQ16|DFQ16_005465-T1      0.278  17  0.467  17  0.869  11  0.772   0.611 Y  0.570      SignalP-noTM
DFQ16|DFQ16_005492-T1      0.140  25  0.278  13  0.847   9  0.760   0.466 Y  0.450      SignalP-TM
DFQ16|DFQ16_005528-T1      0.552  22  0.469  22  0.662   2  0.451   0.462 Y  0.450      SignalP-TM
DFQ16|DFQ16_005532-T1      0.231  27  0.354  27  0.814  14  0.646   0.468 Y  0.450      SignalP-TM
DFQ16|DFQ16_005533-T1      0.188  27  0.301  19  0.814   1  0.745   0.474 Y  0.450      SignalP-TM
DFQ16|DFQ16_005533-T1      0.310  19  0.493  19  0.896   1  0.818   0.646 Y  0.570      SignalP-noTM
DFQ16|DFQ16_005546-T1      0.206  23  0.375  23  0.767  20  0.628   0.474 Y  0.450      SignalP-TM
DFQ16|DFQ16_005546-T1      0.262  21  0.477  21  0.917  12  0.852   0.653 Y  0.570      SignalP-noTM
DFQ16|DFQ16_005548-T1      0.251  26  0.433  26  0.825  17  0.697   0.536 Y  0.450      SignalP-TM
DFQ16|DFQ16_005571-T1      0.288  21  0.418  21  0.786  17  0.589   0.485 Y  0.450      SignalP-TM
DFQ16|DFQ16_005584-T1      0.232  25  0.410  25  0.848  19  0.694   0.521 Y  0.450      SignalP-TM
DFQ16|DFQ16_005589-T1      0.182  22  0.378  22  0.914  11  0.829   0.590 Y  0.570      SignalP-noTM
DFQ16|DFQ16_005589-T1      0.209  25  0.409  25  0.919  17  0.817   0.568 Y  0.450      SignalP-TM
DFQ16|DFQ16_005600-T1      0.380  21  0.445  21  0.637  19  0.462   0.452 Y  0.450      SignalP-TM
DFQ16|DFQ16_005600-T1      0.641  21  0.669  21  0.934  19  0.697   0.682 Y  0.570      SignalP-noTM
DFQ16|DFQ16_005621-T1      0.329  20  0.434  20  0.784  18  0.572   0.488 Y  0.450      SignalP-TM
DFQ16|DFQ16_005621-T1      0.646  20  0.672  20  0.842  18  0.732   0.700 Y  0.570      SignalP-noTM
DFQ16|DFQ16_005629-T1      0.176  25  0.343  25  0.838   9  0.693   0.479 Y  0.450      SignalP-TM
DFQ16|DFQ16_005630-T1      0.215  23  0.368  23  0.812  19  0.665   0.484 Y  0.450      SignalP-TM
DFQ16|DFQ16_005642-T1      0.295  24  0.413  24  0.710  17  0.592   0.482 Y  0.450      SignalP-TM
DFQ16|DFQ16_005664-T1      0.278  21  0.464  21  0.867  18  0.756   0.578 Y  0.450      SignalP-TM
DFQ16|DFQ16_005669-T1      0.311  21  0.470  21  0.801  16  0.693   0.557 Y  0.450      SignalP-TM
DFQ16|DFQ16_005669-T1      0.610  21  0.680  21  0.903  13  0.791   0.732 Y  0.570      SignalP-noTM
DFQ16|DFQ16_005678-T1      0.410  19  0.509  19  0.764  17  0.653   0.565 Y  0.450      SignalP-TM
DFQ16|DFQ16_005678-T1      0.733  19  0.649  19  0.796  17  0.563   0.609 Y  0.570      SignalP-noTM
DFQ16|DFQ16_005686-T1      0.434  24  0.534  24  0.815  20  0.617   0.566 Y  0.450      SignalP-TM
DFQ16|DFQ16_005686-T1      0.445  24  0.550  24  0.876  21  0.675   0.609 Y  0.570      SignalP-noTM
DFQ16|DFQ16_005717-T1      0.181  23  0.334  23  0.923   3  0.728   0.487 Y  0.450      SignalP-TM
DFQ16|DFQ16_005717-T1      0.364  23  0.486  23  0.882   6  0.741   0.606 Y  0.570      SignalP-noTM
DFQ16|DFQ16_005731-T1      0.230  21  0.431  21  0.931   6  0.818   0.582 Y  0.450      SignalP-TM
DFQ16|DFQ16_005731-T1      0.239  21  0.467  21  0.954  11  0.917   0.679 Y  0.570      SignalP-noTM
DFQ16|DFQ16_005732-T1      0.667  20  0.654  20  0.815  10  0.643   0.649 Y  0.570      SignalP-noTM
DFQ16|DFQ16_005738-T1      0.288  24  0.436  24  0.807  12  0.670   0.527 Y  0.450      SignalP-TM
DFQ16|DFQ16_005752-T1      0.272  22  0.402  22  0.705  16  0.583   0.473 Y  0.450      SignalP-TM
DFQ16|DFQ16_005761-T1      0.146  34  0.300  21  0.912  12  0.779   0.486 Y  0.450      SignalP-TM
DFQ16|DFQ16_005766-T1      0.125  19  0.317  19  0.912   4  0.828   0.516 Y  0.450      SignalP-TM
DFQ16|DFQ16_005770-T1      0.292  23  0.417  23  0.748   4  0.636   0.502 Y  0.450      SignalP-TM
DFQ16|DFQ16_005785-T1      0.231  24  0.403  24  0.874   5  0.756   0.541 Y  0.450      SignalP-TM
DFQ16|DFQ16_005786-T1      0.179  26  0.342  26  0.889   3  0.749   0.501 Y  0.450      SignalP-TM
DFQ16|DFQ16_005807-T1      0.425  21  0.542  21  0.850   9  0.738   0.634 Y  0.570      SignalP-noTM
DFQ16|DFQ16_005815-T1      0.279  18  0.391  18  0.860   5  0.598   0.472 Y  0.450      SignalP-TM
DFQ16|DFQ16_005827-T1      0.261  23  0.408  23  0.770  10  0.612   0.488 Y  0.450      SignalP-TM
DFQ16|DFQ16_005852-T1      0.154  23  0.327  18  0.884   3  0.819   0.519 Y  0.450      SignalP-TM
DFQ16|DFQ16_005852-T1      0.161  18  0.361  18  0.872   9  0.819   0.576 Y  0.570      SignalP-noTM
DFQ16|DFQ16_005859-T1      0.325  20  0.393  20  0.732   5  0.543   0.451 Y  0.450      SignalP-TM
DFQ16|DFQ16_005859-T1      0.695  20  0.701  20  0.860   1  0.726   0.713 Y  0.570      SignalP-noTM
DFQ16|DFQ16_005876-T1      0.336  23  0.538  23  0.920  18  0.809   0.665 Y  0.570      SignalP-noTM
DFQ16|DFQ16_005876-T1      0.509  23  0.634  23  0.872  22  0.664   0.646 Y  0.450      SignalP-TM
DFQ16|DFQ16_005895-T1      0.255  37  0.424  37  0.929  13  0.786   0.565 Y  0.450      SignalP-TM
DFQ16|DFQ16_005897-T1      0.212  19  0.410  19  0.839  18  0.784   0.556 Y  0.450      SignalP-TM
DFQ16|DFQ16_005897-T1      0.390  19  0.559  19  0.862  15  0.795   0.670 Y  0.570      SignalP-noTM
DFQ16|DFQ16_005899-T1      0.452  24  0.568  24  0.803  22  0.686   0.614 Y  0.450      SignalP-TM
DFQ16|DFQ16_005899-T1      0.602  24  0.645  24  0.782  16  0.672   0.658 Y  0.570      SignalP-noTM
DFQ16|DFQ16_005904-T1      0.541  21  0.623  21  0.827   6  0.730   0.665 Y  0.450      SignalP-TM
DFQ16|DFQ16_005904-T1      0.598  21  0.547  21  0.673   6  0.547   0.547 Y  0.510      SignalP-TM
DFQ16|DFQ16_005962-T1      0.199  21  0.398  21  0.938  18  0.778   0.546 Y  0.450      SignalP-TM
DFQ16|DFQ16_005978-T1      0.167  25  0.348  25  0.881  17  0.652   0.467 Y  0.450      SignalP-TM
DFQ16|DFQ16_005982-T1      0.315  22  0.461  22  0.856  16  0.684   0.548 Y  0.450      SignalP-TM
DFQ16|DFQ16_005985-T1      0.198  28  0.359  23  0.797  17  0.631   0.465 Y  0.450      SignalP-TM
DFQ16|DFQ16_005985-T1      0.262  23  0.454  23  0.926  17  0.822   0.627 Y  0.570      SignalP-noTM
DFQ16|DFQ16_005990-T1      0.166  25  0.364  20  0.906  11  0.820   0.542 Y  0.450      SignalP-TM
DFQ16|DFQ16_005995-T1      0.170  28  0.324  15  0.940  12  0.901   0.595 Y  0.570      SignalP-noTM
DFQ16|DFQ16_005995-T1      0.206  28  0.363  28  0.954  14  0.714   0.500 Y  0.450      SignalP-TM
DFQ16|DFQ16_006003-T1      0.278  27  0.414  27  0.853  17  0.566   0.473 Y  0.450      SignalP-TM
DFQ16|DFQ16_006043-T1      0.184  22  0.336  22  0.838   1  0.640   0.455 Y  0.450      SignalP-TM
DFQ16|DFQ16_006045-T1      0.385  29  0.495  29  0.791  28  0.556   0.519 Y  0.450      SignalP-TM
DFQ16|DFQ16_006045-T1      0.528  29  0.555  29  0.750  28  0.489   0.530 Y  0.510      SignalP-TM
DFQ16|DFQ16_006049-T1      0.306  24  0.446  24  0.854  18  0.572   0.495 Y  0.450      SignalP-TM
DFQ16|DFQ16_006061-T1      0.323  22  0.487  22  0.860  15  0.717   0.595 Y  0.570      SignalP-noTM
DFQ16|DFQ16_006079-T1      0.619  31  0.638  31  0.814  28  0.566   0.610 Y  0.450      SignalP-TM
DFQ16|DFQ16_006086-T1      0.748  25  0.707  25  0.817  16  0.611   0.670 Y  0.450      SignalP-TM
DFQ16|DFQ16_006118-T1      0.202  23  0.354  23  0.903   2  0.693   0.486 Y  0.450      SignalP-TM
DFQ16|DFQ16_006125-T1      0.390  22  0.540  22  0.865   5  0.780   0.634 Y  0.450      SignalP-TM
DFQ16|DFQ16_006125-T1      0.721  22  0.751  22  0.923   1  0.823   0.785 Y  0.570      SignalP-noTM
DFQ16|DFQ16_006142-T1      0.282  41  0.311  21  0.815  10  0.699   0.462 Y  0.450      SignalP-TM
DFQ16|DFQ16_006148-T1      0.341  24  0.499  19  0.948   9  0.914   0.694 Y  0.570      SignalP-noTM
DFQ16|DFQ16_006148-T1      0.578  26  0.644  26  0.903   7  0.776   0.695 Y  0.450      SignalP-TM
DFQ16|DFQ16_006174-T1      0.638  31  0.502  31  0.656  14  0.469   0.489 Y  0.450      SignalP-TM
DFQ16|DFQ16_006187-T1      0.187  38  0.344  21  0.811  11  0.653   0.465 Y  0.450      SignalP-TM
DFQ16|DFQ16_006188-T1      0.508  53  0.438  18  0.883  17  0.737   0.578 Y  0.570      SignalP-noTM
DFQ16|DFQ16_006204-T1      0.375  21  0.463  21  0.753   1  0.572   0.506 Y  0.450      SignalP-TM
DFQ16|DFQ16_006204-T1      0.600  21  0.591  21  0.748  17  0.577   0.585 Y  0.570      SignalP-noTM
DFQ16|DFQ16_006215-T1      0.231  21  0.383  21  0.772   2  0.642   0.484 Y  0.450      SignalP-TM
DFQ16|DFQ16_006235-T1      0.694  28  0.783  28  0.940  26  0.748   0.769 Y  0.450      SignalP-TM
DFQ16|DFQ16_006235-T1      0.822  28  0.876  28  0.981  18  0.928   0.900 Y  0.570      SignalP-noTM
DFQ16|DFQ16_006244-T1      0.167  17  0.348  17  0.835  18  0.727   0.496 Y  0.450      SignalP-TM
DFQ16|DFQ16_006245-T1      0.155  26  0.313  23  0.933   4  0.785   0.497 Y  0.450      SignalP-TM
DFQ16|DFQ16_006283-T1      0.235  17  0.383  17  0.812   5  0.631   0.480 Y  0.450      SignalP-TM
DFQ16|DFQ16_006287-T1      0.172  20  0.381  20  0.942  10  0.840   0.597 Y  0.570      SignalP-noTM
DFQ16|DFQ16_006287-T1      0.236  27  0.429  27  0.892  17  0.800   0.574 Y  0.450      SignalP-TM
DFQ16|DFQ16_006301-T1      0.159  26  0.323  26  0.875   8  0.731   0.482 Y  0.450      SignalP-TM
DFQ16|DFQ16_006332-T1      0.139  26  0.296  20  0.879  11  0.743   0.470 Y  0.450      SignalP-TM
DFQ16|DFQ16_006333-T1      0.348  20  0.528  20  0.888  14  0.772   0.642 Y  0.570      SignalP-noTM
DFQ16|DFQ16_006334-T1      0.236  20  0.436  20  0.887  15  0.789   0.574 Y  0.450      SignalP-TM
DFQ16|DFQ16_006334-T1      0.239  34  0.406  17  0.964  15  0.830   0.606 Y  0.570      SignalP-noTM
DFQ16|DFQ16_006340-T1      0.165  25  0.340  25  0.850  12  0.728   0.491 Y  0.450      SignalP-TM
DFQ16|DFQ16_006340-T1      0.237  17  0.443  17  0.886  13  0.834   0.627 Y  0.570      SignalP-noTM
DFQ16|DFQ16_006341-T1      0.139  56  0.329  18  0.848   9  0.770   0.501 Y  0.450      SignalP-TM
DFQ16|DFQ16_006341-T1      0.301  18  0.491  18  0.873  16  0.787   0.630 Y  0.570      SignalP-noTM
DFQ16|DFQ16_006345-T1      0.800  19  0.741  19  0.805  15  0.700   0.721 Y  0.570      SignalP-noTM
DFQ16|DFQ16_006348-T1      0.299  59  0.318  17  0.748   9  0.663   0.453 Y  0.450      SignalP-TM
DFQ16|DFQ16_006357-T1      0.374  23  0.514  23  0.868  22  0.607   0.550 Y  0.450      SignalP-TM
DFQ16|DFQ16_006367-T1      0.364  29  0.460  29  0.772   7  0.656   0.536 Y  0.450      SignalP-TM
DFQ16|DFQ16_006368-T1      0.456  19  0.581  19  0.834  18  0.746   0.658 Y  0.570      SignalP-noTM
DFQ16|DFQ16_006373-T1      0.295  38  0.343  23  0.804   7  0.669   0.470 Y  0.450      SignalP-TM
DFQ16|DFQ16_006373-T1      0.480  23  0.578  23  0.885   8  0.769   0.668 Y  0.570      SignalP-noTM
DFQ16|DFQ16_006391-T1      0.116  32  0.321  20  0.944   9  0.880   0.539 Y  0.450      SignalP-TM
DFQ16|DFQ16_006391-T1      0.141  20  0.347  20  0.916   7  0.868   0.592 Y  0.570      SignalP-noTM
DFQ16|DFQ16_006405-T1      0.244  18  0.381  18  0.646  14  0.589   0.462 Y  0.450      SignalP-TM
DFQ16|DFQ16_006405-T1      0.440  18  0.574  18  0.826   1  0.749   0.657 Y  0.570      SignalP-noTM
DFQ16|DFQ16_006423-T1      0.229  42  0.385  19  0.914  17  0.847   0.565 Y  0.450      SignalP-TM
DFQ16|DFQ16_006423-T1      0.384  19  0.601  19  0.966  14  0.928   0.755 Y  0.570      SignalP-noTM
DFQ16|DFQ16_006429-T1      0.322  24  0.458  24  0.823  17  0.679   0.544 Y  0.450      SignalP-TM
DFQ16|DFQ16_006442-T1      0.269  24  0.429  24  0.852   8  0.707   0.538 Y  0.450      SignalP-TM
DFQ16|DFQ16_006442-T1      0.499  24  0.579  24  0.894  14  0.751   0.660 Y  0.570      SignalP-noTM
DFQ16|DFQ16_006449-T1      0.199  22  0.362  22  0.831  14  0.658   0.477 Y  0.450      SignalP-TM
DFQ16|DFQ16_006452-T1      0.149  34  0.347  19  0.928  16  0.830   0.536 Y  0.450      SignalP-TM
DFQ16|DFQ16_006452-T1      0.275  19  0.449  19  0.849  15  0.714   0.573 Y  0.570      SignalP-noTM
DFQ16|DFQ16_006460-T1      0.392  26  0.539  19  0.923   8  0.884   0.701 Y  0.570      SignalP-noTM
DFQ16|DFQ16_006460-T1      0.502  25  0.598  25  0.895  18  0.745   0.655 Y  0.450      SignalP-TM
DFQ16|DFQ16_006467-T1      0.237  20  0.396  20  0.820  18  0.623   0.485 Y  0.450      SignalP-TM
DFQ16|DFQ16_006467-T1      0.499  20  0.611  20  0.906  18  0.732   0.668 Y  0.570      SignalP-noTM
DFQ16|DFQ16_006478-T1      0.168  23  0.351  23  0.835  14  0.732   0.500 Y  0.450      SignalP-TM
DFQ16|DFQ16_006482-T1      0.365  42  0.443  25  0.921  20  0.888   0.617 Y  0.450      SignalP-TM
DFQ16|DFQ16_006485-T1      0.371  25  0.559  25  0.914  14  0.811   0.657 Y  0.450      SignalP-TM
DFQ16|DFQ16_006502-T1      0.405  23  0.584  23  0.935  14  0.824   0.678 Y  0.450      SignalP-TM
DFQ16|DFQ16_006512-T1      0.306  23  0.450  23  0.817  21  0.638   0.524 Y  0.450      SignalP-TM
DFQ16|DFQ16_006512-T1      0.354  22  0.544  22  0.895  21  0.840   0.683 Y  0.570      SignalP-noTM
DFQ16|DFQ16_006520-T1      0.199  24  0.361  24  0.811  15  0.685   0.487 Y  0.450      SignalP-TM
DFQ16|DFQ16_006523-T1      0.151  18  0.321  18  0.734  13  0.660   0.453 Y  0.450      SignalP-TM
DFQ16|DFQ16_006543-T1      0.433  20  0.598  20  0.896   8  0.837   0.710 Y  0.570      SignalP-noTM
DFQ16|DFQ16_006543-T1      0.483  29  0.553  29  0.936  18  0.736   0.624 Y  0.450      SignalP-TM
DFQ16|DFQ16_006554-T1      0.346  32  0.468  21  0.830   4  0.765   0.584 Y  0.450      SignalP-TM
DFQ16|DFQ16_006554-T1      0.416  21  0.520  21  0.845   1  0.694   0.602 Y  0.570      SignalP-noTM
DFQ16|DFQ16_006556-T1      0.199  19  0.379  19  0.820  15  0.691   0.501 Y  0.450      SignalP-TM
DFQ16|DFQ16_006558-T1      0.189  22  0.365  22  0.842  12  0.683   0.489 Y  0.450      SignalP-TM
DFQ16|DFQ16_006571-T1      0.162  34  0.321  23  0.853   8  0.722   0.477 Y  0.450      SignalP-TM
DFQ16|DFQ16_006584-T1      0.362  29  0.531  29  0.894  15  0.754   0.618 Y  0.450      SignalP-TM
DFQ16|DFQ16_006584-T1      0.617  24  0.721  24  0.923  23  0.832   0.773 Y  0.570      SignalP-noTM
DFQ16|DFQ16_006594-T1      0.187  21  0.424  21  0.976  13  0.935   0.664 Y  0.570      SignalP-noTM
DFQ16|DFQ16_006594-T1      0.303  34  0.477  34  0.987  18  0.861   0.627 Y  0.450      SignalP-TM
DFQ16|DFQ16_006621-T1      0.161  31  0.279  13  0.817   5  0.761   0.467 Y  0.450      SignalP-TM
DFQ16|DFQ16_006623-T1      0.282  37  0.470  37  0.872  34  0.430   0.454 Y  0.450      SignalP-TM
DFQ16|DFQ16_006633-T1      0.245  38  0.305  18  0.792  13  0.705   0.461 Y  0.450      SignalP-TM
DFQ16|DFQ16_006641-T1      0.153  21  0.329  21  0.837   4  0.741   0.489 Y  0.450      SignalP-TM
DFQ16|DFQ16_006641-T1      0.390  21  0.512  21  0.868   1  0.734   0.616 Y  0.570      SignalP-noTM
DFQ16|DFQ16_006650-T1      0.350  24  0.479  24  0.812  17  0.685   0.559 Y  0.450      SignalP-TM
DFQ16|DFQ16_006664-T1      0.276  28  0.445  21  0.942  17  0.820   0.621 Y  0.570      SignalP-noTM
DFQ16|DFQ16_006664-T1      0.663  28  0.757  28  0.969  17  0.818   0.781 Y  0.450      SignalP-TM
DFQ16|DFQ16_006669-T1      0.169  22  0.372  22  0.874  18  0.762   0.524 Y  0.450      SignalP-TM
DFQ16|DFQ16_006669-T1      0.439  20  0.566  20  0.815  18  0.737   0.646 Y  0.570      SignalP-noTM
DFQ16|DFQ16_006684-T1      0.384  23  0.444  23  0.674   7  0.559   0.489 Y  0.450      SignalP-TM
DFQ16|DFQ16_006684-T1      0.639  23  0.648  23  0.885  19  0.698   0.672 Y  0.570      SignalP-noTM
DFQ16|DFQ16_006704-T1      0.158  25  0.329  18  0.879   6  0.810   0.516 Y  0.450      SignalP-TM
DFQ16|DFQ16_006725-T1      0.326  63  0.437  26  0.938   9  0.861   0.603 Y  0.450      SignalP-TM
DFQ16|DFQ16_006725-T1      0.510  26  0.662  26  0.964   2  0.907   0.777 Y  0.570      SignalP-noTM
DFQ16|DFQ16_006734-T1      0.241  19  0.429  19  0.873  16  0.739   0.550 Y  0.450      SignalP-TM
DFQ16|DFQ16_006734-T1      0.519  19  0.667  19  0.923   1  0.869   0.762 Y  0.570      SignalP-noTM
DFQ16|DFQ16_006771-T1      0.347  30  0.467  30  0.844  17  0.695   0.556 Y  0.450      SignalP-TM
DFQ16|DFQ16_006784-T1      0.142  21  0.330  21  0.868  14  0.729   0.485 Y  0.450      SignalP-TM
DFQ16|DFQ16_006792-T1      0.173  19  0.389  19  0.922  17  0.865   0.574 Y  0.450      SignalP-TM
DFQ16|DFQ16_006792-T1      0.555  19  0.722  19  0.966  17  0.934   0.822 Y  0.570      SignalP-noTM
DFQ16|DFQ16_006828-T1      0.332  45  0.545  22  0.945  17  0.878   0.674 Y  0.450      SignalP-TM
DFQ16|DFQ16_006828-T1      0.841  22  0.899  22  0.990  20  0.936   0.916 Y  0.570      SignalP-noTM
DFQ16|DFQ16_006830-T1      0.153  23  0.339  23  0.822  15  0.753   0.500 Y  0.450      SignalP-TM
DFQ16|DFQ16_006848-T1      0.460  20  0.552  20  0.778  17  0.628   0.588 Y  0.570      SignalP-noTM
DFQ16|DFQ16_006862-T1      0.374  21  0.504  21  0.855  15  0.688   0.591 Y  0.570      SignalP-noTM
DFQ16|DFQ16_006863-T1      0.383  22  0.584  22  0.937  20  0.888   0.727 Y  0.570      SignalP-noTM
DFQ16|DFQ16_006863-T1      0.423  30  0.554  30  0.895  20  0.767   0.637 Y  0.450      SignalP-TM
DFQ16|DFQ16_006883-T1      0.406  18  0.511  18  0.840   1  0.690   0.595 Y  0.570      SignalP-noTM
DFQ16|DFQ16_006893-T1      0.466  18  0.659  18  0.955  17  0.927   0.785 Y  0.570      SignalP-noTM
DFQ16|DFQ16_006893-T1      0.530  23  0.677  23  0.968  17  0.822   0.734 Y  0.450      SignalP-TM
DFQ16|DFQ16_006910-T1      0.142  21  0.320  21  0.821  18  0.684   0.462 Y  0.450      SignalP-TM
DFQ16|DFQ16_006918-T1      0.164  18  0.340  18  0.781  12  0.690   0.476 Y  0.450      SignalP-TM
DFQ16|DFQ16_006968-T1      0.454  25  0.524  25  0.803  18  0.554   0.536 Y  0.450      SignalP-TM
DFQ16|DFQ16_006988-T1      0.197  23  0.426  23  0.957  12  0.929   0.622 Y  0.450      SignalP-TM
DFQ16|DFQ16_006988-T1      0.498  18  0.689  18  0.969  16  0.938   0.806 Y  0.570      SignalP-noTM
DFQ16|DFQ16_006989-T1      0.280  19  0.475  19  0.861  17  0.813   0.634 Y  0.570      SignalP-noTM
DFQ16|DFQ16_006989-T1      0.388  27  0.503  27  0.849  17  0.683   0.573 Y  0.450      SignalP-TM
DFQ16|DFQ16_006990-T1      0.193  25  0.382  25  0.861  16  0.738   0.521 Y  0.450      SignalP-TM
DFQ16|DFQ16_007000-T1      0.322  19  0.471  19  0.821  16  0.696   0.577 Y  0.570      SignalP-noTM
DFQ16|DFQ16_007008-T1      0.304  26  0.516  26  0.972  14  0.910   0.701 Y  0.570      SignalP-noTM
DFQ16|DFQ16_007008-T1      0.571  26  0.744  26  0.987  16  0.956   0.827 Y  0.450      SignalP-TM
DFQ16|DFQ16_007012-T1      0.178  36  0.332  19  0.897  13  0.680   0.468 Y  0.450      SignalP-TM
DFQ16|DFQ16_007016-T1      0.174  24  0.359  24  0.885  15  0.769   0.519 Y  0.450      SignalP-TM
DFQ16|DFQ16_007025-T1      0.265  45  0.386  20  0.816   4  0.626   0.479 Y  0.450      SignalP-TM
DFQ16|DFQ16_007031-T1      0.516  31  0.464  31  0.804  14  0.552   0.498 Y  0.450      SignalP-TM
DFQ16|DFQ16_007042-T1      0.186  20  0.415  20  0.971  14  0.931   0.616 Y  0.450      SignalP-TM
DFQ16|DFQ16_007042-T1      0.201  20  0.425  20  0.955  12  0.893   0.645 Y  0.570      SignalP-noTM
DFQ16|DFQ16_007049-T1      0.391  19  0.555  19  0.867  17  0.786   0.645 Y  0.450      SignalP-TM
DFQ16|DFQ16_007049-T1      0.534  19  0.593  19  0.840   1  0.684   0.636 Y  0.570      SignalP-noTM
DFQ16|DFQ16_007069-T1      0.218  22  0.404  22  0.873  18  0.678   0.511 Y  0.450      SignalP-TM
DFQ16|DFQ16_007069-T1      0.349  22  0.527  22  0.920  17  0.733   0.624 Y  0.570      SignalP-noTM
DFQ16|DFQ16_007077-T1      0.257  18  0.392  18  0.688  21  0.599   0.473 Y  0.450      SignalP-TM
DFQ16|DFQ16_007077-T1      0.436  18  0.607  18  0.902  10  0.829   0.711 Y  0.570      SignalP-noTM
DFQ16|DFQ16_007100-T1      0.286  24  0.439  24  0.921   6  0.784   0.601 Y  0.570      SignalP-noTM
DFQ16|DFQ16_007131-T1      0.292  19  0.494  19  0.895  16  0.824   0.623 Y  0.450      SignalP-TM
DFQ16|DFQ16_007131-T1      0.637  19  0.694  19  0.869   1  0.785   0.737 Y  0.570      SignalP-noTM
DFQ16|DFQ16_007168-T1      0.366  28  0.486  28  0.934  10  0.791   0.629 Y  0.570      SignalP-noTM
DFQ16|DFQ16_007192-T1      0.190  22  0.361  22  0.785  12  0.687   0.488 Y  0.450      SignalP-TM
DFQ16|DFQ16_007198-T1      0.143  22  0.306  22  0.787   6  0.684   0.453 Y  0.450      SignalP-TM
DFQ16|DFQ16_007203-T1      0.465  21  0.574  21  0.862  17  0.711   0.638 Y  0.570      SignalP-noTM
DFQ16|DFQ16_007203-T1      0.475  23  0.629  23  0.929  19  0.818   0.703 Y  0.450      SignalP-TM
DFQ16|DFQ16_007220-T1      0.291  32  0.403  32  0.726  18  0.604   0.481 Y  0.450      SignalP-TM
DFQ16|DFQ16_007224-T1      0.296  21  0.523  21  0.964  15  0.916   0.676 Y  0.450      SignalP-TM
DFQ16|DFQ16_007224-T1      0.398  21  0.569  21  0.931  17  0.846   0.699 Y  0.570      SignalP-noTM
DFQ16|DFQ16_007232-T1      0.541  21  0.561  21  0.767  19  0.558   0.560 Y  0.450      SignalP-TM
DFQ16|DFQ16_007232-T1      0.763  21  0.670  21  0.744  19  0.567   0.621 Y  0.570      SignalP-noTM
DFQ16|DFQ16_007241-T1      0.152  21  0.320  21  0.895   3  0.724   0.477 Y  0.450      SignalP-TM
DFQ16|DFQ16_007241-T1      0.179  21  0.388  21  0.940  14  0.853   0.606 Y  0.570      SignalP-noTM
DFQ16|DFQ16_007253-T1      0.241  23  0.427  23  0.878  16  0.750   0.553 Y  0.450      SignalP-TM
DFQ16|DFQ16_007268-T1      0.255  22  0.403  22  0.786   5  0.662   0.504 Y  0.450      SignalP-TM
DFQ16|DFQ16_007268-T1      0.342  22  0.543  22  0.915  17  0.871   0.697 Y  0.570      SignalP-noTM
DFQ16|DFQ16_007282-T1      0.585  23  0.670  23  0.931   6  0.815   0.738 Y  0.570      SignalP-noTM
DFQ16|DFQ16_007291-T1      0.279  19  0.421  19  0.726  17  0.637   0.505 Y  0.450      SignalP-TM
DFQ16|DFQ16_007295-T1      0.287  30  0.416  30  0.868  17  0.699   0.527 Y  0.450      SignalP-TM
DFQ16|DFQ16_007296-T1      0.214  19  0.410  19  0.900   1  0.788   0.588 Y  0.570      SignalP-noTM
DFQ16|DFQ16_007303-T1      0.335  21  0.507  21  0.827   8  0.760   0.606 Y  0.450      SignalP-TM
DFQ16|DFQ16_007303-T1      0.693  21  0.719  21  0.870  19  0.759   0.738 Y  0.570      SignalP-noTM
DFQ16|DFQ16_007304-T1      0.308  22  0.476  22  0.835  16  0.704   0.565 Y  0.450      SignalP-TM
DFQ16|DFQ16_007304-T1      0.673  22  0.686  22  0.832  14  0.679   0.682 Y  0.570      SignalP-noTM
DFQ16|DFQ16_007308-T1      0.138  41  0.337  21  0.929   9  0.838   0.532 Y  0.450      SignalP-TM
DFQ16|DFQ16_007309-T1      0.348  22  0.404  22  0.701   6  0.540   0.457 Y  0.450      SignalP-TM
DFQ16|DFQ16_007309-T1      0.742  22  0.634  22  0.831   1  0.602   0.619 Y  0.570      SignalP-noTM
DFQ16|DFQ16_007319-T1      0.396  23  0.583  23  0.954  15  0.851   0.709 Y  0.570      SignalP-noTM
DFQ16|DFQ16_007319-T1      0.448  25  0.585  25  0.870  14  0.737   0.644 Y  0.450      SignalP-TM
DFQ16|DFQ16_007323-T1      0.281  24  0.423  24  0.698  13  0.531   0.465 Y  0.450      SignalP-TM
DFQ16|DFQ16_007323-T1      0.668  24  0.700  24  0.825  14  0.665   0.684 Y  0.570      SignalP-noTM
DFQ16|DFQ16_007329-T1      0.229  17  0.428  17  0.861  10  0.804   0.605 Y  0.570      SignalP-noTM
DFQ16|DFQ16_007333-T1      0.286  20  0.469  20  0.859   3  0.791   0.595 Y  0.450      SignalP-TM
DFQ16|DFQ16_007333-T1      0.499  20  0.621  20  0.891   2  0.802   0.706 Y  0.570      SignalP-noTM
DFQ16|DFQ16_007352-T1      0.132  60  0.283  11  0.821   5  0.782   0.478 Y  0.450      SignalP-TM
DFQ16|DFQ16_007384-T1      0.305  18  0.490  18  0.890   1  0.805   0.638 Y  0.570      SignalP-noTM
DFQ16|DFQ16_007384-T1      0.311  23  0.456  23  0.836  17  0.677   0.542 Y  0.450      SignalP-TM
DFQ16|DFQ16_007388-T1      0.162  20  0.354  20  0.854   9  0.783   0.521 Y  0.450      SignalP-TM
DFQ16|DFQ16_007402-T1      0.251  24  0.405  24  0.721  23  0.580   0.473 Y  0.450      SignalP-TM
DFQ16|DFQ16_007404-T1      0.228  31  0.382  20  0.929  11  0.818   0.587 Y  0.570      SignalP-noTM
DFQ16|DFQ16_007404-T1      0.528  31  0.487  31  0.899  15  0.658   0.554 Y  0.450      SignalP-TM
DFQ16|DFQ16_007439-T1      0.152  27  0.330  27  0.924   9  0.782   0.506 Y  0.450      SignalP-TM
DFQ16|DFQ16_007439-T1      0.184  22  0.379  22  0.863  10  0.803   0.578 Y  0.570      SignalP-noTM
DFQ16|DFQ16_007442-T1      0.410  30  0.506  30  0.771  24  0.510   0.507 Y  0.450      SignalP-TM
DFQ16|DFQ16_007454-T1      0.323  22  0.432  22  0.749  13  0.585   0.492 Y  0.450      SignalP-TM
DFQ16|DFQ16_007454-T1      0.435  20  0.576  20  0.884  14  0.780   0.672 Y  0.570      SignalP-noTM
DFQ16|DFQ16_007464-T1      0.373  24  0.472  24  0.867   2  0.703   0.580 Y  0.570      SignalP-noTM
DFQ16|DFQ16_007464-T1      0.390  24  0.480  24  0.734   8  0.619   0.534 Y  0.450      SignalP-TM
DFQ16|DFQ16_007476-T1      0.148  22  0.350  22  0.884  20  0.795   0.523 Y  0.450      SignalP-TM
DFQ16|DFQ16_007478-T1      0.477  26  0.596  26  0.867  18  0.669   0.624 Y  0.450      SignalP-TM
DFQ16|DFQ16_007483-T1      0.314  24  0.455  24  0.803  15  0.666   0.537 Y  0.450      SignalP-TM
DFQ16|DFQ16_007485-T1      0.123  40  0.294  20  0.812  14  0.705   0.454 Y  0.450      SignalP-TM
DFQ16|DFQ16_007502-T1      0.258  27  0.380  27  0.800  14  0.648   0.485 Y  0.450      SignalP-TM
DFQ16|DFQ16_007513-T1      0.160  26  0.357  19  0.871   1  0.831   0.580 Y  0.570      SignalP-noTM
DFQ16|DFQ16_007513-T1      0.334  26  0.475  26  0.793  24  0.697   0.562 Y  0.450      SignalP-TM
DFQ16|DFQ16_007547-T1      0.265  24  0.468  24  0.925  11  0.810   0.629 Y  0.570      SignalP-noTM
DFQ16|DFQ16_007547-T1      0.588  35  0.603  35  0.945  17  0.737   0.655 Y  0.450      SignalP-TM
DFQ16|DFQ16_007607-T1      0.502  23  0.634  23  0.950  13  0.830   0.726 Y  0.570      SignalP-noTM
DFQ16|DFQ16_007607-T1      0.757  23  0.757  23  0.876  19  0.723   0.744 Y  0.450      SignalP-TM
DFQ16|DFQ16_007621-T1      0.216  25  0.345  25  0.739   6  0.615   0.450 Y  0.450      SignalP-TM
DFQ16|DFQ16_007693-T1      0.504  29  0.618  29  0.840  24  0.655   0.633 Y  0.450      SignalP-TM
DFQ16|DFQ16_007694-T1      0.128  44  0.295  11  0.909   3  0.874   0.521 Y  0.450      SignalP-TM
DFQ16|DFQ16_007694-T1      0.220  22  0.401  22  0.899   1  0.778   0.578 Y  0.570      SignalP-noTM
DFQ16|DFQ16_007755-T1      0.179  46  0.365  21  0.822  15  0.754   0.517 Y  0.450      SignalP-TM
DFQ16|DFQ16_007781-T1      0.264  28  0.434  28  0.892   6  0.779   0.569 Y  0.450      SignalP-TM
DFQ16|DFQ16_007799-T1      0.290  20  0.465  20  0.870   3  0.764   0.581 Y  0.450      SignalP-TM
DFQ16|DFQ16_007799-T1      0.850  20  0.813  20  0.888   1  0.793   0.803 Y  0.570      SignalP-noTM
DFQ16|DFQ16_007812-T1      0.520  25  0.586  25  0.836   9  0.713   0.646 Y  0.570      SignalP-noTM
DFQ16|DFQ16_007812-T1      0.548  25  0.681  25  0.891  23  0.785   0.722 Y  0.450      SignalP-TM
DFQ16|DFQ16_007821-T1      0.106  39  0.274  14  0.833   5  0.751   0.460 Y  0.450      SignalP-TM
DFQ16|DFQ16_007827-T1      0.397  22  0.530  22  0.900   2  0.763   0.640 Y  0.570      SignalP-noTM
DFQ16|DFQ16_007827-T1      0.451  22  0.571  22  0.853   2  0.766   0.647 Y  0.450      SignalP-TM
DFQ16|DFQ16_007832-T1      0.137  36  0.281  17  0.844   6  0.761   0.468 Y  0.450      SignalP-TM
DFQ16|DFQ16_007853-T1      0.247  27  0.357  27  0.765   9  0.598   0.451 Y  0.450      SignalP-TM
DFQ16|DFQ16_007856-T1      0.389  26  0.511  26  0.778  17  0.670   0.573 Y  0.450      SignalP-TM
DFQ16|DFQ16_007856-T1      0.467  26  0.542  26  0.878   8  0.720   0.626 Y  0.570      SignalP-noTM
DFQ16|DFQ16_007890-T1      0.159  27  0.346  23  0.868   1  0.799   0.523 Y  0.450      SignalP-TM
DFQ16|DFQ16_007912-T1      0.150  27  0.322  19  0.871   1  0.812   0.513 Y  0.450      SignalP-TM
DFQ16|DFQ16_007912-T1      0.297  19  0.496  19  0.931   6  0.854   0.664 Y  0.570      SignalP-noTM
DFQ16|DFQ16_007930-T1      0.247  28  0.454  28  0.917  16  0.805   0.591 Y  0.450      SignalP-TM
DFQ16|DFQ16_007930-T1      0.278  29  0.448  29  0.874  16  0.773   0.601 Y  0.570      SignalP-noTM
DFQ16|DFQ16_007935-T1      0.389  19  0.531  19  0.845  15  0.731   0.625 Y  0.570      SignalP-noTM
DFQ16|DFQ16_007975-T1      0.331  30  0.468  30  0.881  15  0.711   0.582 Y  0.570      SignalP-noTM
DFQ16|DFQ16_007980-T1      0.160  19  0.389  19  0.979  15  0.935   0.646 Y  0.570      SignalP-noTM
DFQ16|DFQ16_007980-T1      0.170  18  0.382  18  0.884   6  0.855   0.566 Y  0.450      SignalP-TM
DFQ16|DFQ16_007989-T1      0.168  23  0.365  23  0.845  21  0.753   0.516 Y  0.450      SignalP-TM
DFQ16|DFQ16_007994-T1      0.188  18  0.352  18  0.763  11  0.669   0.475 Y  0.450      SignalP-TM
DFQ16|DFQ16_008025-T1      0.401  25  0.472  25  0.754  18  0.539   0.498 Y  0.450      SignalP-TM
DFQ16|DFQ16_008049-T1      0.180  21  0.369  21  0.829  16  0.775   0.528 Y  0.450      SignalP-TM
DFQ16|DFQ16_008049-T1      0.644  21  0.739  21  0.965  17  0.860   0.796 Y  0.570      SignalP-noTM
DFQ16|DFQ16_008061-T1      0.219  30  0.391  30  0.774  25  0.635   0.486 Y  0.450      SignalP-TM
DFQ16|DFQ16_008067-T1      0.401  21  0.585  21  0.888  15  0.846   0.687 Y  0.450      SignalP-TM
DFQ16|DFQ16_008067-T1      0.705  21  0.740  21  0.911  13  0.821   0.778 Y  0.570      SignalP-noTM
DFQ16|DFQ16_008069-T1      0.526  22  0.568  22  0.856   1  0.669   0.615 Y  0.570      SignalP-noTM
DFQ16|DFQ16_008073-T1      0.206  26  0.350  26  0.853   2  0.666   0.473 Y  0.450      SignalP-TM
DFQ16|DFQ16_008106-T1      0.272  17  0.430  17  0.826  15  0.623   0.506 Y  0.450      SignalP-TM
DFQ16|DFQ16_008108-T1      0.625  27  0.646  27  0.809  22  0.684   0.661 Y  0.450      SignalP-TM
DFQ16|DFQ16_008117-T1      0.124  36  0.289  17  0.867   6  0.793   0.486 Y  0.450      SignalP-TM
DFQ16|DFQ16_008121-T1      0.369  21  0.495  21  0.781  16  0.665   0.558 Y  0.510      SignalP-TM
DFQ16|DFQ16_008139-T1      0.470  24  0.573  24  0.795  12  0.704   0.624 Y  0.450      SignalP-TM
DFQ16|DFQ16_008139-T1      0.574  24  0.555  24  0.804  12  0.593   0.573 Y  0.570      SignalP-noTM
DFQ16|DFQ16_008170-T1      0.127  29  0.323  22  0.937   5  0.859   0.532 Y  0.450      SignalP-TM
DFQ16|DFQ16_008170-T1      0.273  22  0.498  22  0.955   1  0.915   0.694 Y  0.570      SignalP-noTM
DFQ16|DFQ16_008194-T1      0.139  19  0.333  19  0.895  17  0.762   0.500 Y  0.450      SignalP-TM
DFQ16|DFQ16_008203-T1      0.381  25  0.436  25  0.662  39  0.503   0.462 Y  0.450      SignalP-TM
DFQ16|DFQ16_008203-T1      0.385  23  0.540  23  0.882  15  0.747   0.638 Y  0.570      SignalP-noTM
DFQ16|DFQ16_008236-T1      0.168  22  0.348  22  0.858  12  0.663   0.471 Y  0.450      SignalP-TM
DFQ16|DFQ16_008277-T1      0.165  30  0.295  18  0.857  10  0.716   0.459 Y  0.450      SignalP-TM
DFQ16|DFQ16_008331-T1      0.181  25  0.391  20  0.933  17  0.829   0.562 Y  0.450      SignalP-TM
DFQ16|DFQ16_008331-T1      0.455  20  0.586  20  0.830   1  0.766   0.671 Y  0.570      SignalP-noTM
DFQ16|DFQ16_008333-T1      0.213  25  0.394  25  0.830  15  0.741   0.529 Y  0.450      SignalP-TM
DFQ16|DFQ16_008346-T1      0.315  31  0.447  31  0.906  19  0.633   0.520 Y  0.450      SignalP-TM
DFQ16|DFQ16_008346-T1      0.598  20  0.656  20  0.819   4  0.750   0.700 Y  0.570      SignalP-noTM
DFQ16|DFQ16_008347-T1      0.231  37  0.421  37  0.882  29  0.594   0.488 Y  0.450      SignalP-TM
DFQ16|DFQ16_008350-T1      0.252  36  0.443  26  0.959  10  0.909   0.625 Y  0.450      SignalP-TM
DFQ16|DFQ16_008358-T1      0.365  22  0.465  22  0.855  10  0.676   0.547 Y  0.450      SignalP-TM
DFQ16|DFQ16_008358-T1      0.604  22  0.644  22  0.877   1  0.753   0.696 Y  0.570      SignalP-noTM
DFQ16|DFQ16_008359-T1      0.228  22  0.372  22  0.787   3  0.649   0.480 Y  0.450      SignalP-TM
DFQ16|DFQ16_008361-T1      0.324  21  0.487  21  0.865  18  0.709   0.574 Y  0.450      SignalP-TM
DFQ16|DFQ16_008376-T1      0.186  27  0.377  27  0.849  16  0.769   0.530 Y  0.450      SignalP-TM
DFQ16|DFQ16_008410-T1      0.326  56  0.293  19  0.824  14  0.735   0.466 Y  0.450      SignalP-TM
DFQ16|DFQ16_008461-T1      0.262  27  0.377  22  0.745  10  0.616   0.470 Y  0.450      SignalP-TM
DFQ16|DFQ16_008461-T1      0.412  22  0.517  22  0.773   9  0.653   0.567 Y  0.510      SignalP-TM
DFQ16|DFQ16_008572-T1      0.225  23  0.422  23  0.927  21  0.768   0.585 Y  0.570      SignalP-noTM
DFQ16|DFQ16_008572-T1      0.463  32  0.483  32  0.797   9  0.588   0.524 Y  0.450      SignalP-TM
DFQ16|DFQ16_008615-T1      0.354  24  0.449  24  0.734  19  0.541   0.485 Y  0.450      SignalP-TM
DFQ16|DFQ16_008615-T1      0.679  22  0.635  22  0.791   2  0.604   0.620 Y  0.570      SignalP-noTM
DFQ16|DFQ16_008626-T1      0.287  29  0.398  29  0.795  17  0.628   0.488 Y  0.450      SignalP-TM
DFQ16|DFQ16_008637-T1      0.163  20  0.361  20  0.892  15  0.828   0.580 Y  0.570      SignalP-noTM
DFQ16|DFQ16_008656-T1      0.213  22  0.367  22  0.776  17  0.616   0.464 Y  0.450      SignalP-TM
DFQ16|DFQ16_008656-T1      0.617  20  0.662  20  0.847  18  0.720   0.689 Y  0.570      SignalP-noTM
DFQ16|DFQ16_008673-T1      0.161  23  0.360  23  0.926  15  0.825   0.578 Y  0.570      SignalP-noTM
DFQ16|DFQ16_008673-T1      0.271  25  0.422  25  0.852   1  0.665   0.517 Y  0.450      SignalP-TM
DFQ16|DFQ16_008675-T1      0.294  29  0.430  24  0.903  16  0.750   0.580 Y  0.570      SignalP-noTM
DFQ16|DFQ16_008675-T1      0.464  29  0.534  29  0.728  22  0.573   0.549 Y  0.450      SignalP-TM
DFQ16|DFQ16_008695-T1      0.198  25  0.367  25  0.864   5  0.730   0.508 Y  0.450      SignalP-TM
DFQ16|DFQ16_008696-T1      0.206  51  0.315  21  0.879  14  0.736   0.479 Y  0.450      SignalP-TM
DFQ16|DFQ16_008729-T1      0.189  26  0.355  26  0.860   8  0.728   0.500 Y  0.450      SignalP-TM
DFQ16|DFQ16_008739-T1      0.419  26  0.564  26  0.844  22  0.663   0.602 Y  0.450      SignalP-TM
DFQ16|DFQ16_008798-T1      0.241  20  0.437  20  0.873  10  0.801   0.608 Y  0.570      SignalP-noTM
DFQ16|DFQ16_008808-T1      0.192  19  0.360  19  0.857  17  0.632   0.466 Y  0.450      SignalP-TM
DFQ16|DFQ16_008808-T1      0.424  19  0.561  19  0.855  17  0.731   0.641 Y  0.570      SignalP-noTM
DFQ16|DFQ16_008852-T1      0.119  16  0.291  16  0.906   1  0.736   0.464 Y  0.450      SignalP-TM
DFQ16|DFQ16_008860-T1      0.182  19  0.350  19  0.755  10  0.652   0.468 Y  0.450      SignalP-TM
DFQ16|DFQ16_008899-T1      0.169  36  0.324  27  0.822   1  0.691   0.467 Y  0.450      SignalP-TM
DFQ16|DFQ16_008912-T1      0.268  39  0.471  39  0.966  11  0.835   0.613 Y  0.450      SignalP-TM
DFQ16|DFQ16_008918-T1      0.270  23  0.414  23  0.772  14  0.597   0.485 Y  0.450      SignalP-TM
DFQ16|DFQ16_008931-T1      0.246  27  0.387  27  0.875  17  0.648   0.489 Y  0.450      SignalP-TM
DFQ16|DFQ16_008940-T1      0.117  41  0.271  14  0.786   4  0.731   0.450 Y  0.450      SignalP-TM
DFQ16|DFQ16_008954-T1      0.232  27  0.381  27  0.783  22  0.629   0.478 Y  0.450      SignalP-TM
DFQ16|DFQ16_008954-T1      0.296  19  0.504  19  0.920  17  0.866   0.674 Y  0.570      SignalP-noTM
DFQ16|DFQ16_008960-T1      0.188  18  0.373  18  0.841  15  0.733   0.513 Y  0.450      SignalP-TM
DFQ16|DFQ16_008960-T1      0.213  18  0.414  18  0.925  14  0.802   0.596 Y  0.570      SignalP-noTM
DFQ16|DFQ16_008976-T1      0.394  25  0.491  25  0.678  11  0.564   0.520 Y  0.450      SignalP-TM
DFQ16|DFQ16_008990-T1      0.181  28  0.329  19  0.845  17  0.678   0.465 Y  0.450      SignalP-TM
DFQ16|DFQ16_008990-T1      0.336  19  0.493  19  0.818   1  0.728   0.603 Y  0.570      SignalP-noTM
DFQ16|DFQ16_008999-T1      0.150  24  0.309  24  0.800   1  0.679   0.453 Y  0.450      SignalP-TM
DFQ16|DFQ16_009017-T1      0.147  20  0.329  20  0.830   1  0.750   0.493 Y  0.450      SignalP-TM
DFQ16|DFQ16_009031-T1      0.230  19  0.414  19  0.824  12  0.692   0.522 Y  0.450      SignalP-TM
DFQ16|DFQ16_009031-T1      0.349  19  0.517  19  0.924  17  0.742   0.623 Y  0.570      SignalP-noTM
DFQ16|DFQ16_009041-T1      0.519  22  0.609  22  0.900  19  0.756   0.678 Y  0.570      SignalP-noTM
DFQ16|DFQ16_009050-T1      0.211  22  0.419  22  0.912  18  0.819   0.607 Y  0.570      SignalP-noTM
DFQ16|DFQ16_009050-T1      0.228  32  0.436  22  0.929  14  0.824   0.587 Y  0.450      SignalP-TM
DFQ16|DFQ16_009067-T1      0.504  30  0.563  30  0.754  10  0.658   0.600 Y  0.450      SignalP-TM
DFQ16|DFQ16_009069-T1      0.419  21  0.559  21  0.904  17  0.789   0.667 Y  0.570      SignalP-noTM
DFQ16|DFQ16_009088-T1      0.162  17  0.373  17  0.891  10  0.854   0.599 Y  0.570      SignalP-noTM
DFQ16|DFQ16_009088-T1      0.532  35  0.536  26  0.835  20  0.725   0.610 Y  0.450      SignalP-TM
DFQ16|DFQ16_009124-T1      0.326  18  0.428  18  0.828  17  0.565   0.482 Y  0.450      SignalP-TM
DFQ16|DFQ16_009124-T1      0.707  18  0.675  18  0.821  17  0.657   0.666 Y  0.570      SignalP-noTM
DFQ16|DFQ16_009140-T1      0.152  26  0.275  13  0.829   6  0.751   0.461 Y  0.450      SignalP-TM
DFQ16|DFQ16_009178-T1      0.217  16  0.410  16  0.854  14  0.778   0.583 Y  0.570      SignalP-noTM
DFQ16|DFQ16_009189-T1      0.264  31  0.434  31  0.933  21  0.753   0.559 Y  0.450      SignalP-TM
DFQ16|DFQ16_009189-T1      0.274  22  0.472  22  0.902  15  0.808   0.630 Y  0.570      SignalP-noTM
DFQ16|DFQ16_009191-T1      0.125  23  0.304  23  0.833  12  0.689   0.454 Y  0.450      SignalP-TM
DFQ16|DFQ16_009205-T1      0.277  28  0.389  28  0.737  21  0.547   0.450 Y  0.450      SignalP-TM
DFQ16|DFQ16_009227-T1      0.462  24  0.594  24  0.856  17  0.649   0.615 Y  0.450      SignalP-TM
DFQ16|DFQ16_009260-T1      0.514  28  0.459  28  0.670  10  0.478   0.467 Y  0.450      SignalP-TM
DFQ16|DFQ16_009286-T1      0.301  27  0.463  27  0.905  17  0.773   0.584 Y  0.450      SignalP-TM
DFQ16|DFQ16_009286-T1      0.404  25  0.565  25  0.966  10  0.858   0.702 Y  0.570      SignalP-noTM
DFQ16|DFQ16_009297-T1      0.233  19  0.415  19  0.815  10  0.706   0.528 Y  0.450      SignalP-TM
DFQ16|DFQ16_009314-T1      0.134  21  0.316  21  0.854  10  0.733   0.478 Y  0.450      SignalP-TM
DFQ16|DFQ16_009318-T1      0.450  25  0.656  25  0.986  16  0.936   0.765 Y  0.450      SignalP-TM
DFQ16|DFQ16_009318-T1      0.715  22  0.840  22  0.997  17  0.978   0.905 Y  0.570      SignalP-noTM
DFQ16|DFQ16_009324-T1      0.383  26  0.548  26  0.894  24  0.691   0.604 Y  0.450      SignalP-TM
DFQ16|DFQ16_009324-T1      0.633  26  0.685  26  0.826  24  0.615   0.659 Y  0.510      SignalP-TM
DFQ16|DFQ16_009332-T1      0.204  17  0.398  17  0.913  14  0.773   0.574 Y  0.570      SignalP-noTM
DFQ16|DFQ16_009363-T1      0.139  31  0.309  24  0.782  20  0.675   0.452 Y  0.450      SignalP-TM
DFQ16|DFQ16_009380-T1      0.278  27  0.431  27  0.861  10  0.707   0.539 Y  0.450      SignalP-TM
DFQ16|DFQ16_009380-T1      0.354  20  0.543  20  0.909   5  0.850   0.687 Y  0.570      SignalP-noTM
DFQ16|DFQ16_009388-T1      0.144  28  0.283  20  0.783  16  0.738   0.460 Y  0.450      SignalP-TM
DFQ16|DFQ16_009390-T1      0.422  19  0.528  19  0.845  15  0.664   0.592 Y  0.570      SignalP-noTM
DFQ16|DFQ16_009414-T1      0.264  18  0.427  18  0.844  17  0.705   0.536 Y  0.450      SignalP-TM
DFQ16|DFQ16_009414-T1      0.467  18  0.585  18  0.854  10  0.717   0.647 Y  0.570      SignalP-noTM
DFQ16|DFQ16_009447-T1      0.421  31  0.491  31  0.650  27  0.498   0.494 Y  0.450      SignalP-TM
DFQ16|DFQ16_009513-T1      0.229  18  0.362  18  0.713   3  0.596   0.453 Y  0.450      SignalP-TM
DFQ16|DFQ16_009519-T1      0.371  19  0.531  19  0.859   1  0.765   0.641 Y  0.570      SignalP-noTM
DFQ16|DFQ16_009523-T1      0.194  27  0.405  27  0.943  13  0.792   0.556 Y  0.450      SignalP-TM
DFQ16|DFQ16_009537-T1      0.336  24  0.481  22  0.834  19  0.690   0.563 Y  0.450      SignalP-TM
DFQ16|DFQ16_009541-T1      0.347  21  0.492  21  0.845  17  0.718   0.599 Y  0.570      SignalP-noTM
DFQ16|DFQ16_009541-T1      0.372  26  0.552  21  0.901  18  0.815   0.654 Y  0.450      SignalP-TM
DFQ16|DFQ16_009561-T1      0.172  21  0.371  21  0.924   2  0.835   0.552 Y  0.450      SignalP-TM
DFQ16|DFQ16_009561-T1      0.478  21  0.632  21  0.925  19  0.828   0.724 Y  0.570      SignalP-noTM
DFQ16|DFQ16_009611-T1      0.162  36  0.334  21  0.904   7  0.781   0.508 Y  0.450      SignalP-TM
DFQ16|DFQ16_009659-T1      0.405  30  0.574  25  0.959  17  0.878   0.693 Y  0.450      SignalP-TM
DFQ16|DFQ16_009659-T1      0.460  24  0.605  24  0.953  11  0.854   0.722 Y  0.570      SignalP-noTM
DFQ16|DFQ16_009737-T1      0.534  23  0.538  23  0.787   1  0.610   0.566 Y  0.450      SignalP-TM
DFQ16|DFQ16_009737-T1      0.654  23  0.656  23  0.912  14  0.749   0.700 Y  0.570      SignalP-noTM
DFQ16|DFQ16_009741-T1      0.452  25  0.611  25  0.900  17  0.819   0.692 Y  0.450      SignalP-TM
DFQ16|DFQ16_009741-T1      0.518  25  0.632  25  0.943  14  0.838   0.729 Y  0.570      SignalP-noTM
DFQ16|DFQ16_009742-T1      0.205  20  0.393  20  0.884   1  0.769   0.539 Y  0.450      SignalP-TM
DFQ16|DFQ16_009742-T1      0.408  20  0.568  20  0.904   6  0.824   0.688 Y  0.570      SignalP-noTM
DFQ16|DFQ16_009758-T1      0.605  21  0.614  21  0.783  18  0.623   0.619 Y  0.570      SignalP-noTM
DFQ16|DFQ16_009761-T1      0.323  25  0.430  25  0.844   8  0.640   0.512 Y  0.450      SignalP-TM
DFQ16|DFQ16_009764-T1      0.118  48  0.288  20  0.861   9  0.782   0.481 Y  0.450      SignalP-TM
DFQ16|DFQ16_009775-T1      0.167  22  0.354  22  0.837   6  0.744   0.506 Y  0.450      SignalP-TM
DFQ16|DFQ16_009775-T1      0.231  22  0.429  22  0.893  20  0.814   0.610 Y  0.570      SignalP-noTM
DFQ16|DFQ16_009836-T1      0.229  31  0.384  22  0.884  20  0.640   0.484 Y  0.450      SignalP-TM
DFQ16|DFQ16_009836-T1      0.545  22  0.667  22  0.929  19  0.781   0.721 Y  0.570      SignalP-noTM
DFQ16|DFQ16_009845-T1      0.450  23  0.634  23  0.963  15  0.900   0.759 Y  0.570      SignalP-noTM
DFQ16|DFQ16_009845-T1      0.579  25  0.667  25  0.866   1  0.762   0.704 Y  0.450      SignalP-TM
DFQ16|DFQ16_009860-T1      0.221  24  0.437  24  0.955  16  0.870   0.606 Y  0.450      SignalP-TM
DFQ16|DFQ16_009860-T1      0.266  24  0.448  24  0.927  10  0.815   0.620 Y  0.570      SignalP-noTM
DFQ16|DFQ16_009878-T1      0.205  24  0.376  24  0.832  18  0.646   0.482 Y  0.450      SignalP-TM
DFQ16|DFQ16_009886-T1      0.329  19  0.556  19  0.966  17  0.918   0.697 Y  0.450      SignalP-TM
DFQ16|DFQ16_009886-T1      0.754  19  0.838  19  0.954  16  0.910   0.865 Y  0.510      SignalP-TM
DFQ16|DFQ16_009907-T1      0.279  22  0.414  22  0.739  20  0.620   0.495 Y  0.450      SignalP-TM
DFQ16|DFQ16_009907-T1      0.676  22  0.618  22  0.776   2  0.630   0.623 Y  0.570      SignalP-noTM
DFQ16|DFQ16_009918-T1      0.604  23  0.619  23  0.779  19  0.615   0.617 Y  0.450      SignalP-TM
DFQ16|DFQ16_009918-T1      0.611  23  0.556  23  0.880  11  0.601   0.577 Y  0.570      SignalP-noTM
DFQ16|DFQ16_009935-T1      0.209  20  0.385  20  0.871   1  0.731   0.520 Y  0.450      SignalP-TM
DFQ16|DFQ16_009935-T1      0.375  20  0.519  20  0.870   2  0.761   0.633 Y  0.570      SignalP-noTM
DFQ16|DFQ16_009943-T1      0.342  20  0.437  20  0.865  19  0.537   0.476 Y  0.450      SignalP-TM
DFQ16|DFQ16_009947-T1      0.334  23  0.529  23  0.906  11  0.816   0.641 Y  0.450      SignalP-TM
DFQ16|DFQ16_010057-T1      0.320  27  0.517  27  0.913  17  0.794   0.625 Y  0.450      SignalP-TM
DFQ16|DFQ16_010083-T1      0.524  41  0.414  41  0.865   9  0.570   0.475 Y  0.450      SignalP-TM
DFQ16|DFQ16_010094-T1      0.447  21  0.595  21  0.923  10  0.812   0.697 Y  0.570      SignalP-noTM
DFQ16|DFQ16_010107-T1      0.314  62  0.363  62  0.916  13  0.681   0.487 Y  0.450      SignalP-TM
DFQ16|DFQ16_010221-T1      0.215  21  0.421  21  0.938   4  0.854   0.590 Y  0.450      SignalP-TM
DFQ16|DFQ16_010221-T1      0.230  21  0.409  21  0.873   1  0.760   0.574 Y  0.570      SignalP-noTM
DFQ16|DFQ16_010320-T1      0.296  21  0.484  21  0.868  13  0.798   0.607 Y  0.450      SignalP-TM
DFQ16|DFQ16_010337-T1      0.184  24  0.330  24  0.849   8  0.676   0.465 Y  0.450      SignalP-TM
DFQ16|DFQ16_010367-T1      0.230  25  0.385  25  0.704  14  0.601   0.469 Y  0.450      SignalP-TM
DFQ16|DFQ16_010389-T1      0.139  29  0.307  24  0.889   6  0.767   0.486 Y  0.450      SignalP-TM
DFQ16|DFQ16_010389-T1      0.162  24  0.367  24  0.927   3  0.857   0.597 Y  0.570      SignalP-noTM
DFQ16|DFQ16_010396-T1      0.203  23  0.345  23  0.700   2  0.615   0.450 Y  0.450      SignalP-TM
DFQ16|DFQ16_010396-T1      0.298  23  0.482  23  0.926  10  0.817   0.640 Y  0.570      SignalP-noTM
DFQ16|DFQ16_010426-T1      0.399  22  0.457  22  0.758  17  0.446   0.453 Y  0.450      SignalP-TM
DFQ16|DFQ16_010431-T1      0.195  26  0.365  26  0.792  22  0.688   0.491 Y  0.450      SignalP-TM
DFQ16|DFQ16_010499-T1      0.171  16  0.337  16  0.872   1  0.692   0.475 Y  0.450      SignalP-TM
DFQ16|DFQ16_010499-T1      0.258  21  0.430  16  0.866   1  0.743   0.577 Y  0.570      SignalP-noTM
DFQ16|DFQ16_010513-T1      0.263  27  0.404  27  0.850  14  0.690   0.515 Y  0.450      SignalP-TM
DFQ16|DFQ16_010527-T1      0.201  24  0.370  24  0.903  15  0.730   0.511 Y  0.450      SignalP-TM
DFQ16|DFQ16_010527-T1      0.491  17  0.595  17  0.846   9  0.726   0.656 Y  0.570      SignalP-noTM
DFQ16|DFQ16_010591-T1      0.280  29  0.399  29  0.746   6  0.619   0.485 Y  0.450      SignalP-TM
DFQ16|DFQ16_010602-T1      0.508  27  0.543  27  0.794  12  0.659   0.588 Y  0.450      SignalP-TM
DFQ16|DFQ16_010612-T1      0.149  39  0.314  26  0.879  23  0.730   0.476 Y  0.450      SignalP-TM
DFQ16|DFQ16_010622-T1      0.363  21  0.497  21  0.750  12  0.630   0.549 Y  0.450      SignalP-TM
DFQ16|DFQ16_010631-T1      0.180  26  0.385  21  0.942  18  0.870   0.574 Y  0.450      SignalP-TM
DFQ16|DFQ16_010631-T1      0.490  19  0.668  19  0.954  17  0.908   0.780 Y  0.570      SignalP-noTM
DFQ16|DFQ16_010632-T1      0.117  38  0.281  11  0.854   4  0.798   0.482 Y  0.450      SignalP-TM
DFQ16|DFQ16_010647-T1      0.199  23  0.394  23  0.965  11  0.828   0.598 Y  0.570      SignalP-noTM
DFQ16|DFQ16_010647-T1      0.227  27  0.377  27  0.868   2  0.681   0.496 Y  0.450      SignalP-TM
DFQ16|DFQ16_010662-T1      0.524  29  0.520  29  0.789  22  0.420   0.481 Y  0.450      SignalP-TM
DFQ16|DFQ16_010685-T1      0.235  19  0.424  19  0.892  16  0.742   0.548 Y  0.450      SignalP-TM
DFQ16|DFQ16_010688-T1      0.172  31  0.336  24  0.871  20  0.681   0.471 Y  0.450      SignalP-TM
DFQ16|DFQ16_010688-T1      0.291  22  0.474  22  0.900   2  0.788   0.621 Y  0.570      SignalP-noTM
DFQ16|DFQ16_010756-T1      0.270  25  0.427  25  0.776  12  0.640   0.510 Y  0.450      SignalP-TM
DFQ16|DFQ16_010766-T1      0.206  18  0.395  18  0.885   2  0.777   0.575 Y  0.570      SignalP-noTM
DFQ16|DFQ16_010766-T1      0.226  23  0.347  23  0.902   2  0.628   0.457 Y  0.450      SignalP-TM
DFQ16|DFQ16_010796-T1      0.182  31  0.350  31  0.833  29  0.697   0.485 Y  0.450      SignalP-TM
DFQ16|DFQ16_010798-T1      0.172  17  0.340  17  0.833  16  0.665   0.467 Y  0.450      SignalP-TM
DFQ16|DFQ16_010808-T1      0.416  23  0.608  23  0.953  15  0.886   0.739 Y  0.570      SignalP-noTM
DFQ16|DFQ16_010808-T1      0.587  25  0.665  25  0.857   1  0.741   0.694 Y  0.450      SignalP-TM
DFQ16|DFQ16_010874-T1      0.380  41  0.395  41  0.792  26  0.574   0.465 Y  0.450      SignalP-TM
DFQ16|DFQ16_010888-T1      0.245  26  0.356  26  0.818   1  0.628   0.462 Y  0.450      SignalP-TM
DFQ16|DFQ16_010896-T1      0.436  20  0.495  20  0.813   2  0.604   0.537 Y  0.450      SignalP-TM
DFQ16|DFQ16_010896-T1      0.761  20  0.747  20  0.860   1  0.732   0.740 Y  0.570      SignalP-noTM
DFQ16|DFQ16_010923-T1      0.277  23  0.457  23  0.924  17  0.779   0.582 Y  0.450      SignalP-TM
DFQ16|DFQ16_010923-T1      0.598  20  0.735  20  0.930   2  0.905   0.815 Y  0.570      SignalP-noTM
DFQ16|DFQ16_010947-T1      0.168  35  0.333  27  0.842  26  0.655   0.459 Y  0.450      SignalP-TM
DFQ16|DFQ16_011003-T1      0.529  21  0.643  21  0.816  17  0.741   0.681 Y  0.450      SignalP-TM
DFQ16|DFQ16_011003-T1      0.747  21  0.816  21  0.957  13  0.879   0.845 Y  0.570      SignalP-noTM
DFQ16|DFQ16_011021-T1      0.229  27  0.386  27  0.870  13  0.707   0.511 Y  0.450      SignalP-TM
DFQ16|DFQ16_011021-T1      0.553  27  0.621  27  0.964   9  0.821   0.715 Y  0.570      SignalP-noTM
DFQ16|DFQ16_011055-T1      0.523  23  0.576  23  0.753  19  0.540   0.562 Y  0.450      SignalP-TM
DFQ16|DFQ16_011068-T1      0.454  31  0.570  31  0.906  17  0.743   0.637 Y  0.450      SignalP-TM
DFQ16|DFQ16_011068-T1      0.488  22  0.670  22  0.965  20  0.887   0.772 Y  0.570      SignalP-noTM
DFQ16|DFQ16_011074-T1      0.263  30  0.403  30  0.912  15  0.730   0.531 Y  0.450      SignalP-TM
