Gene ID	CAZy ID	% Identical	Length	Mismatches	Gap Open	Gene Start	Gene End	CAZy Start	CAZy End	E Value	Bit Score
Conco1|Conco1_2910	AWP12516.1|GT29|	33.1	677	409	15	17	688	438	1075	2.57e-115	385
Conco1|Conco1_2909	AWP12516.1|GT29|	33.6	676	407	16	17	688	438	1075	8.28e-109	367
Conco1|Conco1_169690	AWP12516.1|GT29|	34.2	623	372	12	39	657	487	1075	2.28e-108	365
Conco1|Conco1_15310	AWP12516.1|GT29|	34.1	677	400	15	19	688	438	1075	2.78e-119	397
Conco1|Conco1_34857	CDS14033.1|GT4|	42.6	448	247	8	39	481	33	475	1.19e-121	368
Conco1|Conco1_77312	AMJ52391.1|GH47|	41.8	469	228	11	51	483	103	562	1.00e-109	341
Conco1|Conco1_77298	AWO98658.1|GH37|	71.5	400	113	1	20	418	71	470	9.89e-198	585
Conco1|Conco1_54821	AWP12516.1|GT29|	35.9	632	372	14	39	665	472	1075	7.61e-107	360
Conco1|Conco1_77289	VUW72999.1|AA1|	53.4	611	249	9	134	713	25	630	9.43e-194	587
Conco1|Conco1_81634	CAN80640.1|GT47|	54.7	424	186	4	4	422	940	1362	1.11e-155	479
Conco1|Conco1_15003	QGI79035.1|GH43_30|	77.0	392	89	1	6	396	459	850	3.80e-206	619
Conco1|Conco1_77460	AKU79211.1|GH20|	37.5	621	298	13	14	547	15	632	1.47e-137	418
Conco1|Conco1_3057	CAC9909034.1|GT8|	64.2	377	134	1	18	394	347	722	2.11e-171	500
Conco1|Conco1_68113	QIW95080.1|GH47|	23.6	1865	1227	54	101	1840	807	2599	1.10e-114	411
Conco1|Conco1_33713	QKX53460.1|AA4|	49.6	401	200	2	1	399	637	1037	6.14e-130	403
Conco1|Conco1_83643	SMQ55155.1|GH5_12|	36.6	726	375	20	14	679	8	708	3.24e-145	447
Conco1|Conco1_35579	CCA67817.1|GH16_2|	47.2	428	195	8	28	426	210	635	5.98e-130	393
Conco1|Conco1_55534	CDS03326.1|GH47|	50.8	476	213	6	2	471	137	597	2.57e-160	471
Conco1|Conco1_35665	QKX56076.1|GH51|	43.8	432	235	5	111	535	918	1348	3.03e-103	345
Conco1|Conco1_31439	ADK37846.1|GH18|	55.8	292	116	3	1	281	1	290	2.81e-110	325
Conco1|Conco1_77817	CDS03190.1|GH0|	51.0	1223	474	13	17	1117	16	1235	0.0	1112
Conco1|Conco1_77850	CDS08390.1|GH31|	45.5	955	476	7	24	952	6	942	3.10e-314	895
Conco1|Conco1_55854	CDS08047.1|GT15|	54.7	296	125	3	1	289	90	383	3.14e-117	347
Conco1|Conco1_3901	CDS09169.1|GH35|	50.3	475	216	5	49	518	34	493	5.35e-164	496
Conco1|Conco1_77926	QBQ55251.1|CBM50|	33.6	864	536	12	20	855	21	874	4.46e-132	428
Conco1|Conco1_68858	QKD58853.1|GH18|	55.7	456	188	7	4	445	396	851	6.55e-148	449
Conco1|Conco1_84110	CDS11938.1|GT1|	39.1	991	489	22	94	1030	3	932	3.54e-216	650
Conco1|Conco1_68873	AWP04987.1|GT13|	37.7	924	528	15	76	989	140	1025	6.52e-189	592
Conco1|Conco1_36456	ADK37846.1|GH18|	68.7	294	90	1	33	326	1	292	4.77e-156	442
Conco1|Conco1_25751	ADK37846.1|GH18|	69.1	291	88	1	1	291	4	292	4.15e-149	427
Conco1|Conco1_77988	CUI24525.1|GH19|	63.8	312	107	2	36	341	17	328	5.22e-122	387
Conco1|Conco1_84147	ABG81487.1|GT31|	50.4	377	157	5	17	392	19	366	6.21e-107	348
Conco1|Conco1_47465	CDS04796.1|CE9|	53.2	427	169	5	13	409	7	432	1.37e-155	450
Conco1|Conco1_36665	QHG77622.1|CBM50|	75.2	258	55	4	11	259	22	279	1.77e-122	359
Conco1|Conco1_26882	EAA31326.1|GH71|	41.7	556	299	8	1	538	654	1202	1.32e-128	409
Conco1|Conco1_56352	VWO94258.1|CBM1|GH5_5|	46.4	666	289	17	35	646	395	1046	1.27e-165	506
Conco1|Conco1_16377	CDS06367.1|GH38|	44.5	1100	552	18	9	1074	26	1100	0.0	937
Conco1|Conco1_22387	QKX55195.1|GT2|	53.7	1027	413	22	3	991	432	1434	0.0	1006
Conco1|Conco1_81961	ADK37846.1|GH18|	70.7	294	84	1	33	326	1	292	2.27e-154	444
Conco1|Conco1_78218	QKX60855.1|GT22|	69.9	296	86	1	32	327	567	859	3.03e-134	407
Conco1|Conco1_127005	VDC86155.1|GT95|	83.7	283	45	1	1	283	83	364	7.08e-163	473
Conco1|Conco1_5085	CAN65674.1|GH28|	37.6	559	317	11	130	679	94	629	8.43e-107	357
Conco1|Conco1_48084	CED83340.1|GT31|	35.2	978	492	22	420	1270	949	1911	3.00e-147	497
Conco1|Conco1_84607	SMR56934.1|GT22|	52.9	533	232	4	7	521	605	1136	6.40e-189	566
Conco1|Conco1_56836	QCW79542.1|GH101|	54.5	457	200	1	95	543	612	1068	1.33e-169	513
Conco1|Conco1_56991	CDS03631.1|GT57|	51.9	489	207	9	37	514	5	476	2.07e-161	472
Conco1|Conco1_48318	CDS09097.1|GH15|	56.7	676	275	4	7	673	63	729	3.56e-276	779
Conco1|Conco1_37891	CDS08047.1|GT15|	55.7	314	126	5	37	341	69	378	5.85e-124	365
Conco1|Conco1_37909	CDS10110.1|GT15|	55.7	314	133	3	90	400	64	374	2.01e-124	369
Conco1|Conco1_78595	CDS08047.1|GT15|	54.6	317	133	4	82	390	65	378	3.00e-124	368
Conco1|Conco1_5709	CDS08047.1|GT15|	49.0	345	160	5	5	341	42	378	1.85e-120	357
Conco1|Conco1_37888	CDS08047.1|GT15|	56.9	311	123	4	2	304	71	378	4.17e-129	377
Conco1|Conco1_84892	CDS08047.1|GT15|	52.8	322	136	5	87	402	69	380	3.11e-116	348
Conco1|Conco1_37896	CDS08047.1|GT15|	55.6	313	128	4	11	315	65	374	1.38e-126	371
Conco1|Conco1_141291	CDS11103.1|GT66|	63.5	727	250	4	1	712	1	727	0.0	938
Conco1|Conco1_48760	SMR50199.1|AA3|	37.1	630	328	18	16	591	20	635	1.10e-109	347
Conco1|Conco1_76039	CDS13004.1|GT20|	53.4	676	310	3	10	685	107	777	1.03e-278	788
Conco1|Conco1_38581	QGI80794.1|GT48|	41.0	714	357	15	11	702	132	803	3.68e-159	486
Conco1|Conco1_82236	QEO24085.1|GH47|	52.4	368	166	4	32	394	841	1204	1.61e-123	389
Conco1|Conco1_49239	CDS13578.1|GH5_12|	38.1	730	377	19	398	1090	8	699	1.32e-146	463
Conco1|Conco1_27142	AMJ52391.1|GH47|	41.1	470	233	11	1	435	103	563	6.49e-108	334
Conco1|Conco1_38907	QLI73446.1|AA2|	70.3	259	77	0	98	356	87	345	1.38e-133	390
Conco1|Conco1_38982	AMJ52391.1|GH47|	40.6	463	241	7	7	438	103	562	3.69e-113	348
Conco1|Conco1_38957	AMJ52391.1|GH47|	39.2	485	268	8	37	511	96	563	3.43e-110	343
Conco1|Conco1_29698	AMJ52391.1|GH47|	40.6	475	238	11	2	440	97	563	4.59e-107	332
Conco1|Conco1_170638	ADK37846.1|GH18|	61.0	295	109	4	36	327	1	292	2.64e-128	376
Conco1|Conco1_79068	CAC9909034.1|GT8|	68.7	399	124	1	2	400	325	722	2.15e-191	551
Conco1|Conco1_79138	AAS54139.1|CBM43|GH72|	45.6	456	232	7	18	465	26	473	4.03e-130	394
Conco1|Conco1_6809	CCE79442.1|CBM43|GH72|	43.4	435	214	7	24	435	28	453	3.16e-115	354
Conco1|Conco1_79145	CAG80657.1|CBM43|GH72|	44.3	449	236	6	15	454	14	457	2.80e-133	401
Conco1|Conco1_170725	ACY64759.1|CBM43|GH72|	44.5	447	229	5	15	447	22	463	1.24e-129	391
Conco1|Conco1_7037	QBQ55251.1|CBM50|	34.3	994	540	19	8	996	25	910	1.30e-145	466
Conco1|Conco1_79267	QDS71450.1|GH47|	55.7	325	115	6	3	299	1037	1360	2.09e-105	340
Conco1|Conco1_7316	QKX56076.1|GH51|	54.1	769	318	10	338	1079	835	1595	9.10e-252	761
Conco1|Conco1_7351	AWP12516.1|GT29|	34.9	641	374	13	34	665	469	1075	1.45e-104	354
Conco1|Conco1_7459	CDS02746.1|GT4|	59.3	383	148	2	10	390	1	377	2.69e-158	457
Conco1|Conco1_24628	APU66165.1|GH18|	58.4	286	113	4	1	286	1	280	1.94e-123	358
Conco1|Conco1_39909	VDC69778.1|CE8|	44.1	619	329	8	120	732	658	1265	3.32e-169	524
Conco1|Conco1_79470	QET95489.1|CE4|	54.9	317	137	2	8	324	2	312	2.87e-127	370
Conco1|Conco1_79486	AWP04987.1|GT13|	48.0	729	365	8	2	723	204	925	3.14e-238	712
Conco1|Conco1_31216	QGI86474.1|GH125|	43.6	450	198	6	1	398	43	488	5.46e-108	344
Conco1|Conco1_59046	VDC86155.1|GT95|	80.6	283	54	1	1	283	83	364	4.38e-156	456
Conco1|Conco1_7730	QKX55086.1|GH55|	51.1	597	252	7	220	779	790	1383	2.61e-198	607
Conco1|Conco1_40193	CDS05327.1|GT2|	39.7	1746	837	30	17	1588	23	1727	0.0	1148
Conco1|Conco1_40194	AAB84285.1|GT2|2.4.1.16	33.9	849	327	13	32	659	61	896	3.78e-143	449
Conco1|Conco1_7793	BBN14963.1|CBM20|	46.0	404	207	7	11	407	397	796	7.05e-114	356
Conco1|Conco1_162586	QDI60973.1|GH13_5|	49.4	407	203	3	23	429	3	406	1.06e-156	456
Conco1|Conco1_40333	CDS05640.1|GH20|	37.4	708	348	13	1	640	62	742	1.69e-157	475
Conco1|Conco1_79624	CCA77894.1|GH13_25|GH133|	44.0	1565	808	21	3	1530	65	1597	0.0	1289
Conco1|Conco1_8046	AFL85768.1|CBM32|	41.6	438	239	5	13	447	10	433	2.22e-114	352
Conco1|Conco1_28588	QKX53119.1|GH72|	38.4	498	278	7	1	482	8	492	6.62e-109	355
Conco1|Conco1_79702	CBQ68385.1|CBM48|GH13_8|	66.8	680	212	4	26	701	24	693	0.0	960
Conco1|Conco1_50764	CDS09089.1|GT41|	48.4	1252	492	18	477	1637	294	1482	0.0	995
Conco1|Conco1_8203	EGX49587.1|GT2|	46.2	1041	451	18	150	1108	144	1157	3.15e-282	834
Conco1|Conco1_79730	CDS05746.1|GH5_9|	44.8	435	223	8	124	553	3	425	2.70e-136	407
Conco1|Conco1_79731	CDS05746.1|GH5_9|	45.2	438	217	9	100	529	3	425	3.45e-136	405
Conco1|Conco1_79776	CDS82034.1|GT39|	46.9	700	356	4	2	686	81	779	1.01e-219	637
Conco1|Conco1_79782	ADK37844.1|GH16_4|	60.8	324	125	2	47	369	1	323	1.29e-155	444
Conco1|Conco1_8445	AIE96983.1|GT7|	32.2	1160	625	34	99	1131	72	1196	5.63e-152	505
Conco1|Conco1_51151	CED83340.1|GT31|	34.1	1034	512	24	496	1439	964	1918	3.15e-153	517
Conco1|Conco1_8566	AIE96983.1|GT7|	32.0	1358	701	31	81	1387	7	1192	9.26e-201	647
Conco1|Conco1_8593	AAX19735.1|GH37|	64.3	723	234	6	1	723	1	699	0.0	960
Conco1|Conco1_166321	AKT41788.1|CBM6|GH81|	38.8	649	366	13	74	710	284	913	7.35e-141	440
Conco1|Conco1_72059	AZQ75404.1|GH31|	46.7	653	338	6	38	688	32	676	2.37e-212	619
Conco1|Conco1_8697	AZQ75404.1|GH31|	52.2	575	267	7	13	585	12	580	1.16e-211	612
Conco1|Conco1_18914	SDT63342.1|CBM51|GH31|	52.2	594	266	7	34	611	53	644	1.92e-215	638
Conco1|Conco1_51477	QBZ54211.1|GH47|	45.9	856	410	18	7	838	631	1457	2.76e-211	644
Conco1|Conco1_80073	CDS07813.1|GH37|	44.4	588	282	10	20	607	32	574	4.13e-167	494
Conco1|Conco1_60202	EAA65303.1|GT0|	52.4	855	392	7	31	872	727	1579	8.93e-284	836
Conco1|Conco1_41714	CDS06367.1|GH38|	46.2	1058	526	14	13	1038	16	1062	0.0	965
Conco1|Conco1_60383	QIW95535.1|GT22|	39.4	576	296	14	32	592	7	544	9.48e-113	353
Conco1|Conco1_82776	QCE13289.1|CE8|	49.9	391	161	6	10	369	425	811	4.91e-121	386
Conco1|Conco1_80424	CBA03971.1|GT30|	62.2	392	146	2	7	397	4	394	1.98e-168	503
Conco1|Conco1_87143	CDS04937.1|GH18|	32.5	1818	982	46	751	2476	1472	3135	1.51e-242	813
Conco1|Conco1_80432	QKD55908.1|GH18|	31.9	1246	623	33	11	1090	995	2180	3.84e-150	503
Conco1|Conco1_106602	CCA15473.1|GH72|	54.3	398	173	5	40	434	561	952	3.04e-138	424
Conco1|Conco1_80475	CCA14548.1|GT2|	57.7	307	127	2	4	309	443	747	1.94e-116	357
Conco1|Conco1_42558	SDS23379.1|GH3|	42.4	706	373	12	9	705	74	754	8.73e-183	543
Conco1|Conco1_10159	QEC79975.1|GH3|	41.0	741	406	10	36	765	32	752	2.41e-185	552
Conco1|Conco1_19747	CDS09314.1|GT39|	48.9	716	351	4	14	727	86	788	1.23e-246	711
Conco1|Conco1_61073	AXA39879.1|CBM50|	37.1	480	283	6	24	497	24	490	4.46e-106	339
Conco1|Conco1_28498	AOO94665.1|CBM50|	36.5	518	308	7	3	512	26	530	3.78e-110	345
Conco1|Conco1_19890	CDS12794.1|GT39|	45.5	681	361	6	95	768	74	751	2.81e-217	634
Conco1|Conco1_109977	CDS05465.1|GH47|	56.5	430	186	1	36	465	1	429	2.26e-171	498
Conco1|Conco1_31184	AAL26905.1|GH5_9|	43.1	367	198	9	1	364	36	394	1.47e-105	321
Conco1|Conco1_52608	VDC86155.1|GT95|	80.9	283	53	1	1	283	83	364	1.09e-156	457
Conco1|Conco1_61364	CAP97490.1|GT20|	64.7	473	166	1	7	479	1	472	2.62e-234	656
Conco1|Conco1_10786	ADV22218.1|GT3|	65.5	693	232	3	13	699	3	694	0.0	948
Conco1|Conco1_43278	CDS05327.1|GT2|	52.3	856	372	12	79	927	883	1709	3.42e-292	869
Conco1|Conco1_11058	AWP09643.1|CBM13|GT27|	50.1	389	189	3	16	400	574	961	1.13e-131	410
Conco1|Conco1_43442	CDI53885.1|GT2|	50.4	812	385	10	151	958	67	864	6.47e-273	798
Conco1|Conco1_168080	CDS10110.1|GT15|	58.1	310	125	3	64	371	65	371	5.24e-136	397
Conco1|Conco1_11243	QKX60254.1|GH76|	50.3	754	354	6	169	910	25	769	6.20e-243	722
Conco1|Conco1_80876	CAB1327916.1|GT24|	28.5	1483	762	46	9	1318	21	1377	8.27e-119	408
Conco1|Conco1_43800	CDS07586.1|GT2|	60.2	480	180	3	33	501	599	1078	3.93e-190	569
Conco1|Conco1_11865	CDS03648.1|GT2|	39.5	1768	940	37	18	1705	20	1737	0.0	1158
Conco1|Conco1_11868	CDS08031.1|GT2|	44.8	1710	848	28	28	1676	13	1687	0.0	1386
Conco1|Conco1_81056	CDS12794.1|GT39|	45.0	794	337	5	74	866	59	753	6.22e-228	664
Conco1|Conco1_44189	EAU38131.1|GH5_31|	69.0	377	117	0	1	377	411	787	6.97e-194	559
Conco1|Conco1_81106	AVI60826.1|GT22|	64.4	424	135	7	10	423	583	1000	1.30e-167	524
Conco1|Conco1_44327	CDS05871.1|GT2|	55.0	771	332	7	37	803	93	852	4.40e-294	834
Conco1|Conco1_44422	CDS07988.1|GH20|	37.4	530	269	7	3	472	93	619	6.03e-118	364
Conco1|Conco1_12538	VBB76690.1|AA3|	36.6	644	332	18	129	726	27	640	9.42e-116	369
Conco1|Conco1_12766	CDS13455.1|GH63|	38.2	866	428	22	30	883	35	805	1.54e-181	548
Conco1|Conco1_13125	CDS06114.1|GT2|	44.1	1959	937	45	13	1878	2	1895	0.0	1481
Conco1|Conco1_13195	AHX26717.1|GT2|	33.9	743	424	15	105	794	13	741	5.11e-108	386
Conco1|Conco1_25606	SMR50199.1|AA3|	34.7	620	343	13	1	572	31	636	4.40e-110	347
Conco1|Conco1_45101	CAA19580.1|GT15|	51.0	312	145	5	59	365	68	376	3.01e-114	342
Conco1|Conco1_45104	CDS08047.1|GT15|	50.2	315	145	4	78	384	69	379	1.72e-111	336
Conco1|Conco1_13786	VUW72999.1|AA1|	46.4	440	217	7	342	769	189	621	1.01e-106	358
Conco1|Conco1_45528	CDS03806.1|GT48|	53.3	1687	749	13	39	1712	235	1895	0.0	1758
Conco1|Conco1_45555	QBQ55243.1|CBM50|	32.5	788	462	17	40	810	27	761	1.54e-106	357
Conco1|Conco1_45620	BAE60282.1|CBM18|CBM50|GH18|	41.1	508	255	12	58	530	349	847	2.72e-113	368
Conco1|Conco1_27283	SMR50199.1|AA3|	39.4	606	288	21	1	546	31	617	1.86e-121	375
Conco1|Conco1_81595	CDS13093.1|GT57|	49.2	431	198	4	66	484	2	423	2.92e-135	402
Conco1|Conco1_81606	CDS12794.1|GT39|	41.6	471	266	5	2	466	284	751	8.20e-129	395
