Conco1|Conco1_10050        0.239  36  0.360  17  0.935  16  0.900   0.571 Y  0.450      SignalP-TM
Conco1|Conco1_10050        0.511  28  0.699  19  0.975  10  0.957   0.820 Y  0.570      SignalP-noTM
Conco1|Conco1_10103        0.302  25  0.434  25  0.801  17  0.608   0.502 Y  0.450      SignalP-TM
Conco1|Conco1_10142        0.118  26  0.274  11  0.847   3  0.740   0.455 Y  0.450      SignalP-TM
Conco1|Conco1_10238        0.264  29  0.366  29  0.781   8  0.619   0.464 Y  0.450      SignalP-TM
Conco1|Conco1_10239        0.241  31  0.474  20  0.968  17  0.938   0.655 Y  0.450      SignalP-TM
Conco1|Conco1_10239        0.335  20  0.549  20  0.939   8  0.908   0.718 Y  0.570      SignalP-noTM
Conco1|Conco1_10244        0.336  25  0.500  23  0.837  19  0.757   0.601 Y  0.450      SignalP-TM
Conco1|Conco1_10244        0.479  23  0.626  23  0.948  11  0.850   0.731 Y  0.570      SignalP-noTM
Conco1|Conco1_10253        0.191  19  0.404  19  0.917  17  0.848   0.613 Y  0.570      SignalP-noTM
Conco1|Conco1_10310        0.502  29  0.617  29  0.908  27  0.632   0.623 Y  0.450      SignalP-TM
Conco1|Conco1_10310        0.712  29  0.692  29  0.732  24  0.511   0.625 Y  0.510      SignalP-TM
Conco1|Conco1_10311        0.782  29  0.841  29  0.971  27  0.755   0.807 Y  0.450      SignalP-TM
Conco1|Conco1_10311        0.838  29  0.822  29  0.865  24  0.619   0.747 Y  0.510      SignalP-TM
Conco1|Conco1_10435        0.398  24  0.440  24  0.672   1  0.528   0.475 Y  0.450      SignalP-TM
Conco1|Conco1_10503        0.280  48  0.395  24  0.766  36  0.601   0.475 Y  0.450      SignalP-TM
Conco1|Conco1_10552        0.252  31  0.354  31  0.894  14  0.662   0.474 Y  0.450      SignalP-TM
Conco1|Conco1_10555        0.557  25  0.661  22  0.939  18  0.897   0.753 Y  0.450      SignalP-TM
Conco1|Conco1_10555        0.817  22  0.823  22  0.913  11  0.839   0.831 Y  0.570      SignalP-noTM
Conco1|Conco1_10604        0.204  22  0.418  22  0.894  13  0.744   0.545 Y  0.450      SignalP-TM
Conco1|Conco1_10610        0.156  20  0.368  20  0.913   6  0.878   0.567 Y  0.450      SignalP-TM
Conco1|Conco1_10610        0.230  22  0.451  22  0.969  11  0.902   0.663 Y  0.570      SignalP-noTM
Conco1|Conco1_10612        0.259  25  0.397  25  0.752  13  0.639   0.491 Y  0.450      SignalP-TM
Conco1|Conco1_10616        0.193  27  0.363  27  0.922  17  0.762   0.519 Y  0.450      SignalP-TM
Conco1|Conco1_10642        0.346  16  0.540  16  0.903   1  0.852   0.686 Y  0.570      SignalP-noTM
Conco1|Conco1_10657        0.365  29  0.385  29  0.813  13  0.594   0.467 Y  0.450      SignalP-TM
Conco1|Conco1_10657        0.429  21  0.567  21  0.885   1  0.778   0.666 Y  0.570      SignalP-noTM
Conco1|Conco1_10663        0.229  25  0.422  19  0.944  17  0.823   0.579 Y  0.450      SignalP-TM
Conco1|Conco1_10668        0.289  25  0.472  25  0.840  23  0.751   0.603 Y  0.570      SignalP-noTM
Conco1|Conco1_10712        0.158  20  0.331  20  0.803  17  0.665   0.462 Y  0.450      SignalP-TM
Conco1|Conco1_10759        0.251  19  0.430  19  0.859   1  0.763   0.560 Y  0.450      SignalP-TM
Conco1|Conco1_10759        0.278  19  0.449  19  0.869   1  0.754   0.593 Y  0.570      SignalP-noTM
Conco1|Conco1_10762        0.197  32  0.309  21  0.917   9  0.821   0.509 Y  0.450      SignalP-TM
Conco1|Conco1_10763        0.230  32  0.336  32  0.819  10  0.633   0.452 Y  0.450      SignalP-TM
Conco1|Conco1_10800        0.283  20  0.466  20  0.892   1  0.780   0.614 Y  0.570      SignalP-noTM
Conco1|Conco1_10800        0.365  20  0.517  20  0.855  18  0.745   0.606 Y  0.450      SignalP-TM
Conco1|Conco1_10804        0.194  26  0.345  26  0.777   2  0.654   0.465 Y  0.450      SignalP-TM
Conco1|Conco1_10892        0.338  24  0.534  24  0.976  10  0.883   0.698 Y  0.570      SignalP-noTM
Conco1|Conco1_10892        0.341  27  0.533  27  0.970   9  0.880   0.668 Y  0.450      SignalP-TM
Conco1|Conco1_10942        0.370  28  0.405  28  0.725  12  0.526   0.452 Y  0.450      SignalP-TM
Conco1|Conco1_10944        0.157  23  0.322  23  0.776  17  0.671   0.458 Y  0.450      SignalP-TM
Conco1|Conco1_10944        0.265  20  0.467  20  0.889   1  0.813   0.630 Y  0.570      SignalP-noTM
Conco1|Conco1_10947        0.348  27  0.551  27  0.948  12  0.877   0.678 Y  0.450      SignalP-TM
Conco1|Conco1_10947        0.448  27  0.612  27  0.970  12  0.891   0.743 Y  0.570      SignalP-noTM
Conco1|Conco1_10948        0.199  20  0.411  20  0.911   5  0.866   0.625 Y  0.570      SignalP-noTM
Conco1|Conco1_10950        0.153  21  0.324  21  0.766  13  0.657   0.454 Y  0.450      SignalP-TM
Conco1|Conco1_10999        0.401  19  0.522  19  0.855   1  0.695   0.603 Y  0.570      SignalP-noTM
Conco1|Conco1_11022        0.140  25  0.281  12  0.893   2  0.764   0.469 Y  0.450      SignalP-TM
Conco1|Conco1_11028        0.184  26  0.355  26  0.911   2  0.733   0.503 Y  0.450      SignalP-TM
Conco1|Conco1_11028        0.190  23  0.381  23  0.951  12  0.811   0.583 Y  0.570      SignalP-noTM
Conco1|Conco1_11029        0.160  23  0.343  18  0.921  15  0.856   0.585 Y  0.570      SignalP-noTM
Conco1|Conco1_11029        0.164  18  0.344  18  0.912   2  0.758   0.505 Y  0.450      SignalP-TM
Conco1|Conco1_110398       0.261  20  0.438  20  0.825  14  0.664   0.526 Y  0.450      SignalP-TM
Conco1|Conco1_11048        0.421  22  0.549  22  0.884  14  0.747   0.642 Y  0.570      SignalP-noTM
Conco1|Conco1_11206        0.315  22  0.466  22  0.828  17  0.655   0.540 Y  0.450      SignalP-TM
Conco1|Conco1_11207        0.433  26  0.444  26  0.730   2  0.546   0.484 Y  0.450      SignalP-TM
Conco1|Conco1_11221        0.226  19  0.423  19  0.862   8  0.783   0.592 Y  0.570      SignalP-noTM
Conco1|Conco1_11347        0.450  23  0.536  23  0.745  18  0.591   0.557 Y  0.450      SignalP-TM
Conco1|Conco1_11348        0.335  24  0.463  24  0.768  13  0.635   0.530 Y  0.450      SignalP-TM
Conco1|Conco1_11348        0.355  22  0.481  22  0.909  10  0.709   0.589 Y  0.570      SignalP-noTM
Conco1|Conco1_11349        0.445  23  0.507  23  0.680  10  0.549   0.523 Y  0.450      SignalP-TM
Conco1|Conco1_11350        0.335  24  0.448  24  0.724  13  0.583   0.500 Y  0.450      SignalP-TM
Conco1|Conco1_11350        0.356  22  0.476  22  0.899  10  0.689   0.576 Y  0.570      SignalP-noTM
Conco1|Conco1_11351        0.244  23  0.391  23  0.749  17  0.594   0.470 Y  0.450      SignalP-TM
Conco1|Conco1_11378        0.122  32  0.282  20  0.818  17  0.731   0.457 Y  0.450      SignalP-TM
Conco1|Conco1_11462        0.266  23  0.401  23  0.841  17  0.536   0.454 Y  0.450      SignalP-TM
Conco1|Conco1_11750        0.158  20  0.330  20  0.877   2  0.729   0.486 Y  0.450      SignalP-TM
Conco1|Conco1_11750        0.301  21  0.458  21  0.901   1  0.735   0.588 Y  0.570      SignalP-noTM
Conco1|Conco1_11761        0.723  29  0.732  29  0.807  25  0.724   0.729 Y  0.450      SignalP-TM
Conco1|Conco1_11762        0.391  25  0.561  25  0.912  18  0.769   0.642 Y  0.450      SignalP-TM
Conco1|Conco1_11770        0.228  20  0.391  20  0.834  19  0.636   0.487 Y  0.450      SignalP-TM
Conco1|Conco1_11770        0.270  20  0.454  20  0.863  16  0.734   0.586 Y  0.570      SignalP-noTM
Conco1|Conco1_11774        0.263  27  0.385  27  0.798  17  0.589   0.464 Y  0.450      SignalP-TM
Conco1|Conco1_11776        0.479  18  0.539  18  0.866  17  0.618   0.576 Y  0.570      SignalP-noTM
Conco1|Conco1_11842        0.260  22  0.442  22  0.906  15  0.793   0.607 Y  0.570      SignalP-noTM
Conco1|Conco1_11842        0.274  22  0.479  22  0.908  17  0.832   0.616 Y  0.450      SignalP-TM
Conco1|Conco1_11912        0.286  26  0.409  26  0.821  16  0.606   0.485 Y  0.450      SignalP-TM
Conco1|Conco1_11912        0.511  19  0.608  19  0.855   1  0.734   0.667 Y  0.570      SignalP-noTM
Conco1|Conco1_11913        0.426  31  0.564  21  0.881   1  0.799   0.675 Y  0.570      SignalP-noTM
Conco1|Conco1_11967        0.259  31  0.439  31  0.887  15  0.784   0.574 Y  0.450      SignalP-TM
Conco1|Conco1_11993        0.161  29  0.313  21  0.820  17  0.698   0.463 Y  0.450      SignalP-TM
Conco1|Conco1_12140        0.107  51  0.285  18  0.847  11  0.751   0.467 Y  0.450      SignalP-TM
Conco1|Conco1_12242        0.280  17  0.481  17  0.892  10  0.832   0.646 Y  0.570      SignalP-noTM
Conco1|Conco1_12258        0.283  30  0.403  20  0.706  13  0.570   0.468 Y  0.450      SignalP-TM
Conco1|Conco1_12301        0.207  26  0.412  26  0.897   9  0.802   0.564 Y  0.450      SignalP-TM
Conco1|Conco1_12301        0.297  28  0.501  28  0.943  16  0.881   0.680 Y  0.570      SignalP-noTM
Conco1|Conco1_12304        0.149  35  0.335  19  0.867  17  0.788   0.512 Y  0.450      SignalP-TM
Conco1|Conco1_12305        0.232  23  0.373  23  0.877   1  0.657   0.484 Y  0.450      SignalP-TM
Conco1|Conco1_12446        0.209  24  0.381  20  0.828  18  0.720   0.513 Y  0.450      SignalP-TM
Conco1|Conco1_12446        0.383  24  0.505  24  0.896  18  0.754   0.622 Y  0.570      SignalP-noTM
Conco1|Conco1_124955       0.235  19  0.418  19  0.910   2  0.772   0.585 Y  0.570      SignalP-noTM
Conco1|Conco1_124955       0.238  53  0.364  19  0.870  17  0.800   0.534 Y  0.450      SignalP-TM
Conco1|Conco1_12627        0.288  21  0.460  21  0.849  19  0.732   0.566 Y  0.450      SignalP-TM
Conco1|Conco1_12627        0.699  21  0.759  21  0.925  20  0.833   0.794 Y  0.570      SignalP-noTM
Conco1|Conco1_12650        0.152  28  0.281  11  0.825   8  0.789   0.479 Y  0.450      SignalP-TM
Conco1|Conco1_126752       0.286  20  0.438  20  0.887  17  0.620   0.509 Y  0.450      SignalP-TM
Conco1|Conco1_12704        0.149  29  0.286  24  0.831   4  0.712   0.452 Y  0.450      SignalP-TM
Conco1|Conco1_12704        0.306  17  0.521  17  0.902  15  0.887   0.693 Y  0.570      SignalP-noTM
Conco1|Conco1_12785        0.402  22  0.554  22  0.884  11  0.791   0.665 Y  0.570      SignalP-noTM
Conco1|Conco1_12785        0.520  22  0.655  22  0.918  20  0.792   0.708 Y  0.450      SignalP-TM
Conco1|Conco1_12786        0.169  22  0.336  22  0.855  10  0.706   0.481 Y  0.450      SignalP-TM
Conco1|Conco1_12788        0.366  22  0.524  22  0.890  11  0.789   0.649 Y  0.570      SignalP-noTM
Conco1|Conco1_12788        0.525  22  0.664  22  0.924  20  0.818   0.724 Y  0.450      SignalP-TM
Conco1|Conco1_12789        0.171  22  0.343  22  0.855  10  0.715   0.488 Y  0.450      SignalP-TM
Conco1|Conco1_12798        0.197  22  0.411  22  0.903  13  0.828   0.573 Y  0.450      SignalP-TM
Conco1|Conco1_12798        0.544  22  0.725  22  0.982  15  0.950   0.831 Y  0.570      SignalP-noTM
Conco1|Conco1_128030       0.276  54  0.395  19  0.865  13  0.626   0.485 Y  0.450      SignalP-TM
Conco1|Conco1_12846        0.203  25  0.393  25  0.916  14  0.817   0.559 Y  0.450      SignalP-TM
Conco1|Conco1_12846        0.342  25  0.464  25  0.940  14  0.772   0.609 Y  0.570      SignalP-noTM
Conco1|Conco1_12856        0.176  23  0.330  23  0.808  15  0.647   0.454 Y  0.450      SignalP-TM
Conco1|Conco1_12865        0.153  22  0.338  22  0.865  12  0.739   0.494 Y  0.450      SignalP-TM
Conco1|Conco1_12887        0.537  24  0.630  24  0.840  18  0.702   0.658 Y  0.450      SignalP-TM
Conco1|Conco1_12912        0.130  26  0.295  22  0.857  16  0.736   0.467 Y  0.450      SignalP-TM
Conco1|Conco1_12915        0.299  32  0.493  32  0.914  28  0.679   0.566 Y  0.450      SignalP-TM
Conco1|Conco1_12915        0.640  30  0.704  30  0.863  20  0.659   0.687 Y  0.510      SignalP-TM
Conco1|Conco1_12927        0.190  23  0.394  23  0.925  12  0.834   0.601 Y  0.570      SignalP-noTM
Conco1|Conco1_12969        0.130  23  0.312  15  0.836   5  0.758   0.486 Y  0.450      SignalP-TM
Conco1|Conco1_12994        0.222  20  0.407  20  0.894  12  0.767   0.576 Y  0.570      SignalP-noTM
Conco1|Conco1_12994        0.284  25  0.462  25  0.887  16  0.746   0.573 Y  0.450      SignalP-TM
Conco1|Conco1_12995        0.498  21  0.518  21  0.701   1  0.555   0.532 Y  0.450      SignalP-TM
Conco1|Conco1_12996        0.374  26  0.513  26  0.797  19  0.708   0.589 Y  0.450      SignalP-TM
Conco1|Conco1_13009        0.147  20  0.351  20  0.904  12  0.844   0.583 Y  0.570      SignalP-noTM
Conco1|Conco1_13009        0.212  23  0.351  23  0.776   3  0.640   0.464 Y  0.450      SignalP-TM
Conco1|Conco1_13038        0.456  21  0.500  21  0.704   4  0.579   0.531 Y  0.450      SignalP-TM
Conco1|Conco1_13038        0.499  21  0.641  21  0.888  10  0.825   0.727 Y  0.570      SignalP-noTM
Conco1|Conco1_13039        0.274  22  0.437  22  0.853  18  0.728   0.550 Y  0.450      SignalP-TM
Conco1|Conco1_13039        0.405  22  0.549  22  0.888   5  0.794   0.664 Y  0.570      SignalP-noTM
Conco1|Conco1_13040        0.225  30  0.379  21  0.891  17  0.813   0.549 Y  0.450      SignalP-TM
Conco1|Conco1_13040        0.416  21  0.596  21  0.906  11  0.854   0.718 Y  0.570      SignalP-noTM
Conco1|Conco1_13042        0.284  22  0.459  22  0.816  17  0.653   0.534 Y  0.450      SignalP-TM
Conco1|Conco1_130671       0.171  27  0.336  27  0.858   2  0.707   0.480 Y  0.450      SignalP-TM
Conco1|Conco1_13081        0.263  24  0.462  22  0.917  10  0.852   0.645 Y  0.570      SignalP-noTM
Conco1|Conco1_13081        0.310  24  0.451  24  0.792  13  0.690   0.544 Y  0.450      SignalP-TM
Conco1|Conco1_13207        0.199  28  0.418  28  0.972  16  0.917   0.613 Y  0.450      SignalP-TM
Conco1|Conco1_13207        0.441  22  0.649  22  0.970   6  0.959   0.795 Y  0.570      SignalP-noTM
Conco1|Conco1_13213        0.641  24  0.644  24  0.825  18  0.594   0.624 Y  0.450      SignalP-TM
Conco1|Conco1_13334        0.179  30  0.353  30  0.843  23  0.679   0.480 Y  0.450      SignalP-TM
Conco1|Conco1_13343        0.204  19  0.401  19  0.888  17  0.789   0.584 Y  0.570      SignalP-noTM
Conco1|Conco1_13343        0.218  46  0.372  24  0.884  18  0.741   0.516 Y  0.450      SignalP-TM
Conco1|Conco1_13347        0.211  25  0.364  25  0.840  18  0.591   0.453 Y  0.450      SignalP-TM
Conco1|Conco1_133871       0.198  31  0.348  16  0.938   1  0.879   0.555 Y  0.450      SignalP-TM
Conco1|Conco1_13400        0.172  22  0.358  22  0.808  18  0.743   0.508 Y  0.450      SignalP-TM
Conco1|Conco1_13475        0.149  17  0.320  17  0.773   6  0.696   0.467 Y  0.450      SignalP-TM
Conco1|Conco1_13478        0.351  32  0.544  32  0.910  17  0.748   0.640 Y  0.570      SignalP-noTM
Conco1|Conco1_13479        0.337  25  0.465  25  0.890  10  0.724   0.587 Y  0.570      SignalP-noTM
Conco1|Conco1_13479        0.496  25  0.659  25  0.936  17  0.870   0.741 Y  0.450      SignalP-TM
Conco1|Conco1_13491        0.351  54  0.559  22  0.979  11  0.946   0.710 Y  0.450      SignalP-TM
Conco1|Conco1_13491        0.595  22  0.757  22  0.979  10  0.954   0.850 Y  0.570      SignalP-noTM
Conco1|Conco1_13492        0.187  25  0.417  25  0.974  16  0.927   0.616 Y  0.450      SignalP-TM
Conco1|Conco1_13492        0.360  23  0.584  23  0.974  12  0.940   0.751 Y  0.570      SignalP-noTM
Conco1|Conco1_13493        0.326  22  0.559  22  0.974  12  0.944   0.740 Y  0.570      SignalP-noTM
Conco1|Conco1_13493        0.459  54  0.482  22  0.958  10  0.912   0.650 Y  0.450      SignalP-TM
Conco1|Conco1_13494        0.456  54  0.656  22  0.977  16  0.943   0.768 Y  0.450      SignalP-TM
Conco1|Conco1_13494        0.742  22  0.853  22  0.988  12  0.966   0.906 Y  0.570      SignalP-noTM
Conco1|Conco1_13495        0.377  25  0.589  25  0.977  14  0.931   0.722 Y  0.450      SignalP-TM
Conco1|Conco1_13495        0.427  25  0.625  25  0.973  12  0.930   0.768 Y  0.570      SignalP-noTM
Conco1|Conco1_13497        0.554  24  0.558  24  0.901  13  0.704   0.626 Y  0.570      SignalP-noTM
Conco1|Conco1_13497        0.719  24  0.769  24  0.926   7  0.863   0.805 Y  0.450      SignalP-TM
Conco1|Conco1_13511        0.108  57  0.285  16  0.853  11  0.759   0.470 Y  0.450      SignalP-TM
Conco1|Conco1_13545        0.166  22  0.340  22  0.843  12  0.638   0.457 Y  0.450      SignalP-TM
Conco1|Conco1_13589        0.255  20  0.488  20  0.974  18  0.931   0.696 Y  0.570      SignalP-noTM
Conco1|Conco1_13589        0.265  22  0.491  22  0.936  18  0.896   0.649 Y  0.450      SignalP-TM
Conco1|Conco1_13605        0.167  23  0.354  23  0.819  20  0.694   0.487 Y  0.450      SignalP-TM
Conco1|Conco1_13651        0.252  35  0.411  24  0.955  15  0.833   0.609 Y  0.570      SignalP-noTM
Conco1|Conco1_13651        0.277  34  0.471  25  0.893  15  0.767   0.587 Y  0.450      SignalP-TM
Conco1|Conco1_13653        0.287  28  0.453  28  0.859  26  0.636   0.525 Y  0.450      SignalP-TM
Conco1|Conco1_13657        0.300  30  0.418  20  0.916  13  0.847   0.586 Y  0.450      SignalP-TM
Conco1|Conco1_13657        0.384  20  0.555  20  0.884  13  0.791   0.666 Y  0.570      SignalP-noTM
Conco1|Conco1_13754        0.266  24  0.442  24  0.856  15  0.727   0.553 Y  0.450      SignalP-TM
Conco1|Conco1_13794        0.542  26  0.538  26  0.705  24  0.506   0.526 Y  0.510      SignalP-TM
Conco1|Conco1_138649       0.139  22  0.336  19  0.960  12  0.849   0.536 Y  0.450      SignalP-TM
Conco1|Conco1_138781       0.415  20  0.574  20  0.861  16  0.773   0.651 Y  0.450      SignalP-TM
Conco1|Conco1_138781       0.592  20  0.668  20  0.894  16  0.771   0.717 Y  0.570      SignalP-noTM
Conco1|Conco1_13880        0.509  19  0.583  19  0.842  17  0.666   0.622 Y  0.570      SignalP-noTM
Conco1|Conco1_13927        0.220  27  0.401  27  0.898  19  0.574   0.469 Y  0.450      SignalP-TM
Conco1|Conco1_13941        0.195  25  0.389  25  0.903   4  0.828   0.560 Y  0.450      SignalP-TM
Conco1|Conco1_13941        0.429  18  0.626  18  0.952  15  0.899   0.754 Y  0.570      SignalP-noTM
Conco1|Conco1_13967        0.266  19  0.459  19  0.851   6  0.790   0.588 Y  0.450      SignalP-TM
Conco1|Conco1_13967        0.284  19  0.470  19  0.850  16  0.792   0.621 Y  0.570      SignalP-noTM
Conco1|Conco1_13997        0.117  38  0.295  19  0.910  12  0.833   0.505 Y  0.450      SignalP-TM
Conco1|Conco1_14058        0.242  25  0.401  18  0.802  12  0.680   0.510 Y  0.450      SignalP-TM
Conco1|Conco1_140836       0.359  35  0.471  35  0.851  32  0.493   0.480 Y  0.450      SignalP-TM
Conco1|Conco1_14113        0.203  35  0.389  22  0.835  15  0.780   0.541 Y  0.450      SignalP-TM
Conco1|Conco1_14114        0.202  35  0.391  22  0.844  15  0.795   0.549 Y  0.450      SignalP-TM
Conco1|Conco1_14115        0.173  31  0.372  23  0.898  17  0.816   0.545 Y  0.450      SignalP-TM
Conco1|Conco1_14115        0.185  22  0.376  22  0.902   1  0.798   0.574 Y  0.570      SignalP-noTM
Conco1|Conco1_14116        0.173  31  0.372  23  0.897  17  0.814   0.544 Y  0.450      SignalP-TM
Conco1|Conco1_14116        0.185  22  0.375  22  0.898   1  0.792   0.571 Y  0.570      SignalP-noTM
Conco1|Conco1_14117        0.168  31  0.352  23  0.871  15  0.783   0.520 Y  0.450      SignalP-TM
Conco1|Conco1_14117        0.170  22  0.366  18  0.899   1  0.830   0.584 Y  0.570      SignalP-noTM
Conco1|Conco1_14118        0.419  25  0.503  25  0.909  15  0.731   0.610 Y  0.570      SignalP-noTM
Conco1|Conco1_14118        0.640  25  0.744  25  0.937  17  0.867   0.792 Y  0.450      SignalP-TM
Conco1|Conco1_14149        0.502  21  0.551  21  0.779   3  0.650   0.597 Y  0.570      SignalP-noTM
Conco1|Conco1_14213        0.419  25  0.499  25  0.909  15  0.725   0.605 Y  0.570      SignalP-noTM
Conco1|Conco1_14213        0.640  25  0.747  25  0.938  17  0.871   0.796 Y  0.450      SignalP-TM
Conco1|Conco1_14214        0.567  25  0.702  25  0.922  17  0.857   0.762 Y  0.450      SignalP-TM
Conco1|Conco1_14215        0.416  25  0.513  25  0.912  15  0.748   0.624 Y  0.570      SignalP-noTM
Conco1|Conco1_14215        0.628  25  0.747  25  0.934  17  0.884   0.800 Y  0.450      SignalP-TM
Conco1|Conco1_14216        0.452  17  0.636  17  0.915  15  0.891   0.755 Y  0.570      SignalP-noTM
Conco1|Conco1_14216        0.653  25  0.760  25  0.944  21  0.881   0.807 Y  0.450      SignalP-TM
Conco1|Conco1_14219        0.288  24  0.395  17  0.862   6  0.797   0.584 Y  0.570      SignalP-noTM
Conco1|Conco1_14219        0.527  24  0.603  24  0.827  16  0.691   0.638 Y  0.450      SignalP-TM
Conco1|Conco1_14250        0.220  28  0.364  28  0.898  12  0.640   0.472 Y  0.450      SignalP-TM
Conco1|Conco1_14264        0.161  18  0.333  18  0.734   1  0.691   0.473 Y  0.450      SignalP-TM
Conco1|Conco1_14264        0.252  18  0.423  18  0.816   2  0.736   0.570 Y  0.570      SignalP-noTM
Conco1|Conco1_14271        0.299  26  0.450  26  0.899   3  0.752   0.568 Y  0.450      SignalP-TM
Conco1|Conco1_14280        0.175  23  0.355  23  0.830  19  0.705   0.491 Y  0.450      SignalP-TM
Conco1|Conco1_14280        0.245  21  0.425  21  0.887   6  0.782   0.593 Y  0.570      SignalP-noTM
Conco1|Conco1_14281        0.361  24  0.485  24  0.926   9  0.763   0.616 Y  0.570      SignalP-noTM
Conco1|Conco1_14281        0.503  24  0.613  24  0.829  20  0.719   0.654 Y  0.450      SignalP-TM
Conco1|Conco1_14287        0.164  18  0.346  18  0.772   8  0.735   0.498 Y  0.450      SignalP-TM
Conco1|Conco1_14287        0.267  18  0.442  18  0.837   2  0.755   0.589 Y  0.570      SignalP-noTM
Conco1|Conco1_14292        0.232  20  0.422  20  0.901  16  0.773   0.559 Y  0.450      SignalP-TM
Conco1|Conco1_14292        0.405  20  0.601  20  0.959  16  0.883   0.733 Y  0.570      SignalP-noTM
Conco1|Conco1_14300        0.352  27  0.535  20  0.935  19  0.861   0.688 Y  0.570      SignalP-noTM
Conco1|Conco1_14300        0.416  27  0.432  27  0.689   8  0.520   0.466 Y  0.450      SignalP-TM
Conco1|Conco1_14301        0.321  21  0.507  21  0.865  19  0.805   0.623 Y  0.450      SignalP-TM
Conco1|Conco1_14301        0.680  21  0.692  21  0.802   1  0.731   0.711 Y  0.570      SignalP-noTM
Conco1|Conco1_14327        0.198  22  0.371  22  0.781  10  0.690   0.495 Y  0.450      SignalP-TM
Conco1|Conco1_14386        0.429  25  0.587  25  0.913   9  0.838   0.685 Y  0.450      SignalP-TM
Conco1|Conco1_14410        0.355  22  0.462  22  0.839   2  0.669   0.543 Y  0.450      SignalP-TM
Conco1|Conco1_14452        0.210  18  0.414  18  0.912   1  0.832   0.611 Y  0.570      SignalP-noTM
Conco1|Conco1_14452        0.239  27  0.389  27  0.872   1  0.699   0.510 Y  0.450      SignalP-TM
Conco1|Conco1_14493        0.179  21  0.384  21  0.904  10  0.830   0.594 Y  0.570      SignalP-noTM
Conco1|Conco1_14605        0.256  26  0.381  26  0.723  21  0.578   0.458 Y  0.450      SignalP-TM
Conco1|Conco1_14618        0.224  23  0.373  23  0.817  22  0.612   0.466 Y  0.450      SignalP-TM
Conco1|Conco1_14647        0.167  32  0.330  17  0.862  16  0.675   0.464 Y  0.450      SignalP-TM
Conco1|Conco1_14647        0.204  17  0.404  17  0.887  13  0.799   0.590 Y  0.570      SignalP-noTM
Conco1|Conco1_14648        0.204  25  0.372  12  0.864  16  0.829   0.587 Y  0.570      SignalP-noTM
Conco1|Conco1_14648        0.304  25  0.493  25  0.860  18  0.800   0.613 Y  0.450      SignalP-TM
Conco1|Conco1_14649        0.267  27  0.368  27  0.699   2  0.589   0.454 Y  0.450      SignalP-TM
Conco1|Conco1_14656        0.245  33  0.414  26  0.924  16  0.846   0.582 Y  0.450      SignalP-TM
Conco1|Conco1_14656        0.354  21  0.570  21  0.974  11  0.926   0.737 Y  0.570      SignalP-noTM
Conco1|Conco1_14668        0.318  21  0.454  21  0.871   1  0.727   0.582 Y  0.570      SignalP-noTM
Conco1|Conco1_14669        0.175  29  0.313  23  0.830  10  0.684   0.458 Y  0.450      SignalP-TM
Conco1|Conco1_14845        0.367  24  0.509  24  0.886  16  0.749   0.622 Y  0.570      SignalP-noTM
Conco1|Conco1_14845        0.724  24  0.793  24  0.892  16  0.838   0.811 Y  0.450      SignalP-TM
Conco1|Conco1_14874        0.278  24  0.422  24  0.756   9  0.663   0.516 Y  0.450      SignalP-TM
Conco1|Conco1_14947        0.217  26  0.402  26  0.922  24  0.612   0.484 Y  0.450      SignalP-TM
Conco1|Conco1_14947        0.353  26  0.518  26  0.827  17  0.589   0.544 Y  0.510      SignalP-TM
Conco1|Conco1_14967        0.216  22  0.378  22  0.790  11  0.667   0.491 Y  0.450      SignalP-TM
Conco1|Conco1_15001        0.226  28  0.389  22  0.859   6  0.770   0.537 Y  0.450      SignalP-TM
Conco1|Conco1_15001        0.694  22  0.788  22  0.943  18  0.891   0.836 Y  0.570      SignalP-noTM
Conco1|Conco1_15274        0.273  21  0.408  21  0.752   6  0.647   0.501 Y  0.450      SignalP-TM
Conco1|Conco1_15274        0.699  21  0.698  21  0.858  10  0.728   0.712 Y  0.570      SignalP-noTM
Conco1|Conco1_15284        0.127  20  0.297  20  0.882   1  0.733   0.467 Y  0.450      SignalP-TM
Conco1|Conco1_15307        0.318  18  0.434  18  0.781  16  0.580   0.491 Y  0.450      SignalP-TM
Conco1|Conco1_153220       0.220  27  0.360  27  0.680   5  0.598   0.453 Y  0.450      SignalP-TM
Conco1|Conco1_15559        0.415  20  0.545  20  0.813  11  0.687   0.612 Y  0.570      SignalP-noTM
Conco1|Conco1_157480       0.314  28  0.453  22  0.960  11  0.870   0.649 Y  0.570      SignalP-noTM
Conco1|Conco1_157480       0.396  22  0.583  22  0.929  16  0.807   0.670 Y  0.450      SignalP-TM
Conco1|Conco1_15970        0.320  25  0.440  25  0.756  21  0.514   0.469 Y  0.450      SignalP-TM
Conco1|Conco1_16020        0.102  47  0.280  11  0.920   2  0.749   0.463 Y  0.450      SignalP-TM
Conco1|Conco1_16068        0.523  19  0.615  19  0.899  15  0.685   0.648 Y  0.570      SignalP-noTM
Conco1|Conco1_16080        0.143  27  0.337  22  0.925  18  0.774   0.508 Y  0.450      SignalP-TM
Conco1|Conco1_16312        0.436  21  0.593  21  0.887  17  0.815   0.697 Y  0.570      SignalP-noTM
Conco1|Conco1_16312        0.461  21  0.610  21  0.887  18  0.802   0.685 Y  0.450      SignalP-TM
Conco1|Conco1_16321        0.243  27  0.362  27  0.869   1  0.666   0.481 Y  0.450      SignalP-TM
Conco1|Conco1_16518        0.254  26  0.424  26  0.914  17  0.741   0.548 Y  0.450      SignalP-TM
Conco1|Conco1_16518        0.523  20  0.687  20  0.932  19  0.904   0.789 Y  0.570      SignalP-noTM
Conco1|Conco1_165949       0.179  27  0.378  27  0.865  23  0.708   0.507 Y  0.450      SignalP-TM
Conco1|Conco1_165991       0.188  24  0.412  24  0.955  20  0.778   0.555 Y  0.450      SignalP-TM
Conco1|Conco1_165993       0.297  28  0.429  28  0.845  16  0.668   0.522 Y  0.450      SignalP-TM
Conco1|Conco1_166124       0.181  24  0.368  22  0.847  19  0.765   0.523 Y  0.450      SignalP-TM
Conco1|Conco1_166124       0.599  22  0.697  22  0.890  20  0.835   0.762 Y  0.570      SignalP-noTM
Conco1|Conco1_166172       0.286  28  0.396  21  0.831  16  0.720   0.523 Y  0.450      SignalP-TM
Conco1|Conco1_166173       0.216  25  0.343  18  0.739   3  0.680   0.474 Y  0.450      SignalP-TM
Conco1|Conco1_166248       0.187  19  0.413  19  0.941  14  0.893   0.600 Y  0.450      SignalP-TM
Conco1|Conco1_166248       0.718  19  0.782  19  0.905   8  0.861   0.819 Y  0.570      SignalP-noTM
Conco1|Conco1_166625       0.268  25  0.459  25  0.878  20  0.786   0.587 Y  0.450      SignalP-TM
Conco1|Conco1_16669        0.778  21  0.634  21  0.732   1  0.510   0.576 Y  0.570      SignalP-noTM
Conco1|Conco1_166752       0.361  22  0.507  22  0.874  18  0.637   0.558 Y  0.450      SignalP-TM
Conco1|Conco1_166752       0.468  22  0.583  22  0.853  14  0.708   0.642 Y  0.570      SignalP-noTM
Conco1|Conco1_166797       0.337  56  0.439  30  0.939  21  0.762   0.565 Y  0.450      SignalP-TM
Conco1|Conco1_166965       0.228  24  0.418  24  0.929  16  0.764   0.553 Y  0.450      SignalP-TM
Conco1|Conco1_166966       0.207  32  0.340  19  0.889   1  0.744   0.498 Y  0.450      SignalP-TM
Conco1|Conco1_166966       0.268  19  0.448  19  0.897  14  0.748   0.589 Y  0.570      SignalP-noTM
Conco1|Conco1_16721        0.226  32  0.371  24  0.887  15  0.736   0.513 Y  0.450      SignalP-TM
Conco1|Conco1_16721        0.240  18  0.432  18  0.876  10  0.795   0.603 Y  0.570      SignalP-noTM
Conco1|Conco1_167304       0.198  26  0.318  18  0.832   2  0.729   0.478 Y  0.450      SignalP-TM
Conco1|Conco1_167386       0.666  20  0.596  20  0.708   1  0.543   0.571 Y  0.570      SignalP-noTM
Conco1|Conco1_167789       0.191  25  0.357  25  0.823  17  0.675   0.481 Y  0.450      SignalP-TM
Conco1|Conco1_167849       0.371  23  0.572  23  0.917  12  0.868   0.687 Y  0.450      SignalP-TM
Conco1|Conco1_168402       0.155  29  0.343  29  0.890  18  0.732   0.495 Y  0.450      SignalP-TM
Conco1|Conco1_168609       0.558  19  0.623  19  0.787  16  0.711   0.664 Y  0.570      SignalP-noTM
Conco1|Conco1_168654       0.501  24  0.481  24  0.725   2  0.562   0.512 Y  0.450      SignalP-TM
Conco1|Conco1_168688       0.249  60  0.334  20  0.825  16  0.687   0.471 Y  0.450      SignalP-TM
Conco1|Conco1_168688       0.411  20  0.520  20  0.779   1  0.694   0.602 Y  0.570      SignalP-noTM
Conco1|Conco1_168701       0.185  26  0.365  26  0.876  16  0.686   0.490 Y  0.450      SignalP-TM
Conco1|Conco1_168703       0.200  18  0.397  18  0.877   3  0.803   0.588 Y  0.570      SignalP-noTM
Conco1|Conco1_168753       0.197  46  0.300  22  0.865  15  0.687   0.451 Y  0.450      SignalP-TM
Conco1|Conco1_168799       0.321  25  0.466  25  0.888  13  0.706   0.560 Y  0.450      SignalP-TM
Conco1|Conco1_169120       0.119  22  0.302  22  0.814  11  0.747   0.475 Y  0.450      SignalP-TM
Conco1|Conco1_169375       0.143  19  0.343  19  0.869  18  0.822   0.530 Y  0.450      SignalP-TM
Conco1|Conco1_169375       0.246  19  0.476  19  0.963   9  0.923   0.686 Y  0.570      SignalP-noTM
Conco1|Conco1_169376       0.153  27  0.348  17  0.934  13  0.847   0.583 Y  0.570      SignalP-noTM
Conco1|Conco1_169422       0.605  23  0.628  23  0.885  11  0.720   0.671 Y  0.570      SignalP-noTM
Conco1|Conco1_169422       0.757  23  0.802  23  0.901   9  0.848   0.820 Y  0.450      SignalP-TM
Conco1|Conco1_169475       0.164  33  0.326  23  0.842   3  0.722   0.481 Y  0.450      SignalP-TM
Conco1|Conco1_170371       0.179  37  0.316  27  0.914  19  0.766   0.492 Y  0.450      SignalP-TM
Conco1|Conco1_170561       0.260  17  0.446  17  0.846   3  0.783   0.604 Y  0.570      SignalP-noTM
Conco1|Conco1_170562       0.237  33  0.321  24  0.839  16  0.652   0.450 Y  0.450      SignalP-TM
Conco1|Conco1_17063        0.201  30  0.284  19  0.776   7  0.716   0.453 Y  0.450      SignalP-TM
Conco1|Conco1_17064        0.310  25  0.465  25  0.863  16  0.689   0.552 Y  0.450      SignalP-TM
Conco1|Conco1_170704       0.155  17  0.358  17  0.897  15  0.812   0.571 Y  0.570      SignalP-noTM
Conco1|Conco1_170804       0.241  26  0.400  26  0.852  18  0.717   0.524 Y  0.450      SignalP-TM
Conco1|Conco1_170806       0.213  24  0.363  24  0.787  17  0.654   0.476 Y  0.450      SignalP-TM
Conco1|Conco1_170806       0.407  19  0.574  19  0.908   1  0.825   0.692 Y  0.570      SignalP-noTM
Conco1|Conco1_171252       0.274  21  0.452  21  0.834   8  0.765   0.574 Y  0.450      SignalP-TM
Conco1|Conco1_171252       0.587  21  0.710  21  0.934  11  0.867   0.784 Y  0.570      SignalP-noTM
Conco1|Conco1_171304       0.180  26  0.368  23  0.852  14  0.764   0.522 Y  0.450      SignalP-TM
Conco1|Conco1_171753       0.280  25  0.420  25  0.839   4  0.706   0.532 Y  0.450      SignalP-TM
Conco1|Conco1_171770       0.219  22  0.364  22  0.690   8  0.607   0.459 Y  0.450      SignalP-TM
Conco1|Conco1_171791       0.414  24  0.463  24  0.732  17  0.512   0.482 Y  0.450      SignalP-TM
Conco1|Conco1_17320        0.167  43  0.320  20  0.867  10  0.798   0.506 Y  0.450      SignalP-TM
Conco1|Conco1_17515        0.139  31  0.278  11  0.828   3  0.765   0.468 Y  0.450      SignalP-TM
Conco1|Conco1_17592        0.509  22  0.685  22  0.948  20  0.886   0.779 Y  0.570      SignalP-noTM
Conco1|Conco1_17736        0.234  25  0.362  25  0.741  12  0.620   0.463 Y  0.450      SignalP-TM
Conco1|Conco1_18092        0.260  25  0.422  25  0.786   1  0.672   0.519 Y  0.450      SignalP-TM
Conco1|Conco1_18307        0.235  17  0.375  17  0.797   5  0.607   0.465 Y  0.450      SignalP-TM
Conco1|Conco1_18452        0.223  31  0.330  21  0.893  17  0.804   0.515 Y  0.450      SignalP-TM
Conco1|Conco1_18452        0.595  19  0.725  19  0.950  17  0.885   0.800 Y  0.570      SignalP-noTM
Conco1|Conco1_18455        0.433  20  0.579  20  0.868   4  0.796   0.664 Y  0.450      SignalP-TM
Conco1|Conco1_18455        0.737  20  0.820  20  0.939  16  0.906   0.861 Y  0.570      SignalP-noTM
Conco1|Conco1_18705        0.207  40  0.410  18  0.984  13  0.945   0.661 Y  0.570      SignalP-noTM
Conco1|Conco1_18705        0.327  40  0.386  40  0.889  15  0.672   0.498 Y  0.450      SignalP-TM
Conco1|Conco1_18731        0.371  29  0.543  29  0.929  26  0.588   0.561 Y  0.450      SignalP-TM
Conco1|Conco1_18731        0.764  29  0.793  29  0.891  28  0.621   0.730 Y  0.510      SignalP-TM
Conco1|Conco1_19280        0.151  30  0.363  21  0.947  11  0.871   0.561 Y  0.450      SignalP-TM
Conco1|Conco1_19390        0.176  27  0.363  21  0.871  18  0.782   0.526 Y  0.450      SignalP-TM
Conco1|Conco1_19413        0.212  29  0.354  29  0.874  17  0.651   0.470 Y  0.450      SignalP-TM
Conco1|Conco1_19413        0.418  22  0.514  22  0.836   1  0.661   0.583 Y  0.570      SignalP-noTM
Conco1|Conco1_19511        0.274  24  0.449  24  0.907  16  0.738   0.562 Y  0.450      SignalP-TM
Conco1|Conco1_19523        0.483  19  0.605  19  0.848   3  0.778   0.687 Y  0.570      SignalP-noTM
Conco1|Conco1_19543        0.152  21  0.326  21  0.760  17  0.697   0.470 Y  0.450      SignalP-TM
Conco1|Conco1_19543        0.490  21  0.591  21  0.813   3  0.732   0.657 Y  0.570      SignalP-noTM
Conco1|Conco1_20004        0.172  21  0.364  21  0.901  16  0.763   0.520 Y  0.450      SignalP-TM
Conco1|Conco1_20004        0.289  21  0.473  21  0.896  17  0.775   0.615 Y  0.570      SignalP-noTM
Conco1|Conco1_20262        0.204  21  0.380  21  0.787   4  0.706   0.507 Y  0.450      SignalP-TM
Conco1|Conco1_20494        0.135  21  0.302  21  0.791  13  0.697   0.456 Y  0.450      SignalP-TM
Conco1|Conco1_20584        0.388  21  0.462  21  0.712  18  0.568   0.503 Y  0.450      SignalP-TM
Conco1|Conco1_20584        0.460  21  0.573  21  0.832  11  0.726   0.645 Y  0.570      SignalP-noTM
Conco1|Conco1_20612        0.348  26  0.514  26  0.908  11  0.808   0.629 Y  0.450      SignalP-TM
Conco1|Conco1_20700        0.143  23  0.340  17  0.917  11  0.830   0.570 Y  0.570      SignalP-noTM
Conco1|Conco1_20700        0.196  27  0.367  27  0.901  15  0.769   0.524 Y  0.450      SignalP-TM
Conco1|Conco1_20740        0.201  25  0.372  25  0.880  18  0.704   0.501 Y  0.450      SignalP-TM
Conco1|Conco1_20740        0.587  20  0.639  20  0.846  19  0.706   0.670 Y  0.570      SignalP-noTM
Conco1|Conco1_20835        0.254  44  0.412  24  0.980  17  0.878   0.593 Y  0.450      SignalP-TM
Conco1|Conco1_20835        0.480  18  0.661  18  0.956  11  0.902   0.774 Y  0.570      SignalP-noTM
Conco1|Conco1_20854        0.151  27  0.273  11  0.864   2  0.736   0.453 Y  0.450      SignalP-TM
Conco1|Conco1_20944        0.468  21  0.643  21  0.953  17  0.896   0.762 Y  0.570      SignalP-noTM
Conco1|Conco1_20944        0.715  32  0.703  32  0.977  17  0.830   0.752 Y  0.450      SignalP-TM
Conco1|Conco1_21254        0.366  19  0.547  19  0.887  18  0.795   0.664 Y  0.570      SignalP-noTM
Conco1|Conco1_21487        0.144  19  0.317  19  0.749  17  0.673   0.456 Y  0.450      SignalP-TM
Conco1|Conco1_21541        0.374  27  0.555  27  0.914  16  0.808   0.654 Y  0.450      SignalP-TM
Conco1|Conco1_21541        0.515  27  0.624  27  0.948  13  0.820   0.716 Y  0.570      SignalP-noTM
Conco1|Conco1_21882        0.308  27  0.437  27  0.853   8  0.680   0.532 Y  0.450      SignalP-TM
Conco1|Conco1_2601         0.635  31  0.469  31  0.643  14  0.437   0.457 Y  0.450      SignalP-TM
Conco1|Conco1_26496        0.183  25  0.350  25  0.786  14  0.615   0.453 Y  0.450      SignalP-TM
Conco1|Conco1_2758         0.339  30  0.475  30  0.876  24  0.594   0.522 Y  0.450      SignalP-TM
Conco1|Conco1_28493        0.291  27  0.436  27  0.848   8  0.693   0.537 Y  0.450      SignalP-TM
Conco1|Conco1_28857        0.140  24  0.296  19  0.851  15  0.716   0.460 Y  0.450      SignalP-TM
Conco1|Conco1_29036        0.418  23  0.436  23  0.595   9  0.483   0.455 Y  0.450      SignalP-TM
Conco1|Conco1_29379        0.128  26  0.280  11  0.868   2  0.757   0.466 Y  0.450      SignalP-TM
Conco1|Conco1_3229         0.300  26  0.434  26  0.806  19  0.613   0.504 Y  0.450      SignalP-TM
Conco1|Conco1_3302         0.235  20  0.389  20  0.743  17  0.610   0.475 Y  0.450      SignalP-TM
Conco1|Conco1_3302         0.331  20  0.475  20  0.748   6  0.697   0.579 Y  0.570      SignalP-noTM
Conco1|Conco1_3332         0.166  31  0.312  16  0.843  15  0.705   0.465 Y  0.450      SignalP-TM
Conco1|Conco1_3336         0.211  22  0.407  22  0.860  14  0.762   0.546 Y  0.450      SignalP-TM
Conco1|Conco1_3434         0.174  21  0.348  21  0.824  12  0.674   0.475 Y  0.450      SignalP-TM
Conco1|Conco1_3445         0.370  29  0.483  29  0.780  16  0.584   0.522 Y  0.450      SignalP-TM
Conco1|Conco1_3450         0.199  20  0.403  20  0.859  19  0.790   0.585 Y  0.570      SignalP-noTM
Conco1|Conco1_3452         0.342  24  0.474  24  0.739  17  0.538   0.498 Y  0.450      SignalP-TM
Conco1|Conco1_3452         0.650  24  0.631  24  0.772  21  0.494   0.581 Y  0.510      SignalP-TM
Conco1|Conco1_34523        0.314  19  0.519  19  0.926  17  0.847   0.673 Y  0.570      SignalP-noTM
Conco1|Conco1_34523        0.318  27  0.522  27  0.958  17  0.855   0.652 Y  0.450      SignalP-TM
Conco1|Conco1_34566        0.215  25  0.373  20  0.882   1  0.737   0.515 Y  0.450      SignalP-TM
Conco1|Conco1_34566        0.282  20  0.479  20  0.928   6  0.854   0.655 Y  0.570      SignalP-noTM
Conco1|Conco1_34725        0.338  22  0.479  22  0.814  19  0.602   0.527 Y  0.450      SignalP-TM
Conco1|Conco1_34725        0.728  22  0.793  22  0.929  19  0.831   0.811 Y  0.570      SignalP-noTM
Conco1|Conco1_36290        0.633  21  0.593  21  0.794   1  0.567   0.581 Y  0.570      SignalP-noTM
Conco1|Conco1_3633         0.508  19  0.574  19  0.912   1  0.698   0.632 Y  0.570      SignalP-noTM
Conco1|Conco1_36679        0.396  28  0.526  28  0.843  20  0.669   0.582 Y  0.450      SignalP-TM
Conco1|Conco1_36843        0.231  22  0.461  22  0.955  11  0.929   0.681 Y  0.570      SignalP-noTM
Conco1|Conco1_36843        0.256  22  0.418  22  0.933   6  0.743   0.545 Y  0.450      SignalP-TM
Conco1|Conco1_37094        0.266  21  0.399  21  0.718   4  0.623   0.486 Y  0.450      SignalP-TM
Conco1|Conco1_37094        0.634  21  0.611  21  0.758   3  0.630   0.618 Y  0.510      SignalP-TM
Conco1|Conco1_3770         0.170  21  0.375  21  0.955  10  0.863   0.604 Y  0.570      SignalP-noTM
Conco1|Conco1_3779         0.200  24  0.363  24  0.775  15  0.656   0.478 Y  0.450      SignalP-TM
Conco1|Conco1_3780         0.160  24  0.321  24  0.837   3  0.714   0.474 Y  0.450      SignalP-TM
Conco1|Conco1_3782         0.251  25  0.440  25  0.895  13  0.773   0.570 Y  0.450      SignalP-TM
Conco1|Conco1_3783         0.203  16  0.420  16  0.899  12  0.871   0.632 Y  0.570      SignalP-noTM
Conco1|Conco1_3784         0.263  25  0.436  25  0.873  13  0.745   0.556 Y  0.450      SignalP-TM
Conco1|Conco1_3800         0.315  36  0.432  36  0.760  30  0.561   0.482 Y  0.450      SignalP-TM
Conco1|Conco1_3809         0.165  25  0.367  25  0.880  21  0.739   0.512 Y  0.450      SignalP-TM
Conco1|Conco1_38367        0.604  25  0.584  25  0.749  24  0.497   0.550 Y  0.450      SignalP-TM
Conco1|Conco1_38367        0.873  25  0.795  25  0.891  23  0.726   0.763 Y  0.570      SignalP-noTM
Conco1|Conco1_3840         0.227  28  0.362  28  0.870   1  0.642   0.471 Y  0.450      SignalP-TM
Conco1|Conco1_3842         0.292  26  0.452  24  0.880   1  0.746   0.566 Y  0.450      SignalP-TM
Conco1|Conco1_3844         0.184  23  0.371  15  0.866   1  0.832   0.587 Y  0.570      SignalP-noTM
Conco1|Conco1_3844         0.350  26  0.436  26  0.842   1  0.615   0.506 Y  0.450      SignalP-TM
Conco1|Conco1_3849         0.380  26  0.449  26  0.843   1  0.603   0.509 Y  0.450      SignalP-TM
Conco1|Conco1_38907        0.456  22  0.529  22  0.741   2  0.628   0.566 Y  0.510      SignalP-TM
Conco1|Conco1_38907        0.476  28  0.597  28  0.923  14  0.788   0.672 Y  0.450      SignalP-TM
Conco1|Conco1_3959         0.149  21  0.328  21  0.870  15  0.670   0.461 Y  0.450      SignalP-TM
Conco1|Conco1_3977         0.326  33  0.466  33  0.845   1  0.671   0.546 Y  0.450      SignalP-TM
Conco1|Conco1_3982         0.291  24  0.486  24  0.883  22  0.719   0.577 Y  0.450      SignalP-TM
Conco1|Conco1_40340        0.138  32  0.306  21  0.811  19  0.703   0.461 Y  0.450      SignalP-TM
Conco1|Conco1_4043         0.274  26  0.459  26  0.920  15  0.748   0.572 Y  0.450      SignalP-TM
Conco1|Conco1_4043         0.492  26  0.611  26  0.953  14  0.809   0.704 Y  0.570      SignalP-noTM
Conco1|Conco1_4091         0.321  20  0.478  20  0.777  15  0.679   0.552 Y  0.510      SignalP-TM
Conco1|Conco1_4091         0.363  20  0.542  20  0.913  17  0.802   0.643 Y  0.450      SignalP-TM
Conco1|Conco1_4107         0.375  21  0.511  21  0.840  18  0.638   0.561 Y  0.450      SignalP-TM
Conco1|Conco1_4153         0.209  41  0.366  25  0.816   1  0.703   0.497 Y  0.450      SignalP-TM
Conco1|Conco1_4176         0.447  23  0.487  23  0.703  19  0.508   0.495 Y  0.450      SignalP-TM
Conco1|Conco1_42757        0.151  32  0.309  22  0.813  17  0.674   0.452 Y  0.450      SignalP-TM
Conco1|Conco1_42757        0.440  22  0.559  22  0.844   1  0.740   0.644 Y  0.570      SignalP-noTM
Conco1|Conco1_43355        0.169  30  0.343  18  0.890   1  0.790   0.517 Y  0.450      SignalP-TM
Conco1|Conco1_4341         0.749  31  0.797  31  0.950  27  0.709   0.763 Y  0.450      SignalP-TM
Conco1|Conco1_4346         0.459  27  0.607  27  0.901  26  0.668   0.631 Y  0.450      SignalP-TM
Conco1|Conco1_4346         0.732  27  0.695  27  0.715  17  0.521   0.631 Y  0.510      SignalP-TM
Conco1|Conco1_43464        0.196  21  0.379  21  0.881  17  0.736   0.518 Y  0.450      SignalP-TM
Conco1|Conco1_43464        0.417  21  0.593  21  0.945  10  0.843   0.711 Y  0.570      SignalP-noTM
Conco1|Conco1_4417         0.179  20  0.340  20  0.718  16  0.630   0.453 Y  0.450      SignalP-TM
Conco1|Conco1_4417         0.266  20  0.472  20  0.924  17  0.822   0.636 Y  0.570      SignalP-noTM
Conco1|Conco1_45027        0.354  22  0.447  22  0.804  19  0.582   0.499 Y  0.450      SignalP-TM
Conco1|Conco1_45027        0.594  22  0.600  22  0.847  19  0.581   0.591 Y  0.570      SignalP-noTM
Conco1|Conco1_45051        0.196  26  0.346  26  0.913   7  0.725   0.494 Y  0.450      SignalP-TM
Conco1|Conco1_45115        0.168  56  0.303  21  0.859   1  0.756   0.480 Y  0.450      SignalP-TM
Conco1|Conco1_45115        0.259  56  0.362  20  0.896   1  0.814   0.574 Y  0.570      SignalP-noTM
Conco1|Conco1_45667        0.102  38  0.273  14  0.823  12  0.741   0.456 Y  0.450      SignalP-TM
Conco1|Conco1_47107        0.228  23  0.366  23  0.723   7  0.606   0.460 Y  0.450      SignalP-TM
Conco1|Conco1_4901         0.322  28  0.460  28  0.747   3  0.633   0.527 Y  0.450      SignalP-TM
Conco1|Conco1_4903         0.188  24  0.346  24  0.799  17  0.621   0.453 Y  0.450      SignalP-TM
Conco1|Conco1_4904         0.427  20  0.557  20  0.868  18  0.742   0.644 Y  0.570      SignalP-noTM
Conco1|Conco1_4916         0.481  23  0.499  23  0.640   9  0.508   0.502 Y  0.450      SignalP-TM
Conco1|Conco1_4938         0.232  22  0.417  22  0.865  17  0.743   0.570 Y  0.570      SignalP-noTM
Conco1|Conco1_4938         0.246  27  0.406  27  0.848   8  0.688   0.516 Y  0.450      SignalP-TM
Conco1|Conco1_4939         0.216  27  0.410  27  0.924  14  0.781   0.555 Y  0.450      SignalP-TM
Conco1|Conco1_4939         0.377  22  0.505  22  0.821  12  0.703   0.598 Y  0.570      SignalP-noTM
Conco1|Conco1_4985         0.196  18  0.404  18  0.889  12  0.804   0.592 Y  0.570      SignalP-noTM
Conco1|Conco1_4985         0.263  28  0.422  28  0.867  16  0.626   0.502 Y  0.450      SignalP-TM
Conco1|Conco1_5053         0.368  37  0.437  23  0.754   2  0.609   0.504 Y  0.450      SignalP-TM
Conco1|Conco1_50536        0.182  32  0.295  18  0.862   9  0.723   0.462 Y  0.450      SignalP-TM
Conco1|Conco1_5058         0.228  32  0.361  32  0.937   1  0.759   0.517 Y  0.450      SignalP-TM
Conco1|Conco1_5058         0.248  19  0.469  19  0.936   2  0.896   0.670 Y  0.570      SignalP-noTM
Conco1|Conco1_5059         0.136  30  0.291  17  0.847   3  0.800   0.490 Y  0.450      SignalP-TM
Conco1|Conco1_5059         0.209  19  0.404  19  0.898   1  0.809   0.595 Y  0.570      SignalP-noTM
Conco1|Conco1_5154         0.229  23  0.424  23  0.907  15  0.786   0.594 Y  0.570      SignalP-noTM
Conco1|Conco1_5155         0.393  25  0.536  25  0.832  16  0.697   0.598 Y  0.450      SignalP-TM
Conco1|Conco1_5155         0.415  23  0.582  23  0.937  15  0.809   0.689 Y  0.570      SignalP-noTM
Conco1|Conco1_5164         0.271  23  0.406  23  0.694  15  0.591   0.478 Y  0.450      SignalP-TM
Conco1|Conco1_5164         0.516  23  0.616  23  0.877  15  0.773   0.690 Y  0.570      SignalP-noTM
Conco1|Conco1_5178         0.293  23  0.490  23  0.887  16  0.757   0.594 Y  0.450      SignalP-TM
Conco1|Conco1_5178         0.472  23  0.649  23  0.950  15  0.878   0.756 Y  0.570      SignalP-noTM
Conco1|Conco1_5181         0.292  23  0.487  23  0.882  16  0.749   0.589 Y  0.450      SignalP-TM
Conco1|Conco1_5181         0.470  23  0.647  23  0.948  15  0.873   0.753 Y  0.570      SignalP-noTM
Conco1|Conco1_5182         0.505  25  0.618  25  0.854  16  0.726   0.660 Y  0.450      SignalP-TM
Conco1|Conco1_5182         0.576  23  0.676  23  0.910  15  0.790   0.729 Y  0.570      SignalP-noTM
Conco1|Conco1_5183         0.487  25  0.605  25  0.904  16  0.733   0.655 Y  0.450      SignalP-TM
Conco1|Conco1_5183         0.488  23  0.610  23  0.931  15  0.781   0.690 Y  0.570      SignalP-noTM
Conco1|Conco1_5184         0.504  25  0.619  25  0.857  16  0.731   0.662 Y  0.450      SignalP-TM
Conco1|Conco1_5184         0.574  23  0.675  23  0.911  15  0.792   0.730 Y  0.570      SignalP-noTM
Conco1|Conco1_51843        0.253  20  0.473  20  0.938   2  0.897   0.639 Y  0.450      SignalP-TM
Conco1|Conco1_51843        0.366  25  0.461  25  0.921   1  0.700   0.574 Y  0.570      SignalP-noTM
Conco1|Conco1_5185         0.390  22  0.593  22  0.943  11  0.894   0.734 Y  0.570      SignalP-noTM
Conco1|Conco1_5185         0.424  26  0.575  25  0.852  18  0.790   0.659 Y  0.450      SignalP-TM
Conco1|Conco1_5186         0.505  25  0.625  25  0.866  16  0.740   0.670 Y  0.450      SignalP-TM
Conco1|Conco1_5186         0.575  23  0.683  23  0.913  15  0.803   0.739 Y  0.570      SignalP-noTM
Conco1|Conco1_5187         0.504  25  0.619  25  0.857  16  0.731   0.662 Y  0.450      SignalP-TM
Conco1|Conco1_5187         0.574  23  0.675  23  0.911  15  0.792   0.730 Y  0.570      SignalP-noTM
Conco1|Conco1_5189         0.529  23  0.632  23  0.923  15  0.728   0.677 Y  0.570      SignalP-noTM
Conco1|Conco1_5189         0.580  25  0.660  25  0.869  16  0.709   0.679 Y  0.450      SignalP-TM
Conco1|Conco1_5190         0.504  25  0.619  25  0.857  16  0.731   0.662 Y  0.450      SignalP-TM
Conco1|Conco1_5190         0.574  23  0.675  23  0.911  15  0.792   0.730 Y  0.570      SignalP-noTM
Conco1|Conco1_5207         0.240  19  0.444  19  0.890  16  0.829   0.594 Y  0.450      SignalP-TM
Conco1|Conco1_5207         0.392  19  0.568  19  0.909   1  0.846   0.699 Y  0.570      SignalP-noTM
Conco1|Conco1_52581        0.431  21  0.465  21  0.602  20  0.464   0.465 Y  0.450      SignalP-TM
Conco1|Conco1_5311         0.326  30  0.369  30  0.849  10  0.578   0.451 Y  0.450      SignalP-TM
Conco1|Conco1_5311         0.352  21  0.574  21  0.972  17  0.915   0.734 Y  0.570      SignalP-noTM
Conco1|Conco1_5336         0.291  26  0.501  26  0.938  16  0.825   0.627 Y  0.450      SignalP-TM
Conco1|Conco1_5336         0.380  26  0.489  26  0.902  19  0.695   0.586 Y  0.570      SignalP-noTM
Conco1|Conco1_5337         0.462  21  0.551  21  0.864  17  0.606   0.573 Y  0.450      SignalP-TM
Conco1|Conco1_5337         0.811  21  0.720  21  0.843  17  0.665   0.695 Y  0.570      SignalP-noTM
Conco1|Conco1_5338         0.465  21  0.529  21  0.775   1  0.636   0.580 Y  0.570      SignalP-noTM
Conco1|Conco1_5341         0.225  27  0.345  27  0.793  14  0.619   0.452 Y  0.450      SignalP-TM
Conco1|Conco1_5344         0.188  45  0.379  25  0.961  14  0.872   0.571 Y  0.450      SignalP-TM
Conco1|Conco1_5344         0.197  45  0.316  16  0.932  11  0.881   0.581 Y  0.570      SignalP-noTM
Conco1|Conco1_5517         0.203  29  0.407  24  0.906  16  0.821   0.568 Y  0.450      SignalP-TM
Conco1|Conco1_5518         0.220  29  0.404  24  0.915  16  0.850   0.578 Y  0.450      SignalP-TM
Conco1|Conco1_5518         0.337  24  0.464  24  0.841   4  0.703   0.576 Y  0.570      SignalP-noTM
Conco1|Conco1_5519         0.207  24  0.378  24  0.832  14  0.663   0.489 Y  0.450      SignalP-TM
Conco1|Conco1_5524         0.245  27  0.427  27  0.925   8  0.810   0.576 Y  0.450      SignalP-TM
Conco1|Conco1_5527         0.175  27  0.347  20  0.913  11  0.841   0.579 Y  0.570      SignalP-noTM
Conco1|Conco1_5527         0.255  27  0.424  27  0.919   8  0.781   0.564 Y  0.450      SignalP-TM
Conco1|Conco1_55586        0.441  21  0.521  21  0.824   7  0.672   0.580 Y  0.450      SignalP-TM
Conco1|Conco1_5637         0.466  21  0.572  21  0.842  19  0.703   0.633 Y  0.570      SignalP-noTM
Conco1|Conco1_57553        0.720  29  0.556  29  0.665  27  0.417   0.502 Y  0.450      SignalP-TM
Conco1|Conco1_57553        0.727  29  0.691  29  0.914   8  0.761   0.724 Y  0.570      SignalP-noTM
Conco1|Conco1_57669        0.221  24  0.409  24  0.840  12  0.730   0.534 Y  0.450      SignalP-TM
Conco1|Conco1_5773         0.190  33  0.325  22  0.865  13  0.666   0.458 Y  0.450      SignalP-TM
Conco1|Conco1_5784         0.180  34  0.287  20  0.865  14  0.728   0.459 Y  0.450      SignalP-TM
Conco1|Conco1_5936         0.159  25  0.327  25  0.768  16  0.655   0.455 Y  0.450      SignalP-TM
Conco1|Conco1_5941         0.165  24  0.304  17  0.769   2  0.692   0.455 Y  0.450      SignalP-TM
Conco1|Conco1_59520        0.208  21  0.387  19  0.887   2  0.802   0.582 Y  0.570      SignalP-noTM
Conco1|Conco1_5959         0.253  27  0.386  27  0.716   8  0.614   0.475 Y  0.450      SignalP-TM
Conco1|Conco1_6134         0.264  24  0.431  24  0.896  18  0.710   0.540 Y  0.450      SignalP-TM
Conco1|Conco1_6134         0.661  19  0.673  19  0.837   1  0.698   0.685 Y  0.570      SignalP-noTM
Conco1|Conco1_6138         0.322  27  0.417  17  0.800   1  0.696   0.526 Y  0.450      SignalP-TM
Conco1|Conco1_6138         0.415  17  0.560  17  0.832  15  0.760   0.654 Y  0.570      SignalP-noTM
Conco1|Conco1_6155         0.209  50  0.366  24  0.912   2  0.775   0.526 Y  0.450      SignalP-TM
Conco1|Conco1_61581        0.475  45  0.557  45  0.799  44  0.309   0.460 Y  0.450      SignalP-TM
Conco1|Conco1_6324         0.186  28  0.380  28  0.902  15  0.791   0.540 Y  0.450      SignalP-TM
Conco1|Conco1_6324         0.409  23  0.533  23  0.907  15  0.750   0.635 Y  0.570      SignalP-noTM
Conco1|Conco1_6363         0.271  37  0.314  22  0.773  12  0.687   0.459 Y  0.450      SignalP-TM
Conco1|Conco1_6446         0.177  20  0.365  20  0.897  17  0.727   0.507 Y  0.450      SignalP-TM
Conco1|Conco1_6446         0.552  20  0.615  20  0.815   2  0.726   0.667 Y  0.570      SignalP-noTM
Conco1|Conco1_6447         0.173  37  0.323  27  0.853  12  0.732   0.483 Y  0.450      SignalP-TM
Conco1|Conco1_6447         0.309  18  0.511  18  0.900   7  0.845   0.668 Y  0.570      SignalP-noTM
Conco1|Conco1_6450         0.147  28  0.321  27  0.842  12  0.685   0.463 Y  0.450      SignalP-TM
Conco1|Conco1_6450         0.244  18  0.456  18  0.905   9  0.851   0.642 Y  0.570      SignalP-noTM
Conco1|Conco1_6597         0.246  25  0.413  25  0.754  17  0.683   0.518 Y  0.450      SignalP-TM
Conco1|Conco1_6598         0.609  29  0.660  29  0.889  20  0.750   0.695 Y  0.450      SignalP-TM
Conco1|Conco1_6612         0.333  24  0.479  24  0.906  14  0.743   0.603 Y  0.570      SignalP-noTM
Conco1|Conco1_6612         0.358  24  0.531  24  0.850  15  0.783   0.629 Y  0.450      SignalP-TM
Conco1|Conco1_6613         0.237  26  0.444  26  0.911  18  0.802   0.583 Y  0.450      SignalP-TM
Conco1|Conco1_6654         0.353  40  0.444  23  0.826   9  0.742   0.560 Y  0.450      SignalP-TM
Conco1|Conco1_6718         0.268  23  0.398  23  0.803  18  0.619   0.484 Y  0.450      SignalP-TM
Conco1|Conco1_6719         0.201  21  0.393  21  0.843   1  0.784   0.546 Y  0.450      SignalP-TM
Conco1|Conco1_6719         0.310  21  0.461  21  0.806   1  0.699   0.573 Y  0.570      SignalP-noTM
Conco1|Conco1_6722         0.184  21  0.383  21  0.860   1  0.799   0.546 Y  0.450      SignalP-TM
Conco1|Conco1_6725         0.457  20  0.606  20  0.882  18  0.800   0.697 Y  0.570      SignalP-noTM
Conco1|Conco1_6725         0.471  52  0.390  28  0.897  18  0.701   0.511 Y  0.450      SignalP-TM
Conco1|Conco1_6752         0.392  34  0.379  26  0.898  16  0.748   0.523 Y  0.450      SignalP-TM
Conco1|Conco1_6753         0.494  25  0.670  25  0.973  14  0.924   0.789 Y  0.570      SignalP-noTM
Conco1|Conco1_6753         0.620  30  0.709  30  0.974  19  0.877   0.774 Y  0.450      SignalP-TM
Conco1|Conco1_67685        0.274  17  0.492  17  0.938   2  0.892   0.680 Y  0.570      SignalP-noTM
Conco1|Conco1_67842        0.324  22  0.487  22  0.877  18  0.681   0.578 Y  0.570      SignalP-noTM
Conco1|Conco1_68036        0.215  25  0.374  25  0.745  12  0.611   0.466 Y  0.450      SignalP-TM
Conco1|Conco1_68090        0.446  21  0.481  21  0.641   3  0.539   0.503 Y  0.450      SignalP-TM
Conco1|Conco1_68090        0.604  21  0.669  21  0.853   5  0.772   0.717 Y  0.570      SignalP-noTM
Conco1|Conco1_6809         0.160  21  0.332  21  0.836   2  0.733   0.489 Y  0.450      SignalP-TM
Conco1|Conco1_6809         0.548  21  0.670  21  0.934   1  0.847   0.753 Y  0.570      SignalP-noTM
Conco1|Conco1_6827         0.298  32  0.446  32  0.954  16  0.807   0.587 Y  0.450      SignalP-TM
Conco1|Conco1_6827         0.342  32  0.476  18  0.942  16  0.891   0.671 Y  0.570      SignalP-noTM
Conco1|Conco1_68282        0.166  21  0.353  21  0.889  15  0.717   0.495 Y  0.450      SignalP-TM
Conco1|Conco1_68282        0.204  16  0.418  16  0.893  14  0.859   0.625 Y  0.570      SignalP-noTM
Conco1|Conco1_68485        0.547  19  0.708  19  0.971  17  0.907   0.802 Y  0.570      SignalP-noTM
Conco1|Conco1_68485        0.609  27  0.729  27  0.956  17  0.871   0.785 Y  0.450      SignalP-TM
Conco1|Conco1_68489        0.281  43  0.414  26  0.868   4  0.770   0.553 Y  0.450      SignalP-TM
Conco1|Conco1_68627        0.207  24  0.396  24  0.858  20  0.746   0.533 Y  0.450      SignalP-TM
Conco1|Conco1_68627        0.217  21  0.426  21  0.909  13  0.797   0.600 Y  0.570      SignalP-noTM
Conco1|Conco1_68628        0.214  25  0.390  18  0.904  14  0.835   0.599 Y  0.570      SignalP-noTM
Conco1|Conco1_68628        0.317  25  0.504  25  0.869  15  0.785   0.613 Y  0.450      SignalP-TM
Conco1|Conco1_68673        0.225  31  0.410  31  0.843  19  0.700   0.523 Y  0.450      SignalP-TM
Conco1|Conco1_68815        0.305  27  0.442  27  0.825  14  0.649   0.523 Y  0.450      SignalP-TM
Conco1|Conco1_68815        0.370  17  0.535  17  0.877  13  0.708   0.599 Y  0.510      SignalP-TM
Conco1|Conco1_68816        0.389  29  0.526  29  0.951  16  0.793   0.630 Y  0.450      SignalP-TM
Conco1|Conco1_68816        0.479  23  0.592  23  0.868  16  0.751   0.651 Y  0.510      SignalP-TM
Conco1|Conco1_69060        0.233  27  0.395  20  0.901  14  0.818   0.594 Y  0.570      SignalP-noTM
Conco1|Conco1_6906         0.660  23  0.680  23  0.816  18  0.691   0.684 Y  0.450      SignalP-TM
Conco1|Conco1_6906         0.748  23  0.703  23  0.836  18  0.673   0.692 Y  0.510      SignalP-TM
Conco1|Conco1_69091        0.603  24  0.659  24  0.794   1  0.711   0.679 Y  0.450      SignalP-TM
Conco1|Conco1_6911         0.545  21  0.590  21  0.784   1  0.654   0.620 Y  0.570      SignalP-noTM
Conco1|Conco1_6912         0.546  21  0.592  21  0.782  17  0.652   0.620 Y  0.570      SignalP-noTM
Conco1|Conco1_69360        0.183  21  0.339  21  0.762   5  0.629   0.452 Y  0.450      SignalP-TM
Conco1|Conco1_69364        0.234  23  0.412  23  0.859  17  0.742   0.541 Y  0.450      SignalP-TM
Conco1|Conco1_69364        0.596  18  0.657  18  0.875  16  0.736   0.694 Y  0.570      SignalP-noTM
Conco1|Conco1_69425        0.127  23  0.291  12  0.889   1  0.845   0.507 Y  0.450      SignalP-TM
Conco1|Conco1_69580        0.147  24  0.356  24  0.938  17  0.873   0.599 Y  0.570      SignalP-noTM
Conco1|Conco1_69580        0.232  30  0.393  24  0.921  12  0.810   0.555 Y  0.450      SignalP-TM
Conco1|Conco1_69700        0.131  30  0.273  14  0.837   5  0.740   0.455 Y  0.450      SignalP-TM
Conco1|Conco1_69847        0.329  22  0.499  22  0.853  16  0.620   0.543 Y  0.510      SignalP-TM
Conco1|Conco1_69847        0.383  27  0.556  27  0.916  19  0.673   0.602 Y  0.450      SignalP-TM
Conco1|Conco1_69938        0.175  24  0.350  24  0.902  17  0.723   0.496 Y  0.450      SignalP-TM
Conco1|Conco1_69938        0.416  21  0.539  21  0.869  17  0.714   0.621 Y  0.570      SignalP-noTM
Conco1|Conco1_70026        0.164  21  0.369  21  0.914   1  0.848   0.594 Y  0.570      SignalP-noTM
Conco1|Conco1_70237        0.224  31  0.279  15  0.839  14  0.741   0.459 Y  0.450      SignalP-TM
Conco1|Conco1_70249        0.307  31  0.385  31  0.810  16  0.631   0.481 Y  0.450      SignalP-TM
Conco1|Conco1_70391        0.287  17  0.470  17  0.886  16  0.744   0.598 Y  0.570      SignalP-noTM
Conco1|Conco1_70438        0.212  20  0.427  20  0.936  16  0.822   0.581 Y  0.450      SignalP-TM
Conco1|Conco1_70438        0.601  20  0.720  20  0.947  10  0.879   0.795 Y  0.570      SignalP-noTM
Conco1|Conco1_70550        0.250  37  0.385  24  0.825  16  0.586   0.464 Y  0.450      SignalP-TM
Conco1|Conco1_70557        0.271  24  0.435  24  0.917   1  0.771   0.593 Y  0.570      SignalP-noTM
Conco1|Conco1_70557        0.318  29  0.517  24  0.924  18  0.853   0.648 Y  0.450      SignalP-TM
Conco1|Conco1_70800        0.269  26  0.423  26  0.874  15  0.704   0.533 Y  0.450      SignalP-TM
Conco1|Conco1_70827        0.306  29  0.438  23  0.914  12  0.824   0.619 Y  0.570      SignalP-noTM
Conco1|Conco1_70827        0.380  29  0.476  29  0.870   7  0.704   0.565 Y  0.450      SignalP-TM
Conco1|Conco1_70970        0.233  29  0.383  29  0.943  18  0.699   0.506 Y  0.450      SignalP-TM
Conco1|Conco1_70971        0.244  21  0.423  21  0.847   2  0.767   0.584 Y  0.570      SignalP-noTM
Conco1|Conco1_70971        0.307  28  0.485  28  0.903  18  0.773   0.598 Y  0.450      SignalP-TM
Conco1|Conco1_70976        0.206  20  0.391  20  0.802  16  0.738   0.526 Y  0.450      SignalP-TM
Conco1|Conco1_70976        0.452  20  0.574  20  0.842   6  0.753   0.658 Y  0.570      SignalP-noTM
Conco1|Conco1_70995        0.566  23  0.545  23  0.713  19  0.551   0.547 Y  0.450      SignalP-TM
Conco1|Conco1_70995        0.659  23  0.661  23  0.826   3  0.708   0.683 Y  0.570      SignalP-noTM
Conco1|Conco1_71072        0.497  19  0.568  19  0.792  13  0.572   0.570 Y  0.450      SignalP-TM
Conco1|Conco1_71072        0.523  19  0.617  19  0.902  15  0.671   0.642 Y  0.570      SignalP-noTM
Conco1|Conco1_71309        0.376  21  0.535  21  0.893   1  0.799   0.659 Y  0.570      SignalP-noTM
Conco1|Conco1_71376        0.378  25  0.584  25  0.937  17  0.890   0.704 Y  0.450      SignalP-TM
Conco1|Conco1_71416        0.308  30  0.450  30  0.833  23  0.537   0.484 Y  0.450      SignalP-TM
Conco1|Conco1_71507        0.152  29  0.315  23  0.905   9  0.763   0.490 Y  0.450      SignalP-TM
Conco1|Conco1_71543        0.203  16  0.415  16  0.909  13  0.847   0.618 Y  0.570      SignalP-noTM
Conco1|Conco1_71543        0.429  25  0.591  25  0.874  19  0.811   0.677 Y  0.450      SignalP-TM
Conco1|Conco1_71549        0.332  37  0.469  27  0.961  17  0.845   0.646 Y  0.570      SignalP-noTM
Conco1|Conco1_71549        0.415  24  0.630  24  0.973  17  0.911   0.739 Y  0.450      SignalP-TM
Conco1|Conco1_71628        0.206  21  0.428  21  0.921   4  0.896   0.611 Y  0.450      SignalP-TM
Conco1|Conco1_71628        0.456  21  0.644  21  0.969  10  0.918   0.773 Y  0.570      SignalP-noTM
Conco1|Conco1_71797        0.296  28  0.433  28  0.823  16  0.697   0.536 Y  0.450      SignalP-TM
Conco1|Conco1_71812        0.159  60  0.361  24  0.969  18  0.916   0.622 Y  0.570      SignalP-noTM
Conco1|Conco1_71812        0.290  60  0.342  30  0.942  11  0.829   0.532 Y  0.450      SignalP-TM
Conco1|Conco1_71867        0.184  34  0.384  21  0.901  16  0.817   0.553 Y  0.450      SignalP-TM
Conco1|Conco1_71867        0.210  27  0.344  16  0.911   1  0.881   0.597 Y  0.570      SignalP-noTM
Conco1|Conco1_71869        0.306  20  0.483  20  0.926  18  0.770   0.595 Y  0.450      SignalP-TM
Conco1|Conco1_71869        0.628  20  0.708  20  0.890   6  0.820   0.761 Y  0.570      SignalP-noTM
Conco1|Conco1_71870        0.279  48  0.414  31  0.889  15  0.777   0.556 Y  0.450      SignalP-TM
Conco1|Conco1_71873        0.520  22  0.600  22  0.829   4  0.732   0.662 Y  0.570      SignalP-noTM
Conco1|Conco1_71880        0.267  28  0.437  28  0.852   2  0.764   0.565 Y  0.450      SignalP-TM
Conco1|Conco1_71887        0.337  20  0.451  20  0.806  18  0.599   0.509 Y  0.450      SignalP-TM
Conco1|Conco1_71887        0.613  20  0.640  20  0.800   1  0.694   0.665 Y  0.570      SignalP-noTM
Conco1|Conco1_71935        0.454  26  0.587  26  0.925   6  0.809   0.674 Y  0.450      SignalP-TM
Conco1|Conco1_71935        0.736  24  0.809  24  0.934  10  0.903   0.853 Y  0.570      SignalP-noTM
Conco1|Conco1_71936        0.455  26  0.589  26  0.926   6  0.812   0.676 Y  0.450      SignalP-TM
Conco1|Conco1_71936        0.736  24  0.809  24  0.936  10  0.905   0.854 Y  0.570      SignalP-noTM
Conco1|Conco1_7200         0.293  19  0.500  19  0.904  18  0.853   0.638 Y  0.450      SignalP-TM
Conco1|Conco1_7200         0.537  22  0.692  22  0.937   8  0.900   0.790 Y  0.570      SignalP-noTM
Conco1|Conco1_7203         0.433  29  0.443  22  0.933  14  0.838   0.629 Y  0.570      SignalP-noTM
Conco1|Conco1_7203         0.645  29  0.641  29  0.949  16  0.769   0.691 Y  0.450      SignalP-TM
Conco1|Conco1_72079        0.181  33  0.357  19  0.952  12  0.893   0.566 Y  0.450      SignalP-TM
Conco1|Conco1_72079        0.250  17  0.485  17  0.960  15  0.929   0.694 Y  0.570      SignalP-noTM
Conco1|Conco1_7223         0.623  21  0.699  21  0.871  19  0.786   0.740 Y  0.570      SignalP-noTM
Conco1|Conco1_7224         0.622  21  0.698  21  0.869  19  0.783   0.738 Y  0.570      SignalP-noTM
Conco1|Conco1_72462        0.226  23  0.369  23  0.769  18  0.621   0.468 Y  0.450      SignalP-TM
Conco1|Conco1_72479        0.171  16  0.376  16  0.899  10  0.831   0.590 Y  0.570      SignalP-noTM
Conco1|Conco1_72479        0.199  24  0.357  24  0.750  13  0.662   0.476 Y  0.450      SignalP-TM
Conco1|Conco1_72539        0.203  26  0.390  24  0.872  12  0.763   0.535 Y  0.450      SignalP-TM
Conco1|Conco1_72539        0.224  24  0.432  24  0.949  13  0.841   0.624 Y  0.570      SignalP-noTM
Conco1|Conco1_72666        0.153  24  0.328  16  0.924   8  0.866   0.538 Y  0.450      SignalP-TM
Conco1|Conco1_72729        0.232  25  0.383  25  0.881  16  0.621   0.476 Y  0.450      SignalP-TM
Conco1|Conco1_72779        0.527  20  0.648  20  0.914  19  0.788   0.702 Y  0.450      SignalP-TM
Conco1|Conco1_72779        0.555  20  0.657  20  0.916  18  0.806   0.727 Y  0.570      SignalP-noTM
Conco1|Conco1_72883        0.283  21  0.516  21  0.979  14  0.925   0.709 Y  0.570      SignalP-noTM
Conco1|Conco1_72883        0.353  23  0.545  23  0.916  13  0.838   0.659 Y  0.450      SignalP-TM
Conco1|Conco1_72913        0.241  21  0.420  21  0.858   4  0.770   0.584 Y  0.570      SignalP-noTM
Conco1|Conco1_72950        0.250  29  0.425  17  0.937  11  0.906   0.613 Y  0.450      SignalP-TM
Conco1|Conco1_72950        0.290  17  0.523  17  0.962  11  0.942   0.720 Y  0.570      SignalP-noTM
Conco1|Conco1_72963        0.376  20  0.586  20  0.941  14  0.912   0.739 Y  0.570      SignalP-noTM
Conco1|Conco1_72963        0.479  27  0.629  27  0.936  18  0.862   0.720 Y  0.450      SignalP-TM
Conco1|Conco1_73013        0.163  59  0.315  20  0.825  15  0.729   0.477 Y  0.450      SignalP-TM
Conco1|Conco1_73018        0.178  26  0.393  26  0.940  17  0.797   0.551 Y  0.450      SignalP-TM
Conco1|Conco1_73019        0.106  61  0.286  14  0.847   6  0.776   0.477 Y  0.450      SignalP-TM
Conco1|Conco1_73233        0.200  69  0.299  22  0.859  15  0.776   0.485 Y  0.450      SignalP-TM
Conco1|Conco1_73233        0.217  20  0.446  20  0.944  11  0.886   0.653 Y  0.570      SignalP-noTM
Conco1|Conco1_73307        0.330  16  0.465  16  0.808   1  0.681   0.545 Y  0.510      SignalP-TM
Conco1|Conco1_73315        0.362  22  0.481  22  0.783  18  0.657   0.550 Y  0.450      SignalP-TM
Conco1|Conco1_73315        0.657  22  0.649  22  0.870  19  0.612   0.631 Y  0.570      SignalP-noTM
Conco1|Conco1_73323        0.286  28  0.390  28  0.915  16  0.604   0.474 Y  0.450      SignalP-TM
Conco1|Conco1_73411        0.358  20  0.458  20  0.804   5  0.637   0.528 Y  0.450      SignalP-TM
Conco1|Conco1_73488        0.181  25  0.325  25  0.823   7  0.649   0.451 Y  0.450      SignalP-TM
Conco1|Conco1_73520        0.165  29  0.333  29  0.821  17  0.640   0.453 Y  0.450      SignalP-TM
Conco1|Conco1_7362         0.161  25  0.337  25  0.814  17  0.694   0.476 Y  0.450      SignalP-TM
Conco1|Conco1_73865        0.325  21  0.497  21  0.859   4  0.784   0.609 Y  0.450      SignalP-TM
Conco1|Conco1_73865        0.730  21  0.761  21  0.904  19  0.826   0.791 Y  0.570      SignalP-noTM
Conco1|Conco1_73880        0.267  23  0.437  23  0.855   1  0.732   0.552 Y  0.450      SignalP-TM
Conco1|Conco1_73880        0.287  23  0.437  23  0.898  16  0.726   0.573 Y  0.570      SignalP-noTM
Conco1|Conco1_73929        0.268  24  0.449  24  0.869  17  0.749   0.566 Y  0.450      SignalP-TM
Conco1|Conco1_74071        0.267  35  0.437  24  0.959  15  0.916   0.624 Y  0.450      SignalP-TM
Conco1|Conco1_74075        0.312  29  0.491  19  0.901   7  0.841   0.628 Y  0.450      SignalP-TM
Conco1|Conco1_74075        0.403  19  0.575  19  0.913  18  0.836   0.698 Y  0.570      SignalP-noTM
Conco1|Conco1_74076        0.292  19  0.498  19  0.937  18  0.832   0.628 Y  0.450      SignalP-TM
Conco1|Conco1_74076        0.295  19  0.505  19  0.934  18  0.870   0.677 Y  0.570      SignalP-noTM
Conco1|Conco1_74264        0.197  40  0.337  31  0.829  12  0.717   0.485 Y  0.450      SignalP-TM
Conco1|Conco1_74285        0.232  21  0.392  21  0.846  17  0.641   0.489 Y  0.450      SignalP-TM
Conco1|Conco1_74306        0.186  25  0.384  25  0.934  10  0.819   0.588 Y  0.570      SignalP-noTM
Conco1|Conco1_74306        0.209  25  0.417  25  0.913  13  0.812   0.571 Y  0.450      SignalP-TM
Conco1|Conco1_74487        0.148  27  0.355  22  0.968  11  0.911   0.572 Y  0.450      SignalP-TM
Conco1|Conco1_74518        0.195  60  0.360  19  0.772   9  0.683   0.486 Y  0.450      SignalP-TM
Conco1|Conco1_74556        0.381  21  0.443  21  0.638   9  0.497   0.464 Y  0.450      SignalP-TM
Conco1|Conco1_74559        0.136  34  0.304  21  0.845  17  0.701   0.459 Y  0.450      SignalP-TM
Conco1|Conco1_74582        0.173  30  0.328  17  0.864  16  0.717   0.480 Y  0.450      SignalP-TM
Conco1|Conco1_74582        0.303  17  0.506  17  0.902  12  0.835   0.661 Y  0.570      SignalP-noTM
Conco1|Conco1_74600        0.178  23  0.377  21  0.925  11  0.838   0.594 Y  0.570      SignalP-noTM
Conco1|Conco1_74600        0.303  26  0.426  26  0.879   1  0.712   0.538 Y  0.450      SignalP-TM
Conco1|Conco1_74607        0.250  21  0.450  21  0.859  15  0.778   0.578 Y  0.450      SignalP-TM
Conco1|Conco1_74607        0.272  21  0.448  21  0.829  14  0.742   0.586 Y  0.570      SignalP-noTM
Conco1|Conco1_74633        0.423  49  0.460  19  0.931  16  0.859   0.616 Y  0.450      SignalP-TM
Conco1|Conco1_74633        0.548  19  0.669  19  0.899   1  0.816   0.738 Y  0.570      SignalP-noTM
Conco1|Conco1_74710        0.284  22  0.418  22  0.796  10  0.636   0.503 Y  0.450      SignalP-TM
Conco1|Conco1_74710        0.591  22  0.676  22  0.900  10  0.798   0.733 Y  0.570      SignalP-noTM
Conco1|Conco1_74836        0.639  20  0.738  20  0.943  16  0.836   0.776 Y  0.450      SignalP-TM
Conco1|Conco1_74836        0.781  20  0.731  20  0.901  16  0.689   0.711 Y  0.570      SignalP-noTM
Conco1|Conco1_74861        0.200  22  0.391  20  0.848  11  0.782   0.543 Y  0.450      SignalP-TM
Conco1|Conco1_74861        0.404  20  0.543  20  0.890   7  0.777   0.653 Y  0.570      SignalP-noTM
Conco1|Conco1_74967        0.189  22  0.361  22  0.870  18  0.731   0.506 Y  0.450      SignalP-TM
Conco1|Conco1_74967        0.562  22  0.642  22  0.929   6  0.810   0.721 Y  0.570      SignalP-noTM
Conco1|Conco1_75009        0.421  19  0.523  19  0.798   3  0.675   0.595 Y  0.570      SignalP-noTM
Conco1|Conco1_75046        0.222  42  0.332  20  0.767  18  0.640   0.452 Y  0.450      SignalP-TM
Conco1|Conco1_75046        0.343  22  0.487  22  0.836   3  0.736   0.604 Y  0.570      SignalP-noTM
Conco1|Conco1_75131        0.181  30  0.326  30  0.824  16  0.677   0.463 Y  0.450      SignalP-TM
Conco1|Conco1_75141        0.112  29  0.277  17  0.825  12  0.731   0.454 Y  0.450      SignalP-TM
Conco1|Conco1_7518         0.329  25  0.561  25  0.979  20  0.952   0.713 Y  0.450      SignalP-TM
Conco1|Conco1_7518         0.661  22  0.792  22  0.963  17  0.949   0.866 Y  0.570      SignalP-noTM
Conco1|Conco1_75269        0.213  22  0.407  22  0.900  17  0.779   0.582 Y  0.570      SignalP-noTM
Conco1|Conco1_75269        0.353  22  0.462  22  0.767  18  0.618   0.523 Y  0.450      SignalP-TM
Conco1|Conco1_75272        0.314  21  0.517  19  0.905  14  0.872   0.683 Y  0.570      SignalP-noTM
Conco1|Conco1_75881        0.623  49  0.524  49  0.686   1  0.459   0.499 Y  0.450      SignalP-TM
Conco1|Conco1_7590         0.193  27  0.374  27  0.899  17  0.727   0.512 Y  0.450      SignalP-TM
Conco1|Conco1_7590         0.255  21  0.439  21  0.921   1  0.776   0.597 Y  0.570      SignalP-noTM
Conco1|Conco1_7591         0.230  27  0.396  27  0.865  17  0.740   0.530 Y  0.450      SignalP-TM
Conco1|Conco1_7591         0.289  21  0.473  21  0.931   1  0.804   0.629 Y  0.570      SignalP-noTM
Conco1|Conco1_7594         0.218  21  0.408  21  0.894  17  0.765   0.547 Y  0.450      SignalP-TM
Conco1|Conco1_7594         0.257  21  0.427  21  0.907   1  0.733   0.571 Y  0.570      SignalP-noTM
Conco1|Conco1_7597         0.366  26  0.506  26  0.927  16  0.788   0.639 Y  0.570      SignalP-noTM
Conco1|Conco1_7599         0.165  25  0.358  25  0.934  17  0.845   0.587 Y  0.570      SignalP-noTM
Conco1|Conco1_7599         0.316  25  0.492  25  0.902  10  0.805   0.615 Y  0.450      SignalP-TM
Conco1|Conco1_7603         0.133  49  0.303  23  0.874  11  0.785   0.491 Y  0.450      SignalP-TM
Conco1|Conco1_7618         0.229  19  0.432  19  0.915   1  0.819   0.614 Y  0.570      SignalP-noTM
Conco1|Conco1_7618         0.243  19  0.450  19  0.941  16  0.838   0.601 Y  0.450      SignalP-TM
Conco1|Conco1_7631         0.216  28  0.345  28  0.838  18  0.632   0.457 Y  0.450      SignalP-TM
Conco1|Conco1_7631         0.329  19  0.505  19  0.898   1  0.802   0.645 Y  0.570      SignalP-noTM
Conco1|Conco1_7639         0.166  18  0.338  18  0.743   7  0.689   0.475 Y  0.450      SignalP-TM
Conco1|Conco1_7639         0.362  18  0.497  18  0.857  17  0.696   0.590 Y  0.570      SignalP-noTM
Conco1|Conco1_76917        0.151  43  0.285  13  0.848  12  0.798   0.485 Y  0.450      SignalP-TM
Conco1|Conco1_77224        0.139  30  0.284  12  0.775   6  0.725   0.456 Y  0.450      SignalP-TM
Conco1|Conco1_77248        0.196  24  0.360  24  0.796  14  0.608   0.457 Y  0.450      SignalP-TM
Conco1|Conco1_77312        0.224  22  0.412  19  0.846  17  0.789   0.589 Y  0.570      SignalP-noTM
Conco1|Conco1_77460        0.139  25  0.303  18  0.826  16  0.734   0.471 Y  0.450      SignalP-TM
Conco1|Conco1_77460        0.187  18  0.384  18  0.891  16  0.798   0.579 Y  0.570      SignalP-noTM
Conco1|Conco1_7758         0.290  23  0.438  23  0.727  19  0.601   0.502 Y  0.450      SignalP-TM
Conco1|Conco1_7758         0.389  23  0.554  23  0.873  11  0.745   0.625 Y  0.510      SignalP-TM
Conco1|Conco1_77582        0.327  20  0.479  20  0.791  18  0.690   0.562 Y  0.450      SignalP-TM
Conco1|Conco1_77582        0.827  20  0.811  20  0.874   1  0.812   0.811 Y  0.570      SignalP-noTM
Conco1|Conco1_77583        0.388  20  0.511  20  0.864   1  0.695   0.583 Y  0.450      SignalP-TM
Conco1|Conco1_77583        0.816  20  0.794  20  0.855   1  0.788   0.791 Y  0.570      SignalP-noTM
Conco1|Conco1_77603        0.418  26  0.510  26  0.736  11  0.619   0.552 Y  0.450      SignalP-TM
Conco1|Conco1_7761         0.431  25  0.491  25  0.670  12  0.556   0.516 Y  0.450      SignalP-TM
Conco1|Conco1_77642        0.185  28  0.336  28  0.908   5  0.751   0.498 Y  0.450      SignalP-TM
Conco1|Conco1_77644        0.157  23  0.348  23  0.859  18  0.774   0.514 Y  0.450      SignalP-TM
Conco1|Conco1_7766         0.573  21  0.632  21  0.750  20  0.600   0.620 Y  0.510      SignalP-TM
Conco1|Conco1_77683        0.190  29  0.272  13  0.804   3  0.745   0.457 Y  0.450      SignalP-TM
Conco1|Conco1_77709        0.224  26  0.385  26  0.790   8  0.706   0.511 Y  0.450      SignalP-TM
Conco1|Conco1_77734        0.329  20  0.541  20  0.960  17  0.877   0.699 Y  0.570      SignalP-noTM
Conco1|Conco1_77734        0.342  32  0.509  32  0.970  16  0.871   0.650 Y  0.450      SignalP-TM
Conco1|Conco1_77752        0.180  25  0.356  25  0.773  24  0.653   0.472 Y  0.450      SignalP-TM
Conco1|Conco1_77811        0.244  36  0.389  36  0.761  30  0.636   0.485 Y  0.450      SignalP-TM
Conco1|Conco1_77833        0.289  64  0.285  12  0.838   9  0.784   0.480 Y  0.450      SignalP-TM
Conco1|Conco1_77869        0.168  27  0.356  27  0.885  23  0.676   0.481 Y  0.450      SignalP-TM
Conco1|Conco1_77869        0.172  25  0.379  25  0.933  19  0.834   0.593 Y  0.570      SignalP-noTM
Conco1|Conco1_77893        0.380  51  0.442  51  0.749  22  0.507   0.468 Y  0.450      SignalP-TM
Conco1|Conco1_77936        0.166  25  0.338  25  0.872  16  0.691   0.476 Y  0.450      SignalP-TM
Conco1|Conco1_77936        0.262  19  0.435  19  0.850  15  0.736   0.576 Y  0.570      SignalP-noTM
Conco1|Conco1_77957        0.130  29  0.294  13  0.881   3  0.821   0.499 Y  0.450      SignalP-TM
Conco1|Conco1_78010        0.574  23  0.677  23  0.891   1  0.801   0.726 Y  0.450      SignalP-TM
Conco1|Conco1_78245        0.199  22  0.384  22  0.847  19  0.728   0.518 Y  0.450      SignalP-TM
Conco1|Conco1_78245        0.615  22  0.603  22  0.838   6  0.677   0.638 Y  0.570      SignalP-noTM
Conco1|Conco1_78247        0.161  21  0.334  21  0.780  19  0.684   0.471 Y  0.450      SignalP-TM
Conco1|Conco1_78316        0.324  19  0.487  19  0.833   1  0.732   0.602 Y  0.570      SignalP-noTM
Conco1|Conco1_78356        0.153  51  0.273  13  0.773   2  0.733   0.452 Y  0.450      SignalP-TM
Conco1|Conco1_78407        0.248  24  0.438  24  0.890  19  0.808   0.612 Y  0.570      SignalP-noTM
Conco1|Conco1_78453        0.116  33  0.298  18  0.884  11  0.802   0.495 Y  0.450      SignalP-TM
Conco1|Conco1_78498        0.460  26  0.570  26  0.791  23  0.519   0.551 Y  0.510      SignalP-TM
Conco1|Conco1_78498        0.562  26  0.552  26  0.754  23  0.433   0.506 Y  0.450      SignalP-TM
Conco1|Conco1_78505        0.271  21  0.420  21  0.766  19  0.627   0.501 Y  0.450      SignalP-TM
Conco1|Conco1_78505        0.451  21  0.603  21  0.933   1  0.829   0.710 Y  0.570      SignalP-noTM
Conco1|Conco1_78553        0.230  29  0.342  21  0.744   6  0.632   0.455 Y  0.450      SignalP-TM
Conco1|Conco1_78669        0.178  25  0.366  25  0.862  21  0.747   0.515 Y  0.450      SignalP-TM
Conco1|Conco1_78669        0.309  23  0.500  23  0.908  20  0.833   0.656 Y  0.570      SignalP-noTM
Conco1|Conco1_78728        0.199  32  0.283  17  0.835  11  0.754   0.467 Y  0.450      SignalP-TM
Conco1|Conco1_78748        0.432  33  0.401  33  0.908  15  0.611   0.483 Y  0.450      SignalP-TM
Conco1|Conco1_78749        0.190  16  0.395  16  0.890   9  0.825   0.597 Y  0.570      SignalP-noTM
Conco1|Conco1_78749        0.214  16  0.381  16  0.789   4  0.691   0.502 Y  0.450      SignalP-TM
Conco1|Conco1_78762        0.171  22  0.377  22  0.884   5  0.828   0.553 Y  0.450      SignalP-TM
Conco1|Conco1_78762        0.317  22  0.487  22  0.861   1  0.779   0.624 Y  0.570      SignalP-noTM
Conco1|Conco1_78772        0.333  25  0.532  25  0.938  13  0.812   0.641 Y  0.450      SignalP-TM
Conco1|Conco1_78772        0.395  25  0.493  25  0.873  17  0.691   0.586 Y  0.570      SignalP-noTM
Conco1|Conco1_78841        0.195  39  0.280  13  0.818   7  0.757   0.466 Y  0.450      SignalP-TM
Conco1|Conco1_78845        0.336  32  0.418  32  0.648   7  0.549   0.469 Y  0.450      SignalP-TM
Conco1|Conco1_78928        0.355  25  0.531  25  0.908  21  0.751   0.617 Y  0.450      SignalP-TM
Conco1|Conco1_78928        0.446  25  0.597  25  0.912   3  0.842   0.712 Y  0.570      SignalP-noTM
Conco1|Conco1_78953        0.231  25  0.411  25  0.876  17  0.676   0.514 Y  0.450      SignalP-TM
Conco1|Conco1_79008        0.361  18  0.481  18  0.748   1  0.654   0.549 Y  0.450      SignalP-TM
Conco1|Conco1_79100        0.372  26  0.478  26  0.816   7  0.680   0.557 Y  0.450      SignalP-TM
Conco1|Conco1_79100        0.424  24  0.519  24  0.925   9  0.757   0.631 Y  0.570      SignalP-noTM
Conco1|Conco1_79116        0.274  21  0.457  21  0.811  15  0.749   0.571 Y  0.450      SignalP-TM
Conco1|Conco1_79116        0.274  21  0.478  21  0.885  15  0.831   0.644 Y  0.570      SignalP-noTM
Conco1|Conco1_79123        0.173  21  0.361  21  0.808  13  0.724   0.503 Y  0.450      SignalP-TM
Conco1|Conco1_79145        0.152  21  0.318  21  0.781  17  0.686   0.461 Y  0.450      SignalP-TM
Conco1|Conco1_79145        0.602  21  0.698  21  0.918  17  0.829   0.760 Y  0.570      SignalP-noTM
Conco1|Conco1_79191        0.185  24  0.379  24  0.910  17  0.785   0.537 Y  0.450      SignalP-TM
Conco1|Conco1_79191        0.211  24  0.415  24  0.949  14  0.864   0.626 Y  0.570      SignalP-noTM
Conco1|Conco1_79196        0.348  22  0.537  22  0.884  20  0.819   0.647 Y  0.450      SignalP-TM
Conco1|Conco1_79196        0.765  22  0.814  22  0.930  20  0.873   0.842 Y  0.570      SignalP-noTM
Conco1|Conco1_79229        0.131  21  0.313  21  0.840  19  0.684   0.458 Y  0.450      SignalP-TM
Conco1|Conco1_79264        0.134  24  0.298  21  0.881   1  0.724   0.464 Y  0.450      SignalP-TM
Conco1|Conco1_79429        0.191  20  0.381  20  0.840  11  0.698   0.504 Y  0.450      SignalP-TM
Conco1|Conco1_79440        0.362  20  0.437  20  0.675   8  0.532   0.474 Y  0.450      SignalP-TM
Conco1|Conco1_7944         0.376  24  0.533  24  0.850  19  0.684   0.592 Y  0.450      SignalP-TM
Conco1|Conco1_79441        0.217  33  0.347  33  0.871   6  0.675   0.475 Y  0.450      SignalP-TM
Conco1|Conco1_79493        0.182  26  0.369  26  0.922  16  0.794   0.535 Y  0.450      SignalP-TM
Conco1|Conco1_79493        0.233  19  0.460  19  0.958  13  0.900   0.667 Y  0.570      SignalP-noTM
Conco1|Conco1_79529        0.324  21  0.442  21  0.729  17  0.619   0.511 Y  0.450      SignalP-TM
Conco1|Conco1_79558        0.313  27  0.403  27  0.750  20  0.548   0.460 Y  0.450      SignalP-TM
Conco1|Conco1_79558        0.593  22  0.552  22  0.643  20  0.518   0.539 Y  0.510      SignalP-TM
Conco1|Conco1_7956         0.165  25  0.355  19  0.932   4  0.873   0.557 Y  0.450      SignalP-TM
Conco1|Conco1_79562        0.553  21  0.538  21  0.612  16  0.516   0.530 Y  0.510      SignalP-TM
Conco1|Conco1_79570        0.258  26  0.422  26  0.964  11  0.822   0.610 Y  0.570      SignalP-noTM
Conco1|Conco1_79570        0.383  25  0.566  25  0.937   9  0.869   0.684 Y  0.450      SignalP-TM
Conco1|Conco1_79598        0.208  20  0.429  20  0.935  12  0.887   0.644 Y  0.570      SignalP-noTM
Conco1|Conco1_79598        0.209  23  0.403  23  0.868  15  0.795   0.556 Y  0.450      SignalP-TM
Conco1|Conco1_79650        0.409  22  0.562  22  0.918  19  0.743   0.632 Y  0.450      SignalP-TM
Conco1|Conco1_79650        0.653  20  0.733  20  0.886  18  0.806   0.767 Y  0.570      SignalP-noTM
Conco1|Conco1_79669        0.272  24  0.390  24  0.707  12  0.557   0.455 Y  0.450      SignalP-TM
Conco1|Conco1_79707        0.147  23  0.328  18  0.890  15  0.790   0.509 Y  0.450      SignalP-TM
Conco1|Conco1_79707        0.200  23  0.380  21  0.903  14  0.791   0.573 Y  0.570      SignalP-noTM
Conco1|Conco1_79729        0.141  58  0.310  18  0.943  14  0.776   0.492 Y  0.450      SignalP-TM
Conco1|Conco1_79750        0.583  22  0.605  22  0.828  18  0.651   0.623 Y  0.450      SignalP-TM
Conco1|Conco1_79750        0.774  22  0.704  22  0.885   1  0.710   0.707 Y  0.570      SignalP-noTM
Conco1|Conco1_79764        0.310  27  0.448  18  0.916  16  0.823   0.625 Y  0.570      SignalP-noTM
Conco1|Conco1_79764        0.340  27  0.518  27  0.942  14  0.831   0.640 Y  0.450      SignalP-TM
Conco1|Conco1_79809        0.419  32  0.450  32  0.774  17  0.563   0.494 Y  0.450      SignalP-TM
Conco1|Conco1_79809        0.833  26  0.871  26  0.970  14  0.902   0.885 Y  0.570      SignalP-noTM
Conco1|Conco1_79961        0.144  36  0.298  26  0.862   5  0.742   0.471 Y  0.450      SignalP-TM
Conco1|Conco1_79969        0.258  34  0.410  34  0.785   4  0.665   0.509 Y  0.450      SignalP-TM
Conco1|Conco1_80019        0.537  21  0.683  21  0.933  17  0.858   0.751 Y  0.450      SignalP-TM
Conco1|Conco1_80019        0.771  21  0.759  21  0.904   1  0.790   0.773 Y  0.570      SignalP-noTM
Conco1|Conco1_80081        0.399  25  0.514  25  0.728  21  0.546   0.527 Y  0.450      SignalP-TM
Conco1|Conco1_80130        0.540  24  0.609  24  0.870   4  0.739   0.670 Y  0.570      SignalP-noTM
Conco1|Conco1_80130        0.740  24  0.635  24  0.716   7  0.594   0.619 Y  0.450      SignalP-TM
Conco1|Conco1_80155        0.206  37  0.355  37  0.892   7  0.647   0.469 Y  0.450      SignalP-TM
Conco1|Conco1_80343        0.162  43  0.322  18  0.864   7  0.736   0.484 Y  0.450      SignalP-TM
Conco1|Conco1_80347        0.165  21  0.368  21  0.968  12  0.846   0.593 Y  0.570      SignalP-noTM
Conco1|Conco1_80347        0.179  26  0.352  25  0.929  14  0.787   0.521 Y  0.450      SignalP-TM
Conco1|Conco1_80350        0.226  38  0.345  18  0.854  16  0.674   0.474 Y  0.450      SignalP-TM
Conco1|Conco1_80407        0.169  20  0.353  20  0.825  17  0.730   0.500 Y  0.450      SignalP-TM
Conco1|Conco1_80407        0.329  19  0.529  19  0.911  17  0.854   0.682 Y  0.570      SignalP-noTM
Conco1|Conco1_80408        0.194  24  0.385  21  0.900  14  0.803   0.548 Y  0.450      SignalP-TM
Conco1|Conco1_80505        0.229  22  0.432  22  0.906  12  0.766   0.563 Y  0.450      SignalP-TM
Conco1|Conco1_80589        0.570  30  0.565  30  0.770  13  0.633   0.592 Y  0.450      SignalP-TM
Conco1|Conco1_80650        0.132  27  0.289  18  0.851   4  0.744   0.467 Y  0.450      SignalP-TM
Conco1|Conco1_80720        0.127  27  0.295  18  0.882  12  0.836   0.506 Y  0.450      SignalP-TM
Conco1|Conco1_8076         0.231  27  0.384  27  0.873  12  0.729   0.518 Y  0.450      SignalP-TM
Conco1|Conco1_80876        0.197  24  0.352  24  0.867  18  0.682   0.481 Y  0.450      SignalP-TM
Conco1|Conco1_80876        0.464  19  0.577  19  0.880  17  0.736   0.652 Y  0.570      SignalP-noTM
Conco1|Conco1_80934        0.294  21  0.449  21  0.817  17  0.695   0.545 Y  0.450      SignalP-TM
Conco1|Conco1_80934        0.705  21  0.706  21  0.860  19  0.755   0.729 Y  0.570      SignalP-noTM
Conco1|Conco1_80946        0.282  21  0.463  21  0.813   3  0.766   0.581 Y  0.450      SignalP-TM
Conco1|Conco1_80946        0.711  21  0.746  21  0.902  14  0.801   0.772 Y  0.570      SignalP-noTM
Conco1|Conco1_81034        0.150  33  0.277  13  0.885  11  0.768   0.469 Y  0.450      SignalP-TM
Conco1|Conco1_81036        0.463  23  0.595  23  0.869  16  0.711   0.640 Y  0.450      SignalP-TM
Conco1|Conco1_81045        0.249  23  0.384  23  0.775   3  0.628   0.479 Y  0.450      SignalP-TM
Conco1|Conco1_81045        0.713  21  0.672  21  0.766   1  0.667   0.670 Y  0.570      SignalP-noTM
Conco1|Conco1_81064        0.244  20  0.441  20  0.879  17  0.796   0.608 Y  0.570      SignalP-noTM
Conco1|Conco1_81064        0.357  26  0.502  26  0.917  17  0.771   0.607 Y  0.450      SignalP-TM
Conco1|Conco1_81163        0.147  49  0.284  17  0.900   8  0.777   0.476 Y  0.450      SignalP-TM
Conco1|Conco1_81169        0.170  47  0.310  20  0.770   1  0.674   0.452 Y  0.450      SignalP-TM
Conco1|Conco1_81169        0.185  22  0.384  21  0.925  18  0.809   0.584 Y  0.570      SignalP-noTM
Conco1|Conco1_81170        0.644  20  0.657  20  0.854   2  0.721   0.687 Y  0.570      SignalP-noTM
Conco1|Conco1_81189        0.173  25  0.334  25  0.764   2  0.678   0.468 Y  0.450      SignalP-TM
Conco1|Conco1_81214        0.183  25  0.361  25  0.925  11  0.768   0.520 Y  0.450      SignalP-TM
Conco1|Conco1_81217        0.203  22  0.399  22  0.918  14  0.824   0.599 Y  0.570      SignalP-noTM
Conco1|Conco1_81240        0.491  26  0.595  26  0.884  15  0.709   0.640 Y  0.450      SignalP-TM
Conco1|Conco1_81240        0.662  26  0.644  26  0.934  11  0.758   0.697 Y  0.570      SignalP-noTM
Conco1|Conco1_81263        0.264  31  0.418  31  0.925  18  0.728   0.539 Y  0.450      SignalP-TM
Conco1|Conco1_81264        0.315  27  0.415  27  0.698  11  0.594   0.484 Y  0.450      SignalP-TM
Conco1|Conco1_81277        0.207  34  0.349  16  0.845   8  0.732   0.498 Y  0.450      SignalP-TM
Conco1|Conco1_81321        0.397  25  0.598  25  0.962  15  0.902   0.716 Y  0.450      SignalP-TM
Conco1|Conco1_81354        0.260  21  0.454  21  0.887   1  0.819   0.596 Y  0.450      SignalP-TM
Conco1|Conco1_81362        0.186  31  0.301  23  0.806  18  0.697   0.455 Y  0.450      SignalP-TM
Conco1|Conco1_81362        0.269  20  0.460  20  0.858  18  0.796   0.618 Y  0.570      SignalP-noTM
Conco1|Conco1_81422        0.151  34  0.277  15  0.832   3  0.751   0.462 Y  0.450      SignalP-TM
Conco1|Conco1_81462        0.212  29  0.370  17  0.860   9  0.737   0.513 Y  0.450      SignalP-TM
Conco1|Conco1_81483        0.183  19  0.369  19  0.843  17  0.741   0.514 Y  0.450      SignalP-TM
Conco1|Conco1_8190         0.352  20  0.436  20  0.691  18  0.535   0.475 Y  0.450      SignalP-TM
Conco1|Conco1_8190         0.641  20  0.639  20  0.780   1  0.666   0.652 Y  0.570      SignalP-noTM
Conco1|Conco1_81961        0.322  24  0.486  23  0.875   8  0.776   0.599 Y  0.450      SignalP-TM
Conco1|Conco1_81961        0.370  23  0.569  23  0.935  21  0.891   0.720 Y  0.570      SignalP-noTM
Conco1|Conco1_8200         0.302  22  0.410  22  0.671  19  0.517   0.452 Y  0.450      SignalP-TM
Conco1|Conco1_8238         0.134  26  0.301  21  0.795  10  0.705   0.459 Y  0.450      SignalP-TM
Conco1|Conco1_83096        0.154  24  0.280  14  0.816   5  0.755   0.465 Y  0.450      SignalP-TM
Conco1|Conco1_83521        0.293  31  0.379  31  0.786   6  0.619   0.473 Y  0.450      SignalP-TM
Conco1|Conco1_8363         0.192  28  0.272  11  0.855   2  0.752   0.459 Y  0.450      SignalP-TM
Conco1|Conco1_8366         0.339  19  0.500  19  0.921   1  0.789   0.636 Y  0.570      SignalP-noTM
Conco1|Conco1_8367         0.408  19  0.538  19  0.894   2  0.754   0.640 Y  0.570      SignalP-noTM
Conco1|Conco1_8368         0.402  19  0.502  19  0.860   2  0.684   0.587 Y  0.570      SignalP-noTM
Conco1|Conco1_8379         0.610  29  0.651  29  0.795  27  0.579   0.623 Y  0.450      SignalP-TM
Conco1|Conco1_8379         0.802  29  0.770  29  0.803  28  0.608   0.710 Y  0.510      SignalP-TM
Conco1|Conco1_83922        0.271  30  0.440  21  0.965  10  0.884   0.649 Y  0.570      SignalP-noTM
Conco1|Conco1_8409         0.197  24  0.426  24  0.979  15  0.918   0.618 Y  0.450      SignalP-TM
Conco1|Conco1_8409         0.221  21  0.452  21  0.963  10  0.919   0.672 Y  0.570      SignalP-noTM
Conco1|Conco1_8421         0.180  32  0.363  19  0.911  16  0.831   0.545 Y  0.450      SignalP-TM
Conco1|Conco1_8421         0.211  19  0.414  19  0.883  16  0.814   0.602 Y  0.570      SignalP-noTM
Conco1|Conco1_8425         0.133  22  0.316  12  0.910   5  0.881   0.582 Y  0.570      SignalP-noTM
Conco1|Conco1_8425         0.193  30  0.318  30  0.829  15  0.669   0.455 Y  0.450      SignalP-TM
Conco1|Conco1_84334        0.213  20  0.450  20  0.962  16  0.947   0.683 Y  0.570      SignalP-noTM
Conco1|Conco1_84334        0.512  28  0.637  28  0.956  17  0.847   0.719 Y  0.450      SignalP-TM
Conco1|Conco1_84384        0.119  24  0.283  16  0.823  12  0.765   0.471 Y  0.450      SignalP-TM
Conco1|Conco1_84487        0.120  28  0.270  12  0.803   9  0.744   0.455 Y  0.450      SignalP-TM
Conco1|Conco1_84625        0.629  21  0.660  21  0.895  10  0.763   0.708 Y  0.570      SignalP-noTM
Conco1|Conco1_84625        0.636  21  0.739  21  0.921  13  0.863   0.787 Y  0.450      SignalP-TM
Conco1|Conco1_8468         0.389  22  0.540  22  0.886   5  0.793   0.659 Y  0.570      SignalP-noTM
Conco1|Conco1_84771        0.602  20  0.600  20  0.783  16  0.626   0.610 Y  0.450      SignalP-TM
Conco1|Conco1_84771        0.773  20  0.716  20  0.837   2  0.694   0.706 Y  0.570      SignalP-noTM
Conco1|Conco1_85043        0.197  31  0.412  31  0.977  18  0.887   0.597 Y  0.450      SignalP-TM
Conco1|Conco1_85043        0.252  26  0.478  26  0.985  18  0.931   0.691 Y  0.570      SignalP-noTM
Conco1|Conco1_85528        0.463  23  0.566  23  0.848   3  0.706   0.632 Y  0.570      SignalP-noTM
Conco1|Conco1_85576        0.271  31  0.448  31  0.901  13  0.771   0.574 Y  0.450      SignalP-TM
Conco1|Conco1_85763        0.382  31  0.465  31  0.725  26  0.441   0.456 Y  0.450      SignalP-TM
Conco1|Conco1_8583         0.344  23  0.420  23  0.794  11  0.542   0.468 Y  0.450      SignalP-TM
Conco1|Conco1_85855        0.215  17  0.368  17  0.813  15  0.580   0.451 Y  0.450      SignalP-TM
Conco1|Conco1_85861        0.350  35  0.529  35  0.933  30  0.508   0.521 Y  0.450      SignalP-TM
Conco1|Conco1_86040        0.616  21  0.528  21  0.708  18  0.415   0.484 Y  0.450      SignalP-TM
Conco1|Conco1_86282        0.412  21  0.512  21  0.758   2  0.664   0.571 Y  0.450      SignalP-TM
Conco1|Conco1_86282        0.633  21  0.642  21  0.841   1  0.701   0.670 Y  0.570      SignalP-noTM
Conco1|Conco1_86472        0.181  19  0.353  19  0.807  18  0.692   0.485 Y  0.450      SignalP-TM
Conco1|Conco1_86472        0.768  19  0.685  19  0.865   1  0.674   0.680 Y  0.570      SignalP-noTM
Conco1|Conco1_86654        0.162  23  0.369  23  0.927  16  0.857   0.560 Y  0.450      SignalP-TM
Conco1|Conco1_86654        0.685  23  0.776  23  0.983  11  0.914   0.841 Y  0.570      SignalP-noTM
Conco1|Conco1_87018        0.221  30  0.342  19  0.878   1  0.724   0.491 Y  0.450      SignalP-TM
Conco1|Conco1_87018        0.421  19  0.559  19  0.894  14  0.755   0.651 Y  0.570      SignalP-noTM
Conco1|Conco1_87095        0.322  29  0.483  29  0.928  15  0.792   0.603 Y  0.450      SignalP-TM
Conco1|Conco1_87095        0.580  21  0.681  21  0.871   3  0.821   0.747 Y  0.570      SignalP-noTM
Conco1|Conco1_87107        0.174  18  0.372  18  0.870  11  0.808   0.577 Y  0.570      SignalP-noTM
Conco1|Conco1_8720         0.292  32  0.369  29  0.746  10  0.603   0.460 Y  0.450      SignalP-TM
Conco1|Conco1_87240        0.222  30  0.392  30  0.769  28  0.639   0.488 Y  0.450      SignalP-TM
Conco1|Conco1_87639        0.130  22  0.301  22  0.787   6  0.709   0.460 Y  0.450      SignalP-TM
Conco1|Conco1_87939        0.280  42  0.310  20  0.855   7  0.721   0.470 Y  0.450      SignalP-TM
Conco1|Conco1_88084        0.145  44  0.325  18  0.910  16  0.775   0.501 Y  0.450      SignalP-TM
Conco1|Conco1_88084        0.165  30  0.323  18  0.959  16  0.863   0.577 Y  0.570      SignalP-noTM
Conco1|Conco1_88484        0.218  30  0.387  30  0.926  17  0.797   0.547 Y  0.450      SignalP-TM
Conco1|Conco1_88484        0.399  20  0.587  20  0.922  14  0.875   0.723 Y  0.570      SignalP-noTM
Conco1|Conco1_88698        0.348  38  0.532  38  0.960  19  0.851   0.682 Y  0.570      SignalP-noTM
Conco1|Conco1_88698        0.441  40  0.620  40  0.943  36  0.810   0.694 Y  0.450      SignalP-TM
Conco1|Conco1_8928         0.352  21  0.454  21  0.833   1  0.644   0.528 Y  0.450      SignalP-TM
Conco1|Conco1_8934         0.516  22  0.618  22  0.838  18  0.668   0.642 Y  0.570      SignalP-noTM
Conco1|Conco1_8978         0.497  26  0.576  26  0.844   5  0.737   0.639 Y  0.450      SignalP-TM
Conco1|Conco1_8978         0.810  21  0.827  21  0.944  10  0.861   0.843 Y  0.570      SignalP-noTM
Conco1|Conco1_9164         0.291  27  0.509  27  0.964  15  0.902   0.662 Y  0.450      SignalP-TM
Conco1|Conco1_9214         0.209  24  0.375  24  0.769  13  0.645   0.480 Y  0.450      SignalP-TM
Conco1|Conco1_9265         0.198  20  0.412  20  0.906  14  0.859   0.586 Y  0.450      SignalP-TM
Conco1|Conco1_9265         0.420  20  0.519  20  0.727   4  0.649   0.580 Y  0.570      SignalP-noTM
Conco1|Conco1_9286         0.172  16  0.383  16  0.916  10  0.855   0.605 Y  0.570      SignalP-noTM
Conco1|Conco1_9464         0.173  31  0.372  23  0.898  17  0.816   0.545 Y  0.450      SignalP-TM
Conco1|Conco1_9464         0.185  22  0.376  22  0.902   1  0.798   0.574 Y  0.570      SignalP-noTM
Conco1|Conco1_9569         0.285  24  0.459  24  0.869  15  0.708   0.556 Y  0.450      SignalP-TM
Conco1|Conco1_9610         0.229  31  0.323  20  0.798   1  0.721   0.478 Y  0.450      SignalP-TM
Conco1|Conco1_9645         0.177  30  0.367  27  0.862  16  0.792   0.533 Y  0.450      SignalP-TM
Conco1|Conco1_9743         0.326  25  0.441  20  0.788   2  0.652   0.523 Y  0.450      SignalP-TM
Conco1|Conco1_9743         0.553  20  0.671  20  0.885  12  0.836   0.749 Y  0.570      SignalP-noTM
Conco1|Conco1_9951         0.232  24  0.412  24  0.859  18  0.761   0.548 Y  0.450      SignalP-TM
Conco1|Conco1_9951         0.345  19  0.512  19  0.897   2  0.793   0.644 Y  0.570      SignalP-noTM
