Gene ID	CAZy ID	% Identical	Length	Mismatches	Gap Open	Gene Start	Gene End	CAZy Start	CAZy End	E Value	Bit Score
DFQ34|DFQ34_000056-T1	AKT41788.1|CBM6|GH81|	38.8	645	372	12	74	710	284	913	2.04e-140	439
DFQ34|DFQ34_000068-T1	EAU38131.1|GH5_31|	70.0	377	113	0	1	377	411	787	1.16e-197	569
DFQ34|DFQ34_000113-T1	EAA31326.1|GH71|	38.4	636	331	11	114	733	626	1216	4.10e-124	404
DFQ34|DFQ34_000242-T1	CDS05274.1|GT2|	52.7	351	61	2	3	248	630	980	1.01e-106	343
DFQ34|DFQ34_000311-T1	AFL85768.1|CBM32|	44.4	378	206	3	45	421	33	407	8.70e-111	343
DFQ34|DFQ34_000806-T1	QCY28126.1|GH13_5|	50.1	483	236	4	23	503	3	482	4.15e-180	519
DFQ34|DFQ34_000932-T1	CDS08047.1|GT15|	54.5	314	130	5	62	366	69	378	2.37e-122	362
DFQ34|DFQ34_000933-T1	CDS08047.1|GT15|	55.7	314	126	5	85	389	69	378	1.65e-123	366
DFQ34|DFQ34_000934-T1	CDS08047.1|GT15|	57.1	322	122	6	85	397	69	383	8.74e-128	378
DFQ34|DFQ34_001072-T1	CDS12794.1|GT39|	45.8	681	359	6	84	757	74	751	4.83e-218	635
DFQ34|DFQ34_001198-T1	QKX55195.1|GT2|	51.1	1085	452	21	66	1132	412	1435	0.0	994
DFQ34|DFQ34_001266-T1	AWP04987.1|GT13|	48.3	860	431	8	79	931	73	925	1.55e-289	853
DFQ34|DFQ34_001326-T1	CED83340.1|GT31|	34.1	1037	508	26	508	1451	964	1918	4.89e-152	514
DFQ34|DFQ34_001363-T1	CCA77894.1|GH13_25|GH133|	43.7	1565	812	21	3	1530	65	1597	0.0	1291
DFQ34|DFQ34_001391-T1	CDS05274.1|GT2|	56.1	779	299	9	61	804	251	1021	5.21e-290	838
DFQ34|DFQ34_001589-T1	QET95489.1|CE4|	55.2	317	136	2	8	324	2	312	3.32e-126	368
DFQ34|DFQ34_001705-T1	CCA15473.1|GH72|	54.6	394	170	6	1	391	565	952	1.18e-135	416
DFQ34|DFQ34_001754-T1	CDS09089.1|GT41|	48.2	1255	496	17	477	1640	294	1485	0.0	996
DFQ34|DFQ34_001837-T1	CDS08047.1|GT15|	54.6	317	133	4	82	390	65	378	2.43e-123	366
DFQ34|DFQ34_001838-T1	CDS08047.1|GT15|	56.2	317	128	4	89	397	65	378	1.18e-125	372
DFQ34|DFQ34_001960-T1	AHX26717.1|GT2|	33.9	743	426	15	104	795	13	741	1.23e-106	382
DFQ34|DFQ34_002435-T1	AIE96983.1|GT7|	32.0	1358	700	31	81	1387	7	1192	2.47e-200	645
DFQ34|DFQ34_002463-T1	AWP12516.1|GT29|	36.1	631	367	12	39	661	473	1075	2.83e-107	362
DFQ34|DFQ34_002604-T1	QEO24085.1|GH47|	52.7	370	166	4	23	387	839	1204	1.20e-124	392
DFQ34|DFQ34_002683-T1	CAN65674.1|GH28|	37.9	567	317	12	122	679	89	629	3.18e-107	358
DFQ34|DFQ34_002741-T1	CDS82034.1|GT39|	45.0	744	387	5	32	754	37	779	2.68e-219	639
DFQ34|DFQ34_002779-T1	AWO98658.1|GH37|	71.5	400	113	1	20	418	71	470	1.06e-197	585
DFQ34|DFQ34_002844-T1	CDS08031.1|GT2|	39.9	1415	746	25	16	1363	1	1377	0.0	967
DFQ34|DFQ34_002951-T1	ACY64759.1|CBM43|GH72|	42.0	491	256	10	2	477	6	482	3.17e-120	367
DFQ34|DFQ34_003017-T1	CEI70340.1|AA3|	35.1	627	341	14	31	603	24	638	7.02e-103	330
DFQ34|DFQ34_003030-T1	CDS05871.1|GT2|	55.5	771	328	7	59	825	93	852	2.42e-294	836
DFQ34|DFQ34_003072-T1	CDS09097.1|GH15|	57.4	676	270	5	7	673	63	729	7.66e-278	783
DFQ34|DFQ34_003164-T1	CDS08031.1|GT2|	37.4	973	541	16	16	937	3	958	1.68e-200	627
DFQ34|DFQ34_003173-T1	EAA65303.1|GT0|	52.5	855	391	7	31	872	727	1579	1.60e-284	838
DFQ34|DFQ34_003216-T1	CDS06367.1|GH38|	44.7	1100	549	18	7	1072	26	1100	0.0	942
DFQ34|DFQ34_003219-T1	CBQ70430.1|GT3|	68.7	670	194	6	10	663	5	674	0.0	942
DFQ34|DFQ34_003244-T1	VBB76690.1|AA3|	37.1	644	329	18	144	741	27	640	4.33e-118	375
DFQ34|DFQ34_003253-T1	CDS05327.1|GT2|	31.2	1185	729	25	17	1150	23	1172	4.18e-153	507
DFQ34|DFQ34_003298-T1	CDS11103.1|GT66|	63.5	727	250	4	3	714	1	727	0.0	938
DFQ34|DFQ34_003346-T1	QBQ55251.1|CBM50|	34.1	772	474	10	9	754	112	874	4.05e-124	404
DFQ34|DFQ34_003359-T1	CDS06367.1|GH38|	46.0	977	480	11	1	949	106	1062	2.09e-313	899
DFQ34|DFQ34_003366-T1	AIT83212.1|GT4|	68.5	302	93	1	7	308	15	314	2.10e-139	417
DFQ34|DFQ34_003449-T1	QDS71450.1|GH47|	61.0	318	122	1	4	319	1038	1355	1.75e-134	421
DFQ34|DFQ34_003751-T1	AWP12516.1|GT29|	34.0	647	389	14	17	659	469	1081	4.41e-112	375
DFQ34|DFQ34_003796-T1	QBQ55243.1|CBM50|	32.4	791	459	18	40	810	27	761	1.07e-106	360
DFQ34|DFQ34_003831-T1	CDS09677.1|GH3|	42.8	425	233	5	36	459	45	460	1.96e-105	335
DFQ34|DFQ34_003863-T1	QKX60855.1|GT22|	69.9	296	86	1	32	327	567	859	3.03e-134	407
DFQ34|DFQ34_003961-T1	CDS13578.1|GH5_12|	36.9	658	356	15	362	989	8	636	3.81e-129	412
DFQ34|DFQ34_004006-T1	AAB84285.1|GT2|2.4.1.16	52.0	788	349	12	3	778	126	896	2.66e-264	772
DFQ34|DFQ34_004176-T1	CBQ68385.1|CBM48|GH13_8|	68.7	652	190	4	7	654	52	693	0.0	945
DFQ34|DFQ34_004179-T1	QGI67417.1|GH18|	57.3	422	170	5	3	414	382	803	2.22e-148	448
DFQ34|DFQ34_004189-T1	VUW72999.1|AA1|	46.4	440	217	7	271	698	189	621	7.99e-108	359
DFQ34|DFQ34_004195-T1	APU66165.1|GH18|	57.7	284	114	4	26	309	3	280	2.40e-121	354
DFQ34|DFQ34_004225-T1	CDS13455.1|GH63|	39.7	517	242	9	1	509	351	805	2.21e-116	366
DFQ34|DFQ34_004229-T1	AWP12516.1|GT29|	38.3	459	275	6	25	481	623	1075	5.89e-104	345
DFQ34|DFQ34_004285-T1	CDS09314.1|GT39|	50.5	675	324	2	53	727	124	788	1.18e-241	698
DFQ34|DFQ34_004344-T1	AGB72392.1|CBM50|	38.1	480	278	7	24	497	24	490	4.31e-107	339
DFQ34|DFQ34_004352-T1	AIE96983.1|GT7|	32.3	975	535	27	6	899	161	1091	1.08e-132	443
DFQ34|DFQ34_004535-T1	CDS05327.1|GT2|	35.2	752	443	12	17	733	23	765	1.79e-128	428
DFQ34|DFQ34_004561-T1	AAX19735.1|GH37|	68.0	640	190	5	24	663	49	673	0.0	909
DFQ34|DFQ34_004618-T1	CDS05327.1|GT2|	35.8	551	328	6	22	548	26	574	1.54e-103	347
DFQ34|DFQ34_004789-T1	CDS12794.1|GT39|	44.1	707	301	5	1	706	140	753	8.87e-196	576
DFQ34|DFQ34_004831-T1	QGI86474.1|GH125|	44.3	422	181	5	1	370	69	488	7.67e-106	337
DFQ34|DFQ34_004865-T1	CDS06114.1|GT2|	48.4	465	185	10	1	435	1454	1893	1.51e-115	377
DFQ34|DFQ34_004903-T1	QKD55908.1|GH18|	43.2	470	228	10	97	566	1750	2180	8.43e-104	349
DFQ34|DFQ34_005248-T1	ANB13251.1|GT24|	57.8	462	182	7	3	457	6	461	1.03e-189	542
DFQ34|DFQ34_005409-T1	VUW72999.1|AA1|	53.2	611	250	9	6	585	25	630	6.16e-195	585
DFQ34|DFQ34_005441-T1	QEC79975.1|GH3|	43.3	672	347	11	23	683	98	746	2.00e-183	545
DFQ34|DFQ34_005491-T1	AIT18233.1|GT4|	45.8	404	205	7	22	419	25	420	1.12e-113	346
DFQ34|DFQ34_005555-T1	SMR50199.1|AA3|	38.7	635	320	17	24	617	31	637	3.13e-128	395
DFQ34|DFQ34_005609-T1	AVI60826.1|GT22|	67.7	297	90	4	1	297	710	1000	3.13e-121	387
DFQ34|DFQ34_005772-T1	ADK37844.1|GH16_4|	61.1	324	124	2	64	386	1	323	2.11e-156	447
DFQ34|DFQ34_005991-T1	QLI73446.1|AA2|	70.6	214	63	0	4	217	132	345	1.24e-109	323
DFQ34|DFQ34_006031-T1	CAC9909034.1|GT8|	71.5	369	104	1	1	369	355	722	5.38e-183	529
DFQ34|DFQ34_006147-T1	BAE66318.1|GT15|	50.1	345	153	7	68	406	63	394	1.16e-115	347
DFQ34|DFQ34_006156-T1	VDC69778.1|CE8|	42.6	540	293	8	57	590	658	1186	2.24e-134	427
DFQ34|DFQ34_006263-T1	QKX60254.1|GH76|	52.6	426	193	3	4	421	67	491	4.56e-141	437
DFQ34|DFQ34_006317-T1	CDS11938.1|GT1|	55.5	447	188	4	68	504	487	932	4.33e-180	536
DFQ34|DFQ34_006446-T1	CBA03971.1|GT30|	61.7	332	125	2	1	331	64	394	7.10e-139	424
DFQ34|DFQ34_006450-T1	CDS05746.1|GH5_9|	54.9	430	182	7	87	509	1	425	1.61e-175	505
DFQ34|DFQ34_006529-T1	CCA70650.1|GT48|	66.9	543	171	4	1	542	826	1360	1.02e-240	716
DFQ34|DFQ34_006730-T1	QKX56076.1|GH51|	62.2	526	196	3	15	539	835	1358	2.67e-214	642
DFQ34|DFQ34_006774-T1	BBN14963.1|CBM20|	46.0	404	207	7	11	407	397	796	1.28e-114	358
DFQ34|DFQ34_006973-T1	QBS45783.1|GH31|	47.9	374	191	4	36	408	40	410	1.45e-112	350
DFQ34|DFQ34_007033-T1	QKX55086.1|GH55|	48.7	536	229	8	1	496	854	1383	2.80e-167	514
DFQ34|DFQ34_007041-T1	CAN80640.1|GT47|	55.2	315	136	3	5	315	940	1253	8.75e-113	360
DFQ34|DFQ34_007401-T1	CDS05465.1|GH47|	60.1	268	107	0	1	268	148	415	1.07e-109	332
DFQ34|DFQ34_007461-T1	ABG81487.1|GT31|	50.3	376	157	5	17	391	19	365	5.10e-113	347
DFQ34|DFQ34_007604-T1	CDS04937.1|GH18|	56.9	399	159	2	1	399	2498	2883	9.91e-145	459
DFQ34|DFQ34_007856-T1	CDS08047.1|GT15|	48.2	398	175	8	1	387	1	378	5.84e-126	372
DFQ34|DFQ34_008031-T1	CDS10110.1|GT15|	58.5	287	114	3	1	285	88	371	1.14e-129	377
DFQ34|DFQ34_008132-T1	EAL89135.1|GT20|	66.9	384	126	1	2	385	64	446	6.79e-194	550
DFQ34|DFQ34_008265-T1	CDS03190.1|GH0|	65.6	372	123	2	1	369	102	471	2.64e-160	486
DFQ34|DFQ34_008500-T1	CDS13004.1|GT20|	51.3	306	149	0	1	306	249	554	5.38e-105	328
DFQ34|DFQ34_008729-T1	SDU44743.1|CBM51|GH31|	50.5	376	178	4	1	373	331	701	1.71e-128	402
DFQ34|DFQ34_008989-T1	ADK37854.1|GT2|	73.4	222	58	1	30	251	1	221	7.05e-106	314
DFQ34|DFQ34_009539-T1	QGI79035.1|GH43_30|	76.3	270	63	1	1	269	575	844	4.40e-133	417
DFQ34|DFQ34_009773-T1	CDI54035.1|GT2|	65.3	300	90	4	1	287	1147	1445	4.96e-122	389
DFQ34|DFQ34_009913-T1	AFR92678.1|GT2|	73.5	283	74	1	1	282	586	868	5.49e-143	436
DFQ34|DFQ34_009997-T1	CDS05327.1|GT2|	66.9	275	89	1	4	278	1209	1481	5.96e-123	390
DFQ34|DFQ34_010176-T1	QDS69164.1|GH31|	58.8	257	93	1	21	264	233	489	5.31e-105	330
DFQ34|DFQ34_010291-T1	AFR92678.1|GT2|	70.9	265	76	1	1	264	604	868	1.57e-129	400
DFQ34|DFQ34_010311-T1	AAO32493.1|GT48|	63.6	258	87	4	9	264	69	321	5.97e-113	335
