DFQ34|DFQ34_000036-T1      0.505  32  0.508  32  0.725  27  0.432   0.478 Y  0.450      SignalP-TM
DFQ34|DFQ34_000100-T1      0.539  26  0.516  26  0.703   1  0.560   0.533 Y  0.450      SignalP-TM
DFQ34|DFQ34_000115-T1      0.232  24  0.437  24  0.910  18  0.772   0.567 Y  0.450      SignalP-TM
DFQ34|DFQ34_000115-T1      0.366  21  0.532  21  0.866  20  0.695   0.608 Y  0.570      SignalP-noTM
DFQ34|DFQ34_000167-T1      0.322  31  0.475  31  0.907  22  0.721   0.571 Y  0.450      SignalP-TM
DFQ34|DFQ34_000168-T1      0.144  21  0.314  21  0.789   1  0.684   0.458 Y  0.450      SignalP-TM
DFQ34|DFQ34_000248-T1      0.280  34  0.373  21  0.925  12  0.893   0.618 Y  0.570      SignalP-noTM
DFQ34|DFQ34_000248-T1      0.346  32  0.454  32  0.953   6  0.788   0.584 Y  0.450      SignalP-TM
DFQ34|DFQ34_000314-T1      0.346  19  0.432  19  0.685   1  0.556   0.480 Y  0.450      SignalP-TM
DFQ34|DFQ34_000324-T1      0.451  23  0.502  23  0.642  17  0.575   0.530 Y  0.450      SignalP-TM
DFQ34|DFQ34_000324-T1      0.643  23  0.580  23  0.676   8  0.545   0.567 Y  0.510      SignalP-TM
DFQ34|DFQ34_000335-T1      0.236  22  0.374  22  0.754  18  0.609   0.465 Y  0.450      SignalP-TM
DFQ34|DFQ34_000335-T1      0.475  20  0.558  20  0.775  11  0.637   0.595 Y  0.570      SignalP-noTM
DFQ34|DFQ34_000347-T1      0.374  37  0.434  22  0.869   1  0.727   0.549 Y  0.450      SignalP-TM
DFQ34|DFQ34_000462-T1      0.298  30  0.352  15  0.700   2  0.629   0.460 Y  0.450      SignalP-TM
DFQ34|DFQ34_000463-T1      0.258  29  0.389  29  0.918  13  0.747   0.529 Y  0.450      SignalP-TM
DFQ34|DFQ34_000464-T1      0.239  30  0.342  22  0.815   1  0.719   0.489 Y  0.450      SignalP-TM
DFQ34|DFQ34_000472-T1      0.239  25  0.454  25  0.928  20  0.848   0.608 Y  0.450      SignalP-TM
DFQ34|DFQ34_000478-T1      0.281  31  0.369  24  0.801  16  0.703   0.499 Y  0.450      SignalP-TM
DFQ34|DFQ34_000512-T1      0.278  17  0.450  17  0.804   6  0.735   0.561 Y  0.450      SignalP-TM
DFQ34|DFQ34_000512-T1      0.664  17  0.736  17  0.908  16  0.833   0.782 Y  0.570      SignalP-noTM
DFQ34|DFQ34_000530-T1      0.362  22  0.518  22  0.843  18  0.683   0.582 Y  0.450      SignalP-TM
DFQ34|DFQ34_000530-T1      0.637  22  0.744  22  0.925  16  0.882   0.809 Y  0.570      SignalP-noTM
DFQ34|DFQ34_000571-T1      0.173  18  0.371  18  0.885  17  0.810   0.577 Y  0.570      SignalP-noTM
DFQ34|DFQ34_000605-T1      0.754  30  0.600  30  0.831  14  0.541   0.577 Y  0.450      SignalP-TM
DFQ34|DFQ34_000625-T1      0.331  21  0.412  21  0.645   4  0.546   0.464 Y  0.450      SignalP-TM
DFQ34|DFQ34_000625-T1      0.590  21  0.535  21  0.697   3  0.539   0.536 Y  0.510      SignalP-TM
DFQ34|DFQ34_000826-T1      0.263  22  0.447  22  0.889  18  0.736   0.560 Y  0.450      SignalP-TM
DFQ34|DFQ34_000826-T1      0.376  22  0.540  22  0.936  17  0.776   0.651 Y  0.570      SignalP-noTM
DFQ34|DFQ34_000827-T1      0.163  35  0.318  19  0.798  16  0.741   0.483 Y  0.450      SignalP-TM
DFQ34|DFQ34_000860-T1      0.358  25  0.429  25  0.581  15  0.489   0.452 Y  0.450      SignalP-TM
DFQ34|DFQ34_000933-T1      0.263  32  0.403  32  0.753  26  0.529   0.452 Y  0.450      SignalP-TM
DFQ34|DFQ34_000934-T1      0.263  32  0.403  32  0.753  26  0.528   0.452 Y  0.450      SignalP-TM
DFQ34|DFQ34_000997-T1      0.149  25  0.343  25  0.886  17  0.779   0.513 Y  0.450      SignalP-TM
DFQ34|DFQ34_000998-T1      0.254  24  0.471  24  0.939  17  0.825   0.609 Y  0.450      SignalP-TM
DFQ34|DFQ34_000999-T1      0.308  24  0.447  24  0.768  16  0.613   0.511 Y  0.450      SignalP-TM
DFQ34|DFQ34_001004-T1      0.358  40  0.400  40  0.866  12  0.596   0.476 Y  0.450      SignalP-TM
DFQ34|DFQ34_001015-T1      0.247  25  0.432  25  0.917  15  0.821   0.615 Y  0.570      SignalP-noTM
DFQ34|DFQ34_001015-T1      0.285  32  0.422  32  0.950  17  0.780   0.562 Y  0.450      SignalP-TM
DFQ34|DFQ34_001019-T1      0.332  19  0.478  19  0.845  16  0.670   0.553 Y  0.450      SignalP-TM
DFQ34|DFQ34_001019-T1      0.720  19  0.774  19  0.923  16  0.831   0.801 Y  0.570      SignalP-noTM
DFQ34|DFQ34_001023-T1      0.171  19  0.356  19  0.808  16  0.672   0.479 Y  0.450      SignalP-TM
DFQ34|DFQ34_001050-T1      0.430  16  0.618  16  0.932  10  0.884   0.743 Y  0.570      SignalP-noTM
DFQ34|DFQ34_001053-T1      0.457  26  0.460  26  0.583  20  0.470   0.464 Y  0.450      SignalP-TM
DFQ34|DFQ34_001065-T1      0.235  23  0.378  23  0.740   7  0.627   0.475 Y  0.450      SignalP-TM
DFQ34|DFQ34_001118-T1      0.407  26  0.505  26  0.828  20  0.509   0.507 Y  0.450      SignalP-TM
DFQ34|DFQ34_001121-T1      0.146  30  0.291  22  0.884   7  0.711   0.455 Y  0.450      SignalP-TM
DFQ34|DFQ34_001141-T1      0.205  56  0.292  12  0.887   4  0.857   0.512 Y  0.450      SignalP-TM
DFQ34|DFQ34_001142-T1      0.191  26  0.387  26  0.930   4  0.840   0.564 Y  0.450      SignalP-TM
DFQ34|DFQ34_001142-T1      0.426  18  0.635  18  0.968  10  0.932   0.774 Y  0.570      SignalP-noTM
DFQ34|DFQ34_001147-T1      0.170  27  0.349  27  0.807  24  0.647   0.465 Y  0.450      SignalP-TM
DFQ34|DFQ34_001219-T1      0.245  36  0.388  36  0.765  30  0.580   0.463 Y  0.450      SignalP-TM
DFQ34|DFQ34_001236-T1      0.207  17  0.439  17  0.955  15  0.926   0.668 Y  0.570      SignalP-noTM
DFQ34|DFQ34_001236-T1      0.619  29  0.685  29  0.948  13  0.840   0.745 Y  0.450      SignalP-TM
DFQ34|DFQ34_001358-T1      0.491  25  0.614  25  0.859  16  0.702   0.648 Y  0.450      SignalP-TM
DFQ34|DFQ34_001429-T1      0.166  22  0.341  22  0.844  12  0.638   0.457 Y  0.450      SignalP-TM
DFQ34|DFQ34_001434-T1      0.280  21  0.490  21  0.950  17  0.831   0.623 Y  0.450      SignalP-TM
DFQ34|DFQ34_001434-T1      0.398  19  0.525  19  0.818  18  0.699   0.607 Y  0.570      SignalP-noTM
DFQ34|DFQ34_001436-T1      0.558  24  0.530  24  0.656  17  0.372   0.469 Y  0.450      SignalP-TM
DFQ34|DFQ34_001458-T1      0.215  18  0.366  18  0.739  10  0.627   0.468 Y  0.450      SignalP-TM
DFQ34|DFQ34_001502-T1      0.658  21  0.646  21  0.832   3  0.688   0.666 Y  0.570      SignalP-noTM
DFQ34|DFQ34_001551-T1      0.153  50  0.313  23  0.855  10  0.732   0.476 Y  0.450      SignalP-TM
DFQ34|DFQ34_001581-T1      0.424  25  0.577  25  0.898  10  0.817   0.671 Y  0.450      SignalP-TM
DFQ34|DFQ34_001609-T1      0.170  24  0.322  22  0.861   8  0.728   0.480 Y  0.450      SignalP-TM
DFQ34|DFQ34_001609-T1      0.415  22  0.568  22  0.908   2  0.810   0.682 Y  0.570      SignalP-noTM
DFQ34|DFQ34_001631-T1      0.206  23  0.374  23  0.807  13  0.633   0.475 Y  0.450      SignalP-TM
DFQ34|DFQ34_001695-T1      0.142  16  0.306  16  0.841   1  0.682   0.453 Y  0.450      SignalP-TM
DFQ34|DFQ34_001695-T1      0.193  16  0.386  16  0.883  14  0.788   0.575 Y  0.570      SignalP-noTM
DFQ34|DFQ34_001697-T1      0.157  16  0.333  16  0.792   4  0.711   0.481 Y  0.450      SignalP-TM
DFQ34|DFQ34_001697-T1      0.231  16  0.426  16  0.914  14  0.801   0.602 Y  0.570      SignalP-noTM
DFQ34|DFQ34_001708-T1      0.203  23  0.389  23  0.894  17  0.748   0.529 Y  0.450      SignalP-TM
DFQ34|DFQ34_001709-T1      0.193  27  0.368  27  0.898  17  0.716   0.503 Y  0.450      SignalP-TM
DFQ34|DFQ34_001709-T1      0.254  21  0.433  21  0.918   1  0.762   0.588 Y  0.570      SignalP-noTM
DFQ34|DFQ34_001721-T1      0.234  19  0.422  19  0.832   2  0.771   0.558 Y  0.450      SignalP-TM
DFQ34|DFQ34_001721-T1      0.245  22  0.439  19  0.896  14  0.843   0.629 Y  0.570      SignalP-noTM
DFQ34|DFQ34_001726-T1      0.577  23  0.670  23  0.883  19  0.678   0.673 Y  0.450      SignalP-TM
DFQ34|DFQ34_001760-T1      0.319  23  0.421  23  0.660  21  0.514   0.457 Y  0.450      SignalP-TM
DFQ34|DFQ34_001762-T1      0.212  24  0.442  24  0.953   3  0.929   0.670 Y  0.570      SignalP-noTM
DFQ34|DFQ34_001770-T1      0.211  27  0.348  27  0.752  15  0.619   0.454 Y  0.450      SignalP-TM
DFQ34|DFQ34_001792-T1      0.238  24  0.449  24  0.903  13  0.796   0.584 Y  0.450      SignalP-TM
DFQ34|DFQ34_001804-T1      0.369  21  0.521  21  0.844   2  0.749   0.628 Y  0.570      SignalP-noTM
DFQ34|DFQ34_001858-T1      0.555  28  0.601  28  0.841   6  0.698   0.639 Y  0.450      SignalP-TM
DFQ34|DFQ34_001878-T1      0.315  18  0.502  18  0.935  15  0.771   0.628 Y  0.570      SignalP-noTM
DFQ34|DFQ34_001892-T1      0.233  24  0.384  24  0.770  15  0.633   0.481 Y  0.450      SignalP-TM
DFQ34|DFQ34_001931-T1      0.456  20  0.588  20  0.905  15  0.729   0.643 Y  0.450      SignalP-TM
DFQ34|DFQ34_001931-T1      0.594  20  0.590  20  0.830  13  0.618   0.603 Y  0.570      SignalP-noTM
DFQ34|DFQ34_001938-T1      0.384  29  0.565  29  0.944  26  0.590   0.575 Y  0.450      SignalP-TM
DFQ34|DFQ34_001938-T1      0.677  29  0.749  29  0.893  28  0.597   0.693 Y  0.510      SignalP-TM
DFQ34|DFQ34_001939-T1      0.566  29  0.685  29  0.929  27  0.639   0.667 Y  0.450      SignalP-TM
DFQ34|DFQ34_001939-T1      0.756  29  0.784  29  0.849  24  0.596   0.715 Y  0.510      SignalP-TM
DFQ34|DFQ34_001949-T1      0.203  49  0.387  19  0.918  15  0.811   0.552 Y  0.450      SignalP-TM
DFQ34|DFQ34_001949-T1      0.246  19  0.445  19  0.923  13  0.806   0.615 Y  0.570      SignalP-noTM
DFQ34|DFQ34_001981-T1      0.302  20  0.482  20  0.841  11  0.761   0.613 Y  0.570      SignalP-noTM
DFQ34|DFQ34_001983-T1      0.174  37  0.316  27  0.844  12  0.702   0.466 Y  0.450      SignalP-TM
DFQ34|DFQ34_001983-T1      0.309  18  0.507  18  0.894   7  0.835   0.661 Y  0.570      SignalP-noTM
DFQ34|DFQ34_001984-T1      0.179  43  0.322  20  0.912   8  0.841   0.524 Y  0.450      SignalP-TM
DFQ34|DFQ34_001984-T1      0.363  20  0.568  20  0.969  16  0.894   0.721 Y  0.570      SignalP-noTM
DFQ34|DFQ34_001988-T1      0.296  18  0.492  18  0.908  17  0.822   0.647 Y  0.570      SignalP-noTM
DFQ34|DFQ34_001988-T1      0.374  23  0.490  23  0.824  15  0.667   0.559 Y  0.450      SignalP-TM
DFQ34|DFQ34_002015-T1      0.239  24  0.435  24  0.905   1  0.826   0.588 Y  0.450      SignalP-TM
DFQ34|DFQ34_002034-T1      0.108  26  0.281  12  0.826   3  0.783   0.477 Y  0.450      SignalP-TM
DFQ34|DFQ34_002046-T1      0.246  23  0.392  23  0.954   5  0.749   0.531 Y  0.450      SignalP-TM
DFQ34|DFQ34_002046-T1      0.331  23  0.465  23  0.907   1  0.757   0.602 Y  0.570      SignalP-noTM
DFQ34|DFQ34_002049-T1      0.350  28  0.504  28  0.836  18  0.729   0.592 Y  0.450      SignalP-TM
DFQ34|DFQ34_002050-T1      0.175  22  0.384  22  0.936  11  0.866   0.610 Y  0.570      SignalP-noTM
DFQ34|DFQ34_002050-T1      0.293  26  0.501  26  0.923  15  0.835   0.631 Y  0.450      SignalP-TM
DFQ34|DFQ34_002051-T1      0.172  17  0.378  17  0.900  16  0.816   0.584 Y  0.570      SignalP-noTM
DFQ34|DFQ34_002051-T1      0.176  55  0.317  17  0.902  16  0.743   0.483 Y  0.450      SignalP-TM
DFQ34|DFQ34_002066-T1      0.196  26  0.366  26  0.798  19  0.667   0.484 Y  0.450      SignalP-TM
DFQ34|DFQ34_002076-T1      0.167  22  0.338  14  0.884   1  0.834   0.571 Y  0.570      SignalP-noTM
DFQ34|DFQ34_002076-T1      0.198  22  0.370  22  0.856   6  0.731   0.511 Y  0.450      SignalP-TM
DFQ34|DFQ34_002077-T1      0.203  24  0.367  22  0.860   6  0.727   0.507 Y  0.450      SignalP-TM
DFQ34|DFQ34_002100-T1      0.243  28  0.384  28  0.733  25  0.622   0.477 Y  0.450      SignalP-TM
DFQ34|DFQ34_002104-T1      0.579  37  0.552  37  0.687  24  0.442   0.511 Y  0.510      SignalP-TM
DFQ34|DFQ34_002104-T1      0.659  37  0.696  37  0.856  25  0.557   0.642 Y  0.450      SignalP-TM
DFQ34|DFQ34_002124-T1      0.187  26  0.366  26  0.839  22  0.684   0.490 Y  0.450      SignalP-TM
DFQ34|DFQ34_002170-T1      0.149  28  0.303  24  0.782  18  0.701   0.458 Y  0.450      SignalP-TM
DFQ34|DFQ34_002182-T1      0.263  24  0.421  24  0.842  16  0.707   0.533 Y  0.450      SignalP-TM
DFQ34|DFQ34_002206-T1      0.118  35  0.268  12  0.823   5  0.736   0.451 Y  0.450      SignalP-TM
DFQ34|DFQ34_002229-T1      0.413  26  0.507  26  0.807   9  0.637   0.558 Y  0.450      SignalP-TM
DFQ34|DFQ34_002289-T1      0.172  48  0.325  22  0.797  12  0.650   0.451 Y  0.450      SignalP-TM
DFQ34|DFQ34_002292-T1      0.339  30  0.447  30  0.723  20  0.487   0.463 Y  0.450      SignalP-TM
DFQ34|DFQ34_002323-T1      0.274  24  0.435  24  0.832  16  0.696   0.537 Y  0.450      SignalP-TM
DFQ34|DFQ34_002324-T1      0.215  24  0.382  24  0.856  14  0.719   0.513 Y  0.450      SignalP-TM
DFQ34|DFQ34_002330-T1      0.196  19  0.398  19  0.905  12  0.805   0.590 Y  0.570      SignalP-noTM
DFQ34|DFQ34_002330-T1      0.266  27  0.414  27  0.735  23  0.604   0.489 Y  0.450      SignalP-TM
DFQ34|DFQ34_002374-T1      0.183  27  0.334  27  0.808   1  0.642   0.454 Y  0.450      SignalP-TM
DFQ34|DFQ34_002406-T1      0.106  57  0.284  16  0.850  11  0.755   0.467 Y  0.450      SignalP-TM
DFQ34|DFQ34_002419-T1      0.246  23  0.464  23  0.927  25  0.837   0.639 Y  0.570      SignalP-noTM
DFQ34|DFQ34_002488-T1      0.175  26  0.311  18  0.832   2  0.706   0.465 Y  0.450      SignalP-TM
DFQ34|DFQ34_002514-T1      0.285  26  0.416  26  0.782  17  0.634   0.501 Y  0.450      SignalP-TM
DFQ34|DFQ34_002515-T1      0.234  17  0.456  17  0.960   7  0.897   0.663 Y  0.570      SignalP-noTM
DFQ34|DFQ34_002519-T1      0.186  22  0.373  22  0.848  18  0.742   0.517 Y  0.450      SignalP-TM
DFQ34|DFQ34_002519-T1      0.294  20  0.474  20  0.880   2  0.780   0.618 Y  0.570      SignalP-noTM
DFQ34|DFQ34_002522-T1      0.209  26  0.356  26  0.843  16  0.627   0.462 Y  0.450      SignalP-TM
DFQ34|DFQ34_002523-T1      0.196  34  0.365  34  0.825  14  0.738   0.511 Y  0.450      SignalP-TM
DFQ34|DFQ34_002544-T1      0.155  29  0.298  21  0.829  14  0.722   0.463 Y  0.450      SignalP-TM
DFQ34|DFQ34_002568-T1      0.160  36  0.344  21  0.869   4  0.820   0.530 Y  0.450      SignalP-TM
DFQ34|DFQ34_002574-T1      0.213  23  0.344  23  0.784   4  0.625   0.454 Y  0.450      SignalP-TM
DFQ34|DFQ34_002580-T1      0.223  32  0.355  22  0.814  10  0.688   0.485 Y  0.450      SignalP-TM
DFQ34|DFQ34_002580-T1      0.301  22  0.492  22  0.922  20  0.821   0.647 Y  0.570      SignalP-noTM
DFQ34|DFQ34_002590-T1      0.210  27  0.359  19  0.817  17  0.734   0.505 Y  0.450      SignalP-TM
DFQ34|DFQ34_002590-T1      0.614  19  0.694  19  0.873   1  0.802   0.745 Y  0.570      SignalP-noTM
DFQ34|DFQ34_002591-T1      0.200  27  0.410  19  0.928   1  0.876   0.629 Y  0.570      SignalP-noTM
DFQ34|DFQ34_002591-T1      0.267  27  0.433  27  0.842  18  0.744   0.554 Y  0.450      SignalP-TM
DFQ34|DFQ34_002626-T1      0.215  17  0.368  17  0.813  15  0.580   0.451 Y  0.450      SignalP-TM
DFQ34|DFQ34_002636-T1      0.260  29  0.404  29  0.934  16  0.753   0.540 Y  0.450      SignalP-TM
DFQ34|DFQ34_002644-T1      0.233  18  0.377  18  0.810  17  0.623   0.473 Y  0.450      SignalP-TM
DFQ34|DFQ34_002645-T1      0.218  22  0.367  22  0.764  17  0.584   0.451 Y  0.450      SignalP-TM
DFQ34|DFQ34_002665-T1      0.150  48  0.314  24  0.857  11  0.781   0.496 Y  0.450      SignalP-TM
DFQ34|DFQ34_002665-T1      0.273  24  0.430  24  0.882  12  0.752   0.581 Y  0.570      SignalP-noTM
DFQ34|DFQ34_002669-T1      0.264  27  0.434  27  0.905  17  0.721   0.546 Y  0.450      SignalP-TM
DFQ34|DFQ34_002670-T1      0.199  21  0.386  21  0.869  17  0.743   0.525 Y  0.450      SignalP-TM
DFQ34|DFQ34_002670-T1      0.288  21  0.459  21  0.918   1  0.753   0.597 Y  0.570      SignalP-noTM
DFQ34|DFQ34_002671-T1      0.192  27  0.365  27  0.893  17  0.706   0.498 Y  0.450      SignalP-TM
DFQ34|DFQ34_002671-T1      0.254  21  0.432  21  0.917   1  0.759   0.586 Y  0.570      SignalP-noTM
DFQ34|DFQ34_002677-T1      0.208  17  0.411  17  0.908   1  0.832   0.609 Y  0.570      SignalP-noTM
DFQ34|DFQ34_002681-T1      0.401  25  0.585  25  0.956  17  0.818   0.676 Y  0.450      SignalP-TM
DFQ34|DFQ34_002682-T1      0.201  25  0.393  25  0.926  17  0.721   0.521 Y  0.450      SignalP-TM
DFQ34|DFQ34_002682-T1      0.436  18  0.552  18  0.853  15  0.703   0.623 Y  0.570      SignalP-noTM
DFQ34|DFQ34_002692-T1      0.342  25  0.487  22  0.854  18  0.736   0.584 Y  0.450      SignalP-TM
DFQ34|DFQ34_002692-T1      0.490  22  0.589  22  0.850   2  0.757   0.668 Y  0.570      SignalP-noTM
DFQ34|DFQ34_002702-T1      0.125  41  0.276  16  0.823   8  0.728   0.452 Y  0.450      SignalP-TM
DFQ34|DFQ34_002728-T1      0.221  21  0.421  21  0.856  17  0.771   0.558 Y  0.450      SignalP-TM
DFQ34|DFQ34_002774-T1      0.178  31  0.344  21  0.851  10  0.805   0.523 Y  0.450      SignalP-TM
DFQ34|DFQ34_002775-T1      0.388  27  0.452  27  0.810   8  0.608   0.513 Y  0.450      SignalP-TM
DFQ34|DFQ34_002775-T1      0.392  27  0.591  20  0.967  10  0.930   0.750 Y  0.570      SignalP-noTM
DFQ34|DFQ34_002782-T1      0.482  26  0.509  23  0.677  18  0.511   0.510 Y  0.450      SignalP-TM
DFQ34|DFQ34_002783-T1      0.346  25  0.458  25  0.786  12  0.610   0.517 Y  0.450      SignalP-TM
DFQ34|DFQ34_002785-T1      0.202  37  0.366  17  0.944   8  0.882   0.567 Y  0.450      SignalP-TM
DFQ34|DFQ34_002787-T1      0.146  27  0.368  22  0.965  15  0.938   0.590 Y  0.450      SignalP-TM
DFQ34|DFQ34_002787-T1      0.239  21  0.479  21  0.979  10  0.960   0.705 Y  0.570      SignalP-noTM
DFQ34|DFQ34_002788-T1      0.316  22  0.457  22  0.842  17  0.633   0.525 Y  0.450      SignalP-TM
DFQ34|DFQ34_002800-T1      0.131  18  0.331  18  0.887   1  0.847   0.574 Y  0.570      SignalP-noTM
DFQ34|DFQ34_002800-T1      0.144  26  0.313  18  0.863   4  0.797   0.502 Y  0.450      SignalP-TM
DFQ34|DFQ34_002855-T1      0.138  32  0.306  21  0.811  19  0.703   0.461 Y  0.450      SignalP-TM
DFQ34|DFQ34_002856-T1      0.219  20  0.419  20  0.884  19  0.812   0.573 Y  0.450      SignalP-TM
DFQ34|DFQ34_002856-T1      0.480  20  0.647  20  0.915  19  0.870   0.752 Y  0.570      SignalP-noTM
DFQ34|DFQ34_002860-T1      0.278  26  0.422  26  0.786  17  0.651   0.511 Y  0.450      SignalP-TM
DFQ34|DFQ34_002884-T1      0.184  21  0.362  21  0.809  19  0.692   0.490 Y  0.450      SignalP-TM
DFQ34|DFQ34_002891-T1      0.282  21  0.430  21  0.802   1  0.678   0.527 Y  0.450      SignalP-TM
DFQ34|DFQ34_002891-T1      0.403  21  0.523  21  0.831  14  0.679   0.597 Y  0.570      SignalP-noTM
DFQ34|DFQ34_002914-T1      0.368  23  0.487  23  0.777  16  0.602   0.532 Y  0.450      SignalP-TM
DFQ34|DFQ34_002915-T1      0.392  25  0.472  25  0.829  16  0.623   0.531 Y  0.450      SignalP-TM
DFQ34|DFQ34_002947-T1      0.195  25  0.339  25  0.754  13  0.648   0.460 Y  0.450      SignalP-TM
DFQ34|DFQ34_002948-T1      0.193  15  0.397  15  0.890  11  0.818   0.595 Y  0.570      SignalP-noTM
DFQ34|DFQ34_002948-T1      0.193  22  0.370  22  0.873  11  0.748   0.518 Y  0.450      SignalP-TM
DFQ34|DFQ34_002951-T1      0.204  20  0.364  20  0.769   2  0.681   0.488 Y  0.450      SignalP-TM
DFQ34|DFQ34_002955-T1      0.211  24  0.441  24  0.982  16  0.914   0.664 Y  0.570      SignalP-noTM
DFQ34|DFQ34_002955-T1      0.360  29  0.525  29  0.961  14  0.832   0.645 Y  0.450      SignalP-TM
DFQ34|DFQ34_002960-T1      0.138  22  0.314  22  0.856   1  0.743   0.481 Y  0.450      SignalP-TM
DFQ34|DFQ34_002964-T1      0.205  26  0.353  24  0.854  16  0.693   0.485 Y  0.450      SignalP-TM
DFQ34|DFQ34_002965-T1      0.306  25  0.504  25  0.958  18  0.857   0.642 Y  0.450      SignalP-TM
DFQ34|DFQ34_002965-T1      0.452  19  0.649  19  0.948   9  0.927   0.779 Y  0.570      SignalP-noTM
DFQ34|DFQ34_002966-T1      0.372  21  0.567  21  0.924  10  0.872   0.711 Y  0.570      SignalP-noTM
DFQ34|DFQ34_002966-T1      0.411  30  0.475  30  0.896  15  0.718   0.570 Y  0.450      SignalP-TM
DFQ34|DFQ34_002973-T1      0.197  28  0.318  28  0.899  10  0.674   0.457 Y  0.450      SignalP-TM
DFQ34|DFQ34_002973-T1      0.309  21  0.492  21  0.875  15  0.805   0.639 Y  0.570      SignalP-noTM
DFQ34|DFQ34_002977-T1      0.374  19  0.526  19  0.862   1  0.746   0.629 Y  0.570      SignalP-noTM
DFQ34|DFQ34_002977-T1      0.421  43  0.434  26  0.927  16  0.772   0.566 Y  0.450      SignalP-TM
DFQ34|DFQ34_002979-T1      0.170  29  0.338  24  0.796  12  0.702   0.480 Y  0.450      SignalP-TM
DFQ34|DFQ34_003006-T1      0.139  23  0.322  23  0.876  11  0.720   0.477 Y  0.450      SignalP-TM
DFQ34|DFQ34_003042-T1      0.137  18  0.315  18  0.871  15  0.677   0.456 Y  0.450      SignalP-TM
DFQ34|DFQ34_003052-T1      0.291  28  0.404  28  0.933  16  0.625   0.490 Y  0.450      SignalP-TM
DFQ34|DFQ34_003083-T1      0.252  26  0.377  26  0.823  16  0.570   0.452 Y  0.450      SignalP-TM
DFQ34|DFQ34_003083-T1      0.389  19  0.508  19  0.824   1  0.679   0.588 Y  0.570      SignalP-noTM
DFQ34|DFQ34_003084-T1      0.320  43  0.375  26  0.822  16  0.568   0.450 Y  0.450      SignalP-TM
DFQ34|DFQ34_003084-T1      0.388  19  0.507  19  0.825   1  0.679   0.588 Y  0.570      SignalP-noTM
DFQ34|DFQ34_003086-T1      0.200  22  0.395  22  0.915  17  0.805   0.555 Y  0.450      SignalP-TM
DFQ34|DFQ34_003086-T1      0.589  19  0.736  19  0.960  17  0.914   0.820 Y  0.570      SignalP-noTM
DFQ34|DFQ34_003091-T1      0.213  30  0.347  30  0.850  19  0.628   0.457 Y  0.450      SignalP-TM
DFQ34|DFQ34_003101-T1      0.406  34  0.382  34  0.895  16  0.611   0.471 Y  0.450      SignalP-TM
DFQ34|DFQ34_003102-T1      0.635  27  0.710  27  0.934  16  0.840   0.761 Y  0.450      SignalP-TM
DFQ34|DFQ34_003102-T1      0.644  22  0.740  22  0.932  11  0.862   0.797 Y  0.570      SignalP-noTM
DFQ34|DFQ34_003107-T1      0.367  25  0.533  25  0.880  20  0.766   0.624 Y  0.450      SignalP-TM
DFQ34|DFQ34_003124-T1      0.182  32  0.295  18  0.865   9  0.727   0.464 Y  0.450      SignalP-TM
DFQ34|DFQ34_003128-T1      0.224  20  0.418  20  0.931  19  0.740   0.543 Y  0.450      SignalP-TM
DFQ34|DFQ34_003128-T1      0.247  20  0.442  20  0.876  19  0.804   0.613 Y  0.570      SignalP-noTM
DFQ34|DFQ34_003129-T1      0.238  20  0.427  20  0.869  19  0.792   0.569 Y  0.450      SignalP-TM
DFQ34|DFQ34_003129-T1      0.310  21  0.507  21  0.915   1  0.839   0.663 Y  0.570      SignalP-noTM
DFQ34|DFQ34_003132-T1      0.175  34  0.345  28  0.795  17  0.649   0.464 Y  0.450      SignalP-TM
DFQ34|DFQ34_003140-T1      0.371  26  0.534  26  0.895  15  0.750   0.618 Y  0.450      SignalP-TM
DFQ34|DFQ34_003140-T1      0.578  26  0.638  26  0.925  14  0.774   0.702 Y  0.570      SignalP-noTM
DFQ34|DFQ34_003141-T1      0.135  26  0.315  19  0.847  15  0.776   0.495 Y  0.450      SignalP-TM
DFQ34|DFQ34_003181-T1      0.268  24  0.449  24  0.869  17  0.749   0.566 Y  0.450      SignalP-TM
DFQ34|DFQ34_003205-T1      0.245  62  0.274  11  0.811   3  0.746   0.458 Y  0.450      SignalP-TM
DFQ34|DFQ34_003211-T1      0.349  24  0.497  24  0.835   1  0.727   0.586 Y  0.450      SignalP-TM
DFQ34|DFQ34_003223-T1      0.217  22  0.440  22  0.934  16  0.868   0.641 Y  0.570      SignalP-noTM
DFQ34|DFQ34_003248-T1      0.303  25  0.443  25  0.877  16  0.672   0.532 Y  0.450      SignalP-TM
DFQ34|DFQ34_003248-T1      0.576  18  0.693  18  0.908  16  0.830   0.757 Y  0.570      SignalP-noTM
DFQ34|DFQ34_003260-T1      0.181  26  0.368  26  0.919  16  0.792   0.533 Y  0.450      SignalP-TM
DFQ34|DFQ34_003260-T1      0.234  19  0.461  19  0.960  13  0.904   0.669 Y  0.570      SignalP-noTM
DFQ34|DFQ34_003272-T1      0.194  20  0.372  20  0.819   2  0.723   0.509 Y  0.450      SignalP-TM
DFQ34|DFQ34_003290-T1      0.231  27  0.391  19  0.880   6  0.823   0.560 Y  0.450      SignalP-TM
DFQ34|DFQ34_003290-T1      0.277  19  0.469  19  0.878   3  0.813   0.631 Y  0.570      SignalP-noTM
DFQ34|DFQ34_003313-T1      0.445  22  0.534  22  0.808  19  0.670   0.587 Y  0.450      SignalP-TM
DFQ34|DFQ34_003313-T1      0.688  22  0.662  22  0.894   1  0.680   0.670 Y  0.570      SignalP-noTM
DFQ34|DFQ34_003345-T1      0.162  19  0.352  19  0.887  17  0.689   0.483 Y  0.450      SignalP-TM
DFQ34|DFQ34_003351-T1      0.334  28  0.431  21  0.836  19  0.753   0.582 Y  0.570      SignalP-noTM
DFQ34|DFQ34_003351-T1      0.450  28  0.468  28  0.771  11  0.565   0.506 Y  0.450      SignalP-TM
DFQ34|DFQ34_003353-T1      0.370  24  0.498  24  0.844  20  0.601   0.538 Y  0.450      SignalP-TM
DFQ34|DFQ34_003360-T1      0.236  18  0.438  18  0.885   2  0.821   0.618 Y  0.570      SignalP-noTM
DFQ34|DFQ34_003360-T1      0.393  25  0.582  25  0.962  17  0.848   0.686 Y  0.450      SignalP-TM
DFQ34|DFQ34_003374-T1      0.275  26  0.448  20  0.914  17  0.799   0.585 Y  0.450      SignalP-TM
DFQ34|DFQ34_003374-T1      0.519  20  0.676  20  0.924  19  0.881   0.772 Y  0.570      SignalP-noTM
DFQ34|DFQ34_003378-T1      0.269  26  0.439  18  0.919  16  0.829   0.622 Y  0.570      SignalP-noTM
DFQ34|DFQ34_003378-T1      0.370  26  0.572  26  0.935  19  0.802   0.662 Y  0.450      SignalP-TM
DFQ34|DFQ34_003387-T1      0.287  16  0.465  16  0.888   1  0.776   0.611 Y  0.570      SignalP-noTM
DFQ34|DFQ34_003404-T1      0.178  25  0.354  25  0.819   9  0.733   0.502 Y  0.450      SignalP-TM
DFQ34|DFQ34_003411-T1      0.256  18  0.413  18  0.851   1  0.694   0.522 Y  0.450      SignalP-TM
DFQ34|DFQ34_003411-T1      0.581  18  0.682  18  0.893  17  0.809   0.741 Y  0.570      SignalP-noTM
DFQ34|DFQ34_003419-T1      0.187  30  0.375  20  0.919  17  0.833   0.590 Y  0.570      SignalP-noTM
DFQ34|DFQ34_003419-T1      0.311  30  0.431  30  0.752  19  0.626   0.507 Y  0.450      SignalP-TM
DFQ34|DFQ34_003440-T1      0.592  20  0.631  20  0.837  17  0.712   0.669 Y  0.570      SignalP-noTM
DFQ34|DFQ34_003460-T1      0.222  25  0.382  25  0.757  17  0.598   0.466 Y  0.450      SignalP-TM
DFQ34|DFQ34_003465-T1      0.399  22  0.604  22  0.961  19  0.863   0.725 Y  0.570      SignalP-noTM
DFQ34|DFQ34_003465-T1      0.596  27  0.715  27  0.943  18  0.762   0.733 Y  0.450      SignalP-TM
DFQ34|DFQ34_003513-T1      0.482  19  0.602  19  0.843   3  0.772   0.682 Y  0.570      SignalP-noTM
DFQ34|DFQ34_003524-T1      0.334  16  0.528  16  0.891   1  0.843   0.676 Y  0.570      SignalP-noTM
DFQ34|DFQ34_003525-T1      0.147  27  0.303  20  0.831  12  0.701   0.458 Y  0.450      SignalP-TM
DFQ34|DFQ34_003550-T1      0.298  28  0.428  28  0.890  16  0.685   0.528 Y  0.450      SignalP-TM
DFQ34|DFQ34_003552-T1      0.173  25  0.334  25  0.764   2  0.678   0.468 Y  0.450      SignalP-TM
DFQ34|DFQ34_003565-T1      0.661  30  0.658  30  0.830  26  0.430   0.569 Y  0.450      SignalP-TM
DFQ34|DFQ34_003580-T1      0.156  28  0.297  24  0.883  13  0.736   0.468 Y  0.450      SignalP-TM
DFQ34|DFQ34_003586-T1      0.186  49  0.279  11  0.854   4  0.818   0.489 Y  0.450      SignalP-TM
DFQ34|DFQ34_003586-T1      0.586  21  0.664  21  0.909   1  0.793   0.725 Y  0.570      SignalP-noTM
DFQ34|DFQ34_003630-T1      0.301  22  0.509  22  0.942  17  0.878   0.682 Y  0.570      SignalP-noTM
DFQ34|DFQ34_003630-T1      0.425  22  0.593  22  0.904  16  0.822   0.682 Y  0.450      SignalP-TM
DFQ34|DFQ34_003639-T1      0.147  24  0.357  24  0.936  17  0.877   0.601 Y  0.570      SignalP-noTM
DFQ34|DFQ34_003639-T1      0.237  30  0.406  24  0.922  12  0.841   0.576 Y  0.450      SignalP-TM
DFQ34|DFQ34_003661-T1      0.300  45  0.419  19  0.818   2  0.715   0.535 Y  0.450      SignalP-TM
DFQ34|DFQ34_003661-T1      0.543  19  0.616  19  0.860   2  0.730   0.658 Y  0.510      SignalP-TM
DFQ34|DFQ34_003662-T1      0.198  39  0.344  25  0.944  11  0.858   0.544 Y  0.450      SignalP-TM
DFQ34|DFQ34_003662-T1      0.464  19  0.648  19  0.958  17  0.896   0.764 Y  0.570      SignalP-noTM
DFQ34|DFQ34_003665-T1      0.300  23  0.455  23  0.896  11  0.762   0.599 Y  0.570      SignalP-noTM
DFQ34|DFQ34_003665-T1      0.455  25  0.596  25  0.921   9  0.811   0.680 Y  0.450      SignalP-TM
DFQ34|DFQ34_003674-T1      0.144  18  0.317  18  0.811  16  0.674   0.456 Y  0.450      SignalP-TM
DFQ34|DFQ34_003674-T1      0.251  18  0.446  18  0.844  15  0.764   0.595 Y  0.570      SignalP-noTM
DFQ34|DFQ34_003686-T1      0.258  26  0.423  26  0.965  11  0.824   0.612 Y  0.570      SignalP-noTM
DFQ34|DFQ34_003686-T1      0.383  25  0.567  25  0.938   9  0.872   0.686 Y  0.450      SignalP-TM
DFQ34|DFQ34_003690-T1      0.311  20  0.425  20  0.897  18  0.567   0.480 Y  0.450      SignalP-TM
DFQ34|DFQ34_003724-T1      0.208  28  0.368  22  0.926  11  0.866   0.602 Y  0.570      SignalP-noTM
DFQ34|DFQ34_003724-T1      0.218  28  0.355  25  0.817   2  0.707   0.493 Y  0.450      SignalP-TM
DFQ34|DFQ34_003738-T1      0.190  19  0.383  19  0.906  17  0.740   0.522 Y  0.450      SignalP-TM
DFQ34|DFQ34_003745-T1      0.279  21  0.448  21  0.851  13  0.715   0.573 Y  0.570      SignalP-noTM
DFQ34|DFQ34_003762-T1      0.164  21  0.337  21  0.769  15  0.671   0.467 Y  0.450      SignalP-TM
DFQ34|DFQ34_003770-T1      0.381  24  0.506  24  0.867   2  0.742   0.598 Y  0.450      SignalP-TM
DFQ34|DFQ34_003786-T1      0.262  37  0.387  22  0.780   7  0.703   0.510 Y  0.450      SignalP-TM
DFQ34|DFQ34_003786-T1      0.294  22  0.466  22  0.908  12  0.758   0.604 Y  0.570      SignalP-noTM
DFQ34|DFQ34_003829-T1      0.326  20  0.506  20  0.894  18  0.788   0.639 Y  0.570      SignalP-noTM
DFQ34|DFQ34_003831-T1      0.400  20  0.458  20  0.729  18  0.477   0.465 Y  0.450      SignalP-TM
DFQ34|DFQ34_003836-T1      0.122  25  0.316  18  0.888   8  0.835   0.518 Y  0.450      SignalP-TM
DFQ34|DFQ34_003841-T1      0.139  30  0.285  12  0.780   6  0.731   0.459 Y  0.450      SignalP-TM
DFQ34|DFQ34_003848-T1      0.201  24  0.358  24  0.796   1  0.651   0.472 Y  0.450      SignalP-TM
DFQ34|DFQ34_003848-T1      0.308  22  0.484  22  0.910  11  0.783   0.625 Y  0.570      SignalP-noTM
DFQ34|DFQ34_003864-T1      0.261  21  0.476  21  0.914  12  0.864   0.628 Y  0.450      SignalP-TM
DFQ34|DFQ34_003864-T1      0.358  21  0.564  21  0.923  16  0.892   0.718 Y  0.570      SignalP-noTM
DFQ34|DFQ34_003872-T1      0.444  21  0.544  21  0.817  18  0.631   0.585 Y  0.570      SignalP-noTM
DFQ34|DFQ34_003878-T1      0.345  25  0.516  25  0.887  16  0.765   0.613 Y  0.450      SignalP-TM
DFQ34|DFQ34_003881-T1      0.279  26  0.429  26  0.810  17  0.662   0.520 Y  0.450      SignalP-TM
DFQ34|DFQ34_003895-T1      0.204  17  0.419  17  0.890  10  0.854   0.589 Y  0.450      SignalP-TM
DFQ34|DFQ34_003895-T1      0.525  17  0.701  17  0.963  16  0.931   0.809 Y  0.570      SignalP-noTM
DFQ34|DFQ34_003903-T1      0.199  23  0.354  23  0.843   7  0.681   0.481 Y  0.450      SignalP-TM
DFQ34|DFQ34_003927-T1      0.146  27  0.345  27  0.896  21  0.684   0.477 Y  0.450      SignalP-TM
DFQ34|DFQ34_003947-T1      0.283  20  0.497  20  0.940  16  0.830   0.627 Y  0.450      SignalP-TM
DFQ34|DFQ34_003947-T1      0.336  20  0.512  20  0.870  16  0.770   0.634 Y  0.570      SignalP-noTM
DFQ34|DFQ34_003965-T1      0.169  22  0.362  22  0.875   7  0.793   0.530 Y  0.450      SignalP-TM
DFQ34|DFQ34_003979-T1      0.148  67  0.287  18  0.897  10  0.752   0.468 Y  0.450      SignalP-TM
DFQ34|DFQ34_003990-T1      0.162  45  0.285  16  0.855   1  0.746   0.465 Y  0.450      SignalP-TM
DFQ34|DFQ34_004013-T1      0.276  29  0.390  29  0.819  15  0.622   0.481 Y  0.450      SignalP-TM
DFQ34|DFQ34_004046-T1      0.289  21  0.460  21  0.866   1  0.765   0.579 Y  0.450      SignalP-TM
DFQ34|DFQ34_004047-T1      0.259  22  0.455  22  0.896  16  0.803   0.618 Y  0.570      SignalP-noTM
DFQ34|DFQ34_004049-T1      0.145  25  0.319  18  0.838  17  0.704   0.469 Y  0.450      SignalP-TM
DFQ34|DFQ34_004056-T1      0.318  28  0.466  28  0.906  18  0.741   0.573 Y  0.450      SignalP-TM
DFQ34|DFQ34_004056-T1      0.345  28  0.509  22  0.893  18  0.810   0.650 Y  0.570      SignalP-noTM
DFQ34|DFQ34_004059-T1      0.504  29  0.474  29  0.635  23  0.436   0.459 Y  0.450      SignalP-TM
DFQ34|DFQ34_004061-T1      0.380  26  0.448  26  0.772  10  0.593   0.505 Y  0.450      SignalP-TM
DFQ34|DFQ34_004064-T1      0.177  40  0.409  18  0.984  13  0.946   0.661 Y  0.570      SignalP-noTM
DFQ34|DFQ34_004064-T1      0.316  40  0.340  40  0.909  15  0.647   0.460 Y  0.450      SignalP-TM
DFQ34|DFQ34_004076-T1      0.311  26  0.492  26  0.859  22  0.750   0.593 Y  0.450      SignalP-TM
DFQ34|DFQ34_004083-T1      0.213  25  0.381  25  0.919  12  0.746   0.523 Y  0.450      SignalP-TM
DFQ34|DFQ34_004088-T1      0.149  23  0.310  21  0.834   9  0.710   0.466 Y  0.450      SignalP-TM
DFQ34|DFQ34_004106-T1      0.240  21  0.446  21  0.888  18  0.825   0.594 Y  0.450      SignalP-TM
DFQ34|DFQ34_004106-T1      0.452  21  0.601  21  0.918  17  0.796   0.693 Y  0.570      SignalP-noTM
DFQ34|DFQ34_004107-T1      0.419  21  0.590  21  0.931  19  0.813   0.677 Y  0.450      SignalP-TM
DFQ34|DFQ34_004107-T1      0.522  21  0.617  21  0.843  19  0.691   0.652 Y  0.570      SignalP-noTM
DFQ34|DFQ34_004120-T1      0.303  19  0.473  19  0.890  17  0.748   0.602 Y  0.570      SignalP-noTM
DFQ34|DFQ34_004139-T1      0.327  24  0.451  24  0.914   6  0.741   0.587 Y  0.570      SignalP-noTM
DFQ34|DFQ34_004139-T1      0.570  24  0.666  24  0.860  16  0.745   0.697 Y  0.450      SignalP-TM
DFQ34|DFQ34_004140-T1      0.249  19  0.458  19  0.965  17  0.811   0.624 Y  0.570      SignalP-noTM
DFQ34|DFQ34_004140-T1      0.287  28  0.426  28  0.710  17  0.611   0.498 Y  0.450      SignalP-TM
DFQ34|DFQ34_004158-T1      0.214  25  0.399  25  0.905  17  0.787   0.550 Y  0.450      SignalP-TM
DFQ34|DFQ34_004170-T1      0.405  25  0.486  25  0.849  18  0.521   0.499 Y  0.450      SignalP-TM
DFQ34|DFQ34_004170-T1      0.583  25  0.644  25  0.886  17  0.760   0.699 Y  0.570      SignalP-noTM
DFQ34|DFQ34_004197-T1      0.321  28  0.469  28  0.870  16  0.739   0.574 Y  0.450      SignalP-TM
DFQ34|DFQ34_004217-T1      0.326  23  0.474  23  0.811   8  0.683   0.555 Y  0.450      SignalP-TM
DFQ34|DFQ34_004218-T1      0.281  23  0.457  23  0.896  12  0.761   0.575 Y  0.450      SignalP-TM
DFQ34|DFQ34_004220-T1      0.159  21  0.351  21  0.844   1  0.782   0.519 Y  0.450      SignalP-TM
DFQ34|DFQ34_004247-T1      0.299  21  0.460  21  0.862  15  0.734   0.589 Y  0.570      SignalP-noTM
DFQ34|DFQ34_004306-T1      0.357  20  0.506  20  0.870  19  0.737   0.596 Y  0.450      SignalP-TM
DFQ34|DFQ34_004306-T1      0.634  20  0.735  20  0.947  18  0.875   0.801 Y  0.570      SignalP-noTM
DFQ34|DFQ34_004313-T1      0.228  22  0.402  22  0.836   2  0.740   0.533 Y  0.450      SignalP-TM
DFQ34|DFQ34_004318-T1      0.170  45  0.324  21  0.841  11  0.707   0.473 Y  0.450      SignalP-TM
DFQ34|DFQ34_004329-T1      0.639  21  0.553  21  0.588  19  0.457   0.518 Y  0.510      SignalP-TM
DFQ34|DFQ34_004339-T1      0.510  20  0.615  20  0.926  18  0.720   0.664 Y  0.570      SignalP-noTM
DFQ34|DFQ34_004355-T1      0.226  52  0.425  21  0.948  11  0.880   0.602 Y  0.450      SignalP-TM
DFQ34|DFQ34_004355-T1      0.440  21  0.587  21  0.846   8  0.765   0.653 Y  0.510      SignalP-TM
DFQ34|DFQ34_004392-T1      0.163  25  0.348  21  0.960  12  0.845   0.582 Y  0.570      SignalP-noTM
DFQ34|DFQ34_004392-T1      0.191  27  0.346  27  0.925  14  0.759   0.507 Y  0.450      SignalP-TM
DFQ34|DFQ34_004393-T1      0.156  22  0.314  22  0.864  11  0.706   0.467 Y  0.450      SignalP-TM
DFQ34|DFQ34_004393-T1      0.189  20  0.398  20  0.894   1  0.850   0.610 Y  0.570      SignalP-noTM
DFQ34|DFQ34_004395-T1      0.176  17  0.397  17  0.916  11  0.887   0.627 Y  0.570      SignalP-noTM
DFQ34|DFQ34_004395-T1      0.190  36  0.354  17  0.920  16  0.794   0.526 Y  0.450      SignalP-TM
DFQ34|DFQ34_004426-T1      0.229  28  0.406  28  0.882   7  0.757   0.543 Y  0.450      SignalP-TM
DFQ34|DFQ34_004426-T1      0.343  21  0.524  21  0.900   8  0.830   0.668 Y  0.570      SignalP-noTM
DFQ34|DFQ34_004461-T1      0.266  21  0.452  21  0.891  13  0.743   0.589 Y  0.570      SignalP-noTM
DFQ34|DFQ34_004461-T1      0.398  28  0.529  28  0.936  16  0.727   0.606 Y  0.450      SignalP-TM
DFQ34|DFQ34_004477-T1      0.198  67  0.326  20  0.744  13  0.645   0.450 Y  0.450      SignalP-TM
DFQ34|DFQ34_004481-T1      0.228  22  0.407  22  0.930   6  0.793   0.557 Y  0.450      SignalP-TM
DFQ34|DFQ34_004481-T1      0.346  20  0.521  20  0.891   2  0.809   0.656 Y  0.570      SignalP-noTM
DFQ34|DFQ34_004483-T1      0.164  33  0.365  25  0.982  18  0.928   0.585 Y  0.450      SignalP-TM
DFQ34|DFQ34_004483-T1      0.258  20  0.500  20  0.983  17  0.962   0.718 Y  0.570      SignalP-noTM
DFQ34|DFQ34_004513-T1      0.293  24  0.413  24  0.700  12  0.581   0.479 Y  0.450      SignalP-TM
DFQ34|DFQ34_004513-T1      0.403  24  0.521  24  0.881  10  0.747   0.627 Y  0.570      SignalP-noTM
DFQ34|DFQ34_004517-T1      0.363  23  0.487  23  0.887  11  0.737   0.605 Y  0.570      SignalP-noTM
DFQ34|DFQ34_004517-T1      0.379  25  0.526  25  0.908   9  0.778   0.624 Y  0.450      SignalP-TM
DFQ34|DFQ34_004521-T1      0.381  20  0.515  20  0.812  17  0.671   0.576 Y  0.450      SignalP-TM
DFQ34|DFQ34_004521-T1      0.772  20  0.812  20  0.946  18  0.857   0.833 Y  0.570      SignalP-noTM
DFQ34|DFQ34_004547-T1      0.109   9  0.281  12  0.831   6  0.759   0.467 Y  0.450      SignalP-TM
DFQ34|DFQ34_004551-T1      0.264  20  0.470  20  0.907  16  0.804   0.627 Y  0.570      SignalP-noTM
DFQ34|DFQ34_004565-T1      0.213  28  0.428  28  0.979  17  0.865   0.598 Y  0.450      SignalP-TM
DFQ34|DFQ34_004565-T1      0.480  18  0.665  18  0.966  11  0.912   0.781 Y  0.570      SignalP-noTM
DFQ34|DFQ34_004567-T1      0.328  28  0.447  28  0.803  19  0.634   0.520 Y  0.450      SignalP-TM
DFQ34|DFQ34_004567-T1      0.484  21  0.633  21  0.906  19  0.830   0.726 Y  0.570      SignalP-noTM
DFQ34|DFQ34_004578-T1      0.228  27  0.432  27  0.940  21  0.837   0.622 Y  0.570      SignalP-noTM
DFQ34|DFQ34_004578-T1      0.648  27  0.729  27  0.919  21  0.756   0.739 Y  0.450      SignalP-TM
DFQ34|DFQ34_004582-T1      0.357  22  0.457  22  0.795  19  0.596   0.511 Y  0.450      SignalP-TM
DFQ34|DFQ34_004582-T1      0.622  22  0.612  22  0.839  19  0.580   0.597 Y  0.570      SignalP-noTM
DFQ34|DFQ34_004602-T1      0.444  45  0.491  45  0.894  29  0.634   0.546 Y  0.450      SignalP-TM
DFQ34|DFQ34_004602-T1      0.558  36  0.697  36  0.945  24  0.701   0.699 Y  0.570      SignalP-noTM
DFQ34|DFQ34_004603-T1      0.560  36  0.696  36  0.950  32  0.697   0.696 Y  0.570      SignalP-noTM
DFQ34|DFQ34_004604-T1      0.109  30  0.270  13  0.816   6  0.735   0.451 Y  0.450      SignalP-TM
DFQ34|DFQ34_004607-T1      0.174  28  0.359  27  0.863  19  0.748   0.511 Y  0.450      SignalP-TM
DFQ34|DFQ34_004607-T1      0.550  22  0.626  22  0.887   6  0.771   0.694 Y  0.570      SignalP-noTM
DFQ34|DFQ34_004608-T1      0.351  28  0.423  22  0.958  12  0.850   0.624 Y  0.570      SignalP-noTM
DFQ34|DFQ34_004608-T1      0.366  30  0.488  30  0.907  16  0.752   0.591 Y  0.450      SignalP-TM
DFQ34|DFQ34_004609-T1      0.158  20  0.329  20  0.873   2  0.724   0.483 Y  0.450      SignalP-TM
DFQ34|DFQ34_004609-T1      0.300  21  0.456  21  0.899   1  0.731   0.585 Y  0.570      SignalP-noTM
DFQ34|DFQ34_004617-T1      0.252  32  0.416  25  0.885  12  0.743   0.543 Y  0.450      SignalP-TM
DFQ34|DFQ34_004617-T1      0.346  25  0.509  25  0.860  10  0.780   0.636 Y  0.570      SignalP-noTM
DFQ34|DFQ34_004648-T1      0.647  20  0.709  20  0.937  18  0.770   0.733 Y  0.450      SignalP-TM
DFQ34|DFQ34_004648-T1      0.787  20  0.773  20  0.842  10  0.772   0.772 Y  0.570      SignalP-noTM
DFQ34|DFQ34_004650-T1      0.295  22  0.386  22  0.746   1  0.567   0.457 Y  0.450      SignalP-TM
DFQ34|DFQ34_004753-T1      0.549  35  0.426  35  0.729   2  0.523   0.464 Y  0.450      SignalP-TM
DFQ34|DFQ34_004756-T1      0.368  22  0.569  22  0.933  19  0.876   0.689 Y  0.450      SignalP-TM
DFQ34|DFQ34_004756-T1      0.610  22  0.754  22  0.965  18  0.928   0.836 Y  0.570      SignalP-noTM
DFQ34|DFQ34_004782-T1      0.587  38  0.470  38  0.708   1  0.438   0.457 Y  0.450      SignalP-TM
DFQ34|DFQ34_004807-T1      0.144  27  0.318  27  0.814  35  0.659   0.451 Y  0.450      SignalP-TM
DFQ34|DFQ34_004817-T1      0.582  24  0.652  24  0.895   3  0.775   0.710 Y  0.570      SignalP-noTM
DFQ34|DFQ34_004817-T1      0.683  24  0.614  24  0.734   1  0.609   0.612 Y  0.450      SignalP-TM
DFQ34|DFQ34_004826-T1      0.159  33  0.344  18  0.882  15  0.765   0.508 Y  0.450      SignalP-TM
DFQ34|DFQ34_004826-T1      0.300  16  0.490  16  0.890  14  0.810   0.640 Y  0.570      SignalP-noTM
DFQ34|DFQ34_004836-T1      0.229  22  0.432  22  0.906  12  0.766   0.563 Y  0.450      SignalP-TM
DFQ34|DFQ34_004866-T1      0.268  23  0.425  23  0.830  19  0.688   0.528 Y  0.450      SignalP-TM
DFQ34|DFQ34_004866-T1      0.417  21  0.513  21  0.836   1  0.647   0.576 Y  0.570      SignalP-noTM
DFQ34|DFQ34_004891-T1      0.407  22  0.514  22  0.806   6  0.681   0.579 Y  0.450      SignalP-TM
DFQ34|DFQ34_004930-T1      0.310  21  0.404  21  0.659   2  0.549   0.460 Y  0.450      SignalP-TM
DFQ34|DFQ34_004932-T1      0.225  20  0.423  20  0.875  17  0.802   0.601 Y  0.570      SignalP-noTM
DFQ34|DFQ34_004932-T1      0.256  26  0.426  26  0.930   7  0.788   0.567 Y  0.450      SignalP-TM
DFQ34|DFQ34_004966-T1      0.339  22  0.468  22  0.841  18  0.663   0.544 Y  0.450      SignalP-TM
DFQ34|DFQ34_004966-T1      0.459  22  0.523  22  0.825  12  0.649   0.582 Y  0.570      SignalP-noTM
DFQ34|DFQ34_004990-T1      0.236  21  0.426  21  0.907  18  0.773   0.589 Y  0.570      SignalP-noTM
DFQ34|DFQ34_005002-T1      0.276  41  0.343  27  0.906  12  0.752   0.502 Y  0.450      SignalP-TM
DFQ34|DFQ34_005006-T1      0.289  25  0.423  25  0.727  19  0.627   0.502 Y  0.450      SignalP-TM
DFQ34|DFQ34_005011-T1      0.446  18  0.575  18  0.877   1  0.759   0.661 Y  0.570      SignalP-noTM
DFQ34|DFQ34_005021-T1      0.199  25  0.408  25  0.919  16  0.834   0.574 Y  0.450      SignalP-TM
DFQ34|DFQ34_005046-T1      0.351  29  0.409  29  0.755  13  0.553   0.465 Y  0.450      SignalP-TM
DFQ34|DFQ34_005062-T1      0.235  19  0.438  19  0.864  16  0.809   0.582 Y  0.450      SignalP-TM
DFQ34|DFQ34_005062-T1      0.262  19  0.454  19  0.887   1  0.812   0.622 Y  0.570      SignalP-noTM
DFQ34|DFQ34_005064-T1      0.219  26  0.382  26  0.750  17  0.659   0.490 Y  0.450      SignalP-TM
DFQ34|DFQ34_005098-T1      0.161  43  0.316  22  0.845  14  0.755   0.487 Y  0.450      SignalP-TM
DFQ34|DFQ34_005107-T1      0.513  18  0.491  18  0.713   1  0.501   0.495 Y  0.450      SignalP-TM
DFQ34|DFQ34_005107-T1      0.686  18  0.644  18  0.823  14  0.571   0.610 Y  0.570      SignalP-noTM
DFQ34|DFQ34_005111-T1      0.255  30  0.443  30  0.928  21  0.761   0.567 Y  0.450      SignalP-TM
DFQ34|DFQ34_005141-T1      0.561  19  0.635  19  0.822  10  0.735   0.682 Y  0.570      SignalP-noTM
DFQ34|DFQ34_005142-T1      0.167  23  0.349  23  0.854  12  0.707   0.489 Y  0.450      SignalP-TM
DFQ34|DFQ34_005142-T1      0.191  23  0.383  23  0.889  14  0.784   0.571 Y  0.570      SignalP-noTM
DFQ34|DFQ34_005154-T1      0.326  17  0.494  17  0.857  16  0.749   0.614 Y  0.570      SignalP-noTM
DFQ34|DFQ34_005163-T1      0.148  24  0.327  21  0.934  13  0.785   0.505 Y  0.450      SignalP-TM
DFQ34|DFQ34_005163-T1      0.163  21  0.370  21  0.964  10  0.878   0.609 Y  0.570      SignalP-noTM
DFQ34|DFQ34_005168-T1      0.169  17  0.372  17  0.875  15  0.817   0.581 Y  0.570      SignalP-noTM
DFQ34|DFQ34_005185-T1      0.273  17  0.466  17  0.883  16  0.812   0.628 Y  0.570      SignalP-noTM
DFQ34|DFQ34_005187-T1      0.162  18  0.372  18  0.936  17  0.851   0.597 Y  0.570      SignalP-noTM
DFQ34|DFQ34_005187-T1      0.245  26  0.480  26  0.971  17  0.943   0.660 Y  0.450      SignalP-TM
DFQ34|DFQ34_005194-T1      0.147  19  0.332  19  0.814  17  0.753   0.496 Y  0.450      SignalP-TM
DFQ34|DFQ34_005194-T1      0.671  19  0.726  19  0.889   1  0.788   0.755 Y  0.570      SignalP-noTM
DFQ34|DFQ34_005197-T1      0.155  40  0.343  20  0.908   2  0.869   0.548 Y  0.450      SignalP-TM
DFQ34|DFQ34_005197-T1      0.274  20  0.451  20  0.868   2  0.775   0.603 Y  0.570      SignalP-noTM
DFQ34|DFQ34_005205-T1      0.324  21  0.513  21  0.916   2  0.836   0.639 Y  0.450      SignalP-TM
DFQ34|DFQ34_005205-T1      0.626  21  0.743  21  0.947  18  0.887   0.811 Y  0.570      SignalP-noTM
DFQ34|DFQ34_005209-T1      0.188  24  0.370  24  0.868  14  0.731   0.511 Y  0.450      SignalP-TM
DFQ34|DFQ34_005216-T1      0.331  20  0.423  20  0.663   8  0.537   0.468 Y  0.450      SignalP-TM
DFQ34|DFQ34_005237-T1      0.248  21  0.431  21  0.841  15  0.717   0.542 Y  0.450      SignalP-TM
DFQ34|DFQ34_005251-T1      0.167  23  0.363  23  0.903  13  0.731   0.507 Y  0.450      SignalP-TM
DFQ34|DFQ34_005262-T1      0.301  21  0.456  21  0.806   3  0.713   0.556 Y  0.450      SignalP-TM
DFQ34|DFQ34_005262-T1      0.676  21  0.684  21  0.881   3  0.726   0.704 Y  0.570      SignalP-noTM
DFQ34|DFQ34_005278-T1      0.436  23  0.512  23  0.818   8  0.641   0.562 Y  0.450      SignalP-TM
DFQ34|DFQ34_005291-T1      0.253  22  0.418  22  0.799  18  0.623   0.498 Y  0.450      SignalP-TM
DFQ34|DFQ34_005293-T1      0.196  17  0.387  17  0.855   2  0.787   0.575 Y  0.570      SignalP-noTM
DFQ34|DFQ34_005304-T1      0.199  21  0.399  21  0.911   1  0.833   0.603 Y  0.570      SignalP-noTM
DFQ34|DFQ34_005304-T1      0.204  28  0.371  28  0.925  16  0.793   0.535 Y  0.450      SignalP-TM
DFQ34|DFQ34_005317-T1      0.154  25  0.311  25  0.881   9  0.708   0.466 Y  0.450      SignalP-TM
DFQ34|DFQ34_005317-T1      0.156  20  0.368  20  0.914   9  0.874   0.606 Y  0.570      SignalP-noTM
DFQ34|DFQ34_005326-T1      0.217  24  0.359  24  0.745   2  0.641   0.469 Y  0.450      SignalP-TM
DFQ34|DFQ34_005340-T1      0.275  21  0.505  21  0.970  14  0.911   0.696 Y  0.570      SignalP-noTM
DFQ34|DFQ34_005340-T1      0.470  32  0.538  23  0.916  16  0.812   0.645 Y  0.450      SignalP-TM
DFQ34|DFQ34_005350-T1      0.342  25  0.461  25  0.774   1  0.614   0.520 Y  0.450      SignalP-TM
DFQ34|DFQ34_005352-T1      0.357  19  0.530  19  0.886   9  0.791   0.653 Y  0.570      SignalP-noTM
DFQ34|DFQ34_005352-T1      0.439  26  0.563  26  0.900  18  0.739   0.631 Y  0.450      SignalP-TM
DFQ34|DFQ34_005363-T1      0.360  20  0.432  20  0.624  18  0.512   0.463 Y  0.450      SignalP-TM
DFQ34|DFQ34_005363-T1      0.616  20  0.635  20  0.794  12  0.682   0.657 Y  0.570      SignalP-noTM
DFQ34|DFQ34_005382-T1      0.131  28  0.288  17  0.852   7  0.778   0.479 Y  0.450      SignalP-TM
DFQ34|DFQ34_005382-T1      0.286  21  0.453  21  0.887   1  0.760   0.597 Y  0.570      SignalP-noTM
DFQ34|DFQ34_005399-T1      0.359  20  0.542  20  0.909  17  0.816   0.671 Y  0.570      SignalP-noTM
DFQ34|DFQ34_005402-T1      0.285  22  0.456  22  0.832  18  0.729   0.563 Y  0.450      SignalP-TM
DFQ34|DFQ34_005402-T1      0.746  22  0.801  22  0.926  18  0.857   0.827 Y  0.570      SignalP-noTM
DFQ34|DFQ34_005405-T1      0.203  19  0.409  19  0.889  13  0.835   0.609 Y  0.570      SignalP-noTM
DFQ34|DFQ34_005405-T1      0.285  29  0.406  29  0.854   7  0.691   0.517 Y  0.450      SignalP-TM
DFQ34|DFQ34_005427-T1      0.236  56  0.391  26  0.888  16  0.716   0.518 Y  0.450      SignalP-TM
DFQ34|DFQ34_005450-T1      0.198  22  0.371  22  0.790  17  0.634   0.474 Y  0.450      SignalP-TM
DFQ34|DFQ34_005450-T1      0.202  22  0.396  22  0.916  15  0.809   0.590 Y  0.570      SignalP-noTM
DFQ34|DFQ34_005476-T1      0.140  44  0.321  23  0.861  21  0.758   0.492 Y  0.450      SignalP-TM
DFQ34|DFQ34_005482-T1      0.412  30  0.503  30  0.844  15  0.617   0.547 Y  0.450      SignalP-TM
DFQ34|DFQ34_005515-T1      0.502  35  0.648  35  0.948  28  0.679   0.660 Y  0.450      SignalP-TM
DFQ34|DFQ34_005515-T1      0.583  30  0.648  30  0.806  29  0.567   0.618 Y  0.510      SignalP-TM
DFQ34|DFQ34_005523-T1      0.207  37  0.356  37  0.894   7  0.651   0.471 Y  0.450      SignalP-TM
DFQ34|DFQ34_005528-T1      0.119  27  0.285  18  0.832  14  0.733   0.460 Y  0.450      SignalP-TM
DFQ34|DFQ34_005529-T1      0.158  25  0.348  25  0.861  21  0.754   0.506 Y  0.450      SignalP-TM
DFQ34|DFQ34_005529-T1      0.285  23  0.492  23  0.910   6  0.861   0.665 Y  0.570      SignalP-noTM
DFQ34|DFQ34_005535-T1      0.411  24  0.467  24  0.716  18  0.520   0.488 Y  0.450      SignalP-TM
DFQ34|DFQ34_005554-T1      0.275  23  0.386  23  0.839   1  0.601   0.470 Y  0.450      SignalP-TM
DFQ34|DFQ34_005557-T1      0.253  41  0.305  24  0.841  21  0.719   0.467 Y  0.450      SignalP-TM
DFQ34|DFQ34_005580-T1      0.342  22  0.513  22  0.882  18  0.726   0.613 Y  0.570      SignalP-noTM
DFQ34|DFQ34_005582-T1      0.120  19  0.300  19  0.878   1  0.768   0.482 Y  0.450      SignalP-TM
DFQ34|DFQ34_005589-T1      0.167  25  0.353  25  0.923   9  0.821   0.573 Y  0.570      SignalP-noTM
DFQ34|DFQ34_005589-T1      0.406  25  0.578  25  0.932  10  0.857   0.687 Y  0.450      SignalP-TM
DFQ34|DFQ34_005591-T1      0.297  24  0.433  24  0.774  16  0.616   0.504 Y  0.450      SignalP-TM
DFQ34|DFQ34_005624-T1      0.124  37  0.295  18  0.881  10  0.723   0.462 Y  0.450      SignalP-TM
DFQ34|DFQ34_005628-T1      0.175  31  0.300  20  0.919  18  0.732   0.469 Y  0.450      SignalP-TM
DFQ34|DFQ34_005628-T1      0.277  19  0.484  19  0.947  17  0.847   0.654 Y  0.570      SignalP-noTM
DFQ34|DFQ34_005651-T1      0.256  22  0.385  22  0.851   8  0.643   0.485 Y  0.450      SignalP-TM
DFQ34|DFQ34_005655-T1      0.412  24  0.573  24  0.904  17  0.802   0.680 Y  0.570      SignalP-noTM
DFQ34|DFQ34_005655-T1      0.519  24  0.549  24  0.712  18  0.569   0.557 Y  0.450      SignalP-TM
DFQ34|DFQ34_005678-T1      0.275  24  0.459  24  0.862  20  0.768   0.580 Y  0.450      SignalP-TM
DFQ34|DFQ34_005678-T1      0.336  17  0.514  17  0.862  11  0.780   0.639 Y  0.570      SignalP-noTM
DFQ34|DFQ34_005711-T1      0.252  28  0.407  28  0.851   6  0.743   0.538 Y  0.450      SignalP-TM
DFQ34|DFQ34_005726-T1      0.263  21  0.400  21  0.657   9  0.579   0.470 Y  0.450      SignalP-TM
DFQ34|DFQ34_005726-T1      0.264  21  0.437  21  0.836  20  0.723   0.571 Y  0.570      SignalP-noTM
DFQ34|DFQ34_005735-T1      0.185  24  0.381  24  0.912  17  0.787   0.539 Y  0.450      SignalP-TM
DFQ34|DFQ34_005735-T1      0.212  24  0.416  24  0.949  14  0.864   0.627 Y  0.570      SignalP-noTM
DFQ34|DFQ34_005760-T1      0.148  51  0.297  16  0.918  11  0.836   0.507 Y  0.450      SignalP-TM
DFQ34|DFQ34_005762-T1      0.179  37  0.314  27  0.902  20  0.772   0.493 Y  0.450      SignalP-TM
DFQ34|DFQ34_005766-T1      0.398  25  0.599  25  0.964  15  0.904   0.718 Y  0.450      SignalP-TM
DFQ34|DFQ34_005773-T1      0.548  22  0.596  22  0.848  18  0.684   0.630 Y  0.450      SignalP-TM
DFQ34|DFQ34_005773-T1      0.772  22  0.693  22  0.891   1  0.701   0.697 Y  0.570      SignalP-noTM
DFQ34|DFQ34_005781-T1      0.150  19  0.330  19  0.815  18  0.711   0.479 Y  0.450      SignalP-TM
DFQ34|DFQ34_005781-T1      0.481  19  0.543  19  0.857  18  0.650   0.593 Y  0.570      SignalP-noTM
DFQ34|DFQ34_005801-T1      0.228  26  0.384  26  0.734  14  0.590   0.464 Y  0.450      SignalP-TM
DFQ34|DFQ34_005807-T1      0.274  23  0.456  23  0.833  14  0.769   0.578 Y  0.450      SignalP-TM
DFQ34|DFQ34_005844-T1      0.220  27  0.404  27  0.936  17  0.726   0.530 Y  0.450      SignalP-TM
DFQ34|DFQ34_005844-T1      0.239  19  0.432  19  0.876  18  0.767   0.590 Y  0.570      SignalP-noTM
DFQ34|DFQ34_005848-T1      0.188  24  0.418  24  0.961  20  0.834   0.580 Y  0.450      SignalP-TM
DFQ34|DFQ34_005865-T1      0.332  24  0.416  24  0.689   3  0.540   0.464 Y  0.450      SignalP-TM
DFQ34|DFQ34_005886-T1      0.154  23  0.323  23  0.912   9  0.760   0.493 Y  0.450      SignalP-TM
DFQ34|DFQ34_005897-T1      0.413  21  0.526  21  0.776   2  0.693   0.591 Y  0.450      SignalP-TM
DFQ34|DFQ34_005897-T1      0.634  21  0.649  21  0.849   1  0.715   0.680 Y  0.570      SignalP-noTM
DFQ34|DFQ34_005903-T1      0.255  27  0.410  27  0.859  13  0.734   0.536 Y  0.450      SignalP-TM
DFQ34|DFQ34_005950-T1      0.573  24  0.697  24  0.925  13  0.839   0.752 Y  0.450      SignalP-TM
DFQ34|DFQ34_005964-T1      0.224  22  0.400  22  0.839  20  0.740   0.533 Y  0.450      SignalP-TM
DFQ34|DFQ34_005981-T1      0.206  20  0.390  20  0.798  16  0.732   0.524 Y  0.450      SignalP-TM
DFQ34|DFQ34_005981-T1      0.453  20  0.572  20  0.837   6  0.748   0.655 Y  0.570      SignalP-noTM
DFQ34|DFQ34_005982-T1      0.619  21  0.584  21  0.697  17  0.575   0.580 Y  0.570      SignalP-noTM
DFQ34|DFQ34_005994-T1      0.176  21  0.350  21  0.790   2  0.707   0.489 Y  0.450      SignalP-TM
DFQ34|DFQ34_006028-T1      0.174  23  0.373  18  0.943  11  0.870   0.606 Y  0.570      SignalP-noTM
DFQ34|DFQ34_006028-T1      0.183  18  0.373  18  0.908   2  0.788   0.535 Y  0.450      SignalP-TM
DFQ34|DFQ34_006034-T1      0.315  32  0.446  26  0.921   1  0.805   0.586 Y  0.450      SignalP-TM
DFQ34|DFQ34_006038-T1      0.236  23  0.440  16  0.975  11  0.939   0.675 Y  0.570      SignalP-noTM
DFQ34|DFQ34_006038-T1      0.395  26  0.554  26  0.939  13  0.816   0.656 Y  0.450      SignalP-TM
DFQ34|DFQ34_006045-T1      0.164  24  0.328  24  0.782  15  0.659   0.457 Y  0.450      SignalP-TM
DFQ34|DFQ34_006064-T1      0.285  35  0.395  22  0.862  15  0.813   0.558 Y  0.450      SignalP-TM
DFQ34|DFQ34_006065-T1      0.268  29  0.437  29  0.901  17  0.769   0.567 Y  0.450      SignalP-TM
DFQ34|DFQ34_006065-T1      0.271  29  0.374  18  0.907  14  0.858   0.601 Y  0.570      SignalP-noTM
DFQ34|DFQ34_006074-T1      0.169  16  0.327  16  0.730   1  0.644   0.451 Y  0.450      SignalP-TM
DFQ34|DFQ34_006074-T1      0.380  16  0.495  16  0.691  13  0.649   0.552 Y  0.510      SignalP-TM
DFQ34|DFQ34_006088-T1      0.186  24  0.333  24  0.892   2  0.696   0.475 Y  0.450      SignalP-TM
DFQ34|DFQ34_006106-T1      0.245  26  0.424  26  0.923  22  0.784   0.593 Y  0.570      SignalP-noTM
DFQ34|DFQ34_006106-T1      0.275  31  0.387  31  0.737   6  0.594   0.468 Y  0.450      SignalP-TM
DFQ34|DFQ34_006138-T1      0.288  17  0.481  17  0.873   6  0.820   0.640 Y  0.570      SignalP-noTM
DFQ34|DFQ34_006161-T1      0.337  23  0.538  23  0.911  13  0.840   0.656 Y  0.450      SignalP-TM
DFQ34|DFQ34_006161-T1      0.392  23  0.575  23  0.969  12  0.864   0.711 Y  0.570      SignalP-noTM
DFQ34|DFQ34_006178-T1      0.223  19  0.417  19  0.847  12  0.769   0.554 Y  0.450      SignalP-TM
DFQ34|DFQ34_006181-T1      0.260  24  0.399  24  0.759  15  0.586   0.472 Y  0.450      SignalP-TM
DFQ34|DFQ34_006208-T1      0.219  26  0.392  26  0.863  12  0.663   0.498 Y  0.450      SignalP-TM
DFQ34|DFQ34_006216-T1      0.273  32  0.336  24  0.856  16  0.640   0.454 Y  0.450      SignalP-TM
DFQ34|DFQ34_006216-T1      0.301  24  0.462  24  0.945  10  0.773   0.608 Y  0.570      SignalP-noTM
DFQ34|DFQ34_006217-T1      0.233  24  0.427  17  0.901  14  0.810   0.607 Y  0.570      SignalP-noTM
DFQ34|DFQ34_006217-T1      0.547  24  0.664  24  0.868  21  0.762   0.702 Y  0.450      SignalP-TM
DFQ34|DFQ34_006228-T1      0.231  29  0.342  21  0.742   6  0.630   0.454 Y  0.450      SignalP-TM
DFQ34|DFQ34_006246-T1      0.322  24  0.486  23  0.875   8  0.776   0.599 Y  0.450      SignalP-TM
DFQ34|DFQ34_006246-T1      0.370  23  0.569  23  0.935  21  0.891   0.720 Y  0.570      SignalP-noTM
DFQ34|DFQ34_006254-T1      0.191  20  0.381  20  0.840  11  0.698   0.504 Y  0.450      SignalP-TM
DFQ34|DFQ34_006278-T1      0.434  21  0.474  21  0.622   3  0.540   0.500 Y  0.450      SignalP-TM
DFQ34|DFQ34_006278-T1      0.627  21  0.692  21  0.864   5  0.786   0.736 Y  0.570      SignalP-noTM
DFQ34|DFQ34_006285-T1      0.464  24  0.602  24  0.893  16  0.795   0.677 Y  0.450      SignalP-TM
DFQ34|DFQ34_006285-T1      0.506  17  0.676  17  0.944  10  0.896   0.780 Y  0.570      SignalP-noTM
DFQ34|DFQ34_006290-T1      0.264  25  0.419  23  0.808  16  0.625   0.499 Y  0.450      SignalP-TM
DFQ34|DFQ34_006308-T1      0.362  29  0.510  29  0.878  16  0.698   0.584 Y  0.450      SignalP-TM
DFQ34|DFQ34_006328-T1      0.435  26  0.505  26  0.857   5  0.704   0.582 Y  0.450      SignalP-TM
DFQ34|DFQ34_006328-T1      0.515  26  0.527  26  0.874   1  0.665   0.592 Y  0.570      SignalP-noTM
DFQ34|DFQ34_006343-T1      0.529  25  0.674  25  0.921  21  0.839   0.738 Y  0.450      SignalP-TM
DFQ34|DFQ34_006356-T1      0.462  19  0.468  19  0.742   6  0.520   0.488 Y  0.450      SignalP-TM
DFQ34|DFQ34_006377-T1      0.130  21  0.311  21  0.837  19  0.684   0.457 Y  0.450      SignalP-TM
DFQ34|DFQ34_006389-T1      0.239  20  0.436  20  0.836  15  0.793   0.575 Y  0.450      SignalP-TM
DFQ34|DFQ34_006396-T1      0.506  35  0.488  35  0.599  25  0.471   0.481 Y  0.450      SignalP-TM
DFQ34|DFQ34_006402-T1      0.559  36  0.689  36  0.944  32  0.669   0.680 Y  0.570      SignalP-noTM
DFQ34|DFQ34_006403-T1      0.522  24  0.619  24  0.855  18  0.618   0.618 Y  0.450      SignalP-TM
DFQ34|DFQ34_006412-T1      0.149  27  0.356  27  0.956  11  0.878   0.560 Y  0.450      SignalP-TM
DFQ34|DFQ34_006429-T1      0.220  22  0.383  22  0.830  19  0.672   0.495 Y  0.450      SignalP-TM
DFQ34|DFQ34_006429-T1      0.469  24  0.594  24  0.927  18  0.787   0.685 Y  0.570      SignalP-noTM
DFQ34|DFQ34_006463-T1      0.380  22  0.540  22  0.890  13  0.789   0.657 Y  0.570      SignalP-noTM
DFQ34|DFQ34_006463-T1      0.394  36  0.420  36  0.868  18  0.619   0.498 Y  0.450      SignalP-TM
DFQ34|DFQ34_006483-T1      0.335  29  0.458  29  0.922  10  0.752   0.572 Y  0.450      SignalP-TM
DFQ34|DFQ34_006491-T1      0.328  25  0.404  25  0.750  12  0.565   0.467 Y  0.450      SignalP-TM
DFQ34|DFQ34_006497-T1      0.430  21  0.595  21  0.934  17  0.844   0.712 Y  0.570      SignalP-noTM
DFQ34|DFQ34_006497-T1      0.689  32  0.694  32  0.968  17  0.812   0.740 Y  0.450      SignalP-TM
DFQ34|DFQ34_006516-T1      0.644  20  0.657  20  0.854   2  0.721   0.687 Y  0.570      SignalP-noTM
DFQ34|DFQ34_006528-T1      0.521  18  0.592  18  0.885  17  0.677   0.632 Y  0.570      SignalP-noTM
DFQ34|DFQ34_006540-T1      0.199  22  0.438  22  0.979  13  0.950   0.637 Y  0.450      SignalP-TM
DFQ34|DFQ34_006540-T1      0.452  22  0.661  22  0.976  12  0.960   0.802 Y  0.570      SignalP-noTM
DFQ34|DFQ34_006541-T1      0.317  22  0.547  22  0.969  16  0.929   0.696 Y  0.450      SignalP-TM
DFQ34|DFQ34_006541-T1      0.454  22  0.666  22  0.987  12  0.964   0.806 Y  0.570      SignalP-noTM
DFQ34|DFQ34_006543-T1      0.326  25  0.557  25  0.977  20  0.947   0.709 Y  0.450      SignalP-TM
DFQ34|DFQ34_006543-T1      0.659  22  0.789  22  0.961  17  0.946   0.863 Y  0.570      SignalP-noTM
DFQ34|DFQ34_006548-T1      0.410  24  0.519  24  0.949   9  0.783   0.643 Y  0.570      SignalP-noTM
DFQ34|DFQ34_006548-T1      0.534  26  0.599  26  0.871   7  0.734   0.651 Y  0.450      SignalP-TM
DFQ34|DFQ34_006567-T1      0.407  21  0.491  21  0.759  18  0.614   0.539 Y  0.450      SignalP-TM
DFQ34|DFQ34_006567-T1      0.580  21  0.655  21  0.856  20  0.759   0.704 Y  0.570      SignalP-noTM
DFQ34|DFQ34_006581-T1      0.171  27  0.333  27  0.850   5  0.711   0.480 Y  0.450      SignalP-TM
DFQ34|DFQ34_006581-T1      0.327  19  0.492  19  0.905   2  0.783   0.629 Y  0.570      SignalP-noTM
DFQ34|DFQ34_006583-T1      0.415  40  0.479  24  0.737  22  0.559   0.510 Y  0.450      SignalP-TM
DFQ34|DFQ34_006597-T1      0.355  25  0.527  25  0.904  21  0.737   0.609 Y  0.450      SignalP-TM
DFQ34|DFQ34_006597-T1      0.445  25  0.595  25  0.909   3  0.838   0.709 Y  0.570      SignalP-noTM
DFQ34|DFQ34_006625-T1      0.722  21  0.588  21  0.676  17  0.425   0.527 Y  0.510      SignalP-TM
DFQ34|DFQ34_006629-T1      0.247  21  0.412  21  0.789   9  0.697   0.523 Y  0.450      SignalP-TM
DFQ34|DFQ34_006629-T1      0.320  21  0.497  21  0.868   1  0.772   0.627 Y  0.570      SignalP-noTM
DFQ34|DFQ34_006632-T1      0.199  31  0.322  25  0.905   1  0.763   0.494 Y  0.450      SignalP-TM
DFQ34|DFQ34_006633-T1      0.193  31  0.337  16  0.902   1  0.840   0.533 Y  0.450      SignalP-TM
DFQ34|DFQ34_006633-T1      0.244  25  0.384  16  0.938  10  0.910   0.631 Y  0.570      SignalP-noTM
DFQ34|DFQ34_006656-T1      0.144  37  0.300  21  0.765   3  0.685   0.450 Y  0.450      SignalP-TM
DFQ34|DFQ34_006700-T1      0.308  23  0.480  23  0.899   8  0.771   0.594 Y  0.450      SignalP-TM
DFQ34|DFQ34_006732-T1      0.209  21  0.404  21  0.872  18  0.796   0.588 Y  0.570      SignalP-noTM
DFQ34|DFQ34_006764-T1      0.164  24  0.327  24  0.821   1  0.694   0.470 Y  0.450      SignalP-TM
DFQ34|DFQ34_006772-T1      0.145  25  0.338  25  0.923  17  0.780   0.510 Y  0.450      SignalP-TM
DFQ34|DFQ34_006772-T1      0.166  18  0.380  18  0.917  17  0.874   0.612 Y  0.570      SignalP-noTM
DFQ34|DFQ34_006777-T1      0.219  19  0.406  19  0.863  13  0.674   0.511 Y  0.450      SignalP-TM
DFQ34|DFQ34_006798-T1      0.357  28  0.483  28  0.847  12  0.715   0.574 Y  0.450      SignalP-TM
DFQ34|DFQ34_006798-T1      0.508  28  0.543  28  0.954  17  0.739   0.635 Y  0.570      SignalP-noTM
DFQ34|DFQ34_006816-T1      0.199  47  0.374  22  0.938  11  0.871   0.607 Y  0.570      SignalP-noTM
DFQ34|DFQ34_006816-T1      0.295  63  0.424  25  0.940  13  0.823   0.580 Y  0.450      SignalP-TM
DFQ34|DFQ34_006856-T1      0.327  52  0.432  52  0.847   1  0.522   0.467 Y  0.450      SignalP-TM
DFQ34|DFQ34_006859-T1      0.204  38  0.357  38  0.946  14  0.790   0.526 Y  0.450      SignalP-TM
DFQ34|DFQ34_006859-T1      0.374  20  0.582  20  0.940  14  0.905   0.734 Y  0.570      SignalP-noTM
DFQ34|DFQ34_006862-T1      0.358  27  0.526  20  0.874  14  0.812   0.660 Y  0.570      SignalP-noTM
DFQ34|DFQ34_006862-T1      0.461  27  0.570  27  0.805  24  0.661   0.605 Y  0.450      SignalP-TM
DFQ34|DFQ34_006882-T1      0.377  21  0.539  21  0.878  16  0.781   0.633 Y  0.450      SignalP-TM
DFQ34|DFQ34_006882-T1      0.677  21  0.707  21  0.878   1  0.780   0.741 Y  0.570      SignalP-noTM
DFQ34|DFQ34_006890-T1      0.179  25  0.331  25  0.839  16  0.643   0.453 Y  0.450      SignalP-TM
DFQ34|DFQ34_006931-T1      0.161  30  0.298  18  0.819   1  0.729   0.466 Y  0.450      SignalP-TM
DFQ34|DFQ34_006944-T1      0.544  21  0.586  21  0.774   1  0.643   0.613 Y  0.570      SignalP-noTM
DFQ34|DFQ34_006946-T1      0.311  32  0.528  32  0.940  28  0.808   0.637 Y  0.450      SignalP-TM
DFQ34|DFQ34_006946-T1      0.448  22  0.661  22  0.987  17  0.942   0.793 Y  0.570      SignalP-noTM
DFQ34|DFQ34_006954-T1      0.376  26  0.479  26  0.852   1  0.649   0.546 Y  0.450      SignalP-TM
DFQ34|DFQ34_006957-T1      0.325  30  0.483  27  0.903  24  0.658   0.551 Y  0.450      SignalP-TM
DFQ34|DFQ34_006989-T1      0.258  24  0.381  24  0.747  15  0.566   0.453 Y  0.450      SignalP-TM
DFQ34|DFQ34_007003-T1      0.184  30  0.295  18  0.824  10  0.763   0.477 Y  0.450      SignalP-TM
DFQ34|DFQ34_007003-T1      0.240  22  0.441  22  0.905  17  0.819   0.619 Y  0.570      SignalP-noTM
DFQ34|DFQ34_007044-T1      0.394  25  0.540  25  0.836  14  0.708   0.605 Y  0.450      SignalP-TM
DFQ34|DFQ34_007044-T1      0.415  23  0.584  23  0.932  15  0.812   0.691 Y  0.570      SignalP-noTM
DFQ34|DFQ34_007051-T1      0.292  26  0.504  26  0.943  16  0.835   0.633 Y  0.450      SignalP-TM
DFQ34|DFQ34_007051-T1      0.380  26  0.504  20  0.904  16  0.805   0.646 Y  0.570      SignalP-noTM
DFQ34|DFQ34_007111-T1      0.379  25  0.595  25  0.976  16  0.933   0.727 Y  0.450      SignalP-TM
DFQ34|DFQ34_007111-T1      0.584  25  0.749  25  0.986  12  0.958   0.847 Y  0.570      SignalP-noTM
DFQ34|DFQ34_007122-T1      0.504  26  0.612  26  0.911  18  0.672   0.635 Y  0.450      SignalP-TM
DFQ34|DFQ34_007152-T1      0.193  20  0.372  20  0.800  16  0.723   0.509 Y  0.450      SignalP-TM
DFQ34|DFQ34_007152-T1      0.210  19  0.401  19  0.877   2  0.784   0.581 Y  0.570      SignalP-noTM
DFQ34|DFQ34_007178-T1      0.294  21  0.433  21  0.793   2  0.660   0.522 Y  0.450      SignalP-TM
DFQ34|DFQ34_007185-T1      0.188  32  0.382  25  0.949  16  0.826   0.555 Y  0.450      SignalP-TM
DFQ34|DFQ34_007185-T1      0.211  19  0.420  19  0.903  16  0.833   0.614 Y  0.570      SignalP-noTM
DFQ34|DFQ34_007195-T1      0.356  47  0.395  22  0.928  18  0.802   0.586 Y  0.570      SignalP-noTM
DFQ34|DFQ34_007207-T1      0.665  24  0.712  24  0.838  14  0.727   0.719 Y  0.570      SignalP-noTM
DFQ34|DFQ34_007207-T1      0.773  24  0.764  24  0.841  18  0.705   0.741 Y  0.450      SignalP-TM
DFQ34|DFQ34_007212-T1      0.118  24  0.280  16  0.804  12  0.747   0.462 Y  0.450      SignalP-TM
DFQ34|DFQ34_007252-T1      0.205  26  0.383  26  0.923  17  0.786   0.572 Y  0.570      SignalP-noTM
DFQ34|DFQ34_007252-T1      0.482  26  0.612  26  0.881  10  0.774   0.675 Y  0.450      SignalP-TM
DFQ34|DFQ34_007257-T1      0.260  21  0.466  21  0.896  20  0.827   0.636 Y  0.570      SignalP-noTM
DFQ34|DFQ34_007257-T1      0.341  29  0.424  29  0.733  19  0.502   0.455 Y  0.450      SignalP-TM
DFQ34|DFQ34_007316-T1      0.327  20  0.477  20  0.788  18  0.685   0.558 Y  0.450      SignalP-TM
DFQ34|DFQ34_007316-T1      0.827  20  0.809  20  0.871   1  0.807   0.808 Y  0.570      SignalP-noTM
DFQ34|DFQ34_007335-T1      0.304  27  0.456  27  0.790  12  0.704   0.553 Y  0.450      SignalP-TM
DFQ34|DFQ34_007350-T1      0.196  22  0.424  22  0.954  14  0.864   0.595 Y  0.450      SignalP-TM
DFQ34|DFQ34_007350-T1      0.383  22  0.569  22  0.902  12  0.835   0.694 Y  0.570      SignalP-noTM
DFQ34|DFQ34_007360-T1      0.234  33  0.420  22  0.893  16  0.833   0.581 Y  0.450      SignalP-TM
DFQ34|DFQ34_007402-T1      0.355  27  0.455  27  0.921  11  0.752   0.595 Y  0.570      SignalP-noTM
DFQ34|DFQ34_007402-T1      0.472  27  0.652  27  0.957  17  0.887   0.744 Y  0.450      SignalP-TM
DFQ34|DFQ34_007405-T1      0.302  27  0.461  27  0.921  19  0.724   0.563 Y  0.450      SignalP-TM
DFQ34|DFQ34_007405-T1      0.551  21  0.716  21  0.962  19  0.923   0.814 Y  0.570      SignalP-noTM
DFQ34|DFQ34_007406-T1      0.176  25  0.378  25  0.950  16  0.835   0.556 Y  0.450      SignalP-TM
DFQ34|DFQ34_007406-T1      0.548  19  0.691  19  0.950  17  0.872   0.776 Y  0.570      SignalP-noTM
DFQ34|DFQ34_007414-T1      0.171  17  0.384  17  0.897  13  0.867   0.572 Y  0.450      SignalP-TM
DFQ34|DFQ34_007414-T1      0.558  17  0.733  17  0.983  12  0.957   0.839 Y  0.570      SignalP-noTM
DFQ34|DFQ34_007426-T1      0.212  31  0.385  31  0.802  16  0.676   0.499 Y  0.450      SignalP-TM
DFQ34|DFQ34_007434-T1      0.339  22  0.476  22  0.808  19  0.596   0.523 Y  0.450      SignalP-TM
DFQ34|DFQ34_007434-T1      0.728  22  0.790  22  0.927  19  0.826   0.807 Y  0.570      SignalP-noTM
DFQ34|DFQ34_007435-T1      0.149  31  0.341  23  0.896  18  0.744   0.498 Y  0.450      SignalP-TM
DFQ34|DFQ34_007453-T1      0.471  21  0.599  21  0.903  17  0.787   0.687 Y  0.570      SignalP-noTM
DFQ34|DFQ34_007453-T1      0.544  21  0.689  21  0.963  18  0.878   0.763 Y  0.450      SignalP-TM
DFQ34|DFQ34_007468-T1      0.467  22  0.504  22  0.805  20  0.424   0.473 Y  0.450      SignalP-TM
DFQ34|DFQ34_007480-T1      0.215  33  0.364  21  0.947  17  0.861   0.558 Y  0.450      SignalP-TM
DFQ34|DFQ34_007480-T1      0.246  22  0.450  22  0.919  17  0.844   0.635 Y  0.570      SignalP-noTM
DFQ34|DFQ34_007486-T1      0.118  26  0.323  20  0.973  11  0.855   0.530 Y  0.450      SignalP-TM
DFQ34|DFQ34_007488-T1      0.308  24  0.384  24  0.713   5  0.560   0.452 Y  0.450      SignalP-TM
DFQ34|DFQ34_007503-T1      0.440  24  0.500  24  0.715  23  0.538   0.515 Y  0.450      SignalP-TM
DFQ34|DFQ34_007517-T1      0.244  21  0.470  21  0.958  10  0.914   0.678 Y  0.570      SignalP-noTM
DFQ34|DFQ34_007517-T1      0.257  27  0.380  27  0.824  13  0.625   0.476 Y  0.450      SignalP-TM
DFQ34|DFQ34_007533-T1      0.159  22  0.334  22  0.883   6  0.752   0.497 Y  0.450      SignalP-TM
DFQ34|DFQ34_007533-T1      0.498  22  0.629  22  0.928  18  0.826   0.722 Y  0.570      SignalP-noTM
DFQ34|DFQ34_007535-T1      0.158  26  0.326  26  0.881   2  0.705   0.474 Y  0.450      SignalP-TM
DFQ34|DFQ34_007535-T1      0.183  23  0.385  16  0.943  11  0.872   0.614 Y  0.570      SignalP-noTM
DFQ34|DFQ34_007540-T1      0.355  26  0.462  26  0.883  19  0.579   0.508 Y  0.450      SignalP-TM
DFQ34|DFQ34_007551-T1      0.146  29  0.333  19  0.888  10  0.833   0.528 Y  0.450      SignalP-TM
DFQ34|DFQ34_007551-T1      0.309  19  0.540  19  0.969  12  0.941   0.729 Y  0.570      SignalP-noTM
DFQ34|DFQ34_007566-T1      0.278  48  0.413  31  0.887  15  0.772   0.553 Y  0.450      SignalP-TM
DFQ34|DFQ34_007572-T1      0.315  22  0.431  22  0.760   6  0.635   0.511 Y  0.450      SignalP-TM
DFQ34|DFQ34_007595-T1      0.325  28  0.430  28  0.916   7  0.716   0.542 Y  0.450      SignalP-TM
DFQ34|DFQ34_007599-T1      0.140  28  0.313  19  0.939  11  0.884   0.582 Y  0.570      SignalP-noTM
DFQ34|DFQ34_007599-T1      0.226  25  0.436  25  0.923  14  0.862   0.602 Y  0.450      SignalP-TM
DFQ34|DFQ34_007615-T1      0.173  33  0.300  11  0.898   4  0.848   0.514 Y  0.450      SignalP-TM
DFQ34|DFQ34_007618-T1      0.503  23  0.570  23  0.830  19  0.639   0.596 Y  0.450      SignalP-TM
DFQ34|DFQ34_007618-T1      0.619  23  0.683  23  0.894  19  0.769   0.723 Y  0.570      SignalP-noTM
DFQ34|DFQ34_007642-T1      0.312  22  0.483  22  0.844  20  0.731   0.579 Y  0.450      SignalP-TM
DFQ34|DFQ34_007642-T1      0.734  22  0.783  22  0.920  20  0.833   0.807 Y  0.570      SignalP-noTM
DFQ34|DFQ34_007646-T1      0.131  56  0.277  14  0.854   5  0.763   0.467 Y  0.450      SignalP-TM
DFQ34|DFQ34_007669-T1      0.214  20  0.450  20  0.957  10  0.944   0.682 Y  0.570      SignalP-noTM
DFQ34|DFQ34_007669-T1      0.516  28  0.637  28  0.959  17  0.841   0.717 Y  0.450      SignalP-TM
DFQ34|DFQ34_007672-T1      0.253  23  0.445  23  0.933  14  0.752   0.565 Y  0.450      SignalP-TM
DFQ34|DFQ34_007673-T1      0.153  29  0.305  16  0.870   4  0.818   0.505 Y  0.450      SignalP-TM
DFQ34|DFQ34_007673-T1      0.311  16  0.536  16  0.960  11  0.922   0.717 Y  0.570      SignalP-noTM
DFQ34|DFQ34_007690-T1      0.151  27  0.310  18  0.791  16  0.681   0.455 Y  0.450      SignalP-TM
DFQ34|DFQ34_007697-T1      0.595  18  0.686  18  0.884  15  0.767   0.724 Y  0.570      SignalP-noTM
DFQ34|DFQ34_007731-T1      0.547  25  0.596  25  0.841  21  0.646   0.620 Y  0.570      SignalP-noTM
DFQ34|DFQ34_007742-T1      0.451  19  0.637  19  0.941  17  0.891   0.757 Y  0.570      SignalP-noTM
DFQ34|DFQ34_007742-T1      0.502  25  0.639  25  0.889  23  0.801   0.702 Y  0.450      SignalP-TM
DFQ34|DFQ34_007750-T1      0.244  29  0.415  29  0.902  17  0.763   0.551 Y  0.450      SignalP-TM
DFQ34|DFQ34_007772-T1      0.360  26  0.462  26  0.820  24  0.447   0.456 Y  0.450      SignalP-TM
DFQ34|DFQ34_007786-T1      0.193  23  0.375  23  0.904   6  0.792   0.538 Y  0.450      SignalP-TM
DFQ34|DFQ34_007786-T1      0.254  23  0.432  23  0.892  16  0.784   0.597 Y  0.570      SignalP-noTM
DFQ34|DFQ34_007809-T1      0.446  19  0.490  19  0.707  15  0.477   0.485 Y  0.450      SignalP-TM
DFQ34|DFQ34_007809-T1      0.690  19  0.665  19  0.854  15  0.590   0.630 Y  0.570      SignalP-noTM
DFQ34|DFQ34_007825-T1      0.205  22  0.392  22  0.854   9  0.769   0.539 Y  0.450      SignalP-TM
DFQ34|DFQ34_007832-T1      0.295  25  0.429  25  0.891  14  0.736   0.574 Y  0.570      SignalP-noTM
DFQ34|DFQ34_007832-T1      0.303  25  0.521  25  0.955  15  0.916   0.675 Y  0.450      SignalP-TM
DFQ34|DFQ34_007837-T1      0.230  35  0.287  15  0.816  11  0.718   0.455 Y  0.450      SignalP-TM
DFQ34|DFQ34_007851-T1      0.249  60  0.365  20  0.888  16  0.821   0.543 Y  0.450      SignalP-TM
DFQ34|DFQ34_007851-T1      0.400  20  0.540  20  0.859   5  0.770   0.648 Y  0.570      SignalP-noTM
DFQ34|DFQ34_007862-T1      0.231  22  0.387  22  0.712  21  0.576   0.460 Y  0.450      SignalP-TM
DFQ34|DFQ34_007879-T1      0.340  35  0.516  35  0.923  30  0.496   0.508 Y  0.450      SignalP-TM
DFQ34|DFQ34_007912-T1      0.533  25  0.690  25  0.922  10  0.891   0.768 Y  0.450      SignalP-TM
DFQ34|DFQ34_007912-T1      0.613  25  0.731  25  0.965  11  0.901   0.811 Y  0.570      SignalP-noTM
DFQ34|DFQ34_007969-T1      0.150  33  0.285  13  0.887  11  0.811   0.490 Y  0.450      SignalP-TM
DFQ34|DFQ34_007973-T1      0.359  21  0.504  21  0.825  16  0.689   0.576 Y  0.450      SignalP-TM
DFQ34|DFQ34_007973-T1      0.365  21  0.494  21  0.867  17  0.722   0.601 Y  0.570      SignalP-noTM
DFQ34|DFQ34_007981-T1      0.271  21  0.471  21  0.907  15  0.820   0.635 Y  0.570      SignalP-noTM
DFQ34|DFQ34_007981-T1      0.362  26  0.412  26  0.729  17  0.540   0.462 Y  0.450      SignalP-TM
DFQ34|DFQ34_007994-T1      0.209  29  0.379  29  0.931  18  0.713   0.509 Y  0.450      SignalP-TM
DFQ34|DFQ34_008045-T1      0.262  21  0.402  21  0.790  19  0.641   0.495 Y  0.450      SignalP-TM
DFQ34|DFQ34_008045-T1      0.684  21  0.681  21  0.838  19  0.731   0.705 Y  0.570      SignalP-noTM
DFQ34|DFQ34_008059-T1      0.372  18  0.510  18  0.872  16  0.723   0.610 Y  0.570      SignalP-noTM
DFQ34|DFQ34_008067-T1      0.430  22  0.512  22  0.717  19  0.599   0.546 Y  0.450      SignalP-TM
DFQ34|DFQ34_008075-T1      0.310  20  0.415  20  0.769   2  0.593   0.484 Y  0.450      SignalP-TM
DFQ34|DFQ34_008075-T1      0.677  20  0.721  20  0.882  12  0.787   0.752 Y  0.570      SignalP-noTM
DFQ34|DFQ34_008083-T1      0.122  54  0.281  12  0.908   1  0.743   0.461 Y  0.450      SignalP-TM
DFQ34|DFQ34_008126-T1      0.176  26  0.347  18  0.901   2  0.813   0.529 Y  0.450      SignalP-TM
DFQ34|DFQ34_008126-T1      0.224  23  0.414  23  0.968  12  0.836   0.613 Y  0.570      SignalP-noTM
DFQ34|DFQ34_008139-T1      0.729  21  0.592  21  0.671   2  0.495   0.556 Y  0.510      SignalP-TM
DFQ34|DFQ34_008145-T1      0.220  56  0.303  21  0.859   1  0.757   0.480 Y  0.450      SignalP-TM
DFQ34|DFQ34_008145-T1      0.356  56  0.360  20  0.892   1  0.807   0.570 Y  0.570      SignalP-noTM
DFQ34|DFQ34_008154-T1      0.233  20  0.425  20  0.905  16  0.783   0.564 Y  0.450      SignalP-TM
DFQ34|DFQ34_008154-T1      0.405  20  0.601  20  0.960  16  0.885   0.734 Y  0.570      SignalP-noTM
DFQ34|DFQ34_008188-T1      0.268  23  0.454  23  0.956  11  0.821   0.627 Y  0.570      SignalP-noTM
DFQ34|DFQ34_008188-T1      0.275  26  0.420  26  0.869  10  0.674   0.519 Y  0.450      SignalP-TM
DFQ34|DFQ34_008206-T1      0.171  23  0.391  23  0.948  12  0.884   0.583 Y  0.450      SignalP-TM
DFQ34|DFQ34_008206-T1      0.337  16  0.569  16  0.981  11  0.948   0.747 Y  0.570      SignalP-noTM
DFQ34|DFQ34_008218-T1      0.391  26  0.488  26  0.803  18  0.605   0.534 Y  0.450      SignalP-TM
DFQ34|DFQ34_008233-T1      0.323  23  0.429  23  0.757  16  0.528   0.468 Y  0.450      SignalP-TM
DFQ34|DFQ34_008240-T1      0.173  33  0.349  21  0.890  17  0.752   0.506 Y  0.450      SignalP-TM
DFQ34|DFQ34_008240-T1      0.395  21  0.575  21  0.945  10  0.843   0.701 Y  0.570      SignalP-noTM
DFQ34|DFQ34_008255-T1      0.186  15  0.354  15  0.769  13  0.663   0.474 Y  0.450      SignalP-TM
DFQ34|DFQ34_008292-T1      0.206  29  0.289  14  0.888   4  0.834   0.502 Y  0.450      SignalP-TM
DFQ34|DFQ34_008301-T1      0.414  20  0.543  20  0.808  11  0.680   0.607 Y  0.570      SignalP-noTM
DFQ34|DFQ34_008343-T1      0.434  27  0.544  27  0.853  19  0.640   0.581 Y  0.450      SignalP-TM
DFQ34|DFQ34_008348-T1      0.197  30  0.317  23  0.900  11  0.668   0.454 Y  0.450      SignalP-TM
DFQ34|DFQ34_008376-T1      0.122  22  0.287  12  0.897   6  0.832   0.500 Y  0.450      SignalP-TM
DFQ34|DFQ34_008394-T1      0.363  20  0.461  20  0.823  18  0.555   0.498 Y  0.450      SignalP-TM
DFQ34|DFQ34_008417-T1      0.500  20  0.617  20  0.870   1  0.754   0.682 Y  0.570      SignalP-noTM
DFQ34|DFQ34_008463-T1      0.238  25  0.394  25  0.847  16  0.643   0.491 Y  0.450      SignalP-TM
DFQ34|DFQ34_008467-T1      0.156  28  0.313  28  0.860   7  0.706   0.466 Y  0.450      SignalP-TM
DFQ34|DFQ34_008487-T1      0.158  22  0.372  22  0.929  19  0.879   0.610 Y  0.570      SignalP-noTM
DFQ34|DFQ34_008487-T1      0.193  29  0.366  29  0.940  17  0.783   0.528 Y  0.450      SignalP-TM
DFQ34|DFQ34_008489-T1      0.165  30  0.305  18  0.847   1  0.738   0.474 Y  0.450      SignalP-TM
DFQ34|DFQ34_008599-T1      0.134  26  0.321  16  0.906   1  0.831   0.520 Y  0.450      SignalP-TM
DFQ34|DFQ34_008599-T1      0.216  24  0.379  24  0.936   8  0.787   0.571 Y  0.570      SignalP-noTM
DFQ34|DFQ34_008650-T1      0.324  25  0.452  25  0.829  16  0.673   0.539 Y  0.450      SignalP-TM
DFQ34|DFQ34_008656-T1      0.544  21  0.591  21  0.785   1  0.654   0.621 Y  0.570      SignalP-noTM
DFQ34|DFQ34_008668-T1      0.386  24  0.590  24  0.954  18  0.898   0.710 Y  0.450      SignalP-TM
DFQ34|DFQ34_008668-T1      0.637  24  0.721  24  0.913   8  0.847   0.780 Y  0.570      SignalP-noTM
DFQ34|DFQ34_008695-T1      0.174  23  0.346  23  0.857  15  0.705   0.486 Y  0.450      SignalP-TM
DFQ34|DFQ34_008698-T1      0.174  24  0.350  24  0.884   8  0.761   0.510 Y  0.450      SignalP-TM
DFQ34|DFQ34_008698-T1      0.417  22  0.588  22  0.939  20  0.847   0.710 Y  0.570      SignalP-noTM
DFQ34|DFQ34_008704-T1      0.446  20  0.587  20  0.883   4  0.806   0.690 Y  0.570      SignalP-noTM
DFQ34|DFQ34_008709-T1      0.388  30  0.475  30  0.918  17  0.690   0.559 Y  0.450      SignalP-TM
DFQ34|DFQ34_008744-T1      0.217  28  0.354  28  0.812   5  0.625   0.459 Y  0.450      SignalP-TM
DFQ34|DFQ34_008788-T1      0.259  33  0.389  30  0.932  16  0.794   0.547 Y  0.450      SignalP-TM
DFQ34|DFQ34_008788-T1      0.317  20  0.518  20  0.901   6  0.857   0.677 Y  0.570      SignalP-noTM
DFQ34|DFQ34_008810-T1      0.736  28  0.738  28  0.976  19  0.836   0.784 Y  0.570      SignalP-noTM
DFQ34|DFQ34_008810-T1      0.739  28  0.746  28  0.892  18  0.721   0.736 Y  0.450      SignalP-TM
DFQ34|DFQ34_008851-T1      0.582  29  0.678  29  0.929  26  0.566   0.635 Y  0.450      SignalP-TM
DFQ34|DFQ34_008851-T1      0.755  29  0.770  29  0.848  28  0.573   0.697 Y  0.510      SignalP-TM
DFQ34|DFQ34_008866-T1      0.391  21  0.558  21  0.929  17  0.772   0.642 Y  0.450      SignalP-TM
DFQ34|DFQ34_008866-T1      0.461  21  0.621  21  0.916  18  0.832   0.720 Y  0.570      SignalP-noTM
DFQ34|DFQ34_008885-T1      0.141  32  0.270  11  0.791   4  0.744   0.455 Y  0.450      SignalP-TM
DFQ34|DFQ34_008916-T1      0.381  27  0.508  27  0.870  18  0.636   0.558 Y  0.450      SignalP-TM
DFQ34|DFQ34_008931-T1      0.215  25  0.375  25  0.749  12  0.616   0.469 Y  0.450      SignalP-TM
DFQ34|DFQ34_008934-T1      0.273  22  0.410  22  0.738  18  0.595   0.482 Y  0.450      SignalP-TM
DFQ34|DFQ34_008952-T1      0.325  25  0.446  25  0.795  16  0.598   0.505 Y  0.450      SignalP-TM
DFQ34|DFQ34_008952-T1      0.336  18  0.504  18  0.851  16  0.755   0.622 Y  0.570      SignalP-noTM
DFQ34|DFQ34_008975-T1      0.229  22  0.454  22  0.929  20  0.865   0.614 Y  0.450      SignalP-TM
DFQ34|DFQ34_008975-T1      0.260  22  0.466  22  0.911  15  0.840   0.642 Y  0.570      SignalP-noTM
DFQ34|DFQ34_009000-T1      0.215  26  0.441  26  0.963  17  0.861   0.605 Y  0.450      SignalP-TM
DFQ34|DFQ34_009000-T1      0.813  22  0.816  22  0.901  20  0.806   0.811 Y  0.570      SignalP-noTM
DFQ34|DFQ34_009011-T1      0.267  26  0.384  26  0.770  12  0.607   0.471 Y  0.450      SignalP-TM
DFQ34|DFQ34_009012-T1      0.291  64  0.286  12  0.840   9  0.786   0.481 Y  0.450      SignalP-TM
DFQ34|DFQ34_009044-T1      0.170  26  0.335  26  0.847   4  0.722   0.486 Y  0.450      SignalP-TM
DFQ34|DFQ34_009044-T1      0.180  17  0.385  17  0.880   1  0.837   0.598 Y  0.570      SignalP-noTM
DFQ34|DFQ34_009055-T1      0.159  23  0.340  23  0.809  10  0.671   0.469 Y  0.450      SignalP-TM
DFQ34|DFQ34_009089-T1      0.311  30  0.456  30  0.828  20  0.623   0.521 Y  0.450      SignalP-TM
DFQ34|DFQ34_009099-T1      0.227  26  0.358  26  0.761  12  0.618   0.460 Y  0.450      SignalP-TM
DFQ34|DFQ34_009105-T1      0.285  25  0.426  25  0.869  18  0.682   0.526 Y  0.450      SignalP-TM
DFQ34|DFQ34_009105-T1      0.602  20  0.656  20  0.841  19  0.731   0.691 Y  0.570      SignalP-noTM
DFQ34|DFQ34_009139-T1      0.320  22  0.476  22  0.829   8  0.737   0.599 Y  0.570      SignalP-noTM
DFQ34|DFQ34_009188-T1      0.512  21  0.492  21  0.769  18  0.386   0.451 Y  0.450      SignalP-TM
DFQ34|DFQ34_009188-T1      0.665  21  0.666  21  0.731  17  0.582   0.635 Y  0.510      SignalP-TM
DFQ34|DFQ34_009198-T1      0.246  26  0.411  16  0.894   3  0.832   0.575 Y  0.450      SignalP-TM
DFQ34|DFQ34_009198-T1      0.268  16  0.500  16  0.970   9  0.927   0.700 Y  0.570      SignalP-noTM
DFQ34|DFQ34_009213-T1      0.213  24  0.386  18  0.839   9  0.772   0.536 Y  0.450      SignalP-TM
DFQ34|DFQ34_009229-T1      0.184  16  0.344  16  0.720   4  0.653   0.465 Y  0.450      SignalP-TM
DFQ34|DFQ34_009236-T1      0.145  32  0.287  15  0.793   9  0.718   0.455 Y  0.450      SignalP-TM
DFQ34|DFQ34_009254-T1      0.157  21  0.335  21  0.826  18  0.728   0.488 Y  0.450      SignalP-TM
DFQ34|DFQ34_009257-T1      0.165  19  0.359  19  0.845  17  0.773   0.520 Y  0.450      SignalP-TM
DFQ34|DFQ34_009257-T1      0.236  19  0.412  19  0.909   2  0.755   0.573 Y  0.570      SignalP-noTM
DFQ34|DFQ34_009279-T1      0.399  29  0.579  29  0.981  17  0.886   0.723 Y  0.570      SignalP-noTM
DFQ34|DFQ34_009279-T1      0.408  24  0.628  24  0.978  17  0.918   0.741 Y  0.450      SignalP-TM
DFQ34|DFQ34_009292-T1      0.230  21  0.416  21  0.824  16  0.753   0.548 Y  0.450      SignalP-TM
DFQ34|DFQ34_009292-T1      0.391  21  0.574  21  0.917  18  0.843   0.700 Y  0.570      SignalP-noTM
DFQ34|DFQ34_009300-T1      0.188  27  0.353  21  0.880   4  0.766   0.514 Y  0.450      SignalP-TM
DFQ34|DFQ34_009349-T1      0.548  24  0.525  24  0.698   1  0.526   0.525 Y  0.450      SignalP-TM
DFQ34|DFQ34_009353-T1      0.272  21  0.444  21  0.849   4  0.752   0.564 Y  0.450      SignalP-TM
DFQ34|DFQ34_009353-T1      0.784  21  0.700  21  0.839   4  0.690   0.695 Y  0.570      SignalP-noTM
DFQ34|DFQ34_009357-T1      0.229  23  0.376  23  0.752  15  0.612   0.468 Y  0.450      SignalP-TM
DFQ34|DFQ34_009368-T1      0.157  34  0.319  34  0.887   4  0.755   0.489 Y  0.450      SignalP-TM
DFQ34|DFQ34_009389-T1      0.390  23  0.444  23  0.656  19  0.489   0.462 Y  0.450      SignalP-TM
DFQ34|DFQ34_009425-T1      0.198  27  0.377  24  0.892  18  0.740   0.519 Y  0.450      SignalP-TM
DFQ34|DFQ34_009425-T1      0.552  24  0.655  24  0.916  19  0.811   0.728 Y  0.570      SignalP-noTM
DFQ34|DFQ34_009432-T1      0.234  32  0.358  32  0.911  16  0.666   0.478 Y  0.450      SignalP-TM
DFQ34|DFQ34_009455-T1      0.483  24  0.509  24  0.639  21  0.487   0.501 Y  0.450      SignalP-TM
DFQ34|DFQ34_009455-T1      0.524  24  0.566  24  0.795  20  0.604   0.584 Y  0.570      SignalP-noTM
DFQ34|DFQ34_009509-T1      0.370  22  0.505  22  0.825  18  0.672   0.570 Y  0.450      SignalP-TM
DFQ34|DFQ34_009509-T1      0.790  22  0.778  22  0.820  15  0.738   0.763 Y  0.510      SignalP-TM
DFQ34|DFQ34_009514-T1      0.209  22  0.415  22  0.874   1  0.827   0.576 Y  0.450      SignalP-TM
DFQ34|DFQ34_009589-T1      0.174  36  0.362  25  0.896   7  0.824   0.542 Y  0.450      SignalP-TM
DFQ34|DFQ34_009589-T1      0.407  20  0.570  20  0.892   1  0.822   0.688 Y  0.570      SignalP-noTM
DFQ34|DFQ34_009593-T1      0.205  33  0.313  23  0.827  14  0.752   0.484 Y  0.450      SignalP-TM
DFQ34|DFQ34_009604-T1      0.284  21  0.397  21  0.654  16  0.558   0.460 Y  0.450      SignalP-TM
DFQ34|DFQ34_009611-T1      0.163  38  0.303  20  0.853  15  0.742   0.474 Y  0.450      SignalP-TM
DFQ34|DFQ34_009628-T1      0.218  29  0.347  23  0.787  15  0.677   0.475 Y  0.450      SignalP-TM
DFQ34|DFQ34_009628-T1      0.233  16  0.438  16  0.906  14  0.823   0.619 Y  0.570      SignalP-noTM
DFQ34|DFQ34_009664-T1      0.152  35  0.328  26  0.905  15  0.772   0.502 Y  0.450      SignalP-TM
DFQ34|DFQ34_009664-T1      0.172  35  0.368  19  0.902   1  0.814   0.578 Y  0.570      SignalP-noTM
DFQ34|DFQ34_009667-T1      0.200  21  0.398  21  0.882  19  0.794   0.553 Y  0.450      SignalP-TM
DFQ34|DFQ34_009667-T1      0.625  21  0.679  21  0.899  19  0.785   0.729 Y  0.570      SignalP-noTM
DFQ34|DFQ34_009679-T1      0.327  21  0.482  21  0.849  19  0.702   0.568 Y  0.450      SignalP-TM
DFQ34|DFQ34_009679-T1      0.700  21  0.716  21  0.905  20  0.723   0.720 Y  0.570      SignalP-noTM
DFQ34|DFQ34_009691-T1      0.163  26  0.287  12  0.931   2  0.794   0.485 Y  0.450      SignalP-TM
DFQ34|DFQ34_009691-T1      0.312  23  0.479  23  0.910  11  0.804   0.632 Y  0.570      SignalP-noTM
DFQ34|DFQ34_009696-T1      0.105  29  0.274  11  0.868   2  0.752   0.461 Y  0.450      SignalP-TM
DFQ34|DFQ34_009718-T1      0.479  22  0.557  22  0.790  19  0.680   0.614 Y  0.570      SignalP-noTM
DFQ34|DFQ34_009732-T1      0.328  29  0.470  29  0.825  10  0.710   0.564 Y  0.450      SignalP-TM
DFQ34|DFQ34_009748-T1      0.150  57  0.301  22  0.837  16  0.719   0.464 Y  0.450      SignalP-TM
DFQ34|DFQ34_009774-T1      0.194  37  0.378  21  0.907  16  0.826   0.552 Y  0.450      SignalP-TM
DFQ34|DFQ34_009774-T1      0.203  27  0.380  21  0.934   7  0.806   0.581 Y  0.570      SignalP-noTM
DFQ34|DFQ34_009798-T1      0.237  31  0.431  20  0.964  17  0.933   0.627 Y  0.450      SignalP-TM
DFQ34|DFQ34_009798-T1      0.347  20  0.557  20  0.932   3  0.905   0.721 Y  0.570      SignalP-noTM
DFQ34|DFQ34_009826-T1      0.238  29  0.383  26  0.831  17  0.681   0.500 Y  0.450      SignalP-TM
DFQ34|DFQ34_009826-T1      0.284  19  0.468  19  0.882   1  0.790   0.619 Y  0.570      SignalP-noTM
DFQ34|DFQ34_009869-T1      0.180  33  0.349  23  0.926  16  0.825   0.535 Y  0.450      SignalP-TM
DFQ34|DFQ34_009924-T1      0.168  17  0.386  17  0.914   2  0.891   0.583 Y  0.450      SignalP-TM
DFQ34|DFQ34_009924-T1      0.590  17  0.757  17  0.990  12  0.961   0.853 Y  0.570      SignalP-noTM
DFQ34|DFQ34_009952-T1      0.160  20  0.361  20  0.910  17  0.827   0.543 Y  0.450      SignalP-TM
DFQ34|DFQ34_009952-T1      0.448  22  0.607  22  0.889  10  0.836   0.714 Y  0.570      SignalP-noTM
DFQ34|DFQ34_009960-T1      0.129  37  0.312  21  0.928  15  0.733   0.476 Y  0.450      SignalP-TM
DFQ34|DFQ34_009971-T1      0.697  25  0.760  25  0.894  19  0.824   0.785 Y  0.450      SignalP-TM
DFQ34|DFQ34_009973-T1      0.617  33  0.660  27  0.948  18  0.841   0.745 Y  0.570      SignalP-noTM
DFQ34|DFQ34_009973-T1      0.728  33  0.749  33  0.979  15  0.863   0.794 Y  0.450      SignalP-TM
DFQ34|DFQ34_010003-T1      0.494  21  0.553  21  0.763  19  0.614   0.576 Y  0.450      SignalP-TM
DFQ34|DFQ34_010003-T1      0.584  21  0.688  21  0.890  10  0.816   0.748 Y  0.570      SignalP-noTM
DFQ34|DFQ34_010092-T1      0.194  22  0.411  22  0.927  12  0.883   0.633 Y  0.570      SignalP-noTM
DFQ34|DFQ34_010092-T1      0.197  23  0.395  23  0.899  19  0.744   0.531 Y  0.450      SignalP-TM
DFQ34|DFQ34_010120-T1      0.241  66  0.411  26  0.918  24  0.793   0.560 Y  0.450      SignalP-TM
DFQ34|DFQ34_010146-T1      0.230  22  0.357  22  0.745   2  0.608   0.455 Y  0.450      SignalP-TM
DFQ34|DFQ34_010154-T1      0.173  26  0.348  26  0.919  15  0.735   0.499 Y  0.450      SignalP-TM
DFQ34|DFQ34_010154-T1      0.190  23  0.375  23  0.929  15  0.791   0.571 Y  0.570      SignalP-noTM
DFQ34|DFQ34_010195-T1      0.221  20  0.423  20  0.884  11  0.811   0.605 Y  0.570      SignalP-noTM
DFQ34|DFQ34_010214-T1      0.432  22  0.501  22  0.663   8  0.568   0.527 Y  0.450      SignalP-TM
DFQ34|DFQ34_010214-T1      0.735  22  0.749  22  0.950  19  0.721   0.736 Y  0.570      SignalP-noTM
DFQ34|DFQ34_010255-T1      0.143  26  0.297  22  0.837  18  0.750   0.474 Y  0.450      SignalP-TM
DFQ34|DFQ34_010285-T1      0.167  30  0.273  19  0.852   3  0.732   0.452 Y  0.450      SignalP-TM
DFQ34|DFQ34_010304-T1      0.101   5  0.283  16  0.856   9  0.796   0.483 Y  0.450      SignalP-TM
DFQ34|DFQ34_010359-T1      0.363  21  0.498  21  0.878  17  0.703   0.594 Y  0.570      SignalP-noTM
DFQ34|DFQ34_010417-T1      0.183  20  0.386  20  0.877  16  0.812   0.586 Y  0.570      SignalP-noTM
DFQ34|DFQ34_010417-T1      0.327  29  0.414  29  0.912  17  0.664   0.512 Y  0.450      SignalP-TM
DFQ34|DFQ34_010446-T1      0.285  20  0.470  20  0.873  11  0.755   0.604 Y  0.570      SignalP-noTM
DFQ34|DFQ34_010455-T1      0.138  64  0.286  12  0.845   4  0.822   0.495 Y  0.450      SignalP-TM
DFQ34|DFQ34_010461-T1      0.247  24  0.394  24  0.935   2  0.718   0.520 Y  0.450      SignalP-TM
DFQ34|DFQ34_010461-T1      0.265  23  0.435  23  0.918  11  0.789   0.601 Y  0.570      SignalP-noTM
DFQ34|DFQ34_010473-T1      0.263  31  0.396  31  0.853  30  0.649   0.495 Y  0.450      SignalP-TM
DFQ34|DFQ34_010514-T1      0.229  27  0.463  27  0.981  20  0.947   0.652 Y  0.450      SignalP-TM
DFQ34|DFQ34_010514-T1      0.437  22  0.649  22  0.973   6  0.965   0.797 Y  0.570      SignalP-noTM
DFQ34|DFQ34_010520-T1      0.189  24  0.334  24  0.883   9  0.683   0.470 Y  0.450      SignalP-TM
DFQ34|DFQ34_010532-T1      0.276  22  0.463  22  0.892   7  0.810   0.599 Y  0.450      SignalP-TM
DFQ34|DFQ34_010532-T1      0.327  19  0.553  19  0.969   8  0.936   0.733 Y  0.570      SignalP-noTM
DFQ34|DFQ34_010571-T1      0.287  27  0.387  17  0.886  15  0.784   0.574 Y  0.570      SignalP-noTM
DFQ34|DFQ34_010571-T1      0.368  27  0.474  27  0.867  16  0.631   0.535 Y  0.450      SignalP-TM
DFQ34|DFQ34_010574-T1      0.296  58  0.358  26  0.797  18  0.595   0.450 Y  0.450      SignalP-TM
DFQ34|DFQ34_010574-T1      0.320  24  0.497  24  0.924  15  0.721   0.603 Y  0.570      SignalP-noTM
DFQ34|DFQ34_010679-T1      0.208  17  0.401  17  0.857   2  0.789   0.583 Y  0.570      SignalP-noTM
DFQ34|DFQ34_010710-T1      0.340  22  0.557  22  0.946  14  0.892   0.688 Y  0.450      SignalP-TM
DFQ34|DFQ34_010710-T1      0.405  15  0.621  15  0.983  12  0.945   0.774 Y  0.570      SignalP-noTM
DFQ34|DFQ34_010713-T1      0.125  51  0.295  19  0.862  13  0.751   0.473 Y  0.450      SignalP-TM
DFQ34|DFQ34_010722-T1      0.263  29  0.437  29  0.904  17  0.782   0.571 Y  0.450      SignalP-TM
DFQ34|DFQ34_010819-T1      0.295  26  0.424  26  0.926  12  0.727   0.542 Y  0.450      SignalP-TM
DFQ34|DFQ34_010824-T1      0.471  25  0.481  25  0.730  24  0.440   0.465 Y  0.450      SignalP-TM
DFQ34|DFQ34_010824-T1      0.813  25  0.647  25  0.725  23  0.457   0.577 Y  0.510      SignalP-TM
DFQ34|DFQ34_010826-T1      0.515  29  0.595  29  0.841  26  0.637   0.611 Y  0.450      SignalP-TM
DFQ34|DFQ34_010833-T1      0.134  27  0.301  27  0.850   8  0.742   0.473 Y  0.450      SignalP-TM
DFQ34|DFQ34_010872-T1      0.378  30  0.407  30  0.843   9  0.588   0.478 Y  0.450      SignalP-TM
DFQ34|DFQ34_010872-T1      0.484  21  0.663  21  0.962  17  0.890   0.770 Y  0.570      SignalP-noTM
DFQ34|DFQ34_010885-T1      0.183  27  0.321  18  0.931  12  0.894   0.590 Y  0.570      SignalP-noTM
DFQ34|DFQ34_010885-T1      0.214  27  0.398  27  0.923  10  0.810   0.558 Y  0.450      SignalP-TM
DFQ34|DFQ34_010890-T1      0.144  52  0.314  24  0.850  17  0.685   0.459 Y  0.450      SignalP-TM
DFQ34|DFQ34_010954-T1      0.410  25  0.523  25  0.917  15  0.759   0.634 Y  0.570      SignalP-noTM
DFQ34|DFQ34_010954-T1      0.678  25  0.768  25  0.935  16  0.865   0.806 Y  0.450      SignalP-TM
DFQ34|DFQ34_011046-T1      0.193  32  0.360  32  0.761  41  0.635   0.467 Y  0.450      SignalP-TM
DFQ34|DFQ34_011052-T1      0.414  24  0.468  24  0.725  17  0.521   0.488 Y  0.450      SignalP-TM
DFQ34|DFQ34_011100-T1      0.188  19  0.403  19  0.947  16  0.868   0.585 Y  0.450      SignalP-TM
DFQ34|DFQ34_011100-T1      0.250  19  0.470  19  0.938  13  0.879   0.662 Y  0.570      SignalP-noTM
DFQ34|DFQ34_011124-T1      0.308  20  0.421  20  0.863  18  0.561   0.476 Y  0.450      SignalP-TM
DFQ34|DFQ34_011126-T1      0.482  22  0.659  22  0.958  11  0.899   0.772 Y  0.570      SignalP-noTM
DFQ34|DFQ34_011126-T1      0.583  22  0.704  22  0.925  16  0.804   0.743 Y  0.450      SignalP-TM
DFQ34|DFQ34_011149-T1      0.290  24  0.418  24  0.693  13  0.545   0.467 Y  0.450      SignalP-TM
DFQ34|DFQ34_011178-T1      0.197  19  0.379  19  0.860  18  0.746   0.522 Y  0.450      SignalP-TM
DFQ34|DFQ34_011178-T1      0.786  19  0.736  19  0.879   1  0.736   0.736 Y  0.570      SignalP-noTM
DFQ34|DFQ34_011185-T1      0.277  27  0.403  27  0.872  17  0.662   0.504 Y  0.450      SignalP-TM
DFQ34|DFQ34_011202-T1      0.177  23  0.399  23  0.957  13  0.882   0.587 Y  0.450      SignalP-TM
DFQ34|DFQ34_011202-T1      0.191  17  0.423  17  0.967   9  0.929   0.661 Y  0.570      SignalP-noTM
DFQ34|DFQ34_011220-T1      0.230  29  0.376  29  0.846  21  0.603   0.465 Y  0.450      SignalP-TM
DFQ34|DFQ34_011220-T1      0.253  30  0.438  24  0.874  21  0.688   0.530 Y  0.510      SignalP-TM
DFQ34|DFQ34_011249-T1      0.284  22  0.466  22  0.869  17  0.631   0.527 Y  0.510      SignalP-TM
DFQ34|DFQ34_011249-T1      0.352  27  0.561  27  0.954  20  0.791   0.651 Y  0.450      SignalP-TM
DFQ34|DFQ34_011253-T1      0.242  23  0.438  23  0.884  16  0.784   0.573 Y  0.450      SignalP-TM
DFQ34|DFQ34_011253-T1      0.534  18  0.592  18  0.795   1  0.678   0.632 Y  0.570      SignalP-noTM
DFQ34|DFQ34_011318-T1      0.165  25  0.324  17  0.823  14  0.758   0.493 Y  0.450      SignalP-TM
DFQ34|DFQ34_011325-T1      0.282  31  0.408  24  0.916  17  0.784   0.555 Y  0.450      SignalP-TM
DFQ34|DFQ34_011325-T1      0.300  24  0.438  24  0.909  16  0.745   0.582 Y  0.570      SignalP-noTM
DFQ34|DFQ34_011361-T1      0.439  27  0.572  27  0.834  22  0.636   0.597 Y  0.450      SignalP-TM
DFQ34|DFQ34_011378-T1      0.260  23  0.459  23  0.887  16  0.811   0.596 Y  0.450      SignalP-TM
DFQ34|DFQ34_011378-T1      0.261  23  0.419  23  0.911  11  0.741   0.571 Y  0.570      SignalP-noTM
DFQ34|DFQ34_011388-T1      0.618  20  0.571  20  0.782   2  0.574   0.573 Y  0.570      SignalP-noTM
DFQ34|DFQ34_011389-T1      0.209  21  0.396  21  0.825  13  0.765   0.540 Y  0.450      SignalP-TM
DFQ34|DFQ34_011389-T1      0.308  21  0.461  21  0.783   1  0.700   0.573 Y  0.570      SignalP-noTM
DFQ34|DFQ34_011503-T1      0.361  23  0.528  23  0.922  14  0.806   0.659 Y  0.570      SignalP-noTM
DFQ34|DFQ34_011503-T1      0.369  24  0.559  24  0.890  16  0.826   0.663 Y  0.450      SignalP-TM
DFQ34|DFQ34_011539-T1      0.633  21  0.593  21  0.794   1  0.567   0.581 Y  0.570      SignalP-noTM
DFQ34|DFQ34_011559-T1      0.258  28  0.433  28  0.818  20  0.632   0.511 Y  0.450      SignalP-TM
DFQ34|DFQ34_011572-T1      0.609  20  0.609  20  0.840   1  0.659   0.633 Y  0.570      SignalP-noTM
DFQ34|DFQ34_011624-T1      0.172  24  0.335  24  0.763  13  0.669   0.465 Y  0.450      SignalP-TM
DFQ34|DFQ34_011627-T1      0.254  25  0.426  25  0.874  18  0.658   0.516 Y  0.450      SignalP-TM
DFQ34|DFQ34_011682-T1      0.491  29  0.600  29  0.827  26  0.604   0.601 Y  0.510      SignalP-TM
DFQ34|DFQ34_011682-T1      0.547  31  0.709  31  0.967  26  0.809   0.748 Y  0.450      SignalP-TM
DFQ34|DFQ34_011743-T1      0.328  23  0.491  23  0.917   3  0.779   0.603 Y  0.450      SignalP-TM
DFQ34|DFQ34_011743-T1      0.390  16  0.570  16  0.909  14  0.825   0.690 Y  0.570      SignalP-noTM
DFQ34|DFQ34_011790-T1      0.282  30  0.393  19  0.943   8  0.889   0.626 Y  0.570      SignalP-noTM
DFQ34|DFQ34_011803-T1      0.316  16  0.505  16  0.872  12  0.808   0.647 Y  0.570      SignalP-noTM
DFQ34|DFQ34_011810-T1      0.394  42  0.463  42  0.838  26  0.576   0.507 Y  0.450      SignalP-TM
DFQ34|DFQ34_011811-T1      0.284  23  0.410  23  0.816  18  0.629   0.495 Y  0.450      SignalP-TM
DFQ34|DFQ34_011877-T1      0.215  22  0.357  22  0.733  10  0.608   0.455 Y  0.450      SignalP-TM
DFQ34|DFQ34_011877-T1      0.315  22  0.497  22  0.893  13  0.810   0.644 Y  0.570      SignalP-noTM
DFQ34|DFQ34_011881-T1      0.238  24  0.382  24  0.872   1  0.674   0.496 Y  0.450      SignalP-TM
DFQ34|DFQ34_011928-T1      0.406  30  0.538  30  0.848  15  0.710   0.605 Y  0.450      SignalP-TM
DFQ34|DFQ34_012002-T1      0.174  26  0.334  26  0.929   3  0.759   0.500 Y  0.450      SignalP-TM
DFQ34|DFQ34_012005-T1      0.371  23  0.551  23  0.924  17  0.753   0.630 Y  0.450      SignalP-TM
DFQ34|DFQ34_012015-T1      0.149  21  0.329  21  0.892   1  0.756   0.496 Y  0.450      SignalP-TM
DFQ34|DFQ34_012038-T1      0.175  36  0.281  14  0.822   1  0.757   0.467 Y  0.450      SignalP-TM
DFQ34|DFQ34_012100-T1      0.343  45  0.380  24  0.835  14  0.674   0.495 Y  0.450      SignalP-TM
DFQ34|DFQ34_012175-T1      0.253  27  0.423  24  0.877  16  0.753   0.552 Y  0.450      SignalP-TM
DFQ34|DFQ34_012175-T1      0.339  19  0.498  19  0.823  14  0.735   0.586 Y  0.510      SignalP-TM
DFQ34|DFQ34_012186-T1      0.201  18  0.408  18  0.878  16  0.824   0.604 Y  0.570      SignalP-noTM
DFQ34|DFQ34_012186-T1      0.340  28  0.462  28  0.891  17  0.689   0.551 Y  0.450      SignalP-TM
DFQ34|DFQ34_012193-T1      0.336  22  0.515  22  0.883  14  0.773   0.616 Y  0.450      SignalP-TM
DFQ34|DFQ34_012197-T1      0.366  26  0.472  26  0.740  21  0.509   0.487 Y  0.450      SignalP-TM
DFQ34|DFQ34_012217-T1      0.271  21  0.412  21  0.775  20  0.599   0.485 Y  0.450      SignalP-TM
DFQ34|DFQ34_012217-T1      0.449  21  0.594  21  0.930   1  0.813   0.697 Y  0.570      SignalP-noTM
DFQ34|DFQ34_012221-T1      0.201  23  0.378  23  0.872  14  0.732   0.516 Y  0.450      SignalP-TM
DFQ34|DFQ34_012221-T1      0.256  23  0.450  23  0.963  12  0.837   0.632 Y  0.570      SignalP-noTM
DFQ34|DFQ34_012297-T1      0.413  25  0.537  25  0.757  15  0.614   0.567 Y  0.450      SignalP-TM
DFQ34|DFQ34_012312-T1      0.145  16  0.351  16  0.886   8  0.855   0.588 Y  0.570      SignalP-noTM
DFQ34|DFQ34_012312-T1      0.296  26  0.408  26  0.847   1  0.645   0.500 Y  0.450      SignalP-TM
DFQ34|DFQ34_012315-T1      0.270  21  0.402  21  0.705  20  0.587   0.474 Y  0.450      SignalP-TM
DFQ34|DFQ34_012315-T1      0.451  21  0.599  21  0.932   1  0.821   0.704 Y  0.570      SignalP-noTM
DFQ34|DFQ34_012343-T1      0.201  26  0.397  17  0.906   9  0.855   0.575 Y  0.450      SignalP-TM
DFQ34|DFQ34_012343-T1      0.230  17  0.449  17  0.929  15  0.867   0.645 Y  0.570      SignalP-noTM
DFQ34|DFQ34_012361-T1      0.253  20  0.473  20  0.938   2  0.897   0.639 Y  0.450      SignalP-TM
DFQ34|DFQ34_012361-T1      0.366  25  0.461  25  0.921   1  0.700   0.574 Y  0.570      SignalP-noTM
DFQ34|DFQ34_012363-T1      0.122  29  0.294  29  0.867   2  0.750   0.472 Y  0.450      SignalP-TM
DFQ34|DFQ34_012381-T1      0.364  23  0.496  23  0.802  17  0.655   0.558 Y  0.450      SignalP-TM
DFQ34|DFQ34_012385-T1      0.202  37  0.319  27  0.829  17  0.662   0.453 Y  0.450      SignalP-TM
DFQ34|DFQ34_012407-T1      0.236  23  0.374  23  0.723  14  0.593   0.459 Y  0.450      SignalP-TM
DFQ34|DFQ34_012431-T1      0.430  33  0.395  33  0.908  15  0.609   0.478 Y  0.450      SignalP-TM
DFQ34|DFQ34_012439-T1      0.406  21  0.506  21  0.768   1  0.650   0.562 Y  0.450      SignalP-TM
DFQ34|DFQ34_012452-T1      0.175  24  0.345  24  0.788  19  0.635   0.458 Y  0.450      SignalP-TM
DFQ34|DFQ34_012464-T1      0.184  23  0.361  23  0.821  12  0.682   0.486 Y  0.450      SignalP-TM
DFQ34|DFQ34_012500-T1      0.230  21  0.421  21  0.924  13  0.811   0.604 Y  0.570      SignalP-noTM
DFQ34|DFQ34_012500-T1      0.265  24  0.461  24  0.922  16  0.803   0.595 Y  0.450      SignalP-TM
