Gene ID	CAZy ID	% Identical	Length	Mismatches	Gap Open	Gene Start	Gene End	CAZy Start	CAZy End	E Value	Bit Score
DSO57v2|DSO57v2_000087-T1	CDS07813.1|GH37|	43.0	584	295	12	17	597	28	576	9.11e-155	461
DSO57v2|DSO57v2_000088-T1	CDS07813.1|GH37|	43.0	584	295	12	17	597	28	576	9.11e-155	461
DSO57v2|DSO57v2_000321-T1	QEO24085.1|GH47|	53.2	372	165	4	7	373	837	1204	4.31e-121	382
DSO57v2|DSO57v2_000374-T1	CDS03322.1|GT2|	57.1	524	195	6	1	522	1120	1615	6.76e-194	589
DSO57v2|DSO57v2_000375-T1	CDS08031.1|GT2|	35.2	659	353	13	30	629	613	1256	2.20e-109	367
DSO57v2|DSO57v2_000376-T1	CDS08031.1|GT2|	41.0	534	296	9	25	554	13	531	9.63e-118	388
DSO57v2|DSO57v2_000422-T1	ADK37848.1|AA11|	86.5	185	24	1	9	192	7	191	8.62e-120	345
DSO57v2|DSO57v2_000423-T1	ADK37848.1|AA11|	86.5	185	24	1	9	192	7	191	8.62e-120	345
DSO57v2|DSO57v2_000425-T1	ADK37848.1|AA11|	80.6	186	35	1	8	193	7	191	1.30e-111	325
DSO57v2|DSO57v2_000427-T1	ADK37848.1|AA11|	81.1	180	33	1	14	193	13	191	1.75e-109	319
DSO57v2|DSO57v2_000599-T1	BBM97475.1|GH47|	45.9	471	234	11	11	470	124	584	2.21e-118	365
DSO57v2|DSO57v2_000688-T1	ADK37843.1|CBM18|GH16_19|	56.9	262	106	2	2	263	33	287	8.65e-107	315
DSO57v2|DSO57v2_000689-T1	ADK37843.1|CBM18|GH16_19|	78.3	286	62	0	1	286	1	286	1.08e-171	481
DSO57v2|DSO57v2_000690-T1	ADK37843.1|CBM18|GH16_19|	76.7	287	66	1	1	287	1	286	1.98e-168	472
DSO57v2|DSO57v2_000703-T1	ADK37843.1|CBM18|GH16_19|	75.6	287	69	1	1	287	1	286	5.41e-166	466
DSO57v2|DSO57v2_000704-T1	ADK37843.1|CBM18|GH16_19|	78.7	286	61	0	1	286	1	286	9.23e-173	483
DSO57v2|DSO57v2_000705-T1	ADK37843.1|CBM18|GH16_19|	56.9	262	106	2	2	263	33	287	6.10e-107	315
DSO57v2|DSO57v2_000767-T1	QKX64719.1|GT31|	38.2	531	281	13	16	517	12	524	7.38e-103	334
DSO57v2|DSO57v2_000820-T1	AVM55139.1|GH65|	35.1	624	316	16	1	550	747	1355	5.91e-104	345
DSO57v2|DSO57v2_000829-T1	AVM55139.1|GH65|	39.5	699	385	18	57	743	682	1354	4.22e-149	474
DSO57v2|DSO57v2_000904-T1	CDS07813.1|GH37|	42.7	588	294	14	15	597	25	574	2.75e-154	460
DSO57v2|DSO57v2_001018-T1	CDS03806.1|GT48|	53.6	1584	699	15	52	1613	174	1743	0.0	1676
DSO57v2|DSO57v2_001035-T1	CAC9909034.1|GT8|	64.3	378	134	1	20	397	347	723	6.97e-168	491
DSO57v2|DSO57v2_001106-T1	CDS09089.1|GT41|	50.7	1229	464	20	300	1417	290	1487	0.0	1049
DSO57v2|DSO57v2_001650-T1	CDS08390.1|GH31|	48.1	944	431	10	15	918	21	945	0.0	941
DSO57v2|DSO57v2_001792-T1	CDS05465.1|GH47|	57.7	430	182	0	36	465	1	430	1.29e-177	514
DSO57v2|DSO57v2_001792-T2	CDS05465.1|GH47|	52.1	516	231	2	36	535	1	516	2.30e-182	535
DSO57v2|DSO57v2_001792-T3	CDS05465.1|GH47|	51.3	460	208	2	2	445	57	516	9.69e-155	461
DSO57v2|DSO57v2_001792-T4	CDS05465.1|GH47|	51.0	527	231	3	12	522	1	516	2.18e-179	527
DSO57v2|DSO57v2_001797-T1	CDS11103.1|GT66|	62.7	724	251	4	7	712	7	729	0.0	921
DSO57v2|DSO57v2_001858-T1	CBQ70430.1|GT3|	64.6	693	211	7	8	666	7	699	0.0	897
DSO57v2|DSO57v2_001918-T1	CDS05640.1|GH20|	49.2	675	309	10	18	679	5	658	5.35e-219	639
DSO57v2|DSO57v2_001918-T2	CDS05640.1|GH20|	53.4	528	236	3	14	540	140	658	4.22e-197	577
DSO57v2|DSO57v2_001987-T1	CAN80640.1|GT47|	53.4	427	193	4	7	428	937	1362	5.15e-155	477
DSO57v2|DSO57v2_002416-T1	ADK37845.1|GH18|	74.1	301	76	2	97	395	1	301	3.38e-164	466
DSO57v2|DSO57v2_002418-T1	ADK37845.1|GH18|	72.8	301	80	2	97	395	1	301	5.00e-160	456
DSO57v2|DSO57v2_002861-T1	CDI55329.1|CBM48|GH13_8|	73.1	475	127	1	2	476	225	698	3.68e-269	752
DSO57v2|DSO57v2_003025-T1	CAN80640.1|GT47|	53.2	427	194	4	7	428	937	1362	1.98e-154	476
DSO57v2|DSO57v2_003164-T1	ADK37849.1|CBM18|CE4|	62.2	291	109	1	1	291	1	290	2.54e-130	378
DSO57v2|DSO57v2_003167-T1	ATY63066.1|GH18|	46.6	367	187	5	161	526	23	381	1.35e-111	344
DSO57v2|DSO57v2_003170-T1	CED83340.1|GT31|	36.1	972	494	22	259	1118	962	1918	1.36e-175	570
DSO57v2|DSO57v2_003209-T1	QKX56076.1|GH51|	43.6	427	233	4	99	518	917	1342	6.21e-109	361
DSO57v2|DSO57v2_003396-T1	CDS05700.1|GT33|	46.2	439	213	12	18	445	53	479	2.01e-110	339
DSO57v2|DSO57v2_003424-T1	QGA15584.1|GT24|	36.7	1519	855	35	2	1477	1	1455	2.48e-292	878
DSO57v2|DSO57v2_003558-T1	CDS07484.1|CBM43|GH72|	48.0	481	225	13	13	476	19	491	3.49e-137	410
DSO57v2|DSO57v2_003580-T1	QKX60855.1|GT22|	68.6	306	93	1	33	338	567	869	4.49e-138	417
DSO57v2|DSO57v2_003580-T2	QKX60855.1|GT22|	71.7	293	80	1	33	325	567	856	4.17e-138	417
DSO57v2|DSO57v2_003581-T1	QKX60855.1|GT22|	69.3	296	88	1	4	299	577	869	5.44e-135	407
DSO57v2|DSO57v2_003828-T1	VUW72999.1|AA1|	52.5	625	244	8	161	745	20	631	8.06e-197	597
DSO57v2|DSO57v2_003943-T1	VBB76690.1|AA3|	39.1	627	300	13	19	575	27	641	1.41e-134	410
DSO57v2|DSO57v2_003951-T1	CDS05274.1|GT2|	67.3	572	170	2	4	558	398	969	1.37e-269	778
DSO57v2|DSO57v2_004115-T1	QKD62991.1|GH12|	36.9	586	359	4	245	830	1087	1661	3.02e-113	384
DSO57v2|DSO57v2_004115-T2	QKD62991.1|GH12|	36.9	586	359	4	67	652	1087	1661	2.16e-115	384
DSO57v2|DSO57v2_004590-T1	CDS05700.1|GT33|	46.0	439	214	12	18	445	53	479	1.42e-110	340
DSO57v2|DSO57v2_004640-T1	VBB76690.1|AA3|	38.5	633	295	17	22	579	27	640	1.43e-129	398
DSO57v2|DSO57v2_004641-T1	VBB76690.1|AA3|	40.5	620	299	16	5	560	27	640	8.90e-135	410
DSO57v2|DSO57v2_004642-T1	VBB76690.1|AA3|	39.4	627	315	16	4	567	16	640	8.71e-131	400
DSO57v2|DSO57v2_004644-T1	VBB76690.1|AA3|	39.5	622	304	16	16	573	27	640	6.80e-129	396
DSO57v2|DSO57v2_004645-T1	VBB76690.1|AA3|	41.3	620	295	15	16	572	27	640	1.19e-138	421
DSO57v2|DSO57v2_004810-T1	QJD96377.1|GH3|	45.0	660	344	11	11	662	97	745	2.26e-177	528
DSO57v2|DSO57v2_005051-T1	QBQ55251.1|CBM50|	37.4	891	508	15	10	865	19	894	1.66e-156	492
DSO57v2|DSO57v2_005051-T2	QBQ55251.1|CBM50|	38.8	707	384	14	8	679	202	894	3.31e-124	400
DSO57v2|DSO57v2_005488-T1	CDS06898.1|GH18|	45.4	392	195	11	16	391	25	413	7.78e-104	327
DSO57v2|DSO57v2_005550-T1	CAN97272.1|GH81|	35.8	651	393	9	17	651	76	717	6.09e-141	432
DSO57v2|DSO57v2_006132-T1	AXG41146.1|GH6|	38.8	707	404	8	151	850	169	853	1.19e-151	474
DSO57v2|DSO57v2_006160-T1	BAE57597.1|GT20|	66.1	221	73	1	7	225	6	226	3.22e-110	330
DSO57v2|DSO57v2_006558-T1	CDS03806.1|GT48|	51.8	1789	775	23	140	1903	177	1903	0.0	1764
DSO57v2|DSO57v2_006731-T1	CCA15473.1|GH72|	50.6	391	186	4	48	432	563	952	4.21e-129	400
DSO57v2|DSO57v2_006974-T1	SMR50199.1|AA3|	37.7	628	329	16	18	606	31	635	7.40e-121	376
DSO57v2|DSO57v2_006978-T1	SMR50199.1|AA3|	39.2	625	325	15	19	608	31	635	3.25e-123	382
DSO57v2|DSO57v2_007111-T1	ASY64256.1|CBM50|	36.9	517	298	10	15	510	58	567	2.27e-105	334
DSO57v2|DSO57v2_007139-T1	CED83340.1|GT31|	36.1	972	494	22	259	1118	962	1918	7.10e-176	571
DSO57v2|DSO57v2_007139-T2	CED83340.1|GT31|	35.8	886	459	19	259	1045	962	1836	9.70e-158	518
DSO57v2|DSO57v2_007167-T1	AWP04987.1|GT13|	48.9	890	439	10	77	957	84	966	5.24e-299	877
DSO57v2|DSO57v2_007364-T1	CDS05746.1|GH5_9|	49.5	426	203	6	75	491	3	425	2.94e-152	445
DSO57v2|DSO57v2_007367-T1	CDS05746.1|GH5_9|	50.2	426	200	6	77	493	3	425	2.70e-159	463
DSO57v2|DSO57v2_007372-T1	CDS05746.1|GH5_9|	50.5	426	199	5	76	492	3	425	4.41e-163	473
DSO57v2|DSO57v2_007625-T1	QEC79975.1|GH3|	43.3	735	392	12	40	764	29	748	7.53e-186	553
DSO57v2|DSO57v2_007625-T2	QEC79975.1|GH3|	43.3	735	392	12	27	751	29	748	4.93e-186	553
DSO57v2|DSO57v2_007794-T1	APU66165.1|GH18|	65.6	282	93	3	26	305	1	280	5.21e-139	401
DSO57v2|DSO57v2_007960-T1	CDS07813.1|GH37|	40.4	581	302	13	22	597	33	574	3.24e-144	434
DSO57v2|DSO57v2_007998-T1	CAC16493.1|GH13_5|	50.0	486	234	5	4	487	6	484	5.28e-174	502
DSO57v2|DSO57v2_008002-T1	AGB49579.1|GH13_5|	48.7	483	240	5	4	486	3	477	1.27e-173	501
DSO57v2|DSO57v2_008440-T1	VUW72999.1|AA1|	43.4	454	238	7	349	790	175	621	1.18e-103	351
DSO57v2|DSO57v2_008454-T2	AHX26715.1|GT2|	33.1	783	441	19	73	790	36	800	2.40e-105	384
DSO57v2|DSO57v2_008663-T1	VDC69778.1|CE8|	44.3	619	329	9	146	758	657	1265	8.58e-162	506
DSO57v2|DSO57v2_008864-T1	VBB76690.1|AA3|	41.2	633	295	18	4	567	16	640	4.68e-136	415
DSO57v2|DSO57v2_009094-T1	SMR50199.1|AA3|	39.2	625	325	15	19	608	31	635	8.24e-124	384
DSO57v2|DSO57v2_009098-T1	SMR50199.1|AA3|	37.2	610	329	15	2	576	45	635	1.47e-114	359
DSO57v2|DSO57v2_009284-T1	SPT17241.1|GH20|	38.6	555	307	11	17	542	31	580	1.39e-132	402
DSO57v2|DSO57v2_009286-T1	SPT17241.1|GH20|	38.6	555	307	11	17	542	31	580	2.77e-132	401
DSO57v2|DSO57v2_009288-T1	VDD59467.1|GH20|	40.1	549	290	11	16	536	36	573	1.60e-135	409
DSO57v2|DSO57v2_009564-T1	CDS07813.1|GH37|	42.1	613	298	16	1	596	1	573	4.97e-152	454
DSO57v2|DSO57v2_009641-T1	CDI56219.1|GT39|	48.4	723	344	9	53	754	73	787	8.09e-227	660
DSO57v2|DSO57v2_009661-T1	ADK37849.1|CBM18|CE4|	65.5	290	97	1	1	287	1	290	1.52e-142	409
DSO57v2|DSO57v2_009662-T1	ADK37849.1|CBM18|CE4|	57.2	290	105	2	1	271	1	290	2.37e-116	340
DSO57v2|DSO57v2_009664-T1	ADK37849.1|CBM18|CE4|	66.2	290	98	0	1	290	1	290	1.91e-142	409
DSO57v2|DSO57v2_009665-T1	ADK37849.1|CBM18|CE4|	56.6	290	107	2	1	271	1	290	2.37e-116	340
DSO57v2|DSO57v2_009666-T1	ADK37849.1|CBM18|CE4|	59.0	290	117	2	1	288	1	290	1.18e-123	361
DSO57v2|DSO57v2_009668-T1	ADK37849.1|CBM18|CE4|	69.7	290	88	0	1	290	1	290	2.37e-151	431
DSO57v2|DSO57v2_009872-T1	QBZ54211.1|GH47|	48.2	787	340	13	2	734	684	1456	1.81e-207	630
DSO57v2|DSO57v2_009872-T2	QBZ54211.1|GH47|	55.1	597	247	7	2	588	684	1269	2.95e-193	589
DSO57v2|DSO57v2_009969-T1	CAB95998.1|GT20|2.4.1.15	62.7	469	173	1	7	473	14	482	1.15e-222	626
DSO57v2|DSO57v2_010008-T1	ADK37849.1|CBM18|CE4|	66.6	290	94	1	1	287	1	290	9.24e-144	412
DSO57v2|DSO57v2_010009-T1	ADK37849.1|CBM18|CE4|	57.2	290	105	2	1	271	1	290	1.18e-116	341
DSO57v2|DSO57v2_010011-T1	ADK37849.1|CBM18|CE4|	67.6	278	90	0	13	290	13	290	5.16e-140	402
DSO57v2|DSO57v2_010012-T1	ADK37849.1|CBM18|CE4|	55.2	290	111	2	1	271	1	290	9.03e-114	334
DSO57v2|DSO57v2_010013-T1	ADK37849.1|CBM18|CE4|	59.7	290	115	2	1	288	1	290	8.81e-126	366
DSO57v2|DSO57v2_010014-T1	ADK37849.1|CBM18|CE4|	69.3	290	89	0	1	290	1	290	5.55e-150	428
DSO57v2|DSO57v2_010070-T1	EGX49587.1|GT2|	49.9	979	366	14	63	933	194	1156	1.64e-306	889
DSO57v2|DSO57v2_010096-T1	QGG55714.1|GH0|	28.7	1059	641	31	42	1040	30	1034	6.49e-104	355
DSO57v2|DSO57v2_010106-T1	ABE82127.1|GH20|	38.9	565	293	11	19	548	21	568	2.63e-133	404
DSO57v2|DSO57v2_010195-T1	CDS07813.1|GH37|	41.9	613	299	16	1	596	1	573	3.51e-152	455
DSO57v2|DSO57v2_010253-T1	AWP04987.1|GT13|	48.7	894	443	10	73	957	80	966	4.69e-300	879
DSO57v2|DSO57v2_010326-T1	CDS06367.1|GH38|	47.5	1084	512	12	23	1059	24	1097	0.0	1048
DSO57v2|DSO57v2_010326-T2	CDS06367.1|GH38|	47.4	938	436	12	1	891	170	1097	2.89e-312	894
DSO57v2|DSO57v2_010366-T1	AXG41146.1|GH6|	38.4	714	411	8	144	850	162	853	8.46e-152	474
DSO57v2|DSO57v2_010551-T1	AWP12516.1|GT29|	40.3	630	344	15	69	689	472	1078	3.42e-132	432
DSO57v2|DSO57v2_010551-T2	AWP12516.1|GT29|	40.5	607	329	15	69	666	472	1055	5.89e-127	417
DSO57v2|DSO57v2_010612-T1	CDS12806.1|GH31|	44.5	821	425	10	27	819	34	851	4.92e-250	726
DSO57v2|DSO57v2_010616-T1	CDS12806.1|GH31|	44.7	590	299	6	27	589	34	623	5.31e-181	538
DSO57v2|DSO57v2_010617-T1	CDS12806.1|GH31|	45.9	774	392	8	1	750	69	839	7.84e-250	723
DSO57v2|DSO57v2_010619-T1	CDS11938.1|GT1|	38.5	928	470	19	2	860	83	978	6.50e-209	624
DSO57v2|DSO57v2_010674-T1	CDS09169.1|GH35|	43.3	425	223	5	39	453	34	450	1.43e-122	387
DSO57v2|DSO57v2_010712-T2	AOW03560.1|GT22|	41.0	512	274	10	72	575	17	508	1.76e-111	347
DSO57v2|DSO57v2_010751-T1	CDS12794.1|GT39|	50.8	706	325	4	70	775	68	751	2.78e-248	713
DSO57v2|DSO57v2_010751-T2	CDS12794.1|GT39|	53.2	491	209	3	70	560	68	537	2.88e-170	506
DSO57v2|DSO57v2_010773-T1	QGI79035.1|GH43_30|	71.3	411	117	1	4	413	459	869	6.01e-200	604
DSO57v2|DSO57v2_010817-T1	CDS11918.1|CBM43|GH72|	47.0	443	218	7	1	428	24	464	2.04e-146	431
DSO57v2|DSO57v2_010818-T1	CDS11918.1|CBM43|GH72|	48.2	438	207	7	2	423	30	463	1.10e-141	421
DSO57v2|DSO57v2_011037-T1	QBQ55251.1|CBM50|	37.7	844	457	14	13	848	11	793	5.20e-140	451
DSO57v2|DSO57v2_011197-T1	CDS13004.1|GT20|	49.4	399	187	3	5	389	81	478	3.50e-130	397
DSO57v2|DSO57v2_011198-T1	CDS13004.1|GT20|	61.1	247	93	2	2	248	536	779	1.79e-103	321
DSO57v2|DSO57v2_011377-T1	AGB49579.1|GH13_5|	48.9	483	239	5	4	486	3	477	6.30e-174	502
DSO57v2|DSO57v2_011606-T1	CDS12794.1|GT39|	52.5	594	260	4	70	663	68	639	5.02e-211	614
DSO57v2|DSO57v2_011606-T2	CDS12794.1|GT39|	50.8	706	325	4	70	775	68	751	4.89e-249	715
DSO57v2|DSO57v2_011825-T1	CCE88726.1|CBM43|GH72|	47.2	460	228	10	38	494	24	471	4.88e-135	407
DSO57v2|DSO57v2_011913-T1	CAN97272.1|GH81|	35.0	651	398	9	26	660	76	717	4.76e-136	420
DSO57v2|DSO57v2_011914-T1	CAN97272.1|GH81|	35.8	651	393	9	17	651	76	717	1.09e-141	434
DSO57v2|DSO57v2_012359-T1	CAN97272.1|GH81|	37.3	652	384	9	17	652	76	718	4.05e-141	432
DSO57v2|DSO57v2_012568-T1	QKX53450.1|GH81|	53.0	383	148	3	35	388	967	1346	1.29e-112	362
DSO57v2|DSO57v2_012775-T1	QEO24085.1|GH47|	52.4	338	152	4	1	333	871	1204	1.38e-107	344
DSO57v2|DSO57v2_012775-T2	QEO24085.1|GH47|	55.9	329	141	2	7	331	837	1165	3.03e-116	368
DSO57v2|DSO57v2_012775-T4	QEO24085.1|GH47|	52.0	383	165	4	7	385	837	1204	3.53e-120	380
DSO57v2|DSO57v2_012784-T1	CED83340.1|GT31|	35.2	929	470	21	341	1145	991	1911	1.16e-138	469
DSO57v2|DSO57v2_012784-T2	CED83340.1|GT31|	34.4	812	415	16	341	1040	991	1796	5.35e-113	391
DSO57v2|DSO57v2_012834-T1	QKX60254.1|GH76|	48.9	753	361	8	195	933	25	767	4.81e-228	684
DSO57v2|DSO57v2_012834-T2	QKX60254.1|GH76|	48.9	753	361	8	195	933	25	767	9.66e-228	684
DSO57v2|DSO57v2_012893-T1	SMR56934.1|GT22|	52.1	438	198	3	10	436	700	1136	2.53e-149	461
DSO57v2|DSO57v2_012969-T2	AOW03560.1|GT22|	40.8	512	275	10	72	575	17	508	6.96e-111	345
DSO57v2|DSO57v2_013101-T1	QDS71450.1|GH47|	60.3	287	107	1	2	288	1079	1358	2.13e-113	362
DSO57v2|DSO57v2_013546-T1	ADK37849.1|CBM18|CE4|	58.3	288	118	2	5	291	4	290	1.48e-120	353
DSO57v2|DSO57v2_013868-T1	AIE96983.1|GT7|	32.2	876	494	17	1	796	341	1196	2.90e-120	404
DSO57v2|DSO57v2_013903-T1	QKD62991.1|GH12|	35.9	627	392	5	199	824	1044	1661	2.38e-110	377
DSO57v2|DSO57v2_013939-T1	APU66165.1|GH18|	66.3	282	92	3	22	302	1	280	1.26e-139	406
DSO57v2|DSO57v2_013968-T1	ADK37845.1|GH18|	72.1	301	82	2	97	395	1	301	1.17e-158	452
DSO57v2|DSO57v2_013970-T1	ADK37845.1|GH18|	73.4	301	78	2	97	395	1	301	2.76e-163	464
DSO57v2|DSO57v2_014142-T1	VBB76690.1|AA3|	39.7	622	303	16	17	574	27	640	4.41e-133	407
DSO57v2|DSO57v2_014428-T1	CDS13578.1|GH5_12|	45.9	697	335	13	217	882	9	694	1.35e-201	599
DSO57v2|DSO57v2_014428-T2	CDS13578.1|GH5_12|	45.9	697	335	13	108	773	9	694	4.49e-203	599
DSO57v2|DSO57v2_014454-T1	AWP09643.1|CBM13|GT27|	50.5	388	188	2	14	397	574	961	3.02e-131	409
DSO57v2|DSO57v2_014488-T1	CDS03696.1|GH37|	38.0	621	337	13	4	612	20	604	2.38e-138	421
DSO57v2|DSO57v2_014513-T1	ADV22545.1|GH5_9|	42.5	393	201	9	14	393	35	415	1.37e-112	340
DSO57v2|DSO57v2_014948-T1	VBB76690.1|AA3|	38.1	622	313	15	22	579	27	640	1.28e-130	400
DSO57v2|DSO57v2_014950-T1	VBB76690.1|AA3|	40.2	620	301	16	5	560	27	640	5.57e-133	406
DSO57v2|DSO57v2_014951-T1	VBB76690.1|AA3|	39.4	627	315	16	4	567	16	640	3.10e-131	402
DSO57v2|DSO57v2_014952-T1	VBB76690.1|AA3|	39.8	606	293	16	16	557	27	624	8.75e-126	388
DSO57v2|DSO57v2_014953-T1	VBB76690.1|AA3|	41.5	620	294	15	16	572	27	640	4.23e-139	422
DSO57v2|DSO57v2_014997-T1	CDS03190.1|GH0|	47.2	1104	451	17	12	992	141	1235	3.40e-303	889
DSO57v2|DSO57v2_015034-T1	CDS07286.1|GT50|	47.5	469	215	8	9	450	7	471	3.36e-130	389
DSO57v2|DSO57v2_015034-T2	CDS07286.1|GT50|	47.8	414	186	7	9	396	7	416	1.90e-113	345
DSO57v2|DSO57v2_015082-T1	EGX46445.1|GT35|	62.4	712	265	3	14	724	161	870	0.0	907
DSO57v2|DSO57v2_015086-T1	CDS03648.1|GT2|	28.7	1590	951	38	32	1493	34	1568	1.14e-174	580
DSO57v2|DSO57v2_015097-T1	CDS07813.1|GH37|	42.2	587	298	13	15	597	25	574	6.87e-153	457
DSO57v2|DSO57v2_015594-T1	ADK37848.1|AA11|	82.7	173	29	1	1	173	20	191	1.83e-106	311
DSO57v2|DSO57v2_015596-T1	ADK37848.1|AA11|	81.1	180	33	1	14	193	13	191	1.75e-109	319
DSO57v2|DSO57v2_015597-T1	ADK37848.1|AA11|	77.8	189	41	1	3	191	4	191	1.01e-108	316
DSO57v2|DSO57v2_015910-T1	AWK40335.1|GH6|	37.2	710	411	8	54	741	168	864	5.70e-140	438
DSO57v2|DSO57v2_015910-T2	AWK40335.1|GH6|	39.9	597	334	4	54	636	168	753	7.86e-135	421
DSO57v2|DSO57v2_016379-T1	VBB76690.1|AA3|	39.1	627	300	13	19	575	27	641	3.96e-134	409
DSO57v2|DSO57v2_016437-T1	CDS09089.1|GT41|	50.8	1229	463	20	300	1417	290	1487	0.0	1049
DSO57v2|DSO57v2_016604-T1	CAC9909034.1|GT8|	68.2	393	124	1	9	401	331	722	5.70e-184	533
DSO57v2|DSO57v2_016833-T1	EIE79467.1|GH5_12|3.2.1.45	36.9	623	345	12	13	600	19	628	9.01e-121	379
DSO57v2|DSO57v2_017155-T1	CDS09169.1|GH35|	33.1	834	462	24	5	821	232	986	1.27e-127	414
DSO57v2|DSO57v2_017293-T1	QKX55086.1|GH55|	48.3	598	270	7	131	691	787	1382	3.64e-185	569
DSO57v2|DSO57v2_017422-T1	APU66165.1|GH18|	53.4	281	128	2	24	302	1	280	3.83e-106	318
DSO57v2|DSO57v2_017428-T1	APU66165.1|GH18|	66.3	282	92	3	22	302	1	280	6.01e-140	406
DSO57v2|DSO57v2_017800-T1	CDS03631.1|GT57|	50.6	480	214	7	4	469	4	474	2.26e-147	434
DSO57v2|DSO57v2_017816-T1	QKD53806.1|AA3|	36.9	658	308	12	12	602	32	649	3.30e-127	394
DSO57v2|DSO57v2_018049-T1	EAA65303.1|GT0|	47.6	871	423	7	40	899	731	1579	2.17e-267	795
DSO57v2|DSO57v2_018059-T1	CAC9909034.1|GT8|	68.2	393	124	1	9	401	331	722	5.70e-184	533
DSO57v2|DSO57v2_018202-T1	QDS71450.1|GH47|	54.1	329	149	2	3	331	1037	1363	2.57e-119	380
DSO57v2|DSO57v2_018622-T1	AAH68840.1|GT2|	75.8	236	57	0	3	238	30	265	5.65e-128	367
DSO57v2|DSO57v2_018641-T1	CDS05797.1|GT24|	39.0	1219	652	25	34	1211	274	1441	1.37e-255	773
DSO57v2|DSO57v2_019076-T1	QKX60254.1|GH76|	48.9	753	361	8	195	933	25	767	3.41e-228	685
DSO57v2|DSO57v2_019178-T1	ADK37842.1|GH16_19|	86.5	303	37	1	4	306	5	303	2.21e-203	563
DSO57v2|DSO57v2_019228-T1	ADK37846.1|GH18|	74.5	294	73	1	26	319	1	292	3.25e-164	467
DSO57v2|DSO57v2_019229-T1	ADK37846.1|GH18|	71.1	294	83	1	28	321	1	292	1.03e-154	445
DSO57v2|DSO57v2_019230-T1	ADK37846.1|GH18|	75.5	294	70	1	29	322	1	292	1.25e-163	469
DSO57v2|DSO57v2_019475-T1	BAA34296.1|GT4|	51.9	430	195	8	1	421	6	432	9.90e-146	427
DSO57v2|DSO57v2_019673-T1	CDS05274.1|GT2|	55.1	910	367	11	6	885	79	976	0.0	950
DSO57v2|DSO57v2_019717-T1	QBQ55243.1|CBM50|	34.0	988	532	23	23	1000	27	904	7.80e-142	456
DSO57v2|DSO57v2_019750-T1	AMJ52391.1|GH47|	40.5	481	260	8	72	534	90	562	1.82e-111	347
DSO57v2|DSO57v2_019759-T1	QKX56076.1|GH51|	55.7	713	296	7	34	737	894	1595	9.39e-244	727
DSO57v2|DSO57v2_019823-T1	CDR44618.1|GT2|	62.7	373	136	2	15	385	249	620	5.62e-160	479
DSO57v2|DSO57v2_019903-T1	EGX49587.1|GT2|	55.1	996	390	15	120	1090	192	1155	0.0	1023
DSO57v2|DSO57v2_020008-T1	AWP04987.1|GT13|	40.3	1010	509	26	24	995	85	1038	7.04e-221	676
DSO57v2|DSO57v2_020008-T2	AWP04987.1|GT13|	40.7	951	482	23	3	922	139	1038	6.16e-210	645
DSO57v2|DSO57v2_020093-T1	CDS12806.1|GH31|	44.2	826	423	10	1	801	69	881	1.40e-255	737
DSO57v2|DSO57v2_020094-T1	CDS12806.1|GH31|	44.7	809	416	10	27	807	34	839	6.96e-250	725
DSO57v2|DSO57v2_020096-T1	CDS11938.1|GT1|	38.6	1000	510	24	3	931	12	978	6.84e-220	654
DSO57v2|DSO57v2_020142-T1	ADK37844.1|GH16_4|	49.9	335	153	5	33	366	1	321	5.09e-121	357
DSO57v2|DSO57v2_020262-T1	EGX49587.1|GT2|	55.1	996	390	15	120	1090	192	1155	0.0	1023
DSO57v2|DSO57v2_020406-T1	AXG41146.1|GH6|	38.5	714	410	9	144	850	162	853	2.04e-151	473
DSO57v2|DSO57v2_020451-T1	AAH68840.1|GT2|	75.4	236	58	0	3	238	30	265	1.14e-127	366
DSO57v2|DSO57v2_020451-T2	AAH68840.1|GT2|	74.4	203	52	0	3	205	30	232	1.41e-106	311
DSO57v2|DSO57v2_020470-T1	AWK40335.1|GH6|	36.2	751	441	9	16	741	127	864	4.06e-140	439
DSO57v2|DSO57v2_020554-T1	AWP12516.1|GT29|	44.8	460	237	10	1	453	629	1078	1.80e-115	377
DSO57v2|DSO57v2_020613-T1	ADK37844.1|GH16_4|	58.4	274	110	4	61	334	1	270	6.54e-118	349
DSO57v2|DSO57v2_020733-T1	AET38277.1|GT15|	57.5	327	135	2	43	367	77	401	2.64e-140	409
DSO57v2|DSO57v2_020839-T1	AIE96983.1|GT7|	31.9	1274	698	27	117	1308	7	1192	6.62e-187	607
DSO57v2|DSO57v2_020904-T1	ADK37849.1|CBM18|CE4|	61.2	291	111	2	1	290	1	290	2.83e-129	375
DSO57v2|DSO57v2_021306-T1	ADK37844.1|GH16_4|	56.2	345	129	6	61	405	1	323	6.77e-141	409
DSO57v2|DSO57v2_021366-T1	CDS03631.1|GT57|	47.2	407	192	7	1	393	77	474	1.29e-109	335
DSO57v2|DSO57v2_021366-T3	CDS03631.1|GT57|	50.9	462	204	7	30	477	22	474	2.53e-143	424
DSO57v2|DSO57v2_021552-T1	QGI86474.1|GH125|	57.9	285	118	1	1	285	204	486	1.94e-114	357
DSO57v2|DSO57v2_021555-T1	BBN14963.1|CBM20|	48.9	403	195	7	11	406	397	795	3.11e-123	380
DSO57v2|DSO57v2_021600-T1	ADK37849.1|CBM18|CE4|	61.6	276	105	1	16	291	16	290	3.75e-123	360
DSO57v2|DSO57v2_021601-T1	ADK37849.1|CBM18|CE4|	59.4	288	115	2	5	291	4	290	1.01e-120	353
DSO57v2|DSO57v2_021703-T1	AET38277.1|GT15|	58.5	318	128	2	53	368	86	401	1.93e-140	409
DSO57v2|DSO57v2_021881-T1	VUW72999.1|AA1|	52.5	625	244	8	161	745	20	631	5.73e-197	597
DSO57v2|DSO57v2_021912-T1	QBZ54211.1|GH47|	46.2	728	324	13	6	679	743	1456	2.50e-175	544
DSO57v2|DSO57v2_021948-T1	QGI67417.1|GH18|	55.3	432	184	5	2	424	380	811	7.84e-147	446
DSO57v2|DSO57v2_021948-T2	QGI67417.1|GH18|	56.3	407	170	4	1	399	405	811	1.65e-140	429
DSO57v2|DSO57v2_021959-T1	QLI66121.1|AA3|	37.2	627	324	15	17	581	29	647	3.02e-116	363
DSO57v2|DSO57v2_022006-T1	AAH21791.1|GT22|	38.0	589	323	12	49	626	54	611	3.80e-113	356
DSO57v2|DSO57v2_022006-T3	CAF32096.1|GT22|	40.3	494	272	9	59	547	71	546	5.81e-109	341
DSO57v2|DSO57v2_022068-T1	AWP12516.1|GT29|	39.5	633	348	11	53	680	473	1075	3.64e-127	419
DSO57v2|DSO57v2_022068-T2	AWP12516.1|GT29|	40.8	544	296	8	7	545	553	1075	1.37e-116	384
DSO57v2|DSO57v2_022068-T3	AWP12516.1|GT29|	39.2	613	338	11	53	660	473	1055	8.01e-121	400
DSO57v2|DSO57v2_022072-T1	BBN14963.1|CBM20|	48.9	403	195	7	11	406	397	795	3.11e-123	380
DSO57v2|DSO57v2_022076-T1	QGI86474.1|GH125|	45.8	472	204	7	67	499	28	486	2.59e-127	399
DSO57v2|DSO57v2_022114-T1	CCA77894.1|GH13_25|GH133|	46.1	1548	755	26	7	1491	69	1599	0.0	1303
DSO57v2|DSO57v2_022138-T1	VBB76690.1|AA3|	39.5	622	307	15	16	575	27	641	5.85e-131	401
DSO57v2|DSO57v2_022169-T1	EGX49587.1|GT2|	49.8	979	367	14	115	985	194	1156	5.35e-305	887
DSO57v2|DSO57v2_022217-T1	CDS08031.1|GT2|	44.8	1704	831	29	21	1641	11	1687	0.0	1396
DSO57v2|DSO57v2_022225-T1	CDS03322.1|GT2|	65.8	404	136	2	1	404	1120	1521	1.15e-188	572
DSO57v2|DSO57v2_022226-T1	CDS08031.1|GT2|	35.2	659	353	13	30	629	613	1256	2.20e-109	367
DSO57v2|DSO57v2_022227-T1	CDS08031.1|GT2|	41.2	534	295	9	25	554	13	531	3.74e-118	389
DSO57v2|DSO57v2_022246-T1	QKX60855.1|GT22|	69.0	306	92	1	33	338	567	869	1.60e-138	418
DSO57v2|DSO57v2_022251-T1	QKX60855.1|GT22|	69.0	306	92	1	33	338	567	869	1.60e-138	418
DSO57v2|DSO57v2_022479-T1	AWP12516.1|GT29|	39.7	617	350	9	33	639	472	1076	6.99e-138	446
DSO57v2|DSO57v2_022496-T1	CDP26593.1|AA3|	39.2	635	306	17	5	570	17	640	3.10e-129	397
DSO57v2|DSO57v2_022613-T1	CDP26593.1|AA3|	38.9	630	309	17	8	570	20	640	3.45e-128	394
DSO57v2|DSO57v2_022791-T1	CDS09677.1|GH3|	39.9	609	344	9	41	637	49	647	2.29e-146	448
DSO57v2|DSO57v2_022792-T1	APF18717.1|GH3|	40.2	763	419	12	8	759	12	748	1.14e-186	555
DSO57v2|DSO57v2_022924-T1	QCE13289.1|CE8|	54.0	413	163	5	6	395	409	817	4.69e-136	427
DSO57v2|DSO57v2_022982-T1	CED83340.1|GT31|	35.3	929	469	21	341	1145	991	1911	1.30e-139	472
DSO57v2|DSO57v2_023070-T1	CDS12794.1|GT39|	41.9	688	373	10	81	752	75	751	3.43e-171	515
DSO57v2|DSO57v2_023320-T1	SMQ54605.1|GT35|	62.0	753	280	4	5	753	129	879	0.0	946
DSO57v2|DSO57v2_023390-T1	QCE13289.1|CE8|	54.0	413	163	5	6	395	409	817	4.69e-136	427
DSO57v2|DSO57v2_023467-T1	CDS07286.1|GT50|	48.3	468	213	9	9	450	7	471	4.18e-131	392
DSO57v2|DSO57v2_023467-T2	CDS07286.1|GT50|	48.7	413	184	8	9	396	7	416	1.68e-114	347
DSO57v2|DSO57v2_023491-T1	AFK25797.1|GT2|	46.3	834	351	15	253	1032	90	880	9.31e-222	666
DSO57v2|DSO57v2_023504-T1	QGI79035.1|GH43_30|	71.3	411	117	1	4	413	459	869	4.29e-200	605
DSO57v2|DSO57v2_023543-T1	CDS13455.1|GH63|	42.8	846	400	18	20	842	20	804	2.27e-226	661
DSO57v2|DSO57v2_023628-T1	AWP12516.1|GT29|	38.5	633	354	11	53	680	473	1075	8.17e-125	412
DSO57v2|DSO57v2_023628-T2	AWP12516.1|GT29|	38.6	625	349	11	4	623	481	1075	4.72e-124	408
DSO57v2|DSO57v2_023725-T1	CDS12794.1|GT39|	41.6	688	375	10	81	752	75	751	1.20e-168	508
DSO57v2|DSO57v2_023842-T1	CDS05327.1|GT2|	65.5	362	121	2	1	361	1356	1714	2.34e-162	505
DSO57v2|DSO57v2_024021-T1	ADK37849.1|CBM18|CE4|	59.4	276	111	1	9	284	16	290	9.32e-120	351
DSO57v2|DSO57v2_024143-T1	QKD53806.1|AA3|	37.4	658	305	14	12	602	32	649	1.66e-127	394
DSO57v2|DSO57v2_024359-T1	CDR44618.1|GT2|	62.5	373	137	2	15	385	249	620	2.22e-159	478
DSO57v2|DSO57v2_024423-T1	ADK37844.1|GH16_4|	69.1	324	99	1	55	378	1	323	6.26e-175	494
DSO57v2|DSO57v2_024517-T1	CDS08031.1|GT2|	45.9	1703	807	27	21	1629	8	1689	0.0	1436
DSO57v2|DSO57v2_024797-T1	AFK25797.1|GT2|	46.3	834	351	15	253	1032	90	880	5.24e-223	666
DSO57v2|DSO57v2_025110-T1	ADK37844.1|GH16_4|	69.1	324	99	1	55	378	1	323	6.26e-175	494
DSO57v2|DSO57v2_025207-T1	QBQ55251.1|CBM50|	37.6	842	460	13	13	848	11	793	1.98e-139	450
DSO57v2|DSO57v2_025283-T1	VDD19117.1|GT95|	78.8	297	60	3	6	301	81	375	6.86e-156	457
DSO57v2|DSO57v2_025341-T1	CDS13311.1|GT39|	45.6	528	270	5	1	516	237	759	7.71e-150	452
DSO57v2|DSO57v2_025378-T1	CCA15473.1|GH72|	52.2	389	182	3	1	386	565	952	4.95e-129	398
DSO57v2|DSO57v2_025650-T1	ADV22545.1|GH5_9|	42.5	393	201	9	14	393	35	415	9.71e-113	341
DSO57v2|DSO57v2_025747-T1	ASY64256.1|CBM50|	36.8	514	297	10	15	507	58	564	8.90e-105	333
DSO57v2|DSO57v2_025837-T1	ADK37849.1|CBM18|CE4|	61.8	267	101	1	8	274	8	273	1.70e-117	345
DSO57v2|DSO57v2_025838-T1	ADK37849.1|CBM18|CE4|	60.9	284	110	1	8	291	8	290	6.30e-124	362
DSO57v2|DSO57v2_025839-T1	ADK37849.1|CBM18|CE4|	60.9	284	110	1	8	291	8	290	6.53e-124	362
DSO57v2|DSO57v2_025903-T1	CDS08390.1|GH31|	52.2	707	297	6	15	683	21	724	5.39e-273	779
DSO57v2|DSO57v2_026043-T1	ADK37846.1|GH18|	73.1	294	77	1	26	319	1	292	4.13e-160	456
DSO57v2|DSO57v2_026044-T1	ADK37846.1|GH18|	71.1	294	83	1	28	321	1	292	1.11e-154	445
DSO57v2|DSO57v2_026045-T1	ADK37846.1|GH18|	74.8	294	72	1	29	322	1	292	3.23e-161	462
DSO57v2|DSO57v2_026316-T1	QGI67417.1|GH18|	55.2	429	183	5	2	421	380	808	1.11e-144	441
DSO57v2|DSO57v2_026316-T2	QGI67417.1|GH18|	54.2	432	189	5	1	423	405	836	9.75e-139	424
DSO57v2|DSO57v2_026316-T3	QGI67417.1|GH18|	53.4	457	203	6	2	448	380	836	4.66e-145	442
DSO57v2|DSO57v2_026440-T2	AAH88570.1|GT57|	44.2	421	216	5	46	461	1	407	8.92e-109	336
DSO57v2|DSO57v2_026581-T1	CDS05746.1|GH5_9|	50.7	426	198	6	77	493	3	425	2.52e-162	471
DSO57v2|DSO57v2_026584-T1	CDS05746.1|GH5_9|	50.7	426	198	6	75	491	3	425	4.53e-159	462
DSO57v2|DSO57v2_026768-T1	ADK37847.1|GH18|	86.7	285	38	0	119	403	1	285	1.58e-182	513
DSO57v2|DSO57v2_027317-T1	ADK37844.1|GH16_4|	51.1	284	134	3	41	323	1	280	3.94e-108	324
DSO57v2|DSO57v2_027422-T1	QCD84628.1|CBM43|	30.6	1144	676	24	15	1126	79	1136	1.01e-149	485
DSO57v2|DSO57v2_027422-T2	QCD84628.1|CBM43|	33.0	843	503	15	89	902	327	1136	1.50e-131	431
DSO57v2|DSO57v2_027486-T1	CDS03190.1|GH0|	60.9	726	261	8	20	731	16	732	1.55e-291	840
DSO57v2|DSO57v2_027583-T1	CUI24525.1|GH19|	62.1	311	112	2	39	343	18	328	8.13e-121	384
DSO57v2|DSO57v2_027756-T1	CBA03971.1|GT30|	68.0	394	123	2	7	399	4	395	4.16e-183	541
DSO57v2|DSO57v2_027877-T1	ADK37849.1|CBM18|CE4|	62.2	291	109	1	1	291	1	290	2.54e-130	378
DSO57v2|DSO57v2_027899-T1	CDS03326.1|GH47|	52.4	466	210	8	61	514	134	599	1.84e-157	466
DSO57v2|DSO57v2_027947-T1	QKX55086.1|GH55|	48.0	598	272	7	222	782	787	1382	8.04e-183	566
DSO57v2|DSO57v2_028014-T1	VUW72999.1|AA1|	43.4	454	238	7	349	790	175	621	1.18e-103	351
DSO57v2|DSO57v2_028203-T1	CCA77894.1|GH13_25|GH133|	45.9	1548	758	26	7	1491	69	1599	0.0	1298
DSO57v2|DSO57v2_028203-T2	CCA77894.1|GH13_25|GH133|	48.0	1300	630	21	1	1270	316	1599	0.0	1167
DSO57v2|DSO57v2_028218-T1	QLI66121.1|AA3|	37.3	627	323	15	17	581	29	647	5.45e-117	365
DSO57v2|DSO57v2_028389-T1	QGI67417.1|GH18|	53.1	463	207	6	17	469	374	836	6.03e-146	445
DSO57v2|DSO57v2_028405-T1	CBQ70430.1|GT3|	66.4	693	218	5	8	685	7	699	0.0	941
DSO57v2|DSO57v2_028532-T1	AMJ52391.1|GH47|	40.7	481	259	8	72	534	90	562	5.11e-111	346
DSO57v2|DSO57v2_028686-T1	CDS09314.1|GT39|	49.3	684	340	3	43	721	107	788	4.73e-231	671
DSO57v2|DSO57v2_028857-T1	CDS08031.1|GT2|	37.5	1264	680	24	21	1191	8	1254	8.18e-262	798
DSO57v2|DSO57v2_028858-T1	CDS03322.1|GT2|	66.5	421	135	2	1	419	1120	1536	6.38e-198	598
DSO57v2|DSO57v2_028901-T1	AVI60826.1|GT22|	62.0	424	143	7	9	420	583	1000	2.06e-161	507
DSO57v2|DSO57v2_028943-T1	QKX53119.1|GH72|	45.9	518	257	7	21	517	7	522	3.18e-137	439
DSO57v2|DSO57v2_029005-T1	CDS03326.1|GH47|	52.0	367	163	5	3	361	239	600	3.35e-115	355
DSO57v2|DSO57v2_029187-T1	CDS03696.1|GH37|	38.5	624	330	14	4	612	20	604	2.68e-140	426
DSO57v2|DSO57v2_029202-T1	CDS02746.1|GT4|	60.1	281	110	1	4	284	146	424	3.00e-111	333
DSO57v2|DSO57v2_029285-T1	QKX56076.1|GH51|	55.7	713	296	7	34	737	894	1595	1.32e-243	727
DSO57v2|DSO57v2_029288-T2	AMJ52391.1|GH47|	40.7	481	259	8	88	550	90	562	5.95e-111	347
DSO57v2|DSO57v2_029466-T1	APF18717.1|GH3|	40.8	764	414	14	8	760	12	748	1.86e-185	552
DSO57v2|DSO57v2_029467-T1	APF18717.1|GH3|	41.0	765	410	13	8	759	12	748	1.00e-190	565
DSO57v2|DSO57v2_029808-T1	AXA52018.1|GT2|	34.4	1046	571	24	223	1180	205	1223	2.49e-147	491
DSO57v2|DSO57v2_029809-T1	CDS03322.1|GT2|	52.4	433	189	5	1	431	1204	1621	2.20e-141	446
DSO57v2|DSO57v2_029890-T1	AIE96983.1|GT7|	31.8	1145	640	25	34	1075	90	1196	2.20e-150	499
DSO57v2|DSO57v2_029891-T1	QDS71101.1|GT1|	35.8	651	389	13	43	672	1384	2026	8.72e-104	357
DSO57v2|DSO57v2_029915-T1	BAA01024.1|GT2|2.4.1.16	57.2	752	299	8	70	811	113	851	1.07e-292	832
DSO57v2|DSO57v2_030008-T1	CCA14548.1|GT2|	54.0	315	139	4	6	317	443	754	2.70e-113	349
DSO57v2|DSO57v2_030099-T1	ADK37844.1|GH16_4|	49.5	333	156	4	39	371	1	321	3.06e-121	358
DSO57v2|DSO57v2_030102-T1	ADK37844.1|GH16_4|	51.1	333	151	4	67	399	1	321	3.46e-125	369
DSO57v2|DSO57v2_030272-T1	CDS03806.1|GT48|	54.4	1568	685	12	29	1579	341	1895	0.0	1709
DSO57v2|DSO57v2_030422-T1	CDS11918.1|CBM43|GH72|	45.9	449	226	8	4	437	9	455	2.13e-134	403
DSO57v2|DSO57v2_030424-T1	CDS11918.1|CBM43|GH72|	47.0	443	218	7	1	428	24	464	3.59e-147	432
DSO57v2|DSO57v2_030425-T1	CDS11918.1|CBM43|GH72|	47.6	437	211	6	2	423	30	463	3.10e-141	420
DSO57v2|DSO57v2_030702-T1	CAN65674.1|GH28|	37.5	560	314	10	121	671	97	629	7.95e-109	363
DSO57v2|DSO57v2_031052-T1	CUI24525.1|GH19|	62.1	311	112	2	39	343	18	328	8.13e-121	384
DSO57v2|DSO57v2_031073-T1	BAA34296.1|GT4|	51.9	430	195	8	1	421	6	432	3.48e-146	429
DSO57v2|DSO57v2_031175-T1	VDD59467.1|GH20|	40.4	549	288	11	16	536	36	573	7.10e-137	413
DSO57v2|DSO57v2_031177-T1	SPT17241.1|GH20|	38.4	555	308	11	17	542	31	580	1.24e-133	405
DSO57v2|DSO57v2_031179-T1	SPT17241.1|GH20|	38.7	555	305	12	17	541	31	580	8.46e-134	405
DSO57v2|DSO57v2_031264-T1	EAA65303.1|GT0|	47.6	871	423	7	40	899	731	1579	4.32e-267	794
DSO57v2|DSO57v2_031579-T1	CDS13455.1|GH63|	47.9	555	235	11	1	545	294	804	1.95e-172	512
DSO57v2|DSO57v2_031583-T1	CDS03806.1|GT48|	50.0	1813	791	18	105	1901	177	1890	0.0	1678
DSO57v2|DSO57v2_031584-T1	QDS71101.1|GT1|	35.8	651	389	13	43	672	1384	2026	8.72e-104	357
DSO57v2|DSO57v2_031658-T1	QGG55714.1|GH0|	28.9	1059	639	32	42	1040	30	1034	1.78e-104	356
DSO57v2|DSO57v2_031707-T1	BAA01024.1|GT2|2.4.1.16	57.2	752	299	8	70	811	113	851	1.07e-292	832
DSO57v2|DSO57v2_031804-T1	ATZ47423.1|AA3|	37.0	635	323	15	20	584	43	670	3.66e-117	367
DSO57v2|DSO57v2_031816-T1	VDC69778.1|CE8|	44.3	619	329	9	146	758	657	1265	1.20e-161	505
DSO57v2|DSO57v2_032200-T1	CDI55329.1|CBM48|GH13_8|	65.7	683	224	3	27	707	24	698	0.0	968
DSO57v2|DSO57v2_032416-T1	CDS12794.1|GT39|	47.0	706	354	6	68	763	55	750	7.69e-214	625
DSO57v2|DSO57v2_032416-T2	CDS12794.1|GT39|	46.2	638	323	6	1	628	123	750	6.38e-184	543
DSO57v2|DSO57v2_032416-T3	CDS12794.1|GT39|	48.5	592	287	5	68	649	55	638	6.31e-180	534
DSO57v2|DSO57v2_032503-T1	CDS12794.1|GT39|	46.0	515	261	4	1	506	155	661	2.86e-140	430
DSO57v2|DSO57v2_032514-T1	QBQ55251.1|CBM50|	37.2	890	511	14	10	865	19	894	9.03e-156	490
DSO57v2|DSO57v2_032514-T2	QBQ55251.1|CBM50|	38.5	706	387	13	8	679	202	894	9.03e-124	399
DSO57v2|DSO57v2_032693-T1	ADK37853.1|GT2|	86.6	305	36	2	96	395	1	305	1.78e-174	493
DSO57v2|DSO57v2_032694-T1	CDS05274.1|GT2|	41.7	554	281	11	9	532	82	623	1.24e-126	403
DSO57v2|DSO57v2_032811-T1	QKX53119.1|GH72|	46.1	519	257	7	24	521	7	523	1.70e-140	442
DSO57v2|DSO57v2_032828-T1	AXG41146.1|GH6|	38.7	714	409	9	60	766	162	853	3.38e-153	475
DSO57v2|DSO57v2_032998-T1	ADK37847.1|GH18|	86.7	285	38	0	119	403	1	285	1.58e-182	513
DSO57v2|DSO57v2_033056-T1	VBB76690.1|AA3|	41.6	630	297	17	4	567	16	640	1.49e-137	419
DSO57v2|DSO57v2_033063-T1	AWP12516.1|GT29|	39.5	633	348	11	53	680	473	1075	4.66e-126	416
DSO57v2|DSO57v2_033063-T3	AWP12516.1|GT29|	39.1	578	317	11	53	625	473	1020	1.46e-111	373
DSO57v2|DSO57v2_033339-T1	CDS05327.1|GT2|	43.5	1738	867	31	26	1679	29	1735	0.0	1335
DSO57v2|DSO57v2_033704-T1	AWP12516.1|GT29|	41.3	562	311	7	9	566	532	1078	2.05e-130	423
DSO57v2|DSO57v2_034147-T1	QKX53632.1|AA2|	62.3	281	97	4	21	293	67	346	6.17e-122	358
DSO57v2|DSO57v2_034216-T1	CDS08031.1|GT2|	43.8	1424	703	25	7	1352	108	1511	0.0	1112
DSO57v2|DSO57v2_034227-T1	CAN97272.1|GH81|	37.3	652	384	9	17	652	76	718	1.60e-140	431
DSO57v2|DSO57v2_034332-T1	CDS04078.1|GH15|	50.5	659	279	9	8	637	25	665	2.29e-230	659
DSO57v2|DSO57v2_034585-T1	ADK37849.1|CBM18|CE4|	55.3	282	125	1	10	291	10	290	2.48e-109	325
DSO57v2|DSO57v2_034586-T1	ADK37849.1|CBM18|CE4|	60.9	284	110	1	8	291	8	290	6.53e-124	362
DSO57v2|DSO57v2_034587-T1	ADK37849.1|CBM18|CE4|	60.9	284	110	1	8	291	8	290	6.30e-124	362
DSO57v2|DSO57v2_034653-T1	QGI67417.1|GH18|	55.3	432	184	5	2	424	380	811	7.05e-147	446
DSO57v2|DSO57v2_034653-T2	QGI67417.1|GH18|	56.3	407	170	4	1	399	405	811	1.48e-140	429
DSO57v2|DSO57v2_034653-T3	QGI67417.1|GH18|	56.6	364	150	4	3	358	448	811	3.89e-125	387
DSO57v2|DSO57v2_034796-T1	ADK37844.1|GH16_4|	52.0	333	148	4	67	399	1	321	4.27e-126	371
DSO57v2|DSO57v2_034913-T1	ADK37849.1|CBM18|CE4|	62.3	276	103	1	16	291	16	290	2.29e-124	363
DSO57v2|DSO57v2_034914-T1	ADK37849.1|CBM18|CE4|	61.2	276	106	1	16	291	16	290	3.05e-122	357
DSO57v2|DSO57v2_035181-T1	CDS13578.1|GH5_12|	45.8	697	336	13	217	882	9	694	5.38e-201	598
DSO57v2|DSO57v2_035498-T1	AVI60826.1|GT22|	62.0	424	143	7	9	420	583	1000	2.06e-161	507
DSO57v2|DSO57v2_035528-T1	ADK37848.1|AA11|	84.9	192	28	1	1	192	1	191	4.28e-120	346
DSO57v2|DSO57v2_035538-T1	QKD62991.1|GH12|	35.9	627	392	5	199	824	1044	1661	2.38e-110	377
DSO57v2|DSO57v2_035793-T1	CBA03971.1|GT30|	68.0	394	123	2	7	399	4	395	4.16e-183	541
DSO57v2|DSO57v2_035831-T1	AWP09643.1|CBM13|GT27|	52.3	342	159	2	18	355	620	961	1.20e-118	375
DSO57v2|DSO57v2_035838-T1	ADK37849.1|CBM18|CE4|	60.9	284	110	1	8	291	8	290	6.53e-124	362
DSO57v2|DSO57v2_035916-T1	CDS03648.1|GT2|	27.9	1492	893	37	3	1368	134	1568	1.23e-150	510
DSO57v2|DSO57v2_035929-T1	ATZ47423.1|AA3|	37.0	635	323	15	20	584	43	670	2.60e-117	367
DSO57v2|DSO57v2_036011-T1	AOW02859.1|GH16_2|	45.4	487	244	9	14	485	178	657	1.09e-134	408
DSO57v2|DSO57v2_036289-T1	CAN97272.1|GH81|	38.1	662	382	12	53	698	68	717	5.87e-145	444
DSO57v2|DSO57v2_036322-T1	ADK37842.1|GH16_19|	86.1	303	38	1	4	306	5	303	8.99e-203	561
DSO57v2|DSO57v2_036366-T1	EGX47988.1|GH16_2|	50.2	426	196	9	73	485	278	700	1.46e-136	414
DSO57v2|DSO57v2_036366-T2	BAE59904.1|GH16_2|	50.5	364	167	6	1	353	296	657	1.09e-120	367
DSO57v2|DSO57v2_036371-T1	AGP40408.1|GH81|	38.7	667	371	13	53	698	52	701	1.03e-144	443
DSO57v2|DSO57v2_036373-T1	VDD19117.1|GT95|	79.2	298	59	3	6	302	81	376	2.76e-157	459
DSO57v2|DSO57v2_036394-T1	ADK37849.1|CBM18|CE4|	60.8	291	112	2	1	290	1	290	2.67e-127	370
DSO57v2|DSO57v2_036705-T1	QDS71450.1|GH47|	59.9	287	108	1	2	288	1079	1358	2.94e-112	360
DSO57v2|DSO57v2_036903-T1	AWO98658.1|GH37|	69.3	401	122	1	24	423	70	470	4.92e-195	578
DSO57v2|DSO57v2_037120-T1	CDS03806.1|GT48|	50.0	1813	791	18	105	1901	177	1890	0.0	1678
DSO57v2|DSO57v2_037372-T1	EAA31326.1|GH71|	46.1	588	298	6	130	706	643	1222	7.43e-163	506
DSO57v2|DSO57v2_037579-T1	ADK37844.1|GH16_4|	51.1	333	151	4	67	399	1	321	3.46e-125	369
DSO57v2|DSO57v2_037707-T1	CDS09314.1|GT39|	49.3	460	226	3	3	457	331	788	9.75e-149	449
DSO57v2|DSO57v2_037780-T1	AWP12516.1|GT29|	44.4	466	249	5	51	513	620	1078	8.18e-120	391
DSO57v2|DSO57v2_037797-T1	AIT18233.1|GT4|	48.8	408	202	4	2	409	79	479	3.60e-126	377
DSO57v2|DSO57v2_037797-T2	AIT18233.1|GT4|	47.5	482	234	6	18	498	16	479	9.63e-145	428
DSO57v2|DSO57v2_037797-T3	AIT18233.1|GT4|	51.2	414	199	3	18	430	16	427	5.54e-146	429
DSO57v2|DSO57v2_037957-T1	AXG41146.1|GH6|	36.4	684	384	10	139	774	168	848	7.99e-119	384
DSO57v2|DSO57v2_038017-T1	QHG77622.1|CBM50|	76.8	224	51	1	36	258	56	279	8.67e-122	357
DSO57v2|DSO57v2_038017-T2	QHG77622.1|CBM50|	76.8	224	51	1	36	258	56	279	8.67e-122	357
DSO57v2|DSO57v2_038180-T1	QKD55908.1|GH18|	32.1	1145	584	29	34	1014	1073	2187	5.69e-149	496
DSO57v2|DSO57v2_038180-T2	QKD55908.1|GH18|	32.9	999	487	26	6	849	1217	2187	7.88e-137	455
DSO57v2|DSO57v2_038182-T1	CAN97272.1|GH81|	37.0	603	356	10	3	590	125	718	1.79e-130	403
DSO57v2|DSO57v2_038233-T1	ADK37849.1|CBM18|CE4|	55.7	282	124	1	10	291	10	290	1.52e-110	328
DSO57v2|DSO57v2_038250-T1	CDS13004.1|GT20|	52.5	764	351	7	10	767	22	779	4.65e-291	822
DSO57v2|DSO57v2_038291-T1	CDS11918.1|CBM43|GH72|	46.3	428	213	8	2	414	30	455	2.36e-130	392
DSO57v2|DSO57v2_038347-T1	ACT75572.1|GT2|	68.0	350	102	3	74	415	141	488	8.64e-161	481
DSO57v2|DSO57v2_038473-T1	ADK37848.1|AA11|	86.5	185	24	1	9	192	7	191	8.62e-120	345
DSO57v2|DSO57v2_038750-T1	CDS05274.1|GT2|	59.7	745	268	9	53	771	231	969	1.01e-300	866
DSO57v2|DSO57v2_038768-T1	CAP64662.1|GH5_12|	37.1	707	376	16	12	664	15	706	6.49e-145	446
DSO57v2|DSO57v2_038768-T2	CAP64662.1|GH5_12|	37.1	707	376	16	12	664	15	706	7.81e-145	446
DSO57v2|DSO57v2_038773-T1	ABL63820.1|GT48|	55.2	1464	577	15	215	1637	192	1617	0.0	1550
DSO57v2|DSO57v2_038804-T1	AWP04987.1|GT13|	40.3	1010	509	26	24	995	85	1038	5.41e-220	674
DSO57v2|DSO57v2_038995-T1	ADK37849.1|CBM18|CE4|	55.7	282	124	1	10	291	10	290	1.52e-110	328
DSO57v2|DSO57v2_039213-T1	QKX53460.1|AA4|	53.8	418	184	6	34	446	624	1037	2.40e-146	447
DSO57v2|DSO57v2_039421-T1	AAX19735.1|GH37|	66.5	594	187	3	1	594	116	697	1.19e-304	855
