HMM Profile	Profile Length	Gene ID	Gene Length	E Value	Profile Start	Profile End	Gene Start	Gene End	Coverage
GH16_3.hmm	230	DSO57v2|DSO57v2_000014-T1	295	1.6e-57	2	230	29	294	0.991304347826087
GH37.hmm	491	DSO57v2|DSO57v2_000087-T1	604	2.1e-150	3	490	43	586	0.9918533604887984
GH37.hmm	491	DSO57v2|DSO57v2_000088-T1	604	2.1e-150	3	490	43	586	0.9918533604887984
GH17.hmm	311	DSO57v2|DSO57v2_000332-T1	232	1.2e-26	88	304	49	220	0.6945337620578779
GT2_Chitin_synth_2.hmm	527	DSO57v2|DSO57v2_000374-T1	529	8.4e-191	112	526	1	401	0.7855787476280834
GH47.hmm	446	DSO57v2|DSO57v2_000409-T1	458	2.6e-126	2	446	30	456	0.9955156950672646
AA11.hmm	191	DSO57v2|DSO57v2_000421-T1	201	2.1e-41	11	163	35	174	0.7958115183246073
AA11.hmm	191	DSO57v2|DSO57v2_000422-T1	285	1.4e-45	1	163	20	176	0.8481675392670157
AA11.hmm	191	DSO57v2|DSO57v2_000423-T1	285	1.4e-45	1	163	20	176	0.8481675392670157
AA11.hmm	191	DSO57v2|DSO57v2_000424-T1	293	5.3e-41	12	167	41	178	0.8115183246073299
AA11.hmm	191	DSO57v2|DSO57v2_000425-T1	292	1.1e-43	11	163	38	177	0.7958115183246073
AA11.hmm	191	DSO57v2|DSO57v2_000427-T1	292	4.5e-44	11	163	38	177	0.7958115183246073
GH47.hmm	446	DSO57v2|DSO57v2_000599-T1	472	1.2e-141	1	446	39	470	0.9977578475336323
GT15.hmm	273	DSO57v2|DSO57v2_000606-T1	257	1.4e-76	1	207	51	257	0.7545787545787546
GH17.hmm	311	DSO57v2|DSO57v2_000678-T1	290	2.3e-24	2	304	21	282	0.9710610932475884
GH16_19.hmm	174	DSO57v2|DSO57v2_000688-T1	264	6.1e-49	4	173	73	235	0.9712643678160919
GH16_19.hmm	174	DSO57v2|DSO57v2_000689-T1	294	3.9e-53	4	174	97	260	0.9770114942528736
GH16_19.hmm	174	DSO57v2|DSO57v2_000690-T1	289	7.5e-53	3	174	97	261	0.9827586206896551
GH16_19.hmm	174	DSO57v2|DSO57v2_000703-T1	289	9.4e-53	3	174	97	261	0.9827586206896551
GH16_19.hmm	174	DSO57v2|DSO57v2_000704-T1	294	4.7e-53	4	174	97	260	0.9770114942528736
GH16_19.hmm	174	DSO57v2|DSO57v2_000705-T1	264	1.3e-48	4	173	73	235	0.9712643678160919
GH20.hmm	337	DSO57v2|DSO57v2_000713-T1	535	5.8e-60	3	336	145	461	0.9881305637982196
GH20.hmm	337	DSO57v2|DSO57v2_000714-T1	713	4.9e-61	4	336	146	462	0.9851632047477745
GH37.hmm	491	DSO57v2|DSO57v2_000904-T1	606	1.6e-146	3	490	43	588	0.9918533604887984
GT48.hmm	739	DSO57v2|DSO57v2_001018-T1	1635	1.6e-286	1	727	758	1530	0.9824086603518268
GT1.hmm	382	DSO57v2|DSO57v2_001029-T1	397	7.1e-29	169	353	103	332	0.4816753926701571
AA11.hmm	191	DSO57v2|DSO57v2_001195-T1	223	1.8e-42	1	163	14	170	0.8481675392670157
GH16_19.hmm	174	DSO57v2|DSO57v2_001283-T1	289	7.6e-54	3	174	100	263	0.9827586206896551
GH16_19.hmm	174	DSO57v2|DSO57v2_001284-T1	291	1.2e-54	5	174	103	264	0.9712643678160919
GH16_19.hmm	174	DSO57v2|DSO57v2_001285-T1	290	1.4e-55	3	174	102	265	0.9827586206896551
GT69.hmm	239	DSO57v2|DSO57v2_001407-T1	421	1.3e-58	1	237	86	346	0.9874476987447699
GT69.hmm	239	DSO57v2|DSO57v2_001408-T1	417	5.9e-57	1	237	92	352	0.9874476987447699
GH31.hmm	427	DSO57v2|DSO57v2_001650-T1	918	2.5e-158	2	427	321	764	0.9953161592505855
GH47.hmm	446	DSO57v2|DSO57v2_001792-T1	473	3.3e-129	1	439	36	465	0.9820627802690582
GH47.hmm	446	DSO57v2|DSO57v2_001792-T2	697	1.7e-132	1	445	36	471	0.9955156950672646
GH47.hmm	446	DSO57v2|DSO57v2_001792-T3	607	1.6e-115	44	445	1	381	0.899103139013453
GH47.hmm	446	DSO57v2|DSO57v2_001792-T4	684	8.5e-131	1	445	12	458	0.9955156950672646
GT66.hmm	693	DSO57v2|DSO57v2_001797-T1	725	1.2e-180	9	600	13	650	0.8528138528138528
GT3.hmm	637	DSO57v2|DSO57v2_001858-T1	680	3.1e-271	1	629	18	622	0.9858712715855573
GT76.hmm	407	DSO57v2|DSO57v2_001906-T1	390	1.1e-109	45	407	11	390	0.8894348894348895
GH20.hmm	337	DSO57v2|DSO57v2_001918-T1	797	3.8e-33	10	316	159	464	0.9080118694362018
GH20.hmm	337	DSO57v2|DSO57v2_001918-T2	658	2.4e-33	10	316	20	325	0.9080118694362018
AA1.hmm	943	DSO57v2|DSO57v2_002158-T1	542	5.5e-63	450	794	34	386	0.3647932131495228
AA11.hmm	191	DSO57v2|DSO57v2_002249-T1	227	7.7e-45	1	163	15	172	0.8481675392670157
AA11.hmm	191	DSO57v2|DSO57v2_002250-T1	275	3.1e-43	1	163	15	172	0.8481675392670157
AA11.hmm	191	DSO57v2|DSO57v2_002311-T1	392	2.9e-40	1	163	15	169	0.8481675392670157
AA11.hmm	191	DSO57v2|DSO57v2_002314-T1	392	2.9e-40	1	163	15	169	0.8481675392670157
AA11.hmm	191	DSO57v2|DSO57v2_002318-T1	430	9.2e-41	1	163	15	169	0.8481675392670157
AA11.hmm	191	DSO57v2|DSO57v2_002319-T1	352	9e-40	1	163	15	169	0.8481675392670157
AA11.hmm	191	DSO57v2|DSO57v2_002320-T1	390	1.8e-41	1	163	15	169	0.8481675392670157
AA11.hmm	191	DSO57v2|DSO57v2_002322-T1	352	3e-41	1	163	15	169	0.8481675392670157
AA11.hmm	191	DSO57v2|DSO57v2_002325-T1	125	1.2e-25	11	130	19	124	0.6230366492146597
AA11.hmm	191	DSO57v2|DSO57v2_002327-T1	405	1.8e-42	1	163	15	169	0.8481675392670157
AA11.hmm	191	DSO57v2|DSO57v2_002328-T1	405	1.2e-42	1	163	15	169	0.8481675392670157
AA11.hmm	191	DSO57v2|DSO57v2_002329-T1	405	1.7e-42	1	163	15	169	0.8481675392670157
AA11.hmm	191	DSO57v2|DSO57v2_002330-T1	405	1.6e-39	1	163	15	169	0.8481675392670157
AA11.hmm	191	DSO57v2|DSO57v2_002332-T1	381	1.7e-41	1	163	15	169	0.8481675392670157
GH18.hmm	296	DSO57v2|DSO57v2_002416-T1	395	7.7e-65	3	285	15	385	0.9527027027027027
GH18.hmm	296	DSO57v2|DSO57v2_002418-T1	399	1.2e-66	3	289	15	389	0.9662162162162162
GH13_8.hmm	293	DSO57v2|DSO57v2_002861-T1	492	2.1e-154	1	293	26	319	0.9965870307167235
GH16_19.hmm	174	DSO57v2|DSO57v2_003129-T1	212	5.4e-42	41	174	1	123	0.764367816091954
GH16_19.hmm	174	DSO57v2|DSO57v2_003160-T1	365	1.6e-45	3	174	106	266	0.9827586206896551
CE4.hmm	130	DSO57v2|DSO57v2_003164-T1	339	1.1e-27	7	125	112	233	0.9076923076923077
GH18.hmm	296	DSO57v2|DSO57v2_003167-T1	609	1.1e-78	3	281	159	527	0.9391891891891891
GH16_19.hmm	174	DSO57v2|DSO57v2_003286-T1	247	1.7e-49	22	174	80	224	0.8735632183908046
GH16_19.hmm	174	DSO57v2|DSO57v2_003294-T1	449	3e-49	22	174	274	424	0.8735632183908046
AA11.hmm	191	DSO57v2|DSO57v2_003325-T1	268	2.7e-42	11	163	31	170	0.7958115183246073
AA11.hmm	191	DSO57v2|DSO57v2_003328-T1	215	6.8e-37	12	144	22	141	0.6910994764397905
AA11.hmm	191	DSO57v2|DSO57v2_003329-T1	215	3.7e-37	12	144	22	141	0.6910994764397905
GT33.hmm	425	DSO57v2|DSO57v2_003396-T1	454	1.3e-143	2	424	14	451	0.9929411764705882
GT24.hmm	248	DSO57v2|DSO57v2_003424-T1	1501	2.6e-130	1	248	1210	1457	0.9959677419354839
GH72.hmm	312	DSO57v2|DSO57v2_003558-T1	496	1.4e-121	4	310	13	316	0.9807692307692307
GH20.hmm	337	DSO57v2|DSO57v2_003662-T1	526	1.5e-59	7	335	152	475	0.973293768545994
AA3_2.hmm	568	DSO57v2|DSO57v2_003943-T1	576	1.6e-107	2	566	18	575	0.9929577464788732
GT2_Chitin_synth_2.hmm	527	DSO57v2|DSO57v2_003951-T1	663	2.4e-250	22	526	62	557	0.9563567362428842
GH47.hmm	446	DSO57v2|DSO57v2_004250-T1	531	7.3e-128	2	446	101	529	0.9955156950672646
AA7.hmm	458	DSO57v2|DSO57v2_004257-T1	492	1.6e-76	6	213	49	259	0.4519650655021834
AA7.hmm	458	DSO57v2|DSO57v2_004259-T1	498	2e-76	6	213	46	256	0.4519650655021834
AA7.hmm	458	DSO57v2|DSO57v2_004265-T1	551	2.9e-70	5	458	110	537	0.9890829694323144
AA7.hmm	458	DSO57v2|DSO57v2_004267-T1	551	2.9e-70	5	458	110	537	0.9890829694323144
AA7.hmm	458	DSO57v2|DSO57v2_004268-T1	483	1.6e-70	6	213	54	264	0.4519650655021834
AA7.hmm	458	DSO57v2|DSO57v2_004269-T1	483	2.7e-72	6	214	54	265	0.45414847161572053
GH17.hmm	311	DSO57v2|DSO57v2_004325-T1	302	4.1e-26	12	306	44	294	0.9453376205787781
GH17.hmm	311	DSO57v2|DSO57v2_004327-T1	292	3.3e-29	2	305	22	282	0.9742765273311897
GT33.hmm	425	DSO57v2|DSO57v2_004590-T1	454	7.6e-144	2	424	14	451	0.9929411764705882
AA3_2.hmm	568	DSO57v2|DSO57v2_004640-T1	581	8.3e-103	2	565	21	579	0.9911971830985915
AA3_2.hmm	568	DSO57v2|DSO57v2_004641-T1	562	5.8e-102	2	565	4	560	0.9911971830985915
AA3_2.hmm	568	DSO57v2|DSO57v2_004642-T1	569	1.6e-106	2	566	14	568	0.9929577464788732
AA3_2.hmm	568	DSO57v2|DSO57v2_004644-T1	576	1.5e-105	2	567	15	575	0.9947183098591549
AA3_2.hmm	568	DSO57v2|DSO57v2_004645-T1	574	3.1e-101	2	566	15	573	0.9929577464788732
GH24.hmm	137	DSO57v2|DSO57v2_004662-T1	167	4.3e-30	1	137	19	157	0.9927007299270073
GH3.hmm	216	DSO57v2|DSO57v2_004810-T1	677	3.2e-59	3	215	27	256	0.9814814814814815
GH3.hmm	216	DSO57v2|DSO57v2_004814-T1	189	9.4e-28	3	96	94	187	0.4305555555555556
GH18.hmm	296	DSO57v2|DSO57v2_004876-T1	428	1.5e-27	3	198	19	258	0.6587837837837838
AA7.hmm	458	DSO57v2|DSO57v2_004897-T1	485	2.4e-75	6	214	46	257	0.45414847161572053
AA7.hmm	458	DSO57v2|DSO57v2_004901-T1	248	6e-57	6	170	46	211	0.35807860262008734
AA7.hmm	458	DSO57v2|DSO57v2_004902-T1	484	1.8e-74	6	203	46	250	0.43013100436681223
GH18.hmm	296	DSO57v2|DSO57v2_005079-T1	541	1.5e-23	4	252	57	367	0.8378378378378378
AA6.hmm	195	DSO57v2|DSO57v2_005142-T1	665	2.3e-71	1	194	21	214	0.9897435897435898
GT1.hmm	382	DSO57v2|DSO57v2_005475-T1	543	1.2e-26	190	350	225	430	0.418848167539267
GH18.hmm	296	DSO57v2|DSO57v2_005488-T1	546	2.6e-76	3	284	18	381	0.9493243243243243
GH18.hmm	296	DSO57v2|DSO57v2_005496-T1	416	1.1e-73	4	284	14	383	0.9459459459459459
GH18.hmm	296	DSO57v2|DSO57v2_005497-T1	419	4.3e-73	4	284	14	383	0.9459459459459459
GH81.hmm	622	DSO57v2|DSO57v2_005550-T1	654	1.3e-168	14	622	29	647	0.977491961414791
AA11.hmm	191	DSO57v2|DSO57v2_005617-T1	209	1.9e-36	11	163	38	176	0.7958115183246073
AA11.hmm	191	DSO57v2|DSO57v2_005620-T1	210	3.1e-39	1	164	16	176	0.8534031413612565
GH18.hmm	296	DSO57v2|DSO57v2_005732-T1	425	9e-55	23	282	36	367	0.875
AA2.hmm	255	DSO57v2|DSO57v2_005996-T1	208	2.7e-24	14	141	23	152	0.4980392156862745
CBM21.hmm	107	DSO57v2|DSO57v2_006136-T1	316	3.4e-25	3	106	59	166	0.9626168224299065
GT20.hmm	475	DSO57v2|DSO57v2_006160-T1	232	1.9e-90	10	226	10	227	0.45473684210526316
GH18.hmm	296	DSO57v2|DSO57v2_006198-T1	523	9e-70	2	284	18	402	0.9527027027027027
GH18.hmm	296	DSO57v2|DSO57v2_006204-T1	522	5.2e-71	2	284	18	401	0.9527027027027027
GH18.hmm	296	DSO57v2|DSO57v2_006205-T1	419	1.1e-69	3	284	33	408	0.9493243243243243
GH18.hmm	296	DSO57v2|DSO57v2_006207-T1	403	1.2e-73	3	284	18	392	0.9493243243243243
GH18.hmm	296	DSO57v2|DSO57v2_006209-T1	510	9.3e-70	2	284	18	394	0.9527027027027027
AA2.hmm	255	DSO57v2|DSO57v2_006508-T1	269	7.8e-47	14	253	23	261	0.9372549019607843
GT48.hmm	739	DSO57v2|DSO57v2_006558-T1	1909	1.1e-291	3	726	872	1637	0.9783491204330176
GH47.hmm	446	DSO57v2|DSO57v2_006683-T1	505	2.4e-128	2	446	75	503	0.9955156950672646
AA3_2.hmm	568	DSO57v2|DSO57v2_006974-T1	612	2.8e-93	3	567	18	608	0.9929577464788732
AA3_2.hmm	568	DSO57v2|DSO57v2_006978-T1	614	3e-95	2	567	18	610	0.9947183098591549
AA11.hmm	191	DSO57v2|DSO57v2_007034-T1	223	1.8e-42	1	163	14	170	0.8481675392670157
GH5_9.hmm	303	DSO57v2|DSO57v2_007364-T1	495	5.4e-106	1	303	150	462	0.9966996699669967
GH5_9.hmm	303	DSO57v2|DSO57v2_007367-T1	500	7.3e-106	1	303	152	464	0.9966996699669967
GH5_9.hmm	303	DSO57v2|DSO57v2_007372-T1	500	3.6e-104	1	303	151	463	0.9966996699669967
GT39.hmm	223	DSO57v2|DSO57v2_007415-T1	237	5.5e-30	2	125	90	228	0.5515695067264574
GH3.hmm	216	DSO57v2|DSO57v2_007625-T1	776	4.2e-59	3	215	126	355	0.9814814814814815
GH3.hmm	216	DSO57v2|DSO57v2_007625-T2	763	4e-59	3	215	113	342	0.9814814814814815
GH3.hmm	216	DSO57v2|DSO57v2_007628-T1	317	7.4e-57	3	207	71	285	0.9444444444444444
GH18.hmm	296	DSO57v2|DSO57v2_007794-T1	375	4.5e-26	2	204	22	271	0.6824324324324325
GH37.hmm	491	DSO57v2|DSO57v2_007960-T1	606	9.2e-140	3	490	43	588	0.9918533604887984
GH13_5.hmm	342	DSO57v2|DSO57v2_007998-T1	488	4.9e-146	2	341	32	371	0.9912280701754386
GH13_5.hmm	342	DSO57v2|DSO57v2_008002-T1	488	4.6e-142	2	341	32	371	0.9912280701754386
GH5_9.hmm	303	DSO57v2|DSO57v2_008013-T1	192	9e-30	157	291	2	143	0.44224422442244227
GH5_9.hmm	303	DSO57v2|DSO57v2_008015-T1	415	5.1e-98	1	303	77	386	0.9966996699669967
AA7.hmm	458	DSO57v2|DSO57v2_008162-T1	485	2.6e-76	6	213	46	256	0.4519650655021834
AA7.hmm	458	DSO57v2|DSO57v2_008167-T1	484	2.6e-75	6	205	46	248	0.4344978165938865
GT2_Chitin_synth_2.hmm	527	DSO57v2|DSO57v2_008255-T1	565	4.5e-23	130	488	21	392	0.6793168880455408
GH47.hmm	446	DSO57v2|DSO57v2_008565-T1	198	1.3e-62	48	245	1	190	0.44170403587443946
GT1.hmm	382	DSO57v2|DSO57v2_008600-T1	549	6.6e-29	169	353	209	438	0.4816753926701571
GT1.hmm	382	DSO57v2|DSO57v2_008601-T1	551	6.9e-29	169	353	211	440	0.4816753926701571
CE1.hmm	227	DSO57v2|DSO57v2_008644-T1	804	1.9e-17	12	209	566	783	0.8678414096916299
GH18.hmm	296	DSO57v2|DSO57v2_008646-T1	500	1.4e-64	2	284	18	387	0.9527027027027027
GT76.hmm	407	DSO57v2|DSO57v2_008838-T1	381	2.2e-96	44	407	10	381	0.8918918918918919
AA11.hmm	191	DSO57v2|DSO57v2_008858-T1	228	4.9e-27	54	163	2	109	0.5706806282722513
AA3_2.hmm	568	DSO57v2|DSO57v2_008864-T1	588	1.5e-102	2	566	13	568	0.9929577464788732
AA3_2.hmm	568	DSO57v2|DSO57v2_009094-T1	614	1.8e-96	2	567	18	610	0.9947183098591549
AA3_2.hmm	568	DSO57v2|DSO57v2_009098-T1	582	5.8e-84	17	567	2	578	0.9683098591549296
AA6.hmm	195	DSO57v2|DSO57v2_009238-T1	665	1e-70	1	194	21	214	0.9897435897435898
GH20.hmm	337	DSO57v2|DSO57v2_009284-T1	542	3e-97	5	336	152	492	0.9821958456973294
GH20.hmm	337	DSO57v2|DSO57v2_009286-T1	542	3e-97	5	336	152	492	0.9821958456973294
GH20.hmm	337	DSO57v2|DSO57v2_009288-T1	536	6.1e-98	7	336	150	488	0.9762611275964391
GH37.hmm	491	DSO57v2|DSO57v2_009564-T1	606	6.8e-149	3	489	41	587	0.9898167006109979
GT39.hmm	223	DSO57v2|DSO57v2_009641-T1	788	1.4e-70	3	223	58	298	0.9865470852017937
CE4.hmm	130	DSO57v2|DSO57v2_009659-T1	323	9.6e-19	8	125	110	230	0.9
CE4.hmm	130	DSO57v2|DSO57v2_009660-T1	279	2e-23	8	124	54	173	0.8923076923076924
CE4.hmm	130	DSO57v2|DSO57v2_009661-T1	335	8e-28	6	124	107	228	0.9076923076923077
CE4.hmm	130	DSO57v2|DSO57v2_009662-T1	292	4.3e-29	7	124	92	212	0.9
CE4.hmm	130	DSO57v2|DSO57v2_009664-T1	341	1.9e-28	6	124	110	231	0.9076923076923077
CE4.hmm	130	DSO57v2|DSO57v2_009665-T1	292	2.1e-30	7	124	92	212	0.9
CE4.hmm	130	DSO57v2|DSO57v2_009666-T1	338	4.1e-28	6	124	108	229	0.9076923076923077
CE4.hmm	130	DSO57v2|DSO57v2_009668-T1	345	1.9e-28	6	124	110	231	0.9076923076923077
GT1.hmm	382	DSO57v2|DSO57v2_009903-T1	433	8.4e-23	167	352	100	326	0.48429319371727747
GT1.hmm	382	DSO57v2|DSO57v2_009904-T1	528	9.8e-27	213	360	233	425	0.38481675392670156
GT1.hmm	382	DSO57v2|DSO57v2_009907-T1	548	1.7e-26	183	362	218	447	0.468586387434555
GT1.hmm	382	DSO57v2|DSO57v2_009909-T1	549	7.9e-28	205	352	256	436	0.38481675392670156
GT1.hmm	382	DSO57v2|DSO57v2_009929-T1	548	2.7e-32	220	362	255	452	0.3717277486910995
AA11.hmm	191	DSO57v2|DSO57v2_009955-T1	207	1.8e-37	11	162	25	173	0.7905759162303665
GT20.hmm	475	DSO57v2|DSO57v2_009969-T1	474	2.2e-198	10	474	9	473	0.9768421052631578
CE4.hmm	130	DSO57v2|DSO57v2_010006-T1	323	1.7e-18	8	125	110	230	0.9
CE4.hmm	130	DSO57v2|DSO57v2_010007-T1	334	4.4e-27	7	124	103	223	0.9
CE4.hmm	130	DSO57v2|DSO57v2_010008-T1	335	1.8e-28	6	124	107	228	0.9076923076923077
CE4.hmm	130	DSO57v2|DSO57v2_010009-T1	292	2.6e-29	7	124	92	212	0.9
CE4.hmm	130	DSO57v2|DSO57v2_010011-T1	341	6.2e-29	6	124	110	231	0.9076923076923077
CE4.hmm	130	DSO57v2|DSO57v2_010012-T1	292	5.5e-30	7	124	92	212	0.9
CE4.hmm	130	DSO57v2|DSO57v2_010013-T1	338	1.7e-28	7	124	109	229	0.9
CE4.hmm	130	DSO57v2|DSO57v2_010014-T1	345	3.6e-28	6	124	110	231	0.9076923076923077
GT2_Chitin_synth_2.hmm	527	DSO57v2|DSO57v2_010070-T1	1071	6.6e-264	20	527	429	926	0.9620493358633776
GT1.hmm	382	DSO57v2|DSO57v2_010094-T1	563	2.2e-29	194	355	250	443	0.4214659685863874
GT1.hmm	382	DSO57v2|DSO57v2_010095-T1	543	2.1e-29	194	355	246	439	0.4214659685863874
GH20.hmm	337	DSO57v2|DSO57v2_010106-T1	557	1.1e-99	5	336	155	495	0.9821958456973294
GH37.hmm	491	DSO57v2|DSO57v2_010195-T1	606	2.7e-149	3	489	41	587	0.9898167006109979
GH38.hmm	269	DSO57v2|DSO57v2_010326-T1	1065	2.7e-86	2	255	273	525	0.9405204460966543
GH38.hmm	269	DSO57v2|DSO57v2_010326-T2	897	2e-86	2	255	105	357	0.9405204460966543
CBM63.hmm	78	DSO57v2|DSO57v2_010329-T1	212	1.7e-18	2	72	124	195	0.8974358974358975
CBM21.hmm	107	DSO57v2|DSO57v2_010362-T1	316	3.7e-25	3	106	59	166	0.9626168224299065
GH31.hmm	427	DSO57v2|DSO57v2_010612-T1	869	5.7e-151	3	427	243	726	0.9929742388758782
GH31.hmm	427	DSO57v2|DSO57v2_010616-T1	598	1.6e-102	3	291	243	590	0.6744730679156908
GH31.hmm	427	DSO57v2|DSO57v2_010617-T1	812	4.7e-151	3	427	186	669	0.9929742388758782
GT1.hmm	382	DSO57v2|DSO57v2_010619-T1	864	3.5e-58	4	375	384	787	0.9712041884816754
GH35.hmm	307	DSO57v2|DSO57v2_010674-T1	500	2.9e-62	2	303	62	436	0.9804560260586319
GT22.hmm	389	DSO57v2|DSO57v2_010712-T1	427	3.8e-73	80	389	2	306	0.794344473007712
GT22.hmm	389	DSO57v2|DSO57v2_010712-T2	577	1.4e-99	2	389	74	456	0.9948586118251928
GT22.hmm	389	DSO57v2|DSO57v2_010712-T3	370	2.3e-57	134	389	1	249	0.6555269922879178
GT22.hmm	389	DSO57v2|DSO57v2_010712-T4	321	1.4e-73	80	389	2	306	0.794344473007712
GT39.hmm	223	DSO57v2|DSO57v2_010751-T1	778	1.5e-68	2	223	77	315	0.9910313901345291
GT39.hmm	223	DSO57v2|DSO57v2_010751-T2	573	8.1e-69	2	223	77	315	0.9910313901345291
GH72.hmm	312	DSO57v2|DSO57v2_010817-T1	431	3.1e-116	10	312	1	293	0.967948717948718
GH72.hmm	312	DSO57v2|DSO57v2_010818-T1	493	3.4e-114	15	311	1	287	0.9487179487179487
GT1.hmm	382	DSO57v2|DSO57v2_011064-T1	522	5.8e-20	190	353	224	409	0.42670157068062825
GT1.hmm	382	DSO57v2|DSO57v2_011065-T1	520	1.1e-21	167	354	201	412	0.4895287958115183
GT1.hmm	382	DSO57v2|DSO57v2_011066-T1	522	8e-21	153	359	187	420	0.5392670157068062
GT1.hmm	382	DSO57v2|DSO57v2_011067-T1	522	3.8e-20	182	352	216	408	0.44502617801047123
GH18.hmm	296	DSO57v2|DSO57v2_011111-T1	482	1e-17	4	223	22	281	0.7398648648648649
GT20.hmm	475	DSO57v2|DSO57v2_011197-T1	401	2.4e-130	69	452	22	391	0.8063157894736842
GH13_5.hmm	342	DSO57v2|DSO57v2_011377-T1	488	6e-142	2	341	32	371	0.9912280701754386
GT8.hmm	257	DSO57v2|DSO57v2_011476-T1	705	2e-43	28	255	9	230	0.8832684824902723
GT1.hmm	382	DSO57v2|DSO57v2_011568-T1	276	5.4e-28	228	362	3	174	0.3507853403141361
GT39.hmm	223	DSO57v2|DSO57v2_011606-T1	676	7.5e-69	2	223	77	315	0.9910313901345291
GT39.hmm	223	DSO57v2|DSO57v2_011606-T2	778	1e-68	2	223	77	315	0.9910313901345291
GH17.hmm	311	DSO57v2|DSO57v2_011740-T1	327	4.1e-31	2	308	56	319	0.9839228295819936
GH72.hmm	312	DSO57v2|DSO57v2_011825-T1	521	2.9e-121	4	310	38	341	0.9807692307692307
GH81.hmm	622	DSO57v2|DSO57v2_011913-T1	663	1.5e-167	14	622	38	656	0.977491961414791
GH81.hmm	622	DSO57v2|DSO57v2_011914-T1	654	1.2e-168	14	622	29	647	0.977491961414791
CE4.hmm	130	DSO57v2|DSO57v2_012191-T1	238	2.6e-34	9	125	46	165	0.8923076923076924
GH18.hmm	296	DSO57v2|DSO57v2_012335-T1	457	7.7e-57	3	285	9	385	0.9527027027027027
GH81.hmm	622	DSO57v2|DSO57v2_012359-T1	652	1.8e-166	16	622	31	647	0.9742765273311897
CE1.hmm	227	DSO57v2|DSO57v2_012698-T1	287	2.1e-42	1	224	26	280	0.9823788546255506
CE1.hmm	227	DSO57v2|DSO57v2_012698-T2	209	1.6e-30	58	224	1	202	0.7312775330396476
GT22.hmm	389	DSO57v2|DSO57v2_012969-T1	427	4.7e-73	80	389	2	306	0.794344473007712
GT22.hmm	389	DSO57v2|DSO57v2_012969-T2	577	8.2e-99	2	389	74	456	0.9948586118251928
GT22.hmm	389	DSO57v2|DSO57v2_012969-T3	370	4.1e-57	134	389	1	249	0.6555269922879178
GT22.hmm	389	DSO57v2|DSO57v2_012969-T4	321	1.7e-73	80	389	2	306	0.794344473007712
GT22.hmm	389	DSO57v2|DSO57v2_012969-T5	471	4.3e-99	2	389	74	456	0.9948586118251928
AA11.hmm	191	DSO57v2|DSO57v2_013325-T1	376	1.9e-36	11	176	37	187	0.8638743455497382
AA11.hmm	191	DSO57v2|DSO57v2_013326-T1	381	1.2e-35	11	174	37	185	0.8534031413612565
GH24.hmm	137	DSO57v2|DSO57v2_013340-T1	167	2.8e-33	2	137	20	157	0.9854014598540146
CE4.hmm	130	DSO57v2|DSO57v2_013546-T1	342	4.5e-27	7	124	112	232	0.9
GH18.hmm	296	DSO57v2|DSO57v2_013939-T1	462	6.9e-27	3	204	19	270	0.6790540540540541
GH18.hmm	296	DSO57v2|DSO57v2_013968-T1	399	3.2e-66	3	290	15	390	0.9695945945945946
GH18.hmm	296	DSO57v2|DSO57v2_013970-T1	395	8.6e-65	3	285	15	385	0.9527027027027027
GH17.hmm	311	DSO57v2|DSO57v2_013978-T1	323	7.5e-31	2	308	52	315	0.9839228295819936
AA3_2.hmm	568	DSO57v2|DSO57v2_014142-T1	576	5.2e-104	2	566	16	575	0.9929577464788732
GH72.hmm	312	DSO57v2|DSO57v2_014145-T1	433	7.2e-43	5	249	15	237	0.782051282051282
CE4.hmm	130	DSO57v2|DSO57v2_014268-T1	238	5.5e-34	9	125	46	165	0.8923076923076924
GT1.hmm	382	DSO57v2|DSO57v2_014346-T1	547	2.1e-26	90	359	119	442	0.7041884816753927
GT2_Chitin_synth_2.hmm	527	DSO57v2|DSO57v2_014419-T1	828	2.6e-25	204	511	350	643	0.5825426944971537
GH5_12.hmm	539	DSO57v2|DSO57v2_014428-T1	967	1.5e-174	1	539	245	754	0.9981447124304267
GH5_12.hmm	539	DSO57v2|DSO57v2_014428-T2	858	1.1e-174	1	539	136	645	0.9981447124304267
GH37.hmm	491	DSO57v2|DSO57v2_014488-T1	623	1e-144	3	490	35	588	0.9918533604887984
GH5_9.hmm	303	DSO57v2|DSO57v2_014513-T1	403	2.4e-107	1	303	72	377	0.9966996699669967
AA3_2.hmm	568	DSO57v2|DSO57v2_014948-T1	581	1.6e-103	2	565	21	579	0.9911971830985915
AA3_2.hmm	568	DSO57v2|DSO57v2_014950-T1	562	5.2e-101	2	565	4	560	0.9911971830985915
AA3_2.hmm	568	DSO57v2|DSO57v2_014951-T1	569	4.3e-107	2	566	14	568	0.9929577464788732
AA3_2.hmm	568	DSO57v2|DSO57v2_014952-T1	574	1.1e-100	2	548	15	556	0.9612676056338029
AA3_2.hmm	568	DSO57v2|DSO57v2_014953-T1	574	2.9e-101	2	566	15	573	0.9929577464788732
GT50.hmm	262	DSO57v2|DSO57v2_015034-T1	453	2.8e-94	1	262	133	436	0.9961832061068703
GT50.hmm	262	DSO57v2|DSO57v2_015034-T2	405	3.4e-77	1	223	133	397	0.8473282442748091
GT35.hmm	674	DSO57v2|DSO57v2_015082-T1	746	2.1e-268	8	674	13	723	0.9881305637982196
GT2_Chitin_synth_2.hmm	527	DSO57v2|DSO57v2_015086-T1	1634	3.1e-58	18	256	1190	1412	0.45161290322580644
GH37.hmm	491	DSO57v2|DSO57v2_015097-T1	609	5.1e-146	3	490	43	588	0.9918533604887984
GH5_9.hmm	303	DSO57v2|DSO57v2_015122-T1	412	5.1e-100	2	303	78	386	0.9933993399339934
AA1_3.hmm	312	DSO57v2|DSO57v2_015302-T1	159	3.3e-37	11	131	14	132	0.38461538461538464
AA1_3.hmm	312	DSO57v2|DSO57v2_015304-T1	192	2.9e-36	11	161	14	172	0.4807692307692308
CBM63.hmm	78	DSO57v2|DSO57v2_015451-T1	242	4.4e-17	2	72	155	225	0.8974358974358975
AA7.hmm	458	DSO57v2|DSO57v2_015523-T1	483	4.7e-72	6	213	54	264	0.4519650655021834
AA7.hmm	458	DSO57v2|DSO57v2_015524-T1	483	1.3e-71	6	214	54	265	0.45414847161572053
GH47.hmm	446	DSO57v2|DSO57v2_015553-T1	467	4.4e-125	2	446	37	465	0.9955156950672646
AA11.hmm	191	DSO57v2|DSO57v2_015592-T1	293	1e-40	12	167	41	178	0.8115183246073299
AA11.hmm	191	DSO57v2|DSO57v2_015594-T1	272	1.5e-44	11	163	21	157	0.7958115183246073
AA11.hmm	191	DSO57v2|DSO57v2_015596-T1	292	4.4e-44	11	163	38	177	0.7958115183246073
AA11.hmm	191	DSO57v2|DSO57v2_015597-T1	264	1.8e-45	2	163	19	175	0.8429319371727748
GH18.hmm	296	DSO57v2|DSO57v2_015760-T1	358	2.4e-41	138	284	3	193	0.49324324324324326
AA6.hmm	195	DSO57v2|DSO57v2_016013-T1	328	1.3e-65	2	185	7	190	0.9384615384615385
GT1.hmm	382	DSO57v2|DSO57v2_016069-T1	556	5.2e-27	74	352	116	443	0.7277486910994765
GT1.hmm	382	DSO57v2|DSO57v2_016071-T1	556	5.2e-27	74	352	116	443	0.7277486910994765
GT2_Chitin_synth_2.hmm	527	DSO57v2|DSO57v2_016297-T1	907	1.1e-72	22	491	93	534	0.889943074003795
AA3_2.hmm	568	DSO57v2|DSO57v2_016379-T1	576	6.2e-107	2	566	18	575	0.9929577464788732
AA11.hmm	191	DSO57v2|DSO57v2_016445-T1	370	2.9e-41	1	163	15	169	0.8481675392670157
AA11.hmm	191	DSO57v2|DSO57v2_016446-T1	370	2.9e-41	1	163	15	169	0.8481675392670157
AA11.hmm	191	DSO57v2|DSO57v2_016447-T1	364	2.5e-39	1	171	15	176	0.8900523560209425
AA11.hmm	191	DSO57v2|DSO57v2_016449-T1	405	2.2e-39	1	163	15	169	0.8481675392670157
AA11.hmm	191	DSO57v2|DSO57v2_016450-T1	405	4e-41	1	163	15	169	0.8481675392670157
AA11.hmm	191	DSO57v2|DSO57v2_016451-T1	407	1.8e-42	1	163	15	169	0.8481675392670157
GT1.hmm	382	DSO57v2|DSO57v2_016569-T1	546	2.6e-19	97	350	138	431	0.662303664921466
CBM21.hmm	107	DSO57v2|DSO57v2_016657-T1	362	2.3e-27	4	107	106	214	0.9626168224299065
GH5_12.hmm	539	DSO57v2|DSO57v2_016833-T1	670	4.2e-95	3	276	21	286	0.5064935064935064
GH5_12.hmm	539	DSO57v2|DSO57v2_016833-T1	670	2.8e-50	322	539	298	509	0.4025974025974026
AA11.hmm	191	DSO57v2|DSO57v2_017006-T1	351	8.7e-40	1	163	15	169	0.8481675392670157
AA11.hmm	191	DSO57v2|DSO57v2_017007-T1	351	9.5e-40	1	163	15	169	0.8481675392670157
AA11.hmm	191	DSO57v2|DSO57v2_017008-T1	428	1.1e-40	1	163	15	169	0.8481675392670157
AA11.hmm	191	DSO57v2|DSO57v2_017011-T1	156	2.3e-39	1	145	15	154	0.7539267015706806
AA11.hmm	191	DSO57v2|DSO57v2_017014-T1	392	6.8e-42	1	163	15	169	0.8481675392670157
GH47.hmm	446	DSO57v2|DSO57v2_017206-T1	202	1.1e-46	236	446	1	200	0.47085201793721976
GH17.hmm	311	DSO57v2|DSO57v2_017330-T1	302	6.9e-26	12	306	44	294	0.9453376205787781
GH17.hmm	311	DSO57v2|DSO57v2_017331-T1	292	2.3e-28	2	305	22	282	0.9742765273311897
GH18.hmm	296	DSO57v2|DSO57v2_017422-T1	392	7.3e-27	3	278	21	300	0.9290540540540541
GH18.hmm	296	DSO57v2|DSO57v2_017428-T1	441	5.3e-27	3	204	19	270	0.6790540540540541
CE1.hmm	227	DSO57v2|DSO57v2_017529-T1	699	6.9e-17	51	209	502	678	0.6960352422907489
GT57.hmm	481	DSO57v2|DSO57v2_017800-T1	480	7.3e-147	4	480	11	472	0.9896049896049897
AA3_2.hmm	568	DSO57v2|DSO57v2_017816-T1	621	1e-98	2	565	14	602	0.9911971830985915
GT1.hmm	382	DSO57v2|DSO57v2_017898-T1	541	1.1e-32	193	361	241	440	0.4397905759162304
GT1.hmm	382	DSO57v2|DSO57v2_018112-T1	489	1.4e-29	61	368	74	418	0.8036649214659686
GH17.hmm	311	DSO57v2|DSO57v2_018311-T1	329	2.1e-20	5	301	56	310	0.9517684887459807
CE1.hmm	227	DSO57v2|DSO57v2_018435-T1	258	8.1e-37	9	224	2	252	0.947136563876652
CE1.hmm	227	DSO57v2|DSO57v2_018437-T1	258	1.1e-40	8	224	1	250	0.9515418502202643
GT1.hmm	382	DSO57v2|DSO57v2_018463-T1	548	9e-33	207	351	235	436	0.3769633507853403
GT1.hmm	382	DSO57v2|DSO57v2_018464-T1	548	1.3e-32	126	351	167	437	0.5890052356020943
AA1_2.hmm	337	DSO57v2|DSO57v2_018517-T1	222	3.3e-41	3	156	36	195	0.4540059347181009
AA1_1.hmm	303	DSO57v2|DSO57v2_018520-T1	509	1.1e-57	2	286	11	307	0.9372937293729373
GH24.hmm	137	DSO57v2|DSO57v2_018554-T1	167	6.7e-30	1	137	19	157	0.9927007299270073
GT2_Glycos_transf_2.hmm	170	DSO57v2|DSO57v2_018622-T1	238	6e-32	1	168	6	175	0.9823529411764705
GT24.hmm	248	DSO57v2|DSO57v2_018641-T1	1233	2e-130	1	248	942	1189	0.9959677419354839
GT1.hmm	382	DSO57v2|DSO57v2_018699-T1	541	1.2e-33	183	361	231	440	0.46596858638743455
GT2_Chitin_synth_2.hmm	527	DSO57v2|DSO57v2_018710-T1	603	1.4e-25	204	511	125	418	0.5825426944971537
GT1.hmm	382	DSO57v2|DSO57v2_019032-T1	531	5.7e-22	193	352	244	423	0.4162303664921466
GH16_19.hmm	174	DSO57v2|DSO57v2_019178-T1	335	3.6e-52	4	174	103	263	0.9770114942528736
GH16_19.hmm	174	DSO57v2|DSO57v2_019197-T1	349	9.7e-53	3	174	100	260	0.9827586206896551
GH47.hmm	446	DSO57v2|DSO57v2_019219-T1	478	8.1e-112	2	446	48	474	0.9955156950672646
GH47.hmm	446	DSO57v2|DSO57v2_019220-T1	492	1.5e-128	2	446	62	490	0.9955156950672646
GH18.hmm	296	DSO57v2|DSO57v2_019228-T1	412	2.5e-75	2	284	17	400	0.9527027027027027
GH18.hmm	296	DSO57v2|DSO57v2_019229-T1	475	1.5e-75	2	284	19	402	0.9527027027027027
GH18.hmm	296	DSO57v2|DSO57v2_019230-T1	497	3.4e-74	2	284	20	403	0.9527027027027027
GH47.hmm	446	DSO57v2|DSO57v2_019331-T1	354	1e-51	75	238	2	163	0.3654708520179372
GH47.hmm	446	DSO57v2|DSO57v2_019331-T1	354	6.5e-55	285	446	163	348	0.3609865470852018
GH132.hmm	303	DSO57v2|DSO57v2_019460-T1	307	7.7e-64	40	302	48	305	0.8646864686468647
GT4.hmm	160	DSO57v2|DSO57v2_019475-T1	446	2.4e-36	8	157	208	383	0.93125
GH20.hmm	337	DSO57v2|DSO57v2_019661-T1	382	5.3e-46	3	226	145	364	0.6617210682492581
GT2_Chitin_synth_2.hmm	527	DSO57v2|DSO57v2_019673-T1	951	5e-252	21	526	381	877	0.9582542694497154
GH47.hmm	446	DSO57v2|DSO57v2_019750-T1	545	3.1e-147	1	446	90	537	0.9977578475336323
GH47.hmm	446	DSO57v2|DSO57v2_019750-T2	384	6.9e-119	75	446	2	376	0.8318385650224215
GT2_Chitin_synth_1.hmm	163	DSO57v2|DSO57v2_019823-T1	395	6e-75	1	163	98	260	0.9938650306748467
GT2_Chitin_synth_2.hmm	527	DSO57v2|DSO57v2_019903-T1	1157	1.8e-282	13	527	571	1084	0.9753320683111955
AA3_2.hmm	568	DSO57v2|DSO57v2_020013-T1	273	4.7e-33	2	252	15	259	0.44014084507042256
AA3_2.hmm	568	DSO57v2|DSO57v2_020014-T1	295	1.2e-66	260	566	2	292	0.5387323943661971
GH31.hmm	427	DSO57v2|DSO57v2_020093-T1	801	1.1e-151	3	427	186	669	0.9929742388758782
GH31.hmm	427	DSO57v2|DSO57v2_020094-T1	869	1.1e-151	3	427	243	726	0.9929742388758782
GT1.hmm	382	DSO57v2|DSO57v2_020096-T1	935	3.6e-59	4	375	455	858	0.9712041884816754
GH16_4.hmm	316	DSO57v2|DSO57v2_020142-T1	368	5.8e-114	1	316	33	366	0.9968354430379747
GT2_Chitin_synth_2.hmm	527	DSO57v2|DSO57v2_020262-T1	1157	1.7e-282	13	527	571	1084	0.9753320683111955
GT2_Glycos_transf_2.hmm	170	DSO57v2|DSO57v2_020451-T1	238	1.9e-32	1	168	6	175	0.9823529411764705
GT2_Glycos_transf_2.hmm	170	DSO57v2|DSO57v2_020451-T2	208	1.2e-32	1	168	6	175	0.9823529411764705
GT22.hmm	389	DSO57v2|DSO57v2_020611-T1	557	2.5e-63	11	358	2	407	0.8920308483290489
GH16_4.hmm	316	DSO57v2|DSO57v2_020613-T1	373	8.7e-101	1	266	61	335	0.8386075949367089
GH18.hmm	296	DSO57v2|DSO57v2_020614-T1	417	3.8e-78	4	282	30	404	0.9391891891891891
GH18.hmm	296	DSO57v2|DSO57v2_020614-T2	346	5.7e-67	51	282	33	333	0.7804054054054054
GH17.hmm	311	DSO57v2|DSO57v2_020714-T1	314	3.1e-20	5	301	41	295	0.9517684887459807
GT15.hmm	273	DSO57v2|DSO57v2_020733-T1	367	1.1e-120	1	272	54	326	0.9926739926739927
AA11.hmm	191	DSO57v2|DSO57v2_020890-T1	346	6.6e-36	11	176	37	187	0.8638743455497382
CE4.hmm	130	DSO57v2|DSO57v2_020904-T1	338	1.2e-29	9	124	113	231	0.8846153846153846
AA7.hmm	458	DSO57v2|DSO57v2_021139-T1	378	6.3e-68	21	279	2	263	0.5633187772925764
GH24.hmm	137	DSO57v2|DSO57v2_021202-T1	167	2.8e-33	2	137	20	157	0.9854014598540146
GH47.hmm	446	DSO57v2|DSO57v2_021267-T1	467	1.9e-125	2	446	37	465	0.9955156950672646
GT22.hmm	389	DSO57v2|DSO57v2_021302-T1	557	1.8e-63	11	359	2	408	0.8946015424164524
GH16_4.hmm	316	DSO57v2|DSO57v2_021306-T1	406	2.7e-115	1	316	61	403	0.9968354430379747
GT57.hmm	481	DSO57v2|DSO57v2_021366-T1	404	5.7e-108	70	480	1	396	0.8523908523908524
GT57.hmm	481	DSO57v2|DSO57v2_021366-T2	283	8.7e-67	204	480	7	275	0.5738045738045738
GT57.hmm	481	DSO57v2|DSO57v2_021366-T3	488	1.1e-144	14	480	29	480	0.9688149688149689
CE4.hmm	130	DSO57v2|DSO57v2_021600-T1	341	1.6e-27	9	124	114	232	0.8846153846153846
CE4.hmm	130	DSO57v2|DSO57v2_021601-T1	341	2.8e-29	10	124	115	232	0.8769230769230769
GT1.hmm	382	DSO57v2|DSO57v2_021623-T1	572	7.8e-25	131	354	206	467	0.5837696335078534
GT1.hmm	382	DSO57v2|DSO57v2_021624-T1	523	1.4e-20	180	334	210	405	0.4031413612565445
GT1.hmm	382	DSO57v2|DSO57v2_021625-T1	526	2.4e-24	169	354	219	420	0.48429319371727747
GT1.hmm	382	DSO57v2|DSO57v2_021626-T1	531	1.6e-22	194	353	245	424	0.4162303664921466
GT1.hmm	382	DSO57v2|DSO57v2_021684-T1	512	2.3e-32	53	351	57	396	0.7801047120418848
GT15.hmm	273	DSO57v2|DSO57v2_021703-T1	368	2.1e-120	1	272	55	327	0.9926739926739927
GH72.hmm	312	DSO57v2|DSO57v2_021824-T1	455	2.1e-52	5	308	15	290	0.9711538461538461
AA3_2.hmm	568	DSO57v2|DSO57v2_021959-T1	583	2.2e-96	2	568	16	579	0.9964788732394366
GT22.hmm	389	DSO57v2|DSO57v2_022006-T1	626	5.1e-83	2	389	57	498	0.9948586118251928
GT22.hmm	389	DSO57v2|DSO57v2_022006-T2	436	9.5e-46	138	389	5	308	0.6452442159383034
GT22.hmm	389	DSO57v2|DSO57v2_022006-T3	564	3.6e-83	2	389	57	498	0.9948586118251928
AA11.hmm	191	DSO57v2|DSO57v2_022044-T1	207	1.8e-37	11	162	25	173	0.7905759162303665
GT1.hmm	382	DSO57v2|DSO57v2_022107-T1	447	2.2e-25	126	329	98	329	0.5314136125654451
GH13_25.hmm	434	DSO57v2|DSO57v2_022114-T1	1493	2.5e-195	3	432	1042	1480	0.988479262672811
AA3_2.hmm	568	DSO57v2|DSO57v2_022138-T1	578	1.4e-100	3	566	16	575	0.9911971830985915
GT2_Chitin_synth_2.hmm	527	DSO57v2|DSO57v2_022169-T1	1123	3.4e-263	20	527	481	978	0.9620493358633776
GT2_Chitin_synth_2.hmm	527	DSO57v2|DSO57v2_022217-T1	1763	2.9e-233	4	527	1135	1642	0.9924098671726755
GT2_Chitin_synth_2.hmm	527	DSO57v2|DSO57v2_022225-T1	445	4.6e-191	112	526	1	401	0.7855787476280834
GH18.hmm	296	DSO57v2|DSO57v2_022305-T1	425	2.7e-55	23	282	36	367	0.875
AA3_2.hmm	568	DSO57v2|DSO57v2_022496-T1	573	3.2e-100	2	567	14	572	0.9947183098591549
AA7.hmm	458	DSO57v2|DSO57v2_022599-T1	483	1.1e-74	6	204	46	247	0.43231441048034935
AA7.hmm	458	DSO57v2|DSO57v2_022600-T1	335	7.4e-76	6	205	46	248	0.4344978165938865
AA3_2.hmm	568	DSO57v2|DSO57v2_022613-T1	573	2.9e-101	2	567	14	572	0.9947183098591549
CE1.hmm	227	DSO57v2|DSO57v2_022686-T1	306	1.2e-42	1	224	45	299	0.9823788546255506
GT1.hmm	382	DSO57v2|DSO57v2_022719-T1	512	1.5e-32	53	351	57	396	0.7801047120418848
GH3.hmm	216	DSO57v2|DSO57v2_022791-T1	654	8.8e-59	3	215	121	351	0.9814814814814815
GH3.hmm	216	DSO57v2|DSO57v2_022792-T1	771	2.5e-57	3	215	120	350	0.9814814814814815
AA6.hmm	195	DSO57v2|DSO57v2_022961-T1	291	4.5e-52	1	146	6	153	0.7435897435897436
GT1.hmm	382	DSO57v2|DSO57v2_022971-T1	557	6.4e-30	210	361	265	463	0.39528795811518325
GT1.hmm	382	DSO57v2|DSO57v2_022973-T1	567	2.8e-31	206	350	256	453	0.3769633507853403
GT1.hmm	382	DSO57v2|DSO57v2_022974-T1	553	1.6e-31	169	350	213	439	0.4738219895287958
GT1.hmm	382	DSO57v2|DSO57v2_023035-T1	489	1e-28	60	368	71	418	0.806282722513089
GT39.hmm	223	DSO57v2|DSO57v2_023070-T1	758	1.5e-55	3	223	82	308	0.9865470852017937
GT35.hmm	674	DSO57v2|DSO57v2_023320-T1	775	1.8e-265	4	674	41	752	0.9940652818991098
AA7.hmm	458	DSO57v2|DSO57v2_023348-T1	492	4.5e-76	6	213	49	259	0.4519650655021834
AA7.hmm	458	DSO57v2|DSO57v2_023354-T1	554	3.6e-71	5	458	110	537	0.9890829694323144
AA7.hmm	458	DSO57v2|DSO57v2_023355-T1	554	3.6e-71	5	458	110	537	0.9890829694323144
GT50.hmm	262	DSO57v2|DSO57v2_023467-T1	453	2.3e-93	1	262	133	436	0.9961832061068703
GT50.hmm	262	DSO57v2|DSO57v2_023467-T2	405	2.7e-76	1	223	133	397	0.8473282442748091
GT50.hmm	262	DSO57v2|DSO57v2_023467-T3	352	9.8e-94	1	262	32	335	0.9961832061068703
GT2_Chitin_synth_2.hmm	527	DSO57v2|DSO57v2_023491-T1	1243	8.7e-228	18	526	566	1061	0.9639468690702088
GH63.hmm	570	DSO57v2|DSO57v2_023543-T1	842	1.3e-25	318	567	625	840	0.4368421052631579
CBM63.hmm	78	DSO57v2|DSO57v2_023550-T1	190	8e-18	6	73	106	172	0.8589743589743589
AA11.hmm	191	DSO57v2|DSO57v2_023606-T1	224	1.7e-37	8	177	33	186	0.8848167539267016
GT39.hmm	223	DSO57v2|DSO57v2_023725-T1	758	7.6e-55	3	223	82	308	0.9865470852017937
GT2_Chitin_synth_2.hmm	527	DSO57v2|DSO57v2_023842-T1	414	5.7e-169	168	526	1	357	0.6793168880455408
CBM63.hmm	78	DSO57v2|DSO57v2_023845-T1	238	4.2e-17	2	72	151	221	0.8974358974358975
GT2_Glycos_transf_2.hmm	170	DSO57v2|DSO57v2_023991-T1	347	3.9e-26	1	167	70	250	0.9764705882352941
GT2_Glycos_transf_2.hmm	170	DSO57v2|DSO57v2_023991-T2	319	2.4e-25	1	118	70	201	0.6882352941176471
GT2_Glycos_transf_2.hmm	170	DSO57v2|DSO57v2_023991-T3	263	5e-21	13	168	2	167	0.9117647058823529
GT2_Glycos_transf_2.hmm	170	DSO57v2|DSO57v2_023991-T4	235	2.9e-20	13	118	2	117	0.6176470588235294
GH47.hmm	446	DSO57v2|DSO57v2_024002-T1	505	6.1e-129	2	446	75	503	0.9955156950672646
GH47.hmm	446	DSO57v2|DSO57v2_024003-T1	478	3.8e-113	2	446	48	474	0.9955156950672646
CE4.hmm	130	DSO57v2|DSO57v2_024021-T1	335	4.3e-27	7	124	105	225	0.9
GT1.hmm	382	DSO57v2|DSO57v2_024032-T1	549	3.5e-33	204	359	256	446	0.40575916230366493
GT1.hmm	382	DSO57v2|DSO57v2_024131-T1	533	3e-19	192	347	243	418	0.40575916230366493
AA3_2.hmm	568	DSO57v2|DSO57v2_024143-T1	621	7.8e-99	2	565	14	602	0.9911971830985915
GT15.hmm	273	DSO57v2|DSO57v2_024209-T1	444	1.2e-77	1	271	119	401	0.989010989010989
AA7.hmm	458	DSO57v2|DSO57v2_024355-T1	493	1.4e-74	6	213	46	256	0.4519650655021834
GT2_Chitin_synth_1.hmm	163	DSO57v2|DSO57v2_024359-T1	395	1.4e-74	1	163	98	260	0.9938650306748467
GH16_4.hmm	316	DSO57v2|DSO57v2_024423-T1	378	1.8e-118	1	316	55	376	0.9968354430379747
GT2_Chitin_synth_2.hmm	527	DSO57v2|DSO57v2_024517-T1	1783	7.1e-238	4	527	1119	1628	0.9924098671726755
GT8.hmm	257	DSO57v2|DSO57v2_024705-T1	705	4.9e-43	28	255	9	230	0.8832684824902723
GT2_Chitin_synth_2.hmm	527	DSO57v2|DSO57v2_024797-T1	1143	8.5e-228	18	526	566	1061	0.9639468690702088
GT1.hmm	382	DSO57v2|DSO57v2_024827-T1	546	1.6e-18	83	351	124	432	0.7015706806282722
GH18.hmm	296	DSO57v2|DSO57v2_024886-T1	428	3.1e-23	3	197	19	257	0.6554054054054054
GH18.hmm	296	DSO57v2|DSO57v2_024888-T1	428	9.2e-27	3	198	19	258	0.6587837837837838
GH18.hmm	296	DSO57v2|DSO57v2_025083-T1	541	1.6e-23	4	243	57	361	0.8074324324324325
GH16_4.hmm	316	DSO57v2|DSO57v2_025110-T1	378	1.8e-118	1	316	55	376	0.9968354430379747
GT8.hmm	257	DSO57v2|DSO57v2_025164-T1	318	9.8e-36	29	254	9	292	0.8754863813229572
GT39.hmm	223	DSO57v2|DSO57v2_025342-T1	214	3.6e-47	3	139	58	211	0.6098654708520179
AA11.hmm	191	DSO57v2|DSO57v2_025416-T1	279	1.1e-33	13	162	43	181	0.7801047120418848
GH18.hmm	296	DSO57v2|DSO57v2_025498-T1	425	4e-69	5	284	28	378	0.9425675675675675
GH18.hmm	296	DSO57v2|DSO57v2_025499-T1	474	8.8e-81	4	284	19	391	0.9459459459459459
GH18.hmm	296	DSO57v2|DSO57v2_025500-T1	425	4e-69	5	284	28	378	0.9425675675675675
GH5_9.hmm	303	DSO57v2|DSO57v2_025650-T1	403	1.3e-107	1	303	72	377	0.9966996699669967
GT1.hmm	382	DSO57v2|DSO57v2_025753-T1	558	3.1e-32	98	353	143	450	0.6675392670157068
GT1.hmm	382	DSO57v2|DSO57v2_025754-T1	549	3.3e-28	208	353	240	438	0.3795811518324607
GT1.hmm	382	DSO57v2|DSO57v2_025755-T1	558	1.2e-31	93	362	132	453	0.7041884816753927
GT1.hmm	382	DSO57v2|DSO57v2_025756-T1	545	3.3e-25	90	350	128	431	0.680628272251309
GT1.hmm	382	DSO57v2|DSO57v2_025757-T1	526	1.9e-31	72	361	82	426	0.756544502617801
GT1.hmm	382	DSO57v2|DSO57v2_025759-T1	545	3.1e-25	90	350	128	431	0.680628272251309
GT1.hmm	382	DSO57v2|DSO57v2_025761-T1	346	2.7e-30	210	362	45	241	0.39790575916230364
CE4.hmm	130	DSO57v2|DSO57v2_025837-T1	334	1.4e-29	10	124	115	232	0.8769230769230769
CE4.hmm	130	DSO57v2|DSO57v2_025838-T1	340	1.5e-29	10	124	115	232	0.8769230769230769
CE4.hmm	130	DSO57v2|DSO57v2_025839-T1	341	1.5e-29	10	124	115	232	0.8769230769230769
GH31.hmm	427	DSO57v2|DSO57v2_025903-T1	683	1.1e-124	2	346	321	683	0.8056206088992974
GH18.hmm	296	DSO57v2|DSO57v2_025965-T1	226	1e-42	4	162	14	212	0.5337837837837838
GH18.hmm	296	DSO57v2|DSO57v2_025966-T1	416	2.5e-73	4	284	14	383	0.9459459459459459
GH18.hmm	296	DSO57v2|DSO57v2_026043-T1	412	1.4e-74	2	284	17	400	0.9527027027027027
GH18.hmm	296	DSO57v2|DSO57v2_026044-T1	477	2.1e-75	2	284	19	402	0.9527027027027027
GH18.hmm	296	DSO57v2|DSO57v2_026045-T1	496	7.8e-74	2	284	20	403	0.9527027027027027
GT69.hmm	239	DSO57v2|DSO57v2_026092-T1	417	4e-57	1	237	92	352	0.9874476987447699
GT69.hmm	239	DSO57v2|DSO57v2_026093-T1	421	7.3e-58	1	237	86	346	0.9874476987447699
GT1.hmm	382	DSO57v2|DSO57v2_026256-T1	464	1.3e-26	143	330	130	350	0.4895287958115183
GT2_Chitin_synth_2.hmm	527	DSO57v2|DSO57v2_026314-T1	874	5.5e-26	192	522	346	664	0.6261859582542695
AA11.hmm	191	DSO57v2|DSO57v2_026379-T1	209	3e-37	11	163	38	176	0.7958115183246073
AA11.hmm	191	DSO57v2|DSO57v2_026380-T1	210	3.1e-39	1	164	16	176	0.8534031413612565
GT57.hmm	481	DSO57v2|DSO57v2_026440-T1	352	1.4e-101	2	269	62	342	0.5550935550935551
GT57.hmm	481	DSO57v2|DSO57v2_026440-T2	472	1.6e-125	2	404	62	455	0.8357588357588358
GT1.hmm	382	DSO57v2|DSO57v2_026490-T1	554	8.8e-28	205	352	256	436	0.38481675392670156
GT1.hmm	382	DSO57v2|DSO57v2_026492-T1	548	9.7e-25	89	361	124	446	0.7120418848167539
GT1.hmm	382	DSO57v2|DSO57v2_026493-T1	547	1.2e-26	219	361	258	445	0.3717277486910995
GH5_9.hmm	303	DSO57v2|DSO57v2_026581-T1	500	3.6e-105	1	303	152	464	0.9966996699669967
GH5_9.hmm	303	DSO57v2|DSO57v2_026584-T1	495	1.7e-105	1	303	150	462	0.9966996699669967
AA1_2.hmm	337	DSO57v2|DSO57v2_026680-T1	552	1.4e-50	4	237	39	277	0.6913946587537092
GH5_9.hmm	303	DSO57v2|DSO57v2_026759-T1	410	3e-99	2	303	76	384	0.9933993399339934
GH18.hmm	296	DSO57v2|DSO57v2_026768-T1	415	1.1e-60	6	285	20	354	0.9425675675675675
GT1.hmm	382	DSO57v2|DSO57v2_026845-T1	556	3.2e-27	74	352	116	443	0.7277486910994765
GT1.hmm	382	DSO57v2|DSO57v2_026847-T1	556	3.2e-27	74	352	116	443	0.7277486910994765
GH16_4.hmm	316	DSO57v2|DSO57v2_027317-T1	379	5.2e-102	1	274	41	322	0.8639240506329114
GH16_4.hmm	316	DSO57v2|DSO57v2_027319-T1	377	1.9e-85	1	247	33	284	0.7784810126582279
GH18.hmm	296	DSO57v2|DSO57v2_027351-T1	417	7.5e-69	5	284	20	370	0.9425675675675675
GH18.hmm	296	DSO57v2|DSO57v2_027352-T1	474	5.1e-79	5	284	20	391	0.9425675675675675
GH18.hmm	296	DSO57v2|DSO57v2_027516-T1	688	1.7e-17	4	216	22	274	0.7162162162162162
GT1.hmm	382	DSO57v2|DSO57v2_027860-T1	551	2.3e-30	169	361	212	451	0.5026178010471204
GT1.hmm	382	DSO57v2|DSO57v2_027865-T1	552	1.1e-32	158	361	201	451	0.5314136125654451
GT1.hmm	382	DSO57v2|DSO57v2_027868-T1	557	4.5e-30	185	361	248	463	0.4607329842931937
GH16_19.hmm	174	DSO57v2|DSO57v2_027873-T1	357	3.4e-45	4	174	99	258	0.9770114942528736
CE4.hmm	130	DSO57v2|DSO57v2_027877-T1	339	1.1e-27	7	125	112	233	0.9076923076923077
GH18.hmm	296	DSO57v2|DSO57v2_027880-T1	497	1.6e-63	3	245	159	491	0.8175675675675675
AA1.hmm	943	DSO57v2|DSO57v2_027892-T1	542	1.6e-62	450	794	34	386	0.3647932131495228
GH47.hmm	446	DSO57v2|DSO57v2_027899-T1	521	4.2e-156	1	445	67	509	0.9955156950672646
GH13_25.hmm	434	DSO57v2|DSO57v2_028203-T1	1493	6.6e-196	3	432	1042	1480	0.988479262672811
GH13_25.hmm	434	DSO57v2|DSO57v2_028203-T2	1272	4.8e-196	3	432	821	1259	0.988479262672811
AA3_2.hmm	568	DSO57v2|DSO57v2_028218-T1	583	3.6e-96	2	568	16	579	0.9964788732394366
AA7.hmm	458	DSO57v2|DSO57v2_028226-T1	478	1e-82	5	458	40	469	0.9890829694323144
GT3.hmm	637	DSO57v2|DSO57v2_028405-T1	699	5.6e-291	1	629	18	641	0.9858712715855573
AA11.hmm	191	DSO57v2|DSO57v2_028485-T1	265	2.5e-42	11	163	31	170	0.7958115183246073
GH47.hmm	446	DSO57v2|DSO57v2_028532-T1	545	1.1e-146	1	446	90	537	0.9977578475336323
GT39.hmm	223	DSO57v2|DSO57v2_028686-T1	725	7.3e-69	2	223	53	293	0.9910313901345291
AA7.hmm	458	DSO57v2|DSO57v2_028726-T1	471	1.4e-75	6	254	42	292	0.5414847161572053
AA7.hmm	458	DSO57v2|DSO57v2_028727-T1	474	9.5e-76	6	255	42	293	0.5436681222707423
AA7.hmm	458	DSO57v2|DSO57v2_028733-T1	474	1.8e-84	7	458	43	467	0.9847161572052402
GT15.hmm	273	DSO57v2|DSO57v2_028855-T1	248	5.1e-70	2	185	57	240	0.6703296703296703
GT2_Chitin_synth_2.hmm	527	DSO57v2|DSO57v2_028858-T1	489	1.8e-196	112	527	1	404	0.7874762808349146
GH47.hmm	446	DSO57v2|DSO57v2_029005-T1	473	1.3e-108	102	446	2	356	0.7713004484304933
AA7.hmm	458	DSO57v2|DSO57v2_029097-T1	485	1.9e-76	6	213	46	256	0.4519650655021834
GH37.hmm	491	DSO57v2|DSO57v2_029187-T1	623	6.5e-145	3	490	35	588	0.9918533604887984
GT4.hmm	160	DSO57v2|DSO57v2_029202-T1	294	1.1e-32	6	149	45	186	0.89375
GH47.hmm	446	DSO57v2|DSO57v2_029288-T1	384	4.2e-118	75	446	2	376	0.8318385650224215
GH47.hmm	446	DSO57v2|DSO57v2_029288-T2	561	2e-146	1	446	106	553	0.9977578475336323
GH47.hmm	446	DSO57v2|DSO57v2_029288-T3	502	1e-115	1	379	106	483	0.8475336322869955
GH16_19.hmm	174	DSO57v2|DSO57v2_029437-T1	207	2.4e-29	3	86	100	184	0.47701149425287354
GH3.hmm	216	DSO57v2|DSO57v2_029466-T1	772	1.1e-58	3	215	121	351	0.9814814814814815
GH3.hmm	216	DSO57v2|DSO57v2_029467-T1	771	2.9e-58	3	215	120	350	0.9814814814814815
AA11.hmm	191	DSO57v2|DSO57v2_029651-T1	215	1.8e-38	12	144	22	141	0.6910994764397905
GT2_Chitin_synth_2.hmm	527	DSO57v2|DSO57v2_029809-T1	432	5.7e-151	207	526	1	318	0.6053130929791272
GT2_Chitin_synth_1.hmm	163	DSO57v2|DSO57v2_029915-T1	818	3.1e-77	1	163	148	310	0.9938650306748467
GH17.hmm	311	DSO57v2|DSO57v2_029998-T1	324	1.7e-28	13	306	66	316	0.9421221864951769
GH16_4.hmm	316	DSO57v2|DSO57v2_030098-T1	398	2.8e-108	1	316	47	385	0.9968354430379747
GH16_4.hmm	316	DSO57v2|DSO57v2_030099-T1	383	5.9e-113	1	316	39	371	0.9968354430379747
GH16_4.hmm	316	DSO57v2|DSO57v2_030101-T1	312	4.4e-70	1	194	90	290	0.6107594936708861
GH16_4.hmm	316	DSO57v2|DSO57v2_030102-T1	412	1.5e-113	1	316	67	399	0.9968354430379747
GT48.hmm	739	DSO57v2|DSO57v2_030272-T1	1592	1.5e-286	1	727	572	1344	0.9824086603518268
GH72.hmm	312	DSO57v2|DSO57v2_030422-T1	517	7.3e-114	5	310	14	307	0.9775641025641025
GH72.hmm	312	DSO57v2|DSO57v2_030424-T1	431	6e-116	10	312	1	293	0.967948717948718
GH72.hmm	312	DSO57v2|DSO57v2_030425-T1	493	3e-114	15	311	1	287	0.9487179487179487
GT1.hmm	382	DSO57v2|DSO57v2_030551-T1	522	4.6e-20	153	353	187	409	0.5235602094240838
GT1.hmm	382	DSO57v2|DSO57v2_030553-T1	522	7e-21	166	354	200	415	0.49214659685863876
GH72.hmm	312	DSO57v2|DSO57v2_030660-T1	456	2.4e-51	5	310	13	291	0.9775641025641025
GH72.hmm	312	DSO57v2|DSO57v2_030757-T1	456	5.1e-51	5	310	13	291	0.9775641025641025
GT1.hmm	382	DSO57v2|DSO57v2_030813-T1	548	8.6e-31	154	351	195	437	0.5157068062827225
GT1.hmm	382	DSO57v2|DSO57v2_030814-T1	548	7.7e-33	97	351	131	436	0.6649214659685864
GT4.hmm	160	DSO57v2|DSO57v2_031073-T1	446	6e-36	8	157	208	383	0.93125
GH18.hmm	296	DSO57v2|DSO57v2_031097-T1	426	3.9e-64	2	284	18	387	0.9527027027027027
AA1_3.hmm	312	DSO57v2|DSO57v2_031167-T1	287	1.7e-56	12	266	30	280	0.8141025641025641
GH20.hmm	337	DSO57v2|DSO57v2_031175-T1	536	9.4e-99	7	336	150	488	0.9762611275964391
GH20.hmm	337	DSO57v2|DSO57v2_031177-T1	542	3.1e-97	4	336	151	492	0.9851632047477745
GH20.hmm	337	DSO57v2|DSO57v2_031179-T1	541	1.1e-97	5	336	151	491	0.9821958456973294
GT1.hmm	382	DSO57v2|DSO57v2_031248-T1	547	1.8e-26	91	359	120	442	0.7015706806282722
GT1.hmm	382	DSO57v2|DSO57v2_031407-T1	522	1.4e-20	183	353	217	409	0.44502617801047123
GT1.hmm	382	DSO57v2|DSO57v2_031408-T1	293	3.1e-22	198	354	5	185	0.4083769633507853
GH63.hmm	570	DSO57v2|DSO57v2_031579-T1	545	1.6e-25	318	567	328	543	0.4368421052631579
GT48.hmm	739	DSO57v2|DSO57v2_031583-T1	1925	1.9e-288	3	722	864	1636	0.972936400541272
GT1.hmm	382	DSO57v2|DSO57v2_031656-T1	404	9.6e-25	193	381	109	330	0.49214659685863876
GT1.hmm	382	DSO57v2|DSO57v2_031657-T1	522	1.1e-28	193	353	224	417	0.418848167539267
GT2_Chitin_synth_1.hmm	163	DSO57v2|DSO57v2_031707-T1	818	3.1e-77	1	163	148	310	0.9938650306748467
GH18.hmm	296	DSO57v2|DSO57v2_031773-T1	512	5.6e-69	2	284	18	394	0.9527027027027027
AA3_2.hmm	568	DSO57v2|DSO57v2_031804-T1	587	1.2e-107	1	568	20	584	0.9982394366197183
GT1.hmm	382	DSO57v2|DSO57v2_031919-T1	403	4.8e-25	130	354	36	298	0.5863874345549738
GT1.hmm	382	DSO57v2|DSO57v2_031921-T1	523	6.1e-21	150	334	180	405	0.4816753926701571
GT1.hmm	382	DSO57v2|DSO57v2_031922-T1	526	4.7e-24	170	354	220	420	0.4816753926701571
AA1_3.hmm	312	DSO57v2|DSO57v2_031972-T1	154	5.5e-29	10	132	15	136	0.391025641025641
GH13_8.hmm	293	DSO57v2|DSO57v2_032200-T1	723	5.5e-154	1	293	257	550	0.9965870307167235
AA11.hmm	191	DSO57v2|DSO57v2_032350-T1	251	3.6e-35	12	162	35	172	0.7853403141361257
GT39.hmm	223	DSO57v2|DSO57v2_032416-T1	770	2.6e-70	3	223	89	325	0.9865470852017937
GT39.hmm	223	DSO57v2|DSO57v2_032416-T2	635	5.5e-47	51	223	1	190	0.7713004484304933
GT39.hmm	223	DSO57v2|DSO57v2_032416-T3	661	1.9e-70	3	223	89	325	0.9865470852017937
GT39.hmm	223	DSO57v2|DSO57v2_032503-T1	606	5.5e-41	67	223	1	159	0.6995515695067265
GT8.hmm	257	DSO57v2|DSO57v2_032508-T1	321	4.9e-36	28	254	11	295	0.8793774319066148
GT2_Chitin_synth_2.hmm	527	DSO57v2|DSO57v2_032693-T1	395	5.1e-172	207	526	1	321	0.6053130929791272
GH18.hmm	296	DSO57v2|DSO57v2_032998-T1	415	1.1e-60	6	285	20	354	0.9425675675675675
AA11.hmm	191	DSO57v2|DSO57v2_033053-T1	308	1.3e-32	12	163	43	185	0.7905759162303665
AA3_2.hmm	568	DSO57v2|DSO57v2_033056-T1	588	1.4e-105	2	566	13	568	0.9929577464788732
GH47.hmm	446	DSO57v2|DSO57v2_033204-T1	288	1.5e-74	44	329	1	276	0.6390134529147982
GT2_Chitin_synth_2.hmm	527	DSO57v2|DSO57v2_033339-T1	1786	1.7e-231	6	526	1153	1654	0.9867172675521821
GH17.hmm	311	DSO57v2|DSO57v2_033357-T1	324	1.7e-28	14	306	67	316	0.9389067524115756
CBM63.hmm	78	DSO57v2|DSO57v2_033381-T1	190	8e-18	6	73	106	172	0.8589743589743589
GH5_9.hmm	303	DSO57v2|DSO57v2_033758-T1	412	2.8e-101	1	303	77	386	0.9966996699669967
GH5_9.hmm	303	DSO57v2|DSO57v2_033759-T1	415	3.1e-98	1	303	77	386	0.9966996699669967
AA11.hmm	191	DSO57v2|DSO57v2_033873-T1	224	2.6e-37	8	177	33	186	0.8848167539267016
AA7.hmm	458	DSO57v2|DSO57v2_033906-T1	485	3e-76	6	213	46	256	0.4519650655021834
GH47.hmm	446	DSO57v2|DSO57v2_033961-T1	341	1.6e-67	246	446	10	224	0.4484304932735426
GT1.hmm	382	DSO57v2|DSO57v2_034024-T1	567	2.2e-31	206	351	256	454	0.3795811518324607
GT1.hmm	382	DSO57v2|DSO57v2_034027-T1	296	3.6e-31	215	352	14	184	0.3586387434554974
GT2_Chitin_synth_2.hmm	527	DSO57v2|DSO57v2_034039-T1	1197	2e-72	22	491	383	824	0.889943074003795
GH17.hmm	311	DSO57v2|DSO57v2_034116-T1	311	1.9e-27	25	304	62	299	0.8971061093247589
CE1.hmm	227	DSO57v2|DSO57v2_034146-T1	285	4.4e-43	1	224	21	277	0.9823788546255506
AA2.hmm	255	DSO57v2|DSO57v2_034147-T1	307	1e-61	4	254	40	291	0.9803921568627451
GT2_Chitin_synth_2.hmm	527	DSO57v2|DSO57v2_034216-T1	1383	4.7e-153	4	357	1023	1359	0.6698292220113852
GH81.hmm	622	DSO57v2|DSO57v2_034227-T1	652	5.9e-168	16	622	31	647	0.9742765273311897
GT2_Glycos_transf_2.hmm	170	DSO57v2|DSO57v2_034331-T1	345	1.3e-26	1	169	68	250	0.9882352941176471
GT2_Glycos_transf_2.hmm	170	DSO57v2|DSO57v2_034331-T2	273	1.5e-25	1	118	68	199	0.6882352941176471
GT2_Glycos_transf_2.hmm	170	DSO57v2|DSO57v2_034331-T3	263	1.6e-21	13	169	2	168	0.9176470588235294
GH15.hmm	361	DSO57v2|DSO57v2_034332-T1	644	3.5e-75	3	360	264	636	0.9889196675900277
GH18.hmm	296	DSO57v2|DSO57v2_034346-T1	321	3.5e-34	138	284	3	200	0.49324324324324326
GH18.hmm	296	DSO57v2|DSO57v2_034347-T1	175	3.3e-27	2	119	18	175	0.3952702702702703
GH17.hmm	311	DSO57v2|DSO57v2_034396-T1	329	1.3e-19	5	300	56	309	0.9485530546623794
GH5_12.hmm	539	DSO57v2|DSO57v2_034518-T1	427	4.1e-51	320	539	53	266	0.40630797773654914
GH5_9.hmm	303	DSO57v2|DSO57v2_034569-T1	240	9.4e-57	98	303	2	214	0.6765676567656765
CE4.hmm	130	DSO57v2|DSO57v2_034585-T1	342	4.8e-26	8	124	113	232	0.8923076923076924
CE4.hmm	130	DSO57v2|DSO57v2_034586-T1	341	1.5e-29	10	124	115	232	0.8769230769230769
CE4.hmm	130	DSO57v2|DSO57v2_034587-T1	340	1.5e-29	10	124	115	232	0.8769230769230769
GH17.hmm	311	DSO57v2|DSO57v2_034608-T1	333	2.8e-20	5	301	60	314	0.9517684887459807
GT59.hmm	404	DSO57v2|DSO57v2_034613-T1	538	7.3e-96	2	403	104	489	0.9925742574257426
GT59.hmm	404	DSO57v2|DSO57v2_034613-T2	401	3.5e-66	2	314	104	401	0.7722772277227723
GT59.hmm	404	DSO57v2|DSO57v2_034613-T3	394	9.4e-72	61	403	11	345	0.8465346534653465
GT59.hmm	404	DSO57v2|DSO57v2_034613-T4	444	5.2e-96	2	403	10	395	0.9925742574257426
GH16_4.hmm	316	DSO57v2|DSO57v2_034790-T1	398	6.1e-109	1	316	47	385	0.9968354430379747
GH16_4.hmm	316	DSO57v2|DSO57v2_034791-T1	211	1.5e-53	127	316	1	199	0.5981012658227848
GH16_4.hmm	316	DSO57v2|DSO57v2_034796-T1	412	9.1e-114	1	316	67	399	0.9968354430379747
GH5_9.hmm	303	DSO57v2|DSO57v2_034838-T1	411	3.3e-99	1	303	75	384	0.9966996699669967
GH5_9.hmm	303	DSO57v2|DSO57v2_034839-T1	415	2e-102	1	303	77	386	0.9966996699669967
CE4.hmm	130	DSO57v2|DSO57v2_034913-T1	341	1.4e-27	9	124	114	232	0.8846153846153846
CE4.hmm	130	DSO57v2|DSO57v2_034914-T1	341	2.2e-29	9	124	114	232	0.8846153846153846
CBM21.hmm	107	DSO57v2|DSO57v2_035053-T1	362	2.3e-27	4	107	106	214	0.9626168224299065
GH5_12.hmm	539	DSO57v2|DSO57v2_035181-T1	967	1.5e-174	1	539	245	754	0.9981447124304267
AA11.hmm	191	DSO57v2|DSO57v2_035381-T1	411	3e-37	11	176	37	187	0.8638743455497382
AA11.hmm	191	DSO57v2|DSO57v2_035405-T1	351	8e-40	1	163	15	169	0.8481675392670157
AA11.hmm	191	DSO57v2|DSO57v2_035406-T1	352	3.5e-41	1	163	15	169	0.8481675392670157
AA11.hmm	191	DSO57v2|DSO57v2_035407-T1	352	3.5e-41	1	163	15	169	0.8481675392670157
AA11.hmm	191	DSO57v2|DSO57v2_035526-T1	201	1.7e-41	11	163	35	174	0.7958115183246073
AA11.hmm	191	DSO57v2|DSO57v2_035528-T1	285	1.4e-45	1	163	20	176	0.8481675392670157
GT1.hmm	382	DSO57v2|DSO57v2_035777-T1	549	1.9e-30	92	352	132	437	0.680628272251309
GH18.hmm	296	DSO57v2|DSO57v2_035814-T1	457	3.6e-56	3	285	9	385	0.9527027027027027
CE4.hmm	130	DSO57v2|DSO57v2_035838-T1	341	1.5e-29	10	124	115	232	0.8769230769230769
GT2_Chitin_synth_2.hmm	527	DSO57v2|DSO57v2_035916-T1	1509	2.8e-58	18	256	1065	1287	0.45161290322580644
AA3_2.hmm	568	DSO57v2|DSO57v2_035929-T1	587	5.2e-107	1	568	20	584	0.9982394366197183
GT1.hmm	382	DSO57v2|DSO57v2_035946-T1	513	3.5e-20	202	353	231	404	0.39528795811518325
AA7.hmm	458	DSO57v2|DSO57v2_035990-T1	478	6.8e-98	5	458	49	475	0.9890829694323144
GH16_2.hmm	326	DSO57v2|DSO57v2_036011-T1	485	3.1e-137	1	326	113	433	0.9969325153374233
GT1.hmm	382	DSO57v2|DSO57v2_036117-T1	527	1.8e-26	143	330	193	413	0.4895287958115183
GH81.hmm	622	DSO57v2|DSO57v2_036289-T1	699	5.5e-172	14	622	75	694	0.977491961414791
GH16_19.hmm	174	DSO57v2|DSO57v2_036322-T1	335	9.6e-52	4	174	103	263	0.9770114942528736
GH16_2.hmm	326	DSO57v2|DSO57v2_036366-T1	485	7.2e-138	1	326	113	433	0.9969325153374233
GH16_2.hmm	326	DSO57v2|DSO57v2_036366-T2	353	3.6e-126	21	326	1	301	0.9355828220858896
GH81.hmm	622	DSO57v2|DSO57v2_036371-T1	699	3.3e-172	14	622	75	694	0.977491961414791
CE4.hmm	130	DSO57v2|DSO57v2_036394-T1	338	1.5e-29	9	124	113	231	0.8846153846153846
GH16_3.hmm	230	DSO57v2|DSO57v2_036398-T1	459	1.1e-66	1	230	184	450	0.9956521739130435
GH18.hmm	296	DSO57v2|DSO57v2_036485-T1	408	5.5e-50	94	284	18	287	0.6418918918918919
GH132.hmm	303	DSO57v2|DSO57v2_036547-T1	653	2.5e-43	50	295	396	633	0.8085808580858086
AA6.hmm	195	DSO57v2|DSO57v2_036652-T1	208	2.3e-80	1	194	6	200	0.9897435897435898
AA11.hmm	191	DSO57v2|DSO57v2_036758-T1	227	7.7e-45	1	163	15	172	0.8481675392670157
GT1.hmm	382	DSO57v2|DSO57v2_036787-T1	551	1.9e-29	170	361	213	451	0.5
GT1.hmm	382	DSO57v2|DSO57v2_036788-T1	552	4e-33	172	361	215	451	0.49476439790575916
GT1.hmm	382	DSO57v2|DSO57v2_036789-T1	552	1.2e-32	160	361	203	451	0.5261780104712042
GT48.hmm	739	DSO57v2|DSO57v2_037120-T1	1925	1.9e-288	3	722	864	1636	0.972936400541272
GH37.hmm	491	DSO57v2|DSO57v2_037156-T1	290	9.2e-67	3	236	43	278	0.4745417515274949
GT1.hmm	382	DSO57v2|DSO57v2_037288-T1	551	1.4e-30	92	352	134	439	0.680628272251309
AA6.hmm	195	DSO57v2|DSO57v2_037494-T1	172	1.6e-59	46	190	19	163	0.7384615384615385
GH16_4.hmm	316	DSO57v2|DSO57v2_037579-T1	412	1.5e-113	1	316	67	399	0.9968354430379747
GT4.hmm	160	DSO57v2|DSO57v2_037797-T1	416	3.5e-23	7	134	210	356	0.79375
GT4.hmm	160	DSO57v2|DSO57v2_037797-T2	505	3.3e-21	7	134	288	445	0.79375
GT4.hmm	160	DSO57v2|DSO57v2_037797-T3	434	1.4e-22	7	125	288	422	0.7375
AA3_2.hmm	568	DSO57v2|DSO57v2_037984-T1	375	7.2e-80	194	566	6	374	0.6549295774647887
GT2_Chitin_synth_2.hmm	527	DSO57v2|DSO57v2_037995-T1	645	5.7e-59	18	256	201	423	0.45161290322580644
GT1.hmm	382	DSO57v2|DSO57v2_038077-T1	549	8.3e-29	212	359	244	449	0.38481675392670156
GH81.hmm	622	DSO57v2|DSO57v2_038182-T1	591	3.5e-157	51	622	5	585	0.9180064308681672
CE4.hmm	130	DSO57v2|DSO57v2_038233-T1	342	3.9e-26	8	124	113	232	0.8923076923076924
GT20.hmm	475	DSO57v2|DSO57v2_038250-T1	767	2.2e-160	12	474	13	487	0.9726315789473684
GH72.hmm	312	DSO57v2|DSO57v2_038291-T1	495	1.2e-109	15	310	1	284	0.9455128205128205
GT2_Chitin_synth_1.hmm	163	DSO57v2|DSO57v2_038347-T1	442	1e-77	1	163	167	329	0.9938650306748467
AA11.hmm	191	DSO57v2|DSO57v2_038473-T1	285	1.4e-45	1	163	20	176	0.8481675392670157
AA11.hmm	191	DSO57v2|DSO57v2_038474-T1	293	5.3e-41	12	167	41	178	0.8115183246073299
GH5_12.hmm	539	DSO57v2|DSO57v2_038615-T1	233	3.2e-79	3	216	21	225	0.39517625231910947
GT2_Chitin_synth_2.hmm	527	DSO57v2|DSO57v2_038750-T1	876	5.5e-250	22	526	275	770	0.9563567362428842
GH5_12.hmm	539	DSO57v2|DSO57v2_038768-T1	703	4e-186	3	538	16	547	0.9925788497217068
GH5_12.hmm	539	DSO57v2|DSO57v2_038768-T2	709	4.1e-186	3	538	16	547	0.9925788497217068
GT1.hmm	382	DSO57v2|DSO57v2_038771-T1	513	3.5e-18	202	353	231	404	0.39528795811518325
GT48.hmm	739	DSO57v2|DSO57v2_038773-T1	1731	9e-292	3	726	872	1637	0.9783491204330176
CE4.hmm	130	DSO57v2|DSO57v2_038995-T1	342	3.9e-26	8	124	113	232	0.8923076923076924
GH17.hmm	311	DSO57v2|DSO57v2_039198-T1	292	2.3e-28	2	305	22	282	0.9742765273311897
AA11.hmm	191	DSO57v2|DSO57v2_039318-T1	156	2.3e-39	1	145	15	154	0.7539267015706806
AA7.hmm	458	DSO57v2|DSO57v2_039327-T1	339	6.8e-77	6	213	49	259	0.4519650655021834
GH5_9.hmm	303	DSO57v2|DSO57v2_039376-T1	415	7.1e-100	1	303	77	386	0.9966996699669967
GH5_9.hmm	303	DSO57v2|DSO57v2_039389-T1	347	1.1e-87	1	264	75	344	0.8679867986798679
GH37.hmm	491	DSO57v2|DSO57v2_039421-T1	721	6e-144	2	489	15	574	0.9918533604887984
GH47.hmm	446	DSO57v2|DSO57v2_039474-T1	471	4.3e-121	2	446	37	469	0.9955156950672646
