Gene ID	CAZy ID	% Identical	Length	Mismatches	Gap Open	Gene Start	Gene End	CAZy Start	CAZy End	E Value	Bit Score
DFQ17|DFQ17_000016-T1	BAF41225.1|GT2|	48.6	998	426	20	153	1095	196	1161	1.47e-299	887
DFQ17|DFQ17_000025-T1	AVM55139.1|GH65|	38.7	702	386	18	51	737	682	1354	5.41e-146	466
DFQ17|DFQ17_000160-T1	APF18717.1|GH3|	41.9	737	396	10	43	767	30	746	5.36e-190	564
DFQ17|DFQ17_000237-T1	AAD30975.1|GT2|2.4.1.83	72.0	236	66	0	2	237	31	266	5.10e-124	357
DFQ17|DFQ17_000278-T1	APF18717.1|GH3|	41.1	738	408	13	19	746	27	747	2.42e-181	541
DFQ17|DFQ17_000340-T1	CAB95998.1|GT20|2.4.1.15	63.4	473	173	0	30	502	9	481	1.10e-228	643
DFQ17|DFQ17_000377-T1	ADK37847.1|GH18|	59.2	287	115	1	125	411	1	285	4.45e-121	358
DFQ17|DFQ17_000403-T1	AAQ72769.1|GH16_2|	50.8	388	182	5	105	487	292	675	1.17e-126	388
DFQ17|DFQ17_000485-T1	QLI73446.1|AA2|	59.4	330	125	5	35	360	35	359	6.36e-130	380
DFQ17|DFQ17_000500-T1	EAL89135.1|GT20|	64.6	469	165	1	2	469	7	475	3.95e-230	645
DFQ17|DFQ17_000516-T1	CCA15473.1|GH72|	46.7	377	188	6	34	401	579	951	2.56e-105	337
DFQ17|DFQ17_000528-T1	ANB11329.1|GT3|	71.0	638	172	4	8	636	3	636	0.0	939
DFQ17|DFQ17_000530-T1	QKX60254.1|GH76|	49.9	781	369	6	208	980	1	767	3.42e-246	733
DFQ17|DFQ17_000626-T1	AWP04987.1|GT13|	47.5	882	434	10	66	941	68	926	6.95e-283	836
DFQ17|DFQ17_000721-T1	CDS07484.1|CBM43|GH72|	46.2	478	237	11	17	479	19	491	1.94e-135	406
DFQ17|DFQ17_000730-T1	CDS05746.1|GH5_9|	48.1	426	202	9	116	532	10	425	1.01e-136	407
DFQ17|DFQ17_000767-T1	CDS12806.1|GH31|	42.1	821	427	15	59	845	68	874	1.90e-225	662
DFQ17|DFQ17_000769-T1	CDS12806.1|GH31|	39.4	884	484	16	8	854	7	875	2.49e-224	660
DFQ17|DFQ17_000838-T1	VWO94258.1|CBM1|GH5_5|	45.9	669	308	15	32	660	392	1046	2.35e-163	500
DFQ17|DFQ17_000889-T1	AIG55828.1|GH20|	32.1	1105	609	30	22	1087	57	1059	6.50e-171	535
DFQ17|DFQ17_000927-T1	CDS08031.1|GT2|	45.1	1706	835	28	25	1657	13	1690	0.0	1396
DFQ17|DFQ17_001004-T1	CDS11103.1|GT66|	62.6	732	251	3	4	720	4	727	0.0	920
DFQ17|DFQ17_001073-T1	QLI66121.1|AA3|	41.2	639	301	15	9	582	14	642	4.44e-145	438
DFQ17|DFQ17_001141-T1	CDS05465.1|GH47|	50.0	462	219	3	1	450	60	521	1.36e-152	450
DFQ17|DFQ17_001205-T1	CAD26699.1|GH13_5|3.2.1.1	42.1	492	262	7	4	487	6	482	1.79e-136	407
DFQ17|DFQ17_001248-T1	APU66165.1|GH18|	70.8	284	79	3	56	339	1	280	4.18e-148	427
DFQ17|DFQ17_001318-T1	VUW72999.1|AA1|	51.0	653	282	11	126	750	19	661	1.77e-195	592
DFQ17|DFQ17_001380-T1	CDS07813.1|GH37|	43.3	594	283	10	41	631	32	574	6.29e-159	473
DFQ17|DFQ17_001388-T1	CDS05746.1|GH5_9|	50.1	425	201	6	76	492	4	425	5.64e-166	480
DFQ17|DFQ17_001389-T1	AMJ52391.1|GH47|	44.2	484	248	11	83	555	95	567	2.20e-128	391
DFQ17|DFQ17_001543-T1	AAM33305.1|CBM48|GH13_8|	64.7	679	227	6	79	755	14	681	0.0	934
DFQ17|DFQ17_001625-T1	CDS08031.1|GT2|	43.9	1714	835	34	24	1649	13	1687	0.0	1274
DFQ17|DFQ17_001673-T1	QKD62991.1|GH12|	36.6	576	359	3	132	707	1094	1663	1.91e-107	365
DFQ17|DFQ17_001763-T1	AGR44467.1|GH20|	36.4	557	313	10	129	658	32	574	5.56e-114	358
DFQ17|DFQ17_001776-T1	QBQ55251.1|CBM50|	36.0	910	532	12	2	890	14	894	1.21e-161	506
DFQ17|DFQ17_001815-T1	QBZ54211.1|GH47|	47.9	864	362	16	7	811	631	1465	5.66e-222	671
DFQ17|DFQ17_001856-T1	BBN14963.1|CBM20|	49.3	404	194	7	11	406	397	797	1.48e-126	389
DFQ17|DFQ17_001864-T1	QGI86474.1|GH125|	42.2	460	222	6	100	527	43	490	4.97e-113	362
DFQ17|DFQ17_001922-T1	SDT63342.1|CBM51|GH31|	46.9	731	352	13	19	720	37	760	4.03e-214	639
DFQ17|DFQ17_001928-T1	AHX26715.1|GT2|	33.8	785	436	21	71	790	35	800	1.83e-107	391
DFQ17|DFQ17_002071-T1	QDS71450.1|GH47|	61.7	316	121	0	4	319	1040	1355	1.28e-132	416
DFQ17|DFQ17_002096-T1	AWP09643.1|CBM13|GT27|	49.9	389	190	3	15	399	574	961	3.87e-128	401
DFQ17|DFQ17_002104-T1	CDS11103.1|GT66|	62.7	724	263	2	4	720	4	727	0.0	918
DFQ17|DFQ17_002136-T1	QGI79035.1|GH43_30|	72.1	390	108	1	3	391	459	848	1.63e-190	580
DFQ17|DFQ17_002151-T1	CDS03648.1|GT2|	35.6	986	542	20	11	920	8	976	5.78e-162	525
DFQ17|DFQ17_002177-T1	CAN65674.1|GH28|	36.8	571	322	12	110	671	89	629	8.90e-108	360
DFQ17|DFQ17_002178-T1	CDS10110.1|GT15|	59.6	307	122	1	65	371	67	371	2.33e-139	405
DFQ17|DFQ17_002220-T1	CDS13004.1|GT20|	51.8	761	356	7	39	794	25	779	1.59e-291	825
DFQ17|DFQ17_002237-T1	QDS71450.1|GH47|	61.4	316	122	0	4	319	1040	1355	3.46e-132	414
DFQ17|DFQ17_002286-T1	CAN80640.1|GT47|	52.3	428	197	5	6	428	937	1362	2.54e-150	465
DFQ17|DFQ17_002339-T1	ATY64850.1|GT48|	51.8	1783	747	23	196	1950	361	2059	0.0	1720
DFQ17|DFQ17_002693-T1	CDS13578.1|GH5_12|	43.7	689	345	12	627	1284	18	694	7.50e-187	573
DFQ17|DFQ17_002704-T1	AAB84284.1|GT2|2.4.1.16	49.8	1005	413	24	160	1103	205	1178	1.02e-294	868
DFQ17|DFQ17_002747-T1	CAN97272.1|GH81|	38.6	676	362	15	62	711	69	717	5.24e-150	457
DFQ17|DFQ17_002802-T1	APU66165.1|GH18|	71.5	284	77	3	41	324	1	280	4.26e-151	435
DFQ17|DFQ17_002807-T1	CDS09314.1|GT39|	50.1	687	311	4	55	714	109	790	2.02e-230	669
DFQ17|DFQ17_002812-T1	APU66165.1|GH18|	70.4	284	80	3	54	337	1	280	1.24e-147	427
DFQ17|DFQ17_002980-T1	CEF87088.1|AA3|	38.9	619	312	14	22	583	24	633	1.64e-123	382
DFQ17|DFQ17_002981-T1	CEF87088.1|AA3|	38.3	626	307	17	22	584	24	633	9.43e-116	362
DFQ17|DFQ17_002993-T1	CDS05871.1|GT2|	56.2	767	324	4	59	820	93	852	6.72e-303	857
DFQ17|DFQ17_003019-T1	SDT63342.1|CBM51|GH31|	48.1	688	327	11	19	684	37	716	1.13e-216	645
DFQ17|DFQ17_003086-T1	ADK37847.1|GH18|	58.8	284	114	2	125	407	1	282	4.91e-118	350
DFQ17|DFQ17_003154-T1	CCA15473.1|GH72|	54.2	389	173	4	1	385	565	952	1.57e-134	412
DFQ17|DFQ17_003218-T1	ADK37844.1|GH16_4|	53.8	342	136	5	53	393	1	321	2.86e-133	389
DFQ17|DFQ17_003261-T1	AMJ52391.1|GH47|	43.0	474	232	12	40	482	101	567	2.47e-115	355
DFQ17|DFQ17_003325-T1	QKD62991.1|GH12|	35.9	577	362	5	168	743	1094	1663	9.22e-104	356
DFQ17|DFQ17_003470-T1	QLI73446.1|AA2|	65.3	277	92	3	89	362	84	359	1.29e-127	375
DFQ17|DFQ17_003599-T1	QKX53450.1|GH81|	56.9	378	137	3	28	379	969	1346	1.33e-117	375
DFQ17|DFQ17_003624-T1	QCE13289.1|CE8|	53.7	406	154	7	10	392	417	811	2.96e-130	412
DFQ17|DFQ17_003691-T1	QBQ55251.1|CBM50|	33.9	984	523	17	17	994	34	896	3.52e-144	463
DFQ17|DFQ17_003789-T1	CDS06367.1|GH38|	48.1	1044	525	8	19	1059	25	1054	0.0	1030
DFQ17|DFQ17_003833-T1	EAA65303.1|GT0|	47.5	895	417	10	33	914	727	1581	1.97e-267	795
DFQ17|DFQ17_003857-T1	CDS09314.1|GT39|	49.8	444	213	3	1	439	350	788	4.98e-143	434
DFQ17|DFQ17_003954-T1	EAA31326.1|GH71|	45.8	601	298	8	93	675	628	1218	8.07e-154	481
DFQ17|DFQ17_003998-T1	AFK25797.1|GT2|	46.8	836	347	14	532	1314	90	880	7.18e-220	674
DFQ17|DFQ17_004079-T1	CDS06367.1|GH38|	47.9	1042	527	8	136	1174	25	1053	0.0	1036
DFQ17|DFQ17_004166-T1	AVI60826.1|GT22|	63.3	425	141	7	10	426	583	1000	1.46e-162	510
DFQ17|DFQ17_004224-T1	CDS07743.1|GT2|	53.9	908	359	14	10	873	61	952	5.58e-313	898
DFQ17|DFQ17_004254-T1	CDS08031.1|GT2|	36.3	1173	647	25	19	1108	9	1164	1.54e-219	683
DFQ17|DFQ17_004267-T1	AIE96983.1|GT7|	30.9	1229	693	28	92	1203	7	1196	3.51e-152	508
DFQ17|DFQ17_004276-T1	CDS05746.1|GH5_9|	48.7	433	205	9	110	533	2	426	2.53e-145	429
DFQ17|DFQ17_004305-T1	CBA03971.1|GT30|	65.7	399	124	3	7	399	4	395	2.10e-177	526
DFQ17|DFQ17_004346-T1	CDS13004.1|GT20|	51.6	762	358	6	50	806	24	779	1.22e-291	825
DFQ17|DFQ17_004405-T1	ACZ81482.1|GT39|	44.6	733	338	11	53	755	67	761	3.66e-204	602
DFQ17|DFQ17_004424-T1	QKX53460.1|AA4|	49.0	429	202	7	28	454	624	1037	2.22e-129	404
DFQ17|DFQ17_004465-T1	QCW79542.1|GH101|	54.5	457	200	2	102	550	612	1068	1.77e-165	502
DFQ17|DFQ17_004494-T1	VBB76690.1|AA3|	37.8	619	323	17	24	587	27	638	2.51e-114	359
DFQ17|DFQ17_004565-T1	CDS12794.1|GT39|	47.3	662	340	5	86	743	93	749	9.72e-207	606
DFQ17|DFQ17_004593-T1	CED83340.1|GT31|	32.8	888	467	20	282	1047	957	1836	1.34e-116	402
DFQ17|DFQ17_004649-T1	CDS07813.1|GH37|	43.2	595	282	10	41	631	32	574	1.54e-162	483
DFQ17|DFQ17_004657-T1	CDS11918.1|CBM43|GH72|	45.7	486	240	13	14	486	12	486	5.44e-133	399
DFQ17|DFQ17_004740-T1	AVM55139.1|GH65|	38.5	698	393	18	52	738	682	1354	1.85e-149	475
DFQ17|DFQ17_004752-T1	ADK37846.1|GH18|	72.1	294	79	2	30	322	1	292	1.04e-152	442
DFQ17|DFQ17_004769-T1	CDS05411.1|GT3|	69.5	642	181	4	7	634	3	643	0.0	941
DFQ17|DFQ17_004829-T1	CBX99002.1|GH18|	55.4	303	107	6	1	277	1	301	5.21e-105	327
DFQ17|DFQ17_004996-T1	CEF87088.1|AA3|	38.4	633	288	16	16	558	14	634	1.35e-123	382
DFQ17|DFQ17_005018-T1	BBN14963.1|CBM20|	49.3	404	194	7	11	406	397	797	8.84e-126	387
DFQ17|DFQ17_005049-T1	AWP04987.1|GT13|	49.2	850	418	9	82	925	84	925	1.86e-287	847
DFQ17|DFQ17_005079-T1	CAC9909034.1|GT8|	63.8	373	134	1	20	392	347	718	1.90e-167	490
DFQ17|DFQ17_005103-T1	CDS03806.1|GT48|	51.9	1768	796	17	88	1836	164	1895	0.0	1734
DFQ17|DFQ17_005231-T1	AHX26715.1|GT2|	33.8	785	436	21	59	778	35	800	4.06e-107	390
DFQ17|DFQ17_005420-T1	CDS08031.1|GT2|	44.7	1719	846	29	13	1657	3	1690	0.0	1398
DFQ17|DFQ17_005467-T1	AIT83212.1|GT4|	64.9	299	102	2	9	306	18	314	2.51e-129	390
DFQ17|DFQ17_005515-T1	AWP12516.1|GT29|	37.6	672	375	18	7	668	438	1075	7.81e-124	409
DFQ17|DFQ17_005566-T1	QKD53806.1|AA3|	36.3	653	347	14	33	637	21	652	2.67e-124	387
DFQ17|DFQ17_005631-T1	CDS12794.1|GT39|	40.9	866	332	6	71	935	67	753	9.63e-206	610
DFQ17|DFQ17_005643-T1	QGI79035.1|GH43_30|	72.6	390	106	1	3	391	459	848	1.54e-191	583
DFQ17|DFQ17_005663-T1	ADK37846.1|GH18|	73.1	294	76	2	30	322	1	292	1.37e-157	454
DFQ17|DFQ17_005676-T1	CDS12794.1|GT39|	40.8	867	332	5	71	936	67	753	8.78e-213	628
DFQ17|DFQ17_005722-T1	QKD53806.1|AA3|	36.1	638	342	12	43	634	35	652	1.64e-121	379
DFQ17|DFQ17_005766-T1	CEF87088.1|AA3|	41.6	623	287	17	75	632	24	634	1.98e-135	415
DFQ17|DFQ17_005815-T1	BAA34296.1|GT4|	44.9	425	222	8	1	417	6	426	4.72e-114	347
DFQ17|DFQ17_005845-T1	AIT83212.1|GT4|	65.7	300	100	2	8	306	17	314	2.26e-133	401
DFQ17|DFQ17_005940-T1	CAN80640.1|GT47|	51.9	428	199	5	6	428	937	1362	2.80e-148	459
DFQ17|DFQ17_006150-T1	CDS05327.1|GT2|	32.7	799	474	22	27	778	24	805	1.24e-107	369
DFQ17|DFQ17_006211-T1	CBX99002.1|GH18|	55.8	303	106	6	1	277	1	301	3.70e-105	327
DFQ17|DFQ17_006267-T1	CDS09097.1|GH15|	57.6	675	260	6	14	671	65	730	2.83e-278	784
DFQ17|DFQ17_006273-T1	QGI67417.1|GH18|	58.0	441	173	6	3	434	381	818	3.93e-153	462
DFQ17|DFQ17_006310-T1	CDS13455.1|GH63|	37.0	835	414	19	1	820	67	804	2.18e-182	548
DFQ17|DFQ17_006314-T1	ADK37846.1|GH18|	73.5	294	76	1	55	348	1	292	1.22e-161	461
DFQ17|DFQ17_006318-T1	CDS09097.1|GH15|	57.4	676	260	7	40	697	65	730	1.13e-274	776
DFQ17|DFQ17_006359-T1	CDS10110.1|GT15|	55.4	312	136	2	94	405	63	371	2.53e-130	384
DFQ17|DFQ17_006363-T1	EGX51249.1|GT1|	35.3	1231	614	27	117	1191	233	1436	5.60e-225	694
DFQ17|DFQ17_006366-T1	AKU79211.1|GH20|	37.6	611	304	11	107	643	25	632	3.00e-129	399
DFQ17|DFQ17_006461-T1	CDS10611.1|GT21|	47.5	345	170	2	56	389	54	398	5.44e-104	322
DFQ17|DFQ17_006473-T1	CDS09089.1|GT41|	41.7	765	339	17	336	1008	281	1030	9.46e-128	427
DFQ17|DFQ17_006475-T1	CEI70340.1|AA3|	40.9	626	294	15	28	588	24	638	8.56e-136	414
DFQ17|DFQ17_006554-T1	QCW79542.1|GH101|	54.5	457	200	2	102	550	612	1068	1.77e-165	502
DFQ17|DFQ17_006561-T1	CCE40564.1|GH5_9|	40.1	384	218	5	22	402	30	404	4.15e-103	317
DFQ17|DFQ17_006578-T1	APA14319.1|GH5_12|	39.0	721	372	20	11	682	5	706	1.13e-153	470
DFQ17|DFQ17_006579-T1	CCA77894.1|GH13_25|GH133|	46.5	1547	763	23	21	1526	74	1596	0.0	1368
DFQ17|DFQ17_006642-T1	QBQ55251.1|CBM50|	31.6	851	502	17	58	888	33	823	6.71e-104	355
DFQ17|DFQ17_006660-T1	ADK37844.1|GH16_4|	67.7	322	102	2	57	377	1	321	8.64e-171	483
DFQ17|DFQ17_006703-T1	CBX97977.1|GH5_12|	39.2	712	376	19	11	682	5	699	6.58e-157	478
DFQ17|DFQ17_006704-T1	CCA77894.1|GH13_25|GH133|	45.5	1547	757	23	21	1505	74	1596	0.0	1317
DFQ17|DFQ17_006718-T1	CAN97272.1|GH81|	39.1	668	370	15	65	714	69	717	2.80e-147	451
DFQ17|DFQ17_006750-T1	AHX26715.1|GT2|	33.3	769	439	16	77	788	35	786	3.95e-111	397
DFQ17|DFQ17_006789-T1	ABL63820.1|GT48|	53.1	1733	721	20	255	1959	192	1861	0.0	1746
DFQ17|DFQ17_006816-T1	BAA11053.1|GH31|3.2.1.20	42.4	798	407	15	22	775	17	805	1.06e-216	639
DFQ17|DFQ17_006963-T1	CCA14548.1|GT2|	52.8	316	145	3	3	316	441	754	6.03e-111	343
DFQ17|DFQ17_006989-T1	CAC9909034.1|GT8|	68.2	399	126	1	2	400	325	722	4.42e-183	530
DFQ17|DFQ17_007059-T1	QGI67417.1|GH18|	58.5	441	171	6	3	434	381	818	1.93e-153	464
DFQ17|DFQ17_007078-T1	ATU90724.1|CBM50|	36.4	522	305	8	30	537	25	533	7.03e-106	337
DFQ17|DFQ17_007140-T1	QKD55908.1|GH18|	31.4	1151	635	29	48	1085	1079	2187	9.06e-140	472
DFQ17|DFQ17_007152-T1	AAX19735.1|GH37|	65.8	666	217	4	79	744	48	702	0.0	937
DFQ17|DFQ17_007204-T1	CDS03190.1|GH0|	50.4	1221	497	15	31	1143	16	1235	0.0	1109
DFQ17|DFQ17_007363-T1	AQU42542.1|CBM48|GH13_8|	65.1	681	221	8	81	756	10	678	0.0	932
DFQ17|DFQ17_007460-T1	AWO98658.1|GH37|	64.3	401	142	1	18	417	69	469	1.48e-180	540
DFQ17|DFQ17_007546-T1	VDC69778.1|CE8|	42.1	615	340	9	121	726	658	1265	1.29e-154	486
DFQ17|DFQ17_007620-T1	AIE96983.1|GT7|	35.3	748	418	12	1130	1851	485	1192	2.03e-118	422
DFQ17|DFQ17_007641-T1	EGX49587.1|GT2|	50.7	1041	398	22	180	1182	192	1155	0.0	930
DFQ17|DFQ17_007679-T1	CEF83977.1|GT1|	35.9	1145	601	26	139	1180	265	1379	4.03e-213	661
DFQ17|DFQ17_007697-T1	ADK37846.1|GH18|	65.9	296	97	2	61	356	1	292	3.90e-143	419
DFQ17|DFQ17_007712-T1	APU66165.1|GH18|	65.5	284	75	4	31	295	1	280	2.73e-133	389
DFQ17|DFQ17_007725-T1	CDS04796.1|CE9|	55.4	428	160	5	5	402	6	432	2.75e-163	469
DFQ17|DFQ17_007745-T1	CDS05871.1|GT2|	55.6	768	328	5	59	821	93	852	8.00e-302	855
DFQ17|DFQ17_007809-T1	VDD19117.1|GT95|	80.1	302	58	2	3	303	75	375	3.44e-163	474
DFQ17|DFQ17_007874-T1	CDS09089.1|GT41|	48.9	1222	488	21	4	1133	320	1496	0.0	974
DFQ17|DFQ17_007968-T1	ADK37844.1|GH16_4|	67.4	322	103	2	56	376	1	321	1.37e-169	480
DFQ17|DFQ17_007976-T1	AVM55139.1|GH65|	33.8	727	429	16	46	761	674	1359	1.52e-120	398
DFQ17|DFQ17_008047-T1	QKX55195.1|GT2|	48.3	1078	452	21	148	1172	414	1439	0.0	938
DFQ17|DFQ17_008053-T1	QDS71450.1|GH47|	48.6	350	152	5	19	365	1038	1362	9.35e-105	341
DFQ17|DFQ17_008075-T1	AWK40335.1|GH6|	37.1	704	427	9	35	729	180	876	6.95e-144	447
DFQ17|DFQ17_008100-T1	BAA01021.1|CBM19|GH18|3.2.1.14	46.4	416	197	10	26	427	30	433	1.68e-114	350
DFQ17|DFQ17_008143-T1	CDS08047.1|GT15|	54.1	314	137	3	45	352	69	381	2.40e-119	354
DFQ17|DFQ17_008185-T1	QEO24085.1|GH47|	49.7	384	184	4	21	399	825	1204	2.21e-118	376
DFQ17|DFQ17_008336-T1	ABL63820.1|GT48|	53.2	1732	722	19	256	1960	192	1861	0.0	1746
DFQ17|DFQ17_008359-T1	CCD47155.1|GT35|	57.8	839	349	5	44	881	41	875	0.0	982
DFQ17|DFQ17_008420-T1	AVM55139.1|GH65|	38.2	706	392	18	52	742	682	1358	8.01e-144	460
DFQ17|DFQ17_008522-T1	CDS10110.1|GT15|	54.8	321	142	2	106	426	54	371	1.73e-128	380
DFQ17|DFQ17_008564-T1	QDS71450.1|GH47|	56.5	340	138	3	5	344	1035	1364	1.89e-126	400
DFQ17|DFQ17_008622-T1	AWO98658.1|GH37|	64.3	401	142	1	18	417	69	469	6.66e-181	541
DFQ17|DFQ17_008856-T1	CDS05700.1|GT33|	43.8	447	232	10	3	442	51	485	7.75e-108	332
DFQ17|DFQ17_009026-T1	QCE13289.1|CE8|	53.1	407	161	6	9	389	409	811	3.64e-131	414
DFQ17|DFQ17_009058-T1	QKX60254.1|GH76|	49.2	799	362	8	112	898	1	767	1.98e-247	733
DFQ17|DFQ17_009077-T1	ABN67731.1|GH5_9|	43.1	390	208	6	75	460	35	414	4.66e-109	335
DFQ17|DFQ17_009105-T1	CDS05640.1|GH20|	46.7	467	212	9	20	468	5	452	2.02e-136	414
DFQ17|DFQ17_009255-T1	CDS05700.1|GT33|	43.7	446	233	10	3	441	51	485	6.68e-109	335
DFQ17|DFQ17_009263-T1	CDS02746.1|GT4|	57.3	351	148	1	1	351	76	424	4.62e-137	402
DFQ17|DFQ17_009361-T1	AAD30975.1|GT2|2.4.1.83	71.6	236	67	0	2	237	31	266	1.39e-121	350
DFQ17|DFQ17_009465-T1	CDS05327.1|GT2|	36.4	892	510	16	23	873	26	901	7.17e-148	484
DFQ17|DFQ17_009532-T1	CAN97272.1|GH81|	38.7	659	372	14	64	703	73	718	3.54e-141	434
DFQ17|DFQ17_009560-T1	QHG77622.1|CBM50|	78.4	222	47	1	69	289	55	276	8.90e-122	358
DFQ17|DFQ17_009637-T1	QKD55908.1|GH18|	31.3	1135	625	26	48	1070	1079	2170	1.18e-140	474
DFQ17|DFQ17_009660-T1	AKU79211.1|GH20|	37.7	620	295	14	20	555	25	637	1.62e-137	418
DFQ17|DFQ17_009729-T1	CDS08031.1|GT2|	33.4	1213	682	32	24	1147	13	1188	1.74e-171	556
DFQ17|DFQ17_009771-T1	EAA60425.1|GT24|	35.7	1468	854	34	34	1452	31	1457	2.19e-261	796
DFQ17|DFQ17_009811-T1	AWP12516.1|GT29|	38.7	671	377	14	8	673	438	1079	3.94e-123	407
DFQ17|DFQ17_009850-T1	QKX59807.1|GH16_2|	45.1	466	238	10	36	490	205	663	2.94e-128	392
DFQ17|DFQ17_009864-T1	CDS04796.1|CE9|	55.2	433	162	6	1	402	1	432	2.24e-162	467
DFQ17|DFQ17_009939-T1	CDS03648.1|GT2|	31.4	1231	736	29	20	1172	23	1222	7.07e-163	535
DFQ17|DFQ17_009941-T1	CDS05755.1|GT2|	60.5	329	98	2	1	297	1379	1707	3.64e-120	389
DFQ17|DFQ17_009975-T1	SDS23379.1|GH3|	42.7	745	382	14	43	768	29	747	5.75e-195	577
DFQ17|DFQ17_010112-T1	CEI70340.1|AA3|	42.2	626	286	15	28	588	24	638	1.53e-136	416
DFQ17|DFQ17_010168-T1	CCA66707.1|GT39|	46.8	746	343	8	62	794	75	779	8.29e-226	660
DFQ17|DFQ17_010212-T1	AGB49579.1|GH13_5|	51.7	482	229	3	1	481	1	479	1.52e-185	531
DFQ17|DFQ17_010231-T1	CDS07484.1|CBM43|GH72|	51.0	465	200	11	18	459	19	478	5.64e-146	434
DFQ17|DFQ17_010237-T1	CDS11918.1|CBM43|GH72|	46.8	466	226	12	13	465	14	470	4.19e-134	402
DFQ17|DFQ17_010317-T1	CDS10611.1|GT21|	47.0	345	172	2	34	367	54	398	5.42e-104	321
DFQ17|DFQ17_010319-T1	BAA11053.1|GH31|3.2.1.20	44.0	791	404	13	25	784	23	805	1.58e-230	676
DFQ17|DFQ17_010352-T1	VBB76690.1|AA3|	40.6	620	308	12	63	626	27	642	9.01e-138	421
DFQ17|DFQ17_010383-T1	SMQ53908.1|GT15|	56.0	323	138	2	103	423	99	419	2.98e-134	397
DFQ17|DFQ17_010427-T1	CDS12794.1|GT39|	39.1	678	400	7	100	770	82	753	2.59e-162	493
DFQ17|DFQ17_010445-T1	CED85073.1|GT48|	52.0	1264	516	14	132	1381	33	1219	0.0	1264
DFQ17|DFQ17_010504-T1	QBQ55243.1|CBM50|	34.2	959	518	26	42	983	27	889	1.30e-143	461
DFQ17|DFQ17_010552-T1	CEF87088.1|AA3|	36.1	626	332	17	34	605	24	635	3.79e-105	335
DFQ17|DFQ17_010568-T1	AAX19736.1|GH37|	63.2	722	237	8	21	739	6	701	0.0	926
DFQ17|DFQ17_010578-T1	QKX59807.1|GH16_2|	49.5	404	189	7	89	481	257	656	2.75e-128	392
DFQ17|DFQ17_010666-T1	CDS08390.1|GH31|	44.9	958	462	13	3	928	22	945	1.15e-296	849
DFQ17|DFQ17_010697-T1	SDT63342.1|CBM51|GH31|	47.4	700	339	11	8	686	26	717	1.13e-210	630
DFQ17|DFQ17_010722-T1	CDS05274.1|GT2|	54.4	919	382	13	3	895	76	983	0.0	926
DFQ17|DFQ17_010735-T1	QEO24085.1|GH47|	50.5	384	181	4	21	399	825	1204	7.36e-122	385
DFQ17|DFQ17_010747-T1	CDS05274.1|GT2|	55.1	915	368	12	7	895	86	983	0.0	932
DFQ17|DFQ17_010756-T1	BAA01024.1|GT2|2.4.1.16	55.9	759	312	6	70	818	113	858	9.73e-286	814
DFQ17|DFQ17_010865-T1	QIW95080.1|GH47|	25.0	1664	1048	41	311	1864	1014	2587	3.12e-121	432
DFQ17|DFQ17_010886-T1	AWP09643.1|CBM13|GT27|	47.2	413	208	5	15	423	574	980	1.26e-125	395
DFQ17|DFQ17_010898-T1	CDS07586.1|GT2|	56.4	502	206	3	28	520	599	1096	1.45e-187	576
DFQ17|DFQ17_010923-T1	AKU79211.1|GH20|	37.4	615	294	13	20	550	25	632	5.15e-139	422
DFQ17|DFQ17_010943-T1	CAC9909034.1|GT8|	63.8	373	134	1	20	392	347	718	1.90e-167	490
DFQ17|DFQ17_010953-T1	BAA01021.1|CBM19|GH18|3.2.1.14	48.0	402	191	8	40	434	30	420	2.71e-114	350
DFQ17|DFQ17_010962-T1	CAC9909034.1|GT8|	68.2	399	126	1	2	400	325	722	1.26e-182	529
DFQ17|DFQ17_010990-T1	CDS04937.1|GH18|	29.6	2797	1729	55	361	3009	429	3133	0.0	1101
DFQ17|DFQ17_011051-T1	QBQ55243.1|CBM50|	34.5	800	454	23	27	810	12	757	1.63e-109	371
DFQ17|DFQ17_011060-T1	AAU93843.1|GT48|	46.7	546	266	7	2	545	404	926	3.53e-149	459
DFQ17|DFQ17_011120-T1	CAN65674.1|GH28|	36.1	571	326	12	110	671	89	629	1.20e-106	357
DFQ17|DFQ17_011145-T1	QKX55086.1|GH55|	49.3	598	264	7	223	783	789	1384	4.93e-192	590
DFQ17|DFQ17_011227-T1	CDS03190.1|GH0|	49.8	1234	485	15	11	1123	16	1235	0.0	1115
DFQ17|DFQ17_011242-T1	CDS05746.1|GH5_9|	51.5	425	195	6	102	518	4	425	3.53e-171	494
DFQ17|DFQ17_011243-T1	AMJ52391.1|GH47|	41.8	445	239	11	64	499	95	528	1.87e-110	343
DFQ17|DFQ17_011251-T1	CCD47155.1|GT35|	57.2	856	360	6	40	894	25	875	0.0	987
DFQ17|DFQ17_011332-T1	QIW95080.1|GH47|	25.6	1656	1074	39	311	1877	1014	2600	2.21e-127	452
DFQ17|DFQ17_011334-T1	APU66165.1|GH18|	66.2	284	92	3	35	318	1	280	2.13e-133	389
DFQ17|DFQ17_011420-T1	QGI67549.1|AA3|	41.1	625	292	14	26	586	24	636	1.42e-133	408
DFQ17|DFQ17_011564-T1	EAA65303.1|GT0|	48.5	876	419	9	33	897	727	1581	5.00e-269	799
DFQ17|DFQ17_011647-T1	SVE84708.1|GH9|	45.9	915	453	10	6	886	418	1324	2.10e-127	420
DFQ17|DFQ17_011686-T1	ADK37846.1|GH18|	61.2	294	110	3	41	332	1	292	2.07e-129	379
DFQ17|DFQ17_011722-T1	CEF87088.1|AA3|	39.8	621	313	16	20	586	22	635	6.04e-124	384
DFQ17|DFQ17_011749-T1	QHG77622.1|CBM50|	78.4	222	47	1	33	253	55	276	2.23e-122	358
DFQ17|DFQ17_011792-T1	SDT63342.1|CBM51|GH31|	41.0	648	360	8	48	677	60	703	3.02e-165	512
DFQ17|DFQ17_011860-T1	AHX26715.1|GT2|	31.2	741	424	15	21	694	36	757	5.76e-103	366
DFQ17|DFQ17_011866-T1	AIE96983.1|GT7|	35.3	748	418	12	1137	1858	485	1192	1.20e-118	422
DFQ17|DFQ17_011884-T1	CDS07484.1|CBM43|GH72|	49.0	431	197	10	9	422	15	439	3.88e-129	390
DFQ17|DFQ17_011937-T1	CDS07484.1|CBM43|GH72|	46.1	477	237	11	17	478	19	490	2.08e-135	406
DFQ17|DFQ17_011960-T1	AWP12516.1|GT29|	43.0	561	301	8	18	573	532	1078	4.59e-124	405
DFQ17|DFQ17_012119-T1	QBQ55251.1|CBM50|	36.6	845	458	16	23	862	21	792	5.11e-141	454
DFQ17|DFQ17_012148-T1	QBQ55251.1|CBM50|	31.4	860	505	16	58	901	33	823	9.39e-106	360
DFQ17|DFQ17_012201-T1	CEF87088.1|AA3|	39.1	619	316	16	22	586	24	635	1.40e-118	370
DFQ17|DFQ17_012296-T1	CDS05327.1|GT2|	62.7	284	87	3	1	265	1439	1722	3.41e-113	371
DFQ17|DFQ17_012426-T1	CDS05327.1|GT2|	33.3	1202	683	33	26	1138	24	1195	1.01e-170	555
DFQ17|DFQ17_012497-T1	CDS08047.1|GT15|	59.3	302	116	2	60	356	69	368	6.44e-132	386
DFQ17|DFQ17_012522-T1	QBQ55243.1|CBM50|	34.1	1000	538	27	2	994	7	892	4.84e-144	463
DFQ17|DFQ17_012579-T1	QDS71450.1|GH47|	55.2	339	137	2	4	337	1036	1364	7.35e-121	384
DFQ17|DFQ17_012617-T1	ADK37846.1|GH18|	72.4	294	79	1	30	323	1	292	2.00e-159	458
DFQ17|DFQ17_012657-T1	AKT41788.1|CBM6|GH81|	38.6	660	372	16	62	703	270	914	4.57e-140	437
DFQ17|DFQ17_012682-T1	QBQ55251.1|CBM50|	35.0	922	492	22	1	913	77	900	1.57e-137	443
DFQ17|DFQ17_012739-T1	EAA61171.1|AA3|	36.0	622	334	18	29	593	25	639	3.90e-103	330
DFQ17|DFQ17_012792-T1	CDS08390.1|GH31|	43.2	433	198	9	4	409	22	433	3.38e-111	352
DFQ17|DFQ17_012809-T1	CCA15473.1|GH72|	53.2	393	175	4	1	389	565	952	2.36e-131	404
DFQ17|DFQ17_012824-T1	CDS11918.1|CBM43|GH72|	45.3	472	235	11	13	471	14	475	1.78e-127	385
DFQ17|DFQ17_012872-T1	CED83340.1|GT31|	37.4	794	441	16	356	1112	1136	1910	2.15e-151	503
DFQ17|DFQ17_012950-T1	ADK37846.1|GH18|	72.1	294	80	1	30	323	1	292	3.76e-158	456
DFQ17|DFQ17_013044-T1	CDS07484.1|CBM43|GH72|	50.2	464	205	11	18	459	19	478	1.03e-143	429
DFQ17|DFQ17_013052-T1	BAM42836.1|GH20|3.2.1.52	39.2	449	254	6	42	488	120	551	4.56e-111	344
DFQ17|DFQ17_013104-T1	CDS05327.1|GT2|	65.0	326	112	2	1	324	1395	1720	4.16e-138	441
DFQ17|DFQ17_013149-T1	AVI60826.1|GT22|	63.8	425	139	8	10	426	583	1000	1.67e-164	516
DFQ17|DFQ17_013249-T1	QKX56076.1|GH51|	53.4	586	256	5	1	580	1021	1595	5.90e-191	583
DFQ17|DFQ17_013454-T1	SMR56934.1|GT22|	54.4	529	227	6	10	525	608	1135	1.04e-182	552
DFQ17|DFQ17_013555-T1	AKU79211.1|GH20|	37.1	626	304	12	21	562	21	640	1.98e-133	407
DFQ17|DFQ17_013585-T1	QKX60855.1|GT22|	71.6	296	81	1	28	323	564	856	2.32e-137	415
DFQ17|DFQ17_013789-T1	QBZ54211.1|GH47|	48.1	854	382	14	7	818	631	1465	2.17e-224	677
DFQ17|DFQ17_013823-T1	CDS12794.1|GT39|	46.6	711	361	9	71	778	55	749	1.58e-211	619
DFQ17|DFQ17_013956-T1	VUW72999.1|AA1|	52.3	623	259	11	11	605	19	631	1.83e-194	585
DFQ17|DFQ17_014084-T1	CDS03322.1|GT2|	67.7	405	127	1	1	405	1120	1520	1.70e-192	590
DFQ17|DFQ17_014102-T1	QKX56076.1|GH51|	50.2	490	227	5	2	485	1117	1595	2.10e-138	439
DFQ17|DFQ17_014297-T1	QKX60855.1|GT22|	71.3	296	82	1	27	322	564	856	6.27e-137	414
