HMM Profile	Profile Length	Gene ID	Gene Length	E Value	Profile Start	Profile End	Gene Start	Gene End	Coverage
GT2_Chitin_synth_2.hmm	527	DFQ17|DFQ17_000016-T1	1278	8.1e-267	19	527	575	1093	0.9639468690702088
AA11.hmm	191	DFQ17|DFQ17_000117-T1	209	6e-34	14	162	45	182	0.774869109947644
GH3.hmm	216	DFQ17|DFQ17_000160-T1	780	6.7e-56	4	215	127	356	0.9768518518518519
GT2_Glycos_transf_2.hmm	170	DFQ17|DFQ17_000237-T1	237	2.3e-35	1	169	5	175	0.9882352941176471
GH3.hmm	216	DFQ17|DFQ17_000278-T1	755	7.7e-57	3	208	104	328	0.9490740740740741
GT1.hmm	382	DFQ17|DFQ17_000302-T1	584	2.9e-26	99	352	151	466	0.662303664921466
GH132.hmm	303	DFQ17|DFQ17_000334-T1	303	2.5e-60	34	292	46	291	0.8514851485148515
GT20.hmm	475	DFQ17|DFQ17_000340-T1	505	3.6e-191	10	473	37	502	0.9747368421052631
GH18.hmm	296	DFQ17|DFQ17_000377-T1	431	5.3e-61	18	282	33	357	0.8918918918918919
GH16_2.hmm	326	DFQ17|DFQ17_000403-T1	487	1.1e-130	1	326	116	435	0.9969325153374233
GT2_Chitin_synth_2.hmm	527	DFQ17|DFQ17_000441-T1	1190	1.1e-81	24	491	361	800	0.8861480075901328
AA2.hmm	255	DFQ17|DFQ17_000485-T1	361	3e-54	16	253	108	345	0.9294117647058824
GT20.hmm	475	DFQ17|DFQ17_000500-T1	471	4.1e-193	11	474	5	469	0.9747368421052631
GH132.hmm	303	DFQ17|DFQ17_000505-T1	307	1.4e-60	32	294	48	297	0.8646864686468647
GT2_Glyco_trans_2_3.hmm	197	DFQ17|DFQ17_000507-T1	807	5.4e-21	3	196	317	541	0.9796954314720813
GT3.hmm	637	DFQ17|DFQ17_000528-T1	697	9.8e-295	1	623	17	635	0.9764521193092621
AA11.hmm	191	DFQ17|DFQ17_000556-T1	209	1.1e-33	13	162	44	182	0.7801047120418848
GT1.hmm	382	DFQ17|DFQ17_000574-T1	565	2.6e-27	126	351	171	446	0.5890052356020943
GH17.hmm	311	DFQ17|DFQ17_000668-T1	339	4.2e-30	2	306	63	330	0.977491961414791
AA11.hmm	191	DFQ17|DFQ17_000702-T1	210	4.9e-30	14	163	45	184	0.7801047120418848
GH24.hmm	137	DFQ17|DFQ17_000709-T1	171	3.7e-28	3	137	25	159	0.9781021897810219
GH72.hmm	312	DFQ17|DFQ17_000721-T1	502	2.3e-116	4	311	17	320	0.9839743589743589
GT1.hmm	382	DFQ17|DFQ17_000722-T1	592	6.7e-20	187	328	245	431	0.36910994764397903
GH5_9.hmm	303	DFQ17|DFQ17_000730-T1	534	1.4e-97	1	303	185	503	0.9966996699669967
GT8.hmm	257	DFQ17|DFQ17_000736-T1	344	4.1e-40	18	256	9	306	0.9260700389105059
GH31.hmm	427	DFQ17|DFQ17_000767-T1	852	2e-146	3	427	248	730	0.9929742388758782
GH31.hmm	427	DFQ17|DFQ17_000769-T1	867	3e-147	3	427	251	733	0.9929742388758782
GH20.hmm	337	DFQ17|DFQ17_000889-T1	1090	8.3e-97	7	336	172	509	0.9762611275964391
GH20.hmm	337	DFQ17|DFQ17_000889-T1	1090	5e-98	6	336	702	1040	0.9792284866468842
GH18.hmm	296	DFQ17|DFQ17_000912-T1	466	4.1e-54	2	285	30	395	0.956081081081081
GT2_Chitin_synth_2.hmm	527	DFQ17|DFQ17_000927-T1	1870	7e-233	4	527	1148	1655	0.9924098671726755
GT57.hmm	481	DFQ17|DFQ17_000976-T1	576	7.7e-65	146	465	1	284	0.6632016632016632
GT66.hmm	693	DFQ17|DFQ17_001004-T1	730	1.4e-183	10	599	14	658	0.84992784992785
AA11.hmm	191	DFQ17|DFQ17_001042-T1	331	8.7e-47	1	176	25	195	0.9162303664921466
AA3_2.hmm	568	DFQ17|DFQ17_001073-T1	584	9.9e-106	2	566	23	583	0.9929577464788732
CE1.hmm	227	DFQ17|DFQ17_001089-T1	292	5.5e-40	1	224	24	285	0.9823788546255506
GH47.hmm	446	DFQ17|DFQ17_001141-T1	459	2.6e-115	48	445	1	377	0.8901345291479821
GH13_5.hmm	342	DFQ17|DFQ17_001205-T1	490	1.7e-123	2	340	32	379	0.9883040935672515
GH18.hmm	296	DFQ17|DFQ17_001248-T1	463	7.4e-26	5	201	55	303	0.6621621621621622
GH47.hmm	446	DFQ17|DFQ17_001259-T1	261	5.5e-32	252	445	11	185	0.4327354260089686
GH47.hmm	446	DFQ17|DFQ17_001260-T1	187	3.3e-34	1	164	16	187	0.3654708520179372
GT1.hmm	382	DFQ17|DFQ17_001334-T1	591	1.9e-27	214	351	295	477	0.3586387434554974
GT1.hmm	382	DFQ17|DFQ17_001335-T1	496	5.4e-31	197	352	254	442	0.40575916230366493
GH37.hmm	491	DFQ17|DFQ17_001380-T1	639	1.1e-142	1	490	61	622	0.9959266802443992
GH5_9.hmm	303	DFQ17|DFQ17_001388-T1	499	7.7e-106	1	303	149	463	0.9966996699669967
GH47.hmm	446	DFQ17|DFQ17_001389-T1	555	1e-158	1	446	98	553	0.9977578475336323
AA11.hmm	191	DFQ17|DFQ17_001465-T1	224	1.6e-38	12	169	30	172	0.8219895287958116
AA11.hmm	191	DFQ17|DFQ17_001471-T1	222	1.3e-34	9	163	37	175	0.806282722513089
GT1.hmm	382	DFQ17|DFQ17_001472-T1	560	1.7e-25	214	352	274	445	0.3612565445026178
GH13_8.hmm	293	DFQ17|DFQ17_001543-T1	778	9.2e-150	1	293	306	599	0.9965870307167235
GH16_19.hmm	174	DFQ17|DFQ17_001550-T1	383	1.3e-48	5	172	108	264	0.9597701149425287
GH18.hmm	296	DFQ17|DFQ17_001596-T1	501	1.4e-74	4	282	21	361	0.9391891891891891
GH18.hmm	296	DFQ17|DFQ17_001597-T1	655	1.4e-72	5	282	31	365	0.9358108108108109
GT2_Chitin_synth_2.hmm	527	DFQ17|DFQ17_001625-T1	1819	2.7e-229	5	526	1141	1649	0.9886148007590133
AA7.hmm	458	DFQ17|DFQ17_001671-T1	493	1.2e-95	5	458	54	491	0.9890829694323144
GH16_19.hmm	174	DFQ17|DFQ17_001733-T1	363	2.2e-59	3	174	117	285	0.9827586206896551
GH20.hmm	337	DFQ17|DFQ17_001763-T1	661	2.7e-90	6	336	272	611	0.9792284866468842
AA7.hmm	458	DFQ17|DFQ17_001809-T1	487	9e-80	5	231	51	281	0.49344978165938863
GH31.hmm	427	DFQ17|DFQ17_001922-T1	723	3.5e-70	197	427	350	583	0.5386416861826698
GT1.hmm	382	DFQ17|DFQ17_001964-T1	566	4e-21	195	352	221	409	0.4109947643979058
GH24.hmm	137	DFQ17|DFQ17_002040-T1	169	1.1e-41	2	137	24	159	0.9854014598540146
GT4.hmm	160	DFQ17|DFQ17_002053-T1	475	8.5e-20	11	151	277	433	0.875
GT66.hmm	693	DFQ17|DFQ17_002104-T1	730	1.4e-184	10	600	14	659	0.8513708513708513
GT15.hmm	273	DFQ17|DFQ17_002178-T1	378	8.7e-119	1	272	65	337	0.9926739926739927
GH72.hmm	312	DFQ17|DFQ17_002195-T1	487	2.5e-47	6	294	24	291	0.9230769230769231
GT20.hmm	475	DFQ17|DFQ17_002220-T1	795	2.3e-157	12	474	37	511	0.9726315789473684
AA6.hmm	195	DFQ17|DFQ17_002260-T1	271	6.1e-76	1	193	8	200	0.9846153846153847
GT48.hmm	739	DFQ17|DFQ17_002339-T1	1973	9.1e-293	1	725	887	1667	0.979702300405954
AA3_2.hmm	568	DFQ17|DFQ17_002389-T1	641	1.2e-96	1	567	33	640	0.9964788732394366
GH16_19.hmm	174	DFQ17|DFQ17_002445-T1	394	1.2e-51	4	172	115	277	0.9655172413793104
GH16_19.hmm	174	DFQ17|DFQ17_002447-T1	384	5e-48	6	172	109	267	0.9540229885057471
CE16.hmm	267	DFQ17|DFQ17_002669-T1	332	1.1e-18	2	266	54	319	0.9887640449438202
GH47.hmm	446	DFQ17|DFQ17_002684-T1	488	1.5e-123	2	446	60	486	0.9955156950672646
GH5_12.hmm	539	DFQ17|DFQ17_002693-T1	1361	3.4e-174	1	539	646	1154	0.9981447124304267
GT2_Chitin_synth_2.hmm	527	DFQ17|DFQ17_002704-T1	1286	2.1e-265	19	527	583	1101	0.9639468690702088
GH81.hmm	622	DFQ17|DFQ17_002747-T1	712	1.5e-173	14	622	82	707	0.977491961414791
CE16.hmm	267	DFQ17|DFQ17_002776-T1	325	2.4e-16	31	266	78	316	0.8801498127340824
GH18.hmm	296	DFQ17|DFQ17_002802-T1	456	3.4e-25	4	199	39	286	0.6587837837837838
GT39.hmm	223	DFQ17|DFQ17_002807-T1	717	1.1e-50	2	223	63	281	0.9910313901345291
GH18.hmm	296	DFQ17|DFQ17_002812-T1	484	4.3e-25	4	201	52	301	0.6655405405405406
GH18.hmm	296	DFQ17|DFQ17_002909-T1	486	4.6e-75	3	285	25	366	0.9527027027027027
GH132.hmm	303	DFQ17|DFQ17_002918-T1	403	1.2e-43	51	299	154	397	0.8184818481848185
GH132.hmm	303	DFQ17|DFQ17_002919-T1	402	4.3e-68	51	301	153	398	0.8250825082508251
AA3_2.hmm	568	DFQ17|DFQ17_002980-T1	591	3e-104	2	567	21	587	0.9947183098591549
AA3_2.hmm	568	DFQ17|DFQ17_002981-T1	592	4.7e-107	2	567	21	588	0.9947183098591549
GT2_Chitin_synth_1.hmm	163	DFQ17|DFQ17_002993-T1	820	5.3e-79	1	163	149	311	0.9938650306748467
GH31.hmm	427	DFQ17|DFQ17_003019-T1	722	1.5e-70	197	427	350	583	0.5386416861826698
GH18.hmm	296	DFQ17|DFQ17_003086-T1	432	1.8e-61	19	286	34	360	0.902027027027027
GT22.hmm	389	DFQ17|DFQ17_003125-T1	527	3.4e-53	4	378	8	386	0.961439588688946
GH16_4.hmm	316	DFQ17|DFQ17_003218-T1	399	2.2e-109	1	316	53	393	0.9968354430379747
GT2_Chitin_synth_2.hmm	527	DFQ17|DFQ17_003237-T1	867	8.5e-26	203	524	313	621	0.6091081593927894
GH47.hmm	446	DFQ17|DFQ17_003261-T1	482	3.2e-141	2	446	50	480	0.9955156950672646
GT4.hmm	160	DFQ17|DFQ17_003274-T1	420	1.8e-24	9	145	186	309	0.85
GT4.hmm	160	DFQ17|DFQ17_003275-T1	410	3.8e-19	9	139	183	300	0.8125
GT4.hmm	160	DFQ17|DFQ17_003277-T1	421	2e-21	9	146	188	312	0.85625
GH17.hmm	311	DFQ17|DFQ17_003441-T1	341	1.5e-29	11	302	80	328	0.9356913183279743
AA2.hmm	255	DFQ17|DFQ17_003470-T1	363	3.3e-55	6	253	98	347	0.9686274509803922
GH18.hmm	296	DFQ17|DFQ17_003486-T1	492	4e-76	5	284	28	364	0.9425675675675675
GH18.hmm	296	DFQ17|DFQ17_003560-T1	387	1.5e-81	4	283	5	375	0.9425675675675675
CBM21.hmm	107	DFQ17|DFQ17_003561-T1	297	3.8e-27	3	107	102	213	0.9719626168224299
CBM21.hmm	107	DFQ17|DFQ17_003563-T1	454	5e-30	3	106	119	230	0.9626168224299065
GH31.hmm	427	DFQ17|DFQ17_003600-T1	323	4.9e-63	251	425	1	175	0.40749414519906324
AA11.hmm	191	DFQ17|DFQ17_003636-T1	268	5.9e-30	25	161	114	240	0.7120418848167539
AA11.hmm	191	DFQ17|DFQ17_003637-T1	232	8.6e-30	25	162	78	205	0.7172774869109948
AA11.hmm	191	DFQ17|DFQ17_003638-T1	210	5.5e-30	25	162	56	183	0.7172774869109948
CE16.hmm	267	DFQ17|DFQ17_003729-T1	310	2.1e-19	2	265	45	303	0.9850187265917603
GH24.hmm	137	DFQ17|DFQ17_003744-T1	184	5.8e-39	1	137	38	174	0.9927007299270073
GH38.hmm	269	DFQ17|DFQ17_003789-T1	1082	1.3e-82	2	255	270	522	0.9405204460966543
GH24.hmm	137	DFQ17|DFQ17_003911-T1	169	9.4e-41	1	137	23	159	0.9927007299270073
GH18.hmm	296	DFQ17|DFQ17_003956-T1	485	1e-68	4	286	105	458	0.9527027027027027
GT1.hmm	382	DFQ17|DFQ17_003995-T1	498	8.6e-21	91	349	110	402	0.675392670157068
GT2_Chitin_synth_2.hmm	527	DFQ17|DFQ17_003998-T1	1686	3.4e-234	17	526	844	1345	0.9658444022770398
GT22.hmm	389	DFQ17|DFQ17_004014-T1	603	8.8e-71	2	389	54	484	0.9948586118251928
GH16_19.hmm	174	DFQ17|DFQ17_004024-T1	868	2.7e-46	3	173	53	215	0.9770114942528736
GH38.hmm	269	DFQ17|DFQ17_004079-T1	1195	2.7e-84	2	255	387	639	0.9405204460966543
GH17.hmm	311	DFQ17|DFQ17_004173-T1	345	1.7e-26	2	305	69	335	0.9742765273311897
GT2_Chitin_synth_2.hmm	527	DFQ17|DFQ17_004224-T1	978	1.2e-250	18	526	365	863	0.9639468690702088
GT32.hmm	90	DFQ17|DFQ17_004264-T1	828	3.7e-21	9	87	54	127	0.8666666666666667
GH5_9.hmm	303	DFQ17|DFQ17_004276-T1	534	6.2e-97	1	303	184	503	0.9966996699669967
GT21.hmm	233	DFQ17|DFQ17_004325-T1	509	2.5e-88	1	233	63	295	0.9957081545064378
GT20.hmm	475	DFQ17|DFQ17_004346-T1	807	4.1e-158	12	474	49	523	0.9726315789473684
GT39.hmm	223	DFQ17|DFQ17_004405-T1	821	9.4e-50	10	223	53	264	0.9551569506726457
GH18.hmm	296	DFQ17|DFQ17_004467-T1	568	3e-24	3	283	52	342	0.9459459459459459
GT4.hmm	160	DFQ17|DFQ17_004481-T1	475	3.4e-22	12	150	278	432	0.8625
AA3_2.hmm	568	DFQ17|DFQ17_004494-T1	595	1.8e-102	2	568	23	592	0.9964788732394366
GT39.hmm	223	DFQ17|DFQ17_004565-T1	751	2.7e-62	25	223	89	302	0.8878923766816144
GH37.hmm	491	DFQ17|DFQ17_004649-T1	639	4.7e-145	1	490	61	622	0.9959266802443992
GH72.hmm	312	DFQ17|DFQ17_004657-T1	500	8.6e-114	5	311	21	322	0.9807692307692307
GH16_19.hmm	174	DFQ17|DFQ17_004683-T1	419	2.5e-59	3	174	151	320	0.9827586206896551
GH18.hmm	296	DFQ17|DFQ17_004752-T1	517	4.2e-75	2	284	21	404	0.9527027027027027
CE4.hmm	130	DFQ17|DFQ17_004755-T1	348	8.7e-29	6	125	79	201	0.9153846153846154
GT3.hmm	637	DFQ17|DFQ17_004769-T1	695	1e-296	1	623	17	633	0.9764521193092621
AA3_2.hmm	568	DFQ17|DFQ17_004849-T1	453	1.5e-43	186	471	152	436	0.5017605633802817
CBM63.hmm	78	DFQ17|DFQ17_004952-T1	214	3.8e-20	2	72	127	197	0.8974358974358975
GH5_9.hmm	303	DFQ17|DFQ17_004980-T1	459	3.6e-81	1	303	59	340	0.9966996699669967
AA3.hmm	618	DFQ17|DFQ17_004996-T1	563	2e-76	82	398	18	560	0.511326860841424
AA11.hmm	191	DFQ17|DFQ17_005001-T1	208	1e-33	12	163	42	182	0.7905759162303665
AA11.hmm	191	DFQ17|DFQ17_005004-T1	263	5e-34	11	163	91	237	0.7958115183246073
GT4.hmm	160	DFQ17|DFQ17_005041-T1	422	3.4e-21	8	143	192	314	0.84375
GT4.hmm	160	DFQ17|DFQ17_005042-T1	415	2.4e-22	8	147	185	311	0.86875
GT4.hmm	160	DFQ17|DFQ17_005043-T1	425	3.3e-22	8	145	195	319	0.85625
GT4.hmm	160	DFQ17|DFQ17_005047-T1	414	2.7e-22	9	150	187	313	0.88125
AA3_2.hmm	568	DFQ17|DFQ17_005096-T1	301	1.8e-60	257	548	7	289	0.5123239436619719
GT2_Chitin_synth_2.hmm	527	DFQ17|DFQ17_005097-T1	1256	2.8e-21	22	390	432	808	0.698292220113852
GT48.hmm	739	DFQ17|DFQ17_005103-T1	1849	8.8e-284	1	725	814	1596	0.979702300405954
AA11.hmm	191	DFQ17|DFQ17_005133-T1	345	5.1e-45	2	163	23	175	0.8429319371727748
AA11.hmm	191	DFQ17|DFQ17_005134-T1	303	1.2e-44	1	163	20	173	0.8481675392670157
AA11.hmm	191	DFQ17|DFQ17_005136-T1	364	1.2e-42	1	163	21	176	0.8481675392670157
AA7.hmm	458	DFQ17|DFQ17_005247-T1	229	3.5e-35	26	217	2	178	0.4170305676855895
GT2_Chitin_synth_2.hmm	527	DFQ17|DFQ17_005420-T1	1875	8.7e-232	4	527	1148	1655	0.9924098671726755
GT2_Glycos_transf_2.hmm	170	DFQ17|DFQ17_005434-T1	315	4e-25	1	170	61	244	0.9941176470588236
GT1.hmm	382	DFQ17|DFQ17_005436-T1	563	2.9e-16	175	322	228	420	0.38481675392670156
AA3_2.hmm	568	DFQ17|DFQ17_005566-T1	638	8.3e-100	2	567	44	636	0.9947183098591549
AA11.hmm	191	DFQ17|DFQ17_005571-T1	214	6.9e-32	12	163	46	187	0.7905759162303665
GT1.hmm	382	DFQ17|DFQ17_005594-T1	556	8.3e-30	174	352	220	443	0.46596858638743455
GH16_3.hmm	230	DFQ17|DFQ17_005607-T1	397	7.4e-70	1	230	127	395	0.9956521739130435
GT39.hmm	223	DFQ17|DFQ17_005631-T1	939	1.5e-67	2	223	79	317	0.9910313901345291
CE1.hmm	227	DFQ17|DFQ17_005640-T1	313	5e-32	5	224	55	308	0.9647577092511013
AA2.hmm	255	DFQ17|DFQ17_005657-T1	269	1.1e-46	14	253	23	261	0.9372549019607843
GH18.hmm	296	DFQ17|DFQ17_005663-T1	515	8.7e-77	2	284	21	404	0.9527027027027027
GT1.hmm	382	DFQ17|DFQ17_005674-T1	511	4.5e-27	191	352	202	396	0.4214659685863874
GT39.hmm	223	DFQ17|DFQ17_005676-T1	940	1.4e-67	2	223	79	317	0.9910313901345291
GT1.hmm	382	DFQ17|DFQ17_005710-T1	635	4.2e-26	101	352	153	466	0.6570680628272252
AA3_2.hmm	568	DFQ17|DFQ17_005722-T1	635	8.2e-100	2	566	42	632	0.9929577464788732
GT2_Chitin_synth_2.hmm	527	DFQ17|DFQ17_005731-T1	805	2.9e-21	204	494	315	591	0.5502846299810247
CE4.hmm	130	DFQ17|DFQ17_005758-T1	260	6e-33	9	126	66	186	0.9
AA3_2.hmm	568	DFQ17|DFQ17_005766-T1	637	5.6e-103	3	566	75	634	0.9911971830985915
GT4.hmm	160	DFQ17|DFQ17_005815-T1	455	3e-33	6	158	207	386	0.95
GH17.hmm	311	DFQ17|DFQ17_005836-T1	350	2.9e-31	12	301	90	336	0.9292604501607717
AA11.hmm	191	DFQ17|DFQ17_005899-T1	209	2e-32	12	163	41	182	0.7905759162303665
GT1.hmm	382	DFQ17|DFQ17_005953-T1	496	1.2e-17	197	334	233	403	0.3586387434554974
GT4.hmm	160	DFQ17|DFQ17_006020-T1	394	1.6e-21	8	136	163	283	0.8
GH18.hmm	296	DFQ17|DFQ17_006167-T1	315	1.2e-17	3	204	18	242	0.6790540540540541
GT32.hmm	90	DFQ17|DFQ17_006194-T1	299	9.9e-18	9	86	71	143	0.8555555555555555
GT15.hmm	273	DFQ17|DFQ17_006230-T1	345	1.8e-92	1	236	64	299	0.8608058608058609
GH15.hmm	361	DFQ17|DFQ17_006267-T1	671	6.2e-82	3	360	288	663	0.9889196675900277
GH63.hmm	570	DFQ17|DFQ17_006310-T1	820	9.6e-27	291	567	569	818	0.4842105263157895
GH18.hmm	296	DFQ17|DFQ17_006314-T1	440	2.5e-78	2	285	46	431	0.956081081081081
GH15.hmm	361	DFQ17|DFQ17_006318-T1	697	8.2e-82	2	360	313	689	0.9916897506925207
GT15.hmm	273	DFQ17|DFQ17_006359-T1	413	3.5e-122	1	272	98	371	0.9926739926739927
GT1.hmm	382	DFQ17|DFQ17_006363-T1	1240	8.5e-54	4	378	774	1181	0.9790575916230366
GH20.hmm	337	DFQ17|DFQ17_006366-T1	644	5.3e-100	7	336	257	594	0.9762611275964391
GT21.hmm	233	DFQ17|DFQ17_006408-T1	477	9.5e-86	1	233	30	262	0.9957081545064378
GT21.hmm	233	DFQ17|DFQ17_006461-T1	501	3.8e-89	1	233	56	287	0.9957081545064378
AA3_2.hmm	568	DFQ17|DFQ17_006475-T1	589	1e-101	2	566	27	586	0.9929577464788732
GH5_9.hmm	303	DFQ17|DFQ17_006561-T1	419	1.5e-104	1	303	83	388	0.9966996699669967
GH5_12.hmm	539	DFQ17|DFQ17_006578-T1	751	3.7e-187	3	539	24	555	0.9944341372912802
GH13_25.hmm	434	DFQ17|DFQ17_006579-T1	1606	2.5e-194	3	434	1072	1520	0.9930875576036866
GT15.hmm	273	DFQ17|DFQ17_006650-T1	398	3e-85	1	269	81	353	0.9816849816849816
GH16_4.hmm	316	DFQ17|DFQ17_006660-T1	380	6.5e-124	1	316	57	377	0.9968354430379747
GH5_12.hmm	539	DFQ17|DFQ17_006703-T1	751	4.4e-190	3	539	24	555	0.9944341372912802
GH13_25.hmm	434	DFQ17|DFQ17_006704-T1	1584	5.7e-193	3	434	1051	1499	0.9930875576036866
CE4.hmm	130	DFQ17|DFQ17_006712-T1	338	1.4e-30	6	125	73	195	0.9153846153846154
CE16.hmm	267	DFQ17|DFQ17_006714-T1	353	3.4e-19	2	264	70	342	0.9812734082397003
GH81.hmm	622	DFQ17|DFQ17_006718-T1	715	2.2e-174	15	622	86	710	0.9758842443729904
GT48.hmm	739	DFQ17|DFQ17_006789-T1	2268	8.4e-291	3	725	921	1698	0.9769959404600812
GH31.hmm	427	DFQ17|DFQ17_006816-T1	861	1.4e-142	3	427	247	729	0.9929742388758782
GH17.hmm	311	DFQ17|DFQ17_006850-T1	419	5.7e-33	14	306	162	412	0.9389067524115756
GT32.hmm	90	DFQ17|DFQ17_006856-T1	286	2.8e-18	8	87	70	144	0.8777777777777778
GH35.hmm	307	DFQ17|DFQ17_006968-T1	914	1.4e-16	15	181	5	177	0.5407166123778502
GT69.hmm	239	DFQ17|DFQ17_007103-T1	335	1.3e-42	2	231	26	282	0.9581589958158996
GH37.hmm	491	DFQ17|DFQ17_007152-T1	979	1.7e-143	4	490	164	720	0.9898167006109979
GH16_19.hmm	174	DFQ17|DFQ17_007226-T1	373	6.8e-60	4	174	106	274	0.9770114942528736
GH13_8.hmm	293	DFQ17|DFQ17_007363-T1	779	3.8e-151	1	293	307	600	0.9965870307167235
GT50.hmm	262	DFQ17|DFQ17_007425-T1	420	5.6e-72	1	262	127	404	0.9961832061068703
CE1.hmm	227	DFQ17|DFQ17_007514-T1	312	3.5e-34	7	224	56	307	0.9559471365638766
GH18.hmm	296	DFQ17|DFQ17_007566-T1	500	7.1e-76	3	284	44	384	0.9493243243243243
AA11.hmm	191	DFQ17|DFQ17_007607-T1	205	2.3e-32	12	163	39	179	0.7905759162303665
GT2_Chitin_synth_2.hmm	527	DFQ17|DFQ17_007641-T1	1244	1.1e-280	15	527	665	1176	0.9715370018975332
GH16_19.hmm	174	DFQ17|DFQ17_007676-T1	385	6e-46	2	174	106	270	0.9885057471264368
GT1.hmm	382	DFQ17|DFQ17_007679-T1	1227	6.5e-56	4	377	761	1167	0.9764397905759162
GH18.hmm	296	DFQ17|DFQ17_007689-T1	486	5.6e-75	2	285	24	366	0.956081081081081
GH18.hmm	296	DFQ17|DFQ17_007697-T1	550	2.4e-74	3	284	53	437	0.9493243243243243
GH16_19.hmm	174	DFQ17|DFQ17_007708-T1	274	6.5e-49	22	174	109	253	0.8735632183908046
GH18.hmm	296	DFQ17|DFQ17_007712-T1	450	7.5e-17	5	201	30	259	0.6621621621621622
CE9.hmm	373	DFQ17|DFQ17_007725-T1	402	2.6e-123	1	373	13	397	0.9973190348525469
GT2_Chitin_synth_1.hmm	163	DFQ17|DFQ17_007745-T1	821	7e-79	1	163	149	311	0.9938650306748467
CBM63.hmm	78	DFQ17|DFQ17_007827-T1	214	6.2e-20	2	72	127	197	0.8974358974358975
GH47.hmm	446	DFQ17|DFQ17_007849-T1	488	2.9e-119	2	446	60	486	0.9955156950672646
GT41.hmm	705	DFQ17|DFQ17_007874-T1	1255	3.9e-51	307	569	813	1167	0.37163120567375885
GT15.hmm	273	DFQ17|DFQ17_007962-T1	344	4.7e-62	66	270	92	300	0.7472527472527473
GH16_4.hmm	316	DFQ17|DFQ17_007968-T1	379	1.2e-123	1	316	56	376	0.9968354430379747
AA7.hmm	458	DFQ17|DFQ17_008003-T1	509	1.7e-91	5	458	69	505	0.9890829694323144
GT2_Chitin_synth_2.hmm	527	DFQ17|DFQ17_008047-T1	1231	6.4e-281	15	527	653	1164	0.9715370018975332
GH18.hmm	296	DFQ17|DFQ17_008100-T1	430	1.7e-24	3	282	25	302	0.9425675675675675
AA6.hmm	195	DFQ17|DFQ17_008142-T1	683	9e-59	1	193	17	208	0.9846153846153847
GT15.hmm	273	DFQ17|DFQ17_008143-T1	361	6.1e-109	1	272	45	316	0.9926739926739927
GH24.hmm	137	DFQ17|DFQ17_008162-T1	153	8.2e-34	2	137	5	143	0.9854014598540146
AA7.hmm	458	DFQ17|DFQ17_008201-T1	482	3.3e-67	6	458	48	478	0.9868995633187773
GT21.hmm	233	DFQ17|DFQ17_008222-T1	501	1.3e-85	1	233	61	292	0.9957081545064378
GT2_Chitin_synth_2.hmm	527	DFQ17|DFQ17_008228-T1	894	2.4e-25	203	524	340	648	0.6091081593927894
GT48.hmm	739	DFQ17|DFQ17_008336-T1	1976	1.2e-293	3	725	922	1699	0.9769959404600812
GT35.hmm	674	DFQ17|DFQ17_008359-T1	903	1.2e-270	3	673	164	879	0.9940652818991098
GH132.hmm	303	DFQ17|DFQ17_008494-T1	269	2.3e-67	52	298	24	262	0.8118811881188119
GT15.hmm	273	DFQ17|DFQ17_008522-T1	434	2.1e-121	1	272	119	392	0.9926739926739927
GH18.hmm	296	DFQ17|DFQ17_008626-T1	494	2.3e-56	5	285	39	411	0.9459459459459459
GH16_19.hmm	174	DFQ17|DFQ17_008727-T1	374	1.7e-44	6	174	109	266	0.9655172413793104
GH16_19.hmm	174	DFQ17|DFQ17_008728-T1	360	1e-50	4	174	107	269	0.9770114942528736
GH16_19.hmm	174	DFQ17|DFQ17_008729-T1	418	2.3e-51	6	174	142	302	0.9655172413793104
GH18.hmm	296	DFQ17|DFQ17_008820-T1	501	6.3e-74	5	282	28	363	0.9358108108108109
GH18.hmm	296	DFQ17|DFQ17_008822-T1	484	2.6e-74	5	282	134	469	0.9358108108108109
GH132.hmm	303	DFQ17|DFQ17_008831-T1	292	1.9e-62	32	293	24	281	0.8613861386138614
GH132.hmm	303	DFQ17|DFQ17_008849-T1	445	9.5e-67	47	301	192	441	0.8382838283828383
GT33.hmm	425	DFQ17|DFQ17_008856-T1	446	4.7e-142	3	423	2	441	0.9882352941176471
AA6.hmm	195	DFQ17|DFQ17_009001-T1	382	5.7e-73	1	193	6	198	0.9846153846153847
AA11.hmm	191	DFQ17|DFQ17_009002-T1	224	2.1e-22	12	147	44	178	0.7068062827225131
GH5_9.hmm	303	DFQ17|DFQ17_009077-T1	484	1.5e-108	1	303	147	453	0.9966996699669967
GH20.hmm	337	DFQ17|DFQ17_009105-T1	468	2e-32	9	312	167	464	0.8991097922848664
GH17.hmm	311	DFQ17|DFQ17_009132-T1	351	3.3e-20	1	305	78	343	0.977491961414791
GT33.hmm	425	DFQ17|DFQ17_009255-T1	445	2.9e-142	3	423	2	440	0.9882352941176471
GT4.hmm	160	DFQ17|DFQ17_009263-T1	363	2.3e-34	3	124	109	230	0.75625
CE1.hmm	227	DFQ17|DFQ17_009270-T1	307	5.1e-39	7	224	51	302	0.9559471365638766
GT1.hmm	382	DFQ17|DFQ17_009318-T1	520	8.8e-17	197	342	244	399	0.3795811518324607
CBM21.hmm	107	DFQ17|DFQ17_009326-T1	434	2.6e-29	3	107	120	232	0.9719626168224299
GT58.hmm	364	DFQ17|DFQ17_009343-T1	404	1e-109	15	364	33	375	0.9587912087912088
GT2_Glycos_transf_2.hmm	170	DFQ17|DFQ17_009361-T1	237	3.3e-34	1	169	5	175	0.9882352941176471
GH72.hmm	312	DFQ17|DFQ17_009449-T1	494	3.5e-46	6	293	24	290	0.9198717948717948
GH81.hmm	622	DFQ17|DFQ17_009532-T1	703	1.6e-175	7	622	74	698	0.9887459807073955
AA3_2.hmm	568	DFQ17|DFQ17_009539-T1	602	1.6e-99	2	567	30	597	0.9947183098591549
GH47.hmm	446	DFQ17|DFQ17_009611-T1	481	2e-123	2	446	49	479	0.9955156950672646
GH20.hmm	337	DFQ17|DFQ17_009660-T1	565	6.5e-101	6	336	160	500	0.9792284866468842
GT15.hmm	273	DFQ17|DFQ17_009683-T1	392	1.6e-97	2	272	44	333	0.989010989010989
GT1.hmm	382	DFQ17|DFQ17_009762-T1	493	9.5e-25	192	353	218	410	0.4214659685863874
GT24.hmm	248	DFQ17|DFQ17_009771-T1	1459	2.4e-126	1	248	1173	1420	0.9959677419354839
GH18.hmm	296	DFQ17|DFQ17_009829-T1	553	8.4e-21	3	198	29	274	0.6587837837837838
GH16_2.hmm	326	DFQ17|DFQ17_009850-T1	490	6.6e-131	1	326	116	438	0.9969325153374233
GH18.hmm	296	DFQ17|DFQ17_009856-T1	485	2.8e-24	3	270	43	286	0.902027027027027
GT22.hmm	389	DFQ17|DFQ17_009859-T1	331	2.1e-41	8	356	2	295	0.8946015424164524
CE9.hmm	373	DFQ17|DFQ17_009864-T1	402	1.8e-123	1	373	13	397	0.9973190348525469
GT2_Chitin_synth_2.hmm	527	DFQ17|DFQ17_009941-T1	425	2.3e-126	254	526	17	283	0.5161290322580645
GH3.hmm	216	DFQ17|DFQ17_009975-T1	780	1.8e-57	3	215	126	356	0.9814814814814815
AA11.hmm	191	DFQ17|DFQ17_009979-T1	210	9.6e-30	25	161	56	182	0.7120418848167539
AA11.hmm	191	DFQ17|DFQ17_009994-T1	320	8.7e-40	12	163	43	179	0.7905759162303665
AA11.hmm	191	DFQ17|DFQ17_009997-T1	311	4.4e-40	11	162	39	178	0.7905759162303665
AA3_2.hmm	568	DFQ17|DFQ17_010112-T1	589	2.3e-100	3	566	28	586	0.9911971830985915
GT39.hmm	223	DFQ17|DFQ17_010168-T1	859	1.1e-68	2	223	61	302	0.9910313901345291
GH13_5.hmm	342	DFQ17|DFQ17_010212-T1	482	2.8e-151	2	342	31	370	0.9941520467836257
GH72.hmm	312	DFQ17|DFQ17_010231-T1	533	1.2e-122	4	311	18	317	0.9839743589743589
GH24.hmm	137	DFQ17|DFQ17_010236-T1	179	3.3e-34	3	137	33	170	0.9781021897810219
GH72.hmm	312	DFQ17|DFQ17_010237-T1	496	1.5e-114	5	311	18	318	0.9807692307692307
GH16_19.hmm	174	DFQ17|DFQ17_010258-T1	293	7.7e-47	3	174	63	226	0.9827586206896551
GT57.hmm	481	DFQ17|DFQ17_010294-T1	498	7.3e-108	4	479	52	479	0.9875259875259875
GT21.hmm	233	DFQ17|DFQ17_010317-T1	479	8.4e-88	1	233	34	265	0.9957081545064378
GH31.hmm	427	DFQ17|DFQ17_010319-T1	882	3.1e-150	3	427	244	738	0.9929742388758782
AA3_2.hmm	568	DFQ17|DFQ17_010352-T1	626	1.4e-103	2	566	62	625	0.9929577464788732
GT15.hmm	273	DFQ17|DFQ17_010383-T1	431	2.4e-115	1	272	110	382	0.9926739926739927
GT39.hmm	223	DFQ17|DFQ17_010427-T1	773	1.5e-59	2	223	93	332	0.9910313901345291
GT48.hmm	739	DFQ17|DFQ17_010445-T1	1381	6.3e-217	1	448	885	1381	0.6048714479025711
AA3_2.hmm	568	DFQ17|DFQ17_010552-T1	609	1.2e-100	2	566	33	606	0.9929577464788732
GH37.hmm	491	DFQ17|DFQ17_010568-T1	975	7.8e-143	4	490	162	718	0.9898167006109979
GH16_2.hmm	326	DFQ17|DFQ17_010578-T1	488	9.8e-129	1	326	116	436	0.9969325153374233
GH18.hmm	296	DFQ17|DFQ17_010591-T1	295	1.5e-46	99	286	30	251	0.6317567567567568
GT57.hmm	481	DFQ17|DFQ17_010626-T1	430	3e-116	40	480	2	423	0.9147609147609148
GH31.hmm	427	DFQ17|DFQ17_010666-T1	928	1.3e-150	2	426	337	781	0.9929742388758782
AA11.hmm	191	DFQ17|DFQ17_010677-T1	340	1.3e-45	1	176	24	194	0.9162303664921466
GT2_Glycos_transf_2.hmm	170	DFQ17|DFQ17_010694-T1	316	3.1e-26	1	170	61	244	0.9941176470588236
GH31.hmm	427	DFQ17|DFQ17_010697-T1	724	6.5e-70	197	427	351	584	0.5386416861826698
GT2_Chitin_synth_2.hmm	527	DFQ17|DFQ17_010722-T1	987	2.5e-250	20	526	384	880	0.9601518026565465
GT2_Chitin_synth_2.hmm	527	DFQ17|DFQ17_010747-T1	986	3.4e-252	20	526	384	880	0.9601518026565465
GT2_Chitin_synth_1.hmm	163	DFQ17|DFQ17_010756-T1	818	5.1e-77	1	163	148	309	0.9938650306748467
GH17.hmm	311	DFQ17|DFQ17_010833-T1	317	2.6e-30	12	310	45	313	0.9581993569131833
GT2_Chitin_synth_2.hmm	527	DFQ17|DFQ17_010898-T1	872	1.1e-233	16	526	20	522	0.967741935483871
GH20.hmm	337	DFQ17|DFQ17_010923-T1	565	3.1e-100	7	336	161	500	0.9762611275964391
GH18.hmm	296	DFQ17|DFQ17_010953-T1	444	5.1e-23	3	279	39	313	0.9324324324324325
GT48.hmm	739	DFQ17|DFQ17_011060-T1	592	1.7e-66	449	725	1	284	0.37347767253044656
CBM21.hmm	107	DFQ17|DFQ17_011226-T1	294	3.9e-29	2	107	98	210	0.9813084112149533
GH5_9.hmm	303	DFQ17|DFQ17_011242-T1	525	2.2e-107	1	303	175	489	0.9966996699669967
GH47.hmm	446	DFQ17|DFQ17_011243-T1	499	3.2e-131	1	409	79	499	0.9147982062780269
GT35.hmm	674	DFQ17|DFQ17_011251-T1	916	1.8e-268	3	673	177	892	0.9940652818991098
GH18.hmm	296	DFQ17|DFQ17_011334-T1	433	4.8e-26	4	199	33	280	0.6587837837837838
GT1.hmm	382	DFQ17|DFQ17_011352-T1	566	6.4e-22	183	327	219	408	0.3769633507853403
GT2_Chitin_synth_2.hmm	527	DFQ17|DFQ17_011372-T1	965	1.7e-16	19	228	404	610	0.396584440227704
AA3_2.hmm	568	DFQ17|DFQ17_011420-T1	588	2.7e-102	3	566	26	585	0.9911971830985915
GH18.hmm	296	DFQ17|DFQ17_011686-T1	424	3.3e-79	2	284	32	414	0.9527027027027027
GT32.hmm	90	DFQ17|DFQ17_011690-T1	291	8.9e-20	8	86	70	143	0.8666666666666667
AA3_2.hmm	568	DFQ17|DFQ17_011722-T1	592	3e-110	2	567	21	588	0.9947183098591549
GT15.hmm	273	DFQ17|DFQ17_011761-T1	270	5.6e-65	1	158	111	268	0.575091575091575
GH31.hmm	427	DFQ17|DFQ17_011792-T1	727	4.5e-62	200	427	361	590	0.531615925058548
AA11.hmm	191	DFQ17|DFQ17_011807-T1	296	8e-43	1	163	22	175	0.8481675392670157
AA11.hmm	191	DFQ17|DFQ17_011808-T1	293	5.7e-44	1	163	20	173	0.8481675392670157
GH18.hmm	296	DFQ17|DFQ17_011833-T1	330	6.8e-19	3	204	34	257	0.6790540540540541
GH72.hmm	312	DFQ17|DFQ17_011884-T1	511	3.1e-113	5	310	14	314	0.9775641025641025
GH72.hmm	312	DFQ17|DFQ17_011937-T1	504	2.3e-117	4	311	17	320	0.9839743589743589
AA11.hmm	191	DFQ17|DFQ17_012195-T1	350	8.5e-40	1	163	21	176	0.8481675392670157
AA3_2.hmm	568	DFQ17|DFQ17_012201-T1	592	1.4e-106	2	567	21	588	0.9947183098591549
GH47.hmm	446	DFQ17|DFQ17_012258-T1	265	1.8e-53	198	436	1	231	0.5336322869955157
GT2_Chitin_synth_2.hmm	527	DFQ17|DFQ17_012296-T1	466	3.6e-114	251	526	1	253	0.5218216318785579
GH16_19.hmm	174	DFQ17|DFQ17_012364-T1	397	1.8e-53	3	172	117	280	0.9712643678160919
AA3_2.hmm	568	DFQ17|DFQ17_012441-T1	282	2.7e-46	278	567	1	281	0.5088028169014085
GT15.hmm	273	DFQ17|DFQ17_012497-T1	361	1.2e-119	1	272	60	332	0.9926739926739927
AA3.hmm	618	DFQ17|DFQ17_012590-T1	592	1.1e-29	87	398	13	438	0.5032362459546925
GH18.hmm	296	DFQ17|DFQ17_012617-T1	504	1.6e-78	2	284	21	405	0.9527027027027027
GH81.hmm	622	DFQ17|DFQ17_012657-T1	703	2e-178	9	622	76	698	0.9855305466237942
AA3_2.hmm	568	DFQ17|DFQ17_012739-T1	598	1.8e-98	2	567	28	595	0.9947183098591549
GH72.hmm	312	DFQ17|DFQ17_012824-T1	517	9.5e-111	5	310	18	318	0.9775641025641025
GT32.hmm	90	DFQ17|DFQ17_012855-T1	289	8.3e-22	7	87	69	144	0.8888888888888888
GH18.hmm	296	DFQ17|DFQ17_012950-T1	518	2.2e-78	2	284	21	405	0.9527027027027027
GH72.hmm	312	DFQ17|DFQ17_013044-T1	533	1.8e-121	4	311	18	317	0.9839743589743589
GH20.hmm	337	DFQ17|DFQ17_013052-T1	490	1.7e-91	3	336	98	440	0.9881305637982196
GH17.hmm	311	DFQ17|DFQ17_013068-T1	447	3.2e-31	11	306	194	447	0.9485530546623794
GT2_Chitin_synth_2.hmm	527	DFQ17|DFQ17_013104-T1	470	9.8e-151	207	526	1	314	0.6053130929791272
GH16_19.hmm	174	DFQ17|DFQ17_013137-T1	381	3.1e-54	5	172	110	267	0.9597701149425287
GH18.hmm	296	DFQ17|DFQ17_013161-T1	460	3.1e-76	3	285	25	365	0.9527027027027027
GH16_19.hmm	174	DFQ17|DFQ17_013182-T1	362	3e-47	6	172	110	268	0.9540229885057471
GH18.hmm	296	DFQ17|DFQ17_013260-T1	402	3.1e-24	3	224	21	253	0.7466216216216216
AA4.hmm	522	DFQ17|DFQ17_013268-T1	521	1.6e-19	18	252	45	270	0.4482758620689655
GH16_3.hmm	230	DFQ17|DFQ17_013340-T1	295	1.1e-55	2	230	32	294	0.991304347826087
AA7.hmm	458	DFQ17|DFQ17_013544-T1	313	1e-28	88	298	81	282	0.4585152838427948
GT32.hmm	90	DFQ17|DFQ17_013552-T1	292	2e-19	6	86	70	145	0.8888888888888888
GH20.hmm	337	DFQ17|DFQ17_013555-T1	568	1.3e-97	7	336	165	503	0.9762611275964391
GT32.hmm	90	DFQ17|DFQ17_013589-T1	275	6.6e-21	5	87	66	144	0.9111111111111111
AA1_2.hmm	337	DFQ17|DFQ17_013628-T1	192	1.9e-31	6	134	12	148	0.3798219584569733
GT32.hmm	90	DFQ17|DFQ17_013675-T1	292	1.6e-19	8	86	70	143	0.8666666666666667
CE4.hmm	130	DFQ17|DFQ17_013727-T1	179	3.7e-31	9	117	65	176	0.8307692307692308
GT39.hmm	223	DFQ17|DFQ17_013823-T1	784	5e-71	2	223	91	327	0.9910313901345291
GT2_Chitin_synth_2.hmm	527	DFQ17|DFQ17_013824-T1	481	2.1e-103	283	527	1	244	0.4629981024667932
GT32.hmm	90	DFQ17|DFQ17_014077-T1	289	1.4e-21	7	87	69	144	0.8888888888888888
GT2_Chitin_synth_2.hmm	527	DFQ17|DFQ17_014084-T1	637	6.7e-193	112	527	1	404	0.7874762808349146
AA7.hmm	458	DFQ17|DFQ17_014146-T1	503	1.9e-92	4	458	52	491	0.9912663755458515
AA3_2.hmm	568	DFQ17|DFQ17_014240-T1	263	2.3e-23	2	208	31	242	0.3626760563380282
GH35.hmm	307	DFQ17|DFQ17_014485-T1	394	1.4e-77	1	243	41	285	0.7882736156351792
CE16.hmm	267	DFQ17|DFQ17_014560-T1	282	8.3e-21	2	264	13	276	0.9812734082397003
CE1.hmm	227	DFQ17|DFQ17_014740-T1	241	8.8e-30	8	212	2	240	0.8986784140969163
GH18.hmm	296	DFQ17|DFQ17_014784-T1	208	2.2e-31	2	134	21	197	0.44594594594594594
GH31.hmm	427	DFQ17|DFQ17_014886-T1	173	8.1e-44	83	235	1	173	0.3559718969555035
