HMM Profile	Profile Length	Gene ID	Gene Length	E Value	Profile Start	Profile End	Gene Start	Gene End	Coverage
GT15.hmm	273	ZOOFUN|ZOORAD_000100-T1	388	2.3e-115	1	272	71	343	0.9926739926739927
GT4.hmm	160	ZOOFUN|ZOORAD_000225-T1	446	1.1e-31	6	140	193	325	0.8375
CE16.hmm	267	ZOOFUN|ZOORAD_000395-T1	295	1.5e-18	3	262	26	283	0.9700374531835206
CE16.hmm	267	ZOOFUN|ZOORAD_000396-T1	311	5.9e-19	3	261	42	298	0.9662921348314607
CE9.hmm	373	ZOOFUN|ZOORAD_000459-T1	417	5.7e-123	1	373	27	412	0.9973190348525469
GH16_19.hmm	174	ZOOFUN|ZOORAD_000460-T1	366	3.5e-59	10	174	115	273	0.9425287356321839
GH16_2.hmm	326	ZOOFUN|ZOORAD_000523-T1	478	1.9e-133	1	326	105	426	0.9969325153374233
GT2_Chitin_synth_2.hmm	527	ZOOFUN|ZOORAD_000608-T1	1133	4.4e-225	4	526	428	937	0.9905123339658444
GH20.hmm	337	ZOOFUN|ZOORAD_000746-T1	559	3.3e-96	7	336	161	498	0.9762611275964391
GH16_19.hmm	174	ZOOFUN|ZOORAD_000841-T1	355	1.4e-51	3	174	140	304	0.9827586206896551
GH16_19.hmm	174	ZOOFUN|ZOORAD_000843-T1	290	4.4e-50	3	174	102	266	0.9827586206896551
GH16_19.hmm	174	ZOOFUN|ZOORAD_000845-T1	351	2.6e-53	4	174	105	267	0.9770114942528736
GH16_19.hmm	174	ZOOFUN|ZOORAD_000847-T1	343	1.9e-53	4	174	105	267	0.9770114942528736
CE4.hmm	130	ZOOFUN|ZOORAD_000884-T1	253	9.4e-34	9	125	53	171	0.8923076923076924
GH16_4.hmm	316	ZOOFUN|ZOORAD_000974-T1	371	9.5e-117	1	316	49	369	0.9968354430379747
GT1.hmm	382	ZOOFUN|ZOORAD_000980-T1	551	2.7e-34	191	361	246	447	0.44502617801047123
GT2_Chitin_synth_2.hmm	527	ZOOFUN|ZOORAD_001076-T1	1549	3.1e-232	18	526	737	1233	0.9639468690702088
CE4.hmm	130	ZOOFUN|ZOORAD_001222-T1	353	2.1e-26	7	124	115	235	0.9
CE4.hmm	130	ZOOFUN|ZOORAD_001224-T1	358	9.8e-23	6	122	114	233	0.8923076923076924
CE4.hmm	130	ZOOFUN|ZOORAD_001225-T1	344	4.9e-27	7	122	115	233	0.8846153846153846
CE4.hmm	130	ZOOFUN|ZOORAD_001226-T1	352	1.9e-18	6	124	122	243	0.9076923076923077
GH16_4.hmm	316	ZOOFUN|ZOORAD_001256-T1	485	8.9e-106	1	315	135	473	0.9936708860759493
GH16_4.hmm	316	ZOOFUN|ZOORAD_001257-T1	391	1.1e-92	3	316	47	385	0.990506329113924
GH17.hmm	311	ZOOFUN|ZOORAD_001271-T1	490	2.9e-24	2	306	212	476	0.977491961414791
GH15.hmm	361	ZOOFUN|ZOORAD_001299-T1	661	7.4e-81	4	360	279	653	0.9861495844875346
GH72.hmm	312	ZOOFUN|ZOORAD_001639-T1	443	6e-108	3	306	15	302	0.9711538461538461
GH72.hmm	312	ZOOFUN|ZOORAD_001641-T1	443	7.6e-107	3	309	15	305	0.9807692307692307
GH72.hmm	312	ZOOFUN|ZOORAD_001647-T1	566	3.8e-111	4	311	16	313	0.9839743589743589
GT2_Chitin_synth_2.hmm	527	ZOOFUN|ZOORAD_001813-T1	1101	1.8e-69	27	491	354	790	0.8804554079696395
GT2_Chitin_synth_2.hmm	527	ZOOFUN|ZOORAD_001847-T1	1844	1e-217	4	526	1106	1612	0.9905123339658444
GT2_Chitin_synth_2.hmm	527	ZOOFUN|ZOORAD_001967-T1	968	2.3e-250	21	526	381	877	0.9582542694497154
GT15.hmm	273	ZOOFUN|ZOORAD_001998-T1	383	9e-111	2	272	74	344	0.989010989010989
GT15.hmm	273	ZOOFUN|ZOORAD_002000-T1	300	1.7e-113	1	272	19	290	0.9926739926739927
GT15.hmm	273	ZOOFUN|ZOORAD_002001-T1	366	3.6e-114	1	272	55	326	0.9926739926739927
GT15.hmm	273	ZOOFUN|ZOORAD_002002-T1	368	7.1e-112	2	272	59	329	0.989010989010989
GT15.hmm	273	ZOOFUN|ZOORAD_002003-T1	371	1.7e-111	1	272	60	331	0.9926739926739927
GT15.hmm	273	ZOOFUN|ZOORAD_002004-T1	368	9.1e-108	2	272	59	329	0.989010989010989
GT15.hmm	273	ZOOFUN|ZOORAD_002005-T1	368	8e-109	2	272	59	329	0.989010989010989
GT15.hmm	273	ZOOFUN|ZOORAD_002007-T1	369	5.2e-111	1	272	59	330	0.9926739926739927
GT15.hmm	273	ZOOFUN|ZOORAD_002029-T1	372	3.3e-122	1	272	61	331	0.9926739926739927
GT33.hmm	425	ZOOFUN|ZOORAD_002084-T1	449	6.5e-143	3	424	3	445	0.9905882352941177
GH72.hmm	312	ZOOFUN|ZOORAD_002120-T1	494	2.6e-98	5	301	17	304	0.9487179487179487
AA1.hmm	943	ZOOFUN|ZOORAD_002158-T1	560	1.4e-63	427	796	15	406	0.391304347826087
GT1.hmm	382	ZOOFUN|ZOORAD_002191-T1	569	2.2e-24	216	351	287	455	0.35340314136125656
GT1.hmm	382	ZOOFUN|ZOORAD_002194-T1	557	2.5e-26	221	358	276	452	0.3586387434554974
GT1.hmm	382	ZOOFUN|ZOORAD_002208-T1	565	4.2e-25	198	352	265	452	0.4031413612565445
GT1.hmm	382	ZOOFUN|ZOORAD_002218-T1	574	4.9e-26	183	350	240	457	0.43717277486910994
GT48.hmm	739	ZOOFUN|ZOORAD_002266-T1	1810	2.2e-280	1	723	782	1558	0.9769959404600812
AA3_2.hmm	568	ZOOFUN|ZOORAD_002321-T1	613	6.7e-94	2	567	16	607	0.9947183098591549
AA3_2.hmm	568	ZOOFUN|ZOORAD_002322-T1	598	8.3e-102	2	566	16	591	0.9929577464788732
AA3_2.hmm	568	ZOOFUN|ZOORAD_002323-T1	599	6.7e-99	2	566	16	591	0.9929577464788732
AA3_2.hmm	568	ZOOFUN|ZOORAD_002328-T1	597	9.7e-106	2	566	16	590	0.9929577464788732
AA3_2.hmm	568	ZOOFUN|ZOORAD_002329-T1	666	3.2e-101	2	566	56	660	0.9929577464788732
GH5_9.hmm	303	ZOOFUN|ZOORAD_002435-T1	479	5.3e-77	1	302	124	447	0.9933993399339934
GT69.hmm	239	ZOOFUN|ZOORAD_002523-T1	461	4.9e-58	2	238	115	397	0.9874476987447699
GT69.hmm	239	ZOOFUN|ZOORAD_002525-T1	390	1.1e-50	2	208	115	339	0.8619246861924686
GT69.hmm	239	ZOOFUN|ZOORAD_002527-T1	493	1.2e-59	2	238	115	397	0.9874476987447699
GT69.hmm	239	ZOOFUN|ZOORAD_002528-T1	461	1.1e-57	2	237	115	395	0.9832635983263598
GT69.hmm	239	ZOOFUN|ZOORAD_002529-T1	460	2.4e-57	2	238	115	395	0.9874476987447699
GT69.hmm	239	ZOOFUN|ZOORAD_002530-T1	524	1.3e-54	2	237	121	423	0.9832635983263598
GT2_Chitin_synth_2.hmm	527	ZOOFUN|ZOORAD_002599-T1	845	1.6e-25	204	522	310	613	0.603415559772296
GH5_12.hmm	539	ZOOFUN|ZOORAD_002634-T1	747	1.6e-188	2	539	24	558	0.9962894248608535
GH5_12.hmm	539	ZOOFUN|ZOORAD_002635-T1	721	1.9e-166	2	539	23	532	0.9962894248608535
GH5_12.hmm	539	ZOOFUN|ZOORAD_002638-T1	738	1.4e-188	3	539	25	558	0.9944341372912802
AA7.hmm	458	ZOOFUN|ZOORAD_002708-T1	530	3.5e-70	6	458	63	501	0.9868995633187773
AA11.hmm	191	ZOOFUN|ZOORAD_002811-T1	550	8.4e-41	10	163	35	172	0.8010471204188482
GH31.hmm	427	ZOOFUN|ZOORAD_002841-T1	944	8.2e-159	2	427	347	790	0.9953161592505855
GT1.hmm	382	ZOOFUN|ZOORAD_002845-T1	526	1.4e-30	127	354	155	417	0.5942408376963351
GH16_4.hmm	316	ZOOFUN|ZOORAD_003052-T1	365	5.2e-114	1	316	31	362	0.9968354430379747
GT15.hmm	273	ZOOFUN|ZOORAD_003236-T1	375	3.6e-113	1	272	64	335	0.9926739926739927
GH5_9.hmm	303	ZOOFUN|ZOORAD_003355-T1	504	6e-76	1	303	161	473	0.9966996699669967
GH5_9.hmm	303	ZOOFUN|ZOORAD_003356-T1	505	6e-76	1	303	162	474	0.9966996699669967
GH5_9.hmm	303	ZOOFUN|ZOORAD_003358-T1	504	1.1e-75	1	303	162	473	0.9966996699669967
GH5_9.hmm	303	ZOOFUN|ZOORAD_003361-T1	504	4.4e-74	1	303	162	473	0.9966996699669967
GH5_9.hmm	303	ZOOFUN|ZOORAD_003368-T1	520	1.6e-106	1	303	173	487	0.9966996699669967
GH16_4.hmm	316	ZOOFUN|ZOORAD_003369-T1	520	1.1e-116	1	316	164	514	0.9968354430379747
CE4.hmm	130	ZOOFUN|ZOORAD_003388-T1	244	3e-34	8	125	52	171	0.9
CE4.hmm	130	ZOOFUN|ZOORAD_003389-T1	244	4.4e-31	9	123	53	169	0.8769230769230769
GT2_Chitin_synth_2.hmm	527	ZOOFUN|ZOORAD_003577-T1	1840	2.6e-230	4	526	1143	1649	0.9905123339658444
GT22.hmm	389	ZOOFUN|ZOORAD_003636-T1	605	1.7e-76	36	389	127	478	0.9074550128534704
GH37.hmm	491	ZOOFUN|ZOORAD_003715-T1	642	4.5e-152	3	489	71	614	0.9898167006109979
GT24.hmm	248	ZOOFUN|ZOORAD_003737-T1	1560	3e-130	1	248	1260	1507	0.9959677419354839
GH18.hmm	296	ZOOFUN|ZOORAD_003838-T1	499	3.2e-76	2	285	19	401	0.956081081081081
GH31.hmm	427	ZOOFUN|ZOORAD_004071-T1	766	1e-69	201	427	362	591	0.5292740046838408
GT58.hmm	364	ZOOFUN|ZOORAD_004488-T1	456	1.4e-132	4	364	67	425	0.989010989010989
GT35.hmm	674	ZOOFUN|ZOORAD_004497-T1	902	1.5e-273	3	673	163	878	0.9940652818991098
GH17.hmm	311	ZOOFUN|ZOORAD_004547-T1	324	1.7e-28	9	308	58	317	0.9614147909967846
GH72.hmm	312	ZOOFUN|ZOORAD_004574-T1	529	4.1e-112	3	310	15	312	0.9839743589743589
GH18.hmm	296	ZOOFUN|ZOORAD_004629-T1	1045	9.6e-18	2	240	24	312	0.8040540540540541
GT39.hmm	223	ZOOFUN|ZOORAD_004637-T1	861	4.3e-67	2	223	111	349	0.9910313901345291
GT76.hmm	407	ZOOFUN|ZOORAD_004720-T1	445	2.2e-107	1	407	18	445	0.9975429975429976
GT76.hmm	407	ZOOFUN|ZOORAD_004722-T1	446	1.7e-103	1	407	18	446	0.9975429975429976
GT15.hmm	273	ZOOFUN|ZOORAD_004932-T1	348	1.4e-102	1	272	52	307	0.9926739926739927
GT15.hmm	273	ZOOFUN|ZOORAD_004933-T1	348	1.4e-102	1	272	52	307	0.9926739926739927
GT15.hmm	273	ZOOFUN|ZOORAD_004935-T1	362	9.6e-121	1	272	51	321	0.9926739926739927
GH63.hmm	570	ZOOFUN|ZOORAD_004943-T1	858	4.3e-28	319	567	642	856	0.43508771929824563
GH37.hmm	491	ZOOFUN|ZOORAD_005056-T1	583	2.5e-74	4	375	51	449	0.7556008146639511
GH37.hmm	491	ZOOFUN|ZOORAD_005057-T1	582	1.2e-149	3	491	6	548	0.9938900203665988
GH132.hmm	303	ZOOFUN|ZOORAD_005324-T1	280	1.9e-58	69	302	55	276	0.768976897689769
CE4.hmm	130	ZOOFUN|ZOORAD_005416-T1	247	1.2e-32	9	125	53	172	0.8923076923076924
CE4.hmm	130	ZOOFUN|ZOORAD_005418-T1	248	6.1e-34	9	125	53	172	0.8923076923076924
GT2_Chitin_synth_2.hmm	527	ZOOFUN|ZOORAD_005440-T1	1798	1.2e-229	5	526	1176	1678	0.9886148007590133
AA7.hmm	458	ZOOFUN|ZOORAD_005496-T1	704	7.1e-75	6	458	109	546	0.9868995633187773
AA7.hmm	458	ZOOFUN|ZOORAD_005497-T1	532	6.7e-76	6	458	65	503	0.9868995633187773
AA7.hmm	458	ZOOFUN|ZOORAD_005498-T1	554	1.1e-72	6	458	87	525	0.9868995633187773
AA7.hmm	458	ZOOFUN|ZOORAD_005499-T1	533	1.8e-75	6	458	66	504	0.9868995633187773
GH18.hmm	296	ZOOFUN|ZOORAD_005563-T1	445	7.2e-79	3	284	21	405	0.9493243243243243
GH18.hmm	296	ZOOFUN|ZOORAD_005567-T1	413	6.2e-76	3	284	20	404	0.9493243243243243
GT1.hmm	382	ZOOFUN|ZOORAD_005584-T1	552	7.7e-27	190	380	245	468	0.4973821989528796
GT1.hmm	382	ZOOFUN|ZOORAD_005585-T1	547	1.6e-29	220	381	253	466	0.4214659685863874
GT1.hmm	382	ZOOFUN|ZOORAD_005586-T1	549	9.1e-32	220	381	260	468	0.4214659685863874
GT1.hmm	382	ZOOFUN|ZOORAD_005587-T1	549	7e-30	191	381	248	468	0.4973821989528796
GT1.hmm	382	ZOOFUN|ZOORAD_005588-T1	550	4.7e-28	191	380	246	468	0.49476439790575916
GT21.hmm	233	ZOOFUN|ZOORAD_005675-T1	508	1.2e-87	1	233	60	291	0.9957081545064378
GT69.hmm	239	ZOOFUN|ZOORAD_005712-T1	457	4.1e-55	1	238	134	393	0.9916317991631799
CE4.hmm	130	ZOOFUN|ZOORAD_005794-T1	245	1.8e-33	9	125	38	157	0.8923076923076924
CE4.hmm	130	ZOOFUN|ZOORAD_005795-T1	263	1.3e-33	10	125	70	188	0.8846153846153846
AA6.hmm	195	ZOOFUN|ZOORAD_005864-T1	209	2.4e-81	1	194	6	200	0.9897435897435898
GH17.hmm	311	ZOOFUN|ZOORAD_005920-T1	293	2.1e-26	2	304	23	283	0.9710610932475884
AA3_2.hmm	568	ZOOFUN|ZOORAD_005946-T1	578	7.7e-96	2	566	20	577	0.9929577464788732
AA3_2.hmm	568	ZOOFUN|ZOORAD_005949-T1	578	2.8e-102	2	566	20	577	0.9929577464788732
CBM21.hmm	107	ZOOFUN|ZOORAD_005976-T1	317	1.5e-19	5	107	131	235	0.9532710280373832
CBM21.hmm	107	ZOOFUN|ZOORAD_005986-T1	328	1.5e-27	4	107	56	163	0.9626168224299065
CBM21.hmm	107	ZOOFUN|ZOORAD_006005-T1	384	5e-30	4	107	104	209	0.9626168224299065
GT57.hmm	481	ZOOFUN|ZOORAD_006143-T1	510	1.2e-166	3	480	10	502	0.9916839916839917
AA11.hmm	191	ZOOFUN|ZOORAD_006288-T1	290	1.1e-38	13	181	22	167	0.8795811518324608
AA11.hmm	191	ZOOFUN|ZOORAD_006289-T1	375	2.6e-36	12	163	36	171	0.7905759162303665
AA11.hmm	191	ZOOFUN|ZOORAD_006291-T1	438	3e-35	12	163	36	171	0.7905759162303665
AA11.hmm	191	ZOOFUN|ZOORAD_006293-T1	438	2.7e-35	12	163	36	171	0.7905759162303665
AA11.hmm	191	ZOOFUN|ZOORAD_006295-T1	373	6.4e-34	11	163	20	156	0.7958115183246073
AA11.hmm	191	ZOOFUN|ZOORAD_006298-T1	373	7.3e-29	11	163	20	156	0.7958115183246073
AA11.hmm	191	ZOOFUN|ZOORAD_006300-T1	364	1.1e-34	10	163	19	156	0.8010471204188482
AA11.hmm	191	ZOOFUN|ZOORAD_006301-T1	364	1.1e-34	10	163	19	156	0.8010471204188482
GH3.hmm	216	ZOOFUN|ZOORAD_006321-T1	769	5.2e-60	4	216	123	351	0.9814814814814815
GH3.hmm	216	ZOOFUN|ZOORAD_006323-T1	769	3.8e-61	4	208	123	342	0.9444444444444444
GH3.hmm	216	ZOOFUN|ZOORAD_006324-T1	808	4.3e-58	4	214	123	349	0.9722222222222222
GH3.hmm	216	ZOOFUN|ZOORAD_006325-T1	769	1.1e-58	4	215	123	350	0.9768518518518519
CE4.hmm	130	ZOOFUN|ZOORAD_006565-T1	350	5.4e-27	7	125	120	241	0.9076923076923077
CE4.hmm	130	ZOOFUN|ZOORAD_006566-T1	343	1e-27	8	124	115	234	0.8923076923076924
GH18.hmm	296	ZOOFUN|ZOORAD_006733-T1	525	5.2e-61	3	285	72	452	0.9527027027027027
GH3.hmm	216	ZOOFUN|ZOORAD_006771-T1	753	6.4e-57	3	215	103	332	0.9814814814814815
GT2_Chitin_synth_2.hmm	527	ZOOFUN|ZOORAD_006772-T1	1171	2.6e-284	11	527	578	1093	0.9791271347248577
GH3.hmm	216	ZOOFUN|ZOORAD_006774-T1	773	3.4e-58	4	207	120	339	0.9398148148148148
GH5_9.hmm	303	ZOOFUN|ZOORAD_006852-T1	369	1.2e-79	1	303	34	314	0.9966996699669967
GH5_9.hmm	303	ZOOFUN|ZOORAD_006854-T1	273	8.3e-51	63	303	1	219	0.7920792079207921
GH5_9.hmm	303	ZOOFUN|ZOORAD_006855-T1	385	1.4e-81	1	303	65	344	0.9966996699669967
GH5_9.hmm	303	ZOOFUN|ZOORAD_006856-T1	405	8.4e-84	1	303	65	345	0.9966996699669967
GH20.hmm	337	ZOOFUN|ZOORAD_006996-T1	547	3.3e-97	5	336	157	497	0.9821958456973294
GH20.hmm	337	ZOOFUN|ZOORAD_006997-T1	470	3.3e-71	5	336	118	431	0.9821958456973294
GH20.hmm	337	ZOOFUN|ZOORAD_007000-T1	546	6e-100	5	336	157	497	0.9821958456973294
GH20.hmm	337	ZOOFUN|ZOORAD_007003-T1	545	3.4e-101	5	336	156	496	0.9821958456973294
GH20.hmm	337	ZOOFUN|ZOORAD_007004-T1	209	1.4e-31	192	336	3	153	0.42729970326409494
GH20.hmm	337	ZOOFUN|ZOORAD_007005-T1	301	6.1e-47	4	147	155	301	0.42433234421364985
AA3_2.hmm	568	ZOOFUN|ZOORAD_007019-T1	600	5.2e-100	2	565	20	577	0.9911971830985915
AA3_2.hmm	568	ZOOFUN|ZOORAD_007022-T1	598	6.4e-100	2	565	20	577	0.9911971830985915
GT57.hmm	481	ZOOFUN|ZOORAD_007292-T1	557	8.3e-140	2	480	77	535	0.9937629937629938
GH18.hmm	296	ZOOFUN|ZOORAD_007342-T1	429	5.8e-59	16	286	28	363	0.9121621621621622
CE14.hmm	124	ZOOFUN|ZOORAD_007446-T1	289	1.1e-17	1	123	54	166	0.9838709677419355
GH16_19.hmm	174	ZOOFUN|ZOORAD_007465-T1	304	2.7e-51	11	174	124	280	0.9367816091954023
GH16_19.hmm	174	ZOOFUN|ZOORAD_007467-T1	304	3.7e-47	11	174	124	280	0.9367816091954023
GH17.hmm	311	ZOOFUN|ZOORAD_007524-T1	346	3.2e-30	11	306	85	337	0.9485530546623794
GH81.hmm	622	ZOOFUN|ZOORAD_007658-T1	694	3.7e-173	9	622	66	689	0.9855305466237942
GH47.hmm	446	ZOOFUN|ZOORAD_007666-T1	658	9.9e-152	1	446	77	530	0.9977578475336323
AA11.hmm	191	ZOOFUN|ZOORAD_007692-T1	257	7.2e-35	10	163	40	180	0.8010471204188482
AA11.hmm	191	ZOOFUN|ZOORAD_007693-T1	257	7.2e-35	10	163	40	180	0.8010471204188482
GT20.hmm	475	ZOOFUN|ZOORAD_007764-T1	474	1.7e-196	9	474	8	473	0.9789473684210527
AA11.hmm	191	ZOOFUN|ZOORAD_007765-T1	256	5.4e-35	29	163	58	179	0.7015706806282722
AA11.hmm	191	ZOOFUN|ZOORAD_007957-T1	326	9.6e-38	12	163	41	175	0.7905759162303665
AA11.hmm	191	ZOOFUN|ZOORAD_007958-T1	340	1.9e-39	13	162	42	174	0.7801047120418848
AA11.hmm	191	ZOOFUN|ZOORAD_007959-T1	269	1.6e-40	13	162	23	155	0.7801047120418848
AA11.hmm	191	ZOOFUN|ZOORAD_007960-T1	314	1.3e-40	12	163	34	170	0.7905759162303665
AA11.hmm	191	ZOOFUN|ZOORAD_007962-T1	300	5e-40	13	163	23	158	0.7853403141361257
AA11.hmm	191	ZOOFUN|ZOORAD_007963-T1	336	1.7e-40	12	163	41	175	0.7905759162303665
GH18.hmm	296	ZOOFUN|ZOORAD_008085-T1	491	4.6e-59	3	284	26	407	0.9493243243243243
GT15.hmm	273	ZOOFUN|ZOORAD_008132-T1	421	1e-110	1	272	63	358	0.9926739926739927
GH16_3.hmm	230	ZOOFUN|ZOORAD_008165-T1	435	2.2e-68	1	230	166	432	0.9956521739130435
GH18.hmm	296	ZOOFUN|ZOORAD_008207-T1	612	4.5e-22	4	198	57	301	0.6554054054054054
GT2_Chitin_synth_2.hmm	527	ZOOFUN|ZOORAD_008327-T1	872	7.3e-24	193	514	295	604	0.6091081593927894
GH20.hmm	337	ZOOFUN|ZOORAD_008345-T1	837	1.2e-32	10	329	163	479	0.9465875370919882
GT4.hmm	160	ZOOFUN|ZOORAD_008552-T1	461	4.1e-34	9	158	211	384	0.93125
GT22.hmm	389	ZOOFUN|ZOORAD_008599-T1	649	1.8e-80	2	389	60	519	0.9948586118251928
AA11.hmm	191	ZOOFUN|ZOORAD_008611-T1	386	3.9e-38	8	168	34	182	0.837696335078534
AA11.hmm	191	ZOOFUN|ZOORAD_008612-T1	282	5.5e-37	7	168	33	182	0.8429319371727748
AA11.hmm	191	ZOOFUN|ZOORAD_008614-T1	346	4.9e-36	9	167	35	182	0.8272251308900523
GH16_2.hmm	326	ZOOFUN|ZOORAD_008687-T1	486	7.1e-136	1	326	114	434	0.9969325153374233
GH72.hmm	312	ZOOFUN|ZOORAD_008721-T1	546	7.2e-112	3	311	17	315	0.9871794871794872
GH72.hmm	312	ZOOFUN|ZOORAD_008740-T1	392	2.1e-57	3	279	18	287	0.8846153846153846
GH47.hmm	446	ZOOFUN|ZOORAD_008746-T1	564	5.2e-153	1	446	95	561	0.9977578475336323
GH5_12.hmm	539	ZOOFUN|ZOORAD_008987-T1	1032	2e-179	1	539	290	800	0.9981447124304267
GH24.hmm	137	ZOOFUN|ZOORAD_009047-T1	155	1.8e-31	2	137	7	145	0.9854014598540146
GT1.hmm	382	ZOOFUN|ZOORAD_009102-T1	564	1e-26	173	362	217	453	0.49476439790575916
GT1.hmm	382	ZOOFUN|ZOORAD_009103-T1	481	8.1e-21	220	361	245	433	0.36910994764397903
GT1.hmm	382	ZOOFUN|ZOORAD_009104-T1	364	5e-26	172	363	14	257	0.5
GT2_Chitin_synth_1.hmm	163	ZOOFUN|ZOORAD_009281-T1	852	4.3e-78	1	163	183	345	0.9938650306748467
GT2_Chitin_synth_2.hmm	527	ZOOFUN|ZOORAD_009281-T1	852	2.9e-22	204	390	323	515	0.35294117647058826
GT1.hmm	382	ZOOFUN|ZOORAD_009324-T1	558	7.1e-24	221	363	278	457	0.3717277486910995
GT1.hmm	382	ZOOFUN|ZOORAD_009327-T1	553	5.6e-22	225	361	282	457	0.35602094240837695
GT1.hmm	382	ZOOFUN|ZOORAD_009329-T1	578	3.8e-30	93	352	137	446	0.6780104712041884
GT1.hmm	382	ZOOFUN|ZOORAD_009333-T1	578	2.4e-29	89	352	133	446	0.6884816753926701
GT1.hmm	382	ZOOFUN|ZOORAD_009334-T1	578	2.4e-29	89	352	133	446	0.6884816753926701
GT1.hmm	382	ZOOFUN|ZOORAD_009336-T1	581	3.7e-29	91	327	138	424	0.6178010471204188
GH17.hmm	311	ZOOFUN|ZOORAD_009354-T1	515	1.3e-29	2	306	239	505	0.977491961414791
GT2_Chitin_synth_2.hmm	527	ZOOFUN|ZOORAD_009519-T1	1140	4.5e-262	17	527	479	983	0.967741935483871
GH47.hmm	446	ZOOFUN|ZOORAD_009523-T1	528	4.4e-113	2	445	81	509	0.9932735426008968
GH72.hmm	312	ZOOFUN|ZOORAD_009545-T1	498	1.5e-51	3	293	18	299	0.9294871794871795
AA11.hmm	191	ZOOFUN|ZOORAD_009755-T1	408	1.3e-40	1	170	19	183	0.8848167539267016
AA11.hmm	191	ZOOFUN|ZOORAD_009756-T1	363	6.4e-41	1	170	19	183	0.8848167539267016
AA11.hmm	191	ZOOFUN|ZOORAD_009758-T1	317	5.6e-41	4	170	22	183	0.8691099476439791
GH20.hmm	337	ZOOFUN|ZOORAD_009774-T1	552	7.4e-97	4	336	155	496	0.9851632047477745
GH47.hmm	446	ZOOFUN|ZOORAD_009877-T1	477	2.8e-120	2	445	46	474	0.9932735426008968
AA11.hmm	191	ZOOFUN|ZOORAD_009922-T1	252	5.9e-33	10	163	34	175	0.8010471204188482
AA11.hmm	191	ZOOFUN|ZOORAD_009924-T1	252	3.9e-32	7	163	30	175	0.8167539267015707
CE4.hmm	130	ZOOFUN|ZOORAD_009962-T1	246	9.5e-34	9	125	52	171	0.8923076923076924
GT2_Chitin_synth_2.hmm	527	ZOOFUN|ZOORAD_009985-T1	1923	1.1e-208	4	527	1224	1739	0.9924098671726755
GT48.hmm	739	ZOOFUN|ZOORAD_009987-T1	1815	1.8e-285	1	722	789	1557	0.9756427604871448
GT48.hmm	739	ZOOFUN|ZOORAD_010118-T1	1934	2e-294	3	720	885	1659	0.9702300405953992
GH5_9.hmm	303	ZOOFUN|ZOORAD_010192-T1	401	2.5e-104	2	303	74	375	0.9933993399339934
GH16_19.hmm	174	ZOOFUN|ZOORAD_010195-T1	360	1.3e-59	4	174	116	283	0.9770114942528736
GH5_9.hmm	303	ZOOFUN|ZOORAD_010196-T1	416	1.5e-106	1	303	79	389	0.9966996699669967
GH5_9.hmm	303	ZOOFUN|ZOORAD_010197-T1	416	9.1e-101	1	303	79	390	0.9966996699669967
GH5_9.hmm	303	ZOOFUN|ZOORAD_010198-T1	416	5.3e-103	1	303	79	390	0.9966996699669967
GH5_9.hmm	303	ZOOFUN|ZOORAD_010199-T1	406	4.7e-94	18	303	85	380	0.9405940594059405
GH5_9.hmm	303	ZOOFUN|ZOORAD_010200-T1	411	1.6e-105	1	303	73	385	0.9966996699669967
AA11.hmm	191	ZOOFUN|ZOORAD_010217-T1	204	6e-31	13	163	20	163	0.7853403141361257
GH16_4.hmm	316	ZOOFUN|ZOORAD_010250-T1	543	2.3e-106	1	315	186	524	0.9936708860759493
GH16_4.hmm	316	ZOOFUN|ZOORAD_010252-T1	403	4.8e-107	1	315	46	385	0.9936708860759493
GH16_4.hmm	316	ZOOFUN|ZOORAD_010254-T1	168	7.7e-33	178	316	6	163	0.43670886075949367
GH16_4.hmm	316	ZOOFUN|ZOORAD_010259-T1	466	4.1e-111	1	316	120	461	0.9968354430379747
GH16_4.hmm	316	ZOOFUN|ZOORAD_010267-T1	462	1.1e-108	1	316	109	450	0.9968354430379747
GH16_19.hmm	174	ZOOFUN|ZOORAD_010297-T1	308	1.3e-47	3	174	54	214	0.9827586206896551
GH18.hmm	296	ZOOFUN|ZOORAD_010320-T1	490	9.6e-73	3	284	26	408	0.9493243243243243
AA3_2.hmm	568	ZOOFUN|ZOORAD_010351-T1	610	2.2e-96	3	566	14	603	0.9911971830985915
AA3_2.hmm	568	ZOOFUN|ZOORAD_010352-T1	661	7.2e-96	2	566	68	658	0.9929577464788732
GT4.hmm	160	ZOOFUN|ZOORAD_010361-T1	498	2.1e-22	8	134	292	435	0.7875
GH13_5.hmm	342	ZOOFUN|ZOORAD_010671-T1	487	1.8e-134	2	342	32	370	0.9941520467836257
GT50.hmm	262	ZOOFUN|ZOORAD_010706-T1	479	3.7e-88	1	261	141	442	0.9923664122137404
GH18.hmm	296	ZOOFUN|ZOORAD_010724-T1	312	5.2e-21	2	203	16	239	0.6790540540540541
GH5_9.hmm	303	ZOOFUN|ZOORAD_011025-T1	491	1.7e-87	1	303	117	434	0.9966996699669967
GT39.hmm	223	ZOOFUN|ZOORAD_011060-T1	738	5e-62	4	223	66	303	0.9820627802690582
AA11.hmm	191	ZOOFUN|ZOORAD_011110-T1	292	5.3e-45	1	170	17	181	0.8848167539267016
AA11.hmm	191	ZOOFUN|ZOORAD_011111-T1	292	3.8e-45	1	170	17	181	0.8848167539267016
AA11.hmm	191	ZOOFUN|ZOORAD_011112-T1	301	4.3e-45	1	170	17	181	0.8848167539267016
AA11.hmm	191	ZOOFUN|ZOORAD_011114-T1	303	4e-45	1	163	17	175	0.8481675392670157
AA3_2.hmm	568	ZOOFUN|ZOORAD_011140-T1	682	4.4e-95	2	567	78	672	0.9947183098591549
AA3_2.hmm	568	ZOOFUN|ZOORAD_011141-T1	668	4.5e-97	2	567	64	658	0.9947183098591549
AA3_2.hmm	568	ZOOFUN|ZOORAD_011142-T1	668	1.2e-94	2	567	64	658	0.9947183098591549
AA3_2.hmm	568	ZOOFUN|ZOORAD_011143-T1	666	1.7e-92	1	567	65	660	0.9964788732394366
GT69.hmm	239	ZOOFUN|ZOORAD_011192-T1	374	1.2e-62	2	238	25	300	0.9874476987447699
AA7.hmm	458	ZOOFUN|ZOORAD_011248-T1	485	5.8e-90	3	458	44	481	0.9934497816593887
AA7.hmm	458	ZOOFUN|ZOORAD_011249-T1	486	2.9e-91	3	458	45	482	0.9934497816593887
AA7.hmm	458	ZOOFUN|ZOORAD_011251-T1	478	1.9e-93	4	458	27	463	0.9912663755458515
AA7.hmm	458	ZOOFUN|ZOORAD_011252-T1	486	1.3e-94	3	458	45	482	0.9934497816593887
AA7.hmm	458	ZOOFUN|ZOORAD_011253-T1	485	5.3e-82	4	226	44	267	0.4847161572052402
GT2_Chitin_synth_2.hmm	527	ZOOFUN|ZOORAD_011263-T1	1216	3.2e-77	27	492	350	788	0.8823529411764706
GH16_19.hmm	174	ZOOFUN|ZOORAD_011277-T1	249	3e-50	22	174	81	225	0.8735632183908046
GH18.hmm	296	ZOOFUN|ZOORAD_011294-T1	413	1.4e-76	2	284	19	390	0.9527027027027027
GH18.hmm	296	ZOOFUN|ZOORAD_011401-T1	480	1.7e-26	3	203	25	274	0.6756756756756757
GT2_Glycos_transf_2.hmm	170	ZOOFUN|ZOORAD_011405-T1	238	1.9e-33	1	169	6	176	0.9882352941176471
GT20.hmm	475	ZOOFUN|ZOORAD_011417-T1	772	7.7e-157	11	474	12	489	0.9747368421052631
GH47.hmm	446	ZOOFUN|ZOORAD_011431-T1	594	8.1e-148	1	446	90	578	0.9977578475336323
GH47.hmm	446	ZOOFUN|ZOORAD_011432-T1	628	9.7e-147	1	446	90	611	0.9977578475336323
AA11.hmm	191	ZOOFUN|ZOORAD_011463-T1	202	7.7e-30	25	161	48	174	0.7120418848167539
GH47.hmm	446	ZOOFUN|ZOORAD_011499-T1	474	2.2e-143	1	446	41	472	0.9977578475336323
GT2_Chitin_synth_2.hmm	527	ZOOFUN|ZOORAD_011570-T1	1819	5.3e-230	4	527	1178	1685	0.9924098671726755
AA1.hmm	943	ZOOFUN|ZOORAD_011585-T1	523	1.6e-67	453	796	41	376	0.3637327677624602
AA1.hmm	943	ZOOFUN|ZOORAD_011590-T1	515	1.6e-64	453	796	41	376	0.3637327677624602
AA1.hmm	943	ZOOFUN|ZOORAD_011635-T1	530	5.6e-66	454	795	42	375	0.3616118769883351
GT1.hmm	382	ZOOFUN|ZOORAD_011773-T1	1178	1.1e-59	5	377	694	1099	0.9738219895287958
GT22.hmm	389	ZOOFUN|ZOORAD_011810-T1	665	8.9e-70	12	363	66	508	0.9023136246786633
GH18.hmm	296	ZOOFUN|ZOORAD_011815-T1	416	4.6e-84	4	284	29	405	0.9459459459459459
GH18.hmm	296	ZOOFUN|ZOORAD_011816-T1	305	3.9e-59	52	284	11	282	0.7837837837837838
GH47.hmm	446	ZOOFUN|ZOORAD_011864-T1	480	1.5e-119	2	446	49	478	0.9955156950672646
GT2_Chitin_synth_2.hmm	527	ZOOFUN|ZOORAD_012048-T1	982	4.5e-247	18	526	375	874	0.9639468690702088
GH72.hmm	312	ZOOFUN|ZOORAD_012057-T1	491	3.3e-63	3	291	16	296	0.9230769230769231
GH72.hmm	312	ZOOFUN|ZOORAD_012058-T1	501	6.5e-52	3	279	18	287	0.8846153846153846
GH72.hmm	312	ZOOFUN|ZOORAD_012059-T1	224	1.7e-44	3	212	18	222	0.6698717948717948
GH17.hmm	311	ZOOFUN|ZOORAD_012117-T1	385	1.3e-35	2	309	110	379	0.9871382636655949
GH17.hmm	311	ZOOFUN|ZOORAD_012119-T1	380	2.2e-36	2	310	105	375	0.9903536977491961
GH47.hmm	446	ZOOFUN|ZOORAD_012290-T1	702	6.8e-138	1	445	60	495	0.9955156950672646
AA6.hmm	195	ZOOFUN|ZOORAD_012291-T1	749	7.2e-71	1	194	76	269	0.9897435897435898
AA11.hmm	191	ZOOFUN|ZOORAD_012336-T1	226	2.2e-38	11	163	39	187	0.7958115183246073
GT76.hmm	407	ZOOFUN|ZOORAD_012524-T1	445	1e-102	2	406	19	444	0.9926289926289926
GH16_4.hmm	316	ZOOFUN|ZOORAD_012539-T1	462	1.1e-108	1	316	109	450	0.9968354430379747
GH16_4.hmm	316	ZOOFUN|ZOORAD_012540-T1	462	9.6e-107	1	316	109	450	0.9968354430379747
GH16_4.hmm	316	ZOOFUN|ZOORAD_012541-T1	518	9.3e-108	1	315	164	502	0.9936708860759493
GH3.hmm	216	ZOOFUN|ZOORAD_012635-T1	760	7.3e-63	4	215	111	338	0.9768518518518519
GH3.hmm	216	ZOOFUN|ZOORAD_012636-T1	760	9.2e-64	4	215	111	338	0.9768518518518519
GT15.hmm	273	ZOOFUN|ZOORAD_012715-T1	369	6.8e-115	2	272	59	329	0.989010989010989
GT8.hmm	257	ZOOFUN|ZOORAD_012717-T1	342	1.2e-35	32	254	14	294	0.8638132295719845
GH5_9.hmm	303	ZOOFUN|ZOORAD_012725-T1	511	1.3e-85	1	303	163	479	0.9966996699669967
GH35.hmm	307	ZOOFUN|ZOORAD_012771-T1	1143	7.2e-65	1	303	60	441	0.9837133550488599
GT22.hmm	389	ZOOFUN|ZOORAD_012797-T1	797	5.5e-60	2	361	69	494	0.922879177377892
GT39.hmm	223	ZOOFUN|ZOORAD_012817-T1	764	4.1e-55	2	223	79	319	0.9910313901345291
GT39.hmm	223	ZOOFUN|ZOORAD_012854-T1	780	1.2e-68	2	223	87	324	0.9910313901345291
GH47.hmm	446	ZOOFUN|ZOORAD_012891-T1	387	3.1e-100	48	446	1	385	0.8923766816143498
GH47.hmm	446	ZOOFUN|ZOORAD_012893-T1	453	7e-120	2	446	14	443	0.9955156950672646
GH5_9.hmm	303	ZOOFUN|ZOORAD_012926-T1	529	3.3e-101	1	303	183	499	0.9966996699669967
CE4.hmm	130	ZOOFUN|ZOORAD_012998-T1	233	3.6e-31	9	125	39	158	0.8923076923076924
CE4.hmm	130	ZOOFUN|ZOORAD_012999-T1	246	5.2e-34	9	125	52	171	0.8923076923076924
CE4.hmm	130	ZOOFUN|ZOORAD_013000-T1	239	7.3e-35	9	125	45	164	0.8923076923076924
GH18.hmm	296	ZOOFUN|ZOORAD_013053-T1	429	5e-54	5	285	22	370	0.9459459459459459
GT48.hmm	739	ZOOFUN|ZOORAD_013271-T1	1913	2.6e-283	3	727	860	1631	0.979702300405954
GT2_Chitin_synth_1.hmm	163	ZOOFUN|ZOORAD_013294-T1	822	1.1e-75	1	163	152	314	0.9938650306748467
GH72.hmm	312	ZOOFUN|ZOORAD_013308-T1	519	1.1e-97	4	309	20	319	0.9775641025641025
GH31.hmm	427	ZOOFUN|ZOORAD_013350-T1	873	4.2e-155	3	427	245	728	0.9929742388758782
GH31.hmm	427	ZOOFUN|ZOORAD_013351-T1	907	1.9e-152	3	427	242	725	0.9929742388758782
GH47.hmm	446	ZOOFUN|ZOORAD_013405-T1	567	1.8e-145	1	446	97	561	0.9977578475336323
GH16_2.hmm	326	ZOOFUN|ZOORAD_013430-T1	486	7.1e-136	1	326	114	434	0.9969325153374233
GH38.hmm	269	ZOOFUN|ZOORAD_013524-T1	1069	3e-83	3	255	271	522	0.9368029739776952
GH38.hmm	269	ZOOFUN|ZOORAD_013525-T1	1074	3.1e-83	3	255	273	524	0.9368029739776952
GH37.hmm	491	ZOOFUN|ZOORAD_013542-T1	916	6.2e-142	4	489	159	712	0.9877800407331976
GH5_9.hmm	303	ZOOFUN|ZOORAD_013670-T1	475	2.1e-86	1	303	107	424	0.9966996699669967
GH16_4.hmm	316	ZOOFUN|ZOORAD_013714-T1	460	4.6e-106	1	316	107	448	0.9968354430379747
GH16_4.hmm	316	ZOOFUN|ZOORAD_013715-T1	465	2.8e-111	1	316	119	460	0.9968354430379747
GH81.hmm	622	ZOOFUN|ZOORAD_013941-T1	674	8.2e-155	8	622	38	663	0.9871382636655949
GT15.hmm	273	ZOOFUN|ZOORAD_013983-T1	382	2.5e-117	1	272	65	337	0.9926739926739927
GH72.hmm	312	ZOOFUN|ZOORAD_014001-T1	517	7e-50	3	296	23	307	0.9391025641025641
GH72.hmm	312	ZOOFUN|ZOORAD_014005-T1	510	1.8e-49	3	278	38	310	0.8814102564102564
GH72.hmm	312	ZOOFUN|ZOORAD_014006-T1	493	9.3e-58	4	289	19	295	0.9134615384615384
GH72.hmm	312	ZOOFUN|ZOORAD_014007-T1	493	5.7e-94	3	310	16	317	0.9839743589743589
GH5_9.hmm	303	ZOOFUN|ZOORAD_014161-T1	490	7.8e-87	1	303	117	434	0.9966996699669967
GT2_Chitin_synth_2.hmm	527	ZOOFUN|ZOORAD_014192-T1	1822	1.2e-126	14	448	1383	1809	0.8235294117647058
CE4.hmm	130	ZOOFUN|ZOORAD_014242-T1	247	1.6e-36	8	125	52	172	0.9
GT2_Chitin_synth_2.hmm	527	ZOOFUN|ZOORAD_014292-T1	898	2.8e-24	204	500	332	614	0.5616698292220114
GT2_Chitin_synth_2.hmm	527	ZOOFUN|ZOORAD_014293-T1	771	2.7e-24	204	500	164	446	0.5616698292220114
GH17.hmm	311	ZOOFUN|ZOORAD_014354-T1	332	1.6e-29	13	306	73	323	0.9421221864951769
GH47.hmm	446	ZOOFUN|ZOORAD_014514-T1	478	1.5e-123	2	446	48	476	0.9955156950672646
GH72.hmm	312	ZOOFUN|ZOORAD_014546-T1	504	2e-118	4	312	15	324	0.9871794871794872
GT2_Glycos_transf_2.hmm	170	ZOOFUN|ZOORAD_014581-T1	329	8.5e-23	1	164	64	240	0.9588235294117647
GT1.hmm	382	ZOOFUN|ZOORAD_014599-T1	538	2.3e-23	94	352	132	428	0.675392670157068
GH72.hmm	312	ZOOFUN|ZOORAD_014664-T1	533	3.2e-109	3	311	18	315	0.9871794871794872
GH5_9.hmm	303	ZOOFUN|ZOORAD_014666-T1	416	1e-99	1	303	79	390	0.9966996699669967
GH72.hmm	312	ZOOFUN|ZOORAD_014667-T1	533	7.9e-121	3	311	17	314	0.9871794871794872
GH72.hmm	312	ZOOFUN|ZOORAD_014668-T1	586	9.7e-122	3	311	17	316	0.9871794871794872
GH47.hmm	446	ZOOFUN|ZOORAD_014693-T1	504	1.5e-112	2	445	70	498	0.9932735426008968
GT2_Chitin_synth_1.hmm	163	ZOOFUN|ZOORAD_014774-T1	817	1.5e-75	1	163	147	309	0.9938650306748467
AA3_2.hmm	568	ZOOFUN|ZOORAD_014780-T1	668	1.5e-95	2	567	64	658	0.9947183098591549
AA11.hmm	191	ZOOFUN|ZOORAD_014819-T1	347	1e-38	13	168	21	160	0.8115183246073299
AA11.hmm	191	ZOOFUN|ZOORAD_014820-T1	226	2.6e-38	8	161	25	161	0.8010471204188482
GT15.hmm	273	ZOOFUN|ZOORAD_014869-T1	364	5.7e-107	1	272	53	323	0.9926739926739927
GH18.hmm	296	ZOOFUN|ZOORAD_014874-T1	369	5.9e-22	3	199	25	270	0.6621621621621622
GH5_9.hmm	303	ZOOFUN|ZOORAD_015027-T1	418	9.8e-108	1	303	80	391	0.9966996699669967
AA11.hmm	191	ZOOFUN|ZOORAD_015066-T1	208	1.2e-32	17	163	44	179	0.7643979057591623
AA11.hmm	191	ZOOFUN|ZOORAD_015067-T1	193	1.5e-31	25	163	39	163	0.7225130890052356
AA2.hmm	255	ZOOFUN|ZOORAD_015078-T1	269	2.2e-48	14	253	23	261	0.9372549019607843
GT66.hmm	693	ZOOFUN|ZOORAD_015131-T1	731	7.6e-183	11	600	15	656	0.84992784992785
AA7.hmm	458	ZOOFUN|ZOORAD_015416-T1	764	1.2e-68	5	210	106	319	0.44759825327510916
AA7.hmm	458	ZOOFUN|ZOORAD_015417-T1	636	4.1e-76	5	458	107	545	0.9890829694323144
GT3.hmm	637	ZOOFUN|ZOORAD_015460-T1	698	1.8e-290	1	624	18	636	0.978021978021978
AA7.hmm	458	ZOOFUN|ZOORAD_015542-T1	685	6e-75	5	458	105	543	0.9890829694323144
GT1.hmm	382	ZOOFUN|ZOORAD_015552-T1	527	3.7e-23	179	353	235	422	0.45549738219895286
GT1.hmm	382	ZOOFUN|ZOORAD_015553-T1	561	3.1e-25	181	353	271	456	0.450261780104712
GT1.hmm	382	ZOOFUN|ZOORAD_015554-T1	526	1.1e-25	181	353	236	421	0.450261780104712
GT2_Chitin_synth_2.hmm	527	ZOOFUN|ZOORAD_015569-T1	982	4.5e-247	18	526	375	874	0.9639468690702088
GH17.hmm	311	ZOOFUN|ZOORAD_015618-T1	351	4e-30	18	308	91	343	0.932475884244373
AA7.hmm	458	ZOOFUN|ZOORAD_015645-T1	708	2.5e-74	5	458	108	546	0.9890829694323144
CE4.hmm	130	ZOOFUN|ZOORAD_015731-T1	344	2e-26	6	124	114	235	0.9076923076923077
GH24.hmm	137	ZOOFUN|ZOORAD_015751-T1	169	2.6e-31	1	137	21	159	0.9927007299270073
GH24.hmm	137	ZOOFUN|ZOORAD_015752-T1	171	1.7e-29	2	137	24	161	0.9854014598540146
GT48.hmm	739	ZOOFUN|ZOORAD_015798-T1	1932	1.4e-287	3	721	873	1643	0.9715832205683356
GT15.hmm	273	ZOOFUN|ZOORAD_015799-T1	406	2.8e-82	1	272	82	364	0.9926739926739927
GH72.hmm	312	ZOOFUN|ZOORAD_015847-T1	439	3e-26	3	135	23	150	0.4230769230769231
GH72.hmm	312	ZOOFUN|ZOORAD_015847-T1	439	5.5e-20	154	276	150	271	0.391025641025641
GH72.hmm	312	ZOOFUN|ZOORAD_015849-T1	517	9.7e-50	3	296	23	307	0.9391025641025641
GH13_25.hmm	434	ZOOFUN|ZOORAD_015860-T1	1503	2e-181	3	434	1050	1488	0.9930875576036866
GT1.hmm	382	ZOOFUN|ZOORAD_015876-T1	584	9.8e-27	177	346	251	452	0.4424083769633508
CE14.hmm	124	ZOOFUN|ZOORAD_015921-T1	289	5.7e-18	1	123	54	166	0.9838709677419355
GH132.hmm	303	ZOOFUN|ZOORAD_015931-T1	407	2.3e-66	32	302	124	405	0.8910891089108911
GH37.hmm	491	ZOOFUN|ZOORAD_016058-T1	597	5.8e-143	3	490	41	582	0.9918533604887984
GH18.hmm	296	ZOOFUN|ZOORAD_016091-T1	758	3.9e-77	2	281	309	678	0.9425675675675675
GT39.hmm	223	ZOOFUN|ZOORAD_016290-T1	846	1.8e-71	2	223	80	321	0.9910313901345291
AA11.hmm	191	ZOOFUN|ZOORAD_016372-T1	401	1e-44	1	165	5	163	0.8586387434554974
GH16_19.hmm	174	ZOOFUN|ZOORAD_016378-T1	370	1.3e-49	6	174	108	268	0.9655172413793104
GH5_9.hmm	303	ZOOFUN|ZOORAD_016512-T1	480	3.4e-87	1	303	107	424	0.9966996699669967
GH18.hmm	296	ZOOFUN|ZOORAD_016726-T1	423	7.5e-73	2	284	18	384	0.9527027027027027
GH18.hmm	296	ZOOFUN|ZOORAD_016727-T1	338	4.8e-53	2	235	18	335	0.7871621621621622
GH20.hmm	337	ZOOFUN|ZOORAD_016752-T1	579	2.2e-100	7	336	160	498	0.9762611275964391
GT2_Chitin_synth_2.hmm	527	ZOOFUN|ZOORAD_016769-T1	1796	7.3e-230	6	526	1122	1627	0.9867172675521821
GT15.hmm	273	ZOOFUN|ZOORAD_016859-T1	291	7.6e-110	22	273	1	251	0.9194139194139194
GT1.hmm	382	ZOOFUN|ZOORAD_016883-T1	535	1.8e-24	178	348	238	422	0.44502617801047123
GT1.hmm	382	ZOOFUN|ZOORAD_016884-T1	533	8e-25	180	362	239	440	0.47643979057591623
GH72.hmm	312	ZOOFUN|ZOORAD_017022-T1	224	1.3e-45	3	212	18	222	0.6698717948717948
GH18.hmm	296	ZOOFUN|ZOORAD_017091-T1	1045	9.6e-18	2	240	24	312	0.8040540540540541
GH5_9.hmm	303	ZOOFUN|ZOORAD_017129-T1	511	1.3e-85	1	303	163	479	0.9966996699669967
GT8.hmm	257	ZOOFUN|ZOORAD_017253-T1	996	2.6e-42	17	255	8	240	0.9260700389105059
GT8.hmm	257	ZOOFUN|ZOORAD_017263-T1	996	2.6e-42	17	255	8	240	0.9260700389105059
GT59.hmm	404	ZOOFUN|ZOORAD_017280-T1	527	1.4e-93	2	404	41	468	0.995049504950495
GH13_8.hmm	293	ZOOFUN|ZOORAD_017289-T1	840	7.5e-152	1	293	372	665	0.9965870307167235
GT3.hmm	637	ZOOFUN|ZOORAD_017404-T1	698	1.8e-290	1	624	18	636	0.978021978021978
CE16.hmm	267	ZOOFUN|ZOORAD_017483-T1	314	1.1e-19	3	262	20	277	0.9700374531835206
GT1.hmm	382	ZOOFUN|ZOORAD_017679-T1	535	3.7e-25	165	359	221	431	0.5078534031413613
GT48.hmm	739	ZOOFUN|ZOORAD_017708-T1	1932	1.4e-287	3	721	873	1643	0.9715832205683356
GT1.hmm	382	ZOOFUN|ZOORAD_017768-T1	527	2.5e-23	179	351	235	420	0.450261780104712
GT1.hmm	382	ZOOFUN|ZOORAD_017769-T1	528	1e-24	184	352	238	420	0.4397905759162304
GT2_Chitin_synth_1.hmm	163	ZOOFUN|ZOORAD_017794-T1	817	1.5e-75	1	163	147	309	0.9938650306748467
GT1.hmm	382	ZOOFUN|ZOORAD_017854-T1	535	4.9e-23	183	352	243	426	0.4424083769633508
GT1.hmm	382	ZOOFUN|ZOORAD_017855-T1	536	1.4e-25	187	351	247	425	0.4293193717277487
GT1.hmm	382	ZOOFUN|ZOORAD_017888-T1	532	6.8e-20	177	352	232	421	0.4581151832460733
GT20.hmm	475	ZOOFUN|ZOORAD_017892-T1	764	7.3e-161	6	474	7	488	0.9852631578947368
GT20.hmm	475	ZOOFUN|ZOORAD_017923-T1	764	7.3e-161	6	474	7	488	0.9852631578947368
GH18.hmm	296	ZOOFUN|ZOORAD_018039-T1	423	6.4e-73	2	284	18	384	0.9527027027027027
CE1.hmm	227	ZOOFUN|ZOORAD_018050-T1	297	1.1e-44	1	224	34	291	0.9823788546255506
GH18.hmm	296	ZOOFUN|ZOORAD_018194-T1	322	4e-16	4	203	23	245	0.6722972972972973
GH47.hmm	446	ZOOFUN|ZOORAD_018201-T1	477	2.8e-120	2	445	46	474	0.9932735426008968
GT15.hmm	273	ZOOFUN|ZOORAD_018213-T1	406	1.2e-80	1	272	82	364	0.9926739926739927
GH5_9.hmm	303	ZOOFUN|ZOORAD_018222-T1	279	5.6e-52	63	303	1	219	0.7920792079207921
GT1.hmm	382	ZOOFUN|ZOORAD_018280-T1	527	2.5e-23	179	351	235	420	0.450261780104712
GT2_Chitin_synth_2.hmm	527	ZOOFUN|ZOORAD_018282-T1	1805	6.9e-234	4	527	1118	1627	0.9924098671726755
GT1.hmm	382	ZOOFUN|ZOORAD_018405-T1	538	3.2e-24	177	347	237	422	0.44502617801047123
GH20.hmm	337	ZOOFUN|ZOORAD_018585-T1	353	6.6e-78	44	336	1	301	0.8664688427299704
CE1.hmm	227	ZOOFUN|ZOORAD_018601-T1	333	2.7e-42	1	224	56	321	0.9823788546255506
